[2024-12-09T17:49:56.686+0000] {local_task_job_runner.py:123} INFO - ::group::Pre task execution logs
[2024-12-09T17:49:56.711+0000] {taskinstance.py:2613} INFO - Dependencies all met for dep_context=non-requeueable deps ti=<TaskInstance: sparking_flow.python_job manual__2024-12-09T17:49:54.220710+00:00 [queued]>
[2024-12-09T17:49:56.719+0000] {taskinstance.py:2613} INFO - Dependencies all met for dep_context=requeueable deps ti=<TaskInstance: sparking_flow.python_job manual__2024-12-09T17:49:54.220710+00:00 [queued]>
[2024-12-09T17:49:56.720+0000] {taskinstance.py:2866} INFO - Starting attempt 1 of 1
[2024-12-09T17:49:56.736+0000] {taskinstance.py:2889} INFO - Executing <Task(SparkSubmitOperator): python_job> on 2024-12-09 17:49:54.220710+00:00
[2024-12-09T17:49:56.747+0000] {logging_mixin.py:190} WARNING - /home/***/.local/lib/python3.12/site-packages/***/task/task_runner/standard_task_runner.py:70 DeprecationWarning: This process (pid=185) is multi-threaded, use of fork() may lead to deadlocks in the child.
[2024-12-09T17:49:56.748+0000] {standard_task_runner.py:72} INFO - Started process 189 to run task
[2024-12-09T17:49:56.749+0000] {standard_task_runner.py:104} INFO - Running: ['***', 'tasks', 'run', 'sparking_flow', 'python_job', 'manual__2024-12-09T17:49:54.220710+00:00', '--job-id', '575', '--raw', '--subdir', 'DAGS_FOLDER/spark_***.py', '--cfg-path', '/tmp/tmp8b_cp24f']
[2024-12-09T17:49:56.752+0000] {standard_task_runner.py:105} INFO - Job 575: Subtask python_job
[2024-12-09T17:49:56.848+0000] {task_command.py:467} INFO - Running <TaskInstance: sparking_flow.python_job manual__2024-12-09T17:49:54.220710+00:00 [running]> on host 2a892a3469ec
[2024-12-09T17:49:57.052+0000] {taskinstance.py:3132} INFO - Exporting env vars: AIRFLOW_CTX_DAG_OWNER='Yusuf Ganiyu' AIRFLOW_CTX_DAG_ID='sparking_flow' AIRFLOW_CTX_TASK_ID='python_job' AIRFLOW_CTX_EXECUTION_DATE='2024-12-09T17:49:54.220710+00:00' AIRFLOW_CTX_TRY_NUMBER='1' AIRFLOW_CTX_DAG_RUN_ID='manual__2024-12-09T17:49:54.220710+00:00'
[2024-12-09T17:49:57.054+0000] {taskinstance.py:731} INFO - ::endgroup::
[2024-12-09T17:49:57.095+0000] {base.py:84} INFO - Retrieving connection 'spark-conn'
[2024-12-09T17:49:57.097+0000] {spark_submit.py:473} INFO - Spark-Submit cmd: spark-submit --master spark://sparkingflow-spark-master-1:7077 --name arrow-spark --deploy-mode client jobs/python/wordcountjob.py
[2024-12-09T17:50:07.547+0000] {spark_submit.py:634} INFO - 24/12/09 17:50:07 INFO SparkContext: Running Spark version 3.5.3
[2024-12-09T17:50:07.562+0000] {spark_submit.py:634} INFO - 24/12/09 17:50:07 INFO SparkContext: OS info Linux, 6.10.14-linuxkit, aarch64
[2024-12-09T17:50:07.567+0000] {spark_submit.py:634} INFO - 24/12/09 17:50:07 INFO SparkContext: Java version 17.0.13
[2024-12-09T17:50:07.813+0000] {spark_submit.py:634} INFO - 24/12/09 17:50:07 WARN NativeCodeLoader: Unable to load native-hadoop library for your platform... using builtin-java classes where applicable
[2024-12-09T17:50:08.238+0000] {spark_submit.py:634} INFO - 24/12/09 17:50:08 INFO ResourceUtils: ==============================================================
[2024-12-09T17:50:08.241+0000] {spark_submit.py:634} INFO - 24/12/09 17:50:08 INFO ResourceUtils: No custom resources configured for spark.driver.
[2024-12-09T17:50:08.242+0000] {spark_submit.py:634} INFO - 24/12/09 17:50:08 INFO ResourceUtils: ==============================================================
[2024-12-09T17:50:08.243+0000] {spark_submit.py:634} INFO - 24/12/09 17:50:08 INFO SparkContext: Submitted application: CSVReadExample
[2024-12-09T17:50:08.327+0000] {spark_submit.py:634} INFO - 24/12/09 17:50:08 INFO ResourceProfile: Default ResourceProfile created, executor resources: Map(memory -> name: memory, amount: 1024, script: , vendor: , offHeap -> name: offHeap, amount: 0, script: , vendor: ), task resources: Map(cpus -> name: cpus, amount: 1.0)
[2024-12-09T17:50:08.376+0000] {spark_submit.py:634} INFO - 24/12/09 17:50:08 INFO ResourceProfile: Limiting resource is cpu
[2024-12-09T17:50:08.380+0000] {spark_submit.py:634} INFO - 24/12/09 17:50:08 INFO ResourceProfileManager: Added ResourceProfile id: 0
[2024-12-09T17:50:08.538+0000] {spark_submit.py:634} INFO - 24/12/09 17:50:08 INFO SecurityManager: Changing view acls to: ***
[2024-12-09T17:50:08.541+0000] {spark_submit.py:634} INFO - 24/12/09 17:50:08 INFO SecurityManager: Changing modify acls to: ***
[2024-12-09T17:50:08.550+0000] {spark_submit.py:634} INFO - 24/12/09 17:50:08 INFO SecurityManager: Changing view acls groups to:
[2024-12-09T17:50:08.556+0000] {spark_submit.py:634} INFO - 24/12/09 17:50:08 INFO SecurityManager: Changing modify acls groups to:
[2024-12-09T17:50:08.573+0000] {spark_submit.py:634} INFO - 24/12/09 17:50:08 INFO SecurityManager: SecurityManager: authentication disabled; ui acls disabled; users with view permissions: ***; groups with view permissions: EMPTY; users with modify permissions: ***; groups with modify permissions: EMPTY
[2024-12-09T17:50:09.420+0000] {spark_submit.py:634} INFO - 24/12/09 17:50:09 INFO Utils: Successfully started service 'sparkDriver' on port 39437.
[2024-12-09T17:50:09.521+0000] {spark_submit.py:634} INFO - 24/12/09 17:50:09 INFO SparkEnv: Registering MapOutputTracker
[2024-12-09T17:50:09.695+0000] {spark_submit.py:634} INFO - 24/12/09 17:50:09 INFO SparkEnv: Registering BlockManagerMaster
[2024-12-09T17:50:09.802+0000] {spark_submit.py:634} INFO - 24/12/09 17:50:09 INFO BlockManagerMasterEndpoint: Using org.apache.spark.storage.DefaultTopologyMapper for getting topology information
[2024-12-09T17:50:09.805+0000] {spark_submit.py:634} INFO - 24/12/09 17:50:09 INFO BlockManagerMasterEndpoint: BlockManagerMasterEndpoint up
[2024-12-09T17:50:09.819+0000] {spark_submit.py:634} INFO - 24/12/09 17:50:09 INFO SparkEnv: Registering BlockManagerMasterHeartbeat
[2024-12-09T17:50:09.876+0000] {spark_submit.py:634} INFO - 24/12/09 17:50:09 INFO DiskBlockManager: Created local directory at /tmp/blockmgr-6b1eae0b-c72e-47b1-bc24-c892530e2f26
[2024-12-09T17:50:09.980+0000] {spark_submit.py:634} INFO - 24/12/09 17:50:09 INFO MemoryStore: MemoryStore started with capacity 434.4 MiB
[2024-12-09T17:50:10.139+0000] {spark_submit.py:634} INFO - 24/12/09 17:50:10 INFO SparkEnv: Registering OutputCommitCoordinator
[2024-12-09T17:50:10.536+0000] {spark_submit.py:634} INFO - 24/12/09 17:50:10 INFO JettyUtils: Start Jetty 0.0.0.0:4040 for SparkUI
[2024-12-09T17:50:10.754+0000] {spark_submit.py:634} INFO - 24/12/09 17:50:10 WARN Utils: Service 'SparkUI' could not bind on port 4040. Attempting port 4041.
[2024-12-09T17:50:10.771+0000] {spark_submit.py:634} INFO - 24/12/09 17:50:10 WARN Utils: Service 'SparkUI' could not bind on port 4041. Attempting port 4042.
[2024-12-09T17:50:10.776+0000] {spark_submit.py:634} INFO - 24/12/09 17:50:10 INFO Utils: Successfully started service 'SparkUI' on port 4042.
[2024-12-09T17:50:11.547+0000] {spark_submit.py:634} INFO - 24/12/09 17:50:11 INFO StandaloneAppClient$ClientEndpoint: Connecting to master spark://sparkingflow-spark-master-1:7077...
[2024-12-09T17:50:11.760+0000] {spark_submit.py:634} INFO - 24/12/09 17:50:11 INFO TransportClientFactory: Successfully created connection to sparkingflow-spark-master-1/172.18.0.5:7077 after 119 ms (0 ms spent in bootstraps)
[2024-12-09T17:50:12.141+0000] {spark_submit.py:634} INFO - 24/12/09 17:50:12 INFO StandaloneSchedulerBackend: Connected to Spark cluster with app ID app-20241209175012-0001
[2024-12-09T17:50:12.170+0000] {spark_submit.py:634} INFO - 24/12/09 17:50:12 INFO Utils: Successfully started service 'org.apache.spark.network.netty.NettyBlockTransferService' on port 41449.
[2024-12-09T17:50:12.170+0000] {spark_submit.py:634} INFO - 24/12/09 17:50:12 INFO NettyBlockTransferService: Server created on 2a892a3469ec:41449
[2024-12-09T17:50:12.176+0000] {spark_submit.py:634} INFO - 24/12/09 17:50:12 INFO BlockManager: Using org.apache.spark.storage.RandomBlockReplicationPolicy for block replication policy
[2024-12-09T17:50:12.224+0000] {spark_submit.py:634} INFO - 24/12/09 17:50:12 INFO BlockManagerMaster: Registering BlockManager BlockManagerId(driver, 2a892a3469ec, 41449, None)
[2024-12-09T17:50:12.267+0000] {spark_submit.py:634} INFO - 24/12/09 17:50:12 INFO BlockManagerMasterEndpoint: Registering block manager 2a892a3469ec:41449 with 434.4 MiB RAM, BlockManagerId(driver, 2a892a3469ec, 41449, None)
[2024-12-09T17:50:12.274+0000] {spark_submit.py:634} INFO - 24/12/09 17:50:12 INFO BlockManagerMaster: Registered BlockManager BlockManagerId(driver, 2a892a3469ec, 41449, None)
[2024-12-09T17:50:12.276+0000] {spark_submit.py:634} INFO - 24/12/09 17:50:12 INFO BlockManager: Initialized BlockManager: BlockManagerId(driver, 2a892a3469ec, 41449, None)
[2024-12-09T17:50:13.544+0000] {spark_submit.py:634} INFO - 24/12/09 17:50:13 INFO StandaloneSchedulerBackend: SchedulerBackend is ready for scheduling beginning after reached minRegisteredResourcesRatio: 0.0
[2024-12-09T17:50:13.957+0000] {spark_submit.py:634} INFO - Traceback (most recent call last):
[2024-12-09T17:50:13.959+0000] {spark_submit.py:634} INFO - File "/opt/***/jobs/python/wordcountjob.py", line 36, in <module>
[2024-12-09T17:50:13.962+0000] {spark_submit.py:634} INFO - spark.sparkContext.addFile(local_file_path)
[2024-12-09T17:50:13.964+0000] {spark_submit.py:634} INFO - ^^^^^^^^^^^^^^^
[2024-12-09T17:50:13.966+0000] {spark_submit.py:634} INFO - NameError: name 'local_file_path' is not defined
[2024-12-09T17:50:14.185+0000] {spark_submit.py:634} INFO - 24/12/09 17:50:14 INFO SparkContext: Invoking stop() from shutdown hook
[2024-12-09T17:50:14.187+0000] {spark_submit.py:634} INFO - 24/12/09 17:50:14 INFO SparkContext: SparkContext is stopping with exitCode 0.
[2024-12-09T17:50:14.199+0000] {spark_submit.py:634} INFO - 24/12/09 17:50:14 INFO SparkUI: Stopped Spark web UI at http://2a892a3469ec:4042
[2024-12-09T17:50:14.207+0000] {spark_submit.py:634} INFO - 24/12/09 17:50:14 INFO StandaloneSchedulerBackend: Shutting down all executors
[2024-12-09T17:50:14.213+0000] {spark_submit.py:634} INFO - 24/12/09 17:50:14 INFO StandaloneSchedulerBackend$StandaloneDriverEndpoint: Asking each executor to shut down
[2024-12-09T17:50:14.242+0000] {spark_submit.py:634} INFO - 24/12/09 17:50:14 INFO MapOutputTrackerMasterEndpoint: MapOutputTrackerMasterEndpoint stopped!
[2024-12-09T17:50:14.325+0000] {spark_submit.py:634} INFO - 24/12/09 17:50:14 INFO MemoryStore: MemoryStore cleared
[2024-12-09T17:50:14.326+0000] {spark_submit.py:634} INFO - 24/12/09 17:50:14 INFO BlockManager: BlockManager stopped
[2024-12-09T17:50:14.343+0000] {spark_submit.py:634} INFO - 24/12/09 17:50:14 INFO BlockManagerMaster: BlockManagerMaster stopped
[2024-12-09T17:50:14.353+0000] {spark_submit.py:634} INFO - 24/12/09 17:50:14 INFO OutputCommitCoordinator$OutputCommitCoordinatorEndpoint: OutputCommitCoordinator stopped!
[2024-12-09T17:50:14.408+0000] {spark_submit.py:634} INFO - 24/12/09 17:50:14 INFO SparkContext: Successfully stopped SparkContext
[2024-12-09T17:50:14.410+0000] {spark_submit.py:634} INFO - 24/12/09 17:50:14 INFO ShutdownHookManager: Shutdown hook called
[2024-12-09T17:50:14.412+0000] {spark_submit.py:634} INFO - 24/12/09 17:50:14 INFO ShutdownHookManager: Deleting directory /tmp/spark-5c25859a-7fa6-436e-8204-7b90eab834cf
[2024-12-09T17:50:14.418+0000] {spark_submit.py:634} INFO - 24/12/09 17:50:14 INFO ShutdownHookManager: Deleting directory /tmp/spark-5027acc8-0bbf-469e-93dd-7e2a8ddae2f1
[2024-12-09T17:50:14.441+0000] {spark_submit.py:634} INFO - 24/12/09 17:50:14 INFO ShutdownHookManager: Deleting directory /tmp/spark-5c25859a-7fa6-436e-8204-7b90eab834cf/pyspark-0dbcd065-2cb8-4488-b336-f71c3803ed7e
[2024-12-09T17:50:14.607+0000] {taskinstance.py:3311} ERROR - Task failed with exception
Traceback (most recent call last):
  File "/home/airflow/.local/lib/python3.12/site-packages/airflow/models/taskinstance.py", line 767, in _execute_task
    result = _execute_callable(context=context, **execute_callable_kwargs)
             ^^^^^^^^^^^^^^^^^^^^^^^^^^^^^^^^^^^^^^^^^^^^^^^^^^^^^^^^^^^^^
  File "/home/airflow/.local/lib/python3.12/site-packages/airflow/models/taskinstance.py", line 733, in _execute_callable
    return ExecutionCallableRunner(
           ^^^^^^^^^^^^^^^^^^^^^^^^
  File "/home/airflow/.local/lib/python3.12/site-packages/airflow/utils/operator_helpers.py", line 252, in run
    return self.func(*args, **kwargs)
           ^^^^^^^^^^^^^^^^^^^^^^^^^^
  File "/home/airflow/.local/lib/python3.12/site-packages/airflow/models/baseoperator.py", line 417, in wrapper
    return func(self, *args, **kwargs)
           ^^^^^^^^^^^^^^^^^^^^^^^^^^^
  File "/home/airflow/.local/lib/python3.12/site-packages/airflow/providers/apache/spark/operators/spark_submit.py", line 176, in execute
    self._hook.submit(self.application)
  File "/home/airflow/.local/lib/python3.12/site-packages/airflow/providers/apache/spark/hooks/spark_submit.py", line 560, in submit
    raise AirflowException(
airflow.exceptions.AirflowException: Cannot execute: spark-submit --master spark://sparkingflow-spark-master-1:7077 --name arrow-spark --deploy-mode client jobs/python/wordcountjob.py. Error code is: 1.
[2024-12-09T17:50:14.627+0000] {taskinstance.py:1225} INFO - Marking task as FAILED. dag_id=sparking_flow, task_id=python_job, run_id=manual__2024-12-09T17:49:54.220710+00:00, execution_date=20241209T174954, start_date=20241209T174956, end_date=20241209T175014
[2024-12-09T17:50:14.671+0000] {taskinstance.py:340} INFO - ::group::Post task execution logs
[2024-12-09T17:50:14.672+0000] {standard_task_runner.py:124} ERROR - Failed to execute job 575 for task python_job (Cannot execute: spark-submit --master spark://sparkingflow-spark-master-1:7077 --name arrow-spark --deploy-mode client jobs/python/wordcountjob.py. Error code is: 1.; 189)
Traceback (most recent call last):
  File "/home/airflow/.local/lib/python3.12/site-packages/airflow/task/task_runner/standard_task_runner.py", line 117, in _start_by_fork
    ret = args.func(args, dag=self.dag)
          ^^^^^^^^^^^^^^^^^^^^^^^^^^^^^
  File "/home/airflow/.local/lib/python3.12/site-packages/airflow/cli/cli_config.py", line 49, in command
    return func(*args, **kwargs)
           ^^^^^^^^^^^^^^^^^^^^^
  File "/home/airflow/.local/lib/python3.12/site-packages/airflow/utils/cli.py", line 116, in wrapper
    return f(*args, **kwargs)
           ^^^^^^^^^^^^^^^^^^
  File "/home/airflow/.local/lib/python3.12/site-packages/airflow/cli/commands/task_command.py", line 483, in task_run
    task_return_code = _run_task_by_selected_method(args, _dag, ti)
                       ^^^^^^^^^^^^^^^^^^^^^^^^^^^^^^^^^^^^^^^^^^^^
  File "/home/airflow/.local/lib/python3.12/site-packages/airflow/cli/commands/task_command.py", line 256, in _run_task_by_selected_method
    return _run_raw_task(args, ti)
           ^^^^^^^^^^^^^^^^^^^^^^^
  File "/home/airflow/.local/lib/python3.12/site-packages/airflow/cli/commands/task_command.py", line 341, in _run_raw_task
    return ti._run_raw_task(
           ^^^^^^^^^^^^^^^^^
  File "/home/airflow/.local/lib/python3.12/site-packages/airflow/utils/session.py", line 97, in wrapper
    return func(*args, session=session, **kwargs)
           ^^^^^^^^^^^^^^^^^^^^^^^^^^^^^^^^^^^^^^
  File "/home/airflow/.local/lib/python3.12/site-packages/airflow/models/taskinstance.py", line 3005, in _run_raw_task
    return _run_raw_task(
           ^^^^^^^^^^^^^^
  File "/home/airflow/.local/lib/python3.12/site-packages/airflow/models/taskinstance.py", line 273, in _run_raw_task
    TaskInstance._execute_task_with_callbacks(
  File "/home/airflow/.local/lib/python3.12/site-packages/airflow/models/taskinstance.py", line 3159, in _execute_task_with_callbacks
    result = self._execute_task(context, task_orig)
             ^^^^^^^^^^^^^^^^^^^^^^^^^^^^^^^^^^^^^^
  File "/home/airflow/.local/lib/python3.12/site-packages/airflow/models/taskinstance.py", line 3183, in _execute_task
    return _execute_task(self, context, task_orig)
           ^^^^^^^^^^^^^^^^^^^^^^^^^^^^^^^^^^^^^^^
  File "/home/airflow/.local/lib/python3.12/site-packages/airflow/models/taskinstance.py", line 767, in _execute_task
    result = _execute_callable(context=context, **execute_callable_kwargs)
             ^^^^^^^^^^^^^^^^^^^^^^^^^^^^^^^^^^^^^^^^^^^^^^^^^^^^^^^^^^^^^
  File "/home/airflow/.local/lib/python3.12/site-packages/airflow/models/taskinstance.py", line 733, in _execute_callable
    return ExecutionCallableRunner(
           ^^^^^^^^^^^^^^^^^^^^^^^^
  File "/home/airflow/.local/lib/python3.12/site-packages/airflow/utils/operator_helpers.py", line 252, in run
    return self.func(*args, **kwargs)
           ^^^^^^^^^^^^^^^^^^^^^^^^^^
  File "/home/airflow/.local/lib/python3.12/site-packages/airflow/models/baseoperator.py", line 417, in wrapper
    return func(self, *args, **kwargs)
           ^^^^^^^^^^^^^^^^^^^^^^^^^^^
  File "/home/airflow/.local/lib/python3.12/site-packages/airflow/providers/apache/spark/operators/spark_submit.py", line 176, in execute
    self._hook.submit(self.application)
  File "/home/airflow/.local/lib/python3.12/site-packages/airflow/providers/apache/spark/hooks/spark_submit.py", line 560, in submit
    raise AirflowException(
airflow.exceptions.AirflowException: Cannot execute: spark-submit --master spark://sparkingflow-spark-master-1:7077 --name arrow-spark --deploy-mode client jobs/python/wordcountjob.py. Error code is: 1.
[2024-12-09T17:50:14.706+0000] {local_task_job_runner.py:266} INFO - Task exited with return code 1
[2024-12-09T17:50:14.803+0000] {taskinstance.py:3895} INFO - 0 downstream tasks scheduled from follow-on schedule check
[2024-12-09T17:50:14.814+0000] {local_task_job_runner.py:245} INFO - ::endgroup::
