[2024-12-09T11:57:51.464+0000] {local_task_job_runner.py:123} INFO - ::group::Pre task execution logs
[2024-12-09T11:57:51.481+0000] {taskinstance.py:2613} INFO - Dependencies all met for dep_context=non-requeueable deps ti=<TaskInstance: sparking_flow.java_job manual__2024-12-09T11:57:50.084815+00:00 [queued]>
[2024-12-09T11:57:51.490+0000] {taskinstance.py:2613} INFO - Dependencies all met for dep_context=requeueable deps ti=<TaskInstance: sparking_flow.java_job manual__2024-12-09T11:57:50.084815+00:00 [queued]>
[2024-12-09T11:57:51.490+0000] {taskinstance.py:2866} INFO - Starting attempt 1 of 1
[2024-12-09T11:57:51.503+0000] {taskinstance.py:2889} INFO - Executing <Task(SparkSubmitOperator): java_job> on 2024-12-09 11:57:50.084815+00:00
[2024-12-09T11:57:51.509+0000] {logging_mixin.py:190} WARNING - /home/***/.local/lib/python3.12/site-packages/***/task/task_runner/standard_task_runner.py:70 DeprecationWarning: This process (pid=186) is multi-threaded, use of fork() may lead to deadlocks in the child.
[2024-12-09T11:57:51.510+0000] {standard_task_runner.py:72} INFO - Started process 192 to run task
[2024-12-09T11:57:51.508+0000] {standard_task_runner.py:104} INFO - Running: ['***', 'tasks', 'run', 'sparking_flow', 'java_job', 'manual__2024-12-09T11:57:50.084815+00:00', '--job-id', '382', '--raw', '--subdir', 'DAGS_FOLDER/spark_***.py', '--cfg-path', '/tmp/tmpv055m6q6']
[2024-12-09T11:57:51.511+0000] {standard_task_runner.py:105} INFO - Job 382: Subtask java_job
[2024-12-09T11:57:51.559+0000] {task_command.py:467} INFO - Running <TaskInstance: sparking_flow.java_job manual__2024-12-09T11:57:50.084815+00:00 [running]> on host 2a892a3469ec
[2024-12-09T11:57:51.634+0000] {taskinstance.py:3132} INFO - Exporting env vars: AIRFLOW_CTX_DAG_OWNER='Yusuf Ganiyu' AIRFLOW_CTX_DAG_ID='sparking_flow' AIRFLOW_CTX_TASK_ID='java_job' AIRFLOW_CTX_EXECUTION_DATE='2024-12-09T11:57:50.084815+00:00' AIRFLOW_CTX_TRY_NUMBER='1' AIRFLOW_CTX_DAG_RUN_ID='manual__2024-12-09T11:57:50.084815+00:00'
[2024-12-09T11:57:51.635+0000] {taskinstance.py:731} INFO - ::endgroup::
[2024-12-09T11:57:51.657+0000] {base.py:84} INFO - Retrieving connection 'spark-conn'
[2024-12-09T11:57:51.658+0000] {spark_submit.py:473} INFO - Spark-Submit cmd: spark-submit --master spark://sparkingflow-spark-master-1:7077 --name arrow-spark --class com.airscholar.spark.WordCountJob --deploy-mode client jobs/java/spark-job/target/spark-job-1.0-SNAPSHOT.jar
[2024-12-09T11:57:54.365+0000] {spark_submit.py:634} INFO - 24/12/09 11:57:54 INFO SparkContext: Running Spark version 3.5.3
[2024-12-09T11:57:54.368+0000] {spark_submit.py:634} INFO - 24/12/09 11:57:54 INFO SparkContext: OS info Linux, 6.10.14-linuxkit, aarch64
[2024-12-09T11:57:54.369+0000] {spark_submit.py:634} INFO - 24/12/09 11:57:54 INFO SparkContext: Java version 17.0.13
[2024-12-09T11:57:54.478+0000] {spark_submit.py:634} INFO - 24/12/09 11:57:54 WARN NativeCodeLoader: Unable to load native-hadoop library for your platform... using builtin-java classes where applicable
[2024-12-09T11:57:54.628+0000] {spark_submit.py:634} INFO - 24/12/09 11:57:54 INFO ResourceUtils: ==============================================================
[2024-12-09T11:57:54.629+0000] {spark_submit.py:634} INFO - 24/12/09 11:57:54 INFO ResourceUtils: No custom resources configured for spark.driver.
[2024-12-09T11:57:54.630+0000] {spark_submit.py:634} INFO - 24/12/09 11:57:54 INFO ResourceUtils: ==============================================================
[2024-12-09T11:57:54.633+0000] {spark_submit.py:634} INFO - 24/12/09 11:57:54 INFO SparkContext: Submitted application: Word Count Job
[2024-12-09T11:57:54.669+0000] {spark_submit.py:634} INFO - 24/12/09 11:57:54 INFO ResourceProfile: Default ResourceProfile created, executor resources: Map(cores -> name: cores, amount: 1, script: , vendor: , memory -> name: memory, amount: 1024, script: , vendor: , offHeap -> name: offHeap, amount: 0, script: , vendor: ), task resources: Map(cpus -> name: cpus, amount: 1.0)
[2024-12-09T11:57:54.684+0000] {spark_submit.py:634} INFO - 24/12/09 11:57:54 INFO ResourceProfile: Limiting resource is cpu
[2024-12-09T11:57:54.686+0000] {spark_submit.py:634} INFO - 24/12/09 11:57:54 INFO ResourceProfileManager: Added ResourceProfile id: 0
[2024-12-09T11:57:54.759+0000] {spark_submit.py:634} INFO - 24/12/09 11:57:54 INFO SecurityManager: Changing view acls to: ***
[2024-12-09T11:57:54.760+0000] {spark_submit.py:634} INFO - 24/12/09 11:57:54 INFO SecurityManager: Changing modify acls to: ***
[2024-12-09T11:57:54.761+0000] {spark_submit.py:634} INFO - 24/12/09 11:57:54 INFO SecurityManager: Changing view acls groups to:
[2024-12-09T11:57:54.761+0000] {spark_submit.py:634} INFO - 24/12/09 11:57:54 INFO SecurityManager: Changing modify acls groups to:
[2024-12-09T11:57:54.762+0000] {spark_submit.py:634} INFO - 24/12/09 11:57:54 INFO SecurityManager: SecurityManager: authentication disabled; ui acls disabled; users with view permissions: ***; groups with view permissions: EMPTY; users with modify permissions: ***; groups with modify permissions: EMPTY
[2024-12-09T11:57:55.104+0000] {spark_submit.py:634} INFO - 24/12/09 11:57:55 INFO Utils: Successfully started service 'sparkDriver' on port 38723.
[2024-12-09T11:57:55.144+0000] {spark_submit.py:634} INFO - 24/12/09 11:57:55 INFO SparkEnv: Registering MapOutputTracker
[2024-12-09T11:57:55.190+0000] {spark_submit.py:634} INFO - 24/12/09 11:57:55 INFO SparkEnv: Registering BlockManagerMaster
[2024-12-09T11:57:55.209+0000] {spark_submit.py:634} INFO - 24/12/09 11:57:55 INFO BlockManagerMasterEndpoint: Using org.apache.spark.storage.DefaultTopologyMapper for getting topology information
[2024-12-09T11:57:55.210+0000] {spark_submit.py:634} INFO - 24/12/09 11:57:55 INFO BlockManagerMasterEndpoint: BlockManagerMasterEndpoint up
[2024-12-09T11:57:55.215+0000] {spark_submit.py:634} INFO - 24/12/09 11:57:55 INFO SparkEnv: Registering BlockManagerMasterHeartbeat
[2024-12-09T11:57:55.240+0000] {spark_submit.py:634} INFO - 24/12/09 11:57:55 INFO DiskBlockManager: Created local directory at /tmp/blockmgr-7d320efc-6c08-4ad8-911a-7236cd3ccf7e
[2024-12-09T11:57:55.254+0000] {spark_submit.py:634} INFO - 24/12/09 11:57:55 INFO MemoryStore: MemoryStore started with capacity 434.4 MiB
[2024-12-09T11:57:55.278+0000] {spark_submit.py:634} INFO - 24/12/09 11:57:55 INFO SparkEnv: Registering OutputCommitCoordinator
[2024-12-09T11:57:55.461+0000] {spark_submit.py:634} INFO - 24/12/09 11:57:55 INFO JettyUtils: Start Jetty 0.0.0.0:4040 for SparkUI
[2024-12-09T11:57:55.584+0000] {spark_submit.py:634} INFO - 24/12/09 11:57:55 INFO Utils: Successfully started service 'SparkUI' on port 4040.
[2024-12-09T11:57:55.635+0000] {spark_submit.py:634} INFO - 24/12/09 11:57:55 INFO SparkContext: Added JAR file:/opt/***/jobs/java/spark-job/target/spark-job-1.0-SNAPSHOT.jar at spark://2a892a3469ec:38723/jars/spark-job-1.0-SNAPSHOT.jar with timestamp 1733745474343
[2024-12-09T11:57:55.718+0000] {spark_submit.py:634} INFO - 24/12/09 11:57:55 INFO Executor: Starting executor ID driver on host 2a892a3469ec
[2024-12-09T11:57:55.718+0000] {spark_submit.py:634} INFO - 24/12/09 11:57:55 INFO Executor: OS info Linux, 6.10.14-linuxkit, aarch64
[2024-12-09T11:57:55.719+0000] {spark_submit.py:634} INFO - 24/12/09 11:57:55 INFO Executor: Java version 17.0.13
[2024-12-09T11:57:55.730+0000] {spark_submit.py:634} INFO - 24/12/09 11:57:55 INFO Executor: Starting executor with user classpath (userClassPathFirst = false): ''
[2024-12-09T11:57:55.731+0000] {spark_submit.py:634} INFO - 24/12/09 11:57:55 INFO Executor: Created or updated repl class loader org.apache.spark.util.MutableURLClassLoader@38f77cd9 for default.
[2024-12-09T11:57:55.746+0000] {spark_submit.py:634} INFO - 24/12/09 11:57:55 INFO Executor: Fetching spark://2a892a3469ec:38723/jars/spark-job-1.0-SNAPSHOT.jar with timestamp 1733745474343
[2024-12-09T11:57:55.828+0000] {spark_submit.py:634} INFO - 24/12/09 11:57:55 INFO TransportClientFactory: Successfully created connection to 2a892a3469ec/172.18.0.4:38723 after 43 ms (0 ms spent in bootstraps)
[2024-12-09T11:57:55.835+0000] {spark_submit.py:634} INFO - 24/12/09 11:57:55 INFO Utils: Fetching spark://2a892a3469ec:38723/jars/spark-job-1.0-SNAPSHOT.jar to /tmp/spark-796714ac-4117-48a6-ba7c-292e3d44fb35/userFiles-f8eeced5-9ed2-4b8d-8392-23b02ff5621c/fetchFileTemp5528594744267533766.tmp
[2024-12-09T11:57:55.881+0000] {spark_submit.py:634} INFO - 24/12/09 11:57:55 INFO Executor: Adding file:/tmp/spark-796714ac-4117-48a6-ba7c-292e3d44fb35/userFiles-f8eeced5-9ed2-4b8d-8392-23b02ff5621c/spark-job-1.0-SNAPSHOT.jar to class loader default
[2024-12-09T11:57:55.893+0000] {spark_submit.py:634} INFO - 24/12/09 11:57:55 INFO Utils: Successfully started service 'org.apache.spark.network.netty.NettyBlockTransferService' on port 40359.
[2024-12-09T11:57:55.893+0000] {spark_submit.py:634} INFO - 24/12/09 11:57:55 INFO NettyBlockTransferService: Server created on 2a892a3469ec:40359
[2024-12-09T11:57:55.895+0000] {spark_submit.py:634} INFO - 24/12/09 11:57:55 INFO BlockManager: Using org.apache.spark.storage.RandomBlockReplicationPolicy for block replication policy
[2024-12-09T11:57:55.901+0000] {spark_submit.py:634} INFO - 24/12/09 11:57:55 INFO BlockManagerMaster: Registering BlockManager BlockManagerId(driver, 2a892a3469ec, 40359, None)
[2024-12-09T11:57:55.905+0000] {spark_submit.py:634} INFO - 24/12/09 11:57:55 INFO BlockManagerMasterEndpoint: Registering block manager 2a892a3469ec:40359 with 434.4 MiB RAM, BlockManagerId(driver, 2a892a3469ec, 40359, None)
[2024-12-09T11:57:55.908+0000] {spark_submit.py:634} INFO - 24/12/09 11:57:55 INFO BlockManagerMaster: Registered BlockManager BlockManagerId(driver, 2a892a3469ec, 40359, None)
[2024-12-09T11:57:55.910+0000] {spark_submit.py:634} INFO - 24/12/09 11:57:55 INFO BlockManager: Initialized BlockManager: BlockManagerId(driver, 2a892a3469ec, 40359, None)
[2024-12-09T11:57:57.262+0000] {spark_submit.py:634} INFO - 24/12/09 11:57:57 INFO SparkContext: Starting job: collect at WordCountJob.java:37
[2024-12-09T11:57:57.492+0000] {spark_submit.py:634} INFO - 24/12/09 11:57:57 INFO DAGScheduler: Registering RDD 2 (mapToPair at WordCountJob.java:33) as input to shuffle 0
[2024-12-09T11:57:57.518+0000] {spark_submit.py:634} INFO - 24/12/09 11:57:57 INFO DAGScheduler: Got job 0 (collect at WordCountJob.java:37) with 1 output partitions
[2024-12-09T11:57:57.519+0000] {spark_submit.py:634} INFO - 24/12/09 11:57:57 INFO DAGScheduler: Final stage: ResultStage 1 (collect at WordCountJob.java:37)
[2024-12-09T11:57:57.526+0000] {spark_submit.py:634} INFO - 24/12/09 11:57:57 INFO DAGScheduler: Parents of final stage: List(ShuffleMapStage 0)
[2024-12-09T11:57:57.542+0000] {spark_submit.py:634} INFO - 24/12/09 11:57:57 INFO DAGScheduler: Missing parents: List(ShuffleMapStage 0)
[2024-12-09T11:57:57.601+0000] {spark_submit.py:634} INFO - 24/12/09 11:57:57 INFO DAGScheduler: Submitting ShuffleMapStage 0 (MapPartitionsRDD[2] at mapToPair at WordCountJob.java:33), which has no missing parents
[2024-12-09T11:57:57.968+0000] {spark_submit.py:634} INFO - 24/12/09 11:57:57 INFO MemoryStore: Block broadcast_0 stored as values in memory (estimated size 6.4 KiB, free 434.4 MiB)
[2024-12-09T11:57:58.095+0000] {spark_submit.py:634} INFO - 24/12/09 11:57:58 INFO MemoryStore: Block broadcast_0_piece0 stored as bytes in memory (estimated size 3.4 KiB, free 434.4 MiB)
[2024-12-09T11:57:58.107+0000] {spark_submit.py:634} INFO - 24/12/09 11:57:58 INFO BlockManagerInfo: Added broadcast_0_piece0 in memory on 2a892a3469ec:40359 (size: 3.4 KiB, free: 434.4 MiB)
[2024-12-09T11:57:58.116+0000] {spark_submit.py:634} INFO - 24/12/09 11:57:58 INFO SparkContext: Created broadcast 0 from broadcast at DAGScheduler.scala:1585
[2024-12-09T11:57:58.202+0000] {spark_submit.py:634} INFO - 24/12/09 11:57:58 INFO DAGScheduler: Submitting 1 missing tasks from ShuffleMapStage 0 (MapPartitionsRDD[2] at mapToPair at WordCountJob.java:33) (first 15 tasks are for partitions Vector(0))
[2024-12-09T11:57:58.205+0000] {spark_submit.py:634} INFO - 24/12/09 11:57:58 INFO TaskSchedulerImpl: Adding task set 0.0 with 1 tasks resource profile 0
[2024-12-09T11:57:58.363+0000] {spark_submit.py:634} INFO - 24/12/09 11:57:58 INFO TaskSetManager: Starting task 0.0 in stage 0.0 (TID 0) (2a892a3469ec, executor driver, partition 0, PROCESS_LOCAL, 9249 bytes)
[2024-12-09T11:57:58.405+0000] {spark_submit.py:634} INFO - 24/12/09 11:57:58 INFO Executor: Running task 0.0 in stage 0.0 (TID 0)
[2024-12-09T11:57:58.720+0000] {spark_submit.py:634} INFO - 24/12/09 11:57:58 INFO Executor: Finished task 0.0 in stage 0.0 (TID 0). 1216 bytes result sent to driver
[2024-12-09T11:57:58.741+0000] {spark_submit.py:634} INFO - 24/12/09 11:57:58 INFO TaskSetManager: Finished task 0.0 in stage 0.0 (TID 0) in 428 ms on 2a892a3469ec (executor driver) (1/1)
[2024-12-09T11:57:58.743+0000] {spark_submit.py:634} INFO - 24/12/09 11:57:58 INFO TaskSchedulerImpl: Removed TaskSet 0.0, whose tasks have all completed, from pool
[2024-12-09T11:57:58.754+0000] {spark_submit.py:634} INFO - 24/12/09 11:57:58 INFO DAGScheduler: ShuffleMapStage 0 (mapToPair at WordCountJob.java:33) finished in 1.048 s
[2024-12-09T11:57:58.759+0000] {spark_submit.py:634} INFO - 24/12/09 11:57:58 INFO DAGScheduler: looking for newly runnable stages
[2024-12-09T11:57:58.762+0000] {spark_submit.py:634} INFO - 24/12/09 11:57:58 INFO DAGScheduler: running: Set()
[2024-12-09T11:57:58.765+0000] {spark_submit.py:634} INFO - 24/12/09 11:57:58 INFO DAGScheduler: waiting: Set(ResultStage 1)
[2024-12-09T11:57:58.769+0000] {spark_submit.py:634} INFO - 24/12/09 11:57:58 INFO DAGScheduler: failed: Set()
[2024-12-09T11:57:58.770+0000] {spark_submit.py:634} INFO - 24/12/09 11:57:58 INFO DAGScheduler: Submitting ResultStage 1 (ShuffledRDD[3] at reduceByKey at WordCountJob.java:34), which has no missing parents
[2024-12-09T11:57:58.777+0000] {spark_submit.py:634} INFO - 24/12/09 11:57:58 INFO MemoryStore: Block broadcast_1 stored as values in memory (estimated size 5.2 KiB, free 434.4 MiB)
[2024-12-09T11:57:58.804+0000] {spark_submit.py:634} INFO - 24/12/09 11:57:58 INFO MemoryStore: Block broadcast_1_piece0 stored as bytes in memory (estimated size 2.9 KiB, free 434.4 MiB)
[2024-12-09T11:57:58.806+0000] {spark_submit.py:634} INFO - 24/12/09 11:57:58 INFO BlockManagerInfo: Added broadcast_1_piece0 in memory on 2a892a3469ec:40359 (size: 2.9 KiB, free: 434.4 MiB)
[2024-12-09T11:57:58.806+0000] {spark_submit.py:634} INFO - 24/12/09 11:57:58 INFO SparkContext: Created broadcast 1 from broadcast at DAGScheduler.scala:1585
[2024-12-09T11:57:58.811+0000] {spark_submit.py:634} INFO - 24/12/09 11:57:58 INFO DAGScheduler: Submitting 1 missing tasks from ResultStage 1 (ShuffledRDD[3] at reduceByKey at WordCountJob.java:34) (first 15 tasks are for partitions Vector(0))
[2024-12-09T11:57:58.815+0000] {spark_submit.py:634} INFO - 24/12/09 11:57:58 INFO TaskSchedulerImpl: Adding task set 1.0 with 1 tasks resource profile 0
[2024-12-09T11:57:58.827+0000] {spark_submit.py:634} INFO - 24/12/09 11:57:58 INFO TaskSetManager: Starting task 0.0 in stage 1.0 (TID 1) (2a892a3469ec, executor driver, partition 0, NODE_LOCAL, 9002 bytes)
[2024-12-09T11:57:58.828+0000] {spark_submit.py:634} INFO - 24/12/09 11:57:58 INFO Executor: Running task 0.0 in stage 1.0 (TID 1)
[2024-12-09T11:57:58.923+0000] {spark_submit.py:634} INFO - 24/12/09 11:57:58 INFO ShuffleBlockFetcherIterator: Getting 1 (189.0 B) non-empty blocks including 1 (189.0 B) local and 0 (0.0 B) host-local and 0 (0.0 B) push-merged-local and 0 (0.0 B) remote blocks
[2024-12-09T11:57:58.933+0000] {spark_submit.py:634} INFO - 24/12/09 11:57:58 INFO ShuffleBlockFetcherIterator: Started 0 remote fetches in 25 ms
[2024-12-09T11:57:58.975+0000] {spark_submit.py:634} INFO - 24/12/09 11:57:58 INFO Executor: Finished task 0.0 in stage 1.0 (TID 1). 2001 bytes result sent to driver
[2024-12-09T11:57:58.981+0000] {spark_submit.py:634} INFO - 24/12/09 11:57:58 INFO TaskSetManager: Finished task 0.0 in stage 1.0 (TID 1) in 160 ms on 2a892a3469ec (executor driver) (1/1)
[2024-12-09T11:57:58.985+0000] {spark_submit.py:634} INFO - 24/12/09 11:57:58 INFO TaskSchedulerImpl: Removed TaskSet 1.0, whose tasks have all completed, from pool
[2024-12-09T11:57:58.985+0000] {spark_submit.py:634} INFO - 24/12/09 11:57:58 INFO DAGScheduler: ResultStage 1 (collect at WordCountJob.java:37) finished in 0.211 s
[2024-12-09T11:57:58.991+0000] {spark_submit.py:634} INFO - 24/12/09 11:57:58 INFO DAGScheduler: Job 0 is finished. Cancelling potential speculative or zombie tasks for this job
[2024-12-09T11:57:58.992+0000] {spark_submit.py:634} INFO - 24/12/09 11:57:58 INFO TaskSchedulerImpl: Killing all running tasks in stage 1: Stage finished
[2024-12-09T11:57:58.996+0000] {spark_submit.py:634} INFO - 24/12/09 11:57:58 INFO DAGScheduler: Job 0 finished: collect at WordCountJob.java:37, took 1.737254 s
[2024-12-09T11:57:59.002+0000] {spark_submit.py:634} INFO - spark: 1
[2024-12-09T11:57:59.003+0000] {spark_submit.py:634} INFO - docker: 1
[2024-12-09T11:57:59.005+0000] {spark_submit.py:634} INFO - Yusuf: 1
[2024-12-09T11:57:59.006+0000] {spark_submit.py:634} INFO - hello: 5
[2024-12-09T11:57:59.006+0000] {spark_submit.py:634} INFO - java: 1
[2024-12-09T11:57:59.007+0000] {spark_submit.py:634} INFO - world: 1
[2024-12-09T11:57:59.012+0000] {spark_submit.py:634} INFO - 24/12/09 11:57:59 INFO SparkContext: SparkContext is stopping with exitCode 0.
[2024-12-09T11:57:59.026+0000] {spark_submit.py:634} INFO - 24/12/09 11:57:59 INFO SparkUI: Stopped Spark web UI at http://2a892a3469ec:4040
[2024-12-09T11:57:59.054+0000] {spark_submit.py:634} INFO - 24/12/09 11:57:59 INFO MapOutputTrackerMasterEndpoint: MapOutputTrackerMasterEndpoint stopped!
[2024-12-09T11:57:59.084+0000] {spark_submit.py:634} INFO - 24/12/09 11:57:59 INFO MemoryStore: MemoryStore cleared
[2024-12-09T11:57:59.085+0000] {spark_submit.py:634} INFO - 24/12/09 11:57:59 INFO BlockManager: BlockManager stopped
[2024-12-09T11:57:59.096+0000] {spark_submit.py:634} INFO - 24/12/09 11:57:59 INFO BlockManagerMaster: BlockManagerMaster stopped
[2024-12-09T11:57:59.100+0000] {spark_submit.py:634} INFO - 24/12/09 11:57:59 INFO OutputCommitCoordinator$OutputCommitCoordinatorEndpoint: OutputCommitCoordinator stopped!
[2024-12-09T11:57:59.114+0000] {spark_submit.py:634} INFO - 24/12/09 11:57:59 INFO SparkContext: Successfully stopped SparkContext
[2024-12-09T11:57:59.121+0000] {spark_submit.py:634} INFO - 24/12/09 11:57:59 INFO ShutdownHookManager: Shutdown hook called
[2024-12-09T11:57:59.122+0000] {spark_submit.py:634} INFO - 24/12/09 11:57:59 INFO ShutdownHookManager: Deleting directory /tmp/spark-796714ac-4117-48a6-ba7c-292e3d44fb35
[2024-12-09T11:57:59.129+0000] {spark_submit.py:634} INFO - 24/12/09 11:57:59 INFO ShutdownHookManager: Deleting directory /tmp/spark-c63e57a3-521f-4a4b-ad22-7fe861f897bb
[2024-12-09T11:57:59.280+0000] {taskinstance.py:340} INFO - ::group::Post task execution logs
[2024-12-09T11:57:59.281+0000] {taskinstance.py:352} INFO - Marking task as SUCCESS. dag_id=sparking_flow, task_id=java_job, run_id=manual__2024-12-09T11:57:50.084815+00:00, execution_date=20241209T115750, start_date=20241209T115751, end_date=20241209T115759
[2024-12-09T11:57:59.358+0000] {local_task_job_runner.py:266} INFO - Task exited with return code 0
[2024-12-09T11:57:59.490+0000] {taskinstance.py:3895} INFO - 0 downstream tasks scheduled from follow-on schedule check
[2024-12-09T11:57:59.495+0000] {local_task_job_runner.py:245} INFO - ::endgroup::
