[2024-12-09T11:06:43.733+0000] {local_task_job_runner.py:123} INFO - ::group::Pre task execution logs
[2024-12-09T11:06:43.752+0000] {taskinstance.py:2613} INFO - Dependencies all met for dep_context=non-requeueable deps ti=<TaskInstance: sparking_flow.java_job manual__2024-12-09T11:06:42.359600+00:00 [queued]>
[2024-12-09T11:06:43.761+0000] {taskinstance.py:2613} INFO - Dependencies all met for dep_context=requeueable deps ti=<TaskInstance: sparking_flow.java_job manual__2024-12-09T11:06:42.359600+00:00 [queued]>
[2024-12-09T11:06:43.762+0000] {taskinstance.py:2866} INFO - Starting attempt 1 of 1
[2024-12-09T11:06:43.771+0000] {taskinstance.py:2889} INFO - Executing <Task(SparkSubmitOperator): java_job> on 2024-12-09 11:06:42.359600+00:00
[2024-12-09T11:06:43.778+0000] {logging_mixin.py:190} WARNING - /home/***/.local/lib/python3.12/site-packages/***/task/task_runner/standard_task_runner.py:70 DeprecationWarning: This process (pid=187) is multi-threaded, use of fork() may lead to deadlocks in the child.
[2024-12-09T11:06:43.778+0000] {standard_task_runner.py:104} INFO - Running: ['***', 'tasks', 'run', 'sparking_flow', 'java_job', 'manual__2024-12-09T11:06:42.359600+00:00', '--job-id', '349', '--raw', '--subdir', 'DAGS_FOLDER/spark_***.py', '--cfg-path', '/tmp/tmpe_dkzp5n']
[2024-12-09T11:06:43.781+0000] {standard_task_runner.py:72} INFO - Started process 188 to run task
[2024-12-09T11:06:43.781+0000] {standard_task_runner.py:105} INFO - Job 349: Subtask java_job
[2024-12-09T11:06:43.849+0000] {task_command.py:467} INFO - Running <TaskInstance: sparking_flow.java_job manual__2024-12-09T11:06:42.359600+00:00 [running]> on host 2a892a3469ec
[2024-12-09T11:06:43.930+0000] {taskinstance.py:3132} INFO - Exporting env vars: AIRFLOW_CTX_DAG_OWNER='Yusuf Ganiyu' AIRFLOW_CTX_DAG_ID='sparking_flow' AIRFLOW_CTX_TASK_ID='java_job' AIRFLOW_CTX_EXECUTION_DATE='2024-12-09T11:06:42.359600+00:00' AIRFLOW_CTX_TRY_NUMBER='1' AIRFLOW_CTX_DAG_RUN_ID='manual__2024-12-09T11:06:42.359600+00:00'
[2024-12-09T11:06:43.931+0000] {taskinstance.py:731} INFO - ::endgroup::
[2024-12-09T11:06:43.955+0000] {base.py:84} INFO - Retrieving connection 'spark-conn'
[2024-12-09T11:06:43.957+0000] {spark_submit.py:473} INFO - Spark-Submit cmd: spark-submit --master spark://sparkingflow-spark-master-1:7077 --name arrow-spark --class com.airscholar.spark.WordCountJob --deploy-mode client jobs/java/spark-job/target/spark-job-1.0-SNAPSHOT.jar
[2024-12-09T11:06:46.477+0000] {spark_submit.py:634} INFO - 24/12/09 11:06:46 INFO SparkContext: Running Spark version 3.5.3
[2024-12-09T11:06:46.486+0000] {spark_submit.py:634} INFO - 24/12/09 11:06:46 INFO SparkContext: OS info Linux, 6.10.14-linuxkit, aarch64
[2024-12-09T11:06:46.487+0000] {spark_submit.py:634} INFO - 24/12/09 11:06:46 INFO SparkContext: Java version 17.0.13
[2024-12-09T11:06:46.614+0000] {spark_submit.py:634} INFO - 24/12/09 11:06:46 WARN NativeCodeLoader: Unable to load native-hadoop library for your platform... using builtin-java classes where applicable
[2024-12-09T11:06:46.730+0000] {spark_submit.py:634} INFO - 24/12/09 11:06:46 INFO ResourceUtils: ==============================================================
[2024-12-09T11:06:46.731+0000] {spark_submit.py:634} INFO - 24/12/09 11:06:46 INFO ResourceUtils: No custom resources configured for spark.driver.
[2024-12-09T11:06:46.732+0000] {spark_submit.py:634} INFO - 24/12/09 11:06:46 INFO ResourceUtils: ==============================================================
[2024-12-09T11:06:46.733+0000] {spark_submit.py:634} INFO - 24/12/09 11:06:46 INFO SparkContext: Submitted application: Word Count Job
[2024-12-09T11:06:46.759+0000] {spark_submit.py:634} INFO - 24/12/09 11:06:46 INFO ResourceProfile: Default ResourceProfile created, executor resources: Map(cores -> name: cores, amount: 1, script: , vendor: , memory -> name: memory, amount: 1024, script: , vendor: , offHeap -> name: offHeap, amount: 0, script: , vendor: ), task resources: Map(cpus -> name: cpus, amount: 1.0)
[2024-12-09T11:06:46.770+0000] {spark_submit.py:634} INFO - 24/12/09 11:06:46 INFO ResourceProfile: Limiting resource is cpu
[2024-12-09T11:06:46.772+0000] {spark_submit.py:634} INFO - 24/12/09 11:06:46 INFO ResourceProfileManager: Added ResourceProfile id: 0
[2024-12-09T11:06:46.827+0000] {spark_submit.py:634} INFO - 24/12/09 11:06:46 INFO SecurityManager: Changing view acls to: ***
[2024-12-09T11:06:46.830+0000] {spark_submit.py:634} INFO - 24/12/09 11:06:46 INFO SecurityManager: Changing modify acls to: ***
[2024-12-09T11:06:46.831+0000] {spark_submit.py:634} INFO - 24/12/09 11:06:46 INFO SecurityManager: Changing view acls groups to:
[2024-12-09T11:06:46.831+0000] {spark_submit.py:634} INFO - 24/12/09 11:06:46 INFO SecurityManager: Changing modify acls groups to:
[2024-12-09T11:06:46.832+0000] {spark_submit.py:634} INFO - 24/12/09 11:06:46 INFO SecurityManager: SecurityManager: authentication disabled; ui acls disabled; users with view permissions: ***; groups with view permissions: EMPTY; users with modify permissions: ***; groups with modify permissions: EMPTY
[2024-12-09T11:06:47.084+0000] {spark_submit.py:634} INFO - 24/12/09 11:06:47 INFO Utils: Successfully started service 'sparkDriver' on port 41201.
[2024-12-09T11:06:47.118+0000] {spark_submit.py:634} INFO - 24/12/09 11:06:47 INFO SparkEnv: Registering MapOutputTracker
[2024-12-09T11:06:47.172+0000] {spark_submit.py:634} INFO - 24/12/09 11:06:47 INFO SparkEnv: Registering BlockManagerMaster
[2024-12-09T11:06:47.195+0000] {spark_submit.py:634} INFO - 24/12/09 11:06:47 INFO BlockManagerMasterEndpoint: Using org.apache.spark.storage.DefaultTopologyMapper for getting topology information
[2024-12-09T11:06:47.197+0000] {spark_submit.py:634} INFO - 24/12/09 11:06:47 INFO BlockManagerMasterEndpoint: BlockManagerMasterEndpoint up
[2024-12-09T11:06:47.203+0000] {spark_submit.py:634} INFO - 24/12/09 11:06:47 INFO SparkEnv: Registering BlockManagerMasterHeartbeat
[2024-12-09T11:06:47.236+0000] {spark_submit.py:634} INFO - 24/12/09 11:06:47 INFO DiskBlockManager: Created local directory at /tmp/blockmgr-a3b209bd-80c7-46a7-8cff-e347e3bee43e
[2024-12-09T11:06:47.258+0000] {spark_submit.py:634} INFO - 24/12/09 11:06:47 INFO MemoryStore: MemoryStore started with capacity 434.4 MiB
[2024-12-09T11:06:47.282+0000] {spark_submit.py:634} INFO - 24/12/09 11:06:47 INFO SparkEnv: Registering OutputCommitCoordinator
[2024-12-09T11:06:47.477+0000] {spark_submit.py:634} INFO - 24/12/09 11:06:47 INFO JettyUtils: Start Jetty 0.0.0.0:4040 for SparkUI
[2024-12-09T11:06:47.614+0000] {spark_submit.py:634} INFO - 24/12/09 11:06:47 INFO Utils: Successfully started service 'SparkUI' on port 4040.
[2024-12-09T11:06:47.652+0000] {spark_submit.py:634} INFO - 24/12/09 11:06:47 INFO SparkContext: Added JAR file:/opt/***/jobs/java/spark-job/target/spark-job-1.0-SNAPSHOT.jar at spark://2a892a3469ec:41201/jars/spark-job-1.0-SNAPSHOT.jar with timestamp 1733742406453
[2024-12-09T11:06:47.722+0000] {spark_submit.py:634} INFO - 24/12/09 11:06:47 INFO Executor: Starting executor ID driver on host 2a892a3469ec
[2024-12-09T11:06:47.724+0000] {spark_submit.py:634} INFO - 24/12/09 11:06:47 INFO Executor: OS info Linux, 6.10.14-linuxkit, aarch64
[2024-12-09T11:06:47.724+0000] {spark_submit.py:634} INFO - 24/12/09 11:06:47 INFO Executor: Java version 17.0.13
[2024-12-09T11:06:47.728+0000] {spark_submit.py:634} INFO - 24/12/09 11:06:47 INFO Executor: Starting executor with user classpath (userClassPathFirst = false): ''
[2024-12-09T11:06:47.729+0000] {spark_submit.py:634} INFO - 24/12/09 11:06:47 INFO Executor: Created or updated repl class loader org.apache.spark.util.MutableURLClassLoader@63d5874f for default.
[2024-12-09T11:06:47.755+0000] {spark_submit.py:634} INFO - 24/12/09 11:06:47 INFO Executor: Fetching spark://2a892a3469ec:41201/jars/spark-job-1.0-SNAPSHOT.jar with timestamp 1733742406453
[2024-12-09T11:06:47.815+0000] {spark_submit.py:634} INFO - 24/12/09 11:06:47 INFO TransportClientFactory: Successfully created connection to 2a892a3469ec/172.18.0.4:41201 after 25 ms (0 ms spent in bootstraps)
[2024-12-09T11:06:47.820+0000] {spark_submit.py:634} INFO - 24/12/09 11:06:47 INFO Utils: Fetching spark://2a892a3469ec:41201/jars/spark-job-1.0-SNAPSHOT.jar to /tmp/spark-54ae9403-7b2c-4606-ac5a-b3993e64ca67/userFiles-0e02b3cf-4550-4743-a44a-9ef1116531d8/fetchFileTemp3153208568985172406.tmp
[2024-12-09T11:06:47.860+0000] {spark_submit.py:634} INFO - 24/12/09 11:06:47 INFO Executor: Adding file:/tmp/spark-54ae9403-7b2c-4606-ac5a-b3993e64ca67/userFiles-0e02b3cf-4550-4743-a44a-9ef1116531d8/spark-job-1.0-SNAPSHOT.jar to class loader default
[2024-12-09T11:06:47.870+0000] {spark_submit.py:634} INFO - 24/12/09 11:06:47 INFO Utils: Successfully started service 'org.apache.spark.network.netty.NettyBlockTransferService' on port 34087.
[2024-12-09T11:06:47.871+0000] {spark_submit.py:634} INFO - 24/12/09 11:06:47 INFO NettyBlockTransferService: Server created on 2a892a3469ec:34087
[2024-12-09T11:06:47.873+0000] {spark_submit.py:634} INFO - 24/12/09 11:06:47 INFO BlockManager: Using org.apache.spark.storage.RandomBlockReplicationPolicy for block replication policy
[2024-12-09T11:06:47.883+0000] {spark_submit.py:634} INFO - 24/12/09 11:06:47 INFO BlockManagerMaster: Registering BlockManager BlockManagerId(driver, 2a892a3469ec, 34087, None)
[2024-12-09T11:06:47.890+0000] {spark_submit.py:634} INFO - 24/12/09 11:06:47 INFO BlockManagerMasterEndpoint: Registering block manager 2a892a3469ec:34087 with 434.4 MiB RAM, BlockManagerId(driver, 2a892a3469ec, 34087, None)
[2024-12-09T11:06:47.895+0000] {spark_submit.py:634} INFO - 24/12/09 11:06:47 INFO BlockManagerMaster: Registered BlockManager BlockManagerId(driver, 2a892a3469ec, 34087, None)
[2024-12-09T11:06:47.896+0000] {spark_submit.py:634} INFO - 24/12/09 11:06:47 INFO BlockManager: Initialized BlockManager: BlockManagerId(driver, 2a892a3469ec, 34087, None)
[2024-12-09T11:06:48.757+0000] {spark_submit.py:634} INFO - 24/12/09 11:06:48 INFO SparkContext: Starting job: collect at WordCountJob.java:37
[2024-12-09T11:06:48.844+0000] {spark_submit.py:634} INFO - 24/12/09 11:06:48 INFO DAGScheduler: Registering RDD 2 (mapToPair at WordCountJob.java:33) as input to shuffle 0
[2024-12-09T11:06:48.864+0000] {spark_submit.py:634} INFO - 24/12/09 11:06:48 INFO DAGScheduler: Got job 0 (collect at WordCountJob.java:37) with 1 output partitions
[2024-12-09T11:06:48.873+0000] {spark_submit.py:634} INFO - 24/12/09 11:06:48 INFO DAGScheduler: Final stage: ResultStage 1 (collect at WordCountJob.java:37)
[2024-12-09T11:06:48.875+0000] {spark_submit.py:634} INFO - 24/12/09 11:06:48 INFO DAGScheduler: Parents of final stage: List(ShuffleMapStage 0)
[2024-12-09T11:06:48.891+0000] {spark_submit.py:634} INFO - 24/12/09 11:06:48 INFO DAGScheduler: Missing parents: List(ShuffleMapStage 0)
[2024-12-09T11:06:48.910+0000] {spark_submit.py:634} INFO - 24/12/09 11:06:48 INFO DAGScheduler: Submitting ShuffleMapStage 0 (MapPartitionsRDD[2] at mapToPair at WordCountJob.java:33), which has no missing parents
[2024-12-09T11:06:49.130+0000] {spark_submit.py:634} INFO - 24/12/09 11:06:49 INFO MemoryStore: Block broadcast_0 stored as values in memory (estimated size 6.4 KiB, free 434.4 MiB)
[2024-12-09T11:06:49.166+0000] {spark_submit.py:634} INFO - 24/12/09 11:06:49 INFO MemoryStore: Block broadcast_0_piece0 stored as bytes in memory (estimated size 3.4 KiB, free 434.4 MiB)
[2024-12-09T11:06:49.169+0000] {spark_submit.py:634} INFO - 24/12/09 11:06:49 INFO BlockManagerInfo: Added broadcast_0_piece0 in memory on 2a892a3469ec:34087 (size: 3.4 KiB, free: 434.4 MiB)
[2024-12-09T11:06:49.173+0000] {spark_submit.py:634} INFO - 24/12/09 11:06:49 INFO SparkContext: Created broadcast 0 from broadcast at DAGScheduler.scala:1585
[2024-12-09T11:06:49.198+0000] {spark_submit.py:634} INFO - 24/12/09 11:06:49 INFO DAGScheduler: Submitting 1 missing tasks from ShuffleMapStage 0 (MapPartitionsRDD[2] at mapToPair at WordCountJob.java:33) (first 15 tasks are for partitions Vector(0))
[2024-12-09T11:06:49.199+0000] {spark_submit.py:634} INFO - 24/12/09 11:06:49 INFO TaskSchedulerImpl: Adding task set 0.0 with 1 tasks resource profile 0
[2024-12-09T11:06:49.271+0000] {spark_submit.py:634} INFO - 24/12/09 11:06:49 INFO TaskSetManager: Starting task 0.0 in stage 0.0 (TID 0) (2a892a3469ec, executor driver, partition 0, PROCESS_LOCAL, 9249 bytes)
[2024-12-09T11:06:49.299+0000] {spark_submit.py:634} INFO - 24/12/09 11:06:49 INFO Executor: Running task 0.0 in stage 0.0 (TID 0)
[2024-12-09T11:06:49.502+0000] {spark_submit.py:634} INFO - 24/12/09 11:06:49 INFO Executor: Finished task 0.0 in stage 0.0 (TID 0). 1216 bytes result sent to driver
[2024-12-09T11:06:49.520+0000] {spark_submit.py:634} INFO - 24/12/09 11:06:49 INFO TaskSetManager: Finished task 0.0 in stage 0.0 (TID 0) in 282 ms on 2a892a3469ec (executor driver) (1/1)
[2024-12-09T11:06:49.523+0000] {spark_submit.py:634} INFO - 24/12/09 11:06:49 INFO TaskSchedulerImpl: Removed TaskSet 0.0, whose tasks have all completed, from pool
[2024-12-09T11:06:49.544+0000] {spark_submit.py:634} INFO - 24/12/09 11:06:49 INFO DAGScheduler: ShuffleMapStage 0 (mapToPair at WordCountJob.java:33) finished in 0.553 s
[2024-12-09T11:06:49.548+0000] {spark_submit.py:634} INFO - 24/12/09 11:06:49 INFO DAGScheduler: looking for newly runnable stages
[2024-12-09T11:06:49.555+0000] {spark_submit.py:634} INFO - 24/12/09 11:06:49 INFO DAGScheduler: running: Set()
[2024-12-09T11:06:49.558+0000] {spark_submit.py:634} INFO - 24/12/09 11:06:49 INFO DAGScheduler: waiting: Set(ResultStage 1)
[2024-12-09T11:06:49.559+0000] {spark_submit.py:634} INFO - 24/12/09 11:06:49 INFO DAGScheduler: failed: Set()
[2024-12-09T11:06:49.559+0000] {spark_submit.py:634} INFO - 24/12/09 11:06:49 INFO DAGScheduler: Submitting ResultStage 1 (ShuffledRDD[3] at reduceByKey at WordCountJob.java:34), which has no missing parents
[2024-12-09T11:06:49.582+0000] {spark_submit.py:634} INFO - 24/12/09 11:06:49 INFO MemoryStore: Block broadcast_1 stored as values in memory (estimated size 5.2 KiB, free 434.4 MiB)
[2024-12-09T11:06:49.601+0000] {spark_submit.py:634} INFO - 24/12/09 11:06:49 INFO MemoryStore: Block broadcast_1_piece0 stored as bytes in memory (estimated size 2.9 KiB, free 434.4 MiB)
[2024-12-09T11:06:49.613+0000] {spark_submit.py:634} INFO - 24/12/09 11:06:49 INFO BlockManagerInfo: Added broadcast_1_piece0 in memory on 2a892a3469ec:34087 (size: 2.9 KiB, free: 434.4 MiB)
[2024-12-09T11:06:49.621+0000] {spark_submit.py:634} INFO - 24/12/09 11:06:49 INFO SparkContext: Created broadcast 1 from broadcast at DAGScheduler.scala:1585
[2024-12-09T11:06:49.625+0000] {spark_submit.py:634} INFO - 24/12/09 11:06:49 INFO DAGScheduler: Submitting 1 missing tasks from ResultStage 1 (ShuffledRDD[3] at reduceByKey at WordCountJob.java:34) (first 15 tasks are for partitions Vector(0))
[2024-12-09T11:06:49.628+0000] {spark_submit.py:634} INFO - 24/12/09 11:06:49 INFO TaskSchedulerImpl: Adding task set 1.0 with 1 tasks resource profile 0
[2024-12-09T11:06:49.629+0000] {spark_submit.py:634} INFO - 24/12/09 11:06:49 INFO TaskSetManager: Starting task 0.0 in stage 1.0 (TID 1) (2a892a3469ec, executor driver, partition 0, NODE_LOCAL, 9002 bytes)
[2024-12-09T11:06:49.631+0000] {spark_submit.py:634} INFO - 24/12/09 11:06:49 INFO Executor: Running task 0.0 in stage 1.0 (TID 1)
[2024-12-09T11:06:49.701+0000] {spark_submit.py:634} INFO - 24/12/09 11:06:49 INFO ShuffleBlockFetcherIterator: Getting 1 (189.0 B) non-empty blocks including 1 (189.0 B) local and 0 (0.0 B) host-local and 0 (0.0 B) push-merged-local and 0 (0.0 B) remote blocks
[2024-12-09T11:06:49.703+0000] {spark_submit.py:634} INFO - 24/12/09 11:06:49 INFO ShuffleBlockFetcherIterator: Started 0 remote fetches in 18 ms
[2024-12-09T11:06:49.738+0000] {spark_submit.py:634} INFO - 24/12/09 11:06:49 INFO Executor: Finished task 0.0 in stage 1.0 (TID 1). 2001 bytes result sent to driver
[2024-12-09T11:06:49.743+0000] {spark_submit.py:634} INFO - 24/12/09 11:06:49 INFO TaskSetManager: Finished task 0.0 in stage 1.0 (TID 1) in 126 ms on 2a892a3469ec (executor driver) (1/1)
[2024-12-09T11:06:49.743+0000] {spark_submit.py:634} INFO - 24/12/09 11:06:49 INFO TaskSchedulerImpl: Removed TaskSet 1.0, whose tasks have all completed, from pool
[2024-12-09T11:06:49.747+0000] {spark_submit.py:634} INFO - 24/12/09 11:06:49 INFO DAGScheduler: ResultStage 1 (collect at WordCountJob.java:37) finished in 0.172 s
[2024-12-09T11:06:49.750+0000] {spark_submit.py:634} INFO - 24/12/09 11:06:49 INFO DAGScheduler: Job 0 is finished. Cancelling potential speculative or zombie tasks for this job
[2024-12-09T11:06:49.753+0000] {spark_submit.py:634} INFO - 24/12/09 11:06:49 INFO TaskSchedulerImpl: Killing all running tasks in stage 1: Stage finished
[2024-12-09T11:06:49.755+0000] {spark_submit.py:634} INFO - 24/12/09 11:06:49 INFO DAGScheduler: Job 0 finished: collect at WordCountJob.java:37, took 0.996338 s
[2024-12-09T11:06:49.758+0000] {spark_submit.py:634} INFO - spark: 1
[2024-12-09T11:06:49.763+0000] {spark_submit.py:634} INFO - docker: 1
[2024-12-09T11:06:49.764+0000] {spark_submit.py:634} INFO - Yusuf: 1
[2024-12-09T11:06:49.765+0000] {spark_submit.py:634} INFO - hello: 5
[2024-12-09T11:06:49.766+0000] {spark_submit.py:634} INFO - java: 1
[2024-12-09T11:06:49.767+0000] {spark_submit.py:634} INFO - world: 1
[2024-12-09T11:06:49.767+0000] {spark_submit.py:634} INFO - 24/12/09 11:06:49 INFO SparkContext: SparkContext is stopping with exitCode 0.
[2024-12-09T11:06:49.781+0000] {spark_submit.py:634} INFO - 24/12/09 11:06:49 INFO SparkUI: Stopped Spark web UI at http://2a892a3469ec:4040
[2024-12-09T11:06:49.804+0000] {spark_submit.py:634} INFO - 24/12/09 11:06:49 INFO MapOutputTrackerMasterEndpoint: MapOutputTrackerMasterEndpoint stopped!
[2024-12-09T11:06:49.819+0000] {spark_submit.py:634} INFO - 24/12/09 11:06:49 INFO MemoryStore: MemoryStore cleared
[2024-12-09T11:06:49.820+0000] {spark_submit.py:634} INFO - 24/12/09 11:06:49 INFO BlockManager: BlockManager stopped
[2024-12-09T11:06:49.836+0000] {spark_submit.py:634} INFO - 24/12/09 11:06:49 INFO BlockManagerMaster: BlockManagerMaster stopped
[2024-12-09T11:06:49.837+0000] {spark_submit.py:634} INFO - 24/12/09 11:06:49 INFO OutputCommitCoordinator$OutputCommitCoordinatorEndpoint: OutputCommitCoordinator stopped!
[2024-12-09T11:06:49.848+0000] {spark_submit.py:634} INFO - 24/12/09 11:06:49 INFO SparkContext: Successfully stopped SparkContext
[2024-12-09T11:06:49.856+0000] {spark_submit.py:634} INFO - 24/12/09 11:06:49 INFO ShutdownHookManager: Shutdown hook called
[2024-12-09T11:06:49.858+0000] {spark_submit.py:634} INFO - 24/12/09 11:06:49 INFO ShutdownHookManager: Deleting directory /tmp/spark-19d46cab-60f5-4621-a823-d0f4bae90212
[2024-12-09T11:06:49.864+0000] {spark_submit.py:634} INFO - 24/12/09 11:06:49 INFO ShutdownHookManager: Deleting directory /tmp/spark-54ae9403-7b2c-4606-ac5a-b3993e64ca67
[2024-12-09T11:06:49.933+0000] {taskinstance.py:340} INFO - ::group::Post task execution logs
[2024-12-09T11:06:49.934+0000] {taskinstance.py:352} INFO - Marking task as SUCCESS. dag_id=sparking_flow, task_id=java_job, run_id=manual__2024-12-09T11:06:42.359600+00:00, execution_date=20241209T110642, start_date=20241209T110643, end_date=20241209T110649
[2024-12-09T11:06:50.010+0000] {local_task_job_runner.py:266} INFO - Task exited with return code 0
[2024-12-09T11:06:50.050+0000] {taskinstance.py:3895} INFO - 0 downstream tasks scheduled from follow-on schedule check
[2024-12-09T11:06:50.053+0000] {local_task_job_runner.py:245} INFO - ::endgroup::
