[2024-12-04T16:55:59.988+0000] {local_task_job_runner.py:123} INFO - ::group::Pre task execution logs
[2024-12-04T16:56:00.005+0000] {taskinstance.py:2613} INFO - Dependencies all met for dep_context=non-requeueable deps ti=<TaskInstance: sparking_flow.java_job manual__2024-12-04T16:55:57.458352+00:00 [queued]>
[2024-12-04T16:56:00.016+0000] {taskinstance.py:2613} INFO - Dependencies all met for dep_context=requeueable deps ti=<TaskInstance: sparking_flow.java_job manual__2024-12-04T16:55:57.458352+00:00 [queued]>
[2024-12-04T16:56:00.018+0000] {taskinstance.py:2866} INFO - Starting attempt 1 of 1
[2024-12-04T16:56:00.029+0000] {taskinstance.py:2889} INFO - Executing <Task(SparkSubmitOperator): java_job> on 2024-12-04 16:55:57.458352+00:00
[2024-12-04T16:56:00.036+0000] {standard_task_runner.py:104} INFO - Running: ['***', 'tasks', 'run', 'sparking_flow', 'java_job', 'manual__2024-12-04T16:55:57.458352+00:00', '--job-id', '113', '--raw', '--subdir', 'DAGS_FOLDER/spark_***.py', '--cfg-path', '/tmp/tmp1ht4_qwh']
[2024-12-04T16:56:00.038+0000] {standard_task_runner.py:105} INFO - Job 113: Subtask java_job
[2024-12-04T16:56:00.039+0000] {logging_mixin.py:190} WARNING - /home/***/.local/lib/python3.12/site-packages/***/task/task_runner/standard_task_runner.py:70 DeprecationWarning: This process (pid=549) is multi-threaded, use of fork() may lead to deadlocks in the child.
[2024-12-04T16:56:00.041+0000] {standard_task_runner.py:72} INFO - Started process 551 to run task
[2024-12-04T16:56:00.087+0000] {task_command.py:467} INFO - Running <TaskInstance: sparking_flow.java_job manual__2024-12-04T16:55:57.458352+00:00 [running]> on host 2a892a3469ec
[2024-12-04T16:56:00.167+0000] {taskinstance.py:3132} INFO - Exporting env vars: AIRFLOW_CTX_DAG_OWNER='Yusuf Ganiyu' AIRFLOW_CTX_DAG_ID='sparking_flow' AIRFLOW_CTX_TASK_ID='java_job' AIRFLOW_CTX_EXECUTION_DATE='2024-12-04T16:55:57.458352+00:00' AIRFLOW_CTX_TRY_NUMBER='1' AIRFLOW_CTX_DAG_RUN_ID='manual__2024-12-04T16:55:57.458352+00:00'
[2024-12-04T16:56:00.168+0000] {taskinstance.py:731} INFO - ::endgroup::
[2024-12-04T16:56:00.190+0000] {base.py:84} INFO - Retrieving connection 'spark-conn'
[2024-12-04T16:56:00.193+0000] {spark_submit.py:473} INFO - Spark-Submit cmd: spark-submit --master spark://sparkingflow-spark-master-1:7077 --name arrow-spark --class com.airscholar.spark.WordCountJob --deploy-mode client jobs/java/spark-job/target/spark-job-1.0-SNAPSHOT.jar
[2024-12-04T16:56:02.393+0000] {spark_submit.py:634} INFO - 24/12/04 16:56:02 INFO SparkContext: Running Spark version 3.5.3
[2024-12-04T16:56:02.404+0000] {spark_submit.py:634} INFO - 24/12/04 16:56:02 INFO SparkContext: OS info Linux, 6.10.14-linuxkit, aarch64
[2024-12-04T16:56:02.404+0000] {spark_submit.py:634} INFO - 24/12/04 16:56:02 INFO SparkContext: Java version 17.0.13
[2024-12-04T16:56:02.499+0000] {spark_submit.py:634} INFO - 24/12/04 16:56:02 WARN NativeCodeLoader: Unable to load native-hadoop library for your platform... using builtin-java classes where applicable
[2024-12-04T16:56:02.616+0000] {spark_submit.py:634} INFO - 24/12/04 16:56:02 INFO ResourceUtils: ==============================================================
[2024-12-04T16:56:02.617+0000] {spark_submit.py:634} INFO - 24/12/04 16:56:02 INFO ResourceUtils: No custom resources configured for spark.driver.
[2024-12-04T16:56:02.618+0000] {spark_submit.py:634} INFO - 24/12/04 16:56:02 INFO ResourceUtils: ==============================================================
[2024-12-04T16:56:02.619+0000] {spark_submit.py:634} INFO - 24/12/04 16:56:02 INFO SparkContext: Submitted application: Word Count Job
[2024-12-04T16:56:02.669+0000] {spark_submit.py:634} INFO - 24/12/04 16:56:02 INFO ResourceProfile: Default ResourceProfile created, executor resources: Map(cores -> name: cores, amount: 1, script: , vendor: , memory -> name: memory, amount: 1024, script: , vendor: , offHeap -> name: offHeap, amount: 0, script: , vendor: ), task resources: Map(cpus -> name: cpus, amount: 1.0)
[2024-12-04T16:56:02.683+0000] {spark_submit.py:634} INFO - 24/12/04 16:56:02 INFO ResourceProfile: Limiting resource is cpu
[2024-12-04T16:56:02.685+0000] {spark_submit.py:634} INFO - 24/12/04 16:56:02 INFO ResourceProfileManager: Added ResourceProfile id: 0
[2024-12-04T16:56:02.754+0000] {spark_submit.py:634} INFO - 24/12/04 16:56:02 INFO SecurityManager: Changing view acls to: ***
[2024-12-04T16:56:02.757+0000] {spark_submit.py:634} INFO - 24/12/04 16:56:02 INFO SecurityManager: Changing modify acls to: ***
[2024-12-04T16:56:02.758+0000] {spark_submit.py:634} INFO - 24/12/04 16:56:02 INFO SecurityManager: Changing view acls groups to:
[2024-12-04T16:56:02.758+0000] {spark_submit.py:634} INFO - 24/12/04 16:56:02 INFO SecurityManager: Changing modify acls groups to:
[2024-12-04T16:56:02.759+0000] {spark_submit.py:634} INFO - 24/12/04 16:56:02 INFO SecurityManager: SecurityManager: authentication disabled; ui acls disabled; users with view permissions: ***; groups with view permissions: EMPTY; users with modify permissions: ***; groups with modify permissions: EMPTY
[2024-12-04T16:56:03.145+0000] {spark_submit.py:634} INFO - 24/12/04 16:56:03 INFO Utils: Successfully started service 'sparkDriver' on port 37427.
[2024-12-04T16:56:03.195+0000] {spark_submit.py:634} INFO - 24/12/04 16:56:03 INFO SparkEnv: Registering MapOutputTracker
[2024-12-04T16:56:03.265+0000] {spark_submit.py:634} INFO - 24/12/04 16:56:03 INFO SparkEnv: Registering BlockManagerMaster
[2024-12-04T16:56:03.293+0000] {spark_submit.py:634} INFO - 24/12/04 16:56:03 INFO BlockManagerMasterEndpoint: Using org.apache.spark.storage.DefaultTopologyMapper for getting topology information
[2024-12-04T16:56:03.293+0000] {spark_submit.py:634} INFO - 24/12/04 16:56:03 INFO BlockManagerMasterEndpoint: BlockManagerMasterEndpoint up
[2024-12-04T16:56:03.299+0000] {spark_submit.py:634} INFO - 24/12/04 16:56:03 INFO SparkEnv: Registering BlockManagerMasterHeartbeat
[2024-12-04T16:56:03.330+0000] {spark_submit.py:634} INFO - 24/12/04 16:56:03 INFO DiskBlockManager: Created local directory at /tmp/blockmgr-19f073ed-2f71-4fc0-bc4e-1607486c0009
[2024-12-04T16:56:03.359+0000] {spark_submit.py:634} INFO - 24/12/04 16:56:03 INFO MemoryStore: MemoryStore started with capacity 434.4 MiB
[2024-12-04T16:56:03.389+0000] {spark_submit.py:634} INFO - 24/12/04 16:56:03 INFO SparkEnv: Registering OutputCommitCoordinator
[2024-12-04T16:56:03.614+0000] {spark_submit.py:634} INFO - 24/12/04 16:56:03 INFO JettyUtils: Start Jetty 0.0.0.0:4040 for SparkUI
[2024-12-04T16:56:03.712+0000] {spark_submit.py:634} INFO - 24/12/04 16:56:03 INFO Utils: Successfully started service 'SparkUI' on port 4040.
[2024-12-04T16:56:03.782+0000] {spark_submit.py:634} INFO - 24/12/04 16:56:03 INFO SparkContext: Added JAR file:/opt/***/jobs/java/spark-job/target/spark-job-1.0-SNAPSHOT.jar at spark://2a892a3469ec:37427/jars/spark-job-1.0-SNAPSHOT.jar with timestamp 1733331362370
[2024-12-04T16:56:03.925+0000] {spark_submit.py:634} INFO - 24/12/04 16:56:03 INFO Executor: Starting executor ID driver on host 2a892a3469ec
[2024-12-04T16:56:03.926+0000] {spark_submit.py:634} INFO - 24/12/04 16:56:03 INFO Executor: OS info Linux, 6.10.14-linuxkit, aarch64
[2024-12-04T16:56:03.926+0000] {spark_submit.py:634} INFO - 24/12/04 16:56:03 INFO Executor: Java version 17.0.13
[2024-12-04T16:56:03.938+0000] {spark_submit.py:634} INFO - 24/12/04 16:56:03 INFO Executor: Starting executor with user classpath (userClassPathFirst = false): ''
[2024-12-04T16:56:03.939+0000] {spark_submit.py:634} INFO - 24/12/04 16:56:03 INFO Executor: Created or updated repl class loader org.apache.spark.util.MutableURLClassLoader@38f77cd9 for default.
[2024-12-04T16:56:03.977+0000] {spark_submit.py:634} INFO - 24/12/04 16:56:03 INFO Executor: Fetching spark://2a892a3469ec:37427/jars/spark-job-1.0-SNAPSHOT.jar with timestamp 1733331362370
[2024-12-04T16:56:04.088+0000] {spark_submit.py:634} INFO - 24/12/04 16:56:04 INFO TransportClientFactory: Successfully created connection to 2a892a3469ec/172.18.0.4:37427 after 53 ms (0 ms spent in bootstraps)
[2024-12-04T16:56:04.102+0000] {spark_submit.py:634} INFO - 24/12/04 16:56:04 INFO Utils: Fetching spark://2a892a3469ec:37427/jars/spark-job-1.0-SNAPSHOT.jar to /tmp/spark-7e6b66e0-837d-417f-a8a5-c987ae0a082d/userFiles-714fe983-67e0-40b8-8257-1f7eb1e150d1/fetchFileTemp7939109633084297987.tmp
[2024-12-04T16:56:04.171+0000] {spark_submit.py:634} INFO - 24/12/04 16:56:04 INFO Executor: Adding file:/tmp/spark-7e6b66e0-837d-417f-a8a5-c987ae0a082d/userFiles-714fe983-67e0-40b8-8257-1f7eb1e150d1/spark-job-1.0-SNAPSHOT.jar to class loader default
[2024-12-04T16:56:04.195+0000] {spark_submit.py:634} INFO - 24/12/04 16:56:04 INFO Utils: Successfully started service 'org.apache.spark.network.netty.NettyBlockTransferService' on port 36767.
[2024-12-04T16:56:04.196+0000] {spark_submit.py:634} INFO - 24/12/04 16:56:04 INFO NettyBlockTransferService: Server created on 2a892a3469ec:36767
[2024-12-04T16:56:04.197+0000] {spark_submit.py:634} INFO - 24/12/04 16:56:04 INFO BlockManager: Using org.apache.spark.storage.RandomBlockReplicationPolicy for block replication policy
[2024-12-04T16:56:04.209+0000] {spark_submit.py:634} INFO - 24/12/04 16:56:04 INFO BlockManagerMaster: Registering BlockManager BlockManagerId(driver, 2a892a3469ec, 36767, None)
[2024-12-04T16:56:04.215+0000] {spark_submit.py:634} INFO - 24/12/04 16:56:04 INFO BlockManagerMasterEndpoint: Registering block manager 2a892a3469ec:36767 with 434.4 MiB RAM, BlockManagerId(driver, 2a892a3469ec, 36767, None)
[2024-12-04T16:56:04.220+0000] {spark_submit.py:634} INFO - 24/12/04 16:56:04 INFO BlockManagerMaster: Registered BlockManager BlockManagerId(driver, 2a892a3469ec, 36767, None)
[2024-12-04T16:56:04.222+0000] {spark_submit.py:634} INFO - 24/12/04 16:56:04 INFO BlockManager: Initialized BlockManager: BlockManagerId(driver, 2a892a3469ec, 36767, None)
[2024-12-04T16:56:06.128+0000] {spark_submit.py:634} INFO - 24/12/04 16:56:06 INFO SparkContext: Starting job: collect at WordCountJob.java:37
[2024-12-04T16:56:06.233+0000] {spark_submit.py:634} INFO - 24/12/04 16:56:06 INFO DAGScheduler: Registering RDD 2 (mapToPair at WordCountJob.java:33) as input to shuffle 0
[2024-12-04T16:56:06.246+0000] {spark_submit.py:634} INFO - 24/12/04 16:56:06 INFO DAGScheduler: Got job 0 (collect at WordCountJob.java:37) with 1 output partitions
[2024-12-04T16:56:06.249+0000] {spark_submit.py:634} INFO - 24/12/04 16:56:06 INFO DAGScheduler: Final stage: ResultStage 1 (collect at WordCountJob.java:37)
[2024-12-04T16:56:06.249+0000] {spark_submit.py:634} INFO - 24/12/04 16:56:06 INFO DAGScheduler: Parents of final stage: List(ShuffleMapStage 0)
[2024-12-04T16:56:06.253+0000] {spark_submit.py:634} INFO - 24/12/04 16:56:06 INFO DAGScheduler: Missing parents: List(ShuffleMapStage 0)
[2024-12-04T16:56:06.262+0000] {spark_submit.py:634} INFO - 24/12/04 16:56:06 INFO DAGScheduler: Submitting ShuffleMapStage 0 (MapPartitionsRDD[2] at mapToPair at WordCountJob.java:33), which has no missing parents
[2024-12-04T16:56:06.670+0000] {spark_submit.py:634} INFO - 24/12/04 16:56:06 INFO MemoryStore: Block broadcast_0 stored as values in memory (estimated size 6.4 KiB, free 434.4 MiB)
[2024-12-04T16:56:06.847+0000] {spark_submit.py:634} INFO - 24/12/04 16:56:06 INFO MemoryStore: Block broadcast_0_piece0 stored as bytes in memory (estimated size 3.4 KiB, free 434.4 MiB)
[2024-12-04T16:56:06.859+0000] {spark_submit.py:634} INFO - 24/12/04 16:56:06 INFO BlockManagerInfo: Added broadcast_0_piece0 in memory on 2a892a3469ec:36767 (size: 3.4 KiB, free: 434.4 MiB)
[2024-12-04T16:56:06.869+0000] {spark_submit.py:634} INFO - 24/12/04 16:56:06 INFO SparkContext: Created broadcast 0 from broadcast at DAGScheduler.scala:1585
[2024-12-04T16:56:06.940+0000] {spark_submit.py:634} INFO - 24/12/04 16:56:06 INFO DAGScheduler: Submitting 1 missing tasks from ShuffleMapStage 0 (MapPartitionsRDD[2] at mapToPair at WordCountJob.java:33) (first 15 tasks are for partitions Vector(0))
[2024-12-04T16:56:06.942+0000] {spark_submit.py:634} INFO - 24/12/04 16:56:06 INFO TaskSchedulerImpl: Adding task set 0.0 with 1 tasks resource profile 0
[2024-12-04T16:56:07.101+0000] {spark_submit.py:634} INFO - 24/12/04 16:56:07 INFO TaskSetManager: Starting task 0.0 in stage 0.0 (TID 0) (2a892a3469ec, executor driver, partition 0, PROCESS_LOCAL, 9249 bytes)
[2024-12-04T16:56:07.170+0000] {spark_submit.py:634} INFO - 24/12/04 16:56:07 INFO Executor: Running task 0.0 in stage 0.0 (TID 0)
[2024-12-04T16:56:07.566+0000] {spark_submit.py:634} INFO - 24/12/04 16:56:07 INFO Executor: Finished task 0.0 in stage 0.0 (TID 0). 1216 bytes result sent to driver
[2024-12-04T16:56:07.603+0000] {spark_submit.py:634} INFO - 24/12/04 16:56:07 INFO TaskSetManager: Finished task 0.0 in stage 0.0 (TID 0) in 551 ms on 2a892a3469ec (executor driver) (1/1)
[2024-12-04T16:56:07.605+0000] {spark_submit.py:634} INFO - 24/12/04 16:56:07 INFO TaskSchedulerImpl: Removed TaskSet 0.0, whose tasks have all completed, from pool
[2024-12-04T16:56:07.637+0000] {spark_submit.py:634} INFO - 24/12/04 16:56:07 INFO DAGScheduler: ShuffleMapStage 0 (mapToPair at WordCountJob.java:33) finished in 1.337 s
[2024-12-04T16:56:07.639+0000] {spark_submit.py:634} INFO - 24/12/04 16:56:07 INFO DAGScheduler: looking for newly runnable stages
[2024-12-04T16:56:07.641+0000] {spark_submit.py:634} INFO - 24/12/04 16:56:07 INFO DAGScheduler: running: Set()
[2024-12-04T16:56:07.646+0000] {spark_submit.py:634} INFO - 24/12/04 16:56:07 INFO DAGScheduler: waiting: Set(ResultStage 1)
[2024-12-04T16:56:07.648+0000] {spark_submit.py:634} INFO - 24/12/04 16:56:07 INFO DAGScheduler: failed: Set()
[2024-12-04T16:56:07.652+0000] {spark_submit.py:634} INFO - 24/12/04 16:56:07 INFO DAGScheduler: Submitting ResultStage 1 (ShuffledRDD[3] at reduceByKey at WordCountJob.java:34), which has no missing parents
[2024-12-04T16:56:07.698+0000] {spark_submit.py:634} INFO - 24/12/04 16:56:07 INFO MemoryStore: Block broadcast_1 stored as values in memory (estimated size 5.2 KiB, free 434.4 MiB)
[2024-12-04T16:56:07.722+0000] {spark_submit.py:634} INFO - 24/12/04 16:56:07 INFO MemoryStore: Block broadcast_1_piece0 stored as bytes in memory (estimated size 2.9 KiB, free 434.4 MiB)
[2024-12-04T16:56:07.724+0000] {spark_submit.py:634} INFO - 24/12/04 16:56:07 INFO BlockManagerInfo: Added broadcast_1_piece0 in memory on 2a892a3469ec:36767 (size: 2.9 KiB, free: 434.4 MiB)
[2024-12-04T16:56:07.730+0000] {spark_submit.py:634} INFO - 24/12/04 16:56:07 INFO SparkContext: Created broadcast 1 from broadcast at DAGScheduler.scala:1585
[2024-12-04T16:56:07.734+0000] {spark_submit.py:634} INFO - 24/12/04 16:56:07 INFO DAGScheduler: Submitting 1 missing tasks from ResultStage 1 (ShuffledRDD[3] at reduceByKey at WordCountJob.java:34) (first 15 tasks are for partitions Vector(0))
[2024-12-04T16:56:07.736+0000] {spark_submit.py:634} INFO - 24/12/04 16:56:07 INFO TaskSchedulerImpl: Adding task set 1.0 with 1 tasks resource profile 0
[2024-12-04T16:56:07.757+0000] {spark_submit.py:634} INFO - 24/12/04 16:56:07 INFO TaskSetManager: Starting task 0.0 in stage 1.0 (TID 1) (2a892a3469ec, executor driver, partition 0, NODE_LOCAL, 9002 bytes)
[2024-12-04T16:56:07.761+0000] {spark_submit.py:634} INFO - 24/12/04 16:56:07 INFO Executor: Running task 0.0 in stage 1.0 (TID 1)
[2024-12-04T16:56:07.959+0000] {spark_submit.py:634} INFO - 24/12/04 16:56:07 INFO ShuffleBlockFetcherIterator: Getting 1 (189.0 B) non-empty blocks including 1 (189.0 B) local and 0 (0.0 B) host-local and 0 (0.0 B) push-merged-local and 0 (0.0 B) remote blocks
[2024-12-04T16:56:07.972+0000] {spark_submit.py:634} INFO - 24/12/04 16:56:07 INFO ShuffleBlockFetcherIterator: Started 0 remote fetches in 67 ms
[2024-12-04T16:56:08.060+0000] {spark_submit.py:634} INFO - 24/12/04 16:56:08 INFO Executor: Finished task 0.0 in stage 1.0 (TID 1). 1958 bytes result sent to driver
[2024-12-04T16:56:08.069+0000] {spark_submit.py:634} INFO - 24/12/04 16:56:08 INFO TaskSetManager: Finished task 0.0 in stage 1.0 (TID 1) in 323 ms on 2a892a3469ec (executor driver) (1/1)
[2024-12-04T16:56:08.071+0000] {spark_submit.py:634} INFO - 24/12/04 16:56:08 INFO TaskSchedulerImpl: Removed TaskSet 1.0, whose tasks have all completed, from pool
[2024-12-04T16:56:08.075+0000] {spark_submit.py:634} INFO - 24/12/04 16:56:08 INFO DAGScheduler: ResultStage 1 (collect at WordCountJob.java:37) finished in 0.388 s
[2024-12-04T16:56:08.084+0000] {spark_submit.py:634} INFO - 24/12/04 16:56:08 INFO DAGScheduler: Job 0 is finished. Cancelling potential speculative or zombie tasks for this job
[2024-12-04T16:56:08.087+0000] {spark_submit.py:634} INFO - 24/12/04 16:56:08 INFO TaskSchedulerImpl: Killing all running tasks in stage 1: Stage finished
[2024-12-04T16:56:08.091+0000] {spark_submit.py:634} INFO - 24/12/04 16:56:08 INFO DAGScheduler: Job 0 finished: collect at WordCountJob.java:37, took 1.962921 s
[2024-12-04T16:56:08.098+0000] {spark_submit.py:634} INFO - spark: 1
[2024-12-04T16:56:08.099+0000] {spark_submit.py:634} INFO - docker: 1
[2024-12-04T16:56:08.099+0000] {spark_submit.py:634} INFO - Yusuf: 1
[2024-12-04T16:56:08.100+0000] {spark_submit.py:634} INFO - hello: 5
[2024-12-04T16:56:08.100+0000] {spark_submit.py:634} INFO - java: 1
[2024-12-04T16:56:08.102+0000] {spark_submit.py:634} INFO - world: 1
[2024-12-04T16:56:08.104+0000] {spark_submit.py:634} INFO - 24/12/04 16:56:08 INFO SparkContext: SparkContext is stopping with exitCode 0.
[2024-12-04T16:56:08.146+0000] {spark_submit.py:634} INFO - 24/12/04 16:56:08 INFO SparkUI: Stopped Spark web UI at http://2a892a3469ec:4040
[2024-12-04T16:56:08.213+0000] {spark_submit.py:634} INFO - 24/12/04 16:56:08 INFO MapOutputTrackerMasterEndpoint: MapOutputTrackerMasterEndpoint stopped!
[2024-12-04T16:56:08.309+0000] {spark_submit.py:634} INFO - 24/12/04 16:56:08 INFO MemoryStore: MemoryStore cleared
[2024-12-04T16:56:08.311+0000] {spark_submit.py:634} INFO - 24/12/04 16:56:08 INFO BlockManager: BlockManager stopped
[2024-12-04T16:56:08.331+0000] {spark_submit.py:634} INFO - 24/12/04 16:56:08 INFO BlockManagerMaster: BlockManagerMaster stopped
[2024-12-04T16:56:08.337+0000] {spark_submit.py:634} INFO - 24/12/04 16:56:08 INFO OutputCommitCoordinator$OutputCommitCoordinatorEndpoint: OutputCommitCoordinator stopped!
[2024-12-04T16:56:08.359+0000] {spark_submit.py:634} INFO - 24/12/04 16:56:08 INFO SparkContext: Successfully stopped SparkContext
[2024-12-04T16:56:08.364+0000] {spark_submit.py:634} INFO - 24/12/04 16:56:08 INFO ShutdownHookManager: Shutdown hook called
[2024-12-04T16:56:08.374+0000] {spark_submit.py:634} INFO - 24/12/04 16:56:08 INFO ShutdownHookManager: Deleting directory /tmp/spark-ac2c0e34-2841-401d-a778-f128e19fdc65
[2024-12-04T16:56:08.381+0000] {spark_submit.py:634} INFO - 24/12/04 16:56:08 INFO ShutdownHookManager: Deleting directory /tmp/spark-7e6b66e0-837d-417f-a8a5-c987ae0a082d
[2024-12-04T16:56:08.529+0000] {taskinstance.py:340} INFO - ::group::Post task execution logs
[2024-12-04T16:56:08.531+0000] {taskinstance.py:352} INFO - Marking task as SUCCESS. dag_id=sparking_flow, task_id=java_job, run_id=manual__2024-12-04T16:55:57.458352+00:00, execution_date=20241204T165557, start_date=20241204T165600, end_date=20241204T165608
[2024-12-04T16:56:08.589+0000] {local_task_job_runner.py:266} INFO - Task exited with return code 0
[2024-12-04T16:56:08.665+0000] {taskinstance.py:3895} INFO - 0 downstream tasks scheduled from follow-on schedule check
[2024-12-04T16:56:08.667+0000] {local_task_job_runner.py:245} INFO - ::endgroup::
