[2024-12-09T19:46:22.143+0000] {local_task_job_runner.py:123} INFO - ::group::Pre task execution logs
[2024-12-09T19:46:22.174+0000] {taskinstance.py:2613} INFO - Dependencies all met for dep_context=non-requeueable deps ti=<TaskInstance: sparking_flow.python_job manual__2024-12-09T19:46:19.480018+00:00 [queued]>
[2024-12-09T19:46:22.204+0000] {taskinstance.py:2613} INFO - Dependencies all met for dep_context=requeueable deps ti=<TaskInstance: sparking_flow.python_job manual__2024-12-09T19:46:19.480018+00:00 [queued]>
[2024-12-09T19:46:22.209+0000] {taskinstance.py:2866} INFO - Starting attempt 1 of 1
[2024-12-09T19:46:22.292+0000] {taskinstance.py:2889} INFO - Executing <Task(SparkSubmitOperator): python_job> on 2024-12-09 19:46:19.480018+00:00
[2024-12-09T19:46:22.324+0000] {logging_mixin.py:190} WARNING - /home/***/.local/lib/python3.12/site-packages/***/task/task_runner/standard_task_runner.py:70 DeprecationWarning: This process (pid=717) is multi-threaded, use of fork() may lead to deadlocks in the child.
[2024-12-09T19:46:22.315+0000] {standard_task_runner.py:104} INFO - Running: ['***', 'tasks', 'run', 'sparking_flow', 'python_job', 'manual__2024-12-09T19:46:19.480018+00:00', '--job-id', '18', '--raw', '--subdir', 'DAGS_FOLDER/spark_***.py', '--cfg-path', '/tmp/tmp4uq32c6f']
[2024-12-09T19:46:22.333+0000] {standard_task_runner.py:72} INFO - Started process 719 to run task
[2024-12-09T19:46:22.334+0000] {standard_task_runner.py:105} INFO - Job 18: Subtask python_job
[2024-12-09T19:46:22.486+0000] {task_command.py:467} INFO - Running <TaskInstance: sparking_flow.python_job manual__2024-12-09T19:46:19.480018+00:00 [running]> on host 0f591f475d73
[2024-12-09T19:46:22.661+0000] {taskinstance.py:3132} INFO - Exporting env vars: AIRFLOW_CTX_DAG_OWNER='Harsha Vardhan' AIRFLOW_CTX_DAG_ID='sparking_flow' AIRFLOW_CTX_TASK_ID='python_job' AIRFLOW_CTX_EXECUTION_DATE='2024-12-09T19:46:19.480018+00:00' AIRFLOW_CTX_TRY_NUMBER='1' AIRFLOW_CTX_DAG_RUN_ID='manual__2024-12-09T19:46:19.480018+00:00'
[2024-12-09T19:46:22.665+0000] {taskinstance.py:731} INFO - ::endgroup::
[2024-12-09T19:46:23.113+0000] {base.py:84} INFO - Retrieving connection 'spark-conn'
[2024-12-09T19:46:23.115+0000] {spark_submit.py:473} INFO - Spark-Submit cmd: spark-submit --master spark-master:7077 --name arrow-spark --deploy-mode client jobs/python/wordcountjob.py
[2024-12-09T19:46:29.372+0000] {spark_submit.py:634} INFO - 24/12/09 19:46:29 INFO SparkContext: Running Spark version 3.5.3
[2024-12-09T19:46:29.377+0000] {spark_submit.py:634} INFO - 24/12/09 19:46:29 INFO SparkContext: OS info Linux, 6.10.14-linuxkit, aarch64
[2024-12-09T19:46:29.378+0000] {spark_submit.py:634} INFO - 24/12/09 19:46:29 INFO SparkContext: Java version 17.0.13
[2024-12-09T19:46:29.526+0000] {spark_submit.py:634} INFO - 24/12/09 19:46:29 WARN NativeCodeLoader: Unable to load native-hadoop library for your platform... using builtin-java classes where applicable
[2024-12-09T19:46:29.746+0000] {spark_submit.py:634} INFO - 24/12/09 19:46:29 INFO ResourceUtils: ==============================================================
[2024-12-09T19:46:29.747+0000] {spark_submit.py:634} INFO - 24/12/09 19:46:29 INFO ResourceUtils: No custom resources configured for spark.driver.
[2024-12-09T19:46:29.748+0000] {spark_submit.py:634} INFO - 24/12/09 19:46:29 INFO ResourceUtils: ==============================================================
[2024-12-09T19:46:29.750+0000] {spark_submit.py:634} INFO - 24/12/09 19:46:29 INFO SparkContext: Submitted application: CSVReadExample
[2024-12-09T19:46:29.817+0000] {spark_submit.py:634} INFO - 24/12/09 19:46:29 INFO ResourceProfile: Default ResourceProfile created, executor resources: Map(cores -> name: cores, amount: 1, script: , vendor: , memory -> name: memory, amount: 1024, script: , vendor: , offHeap -> name: offHeap, amount: 0, script: , vendor: ), task resources: Map(cpus -> name: cpus, amount: 1.0)
[2024-12-09T19:46:29.830+0000] {spark_submit.py:634} INFO - 24/12/09 19:46:29 INFO ResourceProfile: Limiting resource is cpu
[2024-12-09T19:46:29.834+0000] {spark_submit.py:634} INFO - 24/12/09 19:46:29 INFO ResourceProfileManager: Added ResourceProfile id: 0
[2024-12-09T19:46:29.913+0000] {spark_submit.py:634} INFO - 24/12/09 19:46:29 INFO SecurityManager: Changing view acls to: root
[2024-12-09T19:46:29.914+0000] {spark_submit.py:634} INFO - 24/12/09 19:46:29 INFO SecurityManager: Changing modify acls to: root
[2024-12-09T19:46:29.915+0000] {spark_submit.py:634} INFO - 24/12/09 19:46:29 INFO SecurityManager: Changing view acls groups to:
[2024-12-09T19:46:29.918+0000] {spark_submit.py:634} INFO - 24/12/09 19:46:29 INFO SecurityManager: Changing modify acls groups to:
[2024-12-09T19:46:29.923+0000] {spark_submit.py:634} INFO - 24/12/09 19:46:29 INFO SecurityManager: SecurityManager: authentication disabled; ui acls disabled; users with view permissions: root; groups with view permissions: EMPTY; users with modify permissions: root; groups with modify permissions: EMPTY
[2024-12-09T19:46:30.596+0000] {spark_submit.py:634} INFO - 24/12/09 19:46:30 INFO Utils: Successfully started service 'sparkDriver' on port 41305.
[2024-12-09T19:46:30.641+0000] {spark_submit.py:634} INFO - 24/12/09 19:46:30 INFO SparkEnv: Registering MapOutputTracker
[2024-12-09T19:46:30.731+0000] {spark_submit.py:634} INFO - 24/12/09 19:46:30 INFO SparkEnv: Registering BlockManagerMaster
[2024-12-09T19:46:30.825+0000] {spark_submit.py:634} INFO - 24/12/09 19:46:30 INFO BlockManagerMasterEndpoint: Using org.apache.spark.storage.DefaultTopologyMapper for getting topology information
[2024-12-09T19:46:30.840+0000] {spark_submit.py:634} INFO - 24/12/09 19:46:30 INFO BlockManagerMasterEndpoint: BlockManagerMasterEndpoint up
[2024-12-09T19:46:30.853+0000] {spark_submit.py:634} INFO - 24/12/09 19:46:30 INFO SparkEnv: Registering BlockManagerMasterHeartbeat
[2024-12-09T19:46:30.939+0000] {spark_submit.py:634} INFO - 24/12/09 19:46:30 INFO DiskBlockManager: Created local directory at /tmp/blockmgr-eb403bd0-e239-4c50-8b76-77fe29973869
[2024-12-09T19:46:31.064+0000] {spark_submit.py:634} INFO - 24/12/09 19:46:31 INFO MemoryStore: MemoryStore started with capacity 434.4 MiB
[2024-12-09T19:46:31.096+0000] {spark_submit.py:634} INFO - 24/12/09 19:46:31 INFO SparkEnv: Registering OutputCommitCoordinator
[2024-12-09T19:46:31.494+0000] {spark_submit.py:634} INFO - 24/12/09 19:46:31 INFO JettyUtils: Start Jetty 0.0.0.0:4040 for SparkUI
[2024-12-09T19:46:31.666+0000] {spark_submit.py:634} INFO - 24/12/09 19:46:31 WARN Utils: Service 'SparkUI' could not bind on port 4040. Attempting port 4041.
[2024-12-09T19:46:31.670+0000] {spark_submit.py:634} INFO - 24/12/09 19:46:31 WARN Utils: Service 'SparkUI' could not bind on port 4041. Attempting port 4042.
[2024-12-09T19:46:31.713+0000] {spark_submit.py:634} INFO - 24/12/09 19:46:31 INFO Utils: Successfully started service 'SparkUI' on port 4042.
[2024-12-09T19:46:32.197+0000] {spark_submit.py:634} INFO - 24/12/09 19:46:32 ERROR SparkContext: Error initializing SparkContext.
[2024-12-09T19:46:32.218+0000] {spark_submit.py:634} INFO - org.apache.spark.SparkException: Could not parse Master URL: 'spark-master:7077'
[2024-12-09T19:46:32.342+0000] {spark_submit.py:634} INFO - at org.apache.spark.SparkContext$.org$apache$spark$SparkContext$$createTaskScheduler(SparkContext.scala:3194)
[2024-12-09T19:46:32.343+0000] {spark_submit.py:634} INFO - at org.apache.spark.SparkContext.<init>(SparkContext.scala:577)
[2024-12-09T19:46:32.344+0000] {spark_submit.py:634} INFO - at org.apache.spark.api.java.JavaSparkContext.<init>(JavaSparkContext.scala:58)
[2024-12-09T19:46:32.345+0000] {spark_submit.py:634} INFO - at java.base/jdk.internal.reflect.NativeConstructorAccessorImpl.newInstance0(Native Method)
[2024-12-09T19:46:32.349+0000] {spark_submit.py:634} INFO - at java.base/jdk.internal.reflect.NativeConstructorAccessorImpl.newInstance(NativeConstructorAccessorImpl.java:77)
[2024-12-09T19:46:32.350+0000] {spark_submit.py:634} INFO - at java.base/jdk.internal.reflect.DelegatingConstructorAccessorImpl.newInstance(DelegatingConstructorAccessorImpl.java:45)
[2024-12-09T19:46:32.350+0000] {spark_submit.py:634} INFO - at java.base/java.lang.reflect.Constructor.newInstanceWithCaller(Constructor.java:500)
[2024-12-09T19:46:32.351+0000] {spark_submit.py:634} INFO - at java.base/java.lang.reflect.Constructor.newInstance(Constructor.java:481)
[2024-12-09T19:46:32.351+0000] {spark_submit.py:634} INFO - at py4j.reflection.MethodInvoker.invoke(MethodInvoker.java:247)
[2024-12-09T19:46:32.351+0000] {spark_submit.py:634} INFO - at py4j.reflection.ReflectionEngine.invoke(ReflectionEngine.java:374)
[2024-12-09T19:46:32.354+0000] {spark_submit.py:634} INFO - at py4j.Gateway.invoke(Gateway.java:238)
[2024-12-09T19:46:32.355+0000] {spark_submit.py:634} INFO - at py4j.commands.ConstructorCommand.invokeConstructor(ConstructorCommand.java:80)
[2024-12-09T19:46:32.358+0000] {spark_submit.py:634} INFO - at py4j.commands.ConstructorCommand.execute(ConstructorCommand.java:69)
[2024-12-09T19:46:32.359+0000] {spark_submit.py:634} INFO - at py4j.ClientServerConnection.waitForCommands(ClientServerConnection.java:182)
[2024-12-09T19:46:32.360+0000] {spark_submit.py:634} INFO - at py4j.ClientServerConnection.run(ClientServerConnection.java:106)
[2024-12-09T19:46:32.360+0000] {spark_submit.py:634} INFO - at java.base/java.lang.Thread.run(Thread.java:840)
[2024-12-09T19:46:32.360+0000] {spark_submit.py:634} INFO - 24/12/09 19:46:32 INFO SparkContext: SparkContext is stopping with exitCode 0.
[2024-12-09T19:46:32.368+0000] {spark_submit.py:634} INFO - 24/12/09 19:46:32 INFO SparkUI: Stopped Spark web UI at http://0f591f475d73:4042
[2024-12-09T19:46:32.559+0000] {spark_submit.py:634} INFO - 24/12/09 19:46:32 INFO MapOutputTrackerMasterEndpoint: MapOutputTrackerMasterEndpoint stopped!
[2024-12-09T19:46:32.783+0000] {spark_submit.py:634} INFO - 24/12/09 19:46:32 INFO MemoryStore: MemoryStore cleared
[2024-12-09T19:46:32.787+0000] {spark_submit.py:634} INFO - 24/12/09 19:46:32 INFO BlockManager: BlockManager stopped
[2024-12-09T19:46:33.027+0000] {spark_submit.py:634} INFO - 24/12/09 19:46:33 INFO BlockManagerMaster: BlockManagerMaster stopped
[2024-12-09T19:46:33.031+0000] {spark_submit.py:634} INFO - 24/12/09 19:46:33 WARN MetricsSystem: Stopping a MetricsSystem that is not running
[2024-12-09T19:46:33.054+0000] {spark_submit.py:634} INFO - 24/12/09 19:46:33 INFO OutputCommitCoordinator$OutputCommitCoordinatorEndpoint: OutputCommitCoordinator stopped!
[2024-12-09T19:46:33.163+0000] {spark_submit.py:634} INFO - 24/12/09 19:46:33 INFO SparkContext: Successfully stopped SparkContext
[2024-12-09T19:46:33.181+0000] {spark_submit.py:634} INFO - Traceback (most recent call last):
[2024-12-09T19:46:33.182+0000] {spark_submit.py:634} INFO - File "/opt/***/jobs/python/wordcountjob.py", line 18, in <module>
[2024-12-09T19:46:33.184+0000] {spark_submit.py:634} INFO - spark = SparkSession.builder.config("fs.ftp.impl", "org.apache.hadoop.fs.ftp.FTPFileSystem").appName("CSVReadExample").getOrCreate()
[2024-12-09T19:46:33.185+0000] {spark_submit.py:634} INFO - ^^^^^^^^^^^^^^^^^^^^^^^^^^^^^^^^^^^^^^^^^^^^^^^^^^^^^^^^^^^^^^^^^^^^^^^^^^^^^^^^^^^^^^^^^^^^^^^^^^^^^^^^^^^^^^^^^^^^^^^^^^^^
[2024-12-09T19:46:33.186+0000] {spark_submit.py:634} INFO - File "/home/***/.local/lib/python3.12/site-packages/pyspark/python/lib/pyspark.zip/pyspark/sql/session.py", line 497, in getOrCreate
[2024-12-09T19:46:33.187+0000] {spark_submit.py:634} INFO - File "/home/***/.local/lib/python3.12/site-packages/pyspark/python/lib/pyspark.zip/pyspark/context.py", line 515, in getOrCreate
[2024-12-09T19:46:33.188+0000] {spark_submit.py:634} INFO - File "/home/***/.local/lib/python3.12/site-packages/pyspark/python/lib/pyspark.zip/pyspark/context.py", line 203, in __init__
[2024-12-09T19:46:33.190+0000] {spark_submit.py:634} INFO - File "/home/***/.local/lib/python3.12/site-packages/pyspark/python/lib/pyspark.zip/pyspark/context.py", line 296, in _do_init
[2024-12-09T19:46:33.192+0000] {spark_submit.py:634} INFO - File "/home/***/.local/lib/python3.12/site-packages/pyspark/python/lib/pyspark.zip/pyspark/context.py", line 421, in _initialize_context
[2024-12-09T19:46:33.193+0000] {spark_submit.py:634} INFO - File "/home/***/.local/lib/python3.12/site-packages/pyspark/python/lib/py4j-0.10.9.7-src.zip/py4j/java_gateway.py", line 1587, in __call__
[2024-12-09T19:46:33.198+0000] {spark_submit.py:634} INFO - File "/home/***/.local/lib/python3.12/site-packages/pyspark/python/lib/py4j-0.10.9.7-src.zip/py4j/protocol.py", line 326, in get_return_value
[2024-12-09T19:46:33.200+0000] {spark_submit.py:634} INFO - py4j.protocol.Py4JJavaError: An error occurred while calling None.org.apache.spark.api.java.JavaSparkContext.
[2024-12-09T19:46:33.201+0000] {spark_submit.py:634} INFO - : org.apache.spark.SparkException: Could not parse Master URL: 'spark-master:7077'
[2024-12-09T19:46:33.201+0000] {spark_submit.py:634} INFO - at org.apache.spark.SparkContext$.org$apache$spark$SparkContext$$createTaskScheduler(SparkContext.scala:3194)
[2024-12-09T19:46:33.202+0000] {spark_submit.py:634} INFO - at org.apache.spark.SparkContext.<init>(SparkContext.scala:577)
[2024-12-09T19:46:33.203+0000] {spark_submit.py:634} INFO - at org.apache.spark.api.java.JavaSparkContext.<init>(JavaSparkContext.scala:58)
[2024-12-09T19:46:33.204+0000] {spark_submit.py:634} INFO - at java.base/jdk.internal.reflect.NativeConstructorAccessorImpl.newInstance0(Native Method)
[2024-12-09T19:46:33.204+0000] {spark_submit.py:634} INFO - at java.base/jdk.internal.reflect.NativeConstructorAccessorImpl.newInstance(NativeConstructorAccessorImpl.java:77)
[2024-12-09T19:46:33.205+0000] {spark_submit.py:634} INFO - at java.base/jdk.internal.reflect.DelegatingConstructorAccessorImpl.newInstance(DelegatingConstructorAccessorImpl.java:45)
[2024-12-09T19:46:33.209+0000] {spark_submit.py:634} INFO - at java.base/java.lang.reflect.Constructor.newInstanceWithCaller(Constructor.java:500)
[2024-12-09T19:46:33.210+0000] {spark_submit.py:634} INFO - at java.base/java.lang.reflect.Constructor.newInstance(Constructor.java:481)
[2024-12-09T19:46:33.210+0000] {spark_submit.py:634} INFO - at py4j.reflection.MethodInvoker.invoke(MethodInvoker.java:247)
[2024-12-09T19:46:33.211+0000] {spark_submit.py:634} INFO - at py4j.reflection.ReflectionEngine.invoke(ReflectionEngine.java:374)
[2024-12-09T19:46:33.211+0000] {spark_submit.py:634} INFO - at py4j.Gateway.invoke(Gateway.java:238)
[2024-12-09T19:46:33.212+0000] {spark_submit.py:634} INFO - at py4j.commands.ConstructorCommand.invokeConstructor(ConstructorCommand.java:80)
[2024-12-09T19:46:33.213+0000] {spark_submit.py:634} INFO - at py4j.commands.ConstructorCommand.execute(ConstructorCommand.java:69)
[2024-12-09T19:46:33.214+0000] {spark_submit.py:634} INFO - at py4j.ClientServerConnection.waitForCommands(ClientServerConnection.java:182)
[2024-12-09T19:46:33.215+0000] {spark_submit.py:634} INFO - at py4j.ClientServerConnection.run(ClientServerConnection.java:106)
[2024-12-09T19:46:33.216+0000] {spark_submit.py:634} INFO - at java.base/java.lang.Thread.run(Thread.java:840)
[2024-12-09T19:46:33.217+0000] {spark_submit.py:634} INFO - 
[2024-12-09T19:46:33.372+0000] {spark_submit.py:634} INFO - 24/12/09 19:46:33 INFO ShutdownHookManager: Shutdown hook called
[2024-12-09T19:46:33.373+0000] {spark_submit.py:634} INFO - 24/12/09 19:46:33 INFO ShutdownHookManager: Deleting directory /tmp/spark-cd287634-899e-49c4-9f8b-4f7ae237fcf6
[2024-12-09T19:46:33.378+0000] {spark_submit.py:634} INFO - 24/12/09 19:46:33 INFO ShutdownHookManager: Deleting directory /tmp/spark-8bb639ea-d93c-40ba-bc42-d429a3539caf
[2024-12-09T19:46:33.503+0000] {taskinstance.py:3311} ERROR - Task failed with exception
Traceback (most recent call last):
  File "/home/airflow/.local/lib/python3.12/site-packages/airflow/models/taskinstance.py", line 767, in _execute_task
    result = _execute_callable(context=context, **execute_callable_kwargs)
             ^^^^^^^^^^^^^^^^^^^^^^^^^^^^^^^^^^^^^^^^^^^^^^^^^^^^^^^^^^^^^
  File "/home/airflow/.local/lib/python3.12/site-packages/airflow/models/taskinstance.py", line 733, in _execute_callable
    return ExecutionCallableRunner(
           ^^^^^^^^^^^^^^^^^^^^^^^^
  File "/home/airflow/.local/lib/python3.12/site-packages/airflow/utils/operator_helpers.py", line 252, in run
    return self.func(*args, **kwargs)
           ^^^^^^^^^^^^^^^^^^^^^^^^^^
  File "/home/airflow/.local/lib/python3.12/site-packages/airflow/models/baseoperator.py", line 417, in wrapper
    return func(self, *args, **kwargs)
           ^^^^^^^^^^^^^^^^^^^^^^^^^^^
  File "/home/airflow/.local/lib/python3.12/site-packages/airflow/providers/apache/spark/operators/spark_submit.py", line 176, in execute
    self._hook.submit(self.application)
  File "/home/airflow/.local/lib/python3.12/site-packages/airflow/providers/apache/spark/hooks/spark_submit.py", line 560, in submit
    raise AirflowException(
airflow.exceptions.AirflowException: Cannot execute: spark-submit --master spark-master:7077 --name arrow-spark --deploy-mode client jobs/python/wordcountjob.py. Error code is: 1.
[2024-12-09T19:46:33.532+0000] {taskinstance.py:1225} INFO - Marking task as FAILED. dag_id=sparking_flow, task_id=python_job, run_id=manual__2024-12-09T19:46:19.480018+00:00, execution_date=20241209T194619, start_date=20241209T194622, end_date=20241209T194633
[2024-12-09T19:46:33.567+0000] {taskinstance.py:340} INFO - ::group::Post task execution logs
[2024-12-09T19:46:33.571+0000] {standard_task_runner.py:124} ERROR - Failed to execute job 18 for task python_job (Cannot execute: spark-submit --master spark-master:7077 --name arrow-spark --deploy-mode client jobs/python/wordcountjob.py. Error code is: 1.; 719)
Traceback (most recent call last):
  File "/home/airflow/.local/lib/python3.12/site-packages/airflow/task/task_runner/standard_task_runner.py", line 117, in _start_by_fork
    ret = args.func(args, dag=self.dag)
          ^^^^^^^^^^^^^^^^^^^^^^^^^^^^^
  File "/home/airflow/.local/lib/python3.12/site-packages/airflow/cli/cli_config.py", line 49, in command
    return func(*args, **kwargs)
           ^^^^^^^^^^^^^^^^^^^^^
  File "/home/airflow/.local/lib/python3.12/site-packages/airflow/utils/cli.py", line 116, in wrapper
    return f(*args, **kwargs)
           ^^^^^^^^^^^^^^^^^^
  File "/home/airflow/.local/lib/python3.12/site-packages/airflow/cli/commands/task_command.py", line 483, in task_run
    task_return_code = _run_task_by_selected_method(args, _dag, ti)
                       ^^^^^^^^^^^^^^^^^^^^^^^^^^^^^^^^^^^^^^^^^^^^
  File "/home/airflow/.local/lib/python3.12/site-packages/airflow/cli/commands/task_command.py", line 256, in _run_task_by_selected_method
    return _run_raw_task(args, ti)
           ^^^^^^^^^^^^^^^^^^^^^^^
  File "/home/airflow/.local/lib/python3.12/site-packages/airflow/cli/commands/task_command.py", line 341, in _run_raw_task
    return ti._run_raw_task(
           ^^^^^^^^^^^^^^^^^
  File "/home/airflow/.local/lib/python3.12/site-packages/airflow/utils/session.py", line 97, in wrapper
    return func(*args, session=session, **kwargs)
           ^^^^^^^^^^^^^^^^^^^^^^^^^^^^^^^^^^^^^^
  File "/home/airflow/.local/lib/python3.12/site-packages/airflow/models/taskinstance.py", line 3005, in _run_raw_task
    return _run_raw_task(
           ^^^^^^^^^^^^^^
  File "/home/airflow/.local/lib/python3.12/site-packages/airflow/models/taskinstance.py", line 273, in _run_raw_task
    TaskInstance._execute_task_with_callbacks(
  File "/home/airflow/.local/lib/python3.12/site-packages/airflow/models/taskinstance.py", line 3159, in _execute_task_with_callbacks
    result = self._execute_task(context, task_orig)
             ^^^^^^^^^^^^^^^^^^^^^^^^^^^^^^^^^^^^^^
  File "/home/airflow/.local/lib/python3.12/site-packages/airflow/models/taskinstance.py", line 3183, in _execute_task
    return _execute_task(self, context, task_orig)
           ^^^^^^^^^^^^^^^^^^^^^^^^^^^^^^^^^^^^^^^
  File "/home/airflow/.local/lib/python3.12/site-packages/airflow/models/taskinstance.py", line 767, in _execute_task
    result = _execute_callable(context=context, **execute_callable_kwargs)
             ^^^^^^^^^^^^^^^^^^^^^^^^^^^^^^^^^^^^^^^^^^^^^^^^^^^^^^^^^^^^^
  File "/home/airflow/.local/lib/python3.12/site-packages/airflow/models/taskinstance.py", line 733, in _execute_callable
    return ExecutionCallableRunner(
           ^^^^^^^^^^^^^^^^^^^^^^^^
  File "/home/airflow/.local/lib/python3.12/site-packages/airflow/utils/operator_helpers.py", line 252, in run
    return self.func(*args, **kwargs)
           ^^^^^^^^^^^^^^^^^^^^^^^^^^
  File "/home/airflow/.local/lib/python3.12/site-packages/airflow/models/baseoperator.py", line 417, in wrapper
    return func(self, *args, **kwargs)
           ^^^^^^^^^^^^^^^^^^^^^^^^^^^
  File "/home/airflow/.local/lib/python3.12/site-packages/airflow/providers/apache/spark/operators/spark_submit.py", line 176, in execute
    self._hook.submit(self.application)
  File "/home/airflow/.local/lib/python3.12/site-packages/airflow/providers/apache/spark/hooks/spark_submit.py", line 560, in submit
    raise AirflowException(
airflow.exceptions.AirflowException: Cannot execute: spark-submit --master spark-master:7077 --name arrow-spark --deploy-mode client jobs/python/wordcountjob.py. Error code is: 1.
[2024-12-09T19:46:33.862+0000] {local_task_job_runner.py:266} INFO - Task exited with return code 1
[2024-12-09T19:46:34.101+0000] {taskinstance.py:3895} INFO - 0 downstream tasks scheduled from follow-on schedule check
[2024-12-09T19:46:34.138+0000] {local_task_job_runner.py:245} INFO - ::endgroup::
