[2024-12-09T12:58:52.773+0000] {local_task_job_runner.py:123} INFO - ::group::Pre task execution logs
[2024-12-09T12:58:52.791+0000] {taskinstance.py:2613} INFO - Dependencies all met for dep_context=non-requeueable deps ti=<TaskInstance: sparking_flow.python_job manual__2024-12-09T12:58:51.468961+00:00 [queued]>
[2024-12-09T12:58:52.798+0000] {taskinstance.py:2613} INFO - Dependencies all met for dep_context=requeueable deps ti=<TaskInstance: sparking_flow.python_job manual__2024-12-09T12:58:51.468961+00:00 [queued]>
[2024-12-09T12:58:52.801+0000] {taskinstance.py:2866} INFO - Starting attempt 1 of 1
[2024-12-09T12:58:52.821+0000] {taskinstance.py:2889} INFO - Executing <Task(SparkSubmitOperator): python_job> on 2024-12-09 12:58:51.468961+00:00
[2024-12-09T12:58:52.830+0000] {logging_mixin.py:190} WARNING - /home/***/.local/lib/python3.12/site-packages/***/task/task_runner/standard_task_runner.py:70 DeprecationWarning: This process (pid=185) is multi-threaded, use of fork() may lead to deadlocks in the child.
[2024-12-09T12:58:52.831+0000] {standard_task_runner.py:72} INFO - Started process 191 to run task
[2024-12-09T12:58:52.830+0000] {standard_task_runner.py:104} INFO - Running: ['***', 'tasks', 'run', 'sparking_flow', 'python_job', 'manual__2024-12-09T12:58:51.468961+00:00', '--job-id', '449', '--raw', '--subdir', 'DAGS_FOLDER/spark_***.py', '--cfg-path', '/tmp/tmpqt493xne']
[2024-12-09T12:58:52.835+0000] {standard_task_runner.py:105} INFO - Job 449: Subtask python_job
[2024-12-09T12:58:52.896+0000] {task_command.py:467} INFO - Running <TaskInstance: sparking_flow.python_job manual__2024-12-09T12:58:51.468961+00:00 [running]> on host 2a892a3469ec
[2024-12-09T12:58:53.006+0000] {taskinstance.py:3132} INFO - Exporting env vars: AIRFLOW_CTX_DAG_OWNER='Yusuf Ganiyu' AIRFLOW_CTX_DAG_ID='sparking_flow' AIRFLOW_CTX_TASK_ID='python_job' AIRFLOW_CTX_EXECUTION_DATE='2024-12-09T12:58:51.468961+00:00' AIRFLOW_CTX_TRY_NUMBER='1' AIRFLOW_CTX_DAG_RUN_ID='manual__2024-12-09T12:58:51.468961+00:00'
[2024-12-09T12:58:53.007+0000] {taskinstance.py:731} INFO - ::endgroup::
[2024-12-09T12:58:53.050+0000] {base.py:84} INFO - Retrieving connection 'spark-conn'
[2024-12-09T12:58:53.052+0000] {spark_submit.py:473} INFO - Spark-Submit cmd: spark-submit --master spark://sparkingflow-spark-master-1:7077 --name arrow-spark --deploy-mode client jobs/python/wordcountjob.py
[2024-12-09T12:58:58.469+0000] {spark_submit.py:634} INFO - 24/12/09 12:58:58 INFO SparkContext: Running Spark version 3.5.3
[2024-12-09T12:58:58.477+0000] {spark_submit.py:634} INFO - 24/12/09 12:58:58 INFO SparkContext: OS info Linux, 6.10.14-linuxkit, aarch64
[2024-12-09T12:58:58.478+0000] {spark_submit.py:634} INFO - 24/12/09 12:58:58 INFO SparkContext: Java version 17.0.13
[2024-12-09T12:58:58.565+0000] {spark_submit.py:634} INFO - 24/12/09 12:58:58 WARN NativeCodeLoader: Unable to load native-hadoop library for your platform... using builtin-java classes where applicable
[2024-12-09T12:58:58.778+0000] {spark_submit.py:634} INFO - 24/12/09 12:58:58 INFO ResourceUtils: ==============================================================
[2024-12-09T12:58:58.787+0000] {spark_submit.py:634} INFO - 24/12/09 12:58:58 INFO ResourceUtils: No custom resources configured for spark.driver.
[2024-12-09T12:58:58.791+0000] {spark_submit.py:634} INFO - 24/12/09 12:58:58 INFO ResourceUtils: ==============================================================
[2024-12-09T12:58:58.792+0000] {spark_submit.py:634} INFO - 24/12/09 12:58:58 INFO SparkContext: Submitted application: CSVReadExample
[2024-12-09T12:58:58.829+0000] {spark_submit.py:634} INFO - 24/12/09 12:58:58 INFO ResourceProfile: Default ResourceProfile created, executor resources: Map(memory -> name: memory, amount: 1024, script: , vendor: , offHeap -> name: offHeap, amount: 0, script: , vendor: ), task resources: Map(cpus -> name: cpus, amount: 1.0)
[2024-12-09T12:58:58.846+0000] {spark_submit.py:634} INFO - 24/12/09 12:58:58 INFO ResourceProfile: Limiting resource is cpu
[2024-12-09T12:58:58.855+0000] {spark_submit.py:634} INFO - 24/12/09 12:58:58 INFO ResourceProfileManager: Added ResourceProfile id: 0
[2024-12-09T12:58:58.952+0000] {spark_submit.py:634} INFO - 24/12/09 12:58:58 INFO SecurityManager: Changing view acls to: ***
[2024-12-09T12:58:58.956+0000] {spark_submit.py:634} INFO - 24/12/09 12:58:58 INFO SecurityManager: Changing modify acls to: ***
[2024-12-09T12:58:58.956+0000] {spark_submit.py:634} INFO - 24/12/09 12:58:58 INFO SecurityManager: Changing view acls groups to:
[2024-12-09T12:58:58.960+0000] {spark_submit.py:634} INFO - 24/12/09 12:58:58 INFO SecurityManager: Changing modify acls groups to:
[2024-12-09T12:58:58.966+0000] {spark_submit.py:634} INFO - 24/12/09 12:58:58 INFO SecurityManager: SecurityManager: authentication disabled; ui acls disabled; users with view permissions: ***; groups with view permissions: EMPTY; users with modify permissions: ***; groups with modify permissions: EMPTY
[2024-12-09T12:58:59.546+0000] {spark_submit.py:634} INFO - 24/12/09 12:58:59 INFO Utils: Successfully started service 'sparkDriver' on port 44139.
[2024-12-09T12:58:59.640+0000] {spark_submit.py:634} INFO - 24/12/09 12:58:59 INFO SparkEnv: Registering MapOutputTracker
[2024-12-09T12:58:59.714+0000] {spark_submit.py:634} INFO - 24/12/09 12:58:59 INFO SparkEnv: Registering BlockManagerMaster
[2024-12-09T12:58:59.761+0000] {spark_submit.py:634} INFO - 24/12/09 12:58:59 INFO BlockManagerMasterEndpoint: Using org.apache.spark.storage.DefaultTopologyMapper for getting topology information
[2024-12-09T12:58:59.763+0000] {spark_submit.py:634} INFO - 24/12/09 12:58:59 INFO BlockManagerMasterEndpoint: BlockManagerMasterEndpoint up
[2024-12-09T12:58:59.777+0000] {spark_submit.py:634} INFO - 24/12/09 12:58:59 INFO SparkEnv: Registering BlockManagerMasterHeartbeat
[2024-12-09T12:58:59.830+0000] {spark_submit.py:634} INFO - 24/12/09 12:58:59 INFO DiskBlockManager: Created local directory at /tmp/blockmgr-1f179bcf-d9a3-4f03-8e5a-7bdaa3eb16dc
[2024-12-09T12:58:59.857+0000] {spark_submit.py:634} INFO - 24/12/09 12:58:59 INFO MemoryStore: MemoryStore started with capacity 434.4 MiB
[2024-12-09T12:58:59.910+0000] {spark_submit.py:634} INFO - 24/12/09 12:58:59 INFO SparkEnv: Registering OutputCommitCoordinator
[2024-12-09T12:59:00.162+0000] {spark_submit.py:634} INFO - 24/12/09 12:59:00 INFO JettyUtils: Start Jetty 0.0.0.0:4040 for SparkUI
[2024-12-09T12:59:00.264+0000] {spark_submit.py:634} INFO - 24/12/09 12:59:00 WARN Utils: Service 'SparkUI' could not bind on port 4040. Attempting port 4041.
[2024-12-09T12:59:00.269+0000] {spark_submit.py:634} INFO - 24/12/09 12:59:00 WARN Utils: Service 'SparkUI' could not bind on port 4041. Attempting port 4042.
[2024-12-09T12:59:00.280+0000] {spark_submit.py:634} INFO - 24/12/09 12:59:00 INFO Utils: Successfully started service 'SparkUI' on port 4042.
[2024-12-09T12:59:00.596+0000] {spark_submit.py:634} INFO - 24/12/09 12:59:00 INFO StandaloneAppClient$ClientEndpoint: Connecting to master spark://sparkingflow-spark-master-1:7077...
[2024-12-09T12:59:00.712+0000] {spark_submit.py:634} INFO - 24/12/09 12:59:00 INFO TransportClientFactory: Successfully created connection to sparkingflow-spark-master-1/172.18.0.5:7077 after 57 ms (0 ms spent in bootstraps)
[2024-12-09T12:59:01.015+0000] {spark_submit.py:634} INFO - 24/12/09 12:59:01 INFO StandaloneSchedulerBackend: Connected to Spark cluster with app ID app-20241209125900-0001
[2024-12-09T12:59:01.048+0000] {spark_submit.py:634} INFO - 24/12/09 12:59:01 INFO Utils: Successfully started service 'org.apache.spark.network.netty.NettyBlockTransferService' on port 43437.
[2024-12-09T12:59:01.049+0000] {spark_submit.py:634} INFO - 24/12/09 12:59:01 INFO NettyBlockTransferService: Server created on 2a892a3469ec:43437
[2024-12-09T12:59:01.053+0000] {spark_submit.py:634} INFO - 24/12/09 12:59:01 INFO BlockManager: Using org.apache.spark.storage.RandomBlockReplicationPolicy for block replication policy
[2024-12-09T12:59:01.082+0000] {spark_submit.py:634} INFO - 24/12/09 12:59:01 INFO BlockManagerMaster: Registering BlockManager BlockManagerId(driver, 2a892a3469ec, 43437, None)
[2024-12-09T12:59:01.093+0000] {spark_submit.py:634} INFO - 24/12/09 12:59:01 INFO BlockManagerMasterEndpoint: Registering block manager 2a892a3469ec:43437 with 434.4 MiB RAM, BlockManagerId(driver, 2a892a3469ec, 43437, None)
[2024-12-09T12:59:01.099+0000] {spark_submit.py:634} INFO - 24/12/09 12:59:01 INFO BlockManagerMaster: Registered BlockManager BlockManagerId(driver, 2a892a3469ec, 43437, None)
[2024-12-09T12:59:01.104+0000] {spark_submit.py:634} INFO - 24/12/09 12:59:01 INFO BlockManager: Initialized BlockManager: BlockManagerId(driver, 2a892a3469ec, 43437, None)
[2024-12-09T12:59:01.940+0000] {spark_submit.py:634} INFO - 24/12/09 12:59:01 INFO StandaloneSchedulerBackend: SchedulerBackend is ready for scheduling beginning after reached minRegisteredResourcesRatio: 0.0
[2024-12-09T12:59:02.547+0000] {spark_submit.py:634} INFO - file_path /temp/data/test1234.csv
[2024-12-09T12:59:02.551+0000] {spark_submit.py:634} INFO - False
[2024-12-09T12:59:02.696+0000] {spark_submit.py:634} INFO - 24/12/09 12:59:02 INFO SharedState: Setting hive.metastore.warehouse.dir ('null') to the value of spark.sql.warehouse.dir.
[2024-12-09T12:59:02.711+0000] {spark_submit.py:634} INFO - 24/12/09 12:59:02 INFO SharedState: Warehouse path is 'file:/opt/***/spark-warehouse'.
[2024-12-09T12:59:04.630+0000] {spark_submit.py:634} INFO - Traceback (most recent call last):
[2024-12-09T12:59:04.632+0000] {spark_submit.py:634} INFO - File "/opt/***/jobs/python/wordcountjob.py", line 51, in <module>
[2024-12-09T12:59:04.633+0000] {spark_submit.py:634} INFO - df = spark.read.format("csv").option("header","false").load('file:////temp/data/test1234.csv')
[2024-12-09T12:59:04.634+0000] {spark_submit.py:634} INFO - ^^^^^^^^^^^^^^^^^^^^^^^^^^^^^^^^^^^^^^^^^^^^^^^^^^^^^^^^^^^^^^^^^^^^^^^^^^^^^^^^^^^^^^^^^
[2024-12-09T12:59:04.637+0000] {spark_submit.py:634} INFO - File "/home/***/.local/lib/python3.12/site-packages/pyspark/python/lib/pyspark.zip/pyspark/sql/readwriter.py", line 307, in load
[2024-12-09T12:59:04.638+0000] {spark_submit.py:634} INFO - File "/home/***/.local/lib/python3.12/site-packages/pyspark/python/lib/py4j-0.10.9.7-src.zip/py4j/java_gateway.py", line 1322, in __call__
[2024-12-09T12:59:04.639+0000] {spark_submit.py:634} INFO - File "/home/***/.local/lib/python3.12/site-packages/pyspark/python/lib/pyspark.zip/pyspark/errors/exceptions/captured.py", line 185, in deco
[2024-12-09T12:59:04.654+0000] {spark_submit.py:634} INFO - pyspark.errors.exceptions.captured.AnalysisException: [PATH_NOT_FOUND] Path does not exist: file:/temp/data/test1234.csv.
[2024-12-09T12:59:04.776+0000] {spark_submit.py:634} INFO - 24/12/09 12:59:04 INFO SparkContext: Invoking stop() from shutdown hook
[2024-12-09T12:59:04.778+0000] {spark_submit.py:634} INFO - 24/12/09 12:59:04 INFO SparkContext: SparkContext is stopping with exitCode 0.
[2024-12-09T12:59:04.801+0000] {spark_submit.py:634} INFO - 24/12/09 12:59:04 INFO SparkUI: Stopped Spark web UI at http://2a892a3469ec:4042
[2024-12-09T12:59:04.808+0000] {spark_submit.py:634} INFO - 24/12/09 12:59:04 INFO StandaloneSchedulerBackend: Shutting down all executors
[2024-12-09T12:59:04.813+0000] {spark_submit.py:634} INFO - 24/12/09 12:59:04 INFO StandaloneSchedulerBackend$StandaloneDriverEndpoint: Asking each executor to shut down
[2024-12-09T12:59:04.881+0000] {spark_submit.py:634} INFO - 24/12/09 12:59:04 INFO MapOutputTrackerMasterEndpoint: MapOutputTrackerMasterEndpoint stopped!
[2024-12-09T12:59:04.922+0000] {spark_submit.py:634} INFO - 24/12/09 12:59:04 INFO MemoryStore: MemoryStore cleared
[2024-12-09T12:59:04.923+0000] {spark_submit.py:634} INFO - 24/12/09 12:59:04 INFO BlockManager: BlockManager stopped
[2024-12-09T12:59:04.955+0000] {spark_submit.py:634} INFO - 24/12/09 12:59:04 INFO BlockManagerMaster: BlockManagerMaster stopped
[2024-12-09T12:59:04.969+0000] {spark_submit.py:634} INFO - 24/12/09 12:59:04 INFO OutputCommitCoordinator$OutputCommitCoordinatorEndpoint: OutputCommitCoordinator stopped!
[2024-12-09T12:59:05.007+0000] {spark_submit.py:634} INFO - 24/12/09 12:59:05 INFO SparkContext: Successfully stopped SparkContext
[2024-12-09T12:59:05.009+0000] {spark_submit.py:634} INFO - 24/12/09 12:59:05 INFO ShutdownHookManager: Shutdown hook called
[2024-12-09T12:59:05.010+0000] {spark_submit.py:634} INFO - 24/12/09 12:59:05 INFO ShutdownHookManager: Deleting directory /tmp/spark-7885835e-cb6f-42df-a14c-ac4df4afd2e5
[2024-12-09T12:59:05.016+0000] {spark_submit.py:634} INFO - 24/12/09 12:59:05 INFO ShutdownHookManager: Deleting directory /tmp/spark-04ffd67e-ff95-44a6-bed0-a5847b3e985e
[2024-12-09T12:59:05.026+0000] {spark_submit.py:634} INFO - 24/12/09 12:59:05 INFO ShutdownHookManager: Deleting directory /tmp/spark-04ffd67e-ff95-44a6-bed0-a5847b3e985e/pyspark-d1ea2add-4883-4868-9c0e-c930e347d82c
[2024-12-09T12:59:05.107+0000] {taskinstance.py:3311} ERROR - Task failed with exception
Traceback (most recent call last):
  File "/home/airflow/.local/lib/python3.12/site-packages/airflow/models/taskinstance.py", line 767, in _execute_task
    result = _execute_callable(context=context, **execute_callable_kwargs)
             ^^^^^^^^^^^^^^^^^^^^^^^^^^^^^^^^^^^^^^^^^^^^^^^^^^^^^^^^^^^^^
  File "/home/airflow/.local/lib/python3.12/site-packages/airflow/models/taskinstance.py", line 733, in _execute_callable
    return ExecutionCallableRunner(
           ^^^^^^^^^^^^^^^^^^^^^^^^
  File "/home/airflow/.local/lib/python3.12/site-packages/airflow/utils/operator_helpers.py", line 252, in run
    return self.func(*args, **kwargs)
           ^^^^^^^^^^^^^^^^^^^^^^^^^^
  File "/home/airflow/.local/lib/python3.12/site-packages/airflow/models/baseoperator.py", line 417, in wrapper
    return func(self, *args, **kwargs)
           ^^^^^^^^^^^^^^^^^^^^^^^^^^^
  File "/home/airflow/.local/lib/python3.12/site-packages/airflow/providers/apache/spark/operators/spark_submit.py", line 176, in execute
    self._hook.submit(self.application)
  File "/home/airflow/.local/lib/python3.12/site-packages/airflow/providers/apache/spark/hooks/spark_submit.py", line 560, in submit
    raise AirflowException(
airflow.exceptions.AirflowException: Cannot execute: spark-submit --master spark://sparkingflow-spark-master-1:7077 --name arrow-spark --deploy-mode client jobs/python/wordcountjob.py. Error code is: 1.
[2024-12-09T12:59:05.120+0000] {taskinstance.py:1225} INFO - Marking task as FAILED. dag_id=sparking_flow, task_id=python_job, run_id=manual__2024-12-09T12:58:51.468961+00:00, execution_date=20241209T125851, start_date=20241209T125852, end_date=20241209T125905
[2024-12-09T12:59:05.146+0000] {taskinstance.py:340} INFO - ::group::Post task execution logs
[2024-12-09T12:59:05.147+0000] {standard_task_runner.py:124} ERROR - Failed to execute job 449 for task python_job (Cannot execute: spark-submit --master spark://sparkingflow-spark-master-1:7077 --name arrow-spark --deploy-mode client jobs/python/wordcountjob.py. Error code is: 1.; 191)
Traceback (most recent call last):
  File "/home/airflow/.local/lib/python3.12/site-packages/airflow/task/task_runner/standard_task_runner.py", line 117, in _start_by_fork
    ret = args.func(args, dag=self.dag)
          ^^^^^^^^^^^^^^^^^^^^^^^^^^^^^
  File "/home/airflow/.local/lib/python3.12/site-packages/airflow/cli/cli_config.py", line 49, in command
    return func(*args, **kwargs)
           ^^^^^^^^^^^^^^^^^^^^^
  File "/home/airflow/.local/lib/python3.12/site-packages/airflow/utils/cli.py", line 116, in wrapper
    return f(*args, **kwargs)
           ^^^^^^^^^^^^^^^^^^
  File "/home/airflow/.local/lib/python3.12/site-packages/airflow/cli/commands/task_command.py", line 483, in task_run
    task_return_code = _run_task_by_selected_method(args, _dag, ti)
                       ^^^^^^^^^^^^^^^^^^^^^^^^^^^^^^^^^^^^^^^^^^^^
  File "/home/airflow/.local/lib/python3.12/site-packages/airflow/cli/commands/task_command.py", line 256, in _run_task_by_selected_method
    return _run_raw_task(args, ti)
           ^^^^^^^^^^^^^^^^^^^^^^^
  File "/home/airflow/.local/lib/python3.12/site-packages/airflow/cli/commands/task_command.py", line 341, in _run_raw_task
    return ti._run_raw_task(
           ^^^^^^^^^^^^^^^^^
  File "/home/airflow/.local/lib/python3.12/site-packages/airflow/utils/session.py", line 97, in wrapper
    return func(*args, session=session, **kwargs)
           ^^^^^^^^^^^^^^^^^^^^^^^^^^^^^^^^^^^^^^
  File "/home/airflow/.local/lib/python3.12/site-packages/airflow/models/taskinstance.py", line 3005, in _run_raw_task
    return _run_raw_task(
           ^^^^^^^^^^^^^^
  File "/home/airflow/.local/lib/python3.12/site-packages/airflow/models/taskinstance.py", line 273, in _run_raw_task
    TaskInstance._execute_task_with_callbacks(
  File "/home/airflow/.local/lib/python3.12/site-packages/airflow/models/taskinstance.py", line 3159, in _execute_task_with_callbacks
    result = self._execute_task(context, task_orig)
             ^^^^^^^^^^^^^^^^^^^^^^^^^^^^^^^^^^^^^^
  File "/home/airflow/.local/lib/python3.12/site-packages/airflow/models/taskinstance.py", line 3183, in _execute_task
    return _execute_task(self, context, task_orig)
           ^^^^^^^^^^^^^^^^^^^^^^^^^^^^^^^^^^^^^^^
  File "/home/airflow/.local/lib/python3.12/site-packages/airflow/models/taskinstance.py", line 767, in _execute_task
    result = _execute_callable(context=context, **execute_callable_kwargs)
             ^^^^^^^^^^^^^^^^^^^^^^^^^^^^^^^^^^^^^^^^^^^^^^^^^^^^^^^^^^^^^
  File "/home/airflow/.local/lib/python3.12/site-packages/airflow/models/taskinstance.py", line 733, in _execute_callable
    return ExecutionCallableRunner(
           ^^^^^^^^^^^^^^^^^^^^^^^^
  File "/home/airflow/.local/lib/python3.12/site-packages/airflow/utils/operator_helpers.py", line 252, in run
    return self.func(*args, **kwargs)
           ^^^^^^^^^^^^^^^^^^^^^^^^^^
  File "/home/airflow/.local/lib/python3.12/site-packages/airflow/models/baseoperator.py", line 417, in wrapper
    return func(self, *args, **kwargs)
           ^^^^^^^^^^^^^^^^^^^^^^^^^^^
  File "/home/airflow/.local/lib/python3.12/site-packages/airflow/providers/apache/spark/operators/spark_submit.py", line 176, in execute
    self._hook.submit(self.application)
  File "/home/airflow/.local/lib/python3.12/site-packages/airflow/providers/apache/spark/hooks/spark_submit.py", line 560, in submit
    raise AirflowException(
airflow.exceptions.AirflowException: Cannot execute: spark-submit --master spark://sparkingflow-spark-master-1:7077 --name arrow-spark --deploy-mode client jobs/python/wordcountjob.py. Error code is: 1.
[2024-12-09T12:59:05.160+0000] {local_task_job_runner.py:266} INFO - Task exited with return code 1
[2024-12-09T12:59:05.201+0000] {taskinstance.py:3895} INFO - 0 downstream tasks scheduled from follow-on schedule check
[2024-12-09T12:59:05.206+0000] {local_task_job_runner.py:245} INFO - ::endgroup::
