[2024-12-09T17:52:30.744+0000] {local_task_job_runner.py:123} INFO - ::group::Pre task execution logs
[2024-12-09T17:52:30.766+0000] {taskinstance.py:2613} INFO - Dependencies all met for dep_context=non-requeueable deps ti=<TaskInstance: sparking_flow.scala_job manual__2024-12-09T17:52:28.741877+00:00 [queued]>
[2024-12-09T17:52:30.782+0000] {taskinstance.py:2613} INFO - Dependencies all met for dep_context=requeueable deps ti=<TaskInstance: sparking_flow.scala_job manual__2024-12-09T17:52:28.741877+00:00 [queued]>
[2024-12-09T17:52:30.783+0000] {taskinstance.py:2866} INFO - Starting attempt 1 of 1
[2024-12-09T17:52:30.797+0000] {taskinstance.py:2889} INFO - Executing <Task(SparkSubmitOperator): scala_job> on 2024-12-09 17:52:28.741877+00:00
[2024-12-09T17:52:30.806+0000] {logging_mixin.py:190} WARNING - /home/***/.local/lib/python3.12/site-packages/***/task/task_runner/standard_task_runner.py:70 DeprecationWarning: This process (pid=187) is multi-threaded, use of fork() may lead to deadlocks in the child.
[2024-12-09T17:52:30.808+0000] {standard_task_runner.py:72} INFO - Started process 188 to run task
[2024-12-09T17:52:30.808+0000] {standard_task_runner.py:104} INFO - Running: ['***', 'tasks', 'run', 'sparking_flow', 'scala_job', 'manual__2024-12-09T17:52:28.741877+00:00', '--job-id', '578', '--raw', '--subdir', 'DAGS_FOLDER/spark_***.py', '--cfg-path', '/tmp/tmps_58c376']
[2024-12-09T17:52:30.811+0000] {standard_task_runner.py:105} INFO - Job 578: Subtask scala_job
[2024-12-09T17:52:30.894+0000] {task_command.py:467} INFO - Running <TaskInstance: sparking_flow.scala_job manual__2024-12-09T17:52:28.741877+00:00 [running]> on host 2a892a3469ec
[2024-12-09T17:52:31.056+0000] {taskinstance.py:3132} INFO - Exporting env vars: AIRFLOW_CTX_DAG_OWNER='Yusuf Ganiyu' AIRFLOW_CTX_DAG_ID='sparking_flow' AIRFLOW_CTX_TASK_ID='scala_job' AIRFLOW_CTX_EXECUTION_DATE='2024-12-09T17:52:28.741877+00:00' AIRFLOW_CTX_TRY_NUMBER='1' AIRFLOW_CTX_DAG_RUN_ID='manual__2024-12-09T17:52:28.741877+00:00'
[2024-12-09T17:52:31.057+0000] {taskinstance.py:731} INFO - ::endgroup::
[2024-12-09T17:52:31.103+0000] {base.py:84} INFO - Retrieving connection 'spark-conn'
[2024-12-09T17:52:31.108+0000] {spark_submit.py:473} INFO - Spark-Submit cmd: spark-submit --master spark://sparkingflow-spark-master-1:7077 --name arrow-spark --deploy-mode client jobs/scala/target/scala-2.12/word-count_2.12-0.1.jar
[2024-12-09T17:52:36.038+0000] {spark_submit.py:634} INFO - 24/12/09 17:52:36 WARN NativeCodeLoader: Unable to load native-hadoop library for your platform... using builtin-java classes where applicable
[2024-12-09T17:52:36.423+0000] {spark_submit.py:634} INFO - 24/12/09 17:52:36 INFO SparkContext: Running Spark version 3.5.3
[2024-12-09T17:52:36.424+0000] {spark_submit.py:634} INFO - 24/12/09 17:52:36 INFO SparkContext: OS info Linux, 6.10.14-linuxkit, aarch64
[2024-12-09T17:52:36.424+0000] {spark_submit.py:634} INFO - 24/12/09 17:52:36 INFO SparkContext: Java version 17.0.13
[2024-12-09T17:52:36.462+0000] {spark_submit.py:634} INFO - 24/12/09 17:52:36 INFO ResourceUtils: ==============================================================
[2024-12-09T17:52:36.464+0000] {spark_submit.py:634} INFO - 24/12/09 17:52:36 INFO ResourceUtils: No custom resources configured for spark.driver.
[2024-12-09T17:52:36.465+0000] {spark_submit.py:634} INFO - 24/12/09 17:52:36 INFO ResourceUtils: ==============================================================
[2024-12-09T17:52:36.466+0000] {spark_submit.py:634} INFO - 24/12/09 17:52:36 INFO SparkContext: Submitted application: Word Count
[2024-12-09T17:52:36.495+0000] {spark_submit.py:634} INFO - 24/12/09 17:52:36 INFO ResourceProfile: Default ResourceProfile created, executor resources: Map(memory -> name: memory, amount: 1024, script: , vendor: , offHeap -> name: offHeap, amount: 0, script: , vendor: ), task resources: Map(cpus -> name: cpus, amount: 1.0)
[2024-12-09T17:52:36.507+0000] {spark_submit.py:634} INFO - 24/12/09 17:52:36 INFO ResourceProfile: Limiting resource is cpu
[2024-12-09T17:52:36.512+0000] {spark_submit.py:634} INFO - 24/12/09 17:52:36 INFO ResourceProfileManager: Added ResourceProfile id: 0
[2024-12-09T17:52:36.585+0000] {spark_submit.py:634} INFO - 24/12/09 17:52:36 INFO SecurityManager: Changing view acls to: ***
[2024-12-09T17:52:36.586+0000] {spark_submit.py:634} INFO - 24/12/09 17:52:36 INFO SecurityManager: Changing modify acls to: ***
[2024-12-09T17:52:36.587+0000] {spark_submit.py:634} INFO - 24/12/09 17:52:36 INFO SecurityManager: Changing view acls groups to:
[2024-12-09T17:52:36.588+0000] {spark_submit.py:634} INFO - 24/12/09 17:52:36 INFO SecurityManager: Changing modify acls groups to:
[2024-12-09T17:52:36.589+0000] {spark_submit.py:634} INFO - 24/12/09 17:52:36 INFO SecurityManager: SecurityManager: authentication disabled; ui acls disabled; users with view permissions: ***; groups with view permissions: EMPTY; users with modify permissions: ***; groups with modify permissions: EMPTY
[2024-12-09T17:52:36.955+0000] {spark_submit.py:634} INFO - 24/12/09 17:52:36 INFO Utils: Successfully started service 'sparkDriver' on port 45517.
[2024-12-09T17:52:37.001+0000] {spark_submit.py:634} INFO - 24/12/09 17:52:37 INFO SparkEnv: Registering MapOutputTracker
[2024-12-09T17:52:37.113+0000] {spark_submit.py:634} INFO - 24/12/09 17:52:37 INFO SparkEnv: Registering BlockManagerMaster
[2024-12-09T17:52:37.143+0000] {spark_submit.py:634} INFO - 24/12/09 17:52:37 INFO BlockManagerMasterEndpoint: Using org.apache.spark.storage.DefaultTopologyMapper for getting topology information
[2024-12-09T17:52:37.147+0000] {spark_submit.py:634} INFO - 24/12/09 17:52:37 INFO BlockManagerMasterEndpoint: BlockManagerMasterEndpoint up
[2024-12-09T17:52:37.153+0000] {spark_submit.py:634} INFO - 24/12/09 17:52:37 INFO SparkEnv: Registering BlockManagerMasterHeartbeat
[2024-12-09T17:52:37.178+0000] {spark_submit.py:634} INFO - 24/12/09 17:52:37 INFO DiskBlockManager: Created local directory at /tmp/blockmgr-7d6ac9e8-0869-4880-a766-866809c77a58
[2024-12-09T17:52:37.198+0000] {spark_submit.py:634} INFO - 24/12/09 17:52:37 INFO MemoryStore: MemoryStore started with capacity 434.4 MiB
[2024-12-09T17:52:37.222+0000] {spark_submit.py:634} INFO - 24/12/09 17:52:37 INFO SparkEnv: Registering OutputCommitCoordinator
[2024-12-09T17:52:37.463+0000] {spark_submit.py:634} INFO - 24/12/09 17:52:37 INFO JettyUtils: Start Jetty 0.0.0.0:4040 for SparkUI
[2024-12-09T17:52:37.549+0000] {spark_submit.py:634} INFO - 24/12/09 17:52:37 WARN Utils: Service 'SparkUI' could not bind on port 4040. Attempting port 4041.
[2024-12-09T17:52:37.562+0000] {spark_submit.py:634} INFO - 24/12/09 17:52:37 INFO Utils: Successfully started service 'SparkUI' on port 4041.
[2024-12-09T17:52:37.623+0000] {spark_submit.py:634} INFO - 24/12/09 17:52:37 INFO SparkContext: Added JAR file:/opt/***/jobs/scala/target/scala-2.12/word-count_2.12-0.1.jar at spark://2a892a3469ec:45517/jars/word-count_2.12-0.1.jar with timestamp 1733766756404
[2024-12-09T17:52:37.793+0000] {spark_submit.py:634} INFO - 24/12/09 17:52:37 INFO StandaloneAppClient$ClientEndpoint: Connecting to master spark://spark-master:7077...
[2024-12-09T17:52:37.905+0000] {spark_submit.py:634} INFO - 24/12/09 17:52:37 INFO TransportClientFactory: Successfully created connection to spark-master/172.18.0.4:7077 after 49 ms (0 ms spent in bootstraps)
[2024-12-09T17:52:38.222+0000] {spark_submit.py:634} INFO - 24/12/09 17:52:38 INFO StandaloneSchedulerBackend: Connected to Spark cluster with app ID app-20241209175238-0000
[2024-12-09T17:52:38.244+0000] {spark_submit.py:634} INFO - 24/12/09 17:52:38 INFO Utils: Successfully started service 'org.apache.spark.network.netty.NettyBlockTransferService' on port 39371.
[2024-12-09T17:52:38.246+0000] {spark_submit.py:634} INFO - 24/12/09 17:52:38 INFO NettyBlockTransferService: Server created on 2a892a3469ec:39371
[2024-12-09T17:52:38.252+0000] {spark_submit.py:634} INFO - 24/12/09 17:52:38 INFO BlockManager: Using org.apache.spark.storage.RandomBlockReplicationPolicy for block replication policy
[2024-12-09T17:52:38.260+0000] {spark_submit.py:634} INFO - 24/12/09 17:52:38 INFO BlockManagerMaster: Registering BlockManager BlockManagerId(driver, 2a892a3469ec, 39371, None)
[2024-12-09T17:52:38.267+0000] {spark_submit.py:634} INFO - 24/12/09 17:52:38 INFO BlockManagerMasterEndpoint: Registering block manager 2a892a3469ec:39371 with 434.4 MiB RAM, BlockManagerId(driver, 2a892a3469ec, 39371, None)
[2024-12-09T17:52:38.269+0000] {spark_submit.py:634} INFO - 24/12/09 17:52:38 INFO BlockManagerMaster: Registered BlockManager BlockManagerId(driver, 2a892a3469ec, 39371, None)
[2024-12-09T17:52:38.273+0000] {spark_submit.py:634} INFO - 24/12/09 17:52:38 INFO BlockManager: Initialized BlockManager: BlockManagerId(driver, 2a892a3469ec, 39371, None)
[2024-12-09T17:52:38.283+0000] {spark_submit.py:634} INFO - 24/12/09 17:52:38 INFO StandaloneAppClient$ClientEndpoint: Executor added: app-20241209175238-0000/0 on worker-20241209175205-172.18.0.6-35177 (172.18.0.6:35177) with 2 core(s)
[2024-12-09T17:52:38.297+0000] {spark_submit.py:634} INFO - 24/12/09 17:52:38 INFO StandaloneSchedulerBackend: Granted executor ID app-20241209175238-0000/0 on hostPort 172.18.0.6:35177 with 2 core(s), 1024.0 MiB RAM
[2024-12-09T17:52:38.885+0000] {spark_submit.py:634} INFO - 24/12/09 17:52:38 INFO StandaloneAppClient$ClientEndpoint: Executor updated: app-20241209175238-0000/0 is now RUNNING
[2024-12-09T17:52:39.026+0000] {spark_submit.py:634} INFO - 24/12/09 17:52:39 INFO StandaloneSchedulerBackend: SchedulerBackend is ready for scheduling beginning after reached minRegisteredResourcesRatio: 0.0
[2024-12-09T17:52:40.763+0000] {spark_submit.py:634} INFO - 24/12/09 17:52:40 INFO SparkContext: Starting job: collect at wordcount.scala:14
[2024-12-09T17:52:42.926+0000] {spark_submit.py:634} INFO - 24/12/09 17:52:42 INFO DAGScheduler: Registering RDD 2 (map at wordcount.scala:11) as input to shuffle 0
[2024-12-09T17:52:42.952+0000] {spark_submit.py:634} INFO - 24/12/09 17:52:42 INFO DAGScheduler: Got job 0 (collect at wordcount.scala:14) with 2 output partitions
[2024-12-09T17:52:42.952+0000] {spark_submit.py:634} INFO - 24/12/09 17:52:42 INFO DAGScheduler: Final stage: ResultStage 1 (collect at wordcount.scala:14)
[2024-12-09T17:52:42.953+0000] {spark_submit.py:634} INFO - 24/12/09 17:52:42 INFO DAGScheduler: Parents of final stage: List(ShuffleMapStage 0)
[2024-12-09T17:52:42.954+0000] {spark_submit.py:634} INFO - 24/12/09 17:52:42 INFO DAGScheduler: Missing parents: List(ShuffleMapStage 0)
[2024-12-09T17:52:43.056+0000] {spark_submit.py:634} INFO - 24/12/09 17:52:43 INFO DAGScheduler: Submitting ShuffleMapStage 0 (MapPartitionsRDD[2] at map at wordcount.scala:11), which has no missing parents
[2024-12-09T17:52:43.224+0000] {spark_submit.py:634} INFO - 24/12/09 17:52:43 INFO MemoryStore: Block broadcast_0 stored as values in memory (estimated size 5.5 KiB, free 434.4 MiB)
[2024-12-09T17:52:43.301+0000] {spark_submit.py:634} INFO - 24/12/09 17:52:43 INFO MemoryStore: Block broadcast_0_piece0 stored as bytes in memory (estimated size 3.2 KiB, free 434.4 MiB)
[2024-12-09T17:52:43.305+0000] {spark_submit.py:634} INFO - 24/12/09 17:52:43 INFO BlockManagerInfo: Added broadcast_0_piece0 in memory on 2a892a3469ec:39371 (size: 3.2 KiB, free: 434.4 MiB)
[2024-12-09T17:52:43.324+0000] {spark_submit.py:634} INFO - 24/12/09 17:52:43 INFO SparkContext: Created broadcast 0 from broadcast at DAGScheduler.scala:1585
[2024-12-09T17:52:43.363+0000] {spark_submit.py:634} INFO - 24/12/09 17:52:43 INFO DAGScheduler: Submitting 2 missing tasks from ShuffleMapStage 0 (MapPartitionsRDD[2] at map at wordcount.scala:11) (first 15 tasks are for partitions Vector(0, 1))
[2024-12-09T17:52:43.364+0000] {spark_submit.py:634} INFO - 24/12/09 17:52:43 INFO TaskSchedulerImpl: Adding task set 0.0 with 2 tasks resource profile 0
[2024-12-09T17:52:46.452+0000] {spark_submit.py:634} INFO - 24/12/09 17:52:46 INFO StandaloneSchedulerBackend$StandaloneDriverEndpoint: Registered executor NettyRpcEndpointRef(spark-client://Executor) (172.18.0.6:46114) with ID 0,  ResourceProfileId 0
[2024-12-09T17:52:46.556+0000] {spark_submit.py:634} INFO - 24/12/09 17:52:46 INFO BlockManagerMasterEndpoint: Registering block manager 172.18.0.6:33537 with 434.4 MiB RAM, BlockManagerId(0, 172.18.0.6, 33537, None)
[2024-12-09T17:52:46.724+0000] {spark_submit.py:634} INFO - 24/12/09 17:52:46 INFO TaskSetManager: Starting task 0.0 in stage 0.0 (TID 0) (172.18.0.6, executor 0, partition 0, PROCESS_LOCAL, 9198 bytes)
[2024-12-09T17:52:46.731+0000] {spark_submit.py:634} INFO - 24/12/09 17:52:46 INFO TaskSetManager: Starting task 1.0 in stage 0.0 (TID 1) (172.18.0.6, executor 0, partition 1, PROCESS_LOCAL, 9213 bytes)
[2024-12-09T17:52:47.091+0000] {spark_submit.py:634} INFO - 24/12/09 17:52:47 INFO BlockManagerInfo: Added broadcast_0_piece0 in memory on 172.18.0.6:33537 (size: 3.2 KiB, free: 434.4 MiB)
[2024-12-09T17:52:47.770+0000] {spark_submit.py:634} INFO - 24/12/09 17:52:47 INFO TaskSetManager: Finished task 1.0 in stage 0.0 (TID 1) in 1040 ms on 172.18.0.6 (executor 0) (1/2)
[2024-12-09T17:52:47.772+0000] {spark_submit.py:634} INFO - 24/12/09 17:52:47 INFO TaskSetManager: Finished task 0.0 in stage 0.0 (TID 0) in 1087 ms on 172.18.0.6 (executor 0) (2/2)
[2024-12-09T17:52:47.773+0000] {spark_submit.py:634} INFO - 24/12/09 17:52:47 INFO TaskSchedulerImpl: Removed TaskSet 0.0, whose tasks have all completed, from pool
[2024-12-09T17:52:47.785+0000] {spark_submit.py:634} INFO - 24/12/09 17:52:47 INFO DAGScheduler: ShuffleMapStage 0 (map at wordcount.scala:11) finished in 4.676 s
[2024-12-09T17:52:47.785+0000] {spark_submit.py:634} INFO - 24/12/09 17:52:47 INFO DAGScheduler: looking for newly runnable stages
[2024-12-09T17:52:47.786+0000] {spark_submit.py:634} INFO - 24/12/09 17:52:47 INFO DAGScheduler: running: Set()
[2024-12-09T17:52:47.786+0000] {spark_submit.py:634} INFO - 24/12/09 17:52:47 INFO DAGScheduler: waiting: Set(ResultStage 1)
[2024-12-09T17:52:47.787+0000] {spark_submit.py:634} INFO - 24/12/09 17:52:47 INFO DAGScheduler: failed: Set()
[2024-12-09T17:52:47.790+0000] {spark_submit.py:634} INFO - 24/12/09 17:52:47 INFO DAGScheduler: Submitting ResultStage 1 (ShuffledRDD[3] at reduceByKey at wordcount.scala:12), which has no missing parents
[2024-12-09T17:52:47.813+0000] {spark_submit.py:634} INFO - 24/12/09 17:52:47 INFO MemoryStore: Block broadcast_1 stored as values in memory (estimated size 5.2 KiB, free 434.4 MiB)
[2024-12-09T17:52:47.837+0000] {spark_submit.py:634} INFO - 24/12/09 17:52:47 INFO MemoryStore: Block broadcast_1_piece0 stored as bytes in memory (estimated size 3.1 KiB, free 434.4 MiB)
[2024-12-09T17:52:47.838+0000] {spark_submit.py:634} INFO - 24/12/09 17:52:47 INFO BlockManagerInfo: Added broadcast_1_piece0 in memory on 2a892a3469ec:39371 (size: 3.1 KiB, free: 434.4 MiB)
[2024-12-09T17:52:47.840+0000] {spark_submit.py:634} INFO - 24/12/09 17:52:47 INFO SparkContext: Created broadcast 1 from broadcast at DAGScheduler.scala:1585
[2024-12-09T17:52:47.844+0000] {spark_submit.py:634} INFO - 24/12/09 17:52:47 INFO DAGScheduler: Submitting 2 missing tasks from ResultStage 1 (ShuffledRDD[3] at reduceByKey at wordcount.scala:12) (first 15 tasks are for partitions Vector(0, 1))
[2024-12-09T17:52:47.847+0000] {spark_submit.py:634} INFO - 24/12/09 17:52:47 INFO TaskSchedulerImpl: Adding task set 1.0 with 2 tasks resource profile 0
[2024-12-09T17:52:47.862+0000] {spark_submit.py:634} INFO - 24/12/09 17:52:47 INFO TaskSetManager: Starting task 0.0 in stage 1.0 (TID 2) (172.18.0.6, executor 0, partition 0, NODE_LOCAL, 9003 bytes)
[2024-12-09T17:52:47.863+0000] {spark_submit.py:634} INFO - 24/12/09 17:52:47 INFO TaskSetManager: Starting task 1.0 in stage 1.0 (TID 3) (172.18.0.6, executor 0, partition 1, NODE_LOCAL, 9003 bytes)
[2024-12-09T17:52:47.929+0000] {spark_submit.py:634} INFO - 24/12/09 17:52:47 INFO BlockManagerInfo: Added broadcast_1_piece0 in memory on 172.18.0.6:33537 (size: 3.1 KiB, free: 434.4 MiB)
[2024-12-09T17:52:48.012+0000] {spark_submit.py:634} INFO - 24/12/09 17:52:48 INFO MapOutputTrackerMasterEndpoint: Asked to send map output locations for shuffle 0 to 172.18.0.6:46114
[2024-12-09T17:52:48.073+0000] {spark_submit.py:634} INFO - 24/12/09 17:52:48 INFO BlockManagerInfo: Removed broadcast_0_piece0 on 2a892a3469ec:39371 in memory (size: 3.2 KiB, free: 434.4 MiB)
[2024-12-09T17:52:48.076+0000] {spark_submit.py:634} INFO - 24/12/09 17:52:48 INFO BlockManagerInfo: Removed broadcast_0_piece0 on 172.18.0.6:33537 in memory (size: 3.2 KiB, free: 434.4 MiB)
[2024-12-09T17:52:48.252+0000] {spark_submit.py:634} INFO - 24/12/09 17:52:48 INFO TaskSetManager: Finished task 0.0 in stage 1.0 (TID 2) in 394 ms on 172.18.0.6 (executor 0) (1/2)
[2024-12-09T17:52:48.254+0000] {spark_submit.py:634} INFO - 24/12/09 17:52:48 INFO TaskSetManager: Finished task 1.0 in stage 1.0 (TID 3) in 391 ms on 172.18.0.6 (executor 0) (2/2)
[2024-12-09T17:52:48.254+0000] {spark_submit.py:634} INFO - 24/12/09 17:52:48 INFO TaskSchedulerImpl: Removed TaskSet 1.0, whose tasks have all completed, from pool
[2024-12-09T17:52:48.262+0000] {spark_submit.py:634} INFO - 24/12/09 17:52:48 INFO DAGScheduler: ResultStage 1 (collect at wordcount.scala:14) finished in 0.449 s
[2024-12-09T17:52:48.266+0000] {spark_submit.py:634} INFO - 24/12/09 17:52:48 INFO DAGScheduler: Job 0 is finished. Cancelling potential speculative or zombie tasks for this job
[2024-12-09T17:52:48.267+0000] {spark_submit.py:634} INFO - 24/12/09 17:52:48 INFO TaskSchedulerImpl: Killing all running tasks in stage 1: Stage finished
[2024-12-09T17:52:48.270+0000] {spark_submit.py:634} INFO - 24/12/09 17:52:48 INFO DAGScheduler: Job 0 finished: collect at wordcount.scala:14, took 7.513362 s
[2024-12-09T17:52:48.283+0000] {spark_submit.py:634} INFO - (Hello,5)
[2024-12-09T17:52:48.284+0000] {spark_submit.py:634} INFO - (Yusuf,1)
[2024-12-09T17:52:48.284+0000] {spark_submit.py:634} INFO - (World,1)
[2024-12-09T17:52:48.285+0000] {spark_submit.py:634} INFO - (Scala,1)
[2024-12-09T17:52:48.285+0000] {spark_submit.py:634} INFO - (Docker,1)
[2024-12-09T17:52:48.286+0000] {spark_submit.py:634} INFO - (spark,1)
[2024-12-09T17:52:48.287+0000] {spark_submit.py:634} INFO - 24/12/09 17:52:48 INFO SparkContext: SparkContext is stopping with exitCode 0.
[2024-12-09T17:52:48.303+0000] {spark_submit.py:634} INFO - 24/12/09 17:52:48 INFO SparkUI: Stopped Spark web UI at http://2a892a3469ec:4041
[2024-12-09T17:52:48.309+0000] {spark_submit.py:634} INFO - 24/12/09 17:52:48 INFO StandaloneSchedulerBackend: Shutting down all executors
[2024-12-09T17:52:48.311+0000] {spark_submit.py:634} INFO - 24/12/09 17:52:48 INFO StandaloneSchedulerBackend$StandaloneDriverEndpoint: Asking each executor to shut down
[2024-12-09T17:52:48.333+0000] {spark_submit.py:634} INFO - 24/12/09 17:52:48 INFO MapOutputTrackerMasterEndpoint: MapOutputTrackerMasterEndpoint stopped!
[2024-12-09T17:52:48.400+0000] {spark_submit.py:634} INFO - 24/12/09 17:52:48 INFO MemoryStore: MemoryStore cleared
[2024-12-09T17:52:48.403+0000] {spark_submit.py:634} INFO - 24/12/09 17:52:48 INFO BlockManager: BlockManager stopped
[2024-12-09T17:52:48.406+0000] {spark_submit.py:634} INFO - 24/12/09 17:52:48 INFO BlockManagerMaster: BlockManagerMaster stopped
[2024-12-09T17:52:48.412+0000] {spark_submit.py:634} INFO - 24/12/09 17:52:48 INFO OutputCommitCoordinator$OutputCommitCoordinatorEndpoint: OutputCommitCoordinator stopped!
[2024-12-09T17:52:48.433+0000] {spark_submit.py:634} INFO - 24/12/09 17:52:48 INFO SparkContext: Successfully stopped SparkContext
[2024-12-09T17:52:48.438+0000] {spark_submit.py:634} INFO - 24/12/09 17:52:48 INFO ShutdownHookManager: Shutdown hook called
[2024-12-09T17:52:48.440+0000] {spark_submit.py:634} INFO - 24/12/09 17:52:48 INFO ShutdownHookManager: Deleting directory /tmp/spark-ad2dac3e-b601-4313-8967-acd566c5443b
[2024-12-09T17:52:48.447+0000] {spark_submit.py:634} INFO - 24/12/09 17:52:48 INFO ShutdownHookManager: Deleting directory /tmp/spark-e25082e0-8228-4d95-9c11-bf034616ed74
[2024-12-09T17:52:48.550+0000] {taskinstance.py:340} INFO - ::group::Post task execution logs
[2024-12-09T17:52:48.551+0000] {taskinstance.py:352} INFO - Marking task as SUCCESS. dag_id=sparking_flow, task_id=scala_job, run_id=manual__2024-12-09T17:52:28.741877+00:00, execution_date=20241209T175228, start_date=20241209T175230, end_date=20241209T175248
[2024-12-09T17:52:48.595+0000] {local_task_job_runner.py:266} INFO - Task exited with return code 0
[2024-12-09T17:52:48.634+0000] {taskinstance.py:3895} INFO - 0 downstream tasks scheduled from follow-on schedule check
[2024-12-09T17:52:48.635+0000] {local_task_job_runner.py:245} INFO - ::endgroup::
