[2024-12-09T15:48:23.712+0000] {local_task_job_runner.py:123} INFO - ::group::Pre task execution logs
[2024-12-09T15:48:23.739+0000] {taskinstance.py:2613} INFO - Dependencies all met for dep_context=non-requeueable deps ti=<TaskInstance: sparking_flow.java_job manual__2024-12-09T15:48:21.886947+00:00 [queued]>
[2024-12-09T15:48:23.756+0000] {taskinstance.py:2613} INFO - Dependencies all met for dep_context=requeueable deps ti=<TaskInstance: sparking_flow.java_job manual__2024-12-09T15:48:21.886947+00:00 [queued]>
[2024-12-09T15:48:23.757+0000] {taskinstance.py:2866} INFO - Starting attempt 1 of 1
[2024-12-09T15:48:23.777+0000] {taskinstance.py:2889} INFO - Executing <Task(SparkSubmitOperator): java_job> on 2024-12-09 15:48:21.886947+00:00
[2024-12-09T15:48:23.788+0000] {logging_mixin.py:190} WARNING - /home/***/.local/lib/python3.12/site-packages/***/task/task_runner/standard_task_runner.py:70 DeprecationWarning: This process (pid=211) is multi-threaded, use of fork() may lead to deadlocks in the child.
[2024-12-09T15:48:23.787+0000] {standard_task_runner.py:104} INFO - Running: ['***', 'tasks', 'run', 'sparking_flow', 'java_job', 'manual__2024-12-09T15:48:21.886947+00:00', '--job-id', '539', '--raw', '--subdir', 'DAGS_FOLDER/spark_***.py', '--cfg-path', '/tmp/tmphnza27fy']
[2024-12-09T15:48:23.791+0000] {standard_task_runner.py:72} INFO - Started process 217 to run task
[2024-12-09T15:48:23.792+0000] {standard_task_runner.py:105} INFO - Job 539: Subtask java_job
[2024-12-09T15:48:23.888+0000] {task_command.py:467} INFO - Running <TaskInstance: sparking_flow.java_job manual__2024-12-09T15:48:21.886947+00:00 [running]> on host 2a892a3469ec
[2024-12-09T15:48:24.029+0000] {taskinstance.py:3132} INFO - Exporting env vars: AIRFLOW_CTX_DAG_OWNER='Yusuf Ganiyu' AIRFLOW_CTX_DAG_ID='sparking_flow' AIRFLOW_CTX_TASK_ID='java_job' AIRFLOW_CTX_EXECUTION_DATE='2024-12-09T15:48:21.886947+00:00' AIRFLOW_CTX_TRY_NUMBER='1' AIRFLOW_CTX_DAG_RUN_ID='manual__2024-12-09T15:48:21.886947+00:00'
[2024-12-09T15:48:24.034+0000] {taskinstance.py:731} INFO - ::endgroup::
[2024-12-09T15:48:24.082+0000] {base.py:84} INFO - Retrieving connection 'spark-conn'
[2024-12-09T15:48:24.085+0000] {spark_submit.py:473} INFO - Spark-Submit cmd: spark-submit --master spark://sparkingflow-spark-master-1:7077 --name arrow-spark --class com.airscholar.spark.WordCountJob --deploy-mode client jobs/java/spark-job/target/spark-job-1.0-SNAPSHOT.jar
[2024-12-09T15:48:29.865+0000] {spark_submit.py:634} INFO - 24/12/09 15:48:29 INFO SparkContext: Running Spark version 3.5.3
[2024-12-09T15:48:29.872+0000] {spark_submit.py:634} INFO - 24/12/09 15:48:29 INFO SparkContext: OS info Linux, 6.10.14-linuxkit, aarch64
[2024-12-09T15:48:29.874+0000] {spark_submit.py:634} INFO - 24/12/09 15:48:29 INFO SparkContext: Java version 17.0.13
[2024-12-09T15:48:29.979+0000] {spark_submit.py:634} INFO - 24/12/09 15:48:29 WARN NativeCodeLoader: Unable to load native-hadoop library for your platform... using builtin-java classes where applicable
[2024-12-09T15:48:30.125+0000] {spark_submit.py:634} INFO - 24/12/09 15:48:30 INFO ResourceUtils: ==============================================================
[2024-12-09T15:48:30.127+0000] {spark_submit.py:634} INFO - 24/12/09 15:48:30 INFO ResourceUtils: No custom resources configured for spark.driver.
[2024-12-09T15:48:30.127+0000] {spark_submit.py:634} INFO - 24/12/09 15:48:30 INFO ResourceUtils: ==============================================================
[2024-12-09T15:48:30.128+0000] {spark_submit.py:634} INFO - 24/12/09 15:48:30 INFO SparkContext: Submitted application: Word Count Job
[2024-12-09T15:48:30.174+0000] {spark_submit.py:634} INFO - 24/12/09 15:48:30 INFO ResourceProfile: Default ResourceProfile created, executor resources: Map(cores -> name: cores, amount: 1, script: , vendor: , memory -> name: memory, amount: 1024, script: , vendor: , offHeap -> name: offHeap, amount: 0, script: , vendor: ), task resources: Map(cpus -> name: cpus, amount: 1.0)
[2024-12-09T15:48:30.187+0000] {spark_submit.py:634} INFO - 24/12/09 15:48:30 INFO ResourceProfile: Limiting resource is cpu
[2024-12-09T15:48:30.188+0000] {spark_submit.py:634} INFO - 24/12/09 15:48:30 INFO ResourceProfileManager: Added ResourceProfile id: 0
[2024-12-09T15:48:30.290+0000] {spark_submit.py:634} INFO - 24/12/09 15:48:30 INFO SecurityManager: Changing view acls to: ***
[2024-12-09T15:48:30.292+0000] {spark_submit.py:634} INFO - 24/12/09 15:48:30 INFO SecurityManager: Changing modify acls to: ***
[2024-12-09T15:48:30.294+0000] {spark_submit.py:634} INFO - 24/12/09 15:48:30 INFO SecurityManager: Changing view acls groups to:
[2024-12-09T15:48:30.294+0000] {spark_submit.py:634} INFO - 24/12/09 15:48:30 INFO SecurityManager: Changing modify acls groups to:
[2024-12-09T15:48:30.297+0000] {spark_submit.py:634} INFO - 24/12/09 15:48:30 INFO SecurityManager: SecurityManager: authentication disabled; ui acls disabled; users with view permissions: ***; groups with view permissions: EMPTY; users with modify permissions: ***; groups with modify permissions: EMPTY
[2024-12-09T15:48:30.731+0000] {spark_submit.py:634} INFO - 24/12/09 15:48:30 INFO Utils: Successfully started service 'sparkDriver' on port 45085.
[2024-12-09T15:48:30.818+0000] {spark_submit.py:634} INFO - 24/12/09 15:48:30 INFO SparkEnv: Registering MapOutputTracker
[2024-12-09T15:48:30.875+0000] {spark_submit.py:634} INFO - 24/12/09 15:48:30 INFO SparkEnv: Registering BlockManagerMaster
[2024-12-09T15:48:30.900+0000] {spark_submit.py:634} INFO - 24/12/09 15:48:30 INFO BlockManagerMasterEndpoint: Using org.apache.spark.storage.DefaultTopologyMapper for getting topology information
[2024-12-09T15:48:30.901+0000] {spark_submit.py:634} INFO - 24/12/09 15:48:30 INFO BlockManagerMasterEndpoint: BlockManagerMasterEndpoint up
[2024-12-09T15:48:30.907+0000] {spark_submit.py:634} INFO - 24/12/09 15:48:30 INFO SparkEnv: Registering BlockManagerMasterHeartbeat
[2024-12-09T15:48:30.952+0000] {spark_submit.py:634} INFO - 24/12/09 15:48:30 INFO DiskBlockManager: Created local directory at /tmp/blockmgr-2e4659be-52ab-4100-b15f-d488249c8cb4
[2024-12-09T15:48:30.972+0000] {spark_submit.py:634} INFO - 24/12/09 15:48:30 INFO MemoryStore: MemoryStore started with capacity 434.4 MiB
[2024-12-09T15:48:31.001+0000] {spark_submit.py:634} INFO - 24/12/09 15:48:31 INFO SparkEnv: Registering OutputCommitCoordinator
[2024-12-09T15:48:31.282+0000] {spark_submit.py:634} INFO - 24/12/09 15:48:31 INFO JettyUtils: Start Jetty 0.0.0.0:4040 for SparkUI
[2024-12-09T15:48:31.392+0000] {spark_submit.py:634} INFO - 24/12/09 15:48:31 INFO Utils: Successfully started service 'SparkUI' on port 4040.
[2024-12-09T15:48:31.451+0000] {spark_submit.py:634} INFO - 24/12/09 15:48:31 INFO SparkContext: Added JAR file:/opt/***/jobs/java/spark-job/target/spark-job-1.0-SNAPSHOT.jar at spark://2a892a3469ec:45085/jars/spark-job-1.0-SNAPSHOT.jar with timestamp 1733759309817
[2024-12-09T15:48:31.592+0000] {spark_submit.py:634} INFO - 24/12/09 15:48:31 INFO Executor: Starting executor ID driver on host 2a892a3469ec
[2024-12-09T15:48:31.594+0000] {spark_submit.py:634} INFO - 24/12/09 15:48:31 INFO Executor: OS info Linux, 6.10.14-linuxkit, aarch64
[2024-12-09T15:48:31.595+0000] {spark_submit.py:634} INFO - 24/12/09 15:48:31 INFO Executor: Java version 17.0.13
[2024-12-09T15:48:31.607+0000] {spark_submit.py:634} INFO - 24/12/09 15:48:31 INFO Executor: Starting executor with user classpath (userClassPathFirst = false): ''
[2024-12-09T15:48:31.611+0000] {spark_submit.py:634} INFO - 24/12/09 15:48:31 INFO Executor: Created or updated repl class loader org.apache.spark.util.MutableURLClassLoader@63d5874f for default.
[2024-12-09T15:48:31.667+0000] {spark_submit.py:634} INFO - 24/12/09 15:48:31 INFO Executor: Fetching spark://2a892a3469ec:45085/jars/spark-job-1.0-SNAPSHOT.jar with timestamp 1733759309817
[2024-12-09T15:48:31.759+0000] {spark_submit.py:634} INFO - 24/12/09 15:48:31 INFO TransportClientFactory: Successfully created connection to 2a892a3469ec/172.18.0.5:45085 after 48 ms (0 ms spent in bootstraps)
[2024-12-09T15:48:31.765+0000] {spark_submit.py:634} INFO - 24/12/09 15:48:31 INFO Utils: Fetching spark://2a892a3469ec:45085/jars/spark-job-1.0-SNAPSHOT.jar to /tmp/spark-6e9d51e7-7ac2-48c7-8b52-cf990528affe/userFiles-f959e3bc-f161-44fc-9980-a548cd7d117a/fetchFileTemp9674175938598521903.tmp
[2024-12-09T15:48:31.834+0000] {spark_submit.py:634} INFO - 24/12/09 15:48:31 INFO Executor: Adding file:/tmp/spark-6e9d51e7-7ac2-48c7-8b52-cf990528affe/userFiles-f959e3bc-f161-44fc-9980-a548cd7d117a/spark-job-1.0-SNAPSHOT.jar to class loader default
[2024-12-09T15:48:31.846+0000] {spark_submit.py:634} INFO - 24/12/09 15:48:31 INFO Utils: Successfully started service 'org.apache.spark.network.netty.NettyBlockTransferService' on port 32915.
[2024-12-09T15:48:31.847+0000] {spark_submit.py:634} INFO - 24/12/09 15:48:31 INFO NettyBlockTransferService: Server created on 2a892a3469ec:32915
[2024-12-09T15:48:31.849+0000] {spark_submit.py:634} INFO - 24/12/09 15:48:31 INFO BlockManager: Using org.apache.spark.storage.RandomBlockReplicationPolicy for block replication policy
[2024-12-09T15:48:31.870+0000] {spark_submit.py:634} INFO - 24/12/09 15:48:31 INFO BlockManagerMaster: Registering BlockManager BlockManagerId(driver, 2a892a3469ec, 32915, None)
[2024-12-09T15:48:31.875+0000] {spark_submit.py:634} INFO - 24/12/09 15:48:31 INFO BlockManagerMasterEndpoint: Registering block manager 2a892a3469ec:32915 with 434.4 MiB RAM, BlockManagerId(driver, 2a892a3469ec, 32915, None)
[2024-12-09T15:48:31.880+0000] {spark_submit.py:634} INFO - 24/12/09 15:48:31 INFO BlockManagerMaster: Registered BlockManager BlockManagerId(driver, 2a892a3469ec, 32915, None)
[2024-12-09T15:48:31.882+0000] {spark_submit.py:634} INFO - 24/12/09 15:48:31 INFO BlockManager: Initialized BlockManager: BlockManagerId(driver, 2a892a3469ec, 32915, None)
[2024-12-09T15:48:33.841+0000] {spark_submit.py:634} INFO - 24/12/09 15:48:33 INFO SparkContext: Starting job: collect at WordCountJob.java:37
[2024-12-09T15:48:33.946+0000] {spark_submit.py:634} INFO - 24/12/09 15:48:33 INFO DAGScheduler: Registering RDD 2 (mapToPair at WordCountJob.java:33) as input to shuffle 0
[2024-12-09T15:48:33.974+0000] {spark_submit.py:634} INFO - 24/12/09 15:48:33 INFO DAGScheduler: Got job 0 (collect at WordCountJob.java:37) with 1 output partitions
[2024-12-09T15:48:33.978+0000] {spark_submit.py:634} INFO - 24/12/09 15:48:33 INFO DAGScheduler: Final stage: ResultStage 1 (collect at WordCountJob.java:37)
[2024-12-09T15:48:33.979+0000] {spark_submit.py:634} INFO - 24/12/09 15:48:33 INFO DAGScheduler: Parents of final stage: List(ShuffleMapStage 0)
[2024-12-09T15:48:33.984+0000] {spark_submit.py:634} INFO - 24/12/09 15:48:33 INFO DAGScheduler: Missing parents: List(ShuffleMapStage 0)
[2024-12-09T15:48:34.068+0000] {spark_submit.py:634} INFO - 24/12/09 15:48:34 INFO DAGScheduler: Submitting ShuffleMapStage 0 (MapPartitionsRDD[2] at mapToPair at WordCountJob.java:33), which has no missing parents
[2024-12-09T15:48:34.590+0000] {spark_submit.py:634} INFO - 24/12/09 15:48:34 INFO MemoryStore: Block broadcast_0 stored as values in memory (estimated size 6.4 KiB, free 434.4 MiB)
[2024-12-09T15:48:34.849+0000] {spark_submit.py:634} INFO - 24/12/09 15:48:34 INFO MemoryStore: Block broadcast_0_piece0 stored as bytes in memory (estimated size 3.4 KiB, free 434.4 MiB)
[2024-12-09T15:48:34.876+0000] {spark_submit.py:634} INFO - 24/12/09 15:48:34 INFO BlockManagerInfo: Added broadcast_0_piece0 in memory on 2a892a3469ec:32915 (size: 3.4 KiB, free: 434.4 MiB)
[2024-12-09T15:48:34.911+0000] {spark_submit.py:634} INFO - 24/12/09 15:48:34 INFO SparkContext: Created broadcast 0 from broadcast at DAGScheduler.scala:1585
[2024-12-09T15:48:35.028+0000] {spark_submit.py:634} INFO - 24/12/09 15:48:35 INFO DAGScheduler: Submitting 1 missing tasks from ShuffleMapStage 0 (MapPartitionsRDD[2] at mapToPair at WordCountJob.java:33) (first 15 tasks are for partitions Vector(0))
[2024-12-09T15:48:35.047+0000] {spark_submit.py:634} INFO - 24/12/09 15:48:35 INFO TaskSchedulerImpl: Adding task set 0.0 with 1 tasks resource profile 0
[2024-12-09T15:48:35.594+0000] {spark_submit.py:634} INFO - 24/12/09 15:48:35 INFO TaskSetManager: Starting task 0.0 in stage 0.0 (TID 0) (2a892a3469ec, executor driver, partition 0, PROCESS_LOCAL, 9249 bytes)
[2024-12-09T15:48:35.750+0000] {spark_submit.py:634} INFO - 24/12/09 15:48:35 INFO Executor: Running task 0.0 in stage 0.0 (TID 0)
[2024-12-09T15:48:37.078+0000] {spark_submit.py:634} INFO - 24/12/09 15:48:37 INFO Executor: Finished task 0.0 in stage 0.0 (TID 0). 1216 bytes result sent to driver
[2024-12-09T15:48:37.118+0000] {spark_submit.py:634} INFO - 24/12/09 15:48:37 INFO TaskSetManager: Finished task 0.0 in stage 0.0 (TID 0) in 1673 ms on 2a892a3469ec (executor driver) (1/1)
[2024-12-09T15:48:37.130+0000] {spark_submit.py:634} INFO - 24/12/09 15:48:37 INFO TaskSchedulerImpl: Removed TaskSet 0.0, whose tasks have all completed, from pool
[2024-12-09T15:48:37.161+0000] {spark_submit.py:634} INFO - 24/12/09 15:48:37 INFO DAGScheduler: ShuffleMapStage 0 (mapToPair at WordCountJob.java:33) finished in 2.995 s
[2024-12-09T15:48:37.170+0000] {spark_submit.py:634} INFO - 24/12/09 15:48:37 INFO DAGScheduler: looking for newly runnable stages
[2024-12-09T15:48:37.171+0000] {spark_submit.py:634} INFO - 24/12/09 15:48:37 INFO DAGScheduler: running: Set()
[2024-12-09T15:48:37.176+0000] {spark_submit.py:634} INFO - 24/12/09 15:48:37 INFO DAGScheduler: waiting: Set(ResultStage 1)
[2024-12-09T15:48:37.191+0000] {spark_submit.py:634} INFO - 24/12/09 15:48:37 INFO DAGScheduler: failed: Set()
[2024-12-09T15:48:37.192+0000] {spark_submit.py:634} INFO - 24/12/09 15:48:37 INFO DAGScheduler: Submitting ResultStage 1 (ShuffledRDD[3] at reduceByKey at WordCountJob.java:34), which has no missing parents
[2024-12-09T15:48:37.192+0000] {spark_submit.py:634} INFO - 24/12/09 15:48:37 INFO MemoryStore: Block broadcast_1 stored as values in memory (estimated size 5.2 KiB, free 434.4 MiB)
[2024-12-09T15:48:37.230+0000] {spark_submit.py:634} INFO - 24/12/09 15:48:37 INFO MemoryStore: Block broadcast_1_piece0 stored as bytes in memory (estimated size 2.9 KiB, free 434.4 MiB)
[2024-12-09T15:48:37.362+0000] {spark_submit.py:634} INFO - 24/12/09 15:48:37 INFO BlockManagerInfo: Added broadcast_1_piece0 in memory on 2a892a3469ec:32915 (size: 2.9 KiB, free: 434.4 MiB)
[2024-12-09T15:48:37.425+0000] {spark_submit.py:634} INFO - 24/12/09 15:48:37 INFO SparkContext: Created broadcast 1 from broadcast at DAGScheduler.scala:1585
[2024-12-09T15:48:37.443+0000] {spark_submit.py:634} INFO - 24/12/09 15:48:37 INFO DAGScheduler: Submitting 1 missing tasks from ResultStage 1 (ShuffledRDD[3] at reduceByKey at WordCountJob.java:34) (first 15 tasks are for partitions Vector(0))
[2024-12-09T15:48:37.453+0000] {spark_submit.py:634} INFO - 24/12/09 15:48:37 INFO TaskSchedulerImpl: Adding task set 1.0 with 1 tasks resource profile 0
[2024-12-09T15:48:37.967+0000] {spark_submit.py:634} INFO - 24/12/09 15:48:37 INFO TaskSetManager: Starting task 0.0 in stage 1.0 (TID 1) (2a892a3469ec, executor driver, partition 0, NODE_LOCAL, 9002 bytes)
[2024-12-09T15:48:38.036+0000] {spark_submit.py:634} INFO - 24/12/09 15:48:37 INFO Executor: Running task 0.0 in stage 1.0 (TID 1)
[2024-12-09T15:48:38.490+0000] {spark_submit.py:634} INFO - 24/12/09 15:48:38 INFO ShuffleBlockFetcherIterator: Getting 1 (189.0 B) non-empty blocks including 1 (189.0 B) local and 0 (0.0 B) host-local and 0 (0.0 B) push-merged-local and 0 (0.0 B) remote blocks
[2024-12-09T15:48:38.510+0000] {spark_submit.py:634} INFO - 24/12/09 15:48:38 INFO ShuffleBlockFetcherIterator: Started 0 remote fetches in 90 ms
[2024-12-09T15:48:38.789+0000] {spark_submit.py:634} INFO - 24/12/09 15:48:38 INFO Executor: Finished task 0.0 in stage 1.0 (TID 1). 2001 bytes result sent to driver
[2024-12-09T15:48:38.817+0000] {spark_submit.py:634} INFO - 24/12/09 15:48:38 INFO TaskSetManager: Finished task 0.0 in stage 1.0 (TID 1) in 1320 ms on 2a892a3469ec (executor driver) (1/1)
[2024-12-09T15:48:38.834+0000] {spark_submit.py:634} INFO - 24/12/09 15:48:38 INFO TaskSchedulerImpl: Removed TaskSet 1.0, whose tasks have all completed, from pool
[2024-12-09T15:48:38.894+0000] {spark_submit.py:634} INFO - 24/12/09 15:48:38 INFO DAGScheduler: ResultStage 1 (collect at WordCountJob.java:37) finished in 1.711 s
[2024-12-09T15:48:38.921+0000] {spark_submit.py:634} INFO - 24/12/09 15:48:38 INFO DAGScheduler: Job 0 is finished. Cancelling potential speculative or zombie tasks for this job
[2024-12-09T15:48:38.924+0000] {spark_submit.py:634} INFO - 24/12/09 15:48:38 INFO TaskSchedulerImpl: Killing all running tasks in stage 1: Stage finished
[2024-12-09T15:48:38.960+0000] {spark_submit.py:634} INFO - 24/12/09 15:48:38 INFO DAGScheduler: Job 0 finished: collect at WordCountJob.java:37, took 5.116021 s
[2024-12-09T15:48:38.998+0000] {spark_submit.py:634} INFO - spark: 1
[2024-12-09T15:48:39.003+0000] {spark_submit.py:634} INFO - docker: 1
[2024-12-09T15:48:39.005+0000] {spark_submit.py:634} INFO - Yusuf: 1
[2024-12-09T15:48:39.006+0000] {spark_submit.py:634} INFO - hello: 5
[2024-12-09T15:48:39.006+0000] {spark_submit.py:634} INFO - java: 1
[2024-12-09T15:48:39.007+0000] {spark_submit.py:634} INFO - world: 1
[2024-12-09T15:48:39.007+0000] {spark_submit.py:634} INFO - 24/12/09 15:48:39 INFO SparkContext: SparkContext is stopping with exitCode 0.
[2024-12-09T15:48:39.086+0000] {spark_submit.py:634} INFO - 24/12/09 15:48:39 INFO SparkUI: Stopped Spark web UI at http://2a892a3469ec:4040
[2024-12-09T15:48:39.154+0000] {spark_submit.py:634} INFO - 24/12/09 15:48:39 INFO MapOutputTrackerMasterEndpoint: MapOutputTrackerMasterEndpoint stopped!
[2024-12-09T15:48:39.447+0000] {spark_submit.py:634} INFO - 24/12/09 15:48:39 INFO MemoryStore: MemoryStore cleared
[2024-12-09T15:48:39.454+0000] {spark_submit.py:634} INFO - 24/12/09 15:48:39 INFO BlockManager: BlockManager stopped
[2024-12-09T15:48:39.538+0000] {spark_submit.py:634} INFO - 24/12/09 15:48:39 INFO BlockManagerMaster: BlockManagerMaster stopped
[2024-12-09T15:48:39.560+0000] {spark_submit.py:634} INFO - 24/12/09 15:48:39 INFO OutputCommitCoordinator$OutputCommitCoordinatorEndpoint: OutputCommitCoordinator stopped!
[2024-12-09T15:48:39.589+0000] {spark_submit.py:634} INFO - 24/12/09 15:48:39 INFO SparkContext: Successfully stopped SparkContext
[2024-12-09T15:48:39.606+0000] {spark_submit.py:634} INFO - 24/12/09 15:48:39 INFO ShutdownHookManager: Shutdown hook called
[2024-12-09T15:48:39.608+0000] {spark_submit.py:634} INFO - 24/12/09 15:48:39 INFO ShutdownHookManager: Deleting directory /tmp/spark-a40bb0a7-5b70-4572-8059-38fd21eca77a
[2024-12-09T15:48:39.639+0000] {spark_submit.py:634} INFO - 24/12/09 15:48:39 INFO ShutdownHookManager: Deleting directory /tmp/spark-6e9d51e7-7ac2-48c7-8b52-cf990528affe
[2024-12-09T15:48:39.904+0000] {taskinstance.py:340} INFO - ::group::Post task execution logs
[2024-12-09T15:48:39.906+0000] {taskinstance.py:352} INFO - Marking task as SUCCESS. dag_id=sparking_flow, task_id=java_job, run_id=manual__2024-12-09T15:48:21.886947+00:00, execution_date=20241209T154821, start_date=20241209T154823, end_date=20241209T154839
[2024-12-09T15:48:39.999+0000] {local_task_job_runner.py:266} INFO - Task exited with return code 0
[2024-12-09T15:48:40.108+0000] {taskinstance.py:3895} INFO - 0 downstream tasks scheduled from follow-on schedule check
[2024-12-09T15:48:40.112+0000] {local_task_job_runner.py:245} INFO - ::endgroup::
