[2024-12-09T19:22:24.751+0000] {local_task_job_runner.py:123} INFO - ::group::Pre task execution logs
[2024-12-09T19:22:24.782+0000] {taskinstance.py:2613} INFO - Dependencies all met for dep_context=non-requeueable deps ti=<TaskInstance: sparking_flow.scala_job manual__2024-12-09T19:22:22.488945+00:00 [queued]>
[2024-12-09T19:22:24.793+0000] {taskinstance.py:2613} INFO - Dependencies all met for dep_context=requeueable deps ti=<TaskInstance: sparking_flow.scala_job manual__2024-12-09T19:22:22.488945+00:00 [queued]>
[2024-12-09T19:22:24.794+0000] {taskinstance.py:2866} INFO - Starting attempt 1 of 1
[2024-12-09T19:22:24.812+0000] {taskinstance.py:2889} INFO - Executing <Task(SparkSubmitOperator): scala_job> on 2024-12-09 19:22:22.488945+00:00
[2024-12-09T19:22:24.821+0000] {logging_mixin.py:190} WARNING - /home/***/.local/lib/python3.12/site-packages/***/task/task_runner/standard_task_runner.py:70 DeprecationWarning: This process (pid=192) is multi-threaded, use of fork() may lead to deadlocks in the child.
[2024-12-09T19:22:24.822+0000] {standard_task_runner.py:72} INFO - Started process 194 to run task
[2024-12-09T19:22:24.821+0000] {standard_task_runner.py:104} INFO - Running: ['***', 'tasks', 'run', 'sparking_flow', 'scala_job', 'manual__2024-12-09T19:22:22.488945+00:00', '--job-id', '622', '--raw', '--subdir', 'DAGS_FOLDER/spark_***.py', '--cfg-path', '/tmp/tmpe08lcfjy']
[2024-12-09T19:22:24.825+0000] {standard_task_runner.py:105} INFO - Job 622: Subtask scala_job
[2024-12-09T19:22:24.903+0000] {task_command.py:467} INFO - Running <TaskInstance: sparking_flow.scala_job manual__2024-12-09T19:22:22.488945+00:00 [running]> on host 8a8a3c046f37
[2024-12-09T19:22:25.043+0000] {taskinstance.py:3132} INFO - Exporting env vars: AIRFLOW_CTX_DAG_OWNER='Harsha Vardhan' AIRFLOW_CTX_DAG_ID='sparking_flow' AIRFLOW_CTX_TASK_ID='scala_job' AIRFLOW_CTX_EXECUTION_DATE='2024-12-09T19:22:22.488945+00:00' AIRFLOW_CTX_TRY_NUMBER='1' AIRFLOW_CTX_DAG_RUN_ID='manual__2024-12-09T19:22:22.488945+00:00'
[2024-12-09T19:22:25.045+0000] {taskinstance.py:731} INFO - ::endgroup::
[2024-12-09T19:22:25.295+0000] {base.py:84} INFO - Retrieving connection 'spark-conn'
[2024-12-09T19:22:25.297+0000] {spark_submit.py:473} INFO - Spark-Submit cmd: spark-submit --master spark://sparkingflow-spark-master-1:7077 --name arrow-spark --deploy-mode client jobs/scala/target/scala-2.12/word-count_2.12-0.1.jar
[2024-12-09T19:22:30.188+0000] {spark_submit.py:634} INFO - 24/12/09 19:22:30 WARN NativeCodeLoader: Unable to load native-hadoop library for your platform... using builtin-java classes where applicable
[2024-12-09T19:22:30.655+0000] {spark_submit.py:634} INFO - 24/12/09 19:22:30 INFO SparkContext: Running Spark version 3.5.3
[2024-12-09T19:22:30.656+0000] {spark_submit.py:634} INFO - 24/12/09 19:22:30 INFO SparkContext: OS info Linux, 6.10.14-linuxkit, aarch64
[2024-12-09T19:22:30.657+0000] {spark_submit.py:634} INFO - 24/12/09 19:22:30 INFO SparkContext: Java version 17.0.13
[2024-12-09T19:22:30.699+0000] {spark_submit.py:634} INFO - 24/12/09 19:22:30 INFO ResourceUtils: ==============================================================
[2024-12-09T19:22:30.700+0000] {spark_submit.py:634} INFO - 24/12/09 19:22:30 INFO ResourceUtils: No custom resources configured for spark.driver.
[2024-12-09T19:22:30.704+0000] {spark_submit.py:634} INFO - 24/12/09 19:22:30 INFO ResourceUtils: ==============================================================
[2024-12-09T19:22:30.705+0000] {spark_submit.py:634} INFO - 24/12/09 19:22:30 INFO SparkContext: Submitted application: Word Count
[2024-12-09T19:22:30.769+0000] {spark_submit.py:634} INFO - 24/12/09 19:22:30 INFO ResourceProfile: Default ResourceProfile created, executor resources: Map(memory -> name: memory, amount: 1024, script: , vendor: , offHeap -> name: offHeap, amount: 0, script: , vendor: ), task resources: Map(cpus -> name: cpus, amount: 1.0)
[2024-12-09T19:22:30.801+0000] {spark_submit.py:634} INFO - 24/12/09 19:22:30 INFO ResourceProfile: Limiting resource is cpu
[2024-12-09T19:22:30.803+0000] {spark_submit.py:634} INFO - 24/12/09 19:22:30 INFO ResourceProfileManager: Added ResourceProfile id: 0
[2024-12-09T19:22:30.883+0000] {spark_submit.py:634} INFO - 24/12/09 19:22:30 INFO SecurityManager: Changing view acls to: root
[2024-12-09T19:22:30.883+0000] {spark_submit.py:634} INFO - 24/12/09 19:22:30 INFO SecurityManager: Changing modify acls to: root
[2024-12-09T19:22:30.884+0000] {spark_submit.py:634} INFO - 24/12/09 19:22:30 INFO SecurityManager: Changing view acls groups to:
[2024-12-09T19:22:30.887+0000] {spark_submit.py:634} INFO - 24/12/09 19:22:30 INFO SecurityManager: Changing modify acls groups to:
[2024-12-09T19:22:30.890+0000] {spark_submit.py:634} INFO - 24/12/09 19:22:30 INFO SecurityManager: SecurityManager: authentication disabled; ui acls disabled; users with view permissions: root; groups with view permissions: EMPTY; users with modify permissions: root; groups with modify permissions: EMPTY
[2024-12-09T19:22:31.316+0000] {spark_submit.py:634} INFO - 24/12/09 19:22:31 INFO Utils: Successfully started service 'sparkDriver' on port 34109.
[2024-12-09T19:22:31.393+0000] {spark_submit.py:634} INFO - 24/12/09 19:22:31 INFO SparkEnv: Registering MapOutputTracker
[2024-12-09T19:22:31.498+0000] {spark_submit.py:634} INFO - 24/12/09 19:22:31 INFO SparkEnv: Registering BlockManagerMaster
[2024-12-09T19:22:31.549+0000] {spark_submit.py:634} INFO - 24/12/09 19:22:31 INFO BlockManagerMasterEndpoint: Using org.apache.spark.storage.DefaultTopologyMapper for getting topology information
[2024-12-09T19:22:31.550+0000] {spark_submit.py:634} INFO - 24/12/09 19:22:31 INFO BlockManagerMasterEndpoint: BlockManagerMasterEndpoint up
[2024-12-09T19:22:31.562+0000] {spark_submit.py:634} INFO - 24/12/09 19:22:31 INFO SparkEnv: Registering BlockManagerMasterHeartbeat
[2024-12-09T19:22:31.624+0000] {spark_submit.py:634} INFO - 24/12/09 19:22:31 INFO DiskBlockManager: Created local directory at /tmp/blockmgr-6790e976-218f-4570-8ba5-1d0d869fa765
[2024-12-09T19:22:31.658+0000] {spark_submit.py:634} INFO - 24/12/09 19:22:31 INFO MemoryStore: MemoryStore started with capacity 434.4 MiB
[2024-12-09T19:22:31.696+0000] {spark_submit.py:634} INFO - 24/12/09 19:22:31 INFO SparkEnv: Registering OutputCommitCoordinator
[2024-12-09T19:22:32.026+0000] {spark_submit.py:634} INFO - 24/12/09 19:22:32 INFO JettyUtils: Start Jetty 0.0.0.0:4040 for SparkUI
[2024-12-09T19:22:32.140+0000] {spark_submit.py:634} INFO - 24/12/09 19:22:32 INFO Utils: Successfully started service 'SparkUI' on port 4040.
[2024-12-09T19:22:32.213+0000] {spark_submit.py:634} INFO - 24/12/09 19:22:32 INFO SparkContext: Added JAR file:/opt/***/jobs/scala/target/scala-2.12/word-count_2.12-0.1.jar at spark://8a8a3c046f37:34109/jars/word-count_2.12-0.1.jar with timestamp 1733772150636
[2024-12-09T19:22:32.554+0000] {spark_submit.py:634} INFO - 24/12/09 19:22:32 INFO StandaloneAppClient$ClientEndpoint: Connecting to master spark://spark-master:7077...
[2024-12-09T19:22:32.661+0000] {spark_submit.py:634} INFO - 24/12/09 19:22:32 INFO TransportClientFactory: Successfully created connection to spark-master/172.19.0.5:7077 after 48 ms (0 ms spent in bootstraps)
[2024-12-09T19:22:33.109+0000] {spark_submit.py:634} INFO - 24/12/09 19:22:33 INFO StandaloneSchedulerBackend: Connected to Spark cluster with app ID app-20241209192233-0000
[2024-12-09T19:22:33.140+0000] {spark_submit.py:634} INFO - 24/12/09 19:22:33 INFO Utils: Successfully started service 'org.apache.spark.network.netty.NettyBlockTransferService' on port 42747.
[2024-12-09T19:22:33.143+0000] {spark_submit.py:634} INFO - 24/12/09 19:22:33 INFO NettyBlockTransferService: Server created on 8a8a3c046f37:42747
[2024-12-09T19:22:33.144+0000] {spark_submit.py:634} INFO - 24/12/09 19:22:33 INFO BlockManager: Using org.apache.spark.storage.RandomBlockReplicationPolicy for block replication policy
[2024-12-09T19:22:33.156+0000] {spark_submit.py:634} INFO - 24/12/09 19:22:33 INFO BlockManagerMaster: Registering BlockManager BlockManagerId(driver, 8a8a3c046f37, 42747, None)
[2024-12-09T19:22:33.165+0000] {spark_submit.py:634} INFO - 24/12/09 19:22:33 INFO BlockManagerMasterEndpoint: Registering block manager 8a8a3c046f37:42747 with 434.4 MiB RAM, BlockManagerId(driver, 8a8a3c046f37, 42747, None)
[2024-12-09T19:22:33.171+0000] {spark_submit.py:634} INFO - 24/12/09 19:22:33 INFO BlockManagerMaster: Registered BlockManager BlockManagerId(driver, 8a8a3c046f37, 42747, None)
[2024-12-09T19:22:33.175+0000] {spark_submit.py:634} INFO - 24/12/09 19:22:33 INFO BlockManager: Initialized BlockManager: BlockManagerId(driver, 8a8a3c046f37, 42747, None)
[2024-12-09T19:22:33.195+0000] {spark_submit.py:634} INFO - 24/12/09 19:22:33 INFO StandaloneAppClient$ClientEndpoint: Executor added: app-20241209192233-0000/0 on worker-20241209192104-172.19.0.7-40661 (172.19.0.7:40661) with 2 core(s)
[2024-12-09T19:22:33.199+0000] {spark_submit.py:634} INFO - 24/12/09 19:22:33 INFO StandaloneSchedulerBackend: Granted executor ID app-20241209192233-0000/0 on hostPort 172.19.0.7:40661 with 2 core(s), 1024.0 MiB RAM
[2024-12-09T19:22:33.711+0000] {spark_submit.py:634} INFO - 24/12/09 19:22:33 INFO StandaloneSchedulerBackend: SchedulerBackend is ready for scheduling beginning after reached minRegisteredResourcesRatio: 0.0
[2024-12-09T19:22:33.771+0000] {spark_submit.py:634} INFO - 24/12/09 19:22:33 INFO StandaloneAppClient$ClientEndpoint: Executor updated: app-20241209192233-0000/0 is now RUNNING
[2024-12-09T19:22:35.333+0000] {spark_submit.py:634} INFO - 24/12/09 19:22:35 INFO SparkContext: Starting job: collect at wordcount.scala:14
[2024-12-09T19:22:36.402+0000] {spark_submit.py:634} INFO - 24/12/09 19:22:36 INFO DAGScheduler: Registering RDD 2 (map at wordcount.scala:11) as input to shuffle 0
[2024-12-09T19:22:36.439+0000] {spark_submit.py:634} INFO - 24/12/09 19:22:36 INFO DAGScheduler: Got job 0 (collect at wordcount.scala:14) with 2 output partitions
[2024-12-09T19:22:36.443+0000] {spark_submit.py:634} INFO - 24/12/09 19:22:36 INFO DAGScheduler: Final stage: ResultStage 1 (collect at wordcount.scala:14)
[2024-12-09T19:22:36.444+0000] {spark_submit.py:634} INFO - 24/12/09 19:22:36 INFO DAGScheduler: Parents of final stage: List(ShuffleMapStage 0)
[2024-12-09T19:22:36.444+0000] {spark_submit.py:634} INFO - 24/12/09 19:22:36 INFO DAGScheduler: Missing parents: List(ShuffleMapStage 0)
[2024-12-09T19:22:36.461+0000] {spark_submit.py:634} INFO - 24/12/09 19:22:36 INFO DAGScheduler: Submitting ShuffleMapStage 0 (MapPartitionsRDD[2] at map at wordcount.scala:11), which has no missing parents
[2024-12-09T19:22:36.958+0000] {spark_submit.py:634} INFO - 24/12/09 19:22:36 INFO MemoryStore: Block broadcast_0 stored as values in memory (estimated size 5.5 KiB, free 434.4 MiB)
[2024-12-09T19:22:37.123+0000] {spark_submit.py:634} INFO - 24/12/09 19:22:37 INFO MemoryStore: Block broadcast_0_piece0 stored as bytes in memory (estimated size 3.2 KiB, free 434.4 MiB)
[2024-12-09T19:22:37.130+0000] {spark_submit.py:634} INFO - 24/12/09 19:22:37 INFO BlockManagerInfo: Added broadcast_0_piece0 in memory on 8a8a3c046f37:42747 (size: 3.2 KiB, free: 434.4 MiB)
[2024-12-09T19:22:37.141+0000] {spark_submit.py:634} INFO - 24/12/09 19:22:37 INFO SparkContext: Created broadcast 0 from broadcast at DAGScheduler.scala:1585
[2024-12-09T19:22:37.220+0000] {spark_submit.py:634} INFO - 24/12/09 19:22:37 INFO DAGScheduler: Submitting 2 missing tasks from ShuffleMapStage 0 (MapPartitionsRDD[2] at map at wordcount.scala:11) (first 15 tasks are for partitions Vector(0, 1))
[2024-12-09T19:22:37.223+0000] {spark_submit.py:634} INFO - 24/12/09 19:22:37 INFO TaskSchedulerImpl: Adding task set 0.0 with 2 tasks resource profile 0
[2024-12-09T19:22:40.949+0000] {spark_submit.py:634} INFO - 24/12/09 19:22:40 INFO StandaloneSchedulerBackend$StandaloneDriverEndpoint: Registered executor NettyRpcEndpointRef(spark-client://Executor) (172.19.0.7:48844) with ID 0,  ResourceProfileId 0
[2024-12-09T19:22:41.086+0000] {spark_submit.py:634} INFO - 24/12/09 19:22:41 INFO BlockManagerMasterEndpoint: Registering block manager 172.19.0.7:45199 with 434.4 MiB RAM, BlockManagerId(0, 172.19.0.7, 45199, None)
[2024-12-09T19:22:41.331+0000] {spark_submit.py:634} INFO - 24/12/09 19:22:41 INFO TaskSetManager: Starting task 0.0 in stage 0.0 (TID 0) (172.19.0.7, executor 0, partition 0, PROCESS_LOCAL, 9198 bytes)
[2024-12-09T19:22:41.340+0000] {spark_submit.py:634} INFO - 24/12/09 19:22:41 INFO TaskSetManager: Starting task 1.0 in stage 0.0 (TID 1) (172.19.0.7, executor 0, partition 1, PROCESS_LOCAL, 9213 bytes)
[2024-12-09T19:22:41.716+0000] {spark_submit.py:634} INFO - 24/12/09 19:22:41 INFO BlockManagerInfo: Added broadcast_0_piece0 in memory on 172.19.0.7:45199 (size: 3.2 KiB, free: 434.4 MiB)
[2024-12-09T19:22:42.614+0000] {spark_submit.py:634} INFO - 24/12/09 19:22:42 INFO TaskSetManager: Finished task 1.0 in stage 0.0 (TID 1) in 1281 ms on 172.19.0.7 (executor 0) (1/2)
[2024-12-09T19:22:42.616+0000] {spark_submit.py:634} INFO - 24/12/09 19:22:42 INFO TaskSetManager: Finished task 0.0 in stage 0.0 (TID 0) in 1319 ms on 172.19.0.7 (executor 0) (2/2)
[2024-12-09T19:22:42.616+0000] {spark_submit.py:634} INFO - 24/12/09 19:22:42 INFO TaskSchedulerImpl: Removed TaskSet 0.0, whose tasks have all completed, from pool
[2024-12-09T19:22:42.635+0000] {spark_submit.py:634} INFO - 24/12/09 19:22:42 INFO DAGScheduler: ShuffleMapStage 0 (map at wordcount.scala:11) finished in 6.029 s
[2024-12-09T19:22:42.636+0000] {spark_submit.py:634} INFO - 24/12/09 19:22:42 INFO DAGScheduler: looking for newly runnable stages
[2024-12-09T19:22:42.642+0000] {spark_submit.py:634} INFO - 24/12/09 19:22:42 INFO DAGScheduler: running: Set()
[2024-12-09T19:22:42.642+0000] {spark_submit.py:634} INFO - 24/12/09 19:22:42 INFO DAGScheduler: waiting: Set(ResultStage 1)
[2024-12-09T19:22:42.643+0000] {spark_submit.py:634} INFO - 24/12/09 19:22:42 INFO DAGScheduler: failed: Set()
[2024-12-09T19:22:42.648+0000] {spark_submit.py:634} INFO - 24/12/09 19:22:42 INFO DAGScheduler: Submitting ResultStage 1 (ShuffledRDD[3] at reduceByKey at wordcount.scala:12), which has no missing parents
[2024-12-09T19:22:42.665+0000] {spark_submit.py:634} INFO - 24/12/09 19:22:42 INFO MemoryStore: Block broadcast_1 stored as values in memory (estimated size 5.2 KiB, free 434.4 MiB)
[2024-12-09T19:22:42.675+0000] {spark_submit.py:634} INFO - 24/12/09 19:22:42 INFO MemoryStore: Block broadcast_1_piece0 stored as bytes in memory (estimated size 3.1 KiB, free 434.4 MiB)
[2024-12-09T19:22:42.676+0000] {spark_submit.py:634} INFO - 24/12/09 19:22:42 INFO BlockManagerInfo: Added broadcast_1_piece0 in memory on 8a8a3c046f37:42747 (size: 3.1 KiB, free: 434.4 MiB)
[2024-12-09T19:22:42.678+0000] {spark_submit.py:634} INFO - 24/12/09 19:22:42 INFO SparkContext: Created broadcast 1 from broadcast at DAGScheduler.scala:1585
[2024-12-09T19:22:42.681+0000] {spark_submit.py:634} INFO - 24/12/09 19:22:42 INFO DAGScheduler: Submitting 2 missing tasks from ResultStage 1 (ShuffledRDD[3] at reduceByKey at wordcount.scala:12) (first 15 tasks are for partitions Vector(0, 1))
[2024-12-09T19:22:42.684+0000] {spark_submit.py:634} INFO - 24/12/09 19:22:42 INFO TaskSchedulerImpl: Adding task set 1.0 with 2 tasks resource profile 0
[2024-12-09T19:22:42.690+0000] {spark_submit.py:634} INFO - 24/12/09 19:22:42 INFO TaskSetManager: Starting task 0.0 in stage 1.0 (TID 2) (172.19.0.7, executor 0, partition 0, NODE_LOCAL, 9003 bytes)
[2024-12-09T19:22:42.690+0000] {spark_submit.py:634} INFO - 24/12/09 19:22:42 INFO TaskSetManager: Starting task 1.0 in stage 1.0 (TID 3) (172.19.0.7, executor 0, partition 1, NODE_LOCAL, 9003 bytes)
[2024-12-09T19:22:42.722+0000] {spark_submit.py:634} INFO - 24/12/09 19:22:42 INFO BlockManagerInfo: Added broadcast_1_piece0 in memory on 172.19.0.7:45199 (size: 3.1 KiB, free: 434.4 MiB)
[2024-12-09T19:22:42.832+0000] {spark_submit.py:634} INFO - 24/12/09 19:22:42 INFO MapOutputTrackerMasterEndpoint: Asked to send map output locations for shuffle 0 to 172.19.0.7:48844
[2024-12-09T19:22:43.085+0000] {spark_submit.py:634} INFO - 24/12/09 19:22:43 INFO TaskSetManager: Finished task 0.0 in stage 1.0 (TID 2) in 395 ms on 172.19.0.7 (executor 0) (1/2)
[2024-12-09T19:22:43.086+0000] {spark_submit.py:634} INFO - 24/12/09 19:22:43 INFO TaskSetManager: Finished task 1.0 in stage 1.0 (TID 3) in 393 ms on 172.19.0.7 (executor 0) (2/2)
[2024-12-09T19:22:43.086+0000] {spark_submit.py:634} INFO - 24/12/09 19:22:43 INFO TaskSchedulerImpl: Removed TaskSet 1.0, whose tasks have all completed, from pool
[2024-12-09T19:22:43.086+0000] {spark_submit.py:634} INFO - 24/12/09 19:22:43 INFO DAGScheduler: ResultStage 1 (collect at wordcount.scala:14) finished in 0.425 s
[2024-12-09T19:22:43.100+0000] {spark_submit.py:634} INFO - 24/12/09 19:22:43 INFO DAGScheduler: Job 0 is finished. Cancelling potential speculative or zombie tasks for this job
[2024-12-09T19:22:43.100+0000] {spark_submit.py:634} INFO - 24/12/09 19:22:43 INFO TaskSchedulerImpl: Killing all running tasks in stage 1: Stage finished
[2024-12-09T19:22:43.104+0000] {spark_submit.py:634} INFO - 24/12/09 19:22:43 INFO DAGScheduler: Job 0 finished: collect at wordcount.scala:14, took 7.769211 s
[2024-12-09T19:22:43.115+0000] {spark_submit.py:634} INFO - (Hello,5)
[2024-12-09T19:22:43.119+0000] {spark_submit.py:634} INFO - (Yusuf,1)
[2024-12-09T19:22:43.119+0000] {spark_submit.py:634} INFO - (World,1)
[2024-12-09T19:22:43.122+0000] {spark_submit.py:634} INFO - (Scala,1)
[2024-12-09T19:22:43.122+0000] {spark_submit.py:634} INFO - (Docker,1)
[2024-12-09T19:22:43.123+0000] {spark_submit.py:634} INFO - (spark,1)
[2024-12-09T19:22:43.124+0000] {spark_submit.py:634} INFO - 24/12/09 19:22:43 INFO SparkContext: SparkContext is stopping with exitCode 0.
[2024-12-09T19:22:43.135+0000] {spark_submit.py:634} INFO - 24/12/09 19:22:43 INFO SparkUI: Stopped Spark web UI at http://8a8a3c046f37:4040
[2024-12-09T19:22:43.139+0000] {spark_submit.py:634} INFO - 24/12/09 19:22:43 INFO StandaloneSchedulerBackend: Shutting down all executors
[2024-12-09T19:22:43.145+0000] {spark_submit.py:634} INFO - 24/12/09 19:22:43 INFO StandaloneSchedulerBackend$StandaloneDriverEndpoint: Asking each executor to shut down
[2024-12-09T19:22:43.197+0000] {spark_submit.py:634} INFO - 24/12/09 19:22:43 INFO MapOutputTrackerMasterEndpoint: MapOutputTrackerMasterEndpoint stopped!
[2024-12-09T19:22:43.261+0000] {spark_submit.py:634} INFO - 24/12/09 19:22:43 INFO MemoryStore: MemoryStore cleared
[2024-12-09T19:22:43.266+0000] {spark_submit.py:634} INFO - 24/12/09 19:22:43 INFO BlockManager: BlockManager stopped
[2024-12-09T19:22:43.272+0000] {spark_submit.py:634} INFO - 24/12/09 19:22:43 INFO BlockManagerMaster: BlockManagerMaster stopped
[2024-12-09T19:22:43.281+0000] {spark_submit.py:634} INFO - 24/12/09 19:22:43 INFO OutputCommitCoordinator$OutputCommitCoordinatorEndpoint: OutputCommitCoordinator stopped!
[2024-12-09T19:22:43.333+0000] {spark_submit.py:634} INFO - 24/12/09 19:22:43 INFO SparkContext: Successfully stopped SparkContext
[2024-12-09T19:22:43.343+0000] {spark_submit.py:634} INFO - 24/12/09 19:22:43 INFO ShutdownHookManager: Shutdown hook called
[2024-12-09T19:22:43.346+0000] {spark_submit.py:634} INFO - 24/12/09 19:22:43 INFO ShutdownHookManager: Deleting directory /tmp/spark-ef68a1b2-f19e-4977-9e24-c3cebe5c5211
[2024-12-09T19:22:43.354+0000] {spark_submit.py:634} INFO - 24/12/09 19:22:43 INFO ShutdownHookManager: Deleting directory /tmp/spark-e7bbf4f3-ff8f-45a6-8f48-a0658dd131ce
[2024-12-09T19:22:43.485+0000] {taskinstance.py:340} INFO - ::group::Post task execution logs
[2024-12-09T19:22:43.486+0000] {taskinstance.py:352} INFO - Marking task as SUCCESS. dag_id=sparking_flow, task_id=scala_job, run_id=manual__2024-12-09T19:22:22.488945+00:00, execution_date=20241209T192222, start_date=20241209T192224, end_date=20241209T192243
[2024-12-09T19:22:43.547+0000] {local_task_job_runner.py:266} INFO - Task exited with return code 0
[2024-12-09T19:22:43.601+0000] {taskinstance.py:3895} INFO - 0 downstream tasks scheduled from follow-on schedule check
[2024-12-09T19:22:43.604+0000] {local_task_job_runner.py:245} INFO - ::endgroup::
