[2024-12-08T14:39:05.818+0000] {local_task_job_runner.py:123} INFO - ::group::Pre task execution logs
[2024-12-08T14:39:05.836+0000] {taskinstance.py:2613} INFO - Dependencies all met for dep_context=non-requeueable deps ti=<TaskInstance: sparking_flow.java_job manual__2024-12-08T14:39:04.163267+00:00 [queued]>
[2024-12-08T14:39:05.847+0000] {taskinstance.py:2613} INFO - Dependencies all met for dep_context=requeueable deps ti=<TaskInstance: sparking_flow.java_job manual__2024-12-08T14:39:04.163267+00:00 [queued]>
[2024-12-08T14:39:05.847+0000] {taskinstance.py:2866} INFO - Starting attempt 1 of 1
[2024-12-08T14:39:05.857+0000] {taskinstance.py:2889} INFO - Executing <Task(SparkSubmitOperator): java_job> on 2024-12-08 14:39:04.163267+00:00
[2024-12-08T14:39:05.863+0000] {logging_mixin.py:190} WARNING - /home/***/.local/lib/python3.12/site-packages/***/task/task_runner/standard_task_runner.py:70 DeprecationWarning: This process (pid=187) is multi-threaded, use of fork() may lead to deadlocks in the child.
[2024-12-08T14:39:05.864+0000] {standard_task_runner.py:72} INFO - Started process 190 to run task
[2024-12-08T14:39:05.863+0000] {standard_task_runner.py:104} INFO - Running: ['***', 'tasks', 'run', 'sparking_flow', 'java_job', 'manual__2024-12-08T14:39:04.163267+00:00', '--job-id', '165', '--raw', '--subdir', 'DAGS_FOLDER/spark_***.py', '--cfg-path', '/tmp/tmpmdp30u6s']
[2024-12-08T14:39:05.865+0000] {standard_task_runner.py:105} INFO - Job 165: Subtask java_job
[2024-12-08T14:39:05.915+0000] {task_command.py:467} INFO - Running <TaskInstance: sparking_flow.java_job manual__2024-12-08T14:39:04.163267+00:00 [running]> on host 2a892a3469ec
[2024-12-08T14:39:05.990+0000] {taskinstance.py:3132} INFO - Exporting env vars: AIRFLOW_CTX_DAG_OWNER='Yusuf Ganiyu' AIRFLOW_CTX_DAG_ID='sparking_flow' AIRFLOW_CTX_TASK_ID='java_job' AIRFLOW_CTX_EXECUTION_DATE='2024-12-08T14:39:04.163267+00:00' AIRFLOW_CTX_TRY_NUMBER='1' AIRFLOW_CTX_DAG_RUN_ID='manual__2024-12-08T14:39:04.163267+00:00'
[2024-12-08T14:39:05.991+0000] {taskinstance.py:731} INFO - ::endgroup::
[2024-12-08T14:39:06.016+0000] {base.py:84} INFO - Retrieving connection 'spark-conn'
[2024-12-08T14:39:06.017+0000] {spark_submit.py:473} INFO - Spark-Submit cmd: spark-submit --master spark://sparkingflow-spark-master-1:7077 --name arrow-spark --class com.airscholar.spark.WordCountJob --deploy-mode client jobs/java/spark-job/target/spark-job-1.0-SNAPSHOT.jar
[2024-12-08T14:39:09.634+0000] {spark_submit.py:634} INFO - 24/12/08 14:39:09 INFO SparkContext: Running Spark version 3.5.3
[2024-12-08T14:39:09.640+0000] {spark_submit.py:634} INFO - 24/12/08 14:39:09 INFO SparkContext: OS info Linux, 6.10.14-linuxkit, aarch64
[2024-12-08T14:39:09.643+0000] {spark_submit.py:634} INFO - 24/12/08 14:39:09 INFO SparkContext: Java version 17.0.13
[2024-12-08T14:39:09.754+0000] {spark_submit.py:634} INFO - 24/12/08 14:39:09 WARN NativeCodeLoader: Unable to load native-hadoop library for your platform... using builtin-java classes where applicable
[2024-12-08T14:39:09.927+0000] {spark_submit.py:634} INFO - 24/12/08 14:39:09 INFO ResourceUtils: ==============================================================
[2024-12-08T14:39:09.928+0000] {spark_submit.py:634} INFO - 24/12/08 14:39:09 INFO ResourceUtils: No custom resources configured for spark.driver.
[2024-12-08T14:39:09.929+0000] {spark_submit.py:634} INFO - 24/12/08 14:39:09 INFO ResourceUtils: ==============================================================
[2024-12-08T14:39:09.931+0000] {spark_submit.py:634} INFO - 24/12/08 14:39:09 INFO SparkContext: Submitted application: Word Count Job
[2024-12-08T14:39:09.966+0000] {spark_submit.py:634} INFO - 24/12/08 14:39:09 INFO ResourceProfile: Default ResourceProfile created, executor resources: Map(cores -> name: cores, amount: 1, script: , vendor: , memory -> name: memory, amount: 1024, script: , vendor: , offHeap -> name: offHeap, amount: 0, script: , vendor: ), task resources: Map(cpus -> name: cpus, amount: 1.0)
[2024-12-08T14:39:09.984+0000] {spark_submit.py:634} INFO - 24/12/08 14:39:09 INFO ResourceProfile: Limiting resource is cpu
[2024-12-08T14:39:09.986+0000] {spark_submit.py:634} INFO - 24/12/08 14:39:09 INFO ResourceProfileManager: Added ResourceProfile id: 0
[2024-12-08T14:39:10.127+0000] {spark_submit.py:634} INFO - 24/12/08 14:39:10 INFO SecurityManager: Changing view acls to: ***
[2024-12-08T14:39:10.128+0000] {spark_submit.py:634} INFO - 24/12/08 14:39:10 INFO SecurityManager: Changing modify acls to: ***
[2024-12-08T14:39:10.129+0000] {spark_submit.py:634} INFO - 24/12/08 14:39:10 INFO SecurityManager: Changing view acls groups to:
[2024-12-08T14:39:10.132+0000] {spark_submit.py:634} INFO - 24/12/08 14:39:10 INFO SecurityManager: Changing modify acls groups to:
[2024-12-08T14:39:10.133+0000] {spark_submit.py:634} INFO - 24/12/08 14:39:10 INFO SecurityManager: SecurityManager: authentication disabled; ui acls disabled; users with view permissions: ***; groups with view permissions: EMPTY; users with modify permissions: ***; groups with modify permissions: EMPTY
[2024-12-08T14:39:10.538+0000] {spark_submit.py:634} INFO - 24/12/08 14:39:10 INFO Utils: Successfully started service 'sparkDriver' on port 33953.
[2024-12-08T14:39:10.581+0000] {spark_submit.py:634} INFO - 24/12/08 14:39:10 INFO SparkEnv: Registering MapOutputTracker
[2024-12-08T14:39:10.619+0000] {spark_submit.py:634} INFO - 24/12/08 14:39:10 INFO SparkEnv: Registering BlockManagerMaster
[2024-12-08T14:39:10.653+0000] {spark_submit.py:634} INFO - 24/12/08 14:39:10 INFO BlockManagerMasterEndpoint: Using org.apache.spark.storage.DefaultTopologyMapper for getting topology information
[2024-12-08T14:39:10.657+0000] {spark_submit.py:634} INFO - 24/12/08 14:39:10 INFO BlockManagerMasterEndpoint: BlockManagerMasterEndpoint up
[2024-12-08T14:39:10.664+0000] {spark_submit.py:634} INFO - 24/12/08 14:39:10 INFO SparkEnv: Registering BlockManagerMasterHeartbeat
[2024-12-08T14:39:10.718+0000] {spark_submit.py:634} INFO - 24/12/08 14:39:10 INFO DiskBlockManager: Created local directory at /tmp/blockmgr-9d10796d-64fe-47ce-969f-1bc6f6d0c8ba
[2024-12-08T14:39:10.806+0000] {spark_submit.py:634} INFO - 24/12/08 14:39:10 INFO MemoryStore: MemoryStore started with capacity 434.4 MiB
[2024-12-08T14:39:10.812+0000] {spark_submit.py:634} INFO - 24/12/08 14:39:10 INFO SparkEnv: Registering OutputCommitCoordinator
[2024-12-08T14:39:11.118+0000] {spark_submit.py:634} INFO - 24/12/08 14:39:11 INFO JettyUtils: Start Jetty 0.0.0.0:4040 for SparkUI
[2024-12-08T14:39:11.217+0000] {spark_submit.py:634} INFO - 24/12/08 14:39:11 INFO Utils: Successfully started service 'SparkUI' on port 4040.
[2024-12-08T14:39:11.273+0000] {spark_submit.py:634} INFO - 24/12/08 14:39:11 INFO SparkContext: Added JAR file:/opt/***/jobs/java/spark-job/target/spark-job-1.0-SNAPSHOT.jar at spark://2a892a3469ec:33953/jars/spark-job-1.0-SNAPSHOT.jar with timestamp 1733668749616
[2024-12-08T14:39:11.379+0000] {spark_submit.py:634} INFO - 24/12/08 14:39:11 INFO Executor: Starting executor ID driver on host 2a892a3469ec
[2024-12-08T14:39:11.379+0000] {spark_submit.py:634} INFO - 24/12/08 14:39:11 INFO Executor: OS info Linux, 6.10.14-linuxkit, aarch64
[2024-12-08T14:39:11.380+0000] {spark_submit.py:634} INFO - 24/12/08 14:39:11 INFO Executor: Java version 17.0.13
[2024-12-08T14:39:11.384+0000] {spark_submit.py:634} INFO - 24/12/08 14:39:11 INFO Executor: Starting executor with user classpath (userClassPathFirst = false): ''
[2024-12-08T14:39:11.385+0000] {spark_submit.py:634} INFO - 24/12/08 14:39:11 INFO Executor: Created or updated repl class loader org.apache.spark.util.MutableURLClassLoader@63d5874f for default.
[2024-12-08T14:39:11.424+0000] {spark_submit.py:634} INFO - 24/12/08 14:39:11 INFO Executor: Fetching spark://2a892a3469ec:33953/jars/spark-job-1.0-SNAPSHOT.jar with timestamp 1733668749616
[2024-12-08T14:39:11.513+0000] {spark_submit.py:634} INFO - 24/12/08 14:39:11 INFO TransportClientFactory: Successfully created connection to 2a892a3469ec/172.18.0.4:33953 after 40 ms (0 ms spent in bootstraps)
[2024-12-08T14:39:11.524+0000] {spark_submit.py:634} INFO - 24/12/08 14:39:11 INFO Utils: Fetching spark://2a892a3469ec:33953/jars/spark-job-1.0-SNAPSHOT.jar to /tmp/spark-5c9b615a-92ed-4bf9-93cf-74846344c6a5/userFiles-385d204b-4f5d-46d9-b590-09df2611ca85/fetchFileTemp10125118460409676248.tmp
[2024-12-08T14:39:11.582+0000] {spark_submit.py:634} INFO - 24/12/08 14:39:11 INFO Executor: Adding file:/tmp/spark-5c9b615a-92ed-4bf9-93cf-74846344c6a5/userFiles-385d204b-4f5d-46d9-b590-09df2611ca85/spark-job-1.0-SNAPSHOT.jar to class loader default
[2024-12-08T14:39:11.592+0000] {spark_submit.py:634} INFO - 24/12/08 14:39:11 INFO Utils: Successfully started service 'org.apache.spark.network.netty.NettyBlockTransferService' on port 45273.
[2024-12-08T14:39:11.592+0000] {spark_submit.py:634} INFO - 24/12/08 14:39:11 INFO NettyBlockTransferService: Server created on 2a892a3469ec:45273
[2024-12-08T14:39:11.594+0000] {spark_submit.py:634} INFO - 24/12/08 14:39:11 INFO BlockManager: Using org.apache.spark.storage.RandomBlockReplicationPolicy for block replication policy
[2024-12-08T14:39:11.602+0000] {spark_submit.py:634} INFO - 24/12/08 14:39:11 INFO BlockManagerMaster: Registering BlockManager BlockManagerId(driver, 2a892a3469ec, 45273, None)
[2024-12-08T14:39:11.605+0000] {spark_submit.py:634} INFO - 24/12/08 14:39:11 INFO BlockManagerMasterEndpoint: Registering block manager 2a892a3469ec:45273 with 434.4 MiB RAM, BlockManagerId(driver, 2a892a3469ec, 45273, None)
[2024-12-08T14:39:11.607+0000] {spark_submit.py:634} INFO - 24/12/08 14:39:11 INFO BlockManagerMaster: Registered BlockManager BlockManagerId(driver, 2a892a3469ec, 45273, None)
[2024-12-08T14:39:11.609+0000] {spark_submit.py:634} INFO - 24/12/08 14:39:11 INFO BlockManager: Initialized BlockManager: BlockManagerId(driver, 2a892a3469ec, 45273, None)
[2024-12-08T14:39:12.800+0000] {spark_submit.py:634} INFO - 24/12/08 14:39:12 INFO SparkContext: Starting job: collect at WordCountJob.java:37
[2024-12-08T14:39:12.855+0000] {spark_submit.py:634} INFO - 24/12/08 14:39:12 INFO DAGScheduler: Registering RDD 2 (mapToPair at WordCountJob.java:33) as input to shuffle 0
[2024-12-08T14:39:12.862+0000] {spark_submit.py:634} INFO - 24/12/08 14:39:12 INFO DAGScheduler: Got job 0 (collect at WordCountJob.java:37) with 1 output partitions
[2024-12-08T14:39:12.867+0000] {spark_submit.py:634} INFO - 24/12/08 14:39:12 INFO DAGScheduler: Final stage: ResultStage 1 (collect at WordCountJob.java:37)
[2024-12-08T14:39:12.868+0000] {spark_submit.py:634} INFO - 24/12/08 14:39:12 INFO DAGScheduler: Parents of final stage: List(ShuffleMapStage 0)
[2024-12-08T14:39:12.873+0000] {spark_submit.py:634} INFO - 24/12/08 14:39:12 INFO DAGScheduler: Missing parents: List(ShuffleMapStage 0)
[2024-12-08T14:39:12.881+0000] {spark_submit.py:634} INFO - 24/12/08 14:39:12 INFO DAGScheduler: Submitting ShuffleMapStage 0 (MapPartitionsRDD[2] at mapToPair at WordCountJob.java:33), which has no missing parents
[2024-12-08T14:39:13.086+0000] {spark_submit.py:634} INFO - 24/12/08 14:39:13 INFO MemoryStore: Block broadcast_0 stored as values in memory (estimated size 6.4 KiB, free 434.4 MiB)
[2024-12-08T14:39:13.142+0000] {spark_submit.py:634} INFO - 24/12/08 14:39:13 INFO MemoryStore: Block broadcast_0_piece0 stored as bytes in memory (estimated size 3.4 KiB, free 434.4 MiB)
[2024-12-08T14:39:13.150+0000] {spark_submit.py:634} INFO - 24/12/08 14:39:13 INFO BlockManagerInfo: Added broadcast_0_piece0 in memory on 2a892a3469ec:45273 (size: 3.4 KiB, free: 434.4 MiB)
[2024-12-08T14:39:13.155+0000] {spark_submit.py:634} INFO - 24/12/08 14:39:13 INFO SparkContext: Created broadcast 0 from broadcast at DAGScheduler.scala:1585
[2024-12-08T14:39:13.197+0000] {spark_submit.py:634} INFO - 24/12/08 14:39:13 INFO DAGScheduler: Submitting 1 missing tasks from ShuffleMapStage 0 (MapPartitionsRDD[2] at mapToPair at WordCountJob.java:33) (first 15 tasks are for partitions Vector(0))
[2024-12-08T14:39:13.201+0000] {spark_submit.py:634} INFO - 24/12/08 14:39:13 INFO TaskSchedulerImpl: Adding task set 0.0 with 1 tasks resource profile 0
[2024-12-08T14:39:13.331+0000] {spark_submit.py:634} INFO - 24/12/08 14:39:13 INFO TaskSetManager: Starting task 0.0 in stage 0.0 (TID 0) (2a892a3469ec, executor driver, partition 0, PROCESS_LOCAL, 9249 bytes)
[2024-12-08T14:39:13.360+0000] {spark_submit.py:634} INFO - 24/12/08 14:39:13 INFO Executor: Running task 0.0 in stage 0.0 (TID 0)
[2024-12-08T14:39:13.629+0000] {spark_submit.py:634} INFO - 24/12/08 14:39:13 INFO Executor: Finished task 0.0 in stage 0.0 (TID 0). 1216 bytes result sent to driver
[2024-12-08T14:39:13.649+0000] {spark_submit.py:634} INFO - 24/12/08 14:39:13 INFO TaskSetManager: Finished task 0.0 in stage 0.0 (TID 0) in 358 ms on 2a892a3469ec (executor driver) (1/1)
[2024-12-08T14:39:13.656+0000] {spark_submit.py:634} INFO - 24/12/08 14:39:13 INFO TaskSchedulerImpl: Removed TaskSet 0.0, whose tasks have all completed, from pool
[2024-12-08T14:39:13.663+0000] {spark_submit.py:634} INFO - 24/12/08 14:39:13 INFO DAGScheduler: ShuffleMapStage 0 (mapToPair at WordCountJob.java:33) finished in 0.722 s
[2024-12-08T14:39:13.668+0000] {spark_submit.py:634} INFO - 24/12/08 14:39:13 INFO DAGScheduler: looking for newly runnable stages
[2024-12-08T14:39:13.671+0000] {spark_submit.py:634} INFO - 24/12/08 14:39:13 INFO DAGScheduler: running: Set()
[2024-12-08T14:39:13.673+0000] {spark_submit.py:634} INFO - 24/12/08 14:39:13 INFO DAGScheduler: waiting: Set(ResultStage 1)
[2024-12-08T14:39:13.681+0000] {spark_submit.py:634} INFO - 24/12/08 14:39:13 INFO DAGScheduler: failed: Set()
[2024-12-08T14:39:13.693+0000] {spark_submit.py:634} INFO - 24/12/08 14:39:13 INFO DAGScheduler: Submitting ResultStage 1 (ShuffledRDD[3] at reduceByKey at WordCountJob.java:34), which has no missing parents
[2024-12-08T14:39:13.712+0000] {spark_submit.py:634} INFO - 24/12/08 14:39:13 INFO MemoryStore: Block broadcast_1 stored as values in memory (estimated size 5.2 KiB, free 434.4 MiB)
[2024-12-08T14:39:13.715+0000] {spark_submit.py:634} INFO - 24/12/08 14:39:13 INFO MemoryStore: Block broadcast_1_piece0 stored as bytes in memory (estimated size 2.9 KiB, free 434.4 MiB)
[2024-12-08T14:39:13.718+0000] {spark_submit.py:634} INFO - 24/12/08 14:39:13 INFO BlockManagerInfo: Added broadcast_1_piece0 in memory on 2a892a3469ec:45273 (size: 2.9 KiB, free: 434.4 MiB)
[2024-12-08T14:39:13.722+0000] {spark_submit.py:634} INFO - 24/12/08 14:39:13 INFO SparkContext: Created broadcast 1 from broadcast at DAGScheduler.scala:1585
[2024-12-08T14:39:13.723+0000] {spark_submit.py:634} INFO - 24/12/08 14:39:13 INFO DAGScheduler: Submitting 1 missing tasks from ResultStage 1 (ShuffledRDD[3] at reduceByKey at WordCountJob.java:34) (first 15 tasks are for partitions Vector(0))
[2024-12-08T14:39:13.724+0000] {spark_submit.py:634} INFO - 24/12/08 14:39:13 INFO TaskSchedulerImpl: Adding task set 1.0 with 1 tasks resource profile 0
[2024-12-08T14:39:13.732+0000] {spark_submit.py:634} INFO - 24/12/08 14:39:13 INFO TaskSetManager: Starting task 0.0 in stage 1.0 (TID 1) (2a892a3469ec, executor driver, partition 0, NODE_LOCAL, 9002 bytes)
[2024-12-08T14:39:13.741+0000] {spark_submit.py:634} INFO - 24/12/08 14:39:13 INFO Executor: Running task 0.0 in stage 1.0 (TID 1)
[2024-12-08T14:39:14.050+0000] {spark_submit.py:634} INFO - 24/12/08 14:39:14 INFO ShuffleBlockFetcherIterator: Getting 1 (189.0 B) non-empty blocks including 1 (189.0 B) local and 0 (0.0 B) host-local and 0 (0.0 B) push-merged-local and 0 (0.0 B) remote blocks
[2024-12-08T14:39:14.056+0000] {spark_submit.py:634} INFO - 24/12/08 14:39:14 INFO ShuffleBlockFetcherIterator: Started 0 remote fetches in 63 ms
[2024-12-08T14:39:14.331+0000] {spark_submit.py:634} INFO - 24/12/08 14:39:14 INFO Executor: Finished task 0.0 in stage 1.0 (TID 1). 2001 bytes result sent to driver
[2024-12-08T14:39:14.371+0000] {spark_submit.py:634} INFO - 24/12/08 14:39:14 INFO TaskSetManager: Finished task 0.0 in stage 1.0 (TID 1) in 622 ms on 2a892a3469ec (executor driver) (1/1)
[2024-12-08T14:39:14.375+0000] {spark_submit.py:634} INFO - 24/12/08 14:39:14 INFO TaskSchedulerImpl: Removed TaskSet 1.0, whose tasks have all completed, from pool
[2024-12-08T14:39:14.386+0000] {spark_submit.py:634} INFO - 24/12/08 14:39:14 INFO DAGScheduler: ResultStage 1 (collect at WordCountJob.java:37) finished in 0.668 s
[2024-12-08T14:39:14.394+0000] {spark_submit.py:634} INFO - 24/12/08 14:39:14 INFO DAGScheduler: Job 0 is finished. Cancelling potential speculative or zombie tasks for this job
[2024-12-08T14:39:14.396+0000] {spark_submit.py:634} INFO - 24/12/08 14:39:14 INFO TaskSchedulerImpl: Killing all running tasks in stage 1: Stage finished
[2024-12-08T14:39:14.407+0000] {spark_submit.py:634} INFO - 24/12/08 14:39:14 INFO DAGScheduler: Job 0 finished: collect at WordCountJob.java:37, took 1.604914 s
[2024-12-08T14:39:14.415+0000] {spark_submit.py:634} INFO - spark: 1
[2024-12-08T14:39:14.417+0000] {spark_submit.py:634} INFO - docker: 1
[2024-12-08T14:39:14.418+0000] {spark_submit.py:634} INFO - Yusuf: 1
[2024-12-08T14:39:14.419+0000] {spark_submit.py:634} INFO - hello: 5
[2024-12-08T14:39:14.421+0000] {spark_submit.py:634} INFO - java: 1
[2024-12-08T14:39:14.424+0000] {spark_submit.py:634} INFO - world: 1
[2024-12-08T14:39:14.427+0000] {spark_submit.py:634} INFO - 24/12/08 14:39:14 INFO SparkContext: SparkContext is stopping with exitCode 0.
[2024-12-08T14:39:14.499+0000] {spark_submit.py:634} INFO - 24/12/08 14:39:14 INFO SparkUI: Stopped Spark web UI at http://2a892a3469ec:4040
[2024-12-08T14:39:14.570+0000] {spark_submit.py:634} INFO - 24/12/08 14:39:14 INFO MapOutputTrackerMasterEndpoint: MapOutputTrackerMasterEndpoint stopped!
[2024-12-08T14:39:14.651+0000] {spark_submit.py:634} INFO - 24/12/08 14:39:14 INFO MemoryStore: MemoryStore cleared
[2024-12-08T14:39:14.652+0000] {spark_submit.py:634} INFO - 24/12/08 14:39:14 INFO BlockManager: BlockManager stopped
[2024-12-08T14:39:14.701+0000] {spark_submit.py:634} INFO - 24/12/08 14:39:14 INFO BlockManagerMaster: BlockManagerMaster stopped
[2024-12-08T14:39:14.712+0000] {spark_submit.py:634} INFO - 24/12/08 14:39:14 INFO OutputCommitCoordinator$OutputCommitCoordinatorEndpoint: OutputCommitCoordinator stopped!
[2024-12-08T14:39:14.765+0000] {spark_submit.py:634} INFO - 24/12/08 14:39:14 INFO SparkContext: Successfully stopped SparkContext
[2024-12-08T14:39:14.787+0000] {spark_submit.py:634} INFO - 24/12/08 14:39:14 INFO ShutdownHookManager: Shutdown hook called
[2024-12-08T14:39:14.790+0000] {spark_submit.py:634} INFO - 24/12/08 14:39:14 INFO ShutdownHookManager: Deleting directory /tmp/spark-5c9b615a-92ed-4bf9-93cf-74846344c6a5
[2024-12-08T14:39:14.809+0000] {spark_submit.py:634} INFO - 24/12/08 14:39:14 INFO ShutdownHookManager: Deleting directory /tmp/spark-9f900ca1-b774-4cb7-b8c7-96df73a50f82
[2024-12-08T14:39:15.001+0000] {taskinstance.py:340} INFO - ::group::Post task execution logs
[2024-12-08T14:39:15.004+0000] {taskinstance.py:352} INFO - Marking task as SUCCESS. dag_id=sparking_flow, task_id=java_job, run_id=manual__2024-12-08T14:39:04.163267+00:00, execution_date=20241208T143904, start_date=20241208T143905, end_date=20241208T143915
[2024-12-08T14:39:15.141+0000] {local_task_job_runner.py:266} INFO - Task exited with return code 0
[2024-12-08T14:39:15.245+0000] {taskinstance.py:3895} INFO - 0 downstream tasks scheduled from follow-on schedule check
[2024-12-08T14:39:15.250+0000] {local_task_job_runner.py:245} INFO - ::endgroup::
