[2024-12-09T14:50:44.124+0000] {local_task_job_runner.py:123} INFO - ::group::Pre task execution logs
[2024-12-09T14:50:44.140+0000] {taskinstance.py:2613} INFO - Dependencies all met for dep_context=non-requeueable deps ti=<TaskInstance: sparking_flow.scala_job manual__2024-12-09T14:50:41.982700+00:00 [queued]>
[2024-12-09T14:50:44.148+0000] {taskinstance.py:2613} INFO - Dependencies all met for dep_context=requeueable deps ti=<TaskInstance: sparking_flow.scala_job manual__2024-12-09T14:50:41.982700+00:00 [queued]>
[2024-12-09T14:50:44.148+0000] {taskinstance.py:2866} INFO - Starting attempt 1 of 1
[2024-12-09T14:50:44.163+0000] {taskinstance.py:2889} INFO - Executing <Task(SparkSubmitOperator): scala_job> on 2024-12-09 14:50:41.982700+00:00
[2024-12-09T14:50:44.172+0000] {logging_mixin.py:190} WARNING - /home/***/.local/lib/python3.12/site-packages/***/task/task_runner/standard_task_runner.py:70 DeprecationWarning: This process (pid=186) is multi-threaded, use of fork() may lead to deadlocks in the child.
[2024-12-09T14:50:44.173+0000] {standard_task_runner.py:72} INFO - Started process 190 to run task
[2024-12-09T14:50:44.172+0000] {standard_task_runner.py:104} INFO - Running: ['***', 'tasks', 'run', 'sparking_flow', 'scala_job', 'manual__2024-12-09T14:50:41.982700+00:00', '--job-id', '509', '--raw', '--subdir', 'DAGS_FOLDER/spark_***.py', '--cfg-path', '/tmp/tmpsetivffd']
[2024-12-09T14:50:44.178+0000] {standard_task_runner.py:105} INFO - Job 509: Subtask scala_job
[2024-12-09T14:50:44.246+0000] {task_command.py:467} INFO - Running <TaskInstance: sparking_flow.scala_job manual__2024-12-09T14:50:41.982700+00:00 [running]> on host 2a892a3469ec
[2024-12-09T14:50:44.385+0000] {taskinstance.py:3132} INFO - Exporting env vars: AIRFLOW_CTX_DAG_OWNER='Yusuf Ganiyu' AIRFLOW_CTX_DAG_ID='sparking_flow' AIRFLOW_CTX_TASK_ID='scala_job' AIRFLOW_CTX_EXECUTION_DATE='2024-12-09T14:50:41.982700+00:00' AIRFLOW_CTX_TRY_NUMBER='1' AIRFLOW_CTX_DAG_RUN_ID='manual__2024-12-09T14:50:41.982700+00:00'
[2024-12-09T14:50:44.388+0000] {taskinstance.py:731} INFO - ::endgroup::
[2024-12-09T14:50:44.426+0000] {base.py:84} INFO - Retrieving connection 'spark-conn'
[2024-12-09T14:50:44.429+0000] {spark_submit.py:473} INFO - Spark-Submit cmd: spark-submit --master spark://sparkingflow-spark-master-1:7077 --name arrow-spark --deploy-mode client jobs/scala/target/scala-2.12/word-count_2.12-0.1.jar
[2024-12-09T14:50:48.121+0000] {spark_submit.py:634} INFO - 24/12/09 14:50:48 WARN NativeCodeLoader: Unable to load native-hadoop library for your platform... using builtin-java classes where applicable
[2024-12-09T14:50:48.536+0000] {spark_submit.py:634} INFO - 24/12/09 14:50:48 INFO SparkContext: Running Spark version 3.5.3
[2024-12-09T14:50:48.540+0000] {spark_submit.py:634} INFO - 24/12/09 14:50:48 INFO SparkContext: OS info Linux, 6.10.14-linuxkit, aarch64
[2024-12-09T14:50:48.541+0000] {spark_submit.py:634} INFO - 24/12/09 14:50:48 INFO SparkContext: Java version 17.0.13
[2024-12-09T14:50:48.589+0000] {spark_submit.py:634} INFO - 24/12/09 14:50:48 INFO ResourceUtils: ==============================================================
[2024-12-09T14:50:48.590+0000] {spark_submit.py:634} INFO - 24/12/09 14:50:48 INFO ResourceUtils: No custom resources configured for spark.driver.
[2024-12-09T14:50:48.590+0000] {spark_submit.py:634} INFO - 24/12/09 14:50:48 INFO ResourceUtils: ==============================================================
[2024-12-09T14:50:48.591+0000] {spark_submit.py:634} INFO - 24/12/09 14:50:48 INFO SparkContext: Submitted application: Word Count
[2024-12-09T14:50:48.622+0000] {spark_submit.py:634} INFO - 24/12/09 14:50:48 INFO ResourceProfile: Default ResourceProfile created, executor resources: Map(memory -> name: memory, amount: 1024, script: , vendor: , offHeap -> name: offHeap, amount: 0, script: , vendor: ), task resources: Map(cpus -> name: cpus, amount: 1.0)
[2024-12-09T14:50:48.639+0000] {spark_submit.py:634} INFO - 24/12/09 14:50:48 INFO ResourceProfile: Limiting resource is cpu
[2024-12-09T14:50:48.643+0000] {spark_submit.py:634} INFO - 24/12/09 14:50:48 INFO ResourceProfileManager: Added ResourceProfile id: 0
[2024-12-09T14:50:48.759+0000] {spark_submit.py:634} INFO - 24/12/09 14:50:48 INFO SecurityManager: Changing view acls to: ***
[2024-12-09T14:50:48.762+0000] {spark_submit.py:634} INFO - 24/12/09 14:50:48 INFO SecurityManager: Changing modify acls to: ***
[2024-12-09T14:50:48.763+0000] {spark_submit.py:634} INFO - 24/12/09 14:50:48 INFO SecurityManager: Changing view acls groups to:
[2024-12-09T14:50:48.770+0000] {spark_submit.py:634} INFO - 24/12/09 14:50:48 INFO SecurityManager: Changing modify acls groups to:
[2024-12-09T14:50:48.775+0000] {spark_submit.py:634} INFO - 24/12/09 14:50:48 INFO SecurityManager: SecurityManager: authentication disabled; ui acls disabled; users with view permissions: ***; groups with view permissions: EMPTY; users with modify permissions: ***; groups with modify permissions: EMPTY
[2024-12-09T14:50:49.176+0000] {spark_submit.py:634} INFO - 24/12/09 14:50:49 INFO Utils: Successfully started service 'sparkDriver' on port 43021.
[2024-12-09T14:50:49.282+0000] {spark_submit.py:634} INFO - 24/12/09 14:50:49 INFO SparkEnv: Registering MapOutputTracker
[2024-12-09T14:50:49.332+0000] {spark_submit.py:634} INFO - 24/12/09 14:50:49 INFO SparkEnv: Registering BlockManagerMaster
[2024-12-09T14:50:49.352+0000] {spark_submit.py:634} INFO - 24/12/09 14:50:49 INFO BlockManagerMasterEndpoint: Using org.apache.spark.storage.DefaultTopologyMapper for getting topology information
[2024-12-09T14:50:49.353+0000] {spark_submit.py:634} INFO - 24/12/09 14:50:49 INFO BlockManagerMasterEndpoint: BlockManagerMasterEndpoint up
[2024-12-09T14:50:49.358+0000] {spark_submit.py:634} INFO - 24/12/09 14:50:49 INFO SparkEnv: Registering BlockManagerMasterHeartbeat
[2024-12-09T14:50:49.385+0000] {spark_submit.py:634} INFO - 24/12/09 14:50:49 INFO DiskBlockManager: Created local directory at /tmp/blockmgr-ff089c47-0dc8-4028-9caf-4a396927684f
[2024-12-09T14:50:49.429+0000] {spark_submit.py:634} INFO - 24/12/09 14:50:49 INFO MemoryStore: MemoryStore started with capacity 434.4 MiB
[2024-12-09T14:50:49.497+0000] {spark_submit.py:634} INFO - 24/12/09 14:50:49 INFO SparkEnv: Registering OutputCommitCoordinator
[2024-12-09T14:50:49.713+0000] {spark_submit.py:634} INFO - 24/12/09 14:50:49 INFO JettyUtils: Start Jetty 0.0.0.0:4040 for SparkUI
[2024-12-09T14:50:49.795+0000] {spark_submit.py:634} INFO - 24/12/09 14:50:49 WARN Utils: Service 'SparkUI' could not bind on port 4040. Attempting port 4041.
[2024-12-09T14:50:49.810+0000] {spark_submit.py:634} INFO - 24/12/09 14:50:49 INFO Utils: Successfully started service 'SparkUI' on port 4041.
[2024-12-09T14:50:49.877+0000] {spark_submit.py:634} INFO - 24/12/09 14:50:49 INFO SparkContext: Added JAR file:/opt/***/jobs/scala/target/scala-2.12/word-count_2.12-0.1.jar at spark://2a892a3469ec:43021/jars/word-count_2.12-0.1.jar with timestamp 1733755848518
[2024-12-09T14:50:50.044+0000] {spark_submit.py:634} INFO - 24/12/09 14:50:50 INFO StandaloneAppClient$ClientEndpoint: Connecting to master spark://spark-master:7077...
[2024-12-09T14:50:50.109+0000] {spark_submit.py:634} INFO - 24/12/09 14:50:50 INFO TransportClientFactory: Successfully created connection to spark-master/172.18.0.4:7077 after 31 ms (0 ms spent in bootstraps)
[2024-12-09T14:50:50.463+0000] {spark_submit.py:634} INFO - 24/12/09 14:50:50 INFO StandaloneSchedulerBackend: Connected to Spark cluster with app ID app-20241209145050-0000
[2024-12-09T14:50:50.483+0000] {spark_submit.py:634} INFO - 24/12/09 14:50:50 INFO Utils: Successfully started service 'org.apache.spark.network.netty.NettyBlockTransferService' on port 38787.
[2024-12-09T14:50:50.484+0000] {spark_submit.py:634} INFO - 24/12/09 14:50:50 INFO NettyBlockTransferService: Server created on 2a892a3469ec:38787
[2024-12-09T14:50:50.491+0000] {spark_submit.py:634} INFO - 24/12/09 14:50:50 INFO BlockManager: Using org.apache.spark.storage.RandomBlockReplicationPolicy for block replication policy
[2024-12-09T14:50:50.509+0000] {spark_submit.py:634} INFO - 24/12/09 14:50:50 INFO StandaloneAppClient$ClientEndpoint: Executor added: app-20241209145050-0000/0 on worker-20241209145006-172.18.0.6-35517 (172.18.0.6:35517) with 2 core(s)
[2024-12-09T14:50:50.519+0000] {spark_submit.py:634} INFO - 24/12/09 14:50:50 INFO StandaloneSchedulerBackend: Granted executor ID app-20241209145050-0000/0 on hostPort 172.18.0.6:35517 with 2 core(s), 1024.0 MiB RAM
[2024-12-09T14:50:50.522+0000] {spark_submit.py:634} INFO - 24/12/09 14:50:50 INFO BlockManagerMaster: Registering BlockManager BlockManagerId(driver, 2a892a3469ec, 38787, None)
[2024-12-09T14:50:50.529+0000] {spark_submit.py:634} INFO - 24/12/09 14:50:50 INFO BlockManagerMasterEndpoint: Registering block manager 2a892a3469ec:38787 with 434.4 MiB RAM, BlockManagerId(driver, 2a892a3469ec, 38787, None)
[2024-12-09T14:50:50.536+0000] {spark_submit.py:634} INFO - 24/12/09 14:50:50 INFO BlockManagerMaster: Registered BlockManager BlockManagerId(driver, 2a892a3469ec, 38787, None)
[2024-12-09T14:50:50.537+0000] {spark_submit.py:634} INFO - 24/12/09 14:50:50 INFO BlockManager: Initialized BlockManager: BlockManagerId(driver, 2a892a3469ec, 38787, None)
[2024-12-09T14:50:51.010+0000] {spark_submit.py:634} INFO - 24/12/09 14:50:51 INFO StandaloneAppClient$ClientEndpoint: Executor updated: app-20241209145050-0000/0 is now RUNNING
[2024-12-09T14:50:51.123+0000] {spark_submit.py:634} INFO - 24/12/09 14:50:51 INFO StandaloneSchedulerBackend: SchedulerBackend is ready for scheduling beginning after reached minRegisteredResourcesRatio: 0.0
[2024-12-09T14:50:52.600+0000] {spark_submit.py:634} INFO - 24/12/09 14:50:52 INFO SparkContext: Starting job: collect at wordcount.scala:14
[2024-12-09T14:50:54.058+0000] {spark_submit.py:634} INFO - 24/12/09 14:50:54 INFO DAGScheduler: Registering RDD 2 (map at wordcount.scala:11) as input to shuffle 0
[2024-12-09T14:50:54.067+0000] {spark_submit.py:634} INFO - 24/12/09 14:50:54 INFO DAGScheduler: Got job 0 (collect at wordcount.scala:14) with 2 output partitions
[2024-12-09T14:50:54.068+0000] {spark_submit.py:634} INFO - 24/12/09 14:50:54 INFO DAGScheduler: Final stage: ResultStage 1 (collect at wordcount.scala:14)
[2024-12-09T14:50:54.083+0000] {spark_submit.py:634} INFO - 24/12/09 14:50:54 INFO DAGScheduler: Parents of final stage: List(ShuffleMapStage 0)
[2024-12-09T14:50:54.084+0000] {spark_submit.py:634} INFO - 24/12/09 14:50:54 INFO DAGScheduler: Missing parents: List(ShuffleMapStage 0)
[2024-12-09T14:50:54.113+0000] {spark_submit.py:634} INFO - 24/12/09 14:50:54 INFO DAGScheduler: Submitting ShuffleMapStage 0 (MapPartitionsRDD[2] at map at wordcount.scala:11), which has no missing parents
[2024-12-09T14:50:54.344+0000] {spark_submit.py:634} INFO - 24/12/09 14:50:54 INFO MemoryStore: Block broadcast_0 stored as values in memory (estimated size 5.5 KiB, free 434.4 MiB)
[2024-12-09T14:50:54.419+0000] {spark_submit.py:634} INFO - 24/12/09 14:50:54 INFO MemoryStore: Block broadcast_0_piece0 stored as bytes in memory (estimated size 3.2 KiB, free 434.4 MiB)
[2024-12-09T14:50:54.424+0000] {spark_submit.py:634} INFO - 24/12/09 14:50:54 INFO BlockManagerInfo: Added broadcast_0_piece0 in memory on 2a892a3469ec:38787 (size: 3.2 KiB, free: 434.4 MiB)
[2024-12-09T14:50:54.430+0000] {spark_submit.py:634} INFO - 24/12/09 14:50:54 INFO SparkContext: Created broadcast 0 from broadcast at DAGScheduler.scala:1585
[2024-12-09T14:50:54.457+0000] {spark_submit.py:634} INFO - 24/12/09 14:50:54 INFO DAGScheduler: Submitting 2 missing tasks from ShuffleMapStage 0 (MapPartitionsRDD[2] at map at wordcount.scala:11) (first 15 tasks are for partitions Vector(0, 1))
[2024-12-09T14:50:54.459+0000] {spark_submit.py:634} INFO - 24/12/09 14:50:54 INFO TaskSchedulerImpl: Adding task set 0.0 with 2 tasks resource profile 0
[2024-12-09T14:50:57.578+0000] {spark_submit.py:634} INFO - 24/12/09 14:50:57 INFO StandaloneSchedulerBackend$StandaloneDriverEndpoint: Registered executor NettyRpcEndpointRef(spark-client://Executor) (172.18.0.6:57020) with ID 0,  ResourceProfileId 0
[2024-12-09T14:50:57.705+0000] {spark_submit.py:634} INFO - 24/12/09 14:50:57 INFO BlockManagerMasterEndpoint: Registering block manager 172.18.0.6:40859 with 434.4 MiB RAM, BlockManagerId(0, 172.18.0.6, 40859, None)
[2024-12-09T14:50:57.910+0000] {spark_submit.py:634} INFO - 24/12/09 14:50:57 INFO TaskSetManager: Starting task 0.0 in stage 0.0 (TID 0) (172.18.0.6, executor 0, partition 0, PROCESS_LOCAL, 9198 bytes)
[2024-12-09T14:50:57.918+0000] {spark_submit.py:634} INFO - 24/12/09 14:50:57 INFO TaskSetManager: Starting task 1.0 in stage 0.0 (TID 1) (172.18.0.6, executor 0, partition 1, PROCESS_LOCAL, 9213 bytes)
[2024-12-09T14:50:58.377+0000] {spark_submit.py:634} INFO - 24/12/09 14:50:58 INFO BlockManagerInfo: Added broadcast_0_piece0 in memory on 172.18.0.6:40859 (size: 3.2 KiB, free: 434.4 MiB)
[2024-12-09T14:50:59.372+0000] {spark_submit.py:634} INFO - 24/12/09 14:50:59 INFO TaskSetManager: Finished task 1.0 in stage 0.0 (TID 1) in 1454 ms on 172.18.0.6 (executor 0) (1/2)
[2024-12-09T14:50:59.377+0000] {spark_submit.py:634} INFO - 24/12/09 14:50:59 INFO TaskSetManager: Finished task 0.0 in stage 0.0 (TID 0) in 1495 ms on 172.18.0.6 (executor 0) (2/2)
[2024-12-09T14:50:59.378+0000] {spark_submit.py:634} INFO - 24/12/09 14:50:59 INFO TaskSchedulerImpl: Removed TaskSet 0.0, whose tasks have all completed, from pool
[2024-12-09T14:50:59.396+0000] {spark_submit.py:634} INFO - 24/12/09 14:50:59 INFO DAGScheduler: ShuffleMapStage 0 (map at wordcount.scala:11) finished in 5.217 s
[2024-12-09T14:50:59.397+0000] {spark_submit.py:634} INFO - 24/12/09 14:50:59 INFO DAGScheduler: looking for newly runnable stages
[2024-12-09T14:50:59.397+0000] {spark_submit.py:634} INFO - 24/12/09 14:50:59 INFO DAGScheduler: running: Set()
[2024-12-09T14:50:59.398+0000] {spark_submit.py:634} INFO - 24/12/09 14:50:59 INFO DAGScheduler: waiting: Set(ResultStage 1)
[2024-12-09T14:50:59.398+0000] {spark_submit.py:634} INFO - 24/12/09 14:50:59 INFO DAGScheduler: failed: Set()
[2024-12-09T14:50:59.402+0000] {spark_submit.py:634} INFO - 24/12/09 14:50:59 INFO DAGScheduler: Submitting ResultStage 1 (ShuffledRDD[3] at reduceByKey at wordcount.scala:12), which has no missing parents
[2024-12-09T14:50:59.421+0000] {spark_submit.py:634} INFO - 24/12/09 14:50:59 INFO MemoryStore: Block broadcast_1 stored as values in memory (estimated size 5.2 KiB, free 434.4 MiB)
[2024-12-09T14:50:59.494+0000] {spark_submit.py:634} INFO - 24/12/09 14:50:59 INFO MemoryStore: Block broadcast_1_piece0 stored as bytes in memory (estimated size 3.1 KiB, free 434.4 MiB)
[2024-12-09T14:50:59.495+0000] {spark_submit.py:634} INFO - 24/12/09 14:50:59 INFO BlockManagerInfo: Added broadcast_1_piece0 in memory on 2a892a3469ec:38787 (size: 3.1 KiB, free: 434.4 MiB)
[2024-12-09T14:50:59.496+0000] {spark_submit.py:634} INFO - 24/12/09 14:50:59 INFO SparkContext: Created broadcast 1 from broadcast at DAGScheduler.scala:1585
[2024-12-09T14:50:59.502+0000] {spark_submit.py:634} INFO - 24/12/09 14:50:59 INFO DAGScheduler: Submitting 2 missing tasks from ResultStage 1 (ShuffledRDD[3] at reduceByKey at wordcount.scala:12) (first 15 tasks are for partitions Vector(0, 1))
[2024-12-09T14:50:59.505+0000] {spark_submit.py:634} INFO - 24/12/09 14:50:59 INFO TaskSchedulerImpl: Adding task set 1.0 with 2 tasks resource profile 0
[2024-12-09T14:50:59.527+0000] {spark_submit.py:634} INFO - 24/12/09 14:50:59 INFO TaskSetManager: Starting task 0.0 in stage 1.0 (TID 2) (172.18.0.6, executor 0, partition 0, NODE_LOCAL, 9003 bytes)
[2024-12-09T14:50:59.528+0000] {spark_submit.py:634} INFO - 24/12/09 14:50:59 INFO TaskSetManager: Starting task 1.0 in stage 1.0 (TID 3) (172.18.0.6, executor 0, partition 1, NODE_LOCAL, 9003 bytes)
[2024-12-09T14:50:59.581+0000] {spark_submit.py:634} INFO - 24/12/09 14:50:59 INFO BlockManagerInfo: Added broadcast_1_piece0 in memory on 172.18.0.6:40859 (size: 3.1 KiB, free: 434.4 MiB)
[2024-12-09T14:50:59.692+0000] {spark_submit.py:634} INFO - 24/12/09 14:50:59 INFO MapOutputTrackerMasterEndpoint: Asked to send map output locations for shuffle 0 to 172.18.0.6:57020
[2024-12-09T14:50:59.754+0000] {spark_submit.py:634} INFO - 24/12/09 14:50:59 INFO BlockManagerInfo: Removed broadcast_0_piece0 on 2a892a3469ec:38787 in memory (size: 3.2 KiB, free: 434.4 MiB)
[2024-12-09T14:50:59.764+0000] {spark_submit.py:634} INFO - 24/12/09 14:50:59 INFO BlockManagerInfo: Removed broadcast_0_piece0 on 172.18.0.6:40859 in memory (size: 3.2 KiB, free: 434.4 MiB)
[2024-12-09T14:50:59.913+0000] {spark_submit.py:634} INFO - 24/12/09 14:50:59 INFO TaskSetManager: Finished task 0.0 in stage 1.0 (TID 2) in 399 ms on 172.18.0.6 (executor 0) (1/2)
[2024-12-09T14:50:59.937+0000] {spark_submit.py:634} INFO - 24/12/09 14:50:59 INFO TaskSetManager: Finished task 1.0 in stage 1.0 (TID 3) in 402 ms on 172.18.0.6 (executor 0) (2/2)
[2024-12-09T14:50:59.938+0000] {spark_submit.py:634} INFO - 24/12/09 14:50:59 INFO TaskSchedulerImpl: Removed TaskSet 1.0, whose tasks have all completed, from pool
[2024-12-09T14:50:59.940+0000] {spark_submit.py:634} INFO - 24/12/09 14:50:59 INFO DAGScheduler: ResultStage 1 (collect at wordcount.scala:14) finished in 0.517 s
[2024-12-09T14:50:59.957+0000] {spark_submit.py:634} INFO - 24/12/09 14:50:59 INFO DAGScheduler: Job 0 is finished. Cancelling potential speculative or zombie tasks for this job
[2024-12-09T14:50:59.957+0000] {spark_submit.py:634} INFO - 24/12/09 14:50:59 INFO TaskSchedulerImpl: Killing all running tasks in stage 1: Stage finished
[2024-12-09T14:50:59.965+0000] {spark_submit.py:634} INFO - 24/12/09 14:50:59 INFO DAGScheduler: Job 0 finished: collect at wordcount.scala:14, took 7.378547 s
[2024-12-09T14:50:59.977+0000] {spark_submit.py:634} INFO - (Hello,5)
[2024-12-09T14:50:59.977+0000] {spark_submit.py:634} INFO - (Yusuf,1)
[2024-12-09T14:50:59.978+0000] {spark_submit.py:634} INFO - (World,1)
[2024-12-09T14:50:59.978+0000] {spark_submit.py:634} INFO - (Scala,1)
[2024-12-09T14:50:59.979+0000] {spark_submit.py:634} INFO - (Docker,1)
[2024-12-09T14:50:59.983+0000] {spark_submit.py:634} INFO - (spark,1)
[2024-12-09T14:50:59.983+0000] {spark_submit.py:634} INFO - 24/12/09 14:50:59 INFO SparkContext: SparkContext is stopping with exitCode 0.
[2024-12-09T14:51:00.006+0000] {spark_submit.py:634} INFO - 24/12/09 14:51:00 INFO SparkUI: Stopped Spark web UI at http://2a892a3469ec:4041
[2024-12-09T14:51:00.027+0000] {spark_submit.py:634} INFO - 24/12/09 14:51:00 INFO StandaloneSchedulerBackend: Shutting down all executors
[2024-12-09T14:51:00.029+0000] {spark_submit.py:634} INFO - 24/12/09 14:51:00 INFO StandaloneSchedulerBackend$StandaloneDriverEndpoint: Asking each executor to shut down
[2024-12-09T14:51:00.064+0000] {spark_submit.py:634} INFO - 24/12/09 14:51:00 INFO MapOutputTrackerMasterEndpoint: MapOutputTrackerMasterEndpoint stopped!
[2024-12-09T14:51:00.119+0000] {spark_submit.py:634} INFO - 24/12/09 14:51:00 INFO MemoryStore: MemoryStore cleared
[2024-12-09T14:51:00.121+0000] {spark_submit.py:634} INFO - 24/12/09 14:51:00 INFO BlockManager: BlockManager stopped
[2024-12-09T14:51:00.158+0000] {spark_submit.py:634} INFO - 24/12/09 14:51:00 INFO BlockManagerMaster: BlockManagerMaster stopped
[2024-12-09T14:51:00.166+0000] {spark_submit.py:634} INFO - 24/12/09 14:51:00 INFO OutputCommitCoordinator$OutputCommitCoordinatorEndpoint: OutputCommitCoordinator stopped!
[2024-12-09T14:51:00.258+0000] {spark_submit.py:634} INFO - 24/12/09 14:51:00 INFO SparkContext: Successfully stopped SparkContext
[2024-12-09T14:51:00.279+0000] {spark_submit.py:634} INFO - 24/12/09 14:51:00 INFO ShutdownHookManager: Shutdown hook called
[2024-12-09T14:51:00.284+0000] {spark_submit.py:634} INFO - 24/12/09 14:51:00 INFO ShutdownHookManager: Deleting directory /tmp/spark-726889d1-9219-4252-b720-87dae1671914
[2024-12-09T14:51:00.297+0000] {spark_submit.py:634} INFO - 24/12/09 14:51:00 INFO ShutdownHookManager: Deleting directory /tmp/spark-b62b8765-e462-4010-9576-d3a0cc3fb085
[2024-12-09T14:51:00.430+0000] {taskinstance.py:340} INFO - ::group::Post task execution logs
[2024-12-09T14:51:00.432+0000] {taskinstance.py:352} INFO - Marking task as SUCCESS. dag_id=sparking_flow, task_id=scala_job, run_id=manual__2024-12-09T14:50:41.982700+00:00, execution_date=20241209T145041, start_date=20241209T145044, end_date=20241209T145100
[2024-12-09T14:51:00.482+0000] {local_task_job_runner.py:266} INFO - Task exited with return code 0
[2024-12-09T14:51:00.534+0000] {taskinstance.py:3895} INFO - 0 downstream tasks scheduled from follow-on schedule check
[2024-12-09T14:51:00.537+0000] {local_task_job_runner.py:245} INFO - ::endgroup::
