[2024-12-04T16:40:02.501+0000] {local_task_job_runner.py:123} INFO - ::group::Pre task execution logs
[2024-12-04T16:40:02.515+0000] {taskinstance.py:2613} INFO - Dependencies all met for dep_context=non-requeueable deps ti=<TaskInstance: sparking_flow.scala_job manual__2024-12-04T16:40:00.439191+00:00 [queued]>
[2024-12-04T16:40:02.521+0000] {taskinstance.py:2613} INFO - Dependencies all met for dep_context=requeueable deps ti=<TaskInstance: sparking_flow.scala_job manual__2024-12-04T16:40:00.439191+00:00 [queued]>
[2024-12-04T16:40:02.521+0000] {taskinstance.py:2866} INFO - Starting attempt 1 of 1
[2024-12-04T16:40:02.531+0000] {taskinstance.py:2889} INFO - Executing <Task(SparkSubmitOperator): scala_job> on 2024-12-04 16:40:00.439191+00:00
[2024-12-04T16:40:02.540+0000] {logging_mixin.py:190} WARNING - /home/***/.local/lib/python3.12/site-packages/***/task/task_runner/standard_task_runner.py:70 DeprecationWarning: This process (pid=197) is multi-threaded, use of fork() may lead to deadlocks in the child.
[2024-12-04T16:40:02.542+0000] {standard_task_runner.py:72} INFO - Started process 198 to run task
[2024-12-04T16:40:02.540+0000] {standard_task_runner.py:104} INFO - Running: ['***', 'tasks', 'run', 'sparking_flow', 'scala_job', 'manual__2024-12-04T16:40:00.439191+00:00', '--job-id', '95', '--raw', '--subdir', 'DAGS_FOLDER/spark_***.py', '--cfg-path', '/tmp/tmpyzzjkx4w']
[2024-12-04T16:40:02.543+0000] {standard_task_runner.py:105} INFO - Job 95: Subtask scala_job
[2024-12-04T16:40:02.595+0000] {task_command.py:467} INFO - Running <TaskInstance: sparking_flow.scala_job manual__2024-12-04T16:40:00.439191+00:00 [running]> on host 2a892a3469ec
[2024-12-04T16:40:02.677+0000] {taskinstance.py:3132} INFO - Exporting env vars: AIRFLOW_CTX_DAG_OWNER='Yusuf Ganiyu' AIRFLOW_CTX_DAG_ID='sparking_flow' AIRFLOW_CTX_TASK_ID='scala_job' AIRFLOW_CTX_EXECUTION_DATE='2024-12-04T16:40:00.439191+00:00' AIRFLOW_CTX_TRY_NUMBER='1' AIRFLOW_CTX_DAG_RUN_ID='manual__2024-12-04T16:40:00.439191+00:00'
[2024-12-04T16:40:02.678+0000] {taskinstance.py:731} INFO - ::endgroup::
[2024-12-04T16:40:02.698+0000] {base.py:84} INFO - Retrieving connection 'spark-conn'
[2024-12-04T16:40:02.700+0000] {spark_submit.py:473} INFO - Spark-Submit cmd: spark-submit --master spark://sparkingflow-spark-master-1:7077 --name arrow-spark --deploy-mode client jobs/scala/target/scala-2.12/word-count_2.12-0.1.jar
[2024-12-04T16:40:05.761+0000] {spark_submit.py:634} INFO - 24/12/04 16:40:05 WARN NativeCodeLoader: Unable to load native-hadoop library for your platform... using builtin-java classes where applicable
[2024-12-04T16:40:06.106+0000] {spark_submit.py:634} INFO - 24/12/04 16:40:06 INFO SparkContext: Running Spark version 3.5.3
[2024-12-04T16:40:06.107+0000] {spark_submit.py:634} INFO - 24/12/04 16:40:06 INFO SparkContext: OS info Linux, 6.10.14-linuxkit, aarch64
[2024-12-04T16:40:06.108+0000] {spark_submit.py:634} INFO - 24/12/04 16:40:06 INFO SparkContext: Java version 17.0.13
[2024-12-04T16:40:06.148+0000] {spark_submit.py:634} INFO - 24/12/04 16:40:06 INFO ResourceUtils: ==============================================================
[2024-12-04T16:40:06.149+0000] {spark_submit.py:634} INFO - 24/12/04 16:40:06 INFO ResourceUtils: No custom resources configured for spark.driver.
[2024-12-04T16:40:06.149+0000] {spark_submit.py:634} INFO - 24/12/04 16:40:06 INFO ResourceUtils: ==============================================================
[2024-12-04T16:40:06.150+0000] {spark_submit.py:634} INFO - 24/12/04 16:40:06 INFO SparkContext: Submitted application: Word Count
[2024-12-04T16:40:06.178+0000] {spark_submit.py:634} INFO - 24/12/04 16:40:06 INFO ResourceProfile: Default ResourceProfile created, executor resources: Map(memory -> name: memory, amount: 1024, script: , vendor: , offHeap -> name: offHeap, amount: 0, script: , vendor: ), task resources: Map(cpus -> name: cpus, amount: 1.0)
[2024-12-04T16:40:06.190+0000] {spark_submit.py:634} INFO - 24/12/04 16:40:06 INFO ResourceProfile: Limiting resource is cpu
[2024-12-04T16:40:06.191+0000] {spark_submit.py:634} INFO - 24/12/04 16:40:06 INFO ResourceProfileManager: Added ResourceProfile id: 0
[2024-12-04T16:40:06.270+0000] {spark_submit.py:634} INFO - 24/12/04 16:40:06 INFO SecurityManager: Changing view acls to: ***
[2024-12-04T16:40:06.272+0000] {spark_submit.py:634} INFO - 24/12/04 16:40:06 INFO SecurityManager: Changing modify acls to: ***
[2024-12-04T16:40:06.273+0000] {spark_submit.py:634} INFO - 24/12/04 16:40:06 INFO SecurityManager: Changing view acls groups to:
[2024-12-04T16:40:06.278+0000] {spark_submit.py:634} INFO - 24/12/04 16:40:06 INFO SecurityManager: Changing modify acls groups to:
[2024-12-04T16:40:06.279+0000] {spark_submit.py:634} INFO - 24/12/04 16:40:06 INFO SecurityManager: SecurityManager: authentication disabled; ui acls disabled; users with view permissions: ***; groups with view permissions: EMPTY; users with modify permissions: ***; groups with modify permissions: EMPTY
[2024-12-04T16:40:06.554+0000] {spark_submit.py:634} INFO - 24/12/04 16:40:06 INFO Utils: Successfully started service 'sparkDriver' on port 41219.
[2024-12-04T16:40:06.582+0000] {spark_submit.py:634} INFO - 24/12/04 16:40:06 INFO SparkEnv: Registering MapOutputTracker
[2024-12-04T16:40:06.641+0000] {spark_submit.py:634} INFO - 24/12/04 16:40:06 INFO SparkEnv: Registering BlockManagerMaster
[2024-12-04T16:40:06.662+0000] {spark_submit.py:634} INFO - 24/12/04 16:40:06 INFO BlockManagerMasterEndpoint: Using org.apache.spark.storage.DefaultTopologyMapper for getting topology information
[2024-12-04T16:40:06.665+0000] {spark_submit.py:634} INFO - 24/12/04 16:40:06 INFO BlockManagerMasterEndpoint: BlockManagerMasterEndpoint up
[2024-12-04T16:40:06.669+0000] {spark_submit.py:634} INFO - 24/12/04 16:40:06 INFO SparkEnv: Registering BlockManagerMasterHeartbeat
[2024-12-04T16:40:06.697+0000] {spark_submit.py:634} INFO - 24/12/04 16:40:06 INFO DiskBlockManager: Created local directory at /tmp/blockmgr-4c40d708-d7e3-4049-8121-c565d4117856
[2024-12-04T16:40:06.720+0000] {spark_submit.py:634} INFO - 24/12/04 16:40:06 INFO MemoryStore: MemoryStore started with capacity 434.4 MiB
[2024-12-04T16:40:06.746+0000] {spark_submit.py:634} INFO - 24/12/04 16:40:06 INFO SparkEnv: Registering OutputCommitCoordinator
[2024-12-04T16:40:06.895+0000] {spark_submit.py:634} INFO - 24/12/04 16:40:06 INFO JettyUtils: Start Jetty 0.0.0.0:4040 for SparkUI
[2024-12-04T16:40:07.012+0000] {spark_submit.py:634} INFO - 24/12/04 16:40:07 WARN Utils: Service 'SparkUI' could not bind on port 4040. Attempting port 4041.
[2024-12-04T16:40:07.026+0000] {spark_submit.py:634} INFO - 24/12/04 16:40:07 INFO Utils: Successfully started service 'SparkUI' on port 4041.
[2024-12-04T16:40:07.093+0000] {spark_submit.py:634} INFO - 24/12/04 16:40:07 INFO SparkContext: Added JAR file:/opt/***/jobs/scala/target/scala-2.12/word-count_2.12-0.1.jar at spark://2a892a3469ec:41219/jars/word-count_2.12-0.1.jar with timestamp 1733330406092
[2024-12-04T16:40:07.236+0000] {spark_submit.py:634} INFO - 24/12/04 16:40:07 INFO StandaloneAppClient$ClientEndpoint: Connecting to master spark://spark-master:7077...
[2024-12-04T16:40:07.293+0000] {spark_submit.py:634} INFO - 24/12/04 16:40:07 INFO TransportClientFactory: Successfully created connection to spark-master/172.18.0.5:7077 after 32 ms (0 ms spent in bootstraps)
[2024-12-04T16:40:07.502+0000] {spark_submit.py:634} INFO - 24/12/04 16:40:07 INFO StandaloneSchedulerBackend: Connected to Spark cluster with app ID app-20241204164007-0000
[2024-12-04T16:40:07.521+0000] {spark_submit.py:634} INFO - 24/12/04 16:40:07 INFO Utils: Successfully started service 'org.apache.spark.network.netty.NettyBlockTransferService' on port 45589.
[2024-12-04T16:40:07.522+0000] {spark_submit.py:634} INFO - 24/12/04 16:40:07 INFO NettyBlockTransferService: Server created on 2a892a3469ec:45589
[2024-12-04T16:40:07.528+0000] {spark_submit.py:634} INFO - 24/12/04 16:40:07 INFO BlockManager: Using org.apache.spark.storage.RandomBlockReplicationPolicy for block replication policy
[2024-12-04T16:40:07.535+0000] {spark_submit.py:634} INFO - 24/12/04 16:40:07 INFO BlockManagerMaster: Registering BlockManager BlockManagerId(driver, 2a892a3469ec, 45589, None)
[2024-12-04T16:40:07.542+0000] {spark_submit.py:634} INFO - 24/12/04 16:40:07 INFO BlockManagerMasterEndpoint: Registering block manager 2a892a3469ec:45589 with 434.4 MiB RAM, BlockManagerId(driver, 2a892a3469ec, 45589, None)
[2024-12-04T16:40:07.547+0000] {spark_submit.py:634} INFO - 24/12/04 16:40:07 INFO BlockManagerMaster: Registered BlockManager BlockManagerId(driver, 2a892a3469ec, 45589, None)
[2024-12-04T16:40:07.551+0000] {spark_submit.py:634} INFO - 24/12/04 16:40:07 INFO StandaloneAppClient$ClientEndpoint: Executor added: app-20241204164007-0000/0 on worker-20241204163836-172.18.0.7-42069 (172.18.0.7:42069) with 2 core(s)
[2024-12-04T16:40:07.556+0000] {spark_submit.py:634} INFO - 24/12/04 16:40:07 INFO BlockManager: Initialized BlockManager: BlockManagerId(driver, 2a892a3469ec, 45589, None)
[2024-12-04T16:40:07.563+0000] {spark_submit.py:634} INFO - 24/12/04 16:40:07 INFO StandaloneSchedulerBackend: Granted executor ID app-20241204164007-0000/0 on hostPort 172.18.0.7:42069 with 2 core(s), 1024.0 MiB RAM
[2024-12-04T16:40:07.932+0000] {spark_submit.py:634} INFO - 24/12/04 16:40:07 INFO StandaloneAppClient$ClientEndpoint: Executor updated: app-20241204164007-0000/0 is now RUNNING
[2024-12-04T16:40:07.962+0000] {spark_submit.py:634} INFO - 24/12/04 16:40:07 INFO StandaloneSchedulerBackend: SchedulerBackend is ready for scheduling beginning after reached minRegisteredResourcesRatio: 0.0
[2024-12-04T16:40:08.723+0000] {spark_submit.py:634} INFO - 24/12/04 16:40:08 INFO SparkContext: Starting job: collect at wordcount.scala:14
[2024-12-04T16:40:09.211+0000] {spark_submit.py:634} INFO - 24/12/04 16:40:09 INFO DAGScheduler: Registering RDD 2 (map at wordcount.scala:11) as input to shuffle 0
[2024-12-04T16:40:09.222+0000] {spark_submit.py:634} INFO - 24/12/04 16:40:09 INFO DAGScheduler: Got job 0 (collect at wordcount.scala:14) with 2 output partitions
[2024-12-04T16:40:09.223+0000] {spark_submit.py:634} INFO - 24/12/04 16:40:09 INFO DAGScheduler: Final stage: ResultStage 1 (collect at wordcount.scala:14)
[2024-12-04T16:40:09.224+0000] {spark_submit.py:634} INFO - 24/12/04 16:40:09 INFO DAGScheduler: Parents of final stage: List(ShuffleMapStage 0)
[2024-12-04T16:40:09.226+0000] {spark_submit.py:634} INFO - 24/12/04 16:40:09 INFO DAGScheduler: Missing parents: List(ShuffleMapStage 0)
[2024-12-04T16:40:09.239+0000] {spark_submit.py:634} INFO - 24/12/04 16:40:09 INFO DAGScheduler: Submitting ShuffleMapStage 0 (MapPartitionsRDD[2] at map at wordcount.scala:11), which has no missing parents
[2024-12-04T16:40:09.437+0000] {spark_submit.py:634} INFO - 24/12/04 16:40:09 INFO MemoryStore: Block broadcast_0 stored as values in memory (estimated size 5.5 KiB, free 434.4 MiB)
[2024-12-04T16:40:09.519+0000] {spark_submit.py:634} INFO - 24/12/04 16:40:09 INFO MemoryStore: Block broadcast_0_piece0 stored as bytes in memory (estimated size 3.2 KiB, free 434.4 MiB)
[2024-12-04T16:40:09.523+0000] {spark_submit.py:634} INFO - 24/12/04 16:40:09 INFO BlockManagerInfo: Added broadcast_0_piece0 in memory on 2a892a3469ec:45589 (size: 3.2 KiB, free: 434.4 MiB)
[2024-12-04T16:40:09.533+0000] {spark_submit.py:634} INFO - 24/12/04 16:40:09 INFO SparkContext: Created broadcast 0 from broadcast at DAGScheduler.scala:1585
[2024-12-04T16:40:09.594+0000] {spark_submit.py:634} INFO - 24/12/04 16:40:09 INFO DAGScheduler: Submitting 2 missing tasks from ShuffleMapStage 0 (MapPartitionsRDD[2] at map at wordcount.scala:11) (first 15 tasks are for partitions Vector(0, 1))
[2024-12-04T16:40:09.596+0000] {spark_submit.py:634} INFO - 24/12/04 16:40:09 INFO TaskSchedulerImpl: Adding task set 0.0 with 2 tasks resource profile 0
[2024-12-04T16:40:11.377+0000] {spark_submit.py:634} INFO - 24/12/04 16:40:11 INFO StandaloneSchedulerBackend$StandaloneDriverEndpoint: Registered executor NettyRpcEndpointRef(spark-client://Executor) (172.18.0.7:44554) with ID 0,  ResourceProfileId 0
[2024-12-04T16:40:11.438+0000] {spark_submit.py:634} INFO - 24/12/04 16:40:11 INFO BlockManagerMasterEndpoint: Registering block manager 172.18.0.7:45599 with 434.4 MiB RAM, BlockManagerId(0, 172.18.0.7, 45599, None)
[2024-12-04T16:40:11.545+0000] {spark_submit.py:634} INFO - 24/12/04 16:40:11 INFO TaskSetManager: Starting task 0.0 in stage 0.0 (TID 0) (172.18.0.7, executor 0, partition 0, PROCESS_LOCAL, 9198 bytes)
[2024-12-04T16:40:11.549+0000] {spark_submit.py:634} INFO - 24/12/04 16:40:11 INFO TaskSetManager: Starting task 1.0 in stage 0.0 (TID 1) (172.18.0.7, executor 0, partition 1, PROCESS_LOCAL, 9213 bytes)
[2024-12-04T16:40:11.791+0000] {spark_submit.py:634} INFO - 24/12/04 16:40:11 INFO BlockManagerInfo: Added broadcast_0_piece0 in memory on 172.18.0.7:45599 (size: 3.2 KiB, free: 434.4 MiB)
[2024-12-04T16:40:12.356+0000] {spark_submit.py:634} INFO - 24/12/04 16:40:12 INFO TaskSetManager: Finished task 1.0 in stage 0.0 (TID 1) in 806 ms on 172.18.0.7 (executor 0) (1/2)
[2024-12-04T16:40:12.358+0000] {spark_submit.py:634} INFO - 24/12/04 16:40:12 INFO TaskSetManager: Finished task 0.0 in stage 0.0 (TID 0) in 824 ms on 172.18.0.7 (executor 0) (2/2)
[2024-12-04T16:40:12.359+0000] {spark_submit.py:634} INFO - 24/12/04 16:40:12 INFO TaskSchedulerImpl: Removed TaskSet 0.0, whose tasks have all completed, from pool
[2024-12-04T16:40:12.369+0000] {spark_submit.py:634} INFO - 24/12/04 16:40:12 INFO DAGScheduler: ShuffleMapStage 0 (map at wordcount.scala:11) finished in 3.100 s
[2024-12-04T16:40:12.369+0000] {spark_submit.py:634} INFO - 24/12/04 16:40:12 INFO DAGScheduler: looking for newly runnable stages
[2024-12-04T16:40:12.371+0000] {spark_submit.py:634} INFO - 24/12/04 16:40:12 INFO DAGScheduler: running: Set()
[2024-12-04T16:40:12.371+0000] {spark_submit.py:634} INFO - 24/12/04 16:40:12 INFO DAGScheduler: waiting: Set(ResultStage 1)
[2024-12-04T16:40:12.371+0000] {spark_submit.py:634} INFO - 24/12/04 16:40:12 INFO DAGScheduler: failed: Set()
[2024-12-04T16:40:12.373+0000] {spark_submit.py:634} INFO - 24/12/04 16:40:12 INFO DAGScheduler: Submitting ResultStage 1 (ShuffledRDD[3] at reduceByKey at wordcount.scala:12), which has no missing parents
[2024-12-04T16:40:12.383+0000] {spark_submit.py:634} INFO - 24/12/04 16:40:12 INFO MemoryStore: Block broadcast_1 stored as values in memory (estimated size 5.2 KiB, free 434.4 MiB)
[2024-12-04T16:40:12.404+0000] {spark_submit.py:634} INFO - 24/12/04 16:40:12 INFO MemoryStore: Block broadcast_1_piece0 stored as bytes in memory (estimated size 3.1 KiB, free 434.4 MiB)
[2024-12-04T16:40:12.408+0000] {spark_submit.py:634} INFO - 24/12/04 16:40:12 INFO BlockManagerInfo: Added broadcast_1_piece0 in memory on 2a892a3469ec:45589 (size: 3.1 KiB, free: 434.4 MiB)
[2024-12-04T16:40:12.409+0000] {spark_submit.py:634} INFO - 24/12/04 16:40:12 INFO SparkContext: Created broadcast 1 from broadcast at DAGScheduler.scala:1585
[2024-12-04T16:40:12.409+0000] {spark_submit.py:634} INFO - 24/12/04 16:40:12 INFO DAGScheduler: Submitting 2 missing tasks from ResultStage 1 (ShuffledRDD[3] at reduceByKey at wordcount.scala:12) (first 15 tasks are for partitions Vector(0, 1))
[2024-12-04T16:40:12.409+0000] {spark_submit.py:634} INFO - 24/12/04 16:40:12 INFO TaskSchedulerImpl: Adding task set 1.0 with 2 tasks resource profile 0
[2024-12-04T16:40:12.416+0000] {spark_submit.py:634} INFO - 24/12/04 16:40:12 INFO TaskSetManager: Starting task 0.0 in stage 1.0 (TID 2) (172.18.0.7, executor 0, partition 0, NODE_LOCAL, 9003 bytes)
[2024-12-04T16:40:12.416+0000] {spark_submit.py:634} INFO - 24/12/04 16:40:12 INFO TaskSetManager: Starting task 1.0 in stage 1.0 (TID 3) (172.18.0.7, executor 0, partition 1, NODE_LOCAL, 9003 bytes)
[2024-12-04T16:40:12.448+0000] {spark_submit.py:634} INFO - 24/12/04 16:40:12 INFO BlockManagerInfo: Added broadcast_1_piece0 in memory on 172.18.0.7:45599 (size: 3.1 KiB, free: 434.4 MiB)
[2024-12-04T16:40:12.526+0000] {spark_submit.py:634} INFO - 24/12/04 16:40:12 INFO MapOutputTrackerMasterEndpoint: Asked to send map output locations for shuffle 0 to 172.18.0.7:44554
[2024-12-04T16:40:12.681+0000] {spark_submit.py:634} INFO - 24/12/04 16:40:12 INFO TaskSetManager: Finished task 0.0 in stage 1.0 (TID 2) in 267 ms on 172.18.0.7 (executor 0) (1/2)
[2024-12-04T16:40:12.682+0000] {spark_submit.py:634} INFO - 24/12/04 16:40:12 INFO TaskSetManager: Finished task 1.0 in stage 1.0 (TID 3) in 266 ms on 172.18.0.7 (executor 0) (2/2)
[2024-12-04T16:40:12.683+0000] {spark_submit.py:634} INFO - 24/12/04 16:40:12 INFO TaskSchedulerImpl: Removed TaskSet 1.0, whose tasks have all completed, from pool
[2024-12-04T16:40:12.688+0000] {spark_submit.py:634} INFO - 24/12/04 16:40:12 INFO DAGScheduler: ResultStage 1 (collect at wordcount.scala:14) finished in 0.304 s
[2024-12-04T16:40:12.694+0000] {spark_submit.py:634} INFO - 24/12/04 16:40:12 INFO DAGScheduler: Job 0 is finished. Cancelling potential speculative or zombie tasks for this job
[2024-12-04T16:40:12.695+0000] {spark_submit.py:634} INFO - 24/12/04 16:40:12 INFO TaskSchedulerImpl: Killing all running tasks in stage 1: Stage finished
[2024-12-04T16:40:12.700+0000] {spark_submit.py:634} INFO - 24/12/04 16:40:12 INFO DAGScheduler: Job 0 finished: collect at wordcount.scala:14, took 3.976363 s
[2024-12-04T16:40:12.708+0000] {spark_submit.py:634} INFO - (Hello,5)
[2024-12-04T16:40:12.708+0000] {spark_submit.py:634} INFO - (Yusuf,1)
[2024-12-04T16:40:12.709+0000] {spark_submit.py:634} INFO - (World,1)
[2024-12-04T16:40:12.711+0000] {spark_submit.py:634} INFO - (Scala,1)
[2024-12-04T16:40:12.714+0000] {spark_submit.py:634} INFO - (Docker,1)
[2024-12-04T16:40:12.716+0000] {spark_submit.py:634} INFO - (spark,1)
[2024-12-04T16:40:12.716+0000] {spark_submit.py:634} INFO - 24/12/04 16:40:12 INFO SparkContext: SparkContext is stopping with exitCode 0.
[2024-12-04T16:40:12.721+0000] {spark_submit.py:634} INFO - 24/12/04 16:40:12 INFO SparkUI: Stopped Spark web UI at http://2a892a3469ec:4041
[2024-12-04T16:40:12.726+0000] {spark_submit.py:634} INFO - 24/12/04 16:40:12 INFO StandaloneSchedulerBackend: Shutting down all executors
[2024-12-04T16:40:12.726+0000] {spark_submit.py:634} INFO - 24/12/04 16:40:12 INFO StandaloneSchedulerBackend$StandaloneDriverEndpoint: Asking each executor to shut down
[2024-12-04T16:40:12.752+0000] {spark_submit.py:634} INFO - 24/12/04 16:40:12 INFO MapOutputTrackerMasterEndpoint: MapOutputTrackerMasterEndpoint stopped!
[2024-12-04T16:40:12.804+0000] {spark_submit.py:634} INFO - 24/12/04 16:40:12 INFO MemoryStore: MemoryStore cleared
[2024-12-04T16:40:12.807+0000] {spark_submit.py:634} INFO - 24/12/04 16:40:12 INFO BlockManager: BlockManager stopped
[2024-12-04T16:40:12.861+0000] {spark_submit.py:634} INFO - 24/12/04 16:40:12 INFO BlockManagerMaster: BlockManagerMaster stopped
[2024-12-04T16:40:12.863+0000] {spark_submit.py:634} INFO - 24/12/04 16:40:12 INFO OutputCommitCoordinator$OutputCommitCoordinatorEndpoint: OutputCommitCoordinator stopped!
[2024-12-04T16:40:12.915+0000] {spark_submit.py:634} INFO - 24/12/04 16:40:12 INFO SparkContext: Successfully stopped SparkContext
[2024-12-04T16:40:12.922+0000] {spark_submit.py:634} INFO - 24/12/04 16:40:12 INFO ShutdownHookManager: Shutdown hook called
[2024-12-04T16:40:12.924+0000] {spark_submit.py:634} INFO - 24/12/04 16:40:12 INFO ShutdownHookManager: Deleting directory /tmp/spark-79e24c01-4c62-4567-a830-ca271c8c5be3
[2024-12-04T16:40:12.930+0000] {spark_submit.py:634} INFO - 24/12/04 16:40:12 INFO ShutdownHookManager: Deleting directory /tmp/spark-e854646a-7a7f-4b5a-9f09-6853201b6c62
[2024-12-04T16:40:13.029+0000] {taskinstance.py:340} INFO - ::group::Post task execution logs
[2024-12-04T16:40:13.030+0000] {taskinstance.py:352} INFO - Marking task as SUCCESS. dag_id=sparking_flow, task_id=scala_job, run_id=manual__2024-12-04T16:40:00.439191+00:00, execution_date=20241204T164000, start_date=20241204T164002, end_date=20241204T164013
[2024-12-04T16:40:13.087+0000] {local_task_job_runner.py:266} INFO - Task exited with return code 0
[2024-12-04T16:40:13.199+0000] {taskinstance.py:3895} INFO - 0 downstream tasks scheduled from follow-on schedule check
[2024-12-04T16:40:13.202+0000] {local_task_job_runner.py:245} INFO - ::endgroup::
