[2024-12-09T11:02:48.481+0000] {local_task_job_runner.py:123} INFO - ::group::Pre task execution logs
[2024-12-09T11:02:48.499+0000] {taskinstance.py:2613} INFO - Dependencies all met for dep_context=non-requeueable deps ti=<TaskInstance: sparking_flow.java_job manual__2024-12-09T11:02:46.517577+00:00 [queued]>
[2024-12-09T11:02:48.506+0000] {taskinstance.py:2613} INFO - Dependencies all met for dep_context=requeueable deps ti=<TaskInstance: sparking_flow.java_job manual__2024-12-09T11:02:46.517577+00:00 [queued]>
[2024-12-09T11:02:48.507+0000] {taskinstance.py:2866} INFO - Starting attempt 1 of 1
[2024-12-09T11:02:48.520+0000] {taskinstance.py:2889} INFO - Executing <Task(SparkSubmitOperator): java_job> on 2024-12-09 11:02:46.517577+00:00
[2024-12-09T11:02:48.527+0000] {logging_mixin.py:190} WARNING - /home/***/.local/lib/python3.12/site-packages/***/task/task_runner/standard_task_runner.py:70 DeprecationWarning: This process (pid=187) is multi-threaded, use of fork() may lead to deadlocks in the child.
[2024-12-09T11:02:48.529+0000] {standard_task_runner.py:72} INFO - Started process 189 to run task
[2024-12-09T11:02:48.528+0000] {standard_task_runner.py:104} INFO - Running: ['***', 'tasks', 'run', 'sparking_flow', 'java_job', 'manual__2024-12-09T11:02:46.517577+00:00', '--job-id', '343', '--raw', '--subdir', 'DAGS_FOLDER/spark_***.py', '--cfg-path', '/tmp/tmp842u33cm']
[2024-12-09T11:02:48.530+0000] {standard_task_runner.py:105} INFO - Job 343: Subtask java_job
[2024-12-09T11:02:48.579+0000] {task_command.py:467} INFO - Running <TaskInstance: sparking_flow.java_job manual__2024-12-09T11:02:46.517577+00:00 [running]> on host 2a892a3469ec
[2024-12-09T11:02:48.662+0000] {taskinstance.py:3132} INFO - Exporting env vars: AIRFLOW_CTX_DAG_OWNER='Yusuf Ganiyu' AIRFLOW_CTX_DAG_ID='sparking_flow' AIRFLOW_CTX_TASK_ID='java_job' AIRFLOW_CTX_EXECUTION_DATE='2024-12-09T11:02:46.517577+00:00' AIRFLOW_CTX_TRY_NUMBER='1' AIRFLOW_CTX_DAG_RUN_ID='manual__2024-12-09T11:02:46.517577+00:00'
[2024-12-09T11:02:48.662+0000] {taskinstance.py:731} INFO - ::endgroup::
[2024-12-09T11:02:48.684+0000] {base.py:84} INFO - Retrieving connection 'spark-conn'
[2024-12-09T11:02:48.686+0000] {spark_submit.py:473} INFO - Spark-Submit cmd: spark-submit --master spark://sparkingflow-spark-master-1:7077 --name arrow-spark --class com.airscholar.spark.WordCountJob --deploy-mode client jobs/java/spark-job/target/spark-job-1.0-SNAPSHOT.jar
[2024-12-09T11:02:51.786+0000] {spark_submit.py:634} INFO - 24/12/09 11:02:51 INFO SparkContext: Running Spark version 3.5.3
[2024-12-09T11:02:51.794+0000] {spark_submit.py:634} INFO - 24/12/09 11:02:51 INFO SparkContext: OS info Linux, 6.10.14-linuxkit, aarch64
[2024-12-09T11:02:51.794+0000] {spark_submit.py:634} INFO - 24/12/09 11:02:51 INFO SparkContext: Java version 17.0.13
[2024-12-09T11:02:51.888+0000] {spark_submit.py:634} INFO - 24/12/09 11:02:51 WARN NativeCodeLoader: Unable to load native-hadoop library for your platform... using builtin-java classes where applicable
[2024-12-09T11:02:52.035+0000] {spark_submit.py:634} INFO - 24/12/09 11:02:52 INFO ResourceUtils: ==============================================================
[2024-12-09T11:02:52.036+0000] {spark_submit.py:634} INFO - 24/12/09 11:02:52 INFO ResourceUtils: No custom resources configured for spark.driver.
[2024-12-09T11:02:52.037+0000] {spark_submit.py:634} INFO - 24/12/09 11:02:52 INFO ResourceUtils: ==============================================================
[2024-12-09T11:02:52.037+0000] {spark_submit.py:634} INFO - 24/12/09 11:02:52 INFO SparkContext: Submitted application: Word Count Job
[2024-12-09T11:02:52.063+0000] {spark_submit.py:634} INFO - 24/12/09 11:02:52 INFO ResourceProfile: Default ResourceProfile created, executor resources: Map(cores -> name: cores, amount: 1, script: , vendor: , memory -> name: memory, amount: 1024, script: , vendor: , offHeap -> name: offHeap, amount: 0, script: , vendor: ), task resources: Map(cpus -> name: cpus, amount: 1.0)
[2024-12-09T11:02:52.077+0000] {spark_submit.py:634} INFO - 24/12/09 11:02:52 INFO ResourceProfile: Limiting resource is cpu
[2024-12-09T11:02:52.079+0000] {spark_submit.py:634} INFO - 24/12/09 11:02:52 INFO ResourceProfileManager: Added ResourceProfile id: 0
[2024-12-09T11:02:52.146+0000] {spark_submit.py:634} INFO - 24/12/09 11:02:52 INFO SecurityManager: Changing view acls to: ***
[2024-12-09T11:02:52.148+0000] {spark_submit.py:634} INFO - 24/12/09 11:02:52 INFO SecurityManager: Changing modify acls to: ***
[2024-12-09T11:02:52.148+0000] {spark_submit.py:634} INFO - 24/12/09 11:02:52 INFO SecurityManager: Changing view acls groups to:
[2024-12-09T11:02:52.149+0000] {spark_submit.py:634} INFO - 24/12/09 11:02:52 INFO SecurityManager: Changing modify acls groups to:
[2024-12-09T11:02:52.149+0000] {spark_submit.py:634} INFO - 24/12/09 11:02:52 INFO SecurityManager: SecurityManager: authentication disabled; ui acls disabled; users with view permissions: ***; groups with view permissions: EMPTY; users with modify permissions: ***; groups with modify permissions: EMPTY
[2024-12-09T11:02:52.501+0000] {spark_submit.py:634} INFO - 24/12/09 11:02:52 INFO Utils: Successfully started service 'sparkDriver' on port 36941.
[2024-12-09T11:02:52.540+0000] {spark_submit.py:634} INFO - 24/12/09 11:02:52 INFO SparkEnv: Registering MapOutputTracker
[2024-12-09T11:02:52.592+0000] {spark_submit.py:634} INFO - 24/12/09 11:02:52 INFO SparkEnv: Registering BlockManagerMaster
[2024-12-09T11:02:52.613+0000] {spark_submit.py:634} INFO - 24/12/09 11:02:52 INFO BlockManagerMasterEndpoint: Using org.apache.spark.storage.DefaultTopologyMapper for getting topology information
[2024-12-09T11:02:52.614+0000] {spark_submit.py:634} INFO - 24/12/09 11:02:52 INFO BlockManagerMasterEndpoint: BlockManagerMasterEndpoint up
[2024-12-09T11:02:52.622+0000] {spark_submit.py:634} INFO - 24/12/09 11:02:52 INFO SparkEnv: Registering BlockManagerMasterHeartbeat
[2024-12-09T11:02:52.649+0000] {spark_submit.py:634} INFO - 24/12/09 11:02:52 INFO DiskBlockManager: Created local directory at /tmp/blockmgr-53c50d86-3f0f-436d-8774-5b8deda9ac9b
[2024-12-09T11:02:52.668+0000] {spark_submit.py:634} INFO - 24/12/09 11:02:52 INFO MemoryStore: MemoryStore started with capacity 434.4 MiB
[2024-12-09T11:02:52.697+0000] {spark_submit.py:634} INFO - 24/12/09 11:02:52 INFO SparkEnv: Registering OutputCommitCoordinator
[2024-12-09T11:02:52.884+0000] {spark_submit.py:634} INFO - 24/12/09 11:02:52 INFO JettyUtils: Start Jetty 0.0.0.0:4040 for SparkUI
[2024-12-09T11:02:52.943+0000] {spark_submit.py:634} INFO - 24/12/09 11:02:52 INFO Utils: Successfully started service 'SparkUI' on port 4040.
[2024-12-09T11:02:53.005+0000] {spark_submit.py:634} INFO - 24/12/09 11:02:53 INFO SparkContext: Added JAR file:/opt/***/jobs/java/spark-job/target/spark-job-1.0-SNAPSHOT.jar at spark://2a892a3469ec:36941/jars/spark-job-1.0-SNAPSHOT.jar with timestamp 1733742171763
[2024-12-09T11:02:53.087+0000] {spark_submit.py:634} INFO - 24/12/09 11:02:53 INFO Executor: Starting executor ID driver on host 2a892a3469ec
[2024-12-09T11:02:53.088+0000] {spark_submit.py:634} INFO - 24/12/09 11:02:53 INFO Executor: OS info Linux, 6.10.14-linuxkit, aarch64
[2024-12-09T11:02:53.088+0000] {spark_submit.py:634} INFO - 24/12/09 11:02:53 INFO Executor: Java version 17.0.13
[2024-12-09T11:02:53.098+0000] {spark_submit.py:634} INFO - 24/12/09 11:02:53 INFO Executor: Starting executor with user classpath (userClassPathFirst = false): ''
[2024-12-09T11:02:53.102+0000] {spark_submit.py:634} INFO - 24/12/09 11:02:53 INFO Executor: Created or updated repl class loader org.apache.spark.util.MutableURLClassLoader@63d5874f for default.
[2024-12-09T11:02:53.135+0000] {spark_submit.py:634} INFO - 24/12/09 11:02:53 INFO Executor: Fetching spark://2a892a3469ec:36941/jars/spark-job-1.0-SNAPSHOT.jar with timestamp 1733742171763
[2024-12-09T11:02:53.248+0000] {spark_submit.py:634} INFO - 24/12/09 11:02:53 INFO TransportClientFactory: Successfully created connection to 2a892a3469ec/172.18.0.4:36941 after 54 ms (0 ms spent in bootstraps)
[2024-12-09T11:02:53.263+0000] {spark_submit.py:634} INFO - 24/12/09 11:02:53 INFO Utils: Fetching spark://2a892a3469ec:36941/jars/spark-job-1.0-SNAPSHOT.jar to /tmp/spark-93689e53-95b1-444e-bff7-d81dba0ec0e2/userFiles-1952a79d-aa07-4399-9f3b-036df7f6dade/fetchFileTemp6975189740820311777.tmp
[2024-12-09T11:02:53.356+0000] {spark_submit.py:634} INFO - 24/12/09 11:02:53 INFO Executor: Adding file:/tmp/spark-93689e53-95b1-444e-bff7-d81dba0ec0e2/userFiles-1952a79d-aa07-4399-9f3b-036df7f6dade/spark-job-1.0-SNAPSHOT.jar to class loader default
[2024-12-09T11:02:53.368+0000] {spark_submit.py:634} INFO - 24/12/09 11:02:53 INFO Utils: Successfully started service 'org.apache.spark.network.netty.NettyBlockTransferService' on port 45415.
[2024-12-09T11:02:53.368+0000] {spark_submit.py:634} INFO - 24/12/09 11:02:53 INFO NettyBlockTransferService: Server created on 2a892a3469ec:45415
[2024-12-09T11:02:53.370+0000] {spark_submit.py:634} INFO - 24/12/09 11:02:53 INFO BlockManager: Using org.apache.spark.storage.RandomBlockReplicationPolicy for block replication policy
[2024-12-09T11:02:53.379+0000] {spark_submit.py:634} INFO - 24/12/09 11:02:53 INFO BlockManagerMaster: Registering BlockManager BlockManagerId(driver, 2a892a3469ec, 45415, None)
[2024-12-09T11:02:53.386+0000] {spark_submit.py:634} INFO - 24/12/09 11:02:53 INFO BlockManagerMasterEndpoint: Registering block manager 2a892a3469ec:45415 with 434.4 MiB RAM, BlockManagerId(driver, 2a892a3469ec, 45415, None)
[2024-12-09T11:02:53.389+0000] {spark_submit.py:634} INFO - 24/12/09 11:02:53 INFO BlockManagerMaster: Registered BlockManager BlockManagerId(driver, 2a892a3469ec, 45415, None)
[2024-12-09T11:02:53.390+0000] {spark_submit.py:634} INFO - 24/12/09 11:02:53 INFO BlockManager: Initialized BlockManager: BlockManagerId(driver, 2a892a3469ec, 45415, None)
[2024-12-09T11:02:54.852+0000] {spark_submit.py:634} INFO - 24/12/09 11:02:54 INFO SparkContext: Starting job: collect at WordCountJob.java:37
[2024-12-09T11:02:54.890+0000] {spark_submit.py:634} INFO - 24/12/09 11:02:54 INFO DAGScheduler: Registering RDD 2 (mapToPair at WordCountJob.java:33) as input to shuffle 0
[2024-12-09T11:02:54.896+0000] {spark_submit.py:634} INFO - 24/12/09 11:02:54 INFO DAGScheduler: Got job 0 (collect at WordCountJob.java:37) with 1 output partitions
[2024-12-09T11:02:54.896+0000] {spark_submit.py:634} INFO - 24/12/09 11:02:54 INFO DAGScheduler: Final stage: ResultStage 1 (collect at WordCountJob.java:37)
[2024-12-09T11:02:54.897+0000] {spark_submit.py:634} INFO - 24/12/09 11:02:54 INFO DAGScheduler: Parents of final stage: List(ShuffleMapStage 0)
[2024-12-09T11:02:54.898+0000] {spark_submit.py:634} INFO - 24/12/09 11:02:54 INFO DAGScheduler: Missing parents: List(ShuffleMapStage 0)
[2024-12-09T11:02:54.904+0000] {spark_submit.py:634} INFO - 24/12/09 11:02:54 INFO DAGScheduler: Submitting ShuffleMapStage 0 (MapPartitionsRDD[2] at mapToPair at WordCountJob.java:33), which has no missing parents
[2024-12-09T11:02:55.007+0000] {spark_submit.py:634} INFO - 24/12/09 11:02:55 INFO MemoryStore: Block broadcast_0 stored as values in memory (estimated size 6.4 KiB, free 434.4 MiB)
[2024-12-09T11:02:55.047+0000] {spark_submit.py:634} INFO - 24/12/09 11:02:55 INFO MemoryStore: Block broadcast_0_piece0 stored as bytes in memory (estimated size 3.4 KiB, free 434.4 MiB)
[2024-12-09T11:02:55.050+0000] {spark_submit.py:634} INFO - 24/12/09 11:02:55 INFO BlockManagerInfo: Added broadcast_0_piece0 in memory on 2a892a3469ec:45415 (size: 3.4 KiB, free: 434.4 MiB)
[2024-12-09T11:02:55.053+0000] {spark_submit.py:634} INFO - 24/12/09 11:02:55 INFO SparkContext: Created broadcast 0 from broadcast at DAGScheduler.scala:1585
[2024-12-09T11:02:55.071+0000] {spark_submit.py:634} INFO - 24/12/09 11:02:55 INFO DAGScheduler: Submitting 1 missing tasks from ShuffleMapStage 0 (MapPartitionsRDD[2] at mapToPair at WordCountJob.java:33) (first 15 tasks are for partitions Vector(0))
[2024-12-09T11:02:55.072+0000] {spark_submit.py:634} INFO - 24/12/09 11:02:55 INFO TaskSchedulerImpl: Adding task set 0.0 with 1 tasks resource profile 0
[2024-12-09T11:02:55.116+0000] {spark_submit.py:634} INFO - 24/12/09 11:02:55 INFO TaskSetManager: Starting task 0.0 in stage 0.0 (TID 0) (2a892a3469ec, executor driver, partition 0, PROCESS_LOCAL, 9249 bytes)
[2024-12-09T11:02:55.144+0000] {spark_submit.py:634} INFO - 24/12/09 11:02:55 INFO Executor: Running task 0.0 in stage 0.0 (TID 0)
[2024-12-09T11:02:55.272+0000] {spark_submit.py:634} INFO - 24/12/09 11:02:55 INFO Executor: Finished task 0.0 in stage 0.0 (TID 0). 1216 bytes result sent to driver
[2024-12-09T11:02:55.279+0000] {spark_submit.py:634} INFO - 24/12/09 11:02:55 INFO TaskSetManager: Finished task 0.0 in stage 0.0 (TID 0) in 181 ms on 2a892a3469ec (executor driver) (1/1)
[2024-12-09T11:02:55.281+0000] {spark_submit.py:634} INFO - 24/12/09 11:02:55 INFO TaskSchedulerImpl: Removed TaskSet 0.0, whose tasks have all completed, from pool
[2024-12-09T11:02:55.286+0000] {spark_submit.py:634} INFO - 24/12/09 11:02:55 INFO DAGScheduler: ShuffleMapStage 0 (mapToPair at WordCountJob.java:33) finished in 0.364 s
[2024-12-09T11:02:55.286+0000] {spark_submit.py:634} INFO - 24/12/09 11:02:55 INFO DAGScheduler: looking for newly runnable stages
[2024-12-09T11:02:55.287+0000] {spark_submit.py:634} INFO - 24/12/09 11:02:55 INFO DAGScheduler: running: Set()
[2024-12-09T11:02:55.287+0000] {spark_submit.py:634} INFO - 24/12/09 11:02:55 INFO DAGScheduler: waiting: Set(ResultStage 1)
[2024-12-09T11:02:55.287+0000] {spark_submit.py:634} INFO - 24/12/09 11:02:55 INFO DAGScheduler: failed: Set()
[2024-12-09T11:02:55.289+0000] {spark_submit.py:634} INFO - 24/12/09 11:02:55 INFO DAGScheduler: Submitting ResultStage 1 (ShuffledRDD[3] at reduceByKey at WordCountJob.java:34), which has no missing parents
[2024-12-09T11:02:55.298+0000] {spark_submit.py:634} INFO - 24/12/09 11:02:55 INFO MemoryStore: Block broadcast_1 stored as values in memory (estimated size 5.2 KiB, free 434.4 MiB)
[2024-12-09T11:02:55.300+0000] {spark_submit.py:634} INFO - 24/12/09 11:02:55 INFO MemoryStore: Block broadcast_1_piece0 stored as bytes in memory (estimated size 2.9 KiB, free 434.4 MiB)
[2024-12-09T11:02:55.301+0000] {spark_submit.py:634} INFO - 24/12/09 11:02:55 INFO BlockManagerInfo: Added broadcast_1_piece0 in memory on 2a892a3469ec:45415 (size: 2.9 KiB, free: 434.4 MiB)
[2024-12-09T11:02:55.302+0000] {spark_submit.py:634} INFO - 24/12/09 11:02:55 INFO SparkContext: Created broadcast 1 from broadcast at DAGScheduler.scala:1585
[2024-12-09T11:02:55.303+0000] {spark_submit.py:634} INFO - 24/12/09 11:02:55 INFO DAGScheduler: Submitting 1 missing tasks from ResultStage 1 (ShuffledRDD[3] at reduceByKey at WordCountJob.java:34) (first 15 tasks are for partitions Vector(0))
[2024-12-09T11:02:55.304+0000] {spark_submit.py:634} INFO - 24/12/09 11:02:55 INFO TaskSchedulerImpl: Adding task set 1.0 with 1 tasks resource profile 0
[2024-12-09T11:02:55.309+0000] {spark_submit.py:634} INFO - 24/12/09 11:02:55 INFO TaskSetManager: Starting task 0.0 in stage 1.0 (TID 1) (2a892a3469ec, executor driver, partition 0, NODE_LOCAL, 9002 bytes)
[2024-12-09T11:02:55.310+0000] {spark_submit.py:634} INFO - 24/12/09 11:02:55 INFO Executor: Running task 0.0 in stage 1.0 (TID 1)
[2024-12-09T11:02:55.343+0000] {spark_submit.py:634} INFO - 24/12/09 11:02:55 INFO ShuffleBlockFetcherIterator: Getting 1 (189.0 B) non-empty blocks including 1 (189.0 B) local and 0 (0.0 B) host-local and 0 (0.0 B) push-merged-local and 0 (0.0 B) remote blocks
[2024-12-09T11:02:55.345+0000] {spark_submit.py:634} INFO - 24/12/09 11:02:55 INFO ShuffleBlockFetcherIterator: Started 0 remote fetches in 7 ms
[2024-12-09T11:02:55.361+0000] {spark_submit.py:634} INFO - 24/12/09 11:02:55 INFO Executor: Finished task 0.0 in stage 1.0 (TID 1). 1958 bytes result sent to driver
[2024-12-09T11:02:55.363+0000] {spark_submit.py:634} INFO - 24/12/09 11:02:55 INFO TaskSetManager: Finished task 0.0 in stage 1.0 (TID 1) in 56 ms on 2a892a3469ec (executor driver) (1/1)
[2024-12-09T11:02:55.364+0000] {spark_submit.py:634} INFO - 24/12/09 11:02:55 INFO TaskSchedulerImpl: Removed TaskSet 1.0, whose tasks have all completed, from pool
[2024-12-09T11:02:55.364+0000] {spark_submit.py:634} INFO - 24/12/09 11:02:55 INFO DAGScheduler: ResultStage 1 (collect at WordCountJob.java:37) finished in 0.068 s
[2024-12-09T11:02:55.368+0000] {spark_submit.py:634} INFO - 24/12/09 11:02:55 INFO DAGScheduler: Job 0 is finished. Cancelling potential speculative or zombie tasks for this job
[2024-12-09T11:02:55.368+0000] {spark_submit.py:634} INFO - 24/12/09 11:02:55 INFO TaskSchedulerImpl: Killing all running tasks in stage 1: Stage finished
[2024-12-09T11:02:55.369+0000] {spark_submit.py:634} INFO - 24/12/09 11:02:55 INFO DAGScheduler: Job 0 finished: collect at WordCountJob.java:37, took 0.518571 s
[2024-12-09T11:02:55.371+0000] {spark_submit.py:634} INFO - spark: 1
[2024-12-09T11:02:55.371+0000] {spark_submit.py:634} INFO - docker: 1
[2024-12-09T11:02:55.372+0000] {spark_submit.py:634} INFO - Yusuf: 1
[2024-12-09T11:02:55.372+0000] {spark_submit.py:634} INFO - hello: 5
[2024-12-09T11:02:55.372+0000] {spark_submit.py:634} INFO - java: 1
[2024-12-09T11:02:55.373+0000] {spark_submit.py:634} INFO - world: 1
[2024-12-09T11:02:55.373+0000] {spark_submit.py:634} INFO - 24/12/09 11:02:55 INFO SparkContext: SparkContext is stopping with exitCode 0.
[2024-12-09T11:02:55.381+0000] {spark_submit.py:634} INFO - 24/12/09 11:02:55 INFO SparkUI: Stopped Spark web UI at http://2a892a3469ec:4040
[2024-12-09T11:02:55.389+0000] {spark_submit.py:634} INFO - 24/12/09 11:02:55 INFO MapOutputTrackerMasterEndpoint: MapOutputTrackerMasterEndpoint stopped!
[2024-12-09T11:02:55.404+0000] {spark_submit.py:634} INFO - 24/12/09 11:02:55 INFO MemoryStore: MemoryStore cleared
[2024-12-09T11:02:55.404+0000] {spark_submit.py:634} INFO - 24/12/09 11:02:55 INFO BlockManager: BlockManager stopped
[2024-12-09T11:02:55.408+0000] {spark_submit.py:634} INFO - 24/12/09 11:02:55 INFO BlockManagerMaster: BlockManagerMaster stopped
[2024-12-09T11:02:55.410+0000] {spark_submit.py:634} INFO - 24/12/09 11:02:55 INFO OutputCommitCoordinator$OutputCommitCoordinatorEndpoint: OutputCommitCoordinator stopped!
[2024-12-09T11:02:55.417+0000] {spark_submit.py:634} INFO - 24/12/09 11:02:55 INFO SparkContext: Successfully stopped SparkContext
[2024-12-09T11:02:55.419+0000] {spark_submit.py:634} INFO - 24/12/09 11:02:55 INFO ShutdownHookManager: Shutdown hook called
[2024-12-09T11:02:55.419+0000] {spark_submit.py:634} INFO - 24/12/09 11:02:55 INFO ShutdownHookManager: Deleting directory /tmp/spark-93689e53-95b1-444e-bff7-d81dba0ec0e2
[2024-12-09T11:02:55.423+0000] {spark_submit.py:634} INFO - 24/12/09 11:02:55 INFO ShutdownHookManager: Deleting directory /tmp/spark-e7a8e7df-8179-4bb8-88b1-040d50277a08
[2024-12-09T11:02:55.496+0000] {taskinstance.py:340} INFO - ::group::Post task execution logs
[2024-12-09T11:02:55.497+0000] {taskinstance.py:352} INFO - Marking task as SUCCESS. dag_id=sparking_flow, task_id=java_job, run_id=manual__2024-12-09T11:02:46.517577+00:00, execution_date=20241209T110246, start_date=20241209T110248, end_date=20241209T110255
[2024-12-09T11:02:55.551+0000] {local_task_job_runner.py:266} INFO - Task exited with return code 0
[2024-12-09T11:02:55.576+0000] {taskinstance.py:3895} INFO - 0 downstream tasks scheduled from follow-on schedule check
[2024-12-09T11:02:55.577+0000] {local_task_job_runner.py:245} INFO - ::endgroup::
