[2024-12-08T17:28:10.208+0000] {local_task_job_runner.py:123} INFO - ::group::Pre task execution logs
[2024-12-08T17:28:10.226+0000] {taskinstance.py:2613} INFO - Dependencies all met for dep_context=non-requeueable deps ti=<TaskInstance: sparking_flow.scala_job manual__2024-12-08T17:28:08.876996+00:00 [queued]>
[2024-12-08T17:28:10.233+0000] {taskinstance.py:2613} INFO - Dependencies all met for dep_context=requeueable deps ti=<TaskInstance: sparking_flow.scala_job manual__2024-12-08T17:28:08.876996+00:00 [queued]>
[2024-12-08T17:28:10.233+0000] {taskinstance.py:2866} INFO - Starting attempt 1 of 1
[2024-12-08T17:28:10.242+0000] {taskinstance.py:2889} INFO - Executing <Task(SparkSubmitOperator): scala_job> on 2024-12-08 17:28:08.876996+00:00
[2024-12-08T17:28:10.248+0000] {logging_mixin.py:190} WARNING - /home/***/.local/lib/python3.12/site-packages/***/task/task_runner/standard_task_runner.py:70 DeprecationWarning: This process (pid=187) is multi-threaded, use of fork() may lead to deadlocks in the child.
[2024-12-08T17:28:10.247+0000] {standard_task_runner.py:104} INFO - Running: ['***', 'tasks', 'run', 'sparking_flow', 'scala_job', 'manual__2024-12-08T17:28:08.876996+00:00', '--job-id', '250', '--raw', '--subdir', 'DAGS_FOLDER/spark_***.py', '--cfg-path', '/tmp/tmph9t2owyn']
[2024-12-08T17:28:10.251+0000] {standard_task_runner.py:72} INFO - Started process 188 to run task
[2024-12-08T17:28:10.251+0000] {standard_task_runner.py:105} INFO - Job 250: Subtask scala_job
[2024-12-08T17:28:10.304+0000] {task_command.py:467} INFO - Running <TaskInstance: sparking_flow.scala_job manual__2024-12-08T17:28:08.876996+00:00 [running]> on host 2a892a3469ec
[2024-12-08T17:28:10.402+0000] {taskinstance.py:3132} INFO - Exporting env vars: AIRFLOW_CTX_DAG_OWNER='Yusuf Ganiyu' AIRFLOW_CTX_DAG_ID='sparking_flow' AIRFLOW_CTX_TASK_ID='scala_job' AIRFLOW_CTX_EXECUTION_DATE='2024-12-08T17:28:08.876996+00:00' AIRFLOW_CTX_TRY_NUMBER='1' AIRFLOW_CTX_DAG_RUN_ID='manual__2024-12-08T17:28:08.876996+00:00'
[2024-12-08T17:28:10.403+0000] {taskinstance.py:731} INFO - ::endgroup::
[2024-12-08T17:28:10.429+0000] {base.py:84} INFO - Retrieving connection 'spark-conn'
[2024-12-08T17:28:10.430+0000] {spark_submit.py:473} INFO - Spark-Submit cmd: spark-submit --master spark://sparkingflow-spark-master-1:7077 --name arrow-spark --deploy-mode client jobs/scala/target/scala-2.12/word-count_2.12-0.1.jar
[2024-12-08T17:28:13.255+0000] {spark_submit.py:634} INFO - 24/12/08 17:28:13 WARN NativeCodeLoader: Unable to load native-hadoop library for your platform... using builtin-java classes where applicable
[2024-12-08T17:28:13.772+0000] {spark_submit.py:634} INFO - 24/12/08 17:28:13 INFO SparkContext: Running Spark version 3.5.3
[2024-12-08T17:28:13.775+0000] {spark_submit.py:634} INFO - 24/12/08 17:28:13 INFO SparkContext: OS info Linux, 6.10.14-linuxkit, aarch64
[2024-12-08T17:28:13.775+0000] {spark_submit.py:634} INFO - 24/12/08 17:28:13 INFO SparkContext: Java version 17.0.13
[2024-12-08T17:28:13.824+0000] {spark_submit.py:634} INFO - 24/12/08 17:28:13 INFO ResourceUtils: ==============================================================
[2024-12-08T17:28:13.825+0000] {spark_submit.py:634} INFO - 24/12/08 17:28:13 INFO ResourceUtils: No custom resources configured for spark.driver.
[2024-12-08T17:28:13.826+0000] {spark_submit.py:634} INFO - 24/12/08 17:28:13 INFO ResourceUtils: ==============================================================
[2024-12-08T17:28:13.827+0000] {spark_submit.py:634} INFO - 24/12/08 17:28:13 INFO SparkContext: Submitted application: Word Count
[2024-12-08T17:28:13.866+0000] {spark_submit.py:634} INFO - 24/12/08 17:28:13 INFO ResourceProfile: Default ResourceProfile created, executor resources: Map(memory -> name: memory, amount: 1024, script: , vendor: , offHeap -> name: offHeap, amount: 0, script: , vendor: ), task resources: Map(cpus -> name: cpus, amount: 1.0)
[2024-12-08T17:28:13.878+0000] {spark_submit.py:634} INFO - 24/12/08 17:28:13 INFO ResourceProfile: Limiting resource is cpu
[2024-12-08T17:28:13.878+0000] {spark_submit.py:634} INFO - 24/12/08 17:28:13 INFO ResourceProfileManager: Added ResourceProfile id: 0
[2024-12-08T17:28:13.946+0000] {spark_submit.py:634} INFO - 24/12/08 17:28:13 INFO SecurityManager: Changing view acls to: ***
[2024-12-08T17:28:13.947+0000] {spark_submit.py:634} INFO - 24/12/08 17:28:13 INFO SecurityManager: Changing modify acls to: ***
[2024-12-08T17:28:13.951+0000] {spark_submit.py:634} INFO - 24/12/08 17:28:13 INFO SecurityManager: Changing view acls groups to:
[2024-12-08T17:28:13.952+0000] {spark_submit.py:634} INFO - 24/12/08 17:28:13 INFO SecurityManager: Changing modify acls groups to:
[2024-12-08T17:28:13.953+0000] {spark_submit.py:634} INFO - 24/12/08 17:28:13 INFO SecurityManager: SecurityManager: authentication disabled; ui acls disabled; users with view permissions: ***; groups with view permissions: EMPTY; users with modify permissions: ***; groups with modify permissions: EMPTY
[2024-12-08T17:28:14.391+0000] {spark_submit.py:634} INFO - 24/12/08 17:28:14 INFO Utils: Successfully started service 'sparkDriver' on port 38975.
[2024-12-08T17:28:14.439+0000] {spark_submit.py:634} INFO - 24/12/08 17:28:14 INFO SparkEnv: Registering MapOutputTracker
[2024-12-08T17:28:14.496+0000] {spark_submit.py:634} INFO - 24/12/08 17:28:14 INFO SparkEnv: Registering BlockManagerMaster
[2024-12-08T17:28:14.525+0000] {spark_submit.py:634} INFO - 24/12/08 17:28:14 INFO BlockManagerMasterEndpoint: Using org.apache.spark.storage.DefaultTopologyMapper for getting topology information
[2024-12-08T17:28:14.526+0000] {spark_submit.py:634} INFO - 24/12/08 17:28:14 INFO BlockManagerMasterEndpoint: BlockManagerMasterEndpoint up
[2024-12-08T17:28:14.533+0000] {spark_submit.py:634} INFO - 24/12/08 17:28:14 INFO SparkEnv: Registering BlockManagerMasterHeartbeat
[2024-12-08T17:28:14.566+0000] {spark_submit.py:634} INFO - 24/12/08 17:28:14 INFO DiskBlockManager: Created local directory at /tmp/blockmgr-2845c5f9-4909-4c00-8415-86ec1ee87eb8
[2024-12-08T17:28:14.591+0000] {spark_submit.py:634} INFO - 24/12/08 17:28:14 INFO MemoryStore: MemoryStore started with capacity 434.4 MiB
[2024-12-08T17:28:14.612+0000] {spark_submit.py:634} INFO - 24/12/08 17:28:14 INFO SparkEnv: Registering OutputCommitCoordinator
[2024-12-08T17:28:14.880+0000] {spark_submit.py:634} INFO - 24/12/08 17:28:14 INFO JettyUtils: Start Jetty 0.0.0.0:4040 for SparkUI
[2024-12-08T17:28:15.045+0000] {spark_submit.py:634} INFO - 24/12/08 17:28:15 WARN Utils: Service 'SparkUI' could not bind on port 4040. Attempting port 4041.
[2024-12-08T17:28:15.080+0000] {spark_submit.py:634} INFO - 24/12/08 17:28:15 INFO Utils: Successfully started service 'SparkUI' on port 4041.
[2024-12-08T17:28:15.200+0000] {spark_submit.py:634} INFO - 24/12/08 17:28:15 INFO SparkContext: Added JAR file:/opt/***/jobs/scala/target/scala-2.12/word-count_2.12-0.1.jar at spark://2a892a3469ec:38975/jars/word-count_2.12-0.1.jar with timestamp 1733678893753
[2024-12-08T17:28:15.357+0000] {spark_submit.py:634} INFO - 24/12/08 17:28:15 INFO StandaloneAppClient$ClientEndpoint: Connecting to master spark://spark-master:7077...
[2024-12-08T17:28:15.450+0000] {spark_submit.py:634} INFO - 24/12/08 17:28:15 INFO TransportClientFactory: Successfully created connection to spark-master/172.18.0.5:7077 after 42 ms (0 ms spent in bootstraps)
[2024-12-08T17:28:15.717+0000] {spark_submit.py:634} INFO - 24/12/08 17:28:15 INFO StandaloneSchedulerBackend: Connected to Spark cluster with app ID app-20241208172815-0000
[2024-12-08T17:28:15.728+0000] {spark_submit.py:634} INFO - 24/12/08 17:28:15 INFO Utils: Successfully started service 'org.apache.spark.network.netty.NettyBlockTransferService' on port 39495.
[2024-12-08T17:28:15.729+0000] {spark_submit.py:634} INFO - 24/12/08 17:28:15 INFO NettyBlockTransferService: Server created on 2a892a3469ec:39495
[2024-12-08T17:28:15.732+0000] {spark_submit.py:634} INFO - 24/12/08 17:28:15 INFO BlockManager: Using org.apache.spark.storage.RandomBlockReplicationPolicy for block replication policy
[2024-12-08T17:28:15.748+0000] {spark_submit.py:634} INFO - 24/12/08 17:28:15 INFO BlockManagerMaster: Registering BlockManager BlockManagerId(driver, 2a892a3469ec, 39495, None)
[2024-12-08T17:28:15.756+0000] {spark_submit.py:634} INFO - 24/12/08 17:28:15 INFO BlockManagerMasterEndpoint: Registering block manager 2a892a3469ec:39495 with 434.4 MiB RAM, BlockManagerId(driver, 2a892a3469ec, 39495, None)
[2024-12-08T17:28:15.758+0000] {spark_submit.py:634} INFO - 24/12/08 17:28:15 INFO BlockManagerMaster: Registered BlockManager BlockManagerId(driver, 2a892a3469ec, 39495, None)
[2024-12-08T17:28:15.766+0000] {spark_submit.py:634} INFO - 24/12/08 17:28:15 INFO BlockManager: Initialized BlockManager: BlockManagerId(driver, 2a892a3469ec, 39495, None)
[2024-12-08T17:28:15.779+0000] {spark_submit.py:634} INFO - 24/12/08 17:28:15 INFO StandaloneAppClient$ClientEndpoint: Executor added: app-20241208172815-0000/0 on worker-20241208172754-172.18.0.7-37461 (172.18.0.7:37461) with 2 core(s)
[2024-12-08T17:28:15.785+0000] {spark_submit.py:634} INFO - 24/12/08 17:28:15 INFO StandaloneSchedulerBackend: Granted executor ID app-20241208172815-0000/0 on hostPort 172.18.0.7:37461 with 2 core(s), 1024.0 MiB RAM
[2024-12-08T17:28:16.100+0000] {spark_submit.py:634} INFO - 24/12/08 17:28:16 INFO StandaloneAppClient$ClientEndpoint: Executor updated: app-20241208172815-0000/0 is now RUNNING
[2024-12-08T17:28:16.178+0000] {spark_submit.py:634} INFO - 24/12/08 17:28:16 INFO StandaloneSchedulerBackend: SchedulerBackend is ready for scheduling beginning after reached minRegisteredResourcesRatio: 0.0
[2024-12-08T17:28:17.060+0000] {spark_submit.py:634} INFO - 24/12/08 17:28:17 INFO SparkContext: Starting job: collect at wordcount.scala:14
[2024-12-08T17:28:17.698+0000] {spark_submit.py:634} INFO - 24/12/08 17:28:17 INFO DAGScheduler: Registering RDD 2 (map at wordcount.scala:11) as input to shuffle 0
[2024-12-08T17:28:17.707+0000] {spark_submit.py:634} INFO - 24/12/08 17:28:17 INFO DAGScheduler: Got job 0 (collect at wordcount.scala:14) with 2 output partitions
[2024-12-08T17:28:17.709+0000] {spark_submit.py:634} INFO - 24/12/08 17:28:17 INFO DAGScheduler: Final stage: ResultStage 1 (collect at wordcount.scala:14)
[2024-12-08T17:28:17.712+0000] {spark_submit.py:634} INFO - 24/12/08 17:28:17 INFO DAGScheduler: Parents of final stage: List(ShuffleMapStage 0)
[2024-12-08T17:28:17.723+0000] {spark_submit.py:634} INFO - 24/12/08 17:28:17 INFO DAGScheduler: Missing parents: List(ShuffleMapStage 0)
[2024-12-08T17:28:17.738+0000] {spark_submit.py:634} INFO - 24/12/08 17:28:17 INFO DAGScheduler: Submitting ShuffleMapStage 0 (MapPartitionsRDD[2] at map at wordcount.scala:11), which has no missing parents
[2024-12-08T17:28:17.914+0000] {spark_submit.py:634} INFO - 24/12/08 17:28:17 INFO MemoryStore: Block broadcast_0 stored as values in memory (estimated size 5.5 KiB, free 434.4 MiB)
[2024-12-08T17:28:17.976+0000] {spark_submit.py:634} INFO - 24/12/08 17:28:17 INFO MemoryStore: Block broadcast_0_piece0 stored as bytes in memory (estimated size 3.2 KiB, free 434.4 MiB)
[2024-12-08T17:28:17.986+0000] {spark_submit.py:634} INFO - 24/12/08 17:28:17 INFO BlockManagerInfo: Added broadcast_0_piece0 in memory on 2a892a3469ec:39495 (size: 3.2 KiB, free: 434.4 MiB)
[2024-12-08T17:28:18.000+0000] {spark_submit.py:634} INFO - 24/12/08 17:28:17 INFO SparkContext: Created broadcast 0 from broadcast at DAGScheduler.scala:1585
[2024-12-08T17:28:18.075+0000] {spark_submit.py:634} INFO - 24/12/08 17:28:18 INFO DAGScheduler: Submitting 2 missing tasks from ShuffleMapStage 0 (MapPartitionsRDD[2] at map at wordcount.scala:11) (first 15 tasks are for partitions Vector(0, 1))
[2024-12-08T17:28:18.076+0000] {spark_submit.py:634} INFO - 24/12/08 17:28:18 INFO TaskSchedulerImpl: Adding task set 0.0 with 2 tasks resource profile 0
[2024-12-08T17:28:19.680+0000] {spark_submit.py:634} INFO - 24/12/08 17:28:19 INFO StandaloneSchedulerBackend$StandaloneDriverEndpoint: Registered executor NettyRpcEndpointRef(spark-client://Executor) (172.18.0.7:54818) with ID 0,  ResourceProfileId 0
[2024-12-08T17:28:19.758+0000] {spark_submit.py:634} INFO - 24/12/08 17:28:19 INFO BlockManagerMasterEndpoint: Registering block manager 172.18.0.7:40211 with 434.4 MiB RAM, BlockManagerId(0, 172.18.0.7, 40211, None)
[2024-12-08T17:28:19.920+0000] {spark_submit.py:634} INFO - 24/12/08 17:28:19 INFO TaskSetManager: Starting task 0.0 in stage 0.0 (TID 0) (172.18.0.7, executor 0, partition 0, PROCESS_LOCAL, 9198 bytes)
[2024-12-08T17:28:19.928+0000] {spark_submit.py:634} INFO - 24/12/08 17:28:19 INFO TaskSetManager: Starting task 1.0 in stage 0.0 (TID 1) (172.18.0.7, executor 0, partition 1, PROCESS_LOCAL, 9213 bytes)
[2024-12-08T17:28:20.305+0000] {spark_submit.py:634} INFO - 24/12/08 17:28:20 INFO BlockManagerInfo: Added broadcast_0_piece0 in memory on 172.18.0.7:40211 (size: 3.2 KiB, free: 434.4 MiB)
[2024-12-08T17:28:21.245+0000] {spark_submit.py:634} INFO - 24/12/08 17:28:21 INFO TaskSetManager: Finished task 0.0 in stage 0.0 (TID 0) in 1342 ms on 172.18.0.7 (executor 0) (1/2)
[2024-12-08T17:28:21.247+0000] {spark_submit.py:634} INFO - 24/12/08 17:28:21 INFO TaskSetManager: Finished task 1.0 in stage 0.0 (TID 1) in 1321 ms on 172.18.0.7 (executor 0) (2/2)
[2024-12-08T17:28:21.248+0000] {spark_submit.py:634} INFO - 24/12/08 17:28:21 INFO TaskSchedulerImpl: Removed TaskSet 0.0, whose tasks have all completed, from pool
[2024-12-08T17:28:21.263+0000] {spark_submit.py:634} INFO - 24/12/08 17:28:21 INFO DAGScheduler: ShuffleMapStage 0 (map at wordcount.scala:11) finished in 3.461 s
[2024-12-08T17:28:21.264+0000] {spark_submit.py:634} INFO - 24/12/08 17:28:21 INFO DAGScheduler: looking for newly runnable stages
[2024-12-08T17:28:21.265+0000] {spark_submit.py:634} INFO - 24/12/08 17:28:21 INFO DAGScheduler: running: Set()
[2024-12-08T17:28:21.266+0000] {spark_submit.py:634} INFO - 24/12/08 17:28:21 INFO DAGScheduler: waiting: Set(ResultStage 1)
[2024-12-08T17:28:21.266+0000] {spark_submit.py:634} INFO - 24/12/08 17:28:21 INFO DAGScheduler: failed: Set()
[2024-12-08T17:28:21.270+0000] {spark_submit.py:634} INFO - 24/12/08 17:28:21 INFO DAGScheduler: Submitting ResultStage 1 (ShuffledRDD[3] at reduceByKey at wordcount.scala:12), which has no missing parents
[2024-12-08T17:28:21.292+0000] {spark_submit.py:634} INFO - 24/12/08 17:28:21 INFO MemoryStore: Block broadcast_1 stored as values in memory (estimated size 5.2 KiB, free 434.4 MiB)
[2024-12-08T17:28:21.301+0000] {spark_submit.py:634} INFO - 24/12/08 17:28:21 INFO MemoryStore: Block broadcast_1_piece0 stored as bytes in memory (estimated size 3.1 KiB, free 434.4 MiB)
[2024-12-08T17:28:21.303+0000] {spark_submit.py:634} INFO - 24/12/08 17:28:21 INFO BlockManagerInfo: Added broadcast_1_piece0 in memory on 2a892a3469ec:39495 (size: 3.1 KiB, free: 434.4 MiB)
[2024-12-08T17:28:21.304+0000] {spark_submit.py:634} INFO - 24/12/08 17:28:21 INFO SparkContext: Created broadcast 1 from broadcast at DAGScheduler.scala:1585
[2024-12-08T17:28:21.307+0000] {spark_submit.py:634} INFO - 24/12/08 17:28:21 INFO DAGScheduler: Submitting 2 missing tasks from ResultStage 1 (ShuffledRDD[3] at reduceByKey at wordcount.scala:12) (first 15 tasks are for partitions Vector(0, 1))
[2024-12-08T17:28:21.309+0000] {spark_submit.py:634} INFO - 24/12/08 17:28:21 INFO TaskSchedulerImpl: Adding task set 1.0 with 2 tasks resource profile 0
[2024-12-08T17:28:21.318+0000] {spark_submit.py:634} INFO - 24/12/08 17:28:21 INFO TaskSetManager: Starting task 0.0 in stage 1.0 (TID 2) (172.18.0.7, executor 0, partition 0, NODE_LOCAL, 9003 bytes)
[2024-12-08T17:28:21.319+0000] {spark_submit.py:634} INFO - 24/12/08 17:28:21 INFO TaskSetManager: Starting task 1.0 in stage 1.0 (TID 3) (172.18.0.7, executor 0, partition 1, NODE_LOCAL, 9003 bytes)
[2024-12-08T17:28:21.365+0000] {spark_submit.py:634} INFO - 24/12/08 17:28:21 INFO BlockManagerInfo: Added broadcast_1_piece0 in memory on 172.18.0.7:40211 (size: 3.1 KiB, free: 434.4 MiB)
[2024-12-08T17:28:21.477+0000] {spark_submit.py:634} INFO - 24/12/08 17:28:21 INFO MapOutputTrackerMasterEndpoint: Asked to send map output locations for shuffle 0 to 172.18.0.7:54818
[2024-12-08T17:28:21.717+0000] {spark_submit.py:634} INFO - 24/12/08 17:28:21 INFO TaskSetManager: Finished task 1.0 in stage 1.0 (TID 3) in 397 ms on 172.18.0.7 (executor 0) (1/2)
[2024-12-08T17:28:21.754+0000] {spark_submit.py:634} INFO - 24/12/08 17:28:21 INFO TaskSetManager: Finished task 0.0 in stage 1.0 (TID 2) in 403 ms on 172.18.0.7 (executor 0) (2/2)
[2024-12-08T17:28:21.756+0000] {spark_submit.py:634} INFO - 24/12/08 17:28:21 INFO TaskSchedulerImpl: Removed TaskSet 1.0, whose tasks have all completed, from pool
[2024-12-08T17:28:21.757+0000] {spark_submit.py:634} INFO - 24/12/08 17:28:21 INFO DAGScheduler: ResultStage 1 (collect at wordcount.scala:14) finished in 0.436 s
[2024-12-08T17:28:21.766+0000] {spark_submit.py:634} INFO - 24/12/08 17:28:21 INFO DAGScheduler: Job 0 is finished. Cancelling potential speculative or zombie tasks for this job
[2024-12-08T17:28:21.767+0000] {spark_submit.py:634} INFO - 24/12/08 17:28:21 INFO TaskSchedulerImpl: Killing all running tasks in stage 1: Stage finished
[2024-12-08T17:28:21.772+0000] {spark_submit.py:634} INFO - 24/12/08 17:28:21 INFO DAGScheduler: Job 0 finished: collect at wordcount.scala:14, took 4.714603 s
[2024-12-08T17:28:21.784+0000] {spark_submit.py:634} INFO - (Hello,5)
[2024-12-08T17:28:21.785+0000] {spark_submit.py:634} INFO - (Yusuf,1)
[2024-12-08T17:28:21.786+0000] {spark_submit.py:634} INFO - (World,1)
[2024-12-08T17:28:21.787+0000] {spark_submit.py:634} INFO - (Scala,1)
[2024-12-08T17:28:21.788+0000] {spark_submit.py:634} INFO - (Docker,1)
[2024-12-08T17:28:21.789+0000] {spark_submit.py:634} INFO - (spark,1)
[2024-12-08T17:28:21.790+0000] {spark_submit.py:634} INFO - 24/12/08 17:28:21 INFO SparkContext: SparkContext is stopping with exitCode 0.
[2024-12-08T17:28:21.799+0000] {spark_submit.py:634} INFO - 24/12/08 17:28:21 INFO SparkUI: Stopped Spark web UI at http://2a892a3469ec:4041
[2024-12-08T17:28:21.804+0000] {spark_submit.py:634} INFO - 24/12/08 17:28:21 INFO StandaloneSchedulerBackend: Shutting down all executors
[2024-12-08T17:28:21.805+0000] {spark_submit.py:634} INFO - 24/12/08 17:28:21 INFO StandaloneSchedulerBackend$StandaloneDriverEndpoint: Asking each executor to shut down
[2024-12-08T17:28:21.833+0000] {spark_submit.py:634} INFO - 24/12/08 17:28:21 INFO MapOutputTrackerMasterEndpoint: MapOutputTrackerMasterEndpoint stopped!
[2024-12-08T17:28:21.873+0000] {spark_submit.py:634} INFO - 24/12/08 17:28:21 INFO MemoryStore: MemoryStore cleared
[2024-12-08T17:28:21.877+0000] {spark_submit.py:634} INFO - 24/12/08 17:28:21 INFO BlockManager: BlockManager stopped
[2024-12-08T17:28:21.898+0000] {spark_submit.py:634} INFO - 24/12/08 17:28:21 INFO BlockManagerMaster: BlockManagerMaster stopped
[2024-12-08T17:28:21.907+0000] {spark_submit.py:634} INFO - 24/12/08 17:28:21 INFO OutputCommitCoordinator$OutputCommitCoordinatorEndpoint: OutputCommitCoordinator stopped!
[2024-12-08T17:28:21.946+0000] {spark_submit.py:634} INFO - 24/12/08 17:28:21 INFO SparkContext: Successfully stopped SparkContext
[2024-12-08T17:28:21.947+0000] {spark_submit.py:634} INFO - 24/12/08 17:28:21 INFO ShutdownHookManager: Shutdown hook called
[2024-12-08T17:28:21.947+0000] {spark_submit.py:634} INFO - 24/12/08 17:28:21 INFO ShutdownHookManager: Deleting directory /tmp/spark-c63b1154-38df-4a03-bbd0-31e367aaa2d2
[2024-12-08T17:28:21.952+0000] {spark_submit.py:634} INFO - 24/12/08 17:28:21 INFO ShutdownHookManager: Deleting directory /tmp/spark-4ea65581-5e63-4b3b-9d19-27aa8939e987
[2024-12-08T17:28:22.054+0000] {taskinstance.py:340} INFO - ::group::Post task execution logs
[2024-12-08T17:28:22.056+0000] {taskinstance.py:352} INFO - Marking task as SUCCESS. dag_id=sparking_flow, task_id=scala_job, run_id=manual__2024-12-08T17:28:08.876996+00:00, execution_date=20241208T172808, start_date=20241208T172810, end_date=20241208T172822
[2024-12-08T17:28:22.158+0000] {local_task_job_runner.py:266} INFO - Task exited with return code 0
[2024-12-08T17:28:22.393+0000] {taskinstance.py:3895} INFO - 0 downstream tasks scheduled from follow-on schedule check
[2024-12-08T17:28:22.401+0000] {local_task_job_runner.py:245} INFO - ::endgroup::
