[2024-12-09T14:48:16.492+0000] {local_task_job_runner.py:123} INFO - ::group::Pre task execution logs
[2024-12-09T14:48:16.511+0000] {taskinstance.py:2613} INFO - Dependencies all met for dep_context=non-requeueable deps ti=<TaskInstance: sparking_flow.scala_job manual__2024-12-09T14:48:14.273640+00:00 [queued]>
[2024-12-09T14:48:16.521+0000] {taskinstance.py:2613} INFO - Dependencies all met for dep_context=requeueable deps ti=<TaskInstance: sparking_flow.scala_job manual__2024-12-09T14:48:14.273640+00:00 [queued]>
[2024-12-09T14:48:16.521+0000] {taskinstance.py:2866} INFO - Starting attempt 1 of 1
[2024-12-09T14:48:16.534+0000] {taskinstance.py:2889} INFO - Executing <Task(SparkSubmitOperator): scala_job> on 2024-12-09 14:48:14.273640+00:00
[2024-12-09T14:48:16.548+0000] {logging_mixin.py:190} WARNING - /home/***/.local/lib/python3.12/site-packages/***/task/task_runner/standard_task_runner.py:70 DeprecationWarning: This process (pid=186) is multi-threaded, use of fork() may lead to deadlocks in the child.
[2024-12-09T14:48:16.551+0000] {standard_task_runner.py:72} INFO - Started process 190 to run task
[2024-12-09T14:48:16.550+0000] {standard_task_runner.py:104} INFO - Running: ['***', 'tasks', 'run', 'sparking_flow', 'scala_job', 'manual__2024-12-09T14:48:14.273640+00:00', '--job-id', '503', '--raw', '--subdir', 'DAGS_FOLDER/spark_***.py', '--cfg-path', '/tmp/tmp2xjab8uk']
[2024-12-09T14:48:16.553+0000] {standard_task_runner.py:105} INFO - Job 503: Subtask scala_job
[2024-12-09T14:48:16.634+0000] {task_command.py:467} INFO - Running <TaskInstance: sparking_flow.scala_job manual__2024-12-09T14:48:14.273640+00:00 [running]> on host 2a892a3469ec
[2024-12-09T14:48:16.780+0000] {taskinstance.py:3132} INFO - Exporting env vars: AIRFLOW_CTX_DAG_OWNER='Yusuf Ganiyu' AIRFLOW_CTX_DAG_ID='sparking_flow' AIRFLOW_CTX_TASK_ID='scala_job' AIRFLOW_CTX_EXECUTION_DATE='2024-12-09T14:48:14.273640+00:00' AIRFLOW_CTX_TRY_NUMBER='1' AIRFLOW_CTX_DAG_RUN_ID='manual__2024-12-09T14:48:14.273640+00:00'
[2024-12-09T14:48:16.782+0000] {taskinstance.py:731} INFO - ::endgroup::
[2024-12-09T14:48:16.817+0000] {base.py:84} INFO - Retrieving connection 'spark-conn'
[2024-12-09T14:48:16.819+0000] {spark_submit.py:473} INFO - Spark-Submit cmd: spark-submit --master spark://sparkingflow-spark-master-1:7077 --name arrow-spark --deploy-mode client jobs/scala/target/scala-2.12/word-count_2.12-0.1.jar
[2024-12-09T14:48:20.448+0000] {spark_submit.py:634} INFO - 24/12/09 14:48:20 WARN NativeCodeLoader: Unable to load native-hadoop library for your platform... using builtin-java classes where applicable
[2024-12-09T14:48:20.784+0000] {spark_submit.py:634} INFO - 24/12/09 14:48:20 INFO SparkContext: Running Spark version 3.5.3
[2024-12-09T14:48:20.787+0000] {spark_submit.py:634} INFO - 24/12/09 14:48:20 INFO SparkContext: OS info Linux, 6.10.14-linuxkit, aarch64
[2024-12-09T14:48:20.788+0000] {spark_submit.py:634} INFO - 24/12/09 14:48:20 INFO SparkContext: Java version 17.0.13
[2024-12-09T14:48:20.847+0000] {spark_submit.py:634} INFO - 24/12/09 14:48:20 INFO ResourceUtils: ==============================================================
[2024-12-09T14:48:20.849+0000] {spark_submit.py:634} INFO - 24/12/09 14:48:20 INFO ResourceUtils: No custom resources configured for spark.driver.
[2024-12-09T14:48:20.851+0000] {spark_submit.py:634} INFO - 24/12/09 14:48:20 INFO ResourceUtils: ==============================================================
[2024-12-09T14:48:20.852+0000] {spark_submit.py:634} INFO - 24/12/09 14:48:20 INFO SparkContext: Submitted application: Word Count
[2024-12-09T14:48:20.877+0000] {spark_submit.py:634} INFO - 24/12/09 14:48:20 INFO ResourceProfile: Default ResourceProfile created, executor resources: Map(memory -> name: memory, amount: 1024, script: , vendor: , offHeap -> name: offHeap, amount: 0, script: , vendor: ), task resources: Map(cpus -> name: cpus, amount: 1.0)
[2024-12-09T14:48:20.907+0000] {spark_submit.py:634} INFO - 24/12/09 14:48:20 INFO ResourceProfile: Limiting resource is cpu
[2024-12-09T14:48:20.908+0000] {spark_submit.py:634} INFO - 24/12/09 14:48:20 INFO ResourceProfileManager: Added ResourceProfile id: 0
[2024-12-09T14:48:20.977+0000] {spark_submit.py:634} INFO - 24/12/09 14:48:20 INFO SecurityManager: Changing view acls to: ***
[2024-12-09T14:48:20.980+0000] {spark_submit.py:634} INFO - 24/12/09 14:48:20 INFO SecurityManager: Changing modify acls to: ***
[2024-12-09T14:48:20.980+0000] {spark_submit.py:634} INFO - 24/12/09 14:48:20 INFO SecurityManager: Changing view acls groups to:
[2024-12-09T14:48:20.982+0000] {spark_submit.py:634} INFO - 24/12/09 14:48:20 INFO SecurityManager: Changing modify acls groups to:
[2024-12-09T14:48:20.984+0000] {spark_submit.py:634} INFO - 24/12/09 14:48:20 INFO SecurityManager: SecurityManager: authentication disabled; ui acls disabled; users with view permissions: ***; groups with view permissions: EMPTY; users with modify permissions: ***; groups with modify permissions: EMPTY
[2024-12-09T14:48:21.330+0000] {spark_submit.py:634} INFO - 24/12/09 14:48:21 INFO Utils: Successfully started service 'sparkDriver' on port 34025.
[2024-12-09T14:48:21.365+0000] {spark_submit.py:634} INFO - 24/12/09 14:48:21 INFO SparkEnv: Registering MapOutputTracker
[2024-12-09T14:48:21.418+0000] {spark_submit.py:634} INFO - 24/12/09 14:48:21 INFO SparkEnv: Registering BlockManagerMaster
[2024-12-09T14:48:21.446+0000] {spark_submit.py:634} INFO - 24/12/09 14:48:21 INFO BlockManagerMasterEndpoint: Using org.apache.spark.storage.DefaultTopologyMapper for getting topology information
[2024-12-09T14:48:21.448+0000] {spark_submit.py:634} INFO - 24/12/09 14:48:21 INFO BlockManagerMasterEndpoint: BlockManagerMasterEndpoint up
[2024-12-09T14:48:21.458+0000] {spark_submit.py:634} INFO - 24/12/09 14:48:21 INFO SparkEnv: Registering BlockManagerMasterHeartbeat
[2024-12-09T14:48:21.487+0000] {spark_submit.py:634} INFO - 24/12/09 14:48:21 INFO DiskBlockManager: Created local directory at /tmp/blockmgr-3bdbffec-0f4e-48c1-b75b-1d6a3ae86f25
[2024-12-09T14:48:21.505+0000] {spark_submit.py:634} INFO - 24/12/09 14:48:21 INFO MemoryStore: MemoryStore started with capacity 434.4 MiB
[2024-12-09T14:48:21.523+0000] {spark_submit.py:634} INFO - 24/12/09 14:48:21 INFO SparkEnv: Registering OutputCommitCoordinator
[2024-12-09T14:48:21.779+0000] {spark_submit.py:634} INFO - 24/12/09 14:48:21 INFO JettyUtils: Start Jetty 0.0.0.0:4040 for SparkUI
[2024-12-09T14:48:21.857+0000] {spark_submit.py:634} INFO - 24/12/09 14:48:21 WARN Utils: Service 'SparkUI' could not bind on port 4040. Attempting port 4041.
[2024-12-09T14:48:21.869+0000] {spark_submit.py:634} INFO - 24/12/09 14:48:21 INFO Utils: Successfully started service 'SparkUI' on port 4041.
[2024-12-09T14:48:21.927+0000] {spark_submit.py:634} INFO - 24/12/09 14:48:21 INFO SparkContext: Added JAR file:/opt/***/jobs/scala/target/scala-2.12/word-count_2.12-0.1.jar at spark://2a892a3469ec:34025/jars/word-count_2.12-0.1.jar with timestamp 1733755700768
[2024-12-09T14:48:22.194+0000] {spark_submit.py:634} INFO - 24/12/09 14:48:22 INFO StandaloneAppClient$ClientEndpoint: Connecting to master spark://spark-master:7077...
[2024-12-09T14:48:22.273+0000] {spark_submit.py:634} INFO - 24/12/09 14:48:22 INFO TransportClientFactory: Successfully created connection to spark-master/172.18.0.5:7077 after 41 ms (0 ms spent in bootstraps)
[2024-12-09T14:48:22.581+0000] {spark_submit.py:634} INFO - 24/12/09 14:48:22 INFO StandaloneSchedulerBackend: Connected to Spark cluster with app ID app-20241209144822-0000
[2024-12-09T14:48:22.603+0000] {spark_submit.py:634} INFO - 24/12/09 14:48:22 INFO Utils: Successfully started service 'org.apache.spark.network.netty.NettyBlockTransferService' on port 33243.
[2024-12-09T14:48:22.609+0000] {spark_submit.py:634} INFO - 24/12/09 14:48:22 INFO NettyBlockTransferService: Server created on 2a892a3469ec:33243
[2024-12-09T14:48:22.611+0000] {spark_submit.py:634} INFO - 24/12/09 14:48:22 INFO BlockManager: Using org.apache.spark.storage.RandomBlockReplicationPolicy for block replication policy
[2024-12-09T14:48:22.620+0000] {spark_submit.py:634} INFO - 24/12/09 14:48:22 INFO BlockManagerMaster: Registering BlockManager BlockManagerId(driver, 2a892a3469ec, 33243, None)
[2024-12-09T14:48:22.629+0000] {spark_submit.py:634} INFO - 24/12/09 14:48:22 INFO BlockManagerMasterEndpoint: Registering block manager 2a892a3469ec:33243 with 434.4 MiB RAM, BlockManagerId(driver, 2a892a3469ec, 33243, None)
[2024-12-09T14:48:22.636+0000] {spark_submit.py:634} INFO - 24/12/09 14:48:22 INFO StandaloneAppClient$ClientEndpoint: Executor added: app-20241209144822-0000/0 on worker-20241209144752-172.18.0.7-44677 (172.18.0.7:44677) with 2 core(s)
[2024-12-09T14:48:22.637+0000] {spark_submit.py:634} INFO - 24/12/09 14:48:22 INFO StandaloneSchedulerBackend: Granted executor ID app-20241209144822-0000/0 on hostPort 172.18.0.7:44677 with 2 core(s), 1024.0 MiB RAM
[2024-12-09T14:48:22.641+0000] {spark_submit.py:634} INFO - 24/12/09 14:48:22 INFO BlockManagerMaster: Registered BlockManager BlockManagerId(driver, 2a892a3469ec, 33243, None)
[2024-12-09T14:48:22.644+0000] {spark_submit.py:634} INFO - 24/12/09 14:48:22 INFO BlockManager: Initialized BlockManager: BlockManagerId(driver, 2a892a3469ec, 33243, None)
[2024-12-09T14:48:23.065+0000] {spark_submit.py:634} INFO - 24/12/09 14:48:23 INFO StandaloneAppClient$ClientEndpoint: Executor updated: app-20241209144822-0000/0 is now RUNNING
[2024-12-09T14:48:23.124+0000] {spark_submit.py:634} INFO - 24/12/09 14:48:23 INFO StandaloneSchedulerBackend: SchedulerBackend is ready for scheduling beginning after reached minRegisteredResourcesRatio: 0.0
[2024-12-09T14:48:24.519+0000] {spark_submit.py:634} INFO - 24/12/09 14:48:24 INFO SparkContext: Starting job: collect at wordcount.scala:14
[2024-12-09T14:48:25.621+0000] {spark_submit.py:634} INFO - 24/12/09 14:48:25 INFO DAGScheduler: Registering RDD 2 (map at wordcount.scala:11) as input to shuffle 0
[2024-12-09T14:48:25.636+0000] {spark_submit.py:634} INFO - 24/12/09 14:48:25 INFO DAGScheduler: Got job 0 (collect at wordcount.scala:14) with 2 output partitions
[2024-12-09T14:48:25.637+0000] {spark_submit.py:634} INFO - 24/12/09 14:48:25 INFO DAGScheduler: Final stage: ResultStage 1 (collect at wordcount.scala:14)
[2024-12-09T14:48:25.638+0000] {spark_submit.py:634} INFO - 24/12/09 14:48:25 INFO DAGScheduler: Parents of final stage: List(ShuffleMapStage 0)
[2024-12-09T14:48:25.641+0000] {spark_submit.py:634} INFO - 24/12/09 14:48:25 INFO DAGScheduler: Missing parents: List(ShuffleMapStage 0)
[2024-12-09T14:48:25.667+0000] {spark_submit.py:634} INFO - 24/12/09 14:48:25 INFO DAGScheduler: Submitting ShuffleMapStage 0 (MapPartitionsRDD[2] at map at wordcount.scala:11), which has no missing parents
[2024-12-09T14:48:25.849+0000] {spark_submit.py:634} INFO - 24/12/09 14:48:25 INFO MemoryStore: Block broadcast_0 stored as values in memory (estimated size 5.5 KiB, free 434.4 MiB)
[2024-12-09T14:48:25.917+0000] {spark_submit.py:634} INFO - 24/12/09 14:48:25 INFO MemoryStore: Block broadcast_0_piece0 stored as bytes in memory (estimated size 3.2 KiB, free 434.4 MiB)
[2024-12-09T14:48:25.927+0000] {spark_submit.py:634} INFO - 24/12/09 14:48:25 INFO BlockManagerInfo: Added broadcast_0_piece0 in memory on 2a892a3469ec:33243 (size: 3.2 KiB, free: 434.4 MiB)
[2024-12-09T14:48:25.933+0000] {spark_submit.py:634} INFO - 24/12/09 14:48:25 INFO SparkContext: Created broadcast 0 from broadcast at DAGScheduler.scala:1585
[2024-12-09T14:48:25.963+0000] {spark_submit.py:634} INFO - 24/12/09 14:48:25 INFO DAGScheduler: Submitting 2 missing tasks from ShuffleMapStage 0 (MapPartitionsRDD[2] at map at wordcount.scala:11) (first 15 tasks are for partitions Vector(0, 1))
[2024-12-09T14:48:25.965+0000] {spark_submit.py:634} INFO - 24/12/09 14:48:25 INFO TaskSchedulerImpl: Adding task set 0.0 with 2 tasks resource profile 0
[2024-12-09T14:48:28.012+0000] {spark_submit.py:634} INFO - 24/12/09 14:48:28 INFO StandaloneSchedulerBackend$StandaloneDriverEndpoint: Registered executor NettyRpcEndpointRef(spark-client://Executor) (172.18.0.7:46182) with ID 0,  ResourceProfileId 0
[2024-12-09T14:48:28.102+0000] {spark_submit.py:634} INFO - 24/12/09 14:48:28 INFO BlockManagerMasterEndpoint: Registering block manager 172.18.0.7:37835 with 434.4 MiB RAM, BlockManagerId(0, 172.18.0.7, 37835, None)
[2024-12-09T14:48:28.251+0000] {spark_submit.py:634} INFO - 24/12/09 14:48:28 INFO TaskSetManager: Starting task 0.0 in stage 0.0 (TID 0) (172.18.0.7, executor 0, partition 0, PROCESS_LOCAL, 9198 bytes)
[2024-12-09T14:48:28.257+0000] {spark_submit.py:634} INFO - 24/12/09 14:48:28 INFO TaskSetManager: Starting task 1.0 in stage 0.0 (TID 1) (172.18.0.7, executor 0, partition 1, PROCESS_LOCAL, 9213 bytes)
[2024-12-09T14:48:28.784+0000] {spark_submit.py:634} INFO - 24/12/09 14:48:28 INFO BlockManagerInfo: Added broadcast_0_piece0 in memory on 172.18.0.7:37835 (size: 3.2 KiB, free: 434.4 MiB)
[2024-12-09T14:48:29.605+0000] {spark_submit.py:634} INFO - 24/12/09 14:48:29 INFO TaskSetManager: Finished task 1.0 in stage 0.0 (TID 1) in 1347 ms on 172.18.0.7 (executor 0) (1/2)
[2024-12-09T14:48:29.606+0000] {spark_submit.py:634} INFO - 24/12/09 14:48:29 INFO TaskSetManager: Finished task 0.0 in stage 0.0 (TID 0) in 1371 ms on 172.18.0.7 (executor 0) (2/2)
[2024-12-09T14:48:29.607+0000] {spark_submit.py:634} INFO - 24/12/09 14:48:29 INFO TaskSchedulerImpl: Removed TaskSet 0.0, whose tasks have all completed, from pool
[2024-12-09T14:48:29.618+0000] {spark_submit.py:634} INFO - 24/12/09 14:48:29 INFO DAGScheduler: ShuffleMapStage 0 (map at wordcount.scala:11) finished in 3.906 s
[2024-12-09T14:48:29.619+0000] {spark_submit.py:634} INFO - 24/12/09 14:48:29 INFO DAGScheduler: looking for newly runnable stages
[2024-12-09T14:48:29.619+0000] {spark_submit.py:634} INFO - 24/12/09 14:48:29 INFO DAGScheduler: running: Set()
[2024-12-09T14:48:29.620+0000] {spark_submit.py:634} INFO - 24/12/09 14:48:29 INFO DAGScheduler: waiting: Set(ResultStage 1)
[2024-12-09T14:48:29.620+0000] {spark_submit.py:634} INFO - 24/12/09 14:48:29 INFO DAGScheduler: failed: Set()
[2024-12-09T14:48:29.626+0000] {spark_submit.py:634} INFO - 24/12/09 14:48:29 INFO DAGScheduler: Submitting ResultStage 1 (ShuffledRDD[3] at reduceByKey at wordcount.scala:12), which has no missing parents
[2024-12-09T14:48:29.641+0000] {spark_submit.py:634} INFO - 24/12/09 14:48:29 INFO MemoryStore: Block broadcast_1 stored as values in memory (estimated size 5.2 KiB, free 434.4 MiB)
[2024-12-09T14:48:29.647+0000] {spark_submit.py:634} INFO - 24/12/09 14:48:29 INFO MemoryStore: Block broadcast_1_piece0 stored as bytes in memory (estimated size 3.1 KiB, free 434.4 MiB)
[2024-12-09T14:48:29.648+0000] {spark_submit.py:634} INFO - 24/12/09 14:48:29 INFO BlockManagerInfo: Added broadcast_1_piece0 in memory on 2a892a3469ec:33243 (size: 3.1 KiB, free: 434.4 MiB)
[2024-12-09T14:48:29.649+0000] {spark_submit.py:634} INFO - 24/12/09 14:48:29 INFO SparkContext: Created broadcast 1 from broadcast at DAGScheduler.scala:1585
[2024-12-09T14:48:29.653+0000] {spark_submit.py:634} INFO - 24/12/09 14:48:29 INFO DAGScheduler: Submitting 2 missing tasks from ResultStage 1 (ShuffledRDD[3] at reduceByKey at wordcount.scala:12) (first 15 tasks are for partitions Vector(0, 1))
[2024-12-09T14:48:29.654+0000] {spark_submit.py:634} INFO - 24/12/09 14:48:29 INFO TaskSchedulerImpl: Adding task set 1.0 with 2 tasks resource profile 0
[2024-12-09T14:48:29.663+0000] {spark_submit.py:634} INFO - 24/12/09 14:48:29 INFO TaskSetManager: Starting task 0.0 in stage 1.0 (TID 2) (172.18.0.7, executor 0, partition 0, NODE_LOCAL, 9003 bytes)
[2024-12-09T14:48:29.667+0000] {spark_submit.py:634} INFO - 24/12/09 14:48:29 INFO TaskSetManager: Starting task 1.0 in stage 1.0 (TID 3) (172.18.0.7, executor 0, partition 1, NODE_LOCAL, 9003 bytes)
[2024-12-09T14:48:29.698+0000] {spark_submit.py:634} INFO - 24/12/09 14:48:29 INFO BlockManagerInfo: Added broadcast_1_piece0 in memory on 172.18.0.7:37835 (size: 3.1 KiB, free: 434.4 MiB)
[2024-12-09T14:48:29.790+0000] {spark_submit.py:634} INFO - 24/12/09 14:48:29 INFO MapOutputTrackerMasterEndpoint: Asked to send map output locations for shuffle 0 to 172.18.0.7:46182
[2024-12-09T14:48:29.939+0000] {spark_submit.py:634} INFO - 24/12/09 14:48:29 INFO TaskSetManager: Finished task 0.0 in stage 1.0 (TID 2) in 281 ms on 172.18.0.7 (executor 0) (1/2)
[2024-12-09T14:48:29.940+0000] {spark_submit.py:634} INFO - 24/12/09 14:48:29 INFO TaskSetManager: Finished task 1.0 in stage 1.0 (TID 3) in 279 ms on 172.18.0.7 (executor 0) (2/2)
[2024-12-09T14:48:29.941+0000] {spark_submit.py:634} INFO - 24/12/09 14:48:29 INFO TaskSchedulerImpl: Removed TaskSet 1.0, whose tasks have all completed, from pool
[2024-12-09T14:48:29.944+0000] {spark_submit.py:634} INFO - 24/12/09 14:48:29 INFO DAGScheduler: ResultStage 1 (collect at wordcount.scala:14) finished in 0.306 s
[2024-12-09T14:48:29.947+0000] {spark_submit.py:634} INFO - 24/12/09 14:48:29 INFO DAGScheduler: Job 0 is finished. Cancelling potential speculative or zombie tasks for this job
[2024-12-09T14:48:29.948+0000] {spark_submit.py:634} INFO - 24/12/09 14:48:29 INFO TaskSchedulerImpl: Killing all running tasks in stage 1: Stage finished
[2024-12-09T14:48:29.953+0000] {spark_submit.py:634} INFO - 24/12/09 14:48:29 INFO DAGScheduler: Job 0 finished: collect at wordcount.scala:14, took 5.431468 s
[2024-12-09T14:48:29.962+0000] {spark_submit.py:634} INFO - (Hello,5)
[2024-12-09T14:48:29.965+0000] {spark_submit.py:634} INFO - (Yusuf,1)
[2024-12-09T14:48:29.966+0000] {spark_submit.py:634} INFO - (World,1)
[2024-12-09T14:48:29.966+0000] {spark_submit.py:634} INFO - (Scala,1)
[2024-12-09T14:48:29.968+0000] {spark_submit.py:634} INFO - (Docker,1)
[2024-12-09T14:48:29.969+0000] {spark_submit.py:634} INFO - (spark,1)
[2024-12-09T14:48:29.973+0000] {spark_submit.py:634} INFO - 24/12/09 14:48:29 INFO SparkContext: SparkContext is stopping with exitCode 0.
[2024-12-09T14:48:29.980+0000] {spark_submit.py:634} INFO - 24/12/09 14:48:29 INFO SparkUI: Stopped Spark web UI at http://2a892a3469ec:4041
[2024-12-09T14:48:29.985+0000] {spark_submit.py:634} INFO - 24/12/09 14:48:29 INFO StandaloneSchedulerBackend: Shutting down all executors
[2024-12-09T14:48:29.987+0000] {spark_submit.py:634} INFO - 24/12/09 14:48:29 INFO StandaloneSchedulerBackend$StandaloneDriverEndpoint: Asking each executor to shut down
[2024-12-09T14:48:30.030+0000] {spark_submit.py:634} INFO - 24/12/09 14:48:30 INFO MapOutputTrackerMasterEndpoint: MapOutputTrackerMasterEndpoint stopped!
[2024-12-09T14:48:30.121+0000] {spark_submit.py:634} INFO - 24/12/09 14:48:30 INFO MemoryStore: MemoryStore cleared
[2024-12-09T14:48:30.122+0000] {spark_submit.py:634} INFO - 24/12/09 14:48:30 INFO BlockManager: BlockManager stopped
[2024-12-09T14:48:30.131+0000] {spark_submit.py:634} INFO - 24/12/09 14:48:30 INFO BlockManagerMaster: BlockManagerMaster stopped
[2024-12-09T14:48:30.132+0000] {spark_submit.py:634} INFO - 24/12/09 14:48:30 INFO OutputCommitCoordinator$OutputCommitCoordinatorEndpoint: OutputCommitCoordinator stopped!
[2024-12-09T14:48:30.163+0000] {spark_submit.py:634} INFO - 24/12/09 14:48:30 INFO SparkContext: Successfully stopped SparkContext
[2024-12-09T14:48:30.166+0000] {spark_submit.py:634} INFO - 24/12/09 14:48:30 INFO ShutdownHookManager: Shutdown hook called
[2024-12-09T14:48:30.167+0000] {spark_submit.py:634} INFO - 24/12/09 14:48:30 INFO ShutdownHookManager: Deleting directory /tmp/spark-bbdd949b-122e-4b6a-84b4-f397a2693c9d
[2024-12-09T14:48:30.173+0000] {spark_submit.py:634} INFO - 24/12/09 14:48:30 INFO ShutdownHookManager: Deleting directory /tmp/spark-11a0d5b7-8941-4062-acfa-dcc99d2662bb
[2024-12-09T14:48:30.265+0000] {taskinstance.py:340} INFO - ::group::Post task execution logs
[2024-12-09T14:48:30.267+0000] {taskinstance.py:352} INFO - Marking task as SUCCESS. dag_id=sparking_flow, task_id=scala_job, run_id=manual__2024-12-09T14:48:14.273640+00:00, execution_date=20241209T144814, start_date=20241209T144816, end_date=20241209T144830
[2024-12-09T14:48:30.304+0000] {local_task_job_runner.py:266} INFO - Task exited with return code 0
[2024-12-09T14:48:30.331+0000] {taskinstance.py:3895} INFO - 0 downstream tasks scheduled from follow-on schedule check
[2024-12-09T14:48:30.332+0000] {local_task_job_runner.py:245} INFO - ::endgroup::
