[2024-12-09T11:38:31.009+0000] {local_task_job_runner.py:123} INFO - ::group::Pre task execution logs
[2024-12-09T11:38:31.022+0000] {taskinstance.py:2613} INFO - Dependencies all met for dep_context=non-requeueable deps ti=<TaskInstance: sparking_flow.scala_job manual__2024-12-09T11:38:28.738086+00:00 [queued]>
[2024-12-09T11:38:31.031+0000] {taskinstance.py:2613} INFO - Dependencies all met for dep_context=requeueable deps ti=<TaskInstance: sparking_flow.scala_job manual__2024-12-09T11:38:28.738086+00:00 [queued]>
[2024-12-09T11:38:31.032+0000] {taskinstance.py:2866} INFO - Starting attempt 1 of 1
[2024-12-09T11:38:31.041+0000] {taskinstance.py:2889} INFO - Executing <Task(SparkSubmitOperator): scala_job> on 2024-12-09 11:38:28.738086+00:00
[2024-12-09T11:38:31.050+0000] {logging_mixin.py:190} WARNING - /home/***/.local/lib/python3.12/site-packages/***/task/task_runner/standard_task_runner.py:70 DeprecationWarning: This process (pid=187) is multi-threaded, use of fork() may lead to deadlocks in the child.
[2024-12-09T11:38:31.052+0000] {standard_task_runner.py:72} INFO - Started process 189 to run task
[2024-12-09T11:38:31.051+0000] {standard_task_runner.py:104} INFO - Running: ['***', 'tasks', 'run', 'sparking_flow', 'scala_job', 'manual__2024-12-09T11:38:28.738086+00:00', '--job-id', '361', '--raw', '--subdir', 'DAGS_FOLDER/spark_***.py', '--cfg-path', '/tmp/tmpmotz4ik3']
[2024-12-09T11:38:31.054+0000] {standard_task_runner.py:105} INFO - Job 361: Subtask scala_job
[2024-12-09T11:38:31.096+0000] {task_command.py:467} INFO - Running <TaskInstance: sparking_flow.scala_job manual__2024-12-09T11:38:28.738086+00:00 [running]> on host 2a892a3469ec
[2024-12-09T11:38:31.165+0000] {taskinstance.py:3132} INFO - Exporting env vars: AIRFLOW_CTX_DAG_OWNER='Yusuf Ganiyu' AIRFLOW_CTX_DAG_ID='sparking_flow' AIRFLOW_CTX_TASK_ID='scala_job' AIRFLOW_CTX_EXECUTION_DATE='2024-12-09T11:38:28.738086+00:00' AIRFLOW_CTX_TRY_NUMBER='1' AIRFLOW_CTX_DAG_RUN_ID='manual__2024-12-09T11:38:28.738086+00:00'
[2024-12-09T11:38:31.166+0000] {taskinstance.py:731} INFO - ::endgroup::
[2024-12-09T11:38:31.189+0000] {base.py:84} INFO - Retrieving connection 'spark-conn'
[2024-12-09T11:38:31.190+0000] {spark_submit.py:473} INFO - Spark-Submit cmd: spark-submit --master spark://sparkingflow-spark-master-1:7077 --name arrow-spark --deploy-mode client jobs/scala/target/scala-2.12/word-count_2.12-0.1.jar
[2024-12-09T11:38:33.818+0000] {spark_submit.py:634} INFO - 24/12/09 11:38:33 WARN NativeCodeLoader: Unable to load native-hadoop library for your platform... using builtin-java classes where applicable
[2024-12-09T11:38:34.186+0000] {spark_submit.py:634} INFO - 24/12/09 11:38:34 INFO SparkContext: Running Spark version 3.5.3
[2024-12-09T11:38:34.190+0000] {spark_submit.py:634} INFO - 24/12/09 11:38:34 INFO SparkContext: OS info Linux, 6.10.14-linuxkit, aarch64
[2024-12-09T11:38:34.191+0000] {spark_submit.py:634} INFO - 24/12/09 11:38:34 INFO SparkContext: Java version 17.0.13
[2024-12-09T11:38:34.232+0000] {spark_submit.py:634} INFO - 24/12/09 11:38:34 INFO ResourceUtils: ==============================================================
[2024-12-09T11:38:34.233+0000] {spark_submit.py:634} INFO - 24/12/09 11:38:34 INFO ResourceUtils: No custom resources configured for spark.driver.
[2024-12-09T11:38:34.234+0000] {spark_submit.py:634} INFO - 24/12/09 11:38:34 INFO ResourceUtils: ==============================================================
[2024-12-09T11:38:34.235+0000] {spark_submit.py:634} INFO - 24/12/09 11:38:34 INFO SparkContext: Submitted application: Word Count
[2024-12-09T11:38:34.265+0000] {spark_submit.py:634} INFO - 24/12/09 11:38:34 INFO ResourceProfile: Default ResourceProfile created, executor resources: Map(memory -> name: memory, amount: 1024, script: , vendor: , offHeap -> name: offHeap, amount: 0, script: , vendor: ), task resources: Map(cpus -> name: cpus, amount: 1.0)
[2024-12-09T11:38:34.275+0000] {spark_submit.py:634} INFO - 24/12/09 11:38:34 INFO ResourceProfile: Limiting resource is cpu
[2024-12-09T11:38:34.276+0000] {spark_submit.py:634} INFO - 24/12/09 11:38:34 INFO ResourceProfileManager: Added ResourceProfile id: 0
[2024-12-09T11:38:34.332+0000] {spark_submit.py:634} INFO - 24/12/09 11:38:34 INFO SecurityManager: Changing view acls to: ***
[2024-12-09T11:38:34.334+0000] {spark_submit.py:634} INFO - 24/12/09 11:38:34 INFO SecurityManager: Changing modify acls to: ***
[2024-12-09T11:38:34.335+0000] {spark_submit.py:634} INFO - 24/12/09 11:38:34 INFO SecurityManager: Changing view acls groups to:
[2024-12-09T11:38:34.336+0000] {spark_submit.py:634} INFO - 24/12/09 11:38:34 INFO SecurityManager: Changing modify acls groups to:
[2024-12-09T11:38:34.336+0000] {spark_submit.py:634} INFO - 24/12/09 11:38:34 INFO SecurityManager: SecurityManager: authentication disabled; ui acls disabled; users with view permissions: ***; groups with view permissions: EMPTY; users with modify permissions: ***; groups with modify permissions: EMPTY
[2024-12-09T11:38:34.604+0000] {spark_submit.py:634} INFO - 24/12/09 11:38:34 INFO Utils: Successfully started service 'sparkDriver' on port 39843.
[2024-12-09T11:38:34.644+0000] {spark_submit.py:634} INFO - 24/12/09 11:38:34 INFO SparkEnv: Registering MapOutputTracker
[2024-12-09T11:38:34.681+0000] {spark_submit.py:634} INFO - 24/12/09 11:38:34 INFO SparkEnv: Registering BlockManagerMaster
[2024-12-09T11:38:34.696+0000] {spark_submit.py:634} INFO - 24/12/09 11:38:34 INFO BlockManagerMasterEndpoint: Using org.apache.spark.storage.DefaultTopologyMapper for getting topology information
[2024-12-09T11:38:34.697+0000] {spark_submit.py:634} INFO - 24/12/09 11:38:34 INFO BlockManagerMasterEndpoint: BlockManagerMasterEndpoint up
[2024-12-09T11:38:34.700+0000] {spark_submit.py:634} INFO - 24/12/09 11:38:34 INFO SparkEnv: Registering BlockManagerMasterHeartbeat
[2024-12-09T11:38:34.718+0000] {spark_submit.py:634} INFO - 24/12/09 11:38:34 INFO DiskBlockManager: Created local directory at /tmp/blockmgr-09866f98-90fd-4970-b07c-fe5774ca4a23
[2024-12-09T11:38:34.735+0000] {spark_submit.py:634} INFO - 24/12/09 11:38:34 INFO MemoryStore: MemoryStore started with capacity 434.4 MiB
[2024-12-09T11:38:34.764+0000] {spark_submit.py:634} INFO - 24/12/09 11:38:34 INFO SparkEnv: Registering OutputCommitCoordinator
[2024-12-09T11:38:34.898+0000] {spark_submit.py:634} INFO - 24/12/09 11:38:34 INFO JettyUtils: Start Jetty 0.0.0.0:4040 for SparkUI
[2024-12-09T11:38:34.987+0000] {spark_submit.py:634} INFO - 24/12/09 11:38:34 WARN Utils: Service 'SparkUI' could not bind on port 4040. Attempting port 4041.
[2024-12-09T11:38:34.998+0000] {spark_submit.py:634} INFO - 24/12/09 11:38:34 INFO Utils: Successfully started service 'SparkUI' on port 4041.
[2024-12-09T11:38:35.053+0000] {spark_submit.py:634} INFO - 24/12/09 11:38:35 INFO SparkContext: Added JAR file:/opt/***/jobs/scala/target/scala-2.12/word-count_2.12-0.1.jar at spark://2a892a3469ec:39843/jars/word-count_2.12-0.1.jar with timestamp 1733744314166
[2024-12-09T11:38:35.197+0000] {spark_submit.py:634} INFO - 24/12/09 11:38:35 INFO StandaloneAppClient$ClientEndpoint: Connecting to master spark://spark-master:7077...
[2024-12-09T11:38:35.264+0000] {spark_submit.py:634} INFO - 24/12/09 11:38:35 INFO TransportClientFactory: Successfully created connection to spark-master/172.18.0.5:7077 after 31 ms (0 ms spent in bootstraps)
[2024-12-09T11:38:35.641+0000] {spark_submit.py:634} INFO - 24/12/09 11:38:35 INFO StandaloneSchedulerBackend: Connected to Spark cluster with app ID app-20241209113835-0000
[2024-12-09T11:38:35.657+0000] {spark_submit.py:634} INFO - 24/12/09 11:38:35 INFO Utils: Successfully started service 'org.apache.spark.network.netty.NettyBlockTransferService' on port 39539.
[2024-12-09T11:38:35.660+0000] {spark_submit.py:634} INFO - 24/12/09 11:38:35 INFO NettyBlockTransferService: Server created on 2a892a3469ec:39539
[2024-12-09T11:38:35.661+0000] {spark_submit.py:634} INFO - 24/12/09 11:38:35 INFO BlockManager: Using org.apache.spark.storage.RandomBlockReplicationPolicy for block replication policy
[2024-12-09T11:38:35.675+0000] {spark_submit.py:634} INFO - 24/12/09 11:38:35 INFO BlockManagerMaster: Registering BlockManager BlockManagerId(driver, 2a892a3469ec, 39539, None)
[2024-12-09T11:38:35.683+0000] {spark_submit.py:634} INFO - 24/12/09 11:38:35 INFO BlockManagerMasterEndpoint: Registering block manager 2a892a3469ec:39539 with 434.4 MiB RAM, BlockManagerId(driver, 2a892a3469ec, 39539, None)
[2024-12-09T11:38:35.695+0000] {spark_submit.py:634} INFO - 24/12/09 11:38:35 INFO BlockManagerMaster: Registered BlockManager BlockManagerId(driver, 2a892a3469ec, 39539, None)
[2024-12-09T11:38:35.710+0000] {spark_submit.py:634} INFO - 24/12/09 11:38:35 INFO StandaloneAppClient$ClientEndpoint: Executor added: app-20241209113835-0000/0 on worker-20241209113754-172.18.0.7-35329 (172.18.0.7:35329) with 2 core(s)
[2024-12-09T11:38:35.712+0000] {spark_submit.py:634} INFO - 24/12/09 11:38:35 INFO BlockManager: Initialized BlockManager: BlockManagerId(driver, 2a892a3469ec, 39539, None)
[2024-12-09T11:38:35.713+0000] {spark_submit.py:634} INFO - 24/12/09 11:38:35 INFO StandaloneSchedulerBackend: Granted executor ID app-20241209113835-0000/0 on hostPort 172.18.0.7:35329 with 2 core(s), 1024.0 MiB RAM
[2024-12-09T11:38:36.161+0000] {spark_submit.py:634} INFO - 24/12/09 11:38:36 INFO StandaloneAppClient$ClientEndpoint: Executor updated: app-20241209113835-0000/0 is now RUNNING
[2024-12-09T11:38:36.285+0000] {spark_submit.py:634} INFO - 24/12/09 11:38:36 INFO StandaloneSchedulerBackend: SchedulerBackend is ready for scheduling beginning after reached minRegisteredResourcesRatio: 0.0
[2024-12-09T11:38:37.429+0000] {spark_submit.py:634} INFO - 24/12/09 11:38:37 INFO SparkContext: Starting job: collect at wordcount.scala:14
[2024-12-09T11:38:38.058+0000] {spark_submit.py:634} INFO - 24/12/09 11:38:38 INFO DAGScheduler: Registering RDD 2 (map at wordcount.scala:11) as input to shuffle 0
[2024-12-09T11:38:38.069+0000] {spark_submit.py:634} INFO - 24/12/09 11:38:38 INFO DAGScheduler: Got job 0 (collect at wordcount.scala:14) with 2 output partitions
[2024-12-09T11:38:38.074+0000] {spark_submit.py:634} INFO - 24/12/09 11:38:38 INFO DAGScheduler: Final stage: ResultStage 1 (collect at wordcount.scala:14)
[2024-12-09T11:38:38.075+0000] {spark_submit.py:634} INFO - 24/12/09 11:38:38 INFO DAGScheduler: Parents of final stage: List(ShuffleMapStage 0)
[2024-12-09T11:38:38.076+0000] {spark_submit.py:634} INFO - 24/12/09 11:38:38 INFO DAGScheduler: Missing parents: List(ShuffleMapStage 0)
[2024-12-09T11:38:38.086+0000] {spark_submit.py:634} INFO - 24/12/09 11:38:38 INFO DAGScheduler: Submitting ShuffleMapStage 0 (MapPartitionsRDD[2] at map at wordcount.scala:11), which has no missing parents
[2024-12-09T11:38:38.174+0000] {spark_submit.py:634} INFO - 24/12/09 11:38:38 INFO MemoryStore: Block broadcast_0 stored as values in memory (estimated size 5.5 KiB, free 434.4 MiB)
[2024-12-09T11:38:38.205+0000] {spark_submit.py:634} INFO - 24/12/09 11:38:38 INFO MemoryStore: Block broadcast_0_piece0 stored as bytes in memory (estimated size 3.2 KiB, free 434.4 MiB)
[2024-12-09T11:38:38.209+0000] {spark_submit.py:634} INFO - 24/12/09 11:38:38 INFO BlockManagerInfo: Added broadcast_0_piece0 in memory on 2a892a3469ec:39539 (size: 3.2 KiB, free: 434.4 MiB)
[2024-12-09T11:38:38.214+0000] {spark_submit.py:634} INFO - 24/12/09 11:38:38 INFO SparkContext: Created broadcast 0 from broadcast at DAGScheduler.scala:1585
[2024-12-09T11:38:38.239+0000] {spark_submit.py:634} INFO - 24/12/09 11:38:38 INFO DAGScheduler: Submitting 2 missing tasks from ShuffleMapStage 0 (MapPartitionsRDD[2] at map at wordcount.scala:11) (first 15 tasks are for partitions Vector(0, 1))
[2024-12-09T11:38:38.242+0000] {spark_submit.py:634} INFO - 24/12/09 11:38:38 INFO TaskSchedulerImpl: Adding task set 0.0 with 2 tasks resource profile 0
[2024-12-09T11:38:39.931+0000] {spark_submit.py:634} INFO - 24/12/09 11:38:39 INFO StandaloneSchedulerBackend$StandaloneDriverEndpoint: Registered executor NettyRpcEndpointRef(spark-client://Executor) (172.18.0.7:55832) with ID 0,  ResourceProfileId 0
[2024-12-09T11:38:40.006+0000] {spark_submit.py:634} INFO - 24/12/09 11:38:40 INFO BlockManagerMasterEndpoint: Registering block manager 172.18.0.7:36403 with 434.4 MiB RAM, BlockManagerId(0, 172.18.0.7, 36403, None)
[2024-12-09T11:38:40.145+0000] {spark_submit.py:634} INFO - 24/12/09 11:38:40 INFO TaskSetManager: Starting task 0.0 in stage 0.0 (TID 0) (172.18.0.7, executor 0, partition 0, PROCESS_LOCAL, 9198 bytes)
[2024-12-09T11:38:40.149+0000] {spark_submit.py:634} INFO - 24/12/09 11:38:40 INFO TaskSetManager: Starting task 1.0 in stage 0.0 (TID 1) (172.18.0.7, executor 0, partition 1, PROCESS_LOCAL, 9213 bytes)
[2024-12-09T11:38:40.444+0000] {spark_submit.py:634} INFO - 24/12/09 11:38:40 INFO BlockManagerInfo: Added broadcast_0_piece0 in memory on 172.18.0.7:36403 (size: 3.2 KiB, free: 434.4 MiB)
[2024-12-09T11:38:41.092+0000] {spark_submit.py:634} INFO - 24/12/09 11:38:41 INFO TaskSetManager: Finished task 0.0 in stage 0.0 (TID 0) in 960 ms on 172.18.0.7 (executor 0) (1/2)
[2024-12-09T11:38:41.094+0000] {spark_submit.py:634} INFO - 24/12/09 11:38:41 INFO TaskSetManager: Finished task 1.0 in stage 0.0 (TID 1) in 946 ms on 172.18.0.7 (executor 0) (2/2)
[2024-12-09T11:38:41.096+0000] {spark_submit.py:634} INFO - 24/12/09 11:38:41 INFO TaskSchedulerImpl: Removed TaskSet 0.0, whose tasks have all completed, from pool
[2024-12-09T11:38:41.103+0000] {spark_submit.py:634} INFO - 24/12/09 11:38:41 INFO DAGScheduler: ShuffleMapStage 0 (map at wordcount.scala:11) finished in 2.994 s
[2024-12-09T11:38:41.104+0000] {spark_submit.py:634} INFO - 24/12/09 11:38:41 INFO DAGScheduler: looking for newly runnable stages
[2024-12-09T11:38:41.104+0000] {spark_submit.py:634} INFO - 24/12/09 11:38:41 INFO DAGScheduler: running: Set()
[2024-12-09T11:38:41.104+0000] {spark_submit.py:634} INFO - 24/12/09 11:38:41 INFO DAGScheduler: waiting: Set(ResultStage 1)
[2024-12-09T11:38:41.105+0000] {spark_submit.py:634} INFO - 24/12/09 11:38:41 INFO DAGScheduler: failed: Set()
[2024-12-09T11:38:41.107+0000] {spark_submit.py:634} INFO - 24/12/09 11:38:41 INFO DAGScheduler: Submitting ResultStage 1 (ShuffledRDD[3] at reduceByKey at wordcount.scala:12), which has no missing parents
[2024-12-09T11:38:41.118+0000] {spark_submit.py:634} INFO - 24/12/09 11:38:41 INFO MemoryStore: Block broadcast_1 stored as values in memory (estimated size 5.2 KiB, free 434.4 MiB)
[2024-12-09T11:38:41.122+0000] {spark_submit.py:634} INFO - 24/12/09 11:38:41 INFO MemoryStore: Block broadcast_1_piece0 stored as bytes in memory (estimated size 3.1 KiB, free 434.4 MiB)
[2024-12-09T11:38:41.124+0000] {spark_submit.py:634} INFO - 24/12/09 11:38:41 INFO BlockManagerInfo: Added broadcast_1_piece0 in memory on 2a892a3469ec:39539 (size: 3.1 KiB, free: 434.4 MiB)
[2024-12-09T11:38:41.125+0000] {spark_submit.py:634} INFO - 24/12/09 11:38:41 INFO SparkContext: Created broadcast 1 from broadcast at DAGScheduler.scala:1585
[2024-12-09T11:38:41.127+0000] {spark_submit.py:634} INFO - 24/12/09 11:38:41 INFO DAGScheduler: Submitting 2 missing tasks from ResultStage 1 (ShuffledRDD[3] at reduceByKey at wordcount.scala:12) (first 15 tasks are for partitions Vector(0, 1))
[2024-12-09T11:38:41.128+0000] {spark_submit.py:634} INFO - 24/12/09 11:38:41 INFO TaskSchedulerImpl: Adding task set 1.0 with 2 tasks resource profile 0
[2024-12-09T11:38:41.136+0000] {spark_submit.py:634} INFO - 24/12/09 11:38:41 INFO TaskSetManager: Starting task 0.0 in stage 1.0 (TID 2) (172.18.0.7, executor 0, partition 0, NODE_LOCAL, 9003 bytes)
[2024-12-09T11:38:41.138+0000] {spark_submit.py:634} INFO - 24/12/09 11:38:41 INFO TaskSetManager: Starting task 1.0 in stage 1.0 (TID 3) (172.18.0.7, executor 0, partition 1, NODE_LOCAL, 9003 bytes)
[2024-12-09T11:38:41.171+0000] {spark_submit.py:634} INFO - 24/12/09 11:38:41 INFO BlockManagerInfo: Added broadcast_1_piece0 in memory on 172.18.0.7:36403 (size: 3.1 KiB, free: 434.4 MiB)
[2024-12-09T11:38:41.241+0000] {spark_submit.py:634} INFO - 24/12/09 11:38:41 INFO MapOutputTrackerMasterEndpoint: Asked to send map output locations for shuffle 0 to 172.18.0.7:55832
[2024-12-09T11:38:41.311+0000] {spark_submit.py:634} INFO - 24/12/09 11:38:41 INFO BlockManagerInfo: Removed broadcast_0_piece0 on 2a892a3469ec:39539 in memory (size: 3.2 KiB, free: 434.4 MiB)
[2024-12-09T11:38:41.318+0000] {spark_submit.py:634} INFO - 24/12/09 11:38:41 INFO BlockManagerInfo: Removed broadcast_0_piece0 on 172.18.0.7:36403 in memory (size: 3.2 KiB, free: 434.4 MiB)
[2024-12-09T11:38:41.443+0000] {spark_submit.py:634} INFO - 24/12/09 11:38:41 INFO TaskSetManager: Finished task 1.0 in stage 1.0 (TID 3) in 306 ms on 172.18.0.7 (executor 0) (1/2)
[2024-12-09T11:38:41.445+0000] {spark_submit.py:634} INFO - 24/12/09 11:38:41 INFO TaskSetManager: Finished task 0.0 in stage 1.0 (TID 2) in 314 ms on 172.18.0.7 (executor 0) (2/2)
[2024-12-09T11:38:41.446+0000] {spark_submit.py:634} INFO - 24/12/09 11:38:41 INFO TaskSchedulerImpl: Removed TaskSet 1.0, whose tasks have all completed, from pool
[2024-12-09T11:38:41.450+0000] {spark_submit.py:634} INFO - 24/12/09 11:38:41 INFO DAGScheduler: ResultStage 1 (collect at wordcount.scala:14) finished in 0.333 s
[2024-12-09T11:38:41.453+0000] {spark_submit.py:634} INFO - 24/12/09 11:38:41 INFO DAGScheduler: Job 0 is finished. Cancelling potential speculative or zombie tasks for this job
[2024-12-09T11:38:41.453+0000] {spark_submit.py:634} INFO - 24/12/09 11:38:41 INFO TaskSchedulerImpl: Killing all running tasks in stage 1: Stage finished
[2024-12-09T11:38:41.456+0000] {spark_submit.py:634} INFO - 24/12/09 11:38:41 INFO DAGScheduler: Job 0 finished: collect at wordcount.scala:14, took 4.027240 s
[2024-12-09T11:38:41.462+0000] {spark_submit.py:634} INFO - (Hello,5)
[2024-12-09T11:38:41.463+0000] {spark_submit.py:634} INFO - (Yusuf,1)
[2024-12-09T11:38:41.464+0000] {spark_submit.py:634} INFO - (World,1)
[2024-12-09T11:38:41.464+0000] {spark_submit.py:634} INFO - (Scala,1)
[2024-12-09T11:38:41.464+0000] {spark_submit.py:634} INFO - (Docker,1)
[2024-12-09T11:38:41.465+0000] {spark_submit.py:634} INFO - (spark,1)
[2024-12-09T11:38:41.465+0000] {spark_submit.py:634} INFO - 24/12/09 11:38:41 INFO SparkContext: SparkContext is stopping with exitCode 0.
[2024-12-09T11:38:41.474+0000] {spark_submit.py:634} INFO - 24/12/09 11:38:41 INFO SparkUI: Stopped Spark web UI at http://2a892a3469ec:4041
[2024-12-09T11:38:41.477+0000] {spark_submit.py:634} INFO - 24/12/09 11:38:41 INFO StandaloneSchedulerBackend: Shutting down all executors
[2024-12-09T11:38:41.478+0000] {spark_submit.py:634} INFO - 24/12/09 11:38:41 INFO StandaloneSchedulerBackend$StandaloneDriverEndpoint: Asking each executor to shut down
[2024-12-09T11:38:41.532+0000] {spark_submit.py:634} INFO - 24/12/09 11:38:41 INFO MapOutputTrackerMasterEndpoint: MapOutputTrackerMasterEndpoint stopped!
[2024-12-09T11:38:41.568+0000] {spark_submit.py:634} INFO - 24/12/09 11:38:41 INFO MemoryStore: MemoryStore cleared
[2024-12-09T11:38:41.570+0000] {spark_submit.py:634} INFO - 24/12/09 11:38:41 INFO BlockManager: BlockManager stopped
[2024-12-09T11:38:41.578+0000] {spark_submit.py:634} INFO - 24/12/09 11:38:41 INFO BlockManagerMaster: BlockManagerMaster stopped
[2024-12-09T11:38:41.614+0000] {spark_submit.py:634} INFO - 24/12/09 11:38:41 INFO OutputCommitCoordinator$OutputCommitCoordinatorEndpoint: OutputCommitCoordinator stopped!
[2024-12-09T11:38:41.745+0000] {spark_submit.py:634} INFO - 24/12/09 11:38:41 INFO SparkContext: Successfully stopped SparkContext
[2024-12-09T11:38:41.763+0000] {spark_submit.py:634} INFO - 24/12/09 11:38:41 INFO ShutdownHookManager: Shutdown hook called
[2024-12-09T11:38:41.770+0000] {spark_submit.py:634} INFO - 24/12/09 11:38:41 INFO ShutdownHookManager: Deleting directory /tmp/spark-4598db78-d736-4d76-aa69-9c6033d2880d
[2024-12-09T11:38:41.785+0000] {spark_submit.py:634} INFO - 24/12/09 11:38:41 INFO ShutdownHookManager: Deleting directory /tmp/spark-85318616-6a22-42bd-a12c-41dde6251c11
[2024-12-09T11:38:41.904+0000] {taskinstance.py:340} INFO - ::group::Post task execution logs
[2024-12-09T11:38:41.905+0000] {taskinstance.py:352} INFO - Marking task as SUCCESS. dag_id=sparking_flow, task_id=scala_job, run_id=manual__2024-12-09T11:38:28.738086+00:00, execution_date=20241209T113828, start_date=20241209T113831, end_date=20241209T113841
[2024-12-09T11:38:41.952+0000] {local_task_job_runner.py:266} INFO - Task exited with return code 0
[2024-12-09T11:38:42.004+0000] {taskinstance.py:3895} INFO - 0 downstream tasks scheduled from follow-on schedule check
[2024-12-09T11:38:42.007+0000] {local_task_job_runner.py:245} INFO - ::endgroup::
