[2024-12-08T14:21:24.582+0000] {local_task_job_runner.py:123} INFO - ::group::Pre task execution logs
[2024-12-08T14:21:24.600+0000] {taskinstance.py:2613} INFO - Dependencies all met for dep_context=non-requeueable deps ti=<TaskInstance: sparking_flow.java_job manual__2024-12-08T14:21:22.722295+00:00 [queued]>
[2024-12-08T14:21:24.610+0000] {taskinstance.py:2613} INFO - Dependencies all met for dep_context=requeueable deps ti=<TaskInstance: sparking_flow.java_job manual__2024-12-08T14:21:22.722295+00:00 [queued]>
[2024-12-08T14:21:24.611+0000] {taskinstance.py:2866} INFO - Starting attempt 1 of 1
[2024-12-08T14:21:24.620+0000] {taskinstance.py:2889} INFO - Executing <Task(SparkSubmitOperator): java_job> on 2024-12-08 14:21:22.722295+00:00
[2024-12-08T14:21:24.629+0000] {logging_mixin.py:190} WARNING - /home/***/.local/lib/python3.12/site-packages/***/task/task_runner/standard_task_runner.py:70 DeprecationWarning: This process (pid=187) is multi-threaded, use of fork() may lead to deadlocks in the child.
[2024-12-08T14:21:24.631+0000] {standard_task_runner.py:72} INFO - Started process 188 to run task
[2024-12-08T14:21:24.630+0000] {standard_task_runner.py:104} INFO - Running: ['***', 'tasks', 'run', 'sparking_flow', 'java_job', 'manual__2024-12-08T14:21:22.722295+00:00', '--job-id', '150', '--raw', '--subdir', 'DAGS_FOLDER/spark_***.py', '--cfg-path', '/tmp/tmpdv2rxe5m']
[2024-12-08T14:21:24.634+0000] {standard_task_runner.py:105} INFO - Job 150: Subtask java_job
[2024-12-08T14:21:24.685+0000] {task_command.py:467} INFO - Running <TaskInstance: sparking_flow.java_job manual__2024-12-08T14:21:22.722295+00:00 [running]> on host 2a892a3469ec
[2024-12-08T14:21:24.757+0000] {taskinstance.py:3132} INFO - Exporting env vars: AIRFLOW_CTX_DAG_OWNER='Yusuf Ganiyu' AIRFLOW_CTX_DAG_ID='sparking_flow' AIRFLOW_CTX_TASK_ID='java_job' AIRFLOW_CTX_EXECUTION_DATE='2024-12-08T14:21:22.722295+00:00' AIRFLOW_CTX_TRY_NUMBER='1' AIRFLOW_CTX_DAG_RUN_ID='manual__2024-12-08T14:21:22.722295+00:00'
[2024-12-08T14:21:24.757+0000] {taskinstance.py:731} INFO - ::endgroup::
[2024-12-08T14:21:24.778+0000] {base.py:84} INFO - Retrieving connection 'spark-conn'
[2024-12-08T14:21:24.779+0000] {spark_submit.py:473} INFO - Spark-Submit cmd: spark-submit --master spark://sparkingflow-spark-master-1:7077 --name arrow-spark --class com.airscholar.spark.WordCountJob --deploy-mode client jobs/java/spark-job/target/spark-job-1.0-SNAPSHOT.jar
[2024-12-08T14:21:29.424+0000] {spark_submit.py:634} INFO - 24/12/08 14:21:29 INFO SparkContext: Running Spark version 3.5.3
[2024-12-08T14:21:29.439+0000] {spark_submit.py:634} INFO - 24/12/08 14:21:29 INFO SparkContext: OS info Linux, 6.10.14-linuxkit, aarch64
[2024-12-08T14:21:29.443+0000] {spark_submit.py:634} INFO - 24/12/08 14:21:29 INFO SparkContext: Java version 17.0.13
[2024-12-08T14:21:29.576+0000] {spark_submit.py:634} INFO - 24/12/08 14:21:29 WARN NativeCodeLoader: Unable to load native-hadoop library for your platform... using builtin-java classes where applicable
[2024-12-08T14:21:29.827+0000] {spark_submit.py:634} INFO - 24/12/08 14:21:29 INFO ResourceUtils: ==============================================================
[2024-12-08T14:21:29.829+0000] {spark_submit.py:634} INFO - 24/12/08 14:21:29 INFO ResourceUtils: No custom resources configured for spark.driver.
[2024-12-08T14:21:29.834+0000] {spark_submit.py:634} INFO - 24/12/08 14:21:29 INFO ResourceUtils: ==============================================================
[2024-12-08T14:21:29.841+0000] {spark_submit.py:634} INFO - 24/12/08 14:21:29 INFO SparkContext: Submitted application: Word Count Job
[2024-12-08T14:21:29.880+0000] {spark_submit.py:634} INFO - 24/12/08 14:21:29 INFO ResourceProfile: Default ResourceProfile created, executor resources: Map(cores -> name: cores, amount: 1, script: , vendor: , memory -> name: memory, amount: 1024, script: , vendor: , offHeap -> name: offHeap, amount: 0, script: , vendor: ), task resources: Map(cpus -> name: cpus, amount: 1.0)
[2024-12-08T14:21:29.892+0000] {spark_submit.py:634} INFO - 24/12/08 14:21:29 INFO ResourceProfile: Limiting resource is cpu
[2024-12-08T14:21:29.896+0000] {spark_submit.py:634} INFO - 24/12/08 14:21:29 INFO ResourceProfileManager: Added ResourceProfile id: 0
[2024-12-08T14:21:29.979+0000] {spark_submit.py:634} INFO - 24/12/08 14:21:29 INFO SecurityManager: Changing view acls to: ***
[2024-12-08T14:21:29.980+0000] {spark_submit.py:634} INFO - 24/12/08 14:21:29 INFO SecurityManager: Changing modify acls to: ***
[2024-12-08T14:21:29.981+0000] {spark_submit.py:634} INFO - 24/12/08 14:21:29 INFO SecurityManager: Changing view acls groups to:
[2024-12-08T14:21:29.982+0000] {spark_submit.py:634} INFO - 24/12/08 14:21:29 INFO SecurityManager: Changing modify acls groups to:
[2024-12-08T14:21:29.982+0000] {spark_submit.py:634} INFO - 24/12/08 14:21:29 INFO SecurityManager: SecurityManager: authentication disabled; ui acls disabled; users with view permissions: ***; groups with view permissions: EMPTY; users with modify permissions: ***; groups with modify permissions: EMPTY
[2024-12-08T14:21:30.274+0000] {spark_submit.py:634} INFO - 24/12/08 14:21:30 INFO Utils: Successfully started service 'sparkDriver' on port 46175.
[2024-12-08T14:21:30.310+0000] {spark_submit.py:634} INFO - 24/12/08 14:21:30 INFO SparkEnv: Registering MapOutputTracker
[2024-12-08T14:21:30.383+0000] {spark_submit.py:634} INFO - 24/12/08 14:21:30 INFO SparkEnv: Registering BlockManagerMaster
[2024-12-08T14:21:30.417+0000] {spark_submit.py:634} INFO - 24/12/08 14:21:30 INFO BlockManagerMasterEndpoint: Using org.apache.spark.storage.DefaultTopologyMapper for getting topology information
[2024-12-08T14:21:30.425+0000] {spark_submit.py:634} INFO - 24/12/08 14:21:30 INFO BlockManagerMasterEndpoint: BlockManagerMasterEndpoint up
[2024-12-08T14:21:30.434+0000] {spark_submit.py:634} INFO - 24/12/08 14:21:30 INFO SparkEnv: Registering BlockManagerMasterHeartbeat
[2024-12-08T14:21:30.494+0000] {spark_submit.py:634} INFO - 24/12/08 14:21:30 INFO DiskBlockManager: Created local directory at /tmp/blockmgr-a8c353c4-f9ee-4666-8c1a-cddcf3763045
[2024-12-08T14:21:30.518+0000] {spark_submit.py:634} INFO - 24/12/08 14:21:30 INFO MemoryStore: MemoryStore started with capacity 434.4 MiB
[2024-12-08T14:21:30.576+0000] {spark_submit.py:634} INFO - 24/12/08 14:21:30 INFO SparkEnv: Registering OutputCommitCoordinator
[2024-12-08T14:21:30.781+0000] {spark_submit.py:634} INFO - 24/12/08 14:21:30 INFO JettyUtils: Start Jetty 0.0.0.0:4040 for SparkUI
[2024-12-08T14:21:30.849+0000] {spark_submit.py:634} INFO - 24/12/08 14:21:30 INFO Utils: Successfully started service 'SparkUI' on port 4040.
[2024-12-08T14:21:30.890+0000] {spark_submit.py:634} INFO - 24/12/08 14:21:30 INFO SparkContext: Added JAR file:/opt/***/jobs/java/spark-job/target/spark-job-1.0-SNAPSHOT.jar at spark://2a892a3469ec:46175/jars/spark-job-1.0-SNAPSHOT.jar with timestamp 1733667689398
[2024-12-08T14:21:30.970+0000] {spark_submit.py:634} INFO - 24/12/08 14:21:30 INFO Executor: Starting executor ID driver on host 2a892a3469ec
[2024-12-08T14:21:30.971+0000] {spark_submit.py:634} INFO - 24/12/08 14:21:30 INFO Executor: OS info Linux, 6.10.14-linuxkit, aarch64
[2024-12-08T14:21:30.971+0000] {spark_submit.py:634} INFO - 24/12/08 14:21:30 INFO Executor: Java version 17.0.13
[2024-12-08T14:21:30.978+0000] {spark_submit.py:634} INFO - 24/12/08 14:21:30 INFO Executor: Starting executor with user classpath (userClassPathFirst = false): ''
[2024-12-08T14:21:30.979+0000] {spark_submit.py:634} INFO - 24/12/08 14:21:30 INFO Executor: Created or updated repl class loader org.apache.spark.util.MutableURLClassLoader@63d5874f for default.
[2024-12-08T14:21:31.021+0000] {spark_submit.py:634} INFO - 24/12/08 14:21:31 INFO Executor: Fetching spark://2a892a3469ec:46175/jars/spark-job-1.0-SNAPSHOT.jar with timestamp 1733667689398
[2024-12-08T14:21:31.087+0000] {spark_submit.py:634} INFO - 24/12/08 14:21:31 INFO TransportClientFactory: Successfully created connection to 2a892a3469ec/172.18.0.4:46175 after 31 ms (0 ms spent in bootstraps)
[2024-12-08T14:21:31.092+0000] {spark_submit.py:634} INFO - 24/12/08 14:21:31 INFO Utils: Fetching spark://2a892a3469ec:46175/jars/spark-job-1.0-SNAPSHOT.jar to /tmp/spark-3c7b6a7a-6f43-44b0-882a-eeb6734e0a21/userFiles-3819d87a-4dc7-449b-b55d-7da2de6ae144/fetchFileTemp3854365126605026657.tmp
[2024-12-08T14:21:31.131+0000] {spark_submit.py:634} INFO - 24/12/08 14:21:31 INFO Executor: Adding file:/tmp/spark-3c7b6a7a-6f43-44b0-882a-eeb6734e0a21/userFiles-3819d87a-4dc7-449b-b55d-7da2de6ae144/spark-job-1.0-SNAPSHOT.jar to class loader default
[2024-12-08T14:21:31.140+0000] {spark_submit.py:634} INFO - 24/12/08 14:21:31 INFO Utils: Successfully started service 'org.apache.spark.network.netty.NettyBlockTransferService' on port 41119.
[2024-12-08T14:21:31.148+0000] {spark_submit.py:634} INFO - 24/12/08 14:21:31 INFO NettyBlockTransferService: Server created on 2a892a3469ec:41119
[2024-12-08T14:21:31.149+0000] {spark_submit.py:634} INFO - 24/12/08 14:21:31 INFO BlockManager: Using org.apache.spark.storage.RandomBlockReplicationPolicy for block replication policy
[2024-12-08T14:21:31.152+0000] {spark_submit.py:634} INFO - 24/12/08 14:21:31 INFO BlockManagerMaster: Registering BlockManager BlockManagerId(driver, 2a892a3469ec, 41119, None)
[2024-12-08T14:21:31.157+0000] {spark_submit.py:634} INFO - 24/12/08 14:21:31 INFO BlockManagerMasterEndpoint: Registering block manager 2a892a3469ec:41119 with 434.4 MiB RAM, BlockManagerId(driver, 2a892a3469ec, 41119, None)
[2024-12-08T14:21:31.164+0000] {spark_submit.py:634} INFO - 24/12/08 14:21:31 INFO BlockManagerMaster: Registered BlockManager BlockManagerId(driver, 2a892a3469ec, 41119, None)
[2024-12-08T14:21:31.167+0000] {spark_submit.py:634} INFO - 24/12/08 14:21:31 INFO BlockManager: Initialized BlockManager: BlockManagerId(driver, 2a892a3469ec, 41119, None)
[2024-12-08T14:21:32.216+0000] {spark_submit.py:634} INFO - 24/12/08 14:21:32 INFO SparkContext: Starting job: collect at WordCountJob.java:37
[2024-12-08T14:21:32.286+0000] {spark_submit.py:634} INFO - 24/12/08 14:21:32 INFO DAGScheduler: Registering RDD 2 (mapToPair at WordCountJob.java:33) as input to shuffle 0
[2024-12-08T14:21:32.298+0000] {spark_submit.py:634} INFO - 24/12/08 14:21:32 INFO DAGScheduler: Got job 0 (collect at WordCountJob.java:37) with 1 output partitions
[2024-12-08T14:21:32.300+0000] {spark_submit.py:634} INFO - 24/12/08 14:21:32 INFO DAGScheduler: Final stage: ResultStage 1 (collect at WordCountJob.java:37)
[2024-12-08T14:21:32.305+0000] {spark_submit.py:634} INFO - 24/12/08 14:21:32 INFO DAGScheduler: Parents of final stage: List(ShuffleMapStage 0)
[2024-12-08T14:21:32.305+0000] {spark_submit.py:634} INFO - 24/12/08 14:21:32 INFO DAGScheduler: Missing parents: List(ShuffleMapStage 0)
[2024-12-08T14:21:32.314+0000] {spark_submit.py:634} INFO - 24/12/08 14:21:32 INFO DAGScheduler: Submitting ShuffleMapStage 0 (MapPartitionsRDD[2] at mapToPair at WordCountJob.java:33), which has no missing parents
[2024-12-08T14:21:32.508+0000] {spark_submit.py:634} INFO - 24/12/08 14:21:32 INFO MemoryStore: Block broadcast_0 stored as values in memory (estimated size 6.4 KiB, free 434.4 MiB)
[2024-12-08T14:21:32.585+0000] {spark_submit.py:634} INFO - 24/12/08 14:21:32 INFO MemoryStore: Block broadcast_0_piece0 stored as bytes in memory (estimated size 3.4 KiB, free 434.4 MiB)
[2024-12-08T14:21:32.590+0000] {spark_submit.py:634} INFO - 24/12/08 14:21:32 INFO BlockManagerInfo: Added broadcast_0_piece0 in memory on 2a892a3469ec:41119 (size: 3.4 KiB, free: 434.4 MiB)
[2024-12-08T14:21:32.594+0000] {spark_submit.py:634} INFO - 24/12/08 14:21:32 INFO SparkContext: Created broadcast 0 from broadcast at DAGScheduler.scala:1585
[2024-12-08T14:21:32.617+0000] {spark_submit.py:634} INFO - 24/12/08 14:21:32 INFO DAGScheduler: Submitting 1 missing tasks from ShuffleMapStage 0 (MapPartitionsRDD[2] at mapToPair at WordCountJob.java:33) (first 15 tasks are for partitions Vector(0))
[2024-12-08T14:21:32.618+0000] {spark_submit.py:634} INFO - 24/12/08 14:21:32 INFO TaskSchedulerImpl: Adding task set 0.0 with 1 tasks resource profile 0
[2024-12-08T14:21:32.717+0000] {spark_submit.py:634} INFO - 24/12/08 14:21:32 INFO TaskSetManager: Starting task 0.0 in stage 0.0 (TID 0) (2a892a3469ec, executor driver, partition 0, PROCESS_LOCAL, 9249 bytes)
[2024-12-08T14:21:32.742+0000] {spark_submit.py:634} INFO - 24/12/08 14:21:32 INFO Executor: Running task 0.0 in stage 0.0 (TID 0)
[2024-12-08T14:21:32.980+0000] {spark_submit.py:634} INFO - 24/12/08 14:21:32 INFO Executor: Finished task 0.0 in stage 0.0 (TID 0). 1216 bytes result sent to driver
[2024-12-08T14:21:33.000+0000] {spark_submit.py:634} INFO - 24/12/08 14:21:32 INFO TaskSetManager: Finished task 0.0 in stage 0.0 (TID 0) in 319 ms on 2a892a3469ec (executor driver) (1/1)
[2024-12-08T14:21:33.002+0000] {spark_submit.py:634} INFO - 24/12/08 14:21:33 INFO TaskSchedulerImpl: Removed TaskSet 0.0, whose tasks have all completed, from pool
[2024-12-08T14:21:33.019+0000] {spark_submit.py:634} INFO - 24/12/08 14:21:33 INFO DAGScheduler: ShuffleMapStage 0 (mapToPair at WordCountJob.java:33) finished in 0.674 s
[2024-12-08T14:21:33.021+0000] {spark_submit.py:634} INFO - 24/12/08 14:21:33 INFO DAGScheduler: looking for newly runnable stages
[2024-12-08T14:21:33.025+0000] {spark_submit.py:634} INFO - 24/12/08 14:21:33 INFO DAGScheduler: running: Set()
[2024-12-08T14:21:33.031+0000] {spark_submit.py:634} INFO - 24/12/08 14:21:33 INFO DAGScheduler: waiting: Set(ResultStage 1)
[2024-12-08T14:21:33.032+0000] {spark_submit.py:634} INFO - 24/12/08 14:21:33 INFO DAGScheduler: failed: Set()
[2024-12-08T14:21:33.032+0000] {spark_submit.py:634} INFO - 24/12/08 14:21:33 INFO DAGScheduler: Submitting ResultStage 1 (ShuffledRDD[3] at reduceByKey at WordCountJob.java:34), which has no missing parents
[2024-12-08T14:21:33.052+0000] {spark_submit.py:634} INFO - 24/12/08 14:21:33 INFO MemoryStore: Block broadcast_1 stored as values in memory (estimated size 5.2 KiB, free 434.4 MiB)
[2024-12-08T14:21:33.071+0000] {spark_submit.py:634} INFO - 24/12/08 14:21:33 INFO MemoryStore: Block broadcast_1_piece0 stored as bytes in memory (estimated size 2.9 KiB, free 434.4 MiB)
[2024-12-08T14:21:33.072+0000] {spark_submit.py:634} INFO - 24/12/08 14:21:33 INFO BlockManagerInfo: Added broadcast_1_piece0 in memory on 2a892a3469ec:41119 (size: 2.9 KiB, free: 434.4 MiB)
[2024-12-08T14:21:33.075+0000] {spark_submit.py:634} INFO - 24/12/08 14:21:33 INFO SparkContext: Created broadcast 1 from broadcast at DAGScheduler.scala:1585
[2024-12-08T14:21:33.080+0000] {spark_submit.py:634} INFO - 24/12/08 14:21:33 INFO DAGScheduler: Submitting 1 missing tasks from ResultStage 1 (ShuffledRDD[3] at reduceByKey at WordCountJob.java:34) (first 15 tasks are for partitions Vector(0))
[2024-12-08T14:21:33.081+0000] {spark_submit.py:634} INFO - 24/12/08 14:21:33 INFO TaskSchedulerImpl: Adding task set 1.0 with 1 tasks resource profile 0
[2024-12-08T14:21:33.097+0000] {spark_submit.py:634} INFO - 24/12/08 14:21:33 INFO TaskSetManager: Starting task 0.0 in stage 1.0 (TID 1) (2a892a3469ec, executor driver, partition 0, NODE_LOCAL, 9002 bytes)
[2024-12-08T14:21:33.098+0000] {spark_submit.py:634} INFO - 24/12/08 14:21:33 INFO Executor: Running task 0.0 in stage 1.0 (TID 1)
[2024-12-08T14:21:33.164+0000] {spark_submit.py:634} INFO - 24/12/08 14:21:33 INFO ShuffleBlockFetcherIterator: Getting 1 (189.0 B) non-empty blocks including 1 (189.0 B) local and 0 (0.0 B) host-local and 0 (0.0 B) push-merged-local and 0 (0.0 B) remote blocks
[2024-12-08T14:21:33.168+0000] {spark_submit.py:634} INFO - 24/12/08 14:21:33 INFO ShuffleBlockFetcherIterator: Started 0 remote fetches in 13 ms
[2024-12-08T14:21:33.195+0000] {spark_submit.py:634} INFO - 24/12/08 14:21:33 INFO Executor: Finished task 0.0 in stage 1.0 (TID 1). 1958 bytes result sent to driver
[2024-12-08T14:21:33.204+0000] {spark_submit.py:634} INFO - 24/12/08 14:21:33 INFO TaskSetManager: Finished task 0.0 in stage 1.0 (TID 1) in 114 ms on 2a892a3469ec (executor driver) (1/1)
[2024-12-08T14:21:33.207+0000] {spark_submit.py:634} INFO - 24/12/08 14:21:33 INFO TaskSchedulerImpl: Removed TaskSet 1.0, whose tasks have all completed, from pool
[2024-12-08T14:21:33.210+0000] {spark_submit.py:634} INFO - 24/12/08 14:21:33 INFO DAGScheduler: ResultStage 1 (collect at WordCountJob.java:37) finished in 0.164 s
[2024-12-08T14:21:33.217+0000] {spark_submit.py:634} INFO - 24/12/08 14:21:33 INFO DAGScheduler: Job 0 is finished. Cancelling potential speculative or zombie tasks for this job
[2024-12-08T14:21:33.219+0000] {spark_submit.py:634} INFO - 24/12/08 14:21:33 INFO TaskSchedulerImpl: Killing all running tasks in stage 1: Stage finished
[2024-12-08T14:21:33.226+0000] {spark_submit.py:634} INFO - 24/12/08 14:21:33 INFO DAGScheduler: Job 0 finished: collect at WordCountJob.java:37, took 1.011450 s
[2024-12-08T14:21:33.230+0000] {spark_submit.py:634} INFO - spark: 1
[2024-12-08T14:21:33.238+0000] {spark_submit.py:634} INFO - docker: 1
[2024-12-08T14:21:33.241+0000] {spark_submit.py:634} INFO - Yusuf: 1
[2024-12-08T14:21:33.242+0000] {spark_submit.py:634} INFO - hello: 5
[2024-12-08T14:21:33.243+0000] {spark_submit.py:634} INFO - java: 1
[2024-12-08T14:21:33.247+0000] {spark_submit.py:634} INFO - world: 1
[2024-12-08T14:21:33.249+0000] {spark_submit.py:634} INFO - 24/12/08 14:21:33 INFO SparkContext: SparkContext is stopping with exitCode 0.
[2024-12-08T14:21:33.258+0000] {spark_submit.py:634} INFO - 24/12/08 14:21:33 INFO SparkUI: Stopped Spark web UI at http://2a892a3469ec:4040
[2024-12-08T14:21:33.280+0000] {spark_submit.py:634} INFO - 24/12/08 14:21:33 INFO MapOutputTrackerMasterEndpoint: MapOutputTrackerMasterEndpoint stopped!
[2024-12-08T14:21:33.304+0000] {spark_submit.py:634} INFO - 24/12/08 14:21:33 INFO MemoryStore: MemoryStore cleared
[2024-12-08T14:21:33.304+0000] {spark_submit.py:634} INFO - 24/12/08 14:21:33 INFO BlockManager: BlockManager stopped
[2024-12-08T14:21:33.312+0000] {spark_submit.py:634} INFO - 24/12/08 14:21:33 INFO BlockManagerMaster: BlockManagerMaster stopped
[2024-12-08T14:21:33.315+0000] {spark_submit.py:634} INFO - 24/12/08 14:21:33 INFO OutputCommitCoordinator$OutputCommitCoordinatorEndpoint: OutputCommitCoordinator stopped!
[2024-12-08T14:21:33.328+0000] {spark_submit.py:634} INFO - 24/12/08 14:21:33 INFO SparkContext: Successfully stopped SparkContext
[2024-12-08T14:21:33.332+0000] {spark_submit.py:634} INFO - 24/12/08 14:21:33 INFO ShutdownHookManager: Shutdown hook called
[2024-12-08T14:21:33.333+0000] {spark_submit.py:634} INFO - 24/12/08 14:21:33 INFO ShutdownHookManager: Deleting directory /tmp/spark-3c7b6a7a-6f43-44b0-882a-eeb6734e0a21
[2024-12-08T14:21:33.340+0000] {spark_submit.py:634} INFO - 24/12/08 14:21:33 INFO ShutdownHookManager: Deleting directory /tmp/spark-0273aff2-0723-470b-ab84-f913ca49bb29
[2024-12-08T14:21:33.466+0000] {taskinstance.py:340} INFO - ::group::Post task execution logs
[2024-12-08T14:21:33.468+0000] {taskinstance.py:352} INFO - Marking task as SUCCESS. dag_id=sparking_flow, task_id=java_job, run_id=manual__2024-12-08T14:21:22.722295+00:00, execution_date=20241208T142122, start_date=20241208T142124, end_date=20241208T142133
[2024-12-08T14:21:33.561+0000] {local_task_job_runner.py:266} INFO - Task exited with return code 0
[2024-12-08T14:21:33.644+0000] {taskinstance.py:3895} INFO - 0 downstream tasks scheduled from follow-on schedule check
[2024-12-08T14:21:33.651+0000] {local_task_job_runner.py:245} INFO - ::endgroup::
