[2024-12-09T13:00:48.498+0000] {local_task_job_runner.py:123} INFO - ::group::Pre task execution logs
[2024-12-09T13:00:48.513+0000] {taskinstance.py:2613} INFO - Dependencies all met for dep_context=non-requeueable deps ti=<TaskInstance: sparking_flow.python_job manual__2024-12-09T13:00:47.038384+00:00 [queued]>
[2024-12-09T13:00:48.520+0000] {taskinstance.py:2613} INFO - Dependencies all met for dep_context=requeueable deps ti=<TaskInstance: sparking_flow.python_job manual__2024-12-09T13:00:47.038384+00:00 [queued]>
[2024-12-09T13:00:48.520+0000] {taskinstance.py:2866} INFO - Starting attempt 1 of 1
[2024-12-09T13:00:48.533+0000] {taskinstance.py:2889} INFO - Executing <Task(SparkSubmitOperator): python_job> on 2024-12-09 13:00:47.038384+00:00
[2024-12-09T13:00:48.544+0000] {standard_task_runner.py:104} INFO - Running: ['***', 'tasks', 'run', 'sparking_flow', 'python_job', 'manual__2024-12-09T13:00:47.038384+00:00', '--job-id', '456', '--raw', '--subdir', 'DAGS_FOLDER/spark_***.py', '--cfg-path', '/tmp/tmpcloz2kvc']
[2024-12-09T13:00:48.547+0000] {logging_mixin.py:190} WARNING - /home/***/.local/lib/python3.12/site-packages/***/task/task_runner/standard_task_runner.py:70 DeprecationWarning: This process (pid=184) is multi-threaded, use of fork() may lead to deadlocks in the child.
[2024-12-09T13:00:48.548+0000] {standard_task_runner.py:105} INFO - Job 456: Subtask python_job
[2024-12-09T13:00:48.549+0000] {standard_task_runner.py:72} INFO - Started process 190 to run task
[2024-12-09T13:00:48.636+0000] {task_command.py:467} INFO - Running <TaskInstance: sparking_flow.python_job manual__2024-12-09T13:00:47.038384+00:00 [running]> on host 2a892a3469ec
[2024-12-09T13:00:48.789+0000] {taskinstance.py:3132} INFO - Exporting env vars: AIRFLOW_CTX_DAG_OWNER='Yusuf Ganiyu' AIRFLOW_CTX_DAG_ID='sparking_flow' AIRFLOW_CTX_TASK_ID='python_job' AIRFLOW_CTX_EXECUTION_DATE='2024-12-09T13:00:47.038384+00:00' AIRFLOW_CTX_TRY_NUMBER='1' AIRFLOW_CTX_DAG_RUN_ID='manual__2024-12-09T13:00:47.038384+00:00'
[2024-12-09T13:00:48.790+0000] {taskinstance.py:731} INFO - ::endgroup::
[2024-12-09T13:00:48.841+0000] {base.py:84} INFO - Retrieving connection 'spark-conn'
[2024-12-09T13:00:48.844+0000] {spark_submit.py:473} INFO - Spark-Submit cmd: spark-submit --master spark://sparkingflow-spark-master-1:7077 --name arrow-spark --deploy-mode client jobs/python/wordcountjob.py
[2024-12-09T13:00:57.155+0000] {spark_submit.py:634} INFO - 24/12/09 13:00:57 INFO SparkContext: Running Spark version 3.5.3
[2024-12-09T13:00:57.160+0000] {spark_submit.py:634} INFO - 24/12/09 13:00:57 INFO SparkContext: OS info Linux, 6.10.14-linuxkit, aarch64
[2024-12-09T13:00:57.165+0000] {spark_submit.py:634} INFO - 24/12/09 13:00:57 INFO SparkContext: Java version 17.0.13
[2024-12-09T13:00:57.311+0000] {spark_submit.py:634} INFO - 24/12/09 13:00:57 WARN NativeCodeLoader: Unable to load native-hadoop library for your platform... using builtin-java classes where applicable
[2024-12-09T13:00:57.569+0000] {spark_submit.py:634} INFO - 24/12/09 13:00:57 INFO ResourceUtils: ==============================================================
[2024-12-09T13:00:57.574+0000] {spark_submit.py:634} INFO - 24/12/09 13:00:57 INFO ResourceUtils: No custom resources configured for spark.driver.
[2024-12-09T13:00:57.575+0000] {spark_submit.py:634} INFO - 24/12/09 13:00:57 INFO ResourceUtils: ==============================================================
[2024-12-09T13:00:57.576+0000] {spark_submit.py:634} INFO - 24/12/09 13:00:57 INFO SparkContext: Submitted application: CSVReadExample
[2024-12-09T13:00:57.624+0000] {spark_submit.py:634} INFO - 24/12/09 13:00:57 INFO ResourceProfile: Default ResourceProfile created, executor resources: Map(memory -> name: memory, amount: 1024, script: , vendor: , offHeap -> name: offHeap, amount: 0, script: , vendor: ), task resources: Map(cpus -> name: cpus, amount: 1.0)
[2024-12-09T13:00:57.640+0000] {spark_submit.py:634} INFO - 24/12/09 13:00:57 INFO ResourceProfile: Limiting resource is cpu
[2024-12-09T13:00:57.642+0000] {spark_submit.py:634} INFO - 24/12/09 13:00:57 INFO ResourceProfileManager: Added ResourceProfile id: 0
[2024-12-09T13:00:57.748+0000] {spark_submit.py:634} INFO - 24/12/09 13:00:57 INFO SecurityManager: Changing view acls to: ***
[2024-12-09T13:00:57.751+0000] {spark_submit.py:634} INFO - 24/12/09 13:00:57 INFO SecurityManager: Changing modify acls to: ***
[2024-12-09T13:00:57.752+0000] {spark_submit.py:634} INFO - 24/12/09 13:00:57 INFO SecurityManager: Changing view acls groups to:
[2024-12-09T13:00:57.752+0000] {spark_submit.py:634} INFO - 24/12/09 13:00:57 INFO SecurityManager: Changing modify acls groups to:
[2024-12-09T13:00:57.754+0000] {spark_submit.py:634} INFO - 24/12/09 13:00:57 INFO SecurityManager: SecurityManager: authentication disabled; ui acls disabled; users with view permissions: ***; groups with view permissions: EMPTY; users with modify permissions: ***; groups with modify permissions: EMPTY
[2024-12-09T13:00:58.445+0000] {spark_submit.py:634} INFO - 24/12/09 13:00:58 INFO Utils: Successfully started service 'sparkDriver' on port 38173.
[2024-12-09T13:00:58.703+0000] {spark_submit.py:634} INFO - 24/12/09 13:00:58 INFO SparkEnv: Registering MapOutputTracker
[2024-12-09T13:00:58.788+0000] {spark_submit.py:634} INFO - 24/12/09 13:00:58 INFO SparkEnv: Registering BlockManagerMaster
[2024-12-09T13:00:58.876+0000] {spark_submit.py:634} INFO - 24/12/09 13:00:58 INFO BlockManagerMasterEndpoint: Using org.apache.spark.storage.DefaultTopologyMapper for getting topology information
[2024-12-09T13:00:58.886+0000] {spark_submit.py:634} INFO - 24/12/09 13:00:58 INFO BlockManagerMasterEndpoint: BlockManagerMasterEndpoint up
[2024-12-09T13:00:58.923+0000] {spark_submit.py:634} INFO - 24/12/09 13:00:58 INFO SparkEnv: Registering BlockManagerMasterHeartbeat
[2024-12-09T13:00:59.036+0000] {spark_submit.py:634} INFO - 24/12/09 13:00:59 INFO DiskBlockManager: Created local directory at /tmp/blockmgr-4170fd3c-5078-40b2-bbe5-de07fb4c6745
[2024-12-09T13:00:59.094+0000] {spark_submit.py:634} INFO - 24/12/09 13:00:59 INFO MemoryStore: MemoryStore started with capacity 434.4 MiB
[2024-12-09T13:00:59.151+0000] {spark_submit.py:634} INFO - 24/12/09 13:00:59 INFO SparkEnv: Registering OutputCommitCoordinator
[2024-12-09T13:00:59.625+0000] {spark_submit.py:634} INFO - 24/12/09 13:00:59 INFO JettyUtils: Start Jetty 0.0.0.0:4040 for SparkUI
[2024-12-09T13:00:59.803+0000] {spark_submit.py:634} INFO - 24/12/09 13:00:59 WARN Utils: Service 'SparkUI' could not bind on port 4040. Attempting port 4041.
[2024-12-09T13:00:59.804+0000] {spark_submit.py:634} INFO - 24/12/09 13:00:59 WARN Utils: Service 'SparkUI' could not bind on port 4041. Attempting port 4042.
[2024-12-09T13:00:59.828+0000] {spark_submit.py:634} INFO - 24/12/09 13:00:59 INFO Utils: Successfully started service 'SparkUI' on port 4042.
[2024-12-09T13:01:00.320+0000] {spark_submit.py:634} INFO - 24/12/09 13:01:00 INFO StandaloneAppClient$ClientEndpoint: Connecting to master spark://sparkingflow-spark-master-1:7077...
[2024-12-09T13:01:00.524+0000] {spark_submit.py:634} INFO - 24/12/09 13:01:00 INFO TransportClientFactory: Successfully created connection to sparkingflow-spark-master-1/172.18.0.5:7077 after 94 ms (0 ms spent in bootstraps)
[2024-12-09T13:01:01.004+0000] {spark_submit.py:634} INFO - 24/12/09 13:01:00 INFO StandaloneSchedulerBackend: Connected to Spark cluster with app ID app-20241209130100-0001
[2024-12-09T13:01:01.030+0000] {spark_submit.py:634} INFO - 24/12/09 13:01:01 INFO Utils: Successfully started service 'org.apache.spark.network.netty.NettyBlockTransferService' on port 33625.
[2024-12-09T13:01:01.033+0000] {spark_submit.py:634} INFO - 24/12/09 13:01:01 INFO NettyBlockTransferService: Server created on 2a892a3469ec:33625
[2024-12-09T13:01:01.034+0000] {spark_submit.py:634} INFO - 24/12/09 13:01:01 INFO BlockManager: Using org.apache.spark.storage.RandomBlockReplicationPolicy for block replication policy
[2024-12-09T13:01:01.051+0000] {spark_submit.py:634} INFO - 24/12/09 13:01:01 INFO BlockManagerMaster: Registering BlockManager BlockManagerId(driver, 2a892a3469ec, 33625, None)
[2024-12-09T13:01:01.079+0000] {spark_submit.py:634} INFO - 24/12/09 13:01:01 INFO BlockManagerMasterEndpoint: Registering block manager 2a892a3469ec:33625 with 434.4 MiB RAM, BlockManagerId(driver, 2a892a3469ec, 33625, None)
[2024-12-09T13:01:01.088+0000] {spark_submit.py:634} INFO - 24/12/09 13:01:01 INFO BlockManagerMaster: Registered BlockManager BlockManagerId(driver, 2a892a3469ec, 33625, None)
[2024-12-09T13:01:01.089+0000] {spark_submit.py:634} INFO - 24/12/09 13:01:01 INFO BlockManager: Initialized BlockManager: BlockManagerId(driver, 2a892a3469ec, 33625, None)
[2024-12-09T13:01:01.638+0000] {spark_submit.py:634} INFO - 24/12/09 13:01:01 INFO StandaloneSchedulerBackend: SchedulerBackend is ready for scheduling beginning after reached minRegisteredResourcesRatio: 0.0
[2024-12-09T13:01:01.927+0000] {spark_submit.py:634} INFO - file_path /temp/data/test1234.csv
[2024-12-09T13:01:01.928+0000] {spark_submit.py:634} INFO - False
[2024-12-09T13:01:02.012+0000] {spark_submit.py:634} INFO - 24/12/09 13:01:02 INFO SharedState: Setting hive.metastore.warehouse.dir ('null') to the value of spark.sql.warehouse.dir.
[2024-12-09T13:01:02.023+0000] {spark_submit.py:634} INFO - 24/12/09 13:01:02 INFO SharedState: Warehouse path is 'file:/opt/***/spark-warehouse'.
[2024-12-09T13:01:04.238+0000] {spark_submit.py:634} INFO - Traceback (most recent call last):
[2024-12-09T13:01:04.245+0000] {spark_submit.py:634} INFO - File "/opt/***/jobs/python/wordcountjob.py", line 51, in <module>
[2024-12-09T13:01:04.248+0000] {spark_submit.py:634} INFO - df = spark.read.format("csv").option("header","false").load('file:////temp/data/test1234.csv')
[2024-12-09T13:01:04.249+0000] {spark_submit.py:634} INFO - ^^^^^^^^^^^^^^^^^^^^^^^^^^^^^^^^^^^^^^^^^^^^^^^^^^^^^^^^^^^^^^^^^^^^^^^^^^^^^^^^^^^^^^^^^
[2024-12-09T13:01:04.250+0000] {spark_submit.py:634} INFO - File "/home/***/.local/lib/python3.12/site-packages/pyspark/python/lib/pyspark.zip/pyspark/sql/readwriter.py", line 307, in load
[2024-12-09T13:01:04.251+0000] {spark_submit.py:634} INFO - File "/home/***/.local/lib/python3.12/site-packages/pyspark/python/lib/py4j-0.10.9.7-src.zip/py4j/java_gateway.py", line 1322, in __call__
[2024-12-09T13:01:04.252+0000] {spark_submit.py:634} INFO - File "/home/***/.local/lib/python3.12/site-packages/pyspark/python/lib/pyspark.zip/pyspark/errors/exceptions/captured.py", line 185, in deco
[2024-12-09T13:01:04.262+0000] {spark_submit.py:634} INFO - pyspark.errors.exceptions.captured.AnalysisException: [PATH_NOT_FOUND] Path does not exist: file:/temp/data/test1234.csv.
[2024-12-09T13:01:04.388+0000] {spark_submit.py:634} INFO - 24/12/09 13:01:04 INFO SparkContext: Invoking stop() from shutdown hook
[2024-12-09T13:01:04.389+0000] {spark_submit.py:634} INFO - 24/12/09 13:01:04 INFO SparkContext: SparkContext is stopping with exitCode 0.
[2024-12-09T13:01:04.403+0000] {spark_submit.py:634} INFO - 24/12/09 13:01:04 INFO SparkUI: Stopped Spark web UI at http://2a892a3469ec:4042
[2024-12-09T13:01:04.412+0000] {spark_submit.py:634} INFO - 24/12/09 13:01:04 INFO StandaloneSchedulerBackend: Shutting down all executors
[2024-12-09T13:01:04.418+0000] {spark_submit.py:634} INFO - 24/12/09 13:01:04 INFO StandaloneSchedulerBackend$StandaloneDriverEndpoint: Asking each executor to shut down
[2024-12-09T13:01:04.453+0000] {spark_submit.py:634} INFO - 24/12/09 13:01:04 INFO MapOutputTrackerMasterEndpoint: MapOutputTrackerMasterEndpoint stopped!
[2024-12-09T13:01:04.491+0000] {spark_submit.py:634} INFO - 24/12/09 13:01:04 INFO MemoryStore: MemoryStore cleared
[2024-12-09T13:01:04.493+0000] {spark_submit.py:634} INFO - 24/12/09 13:01:04 INFO BlockManager: BlockManager stopped
[2024-12-09T13:01:04.527+0000] {spark_submit.py:634} INFO - 24/12/09 13:01:04 INFO BlockManagerMaster: BlockManagerMaster stopped
[2024-12-09T13:01:04.531+0000] {spark_submit.py:634} INFO - 24/12/09 13:01:04 INFO OutputCommitCoordinator$OutputCommitCoordinatorEndpoint: OutputCommitCoordinator stopped!
[2024-12-09T13:01:04.572+0000] {spark_submit.py:634} INFO - 24/12/09 13:01:04 INFO SparkContext: Successfully stopped SparkContext
[2024-12-09T13:01:04.575+0000] {spark_submit.py:634} INFO - 24/12/09 13:01:04 INFO ShutdownHookManager: Shutdown hook called
[2024-12-09T13:01:04.577+0000] {spark_submit.py:634} INFO - 24/12/09 13:01:04 INFO ShutdownHookManager: Deleting directory /tmp/spark-3e0a4a4d-1dbd-4103-8a69-cce2ed19d581
[2024-12-09T13:01:04.591+0000] {spark_submit.py:634} INFO - 24/12/09 13:01:04 INFO ShutdownHookManager: Deleting directory /tmp/spark-60db188a-fbde-420e-9c23-af94f822d559
[2024-12-09T13:01:04.607+0000] {spark_submit.py:634} INFO - 24/12/09 13:01:04 INFO ShutdownHookManager: Deleting directory /tmp/spark-60db188a-fbde-420e-9c23-af94f822d559/pyspark-162f41d2-9e51-4ea9-9679-e706ff99e5d1
[2024-12-09T13:01:04.800+0000] {taskinstance.py:3311} ERROR - Task failed with exception
Traceback (most recent call last):
  File "/home/airflow/.local/lib/python3.12/site-packages/airflow/models/taskinstance.py", line 767, in _execute_task
    result = _execute_callable(context=context, **execute_callable_kwargs)
             ^^^^^^^^^^^^^^^^^^^^^^^^^^^^^^^^^^^^^^^^^^^^^^^^^^^^^^^^^^^^^
  File "/home/airflow/.local/lib/python3.12/site-packages/airflow/models/taskinstance.py", line 733, in _execute_callable
    return ExecutionCallableRunner(
           ^^^^^^^^^^^^^^^^^^^^^^^^
  File "/home/airflow/.local/lib/python3.12/site-packages/airflow/utils/operator_helpers.py", line 252, in run
    return self.func(*args, **kwargs)
           ^^^^^^^^^^^^^^^^^^^^^^^^^^
  File "/home/airflow/.local/lib/python3.12/site-packages/airflow/models/baseoperator.py", line 417, in wrapper
    return func(self, *args, **kwargs)
           ^^^^^^^^^^^^^^^^^^^^^^^^^^^
  File "/home/airflow/.local/lib/python3.12/site-packages/airflow/providers/apache/spark/operators/spark_submit.py", line 176, in execute
    self._hook.submit(self.application)
  File "/home/airflow/.local/lib/python3.12/site-packages/airflow/providers/apache/spark/hooks/spark_submit.py", line 560, in submit
    raise AirflowException(
airflow.exceptions.AirflowException: Cannot execute: spark-submit --master spark://sparkingflow-spark-master-1:7077 --name arrow-spark --deploy-mode client jobs/python/wordcountjob.py. Error code is: 1.
[2024-12-09T13:01:04.816+0000] {taskinstance.py:1225} INFO - Marking task as FAILED. dag_id=sparking_flow, task_id=python_job, run_id=manual__2024-12-09T13:00:47.038384+00:00, execution_date=20241209T130047, start_date=20241209T130048, end_date=20241209T130104
[2024-12-09T13:01:04.884+0000] {taskinstance.py:340} INFO - ::group::Post task execution logs
[2024-12-09T13:01:04.885+0000] {standard_task_runner.py:124} ERROR - Failed to execute job 456 for task python_job (Cannot execute: spark-submit --master spark://sparkingflow-spark-master-1:7077 --name arrow-spark --deploy-mode client jobs/python/wordcountjob.py. Error code is: 1.; 190)
Traceback (most recent call last):
  File "/home/airflow/.local/lib/python3.12/site-packages/airflow/task/task_runner/standard_task_runner.py", line 117, in _start_by_fork
    ret = args.func(args, dag=self.dag)
          ^^^^^^^^^^^^^^^^^^^^^^^^^^^^^
  File "/home/airflow/.local/lib/python3.12/site-packages/airflow/cli/cli_config.py", line 49, in command
    return func(*args, **kwargs)
           ^^^^^^^^^^^^^^^^^^^^^
  File "/home/airflow/.local/lib/python3.12/site-packages/airflow/utils/cli.py", line 116, in wrapper
    return f(*args, **kwargs)
           ^^^^^^^^^^^^^^^^^^
  File "/home/airflow/.local/lib/python3.12/site-packages/airflow/cli/commands/task_command.py", line 483, in task_run
    task_return_code = _run_task_by_selected_method(args, _dag, ti)
                       ^^^^^^^^^^^^^^^^^^^^^^^^^^^^^^^^^^^^^^^^^^^^
  File "/home/airflow/.local/lib/python3.12/site-packages/airflow/cli/commands/task_command.py", line 256, in _run_task_by_selected_method
    return _run_raw_task(args, ti)
           ^^^^^^^^^^^^^^^^^^^^^^^
  File "/home/airflow/.local/lib/python3.12/site-packages/airflow/cli/commands/task_command.py", line 341, in _run_raw_task
    return ti._run_raw_task(
           ^^^^^^^^^^^^^^^^^
  File "/home/airflow/.local/lib/python3.12/site-packages/airflow/utils/session.py", line 97, in wrapper
    return func(*args, session=session, **kwargs)
           ^^^^^^^^^^^^^^^^^^^^^^^^^^^^^^^^^^^^^^
  File "/home/airflow/.local/lib/python3.12/site-packages/airflow/models/taskinstance.py", line 3005, in _run_raw_task
    return _run_raw_task(
           ^^^^^^^^^^^^^^
  File "/home/airflow/.local/lib/python3.12/site-packages/airflow/models/taskinstance.py", line 273, in _run_raw_task
    TaskInstance._execute_task_with_callbacks(
  File "/home/airflow/.local/lib/python3.12/site-packages/airflow/models/taskinstance.py", line 3159, in _execute_task_with_callbacks
    result = self._execute_task(context, task_orig)
             ^^^^^^^^^^^^^^^^^^^^^^^^^^^^^^^^^^^^^^
  File "/home/airflow/.local/lib/python3.12/site-packages/airflow/models/taskinstance.py", line 3183, in _execute_task
    return _execute_task(self, context, task_orig)
           ^^^^^^^^^^^^^^^^^^^^^^^^^^^^^^^^^^^^^^^
  File "/home/airflow/.local/lib/python3.12/site-packages/airflow/models/taskinstance.py", line 767, in _execute_task
    result = _execute_callable(context=context, **execute_callable_kwargs)
             ^^^^^^^^^^^^^^^^^^^^^^^^^^^^^^^^^^^^^^^^^^^^^^^^^^^^^^^^^^^^^
  File "/home/airflow/.local/lib/python3.12/site-packages/airflow/models/taskinstance.py", line 733, in _execute_callable
    return ExecutionCallableRunner(
           ^^^^^^^^^^^^^^^^^^^^^^^^
  File "/home/airflow/.local/lib/python3.12/site-packages/airflow/utils/operator_helpers.py", line 252, in run
    return self.func(*args, **kwargs)
           ^^^^^^^^^^^^^^^^^^^^^^^^^^
  File "/home/airflow/.local/lib/python3.12/site-packages/airflow/models/baseoperator.py", line 417, in wrapper
    return func(self, *args, **kwargs)
           ^^^^^^^^^^^^^^^^^^^^^^^^^^^
  File "/home/airflow/.local/lib/python3.12/site-packages/airflow/providers/apache/spark/operators/spark_submit.py", line 176, in execute
    self._hook.submit(self.application)
  File "/home/airflow/.local/lib/python3.12/site-packages/airflow/providers/apache/spark/hooks/spark_submit.py", line 560, in submit
    raise AirflowException(
airflow.exceptions.AirflowException: Cannot execute: spark-submit --master spark://sparkingflow-spark-master-1:7077 --name arrow-spark --deploy-mode client jobs/python/wordcountjob.py. Error code is: 1.
[2024-12-09T13:01:04.937+0000] {local_task_job_runner.py:266} INFO - Task exited with return code 1
[2024-12-09T13:01:05.048+0000] {taskinstance.py:3895} INFO - 0 downstream tasks scheduled from follow-on schedule check
[2024-12-09T13:01:05.065+0000] {local_task_job_runner.py:245} INFO - ::endgroup::
