[2024-12-08T16:58:01.469+0000] {local_task_job_runner.py:123} INFO - ::group::Pre task execution logs
[2024-12-08T16:58:01.488+0000] {taskinstance.py:2613} INFO - Dependencies all met for dep_context=non-requeueable deps ti=<TaskInstance: sparking_flow.java_job manual__2024-12-08T16:57:59.546508+00:00 [queued]>
[2024-12-08T16:58:01.496+0000] {taskinstance.py:2613} INFO - Dependencies all met for dep_context=requeueable deps ti=<TaskInstance: sparking_flow.java_job manual__2024-12-08T16:57:59.546508+00:00 [queued]>
[2024-12-08T16:58:01.497+0000] {taskinstance.py:2866} INFO - Starting attempt 1 of 1
[2024-12-08T16:58:01.515+0000] {taskinstance.py:2889} INFO - Executing <Task(SparkSubmitOperator): java_job> on 2024-12-08 16:57:59.546508+00:00
[2024-12-08T16:58:01.525+0000] {logging_mixin.py:190} WARNING - /home/***/.local/lib/python3.12/site-packages/***/task/task_runner/standard_task_runner.py:70 DeprecationWarning: This process (pid=187) is multi-threaded, use of fork() may lead to deadlocks in the child.
[2024-12-08T16:58:01.526+0000] {standard_task_runner.py:72} INFO - Started process 188 to run task
[2024-12-08T16:58:01.524+0000] {standard_task_runner.py:104} INFO - Running: ['***', 'tasks', 'run', 'sparking_flow', 'java_job', 'manual__2024-12-08T16:57:59.546508+00:00', '--job-id', '227', '--raw', '--subdir', 'DAGS_FOLDER/spark_***.py', '--cfg-path', '/tmp/tmpbog_cdeo']
[2024-12-08T16:58:01.527+0000] {standard_task_runner.py:105} INFO - Job 227: Subtask java_job
[2024-12-08T16:58:01.583+0000] {task_command.py:467} INFO - Running <TaskInstance: sparking_flow.java_job manual__2024-12-08T16:57:59.546508+00:00 [running]> on host 2a892a3469ec
[2024-12-08T16:58:01.736+0000] {taskinstance.py:3132} INFO - Exporting env vars: AIRFLOW_CTX_DAG_OWNER='Yusuf Ganiyu' AIRFLOW_CTX_DAG_ID='sparking_flow' AIRFLOW_CTX_TASK_ID='java_job' AIRFLOW_CTX_EXECUTION_DATE='2024-12-08T16:57:59.546508+00:00' AIRFLOW_CTX_TRY_NUMBER='1' AIRFLOW_CTX_DAG_RUN_ID='manual__2024-12-08T16:57:59.546508+00:00'
[2024-12-08T16:58:01.737+0000] {taskinstance.py:731} INFO - ::endgroup::
[2024-12-08T16:58:01.760+0000] {base.py:84} INFO - Retrieving connection 'spark-conn'
[2024-12-08T16:58:01.761+0000] {spark_submit.py:473} INFO - Spark-Submit cmd: spark-submit --master spark://sparkingflow-spark-master-1:7077 --name arrow-spark --class com.airscholar.spark.WordCountJob --deploy-mode client jobs/java/spark-job/target/spark-job-1.0-SNAPSHOT.jar
[2024-12-08T16:58:05.031+0000] {spark_submit.py:634} INFO - 24/12/08 16:58:05 INFO SparkContext: Running Spark version 3.5.3
[2024-12-08T16:58:05.038+0000] {spark_submit.py:634} INFO - 24/12/08 16:58:05 INFO SparkContext: OS info Linux, 6.10.14-linuxkit, aarch64
[2024-12-08T16:58:05.039+0000] {spark_submit.py:634} INFO - 24/12/08 16:58:05 INFO SparkContext: Java version 17.0.13
[2024-12-08T16:58:05.129+0000] {spark_submit.py:634} INFO - 24/12/08 16:58:05 WARN NativeCodeLoader: Unable to load native-hadoop library for your platform... using builtin-java classes where applicable
[2024-12-08T16:58:05.255+0000] {spark_submit.py:634} INFO - 24/12/08 16:58:05 INFO ResourceUtils: ==============================================================
[2024-12-08T16:58:05.260+0000] {spark_submit.py:634} INFO - 24/12/08 16:58:05 INFO ResourceUtils: No custom resources configured for spark.driver.
[2024-12-08T16:58:05.262+0000] {spark_submit.py:634} INFO - 24/12/08 16:58:05 INFO ResourceUtils: ==============================================================
[2024-12-08T16:58:05.264+0000] {spark_submit.py:634} INFO - 24/12/08 16:58:05 INFO SparkContext: Submitted application: Word Count Job
[2024-12-08T16:58:05.352+0000] {spark_submit.py:634} INFO - 24/12/08 16:58:05 INFO ResourceProfile: Default ResourceProfile created, executor resources: Map(cores -> name: cores, amount: 1, script: , vendor: , memory -> name: memory, amount: 1024, script: , vendor: , offHeap -> name: offHeap, amount: 0, script: , vendor: ), task resources: Map(cpus -> name: cpus, amount: 1.0)
[2024-12-08T16:58:05.367+0000] {spark_submit.py:634} INFO - 24/12/08 16:58:05 INFO ResourceProfile: Limiting resource is cpu
[2024-12-08T16:58:05.369+0000] {spark_submit.py:634} INFO - 24/12/08 16:58:05 INFO ResourceProfileManager: Added ResourceProfile id: 0
[2024-12-08T16:58:05.449+0000] {spark_submit.py:634} INFO - 24/12/08 16:58:05 INFO SecurityManager: Changing view acls to: ***
[2024-12-08T16:58:05.452+0000] {spark_submit.py:634} INFO - 24/12/08 16:58:05 INFO SecurityManager: Changing modify acls to: ***
[2024-12-08T16:58:05.453+0000] {spark_submit.py:634} INFO - 24/12/08 16:58:05 INFO SecurityManager: Changing view acls groups to:
[2024-12-08T16:58:05.455+0000] {spark_submit.py:634} INFO - 24/12/08 16:58:05 INFO SecurityManager: Changing modify acls groups to:
[2024-12-08T16:58:05.455+0000] {spark_submit.py:634} INFO - 24/12/08 16:58:05 INFO SecurityManager: SecurityManager: authentication disabled; ui acls disabled; users with view permissions: ***; groups with view permissions: EMPTY; users with modify permissions: ***; groups with modify permissions: EMPTY
[2024-12-08T16:58:05.784+0000] {spark_submit.py:634} INFO - 24/12/08 16:58:05 INFO Utils: Successfully started service 'sparkDriver' on port 36417.
[2024-12-08T16:58:05.827+0000] {spark_submit.py:634} INFO - 24/12/08 16:58:05 INFO SparkEnv: Registering MapOutputTracker
[2024-12-08T16:58:05.930+0000] {spark_submit.py:634} INFO - 24/12/08 16:58:05 INFO SparkEnv: Registering BlockManagerMaster
[2024-12-08T16:58:05.971+0000] {spark_submit.py:634} INFO - 24/12/08 16:58:05 INFO BlockManagerMasterEndpoint: Using org.apache.spark.storage.DefaultTopologyMapper for getting topology information
[2024-12-08T16:58:05.972+0000] {spark_submit.py:634} INFO - 24/12/08 16:58:05 INFO BlockManagerMasterEndpoint: BlockManagerMasterEndpoint up
[2024-12-08T16:58:05.982+0000] {spark_submit.py:634} INFO - 24/12/08 16:58:05 INFO SparkEnv: Registering BlockManagerMasterHeartbeat
[2024-12-08T16:58:06.037+0000] {spark_submit.py:634} INFO - 24/12/08 16:58:06 INFO DiskBlockManager: Created local directory at /tmp/blockmgr-1269fc77-1c2c-4ff5-a348-7673dca6bfd2
[2024-12-08T16:58:06.056+0000] {spark_submit.py:634} INFO - 24/12/08 16:58:06 INFO MemoryStore: MemoryStore started with capacity 434.4 MiB
[2024-12-08T16:58:06.079+0000] {spark_submit.py:634} INFO - 24/12/08 16:58:06 INFO SparkEnv: Registering OutputCommitCoordinator
[2024-12-08T16:58:06.278+0000] {spark_submit.py:634} INFO - 24/12/08 16:58:06 INFO JettyUtils: Start Jetty 0.0.0.0:4040 for SparkUI
[2024-12-08T16:58:06.365+0000] {spark_submit.py:634} INFO - 24/12/08 16:58:06 INFO Utils: Successfully started service 'SparkUI' on port 4040.
[2024-12-08T16:58:06.416+0000] {spark_submit.py:634} INFO - 24/12/08 16:58:06 INFO SparkContext: Added JAR file:/opt/***/jobs/java/spark-job/target/spark-job-1.0-SNAPSHOT.jar at spark://2a892a3469ec:36417/jars/spark-job-1.0-SNAPSHOT.jar with timestamp 1733677085019
[2024-12-08T16:58:06.519+0000] {spark_submit.py:634} INFO - 24/12/08 16:58:06 INFO Executor: Starting executor ID driver on host 2a892a3469ec
[2024-12-08T16:58:06.520+0000] {spark_submit.py:634} INFO - 24/12/08 16:58:06 INFO Executor: OS info Linux, 6.10.14-linuxkit, aarch64
[2024-12-08T16:58:06.520+0000] {spark_submit.py:634} INFO - 24/12/08 16:58:06 INFO Executor: Java version 17.0.13
[2024-12-08T16:58:06.529+0000] {spark_submit.py:634} INFO - 24/12/08 16:58:06 INFO Executor: Starting executor with user classpath (userClassPathFirst = false): ''
[2024-12-08T16:58:06.530+0000] {spark_submit.py:634} INFO - 24/12/08 16:58:06 INFO Executor: Created or updated repl class loader org.apache.spark.util.MutableURLClassLoader@4a8e6e89 for default.
[2024-12-08T16:58:06.566+0000] {spark_submit.py:634} INFO - 24/12/08 16:58:06 INFO Executor: Fetching spark://2a892a3469ec:36417/jars/spark-job-1.0-SNAPSHOT.jar with timestamp 1733677085019
[2024-12-08T16:58:06.691+0000] {spark_submit.py:634} INFO - 24/12/08 16:58:06 INFO TransportClientFactory: Successfully created connection to 2a892a3469ec/172.18.0.4:36417 after 72 ms (0 ms spent in bootstraps)
[2024-12-08T16:58:06.698+0000] {spark_submit.py:634} INFO - 24/12/08 16:58:06 INFO Utils: Fetching spark://2a892a3469ec:36417/jars/spark-job-1.0-SNAPSHOT.jar to /tmp/spark-65d9a0e9-7cf7-4791-bcc3-5d760eaf498e/userFiles-26513011-b529-496c-9f3b-905e07536f11/fetchFileTemp10458942699314983346.tmp
[2024-12-08T16:58:06.748+0000] {spark_submit.py:634} INFO - 24/12/08 16:58:06 INFO Executor: Adding file:/tmp/spark-65d9a0e9-7cf7-4791-bcc3-5d760eaf498e/userFiles-26513011-b529-496c-9f3b-905e07536f11/spark-job-1.0-SNAPSHOT.jar to class loader default
[2024-12-08T16:58:06.762+0000] {spark_submit.py:634} INFO - 24/12/08 16:58:06 INFO Utils: Successfully started service 'org.apache.spark.network.netty.NettyBlockTransferService' on port 44671.
[2024-12-08T16:58:06.764+0000] {spark_submit.py:634} INFO - 24/12/08 16:58:06 INFO NettyBlockTransferService: Server created on 2a892a3469ec:44671
[2024-12-08T16:58:06.767+0000] {spark_submit.py:634} INFO - 24/12/08 16:58:06 INFO BlockManager: Using org.apache.spark.storage.RandomBlockReplicationPolicy for block replication policy
[2024-12-08T16:58:06.774+0000] {spark_submit.py:634} INFO - 24/12/08 16:58:06 INFO BlockManagerMaster: Registering BlockManager BlockManagerId(driver, 2a892a3469ec, 44671, None)
[2024-12-08T16:58:06.778+0000] {spark_submit.py:634} INFO - 24/12/08 16:58:06 INFO BlockManagerMasterEndpoint: Registering block manager 2a892a3469ec:44671 with 434.4 MiB RAM, BlockManagerId(driver, 2a892a3469ec, 44671, None)
[2024-12-08T16:58:06.781+0000] {spark_submit.py:634} INFO - 24/12/08 16:58:06 INFO BlockManagerMaster: Registered BlockManager BlockManagerId(driver, 2a892a3469ec, 44671, None)
[2024-12-08T16:58:06.783+0000] {spark_submit.py:634} INFO - 24/12/08 16:58:06 INFO BlockManager: Initialized BlockManager: BlockManagerId(driver, 2a892a3469ec, 44671, None)
[2024-12-08T16:58:07.955+0000] {spark_submit.py:634} INFO - 24/12/08 16:58:07 INFO SparkContext: Starting job: collect at WordCountJob.java:37
[2024-12-08T16:58:08.004+0000] {spark_submit.py:634} INFO - 24/12/08 16:58:08 INFO DAGScheduler: Registering RDD 2 (mapToPair at WordCountJob.java:33) as input to shuffle 0
[2024-12-08T16:58:08.010+0000] {spark_submit.py:634} INFO - 24/12/08 16:58:08 INFO DAGScheduler: Got job 0 (collect at WordCountJob.java:37) with 1 output partitions
[2024-12-08T16:58:08.012+0000] {spark_submit.py:634} INFO - 24/12/08 16:58:08 INFO DAGScheduler: Final stage: ResultStage 1 (collect at WordCountJob.java:37)
[2024-12-08T16:58:08.013+0000] {spark_submit.py:634} INFO - 24/12/08 16:58:08 INFO DAGScheduler: Parents of final stage: List(ShuffleMapStage 0)
[2024-12-08T16:58:08.015+0000] {spark_submit.py:634} INFO - 24/12/08 16:58:08 INFO DAGScheduler: Missing parents: List(ShuffleMapStage 0)
[2024-12-08T16:58:08.021+0000] {spark_submit.py:634} INFO - 24/12/08 16:58:08 INFO DAGScheduler: Submitting ShuffleMapStage 0 (MapPartitionsRDD[2] at mapToPair at WordCountJob.java:33), which has no missing parents
[2024-12-08T16:58:08.162+0000] {spark_submit.py:634} INFO - 24/12/08 16:58:08 INFO MemoryStore: Block broadcast_0 stored as values in memory (estimated size 6.4 KiB, free 434.4 MiB)
[2024-12-08T16:58:08.214+0000] {spark_submit.py:634} INFO - 24/12/08 16:58:08 INFO MemoryStore: Block broadcast_0_piece0 stored as bytes in memory (estimated size 3.4 KiB, free 434.4 MiB)
[2024-12-08T16:58:08.215+0000] {spark_submit.py:634} INFO - 24/12/08 16:58:08 INFO BlockManagerInfo: Added broadcast_0_piece0 in memory on 2a892a3469ec:44671 (size: 3.4 KiB, free: 434.4 MiB)
[2024-12-08T16:58:08.229+0000] {spark_submit.py:634} INFO - 24/12/08 16:58:08 INFO SparkContext: Created broadcast 0 from broadcast at DAGScheduler.scala:1585
[2024-12-08T16:58:08.267+0000] {spark_submit.py:634} INFO - 24/12/08 16:58:08 INFO DAGScheduler: Submitting 1 missing tasks from ShuffleMapStage 0 (MapPartitionsRDD[2] at mapToPair at WordCountJob.java:33) (first 15 tasks are for partitions Vector(0))
[2024-12-08T16:58:08.269+0000] {spark_submit.py:634} INFO - 24/12/08 16:58:08 INFO TaskSchedulerImpl: Adding task set 0.0 with 1 tasks resource profile 0
[2024-12-08T16:58:08.336+0000] {spark_submit.py:634} INFO - 24/12/08 16:58:08 INFO TaskSetManager: Starting task 0.0 in stage 0.0 (TID 0) (2a892a3469ec, executor driver, partition 0, PROCESS_LOCAL, 9249 bytes)
[2024-12-08T16:58:08.363+0000] {spark_submit.py:634} INFO - 24/12/08 16:58:08 INFO Executor: Running task 0.0 in stage 0.0 (TID 0)
[2024-12-08T16:58:08.625+0000] {spark_submit.py:634} INFO - 24/12/08 16:58:08 INFO Executor: Finished task 0.0 in stage 0.0 (TID 0). 1259 bytes result sent to driver
[2024-12-08T16:58:08.649+0000] {spark_submit.py:634} INFO - 24/12/08 16:58:08 INFO TaskSetManager: Finished task 0.0 in stage 0.0 (TID 0) in 340 ms on 2a892a3469ec (executor driver) (1/1)
[2024-12-08T16:58:08.653+0000] {spark_submit.py:634} INFO - 24/12/08 16:58:08 INFO TaskSchedulerImpl: Removed TaskSet 0.0, whose tasks have all completed, from pool
[2024-12-08T16:58:08.689+0000] {spark_submit.py:634} INFO - 24/12/08 16:58:08 INFO DAGScheduler: ShuffleMapStage 0 (mapToPair at WordCountJob.java:33) finished in 0.643 s
[2024-12-08T16:58:08.692+0000] {spark_submit.py:634} INFO - 24/12/08 16:58:08 INFO DAGScheduler: looking for newly runnable stages
[2024-12-08T16:58:08.693+0000] {spark_submit.py:634} INFO - 24/12/08 16:58:08 INFO DAGScheduler: running: Set()
[2024-12-08T16:58:08.695+0000] {spark_submit.py:634} INFO - 24/12/08 16:58:08 INFO DAGScheduler: waiting: Set(ResultStage 1)
[2024-12-08T16:58:08.696+0000] {spark_submit.py:634} INFO - 24/12/08 16:58:08 INFO DAGScheduler: failed: Set()
[2024-12-08T16:58:08.700+0000] {spark_submit.py:634} INFO - 24/12/08 16:58:08 INFO DAGScheduler: Submitting ResultStage 1 (ShuffledRDD[3] at reduceByKey at WordCountJob.java:34), which has no missing parents
[2024-12-08T16:58:08.727+0000] {spark_submit.py:634} INFO - 24/12/08 16:58:08 INFO MemoryStore: Block broadcast_1 stored as values in memory (estimated size 5.2 KiB, free 434.4 MiB)
[2024-12-08T16:58:08.744+0000] {spark_submit.py:634} INFO - 24/12/08 16:58:08 INFO MemoryStore: Block broadcast_1_piece0 stored as bytes in memory (estimated size 2.9 KiB, free 434.4 MiB)
[2024-12-08T16:58:08.745+0000] {spark_submit.py:634} INFO - 24/12/08 16:58:08 INFO BlockManagerInfo: Added broadcast_1_piece0 in memory on 2a892a3469ec:44671 (size: 2.9 KiB, free: 434.4 MiB)
[2024-12-08T16:58:08.750+0000] {spark_submit.py:634} INFO - 24/12/08 16:58:08 INFO SparkContext: Created broadcast 1 from broadcast at DAGScheduler.scala:1585
[2024-12-08T16:58:08.755+0000] {spark_submit.py:634} INFO - 24/12/08 16:58:08 INFO DAGScheduler: Submitting 1 missing tasks from ResultStage 1 (ShuffledRDD[3] at reduceByKey at WordCountJob.java:34) (first 15 tasks are for partitions Vector(0))
[2024-12-08T16:58:08.756+0000] {spark_submit.py:634} INFO - 24/12/08 16:58:08 INFO TaskSchedulerImpl: Adding task set 1.0 with 1 tasks resource profile 0
[2024-12-08T16:58:08.766+0000] {spark_submit.py:634} INFO - 24/12/08 16:58:08 INFO TaskSetManager: Starting task 0.0 in stage 1.0 (TID 1) (2a892a3469ec, executor driver, partition 0, NODE_LOCAL, 9002 bytes)
[2024-12-08T16:58:08.771+0000] {spark_submit.py:634} INFO - 24/12/08 16:58:08 INFO Executor: Running task 0.0 in stage 1.0 (TID 1)
[2024-12-08T16:58:08.861+0000] {spark_submit.py:634} INFO - 24/12/08 16:58:08 INFO ShuffleBlockFetcherIterator: Getting 1 (189.0 B) non-empty blocks including 1 (189.0 B) local and 0 (0.0 B) host-local and 0 (0.0 B) push-merged-local and 0 (0.0 B) remote blocks
[2024-12-08T16:58:08.862+0000] {spark_submit.py:634} INFO - 24/12/08 16:58:08 INFO ShuffleBlockFetcherIterator: Started 0 remote fetches in 27 ms
[2024-12-08T16:58:08.959+0000] {spark_submit.py:634} INFO - 24/12/08 16:58:08 INFO Executor: Finished task 0.0 in stage 1.0 (TID 1). 2044 bytes result sent to driver
[2024-12-08T16:58:08.967+0000] {spark_submit.py:634} INFO - 24/12/08 16:58:08 INFO TaskSetManager: Finished task 0.0 in stage 1.0 (TID 1) in 203 ms on 2a892a3469ec (executor driver) (1/1)
[2024-12-08T16:58:08.968+0000] {spark_submit.py:634} INFO - 24/12/08 16:58:08 INFO TaskSchedulerImpl: Removed TaskSet 1.0, whose tasks have all completed, from pool
[2024-12-08T16:58:08.968+0000] {spark_submit.py:634} INFO - 24/12/08 16:58:08 INFO DAGScheduler: ResultStage 1 (collect at WordCountJob.java:37) finished in 0.246 s
[2024-12-08T16:58:08.972+0000] {spark_submit.py:634} INFO - 24/12/08 16:58:08 INFO DAGScheduler: Job 0 is finished. Cancelling potential speculative or zombie tasks for this job
[2024-12-08T16:58:08.973+0000] {spark_submit.py:634} INFO - 24/12/08 16:58:08 INFO TaskSchedulerImpl: Killing all running tasks in stage 1: Stage finished
[2024-12-08T16:58:08.978+0000] {spark_submit.py:634} INFO - 24/12/08 16:58:08 INFO DAGScheduler: Job 0 finished: collect at WordCountJob.java:37, took 1.023060 s
[2024-12-08T16:58:08.985+0000] {spark_submit.py:634} INFO - spark: 1
[2024-12-08T16:58:08.986+0000] {spark_submit.py:634} INFO - docker: 1
[2024-12-08T16:58:08.986+0000] {spark_submit.py:634} INFO - Yusuf: 1
[2024-12-08T16:58:08.987+0000] {spark_submit.py:634} INFO - hello: 5
[2024-12-08T16:58:08.988+0000] {spark_submit.py:634} INFO - java: 1
[2024-12-08T16:58:08.989+0000] {spark_submit.py:634} INFO - world: 1
[2024-12-08T16:58:08.989+0000] {spark_submit.py:634} INFO - 24/12/08 16:58:08 INFO SparkContext: SparkContext is stopping with exitCode 0.
[2024-12-08T16:58:09.012+0000] {spark_submit.py:634} INFO - 24/12/08 16:58:09 INFO BlockManagerInfo: Removed broadcast_0_piece0 on 2a892a3469ec:44671 in memory (size: 3.4 KiB, free: 434.4 MiB)
[2024-12-08T16:58:09.013+0000] {spark_submit.py:634} INFO - 24/12/08 16:58:09 INFO SparkUI: Stopped Spark web UI at http://2a892a3469ec:4040
[2024-12-08T16:58:09.045+0000] {spark_submit.py:634} INFO - 24/12/08 16:58:09 INFO MapOutputTrackerMasterEndpoint: MapOutputTrackerMasterEndpoint stopped!
[2024-12-08T16:58:09.073+0000] {spark_submit.py:634} INFO - 24/12/08 16:58:09 INFO MemoryStore: MemoryStore cleared
[2024-12-08T16:58:09.074+0000] {spark_submit.py:634} INFO - 24/12/08 16:58:09 INFO BlockManager: BlockManager stopped
[2024-12-08T16:58:09.083+0000] {spark_submit.py:634} INFO - 24/12/08 16:58:09 INFO BlockManagerMaster: BlockManagerMaster stopped
[2024-12-08T16:58:09.087+0000] {spark_submit.py:634} INFO - 24/12/08 16:58:09 INFO OutputCommitCoordinator$OutputCommitCoordinatorEndpoint: OutputCommitCoordinator stopped!
[2024-12-08T16:58:09.099+0000] {spark_submit.py:634} INFO - 24/12/08 16:58:09 INFO SparkContext: Successfully stopped SparkContext
[2024-12-08T16:58:09.102+0000] {spark_submit.py:634} INFO - 24/12/08 16:58:09 INFO ShutdownHookManager: Shutdown hook called
[2024-12-08T16:58:09.104+0000] {spark_submit.py:634} INFO - 24/12/08 16:58:09 INFO ShutdownHookManager: Deleting directory /tmp/spark-beb9d711-feed-46dd-8ce1-dc03e31fddac
[2024-12-08T16:58:09.112+0000] {spark_submit.py:634} INFO - 24/12/08 16:58:09 INFO ShutdownHookManager: Deleting directory /tmp/spark-65d9a0e9-7cf7-4791-bcc3-5d760eaf498e
[2024-12-08T16:58:09.207+0000] {taskinstance.py:340} INFO - ::group::Post task execution logs
[2024-12-08T16:58:09.209+0000] {taskinstance.py:352} INFO - Marking task as SUCCESS. dag_id=sparking_flow, task_id=java_job, run_id=manual__2024-12-08T16:57:59.546508+00:00, execution_date=20241208T165759, start_date=20241208T165801, end_date=20241208T165809
[2024-12-08T16:58:09.255+0000] {local_task_job_runner.py:266} INFO - Task exited with return code 0
[2024-12-08T16:58:09.297+0000] {taskinstance.py:3895} INFO - 0 downstream tasks scheduled from follow-on schedule check
[2024-12-08T16:58:09.299+0000] {local_task_job_runner.py:245} INFO - ::endgroup::
