[2024-12-09T13:57:18.348+0000] {local_task_job_runner.py:123} INFO - ::group::Pre task execution logs
[2024-12-09T13:57:18.364+0000] {taskinstance.py:2613} INFO - Dependencies all met for dep_context=non-requeueable deps ti=<TaskInstance: sparking_flow.scala_job manual__2024-12-09T13:57:16.355284+00:00 [queued]>
[2024-12-09T13:57:18.374+0000] {taskinstance.py:2613} INFO - Dependencies all met for dep_context=requeueable deps ti=<TaskInstance: sparking_flow.scala_job manual__2024-12-09T13:57:16.355284+00:00 [queued]>
[2024-12-09T13:57:18.375+0000] {taskinstance.py:2866} INFO - Starting attempt 1 of 1
[2024-12-09T13:57:18.386+0000] {taskinstance.py:2889} INFO - Executing <Task(SparkSubmitOperator): scala_job> on 2024-12-09 13:57:16.355284+00:00
[2024-12-09T13:57:18.398+0000] {logging_mixin.py:190} WARNING - /home/***/.local/lib/python3.12/site-packages/***/task/task_runner/standard_task_runner.py:70 DeprecationWarning: This process (pid=187) is multi-threaded, use of fork() may lead to deadlocks in the child.
[2024-12-09T13:57:18.397+0000] {standard_task_runner.py:104} INFO - Running: ['***', 'tasks', 'run', 'sparking_flow', 'scala_job', 'manual__2024-12-09T13:57:16.355284+00:00', '--job-id', '482', '--raw', '--subdir', 'DAGS_FOLDER/spark_***.py', '--cfg-path', '/tmp/tmpzs29yn_b']
[2024-12-09T13:57:18.400+0000] {standard_task_runner.py:72} INFO - Started process 192 to run task
[2024-12-09T13:57:18.400+0000] {standard_task_runner.py:105} INFO - Job 482: Subtask scala_job
[2024-12-09T13:57:18.454+0000] {task_command.py:467} INFO - Running <TaskInstance: sparking_flow.scala_job manual__2024-12-09T13:57:16.355284+00:00 [running]> on host 2a892a3469ec
[2024-12-09T13:57:18.544+0000] {taskinstance.py:3132} INFO - Exporting env vars: AIRFLOW_CTX_DAG_OWNER='Yusuf Ganiyu' AIRFLOW_CTX_DAG_ID='sparking_flow' AIRFLOW_CTX_TASK_ID='scala_job' AIRFLOW_CTX_EXECUTION_DATE='2024-12-09T13:57:16.355284+00:00' AIRFLOW_CTX_TRY_NUMBER='1' AIRFLOW_CTX_DAG_RUN_ID='manual__2024-12-09T13:57:16.355284+00:00'
[2024-12-09T13:57:18.545+0000] {taskinstance.py:731} INFO - ::endgroup::
[2024-12-09T13:57:18.573+0000] {base.py:84} INFO - Retrieving connection 'spark-conn'
[2024-12-09T13:57:18.574+0000] {spark_submit.py:473} INFO - Spark-Submit cmd: spark-submit --master spark://sparkingflow-spark-master-1:7077 --name arrow-spark --deploy-mode client jobs/scala/target/scala-2.12/word-count_2.12-0.1.jar
[2024-12-09T13:57:22.224+0000] {spark_submit.py:634} INFO - 24/12/09 13:57:22 WARN NativeCodeLoader: Unable to load native-hadoop library for your platform... using builtin-java classes where applicable
[2024-12-09T13:57:22.619+0000] {spark_submit.py:634} INFO - 24/12/09 13:57:22 INFO SparkContext: Running Spark version 3.5.3
[2024-12-09T13:57:22.621+0000] {spark_submit.py:634} INFO - 24/12/09 13:57:22 INFO SparkContext: OS info Linux, 6.10.14-linuxkit, aarch64
[2024-12-09T13:57:22.622+0000] {spark_submit.py:634} INFO - 24/12/09 13:57:22 INFO SparkContext: Java version 17.0.13
[2024-12-09T13:57:22.668+0000] {spark_submit.py:634} INFO - 24/12/09 13:57:22 INFO ResourceUtils: ==============================================================
[2024-12-09T13:57:22.669+0000] {spark_submit.py:634} INFO - 24/12/09 13:57:22 INFO ResourceUtils: No custom resources configured for spark.driver.
[2024-12-09T13:57:22.671+0000] {spark_submit.py:634} INFO - 24/12/09 13:57:22 INFO ResourceUtils: ==============================================================
[2024-12-09T13:57:22.672+0000] {spark_submit.py:634} INFO - 24/12/09 13:57:22 INFO SparkContext: Submitted application: Word Count
[2024-12-09T13:57:22.700+0000] {spark_submit.py:634} INFO - 24/12/09 13:57:22 INFO ResourceProfile: Default ResourceProfile created, executor resources: Map(memory -> name: memory, amount: 1024, script: , vendor: , offHeap -> name: offHeap, amount: 0, script: , vendor: ), task resources: Map(cpus -> name: cpus, amount: 1.0)
[2024-12-09T13:57:22.714+0000] {spark_submit.py:634} INFO - 24/12/09 13:57:22 INFO ResourceProfile: Limiting resource is cpu
[2024-12-09T13:57:22.716+0000] {spark_submit.py:634} INFO - 24/12/09 13:57:22 INFO ResourceProfileManager: Added ResourceProfile id: 0
[2024-12-09T13:57:22.784+0000] {spark_submit.py:634} INFO - 24/12/09 13:57:22 INFO SecurityManager: Changing view acls to: ***
[2024-12-09T13:57:22.786+0000] {spark_submit.py:634} INFO - 24/12/09 13:57:22 INFO SecurityManager: Changing modify acls to: ***
[2024-12-09T13:57:22.786+0000] {spark_submit.py:634} INFO - 24/12/09 13:57:22 INFO SecurityManager: Changing view acls groups to:
[2024-12-09T13:57:22.787+0000] {spark_submit.py:634} INFO - 24/12/09 13:57:22 INFO SecurityManager: Changing modify acls groups to:
[2024-12-09T13:57:22.787+0000] {spark_submit.py:634} INFO - 24/12/09 13:57:22 INFO SecurityManager: SecurityManager: authentication disabled; ui acls disabled; users with view permissions: ***; groups with view permissions: EMPTY; users with modify permissions: ***; groups with modify permissions: EMPTY
[2024-12-09T13:57:23.204+0000] {spark_submit.py:634} INFO - 24/12/09 13:57:23 INFO Utils: Successfully started service 'sparkDriver' on port 34737.
[2024-12-09T13:57:23.287+0000] {spark_submit.py:634} INFO - 24/12/09 13:57:23 INFO SparkEnv: Registering MapOutputTracker
[2024-12-09T13:57:23.413+0000] {spark_submit.py:634} INFO - 24/12/09 13:57:23 INFO SparkEnv: Registering BlockManagerMaster
[2024-12-09T13:57:23.502+0000] {spark_submit.py:634} INFO - 24/12/09 13:57:23 INFO BlockManagerMasterEndpoint: Using org.apache.spark.storage.DefaultTopologyMapper for getting topology information
[2024-12-09T13:57:23.503+0000] {spark_submit.py:634} INFO - 24/12/09 13:57:23 INFO BlockManagerMasterEndpoint: BlockManagerMasterEndpoint up
[2024-12-09T13:57:23.516+0000] {spark_submit.py:634} INFO - 24/12/09 13:57:23 INFO SparkEnv: Registering BlockManagerMasterHeartbeat
[2024-12-09T13:57:23.551+0000] {spark_submit.py:634} INFO - 24/12/09 13:57:23 INFO DiskBlockManager: Created local directory at /tmp/blockmgr-2209dcc8-b458-46a9-8e2e-ba81f0a4eef7
[2024-12-09T13:57:23.573+0000] {spark_submit.py:634} INFO - 24/12/09 13:57:23 INFO MemoryStore: MemoryStore started with capacity 434.4 MiB
[2024-12-09T13:57:23.597+0000] {spark_submit.py:634} INFO - 24/12/09 13:57:23 INFO SparkEnv: Registering OutputCommitCoordinator
[2024-12-09T13:57:23.769+0000] {spark_submit.py:634} INFO - 24/12/09 13:57:23 INFO JettyUtils: Start Jetty 0.0.0.0:4040 for SparkUI
[2024-12-09T13:57:23.837+0000] {spark_submit.py:634} INFO - 24/12/09 13:57:23 WARN Utils: Service 'SparkUI' could not bind on port 4040. Attempting port 4041.
[2024-12-09T13:57:23.859+0000] {spark_submit.py:634} INFO - 24/12/09 13:57:23 INFO Utils: Successfully started service 'SparkUI' on port 4041.
[2024-12-09T13:57:23.913+0000] {spark_submit.py:634} INFO - 24/12/09 13:57:23 INFO SparkContext: Added JAR file:/opt/***/jobs/scala/target/scala-2.12/word-count_2.12-0.1.jar at spark://2a892a3469ec:34737/jars/word-count_2.12-0.1.jar with timestamp 1733752642594
[2024-12-09T13:57:24.046+0000] {spark_submit.py:634} INFO - 24/12/09 13:57:24 INFO StandaloneAppClient$ClientEndpoint: Connecting to master spark://spark-master:7077...
[2024-12-09T13:57:24.127+0000] {spark_submit.py:634} INFO - 24/12/09 13:57:24 INFO TransportClientFactory: Successfully created connection to spark-master/172.18.0.5:7077 after 30 ms (0 ms spent in bootstraps)
[2024-12-09T13:57:24.534+0000] {spark_submit.py:634} INFO - 24/12/09 13:57:24 INFO StandaloneSchedulerBackend: Connected to Spark cluster with app ID app-20241209135724-0000
[2024-12-09T13:57:24.549+0000] {spark_submit.py:634} INFO - 24/12/09 13:57:24 INFO Utils: Successfully started service 'org.apache.spark.network.netty.NettyBlockTransferService' on port 32875.
[2024-12-09T13:57:24.551+0000] {spark_submit.py:634} INFO - 24/12/09 13:57:24 INFO NettyBlockTransferService: Server created on 2a892a3469ec:32875
[2024-12-09T13:57:24.555+0000] {spark_submit.py:634} INFO - 24/12/09 13:57:24 INFO BlockManager: Using org.apache.spark.storage.RandomBlockReplicationPolicy for block replication policy
[2024-12-09T13:57:24.571+0000] {spark_submit.py:634} INFO - 24/12/09 13:57:24 INFO BlockManagerMaster: Registering BlockManager BlockManagerId(driver, 2a892a3469ec, 32875, None)
[2024-12-09T13:57:24.588+0000] {spark_submit.py:634} INFO - 24/12/09 13:57:24 INFO BlockManagerMasterEndpoint: Registering block manager 2a892a3469ec:32875 with 434.4 MiB RAM, BlockManagerId(driver, 2a892a3469ec, 32875, None)
[2024-12-09T13:57:24.595+0000] {spark_submit.py:634} INFO - 24/12/09 13:57:24 INFO BlockManagerMaster: Registered BlockManager BlockManagerId(driver, 2a892a3469ec, 32875, None)
[2024-12-09T13:57:24.607+0000] {spark_submit.py:634} INFO - 24/12/09 13:57:24 INFO BlockManager: Initialized BlockManager: BlockManagerId(driver, 2a892a3469ec, 32875, None)
[2024-12-09T13:57:24.616+0000] {spark_submit.py:634} INFO - 24/12/09 13:57:24 INFO StandaloneAppClient$ClientEndpoint: Executor added: app-20241209135724-0000/0 on worker-20241209135700-172.18.0.7-40407 (172.18.0.7:40407) with 2 core(s)
[2024-12-09T13:57:24.617+0000] {spark_submit.py:634} INFO - 24/12/09 13:57:24 INFO StandaloneSchedulerBackend: Granted executor ID app-20241209135724-0000/0 on hostPort 172.18.0.7:40407 with 2 core(s), 1024.0 MiB RAM
[2024-12-09T13:57:25.064+0000] {spark_submit.py:634} INFO - 24/12/09 13:57:25 INFO StandaloneSchedulerBackend: SchedulerBackend is ready for scheduling beginning after reached minRegisteredResourcesRatio: 0.0
[2024-12-09T13:57:25.188+0000] {spark_submit.py:634} INFO - 24/12/09 13:57:25 INFO StandaloneAppClient$ClientEndpoint: Executor updated: app-20241209135724-0000/0 is now RUNNING
[2024-12-09T13:57:26.286+0000] {spark_submit.py:634} INFO - 24/12/09 13:57:26 INFO SparkContext: Starting job: collect at wordcount.scala:14
[2024-12-09T13:57:27.239+0000] {spark_submit.py:634} INFO - 24/12/09 13:57:27 INFO DAGScheduler: Registering RDD 2 (map at wordcount.scala:11) as input to shuffle 0
[2024-12-09T13:57:27.248+0000] {spark_submit.py:634} INFO - 24/12/09 13:57:27 INFO DAGScheduler: Got job 0 (collect at wordcount.scala:14) with 2 output partitions
[2024-12-09T13:57:27.249+0000] {spark_submit.py:634} INFO - 24/12/09 13:57:27 INFO DAGScheduler: Final stage: ResultStage 1 (collect at wordcount.scala:14)
[2024-12-09T13:57:27.254+0000] {spark_submit.py:634} INFO - 24/12/09 13:57:27 INFO DAGScheduler: Parents of final stage: List(ShuffleMapStage 0)
[2024-12-09T13:57:27.259+0000] {spark_submit.py:634} INFO - 24/12/09 13:57:27 INFO DAGScheduler: Missing parents: List(ShuffleMapStage 0)
[2024-12-09T13:57:27.280+0000] {spark_submit.py:634} INFO - 24/12/09 13:57:27 INFO DAGScheduler: Submitting ShuffleMapStage 0 (MapPartitionsRDD[2] at map at wordcount.scala:11), which has no missing parents
[2024-12-09T13:57:27.519+0000] {spark_submit.py:634} INFO - 24/12/09 13:57:27 INFO MemoryStore: Block broadcast_0 stored as values in memory (estimated size 5.5 KiB, free 434.4 MiB)
[2024-12-09T13:57:27.711+0000] {spark_submit.py:634} INFO - 24/12/09 13:57:27 INFO MemoryStore: Block broadcast_0_piece0 stored as bytes in memory (estimated size 3.2 KiB, free 434.4 MiB)
[2024-12-09T13:57:27.741+0000] {spark_submit.py:634} INFO - 24/12/09 13:57:27 INFO BlockManagerInfo: Added broadcast_0_piece0 in memory on 2a892a3469ec:32875 (size: 3.2 KiB, free: 434.4 MiB)
[2024-12-09T13:57:27.756+0000] {spark_submit.py:634} INFO - 24/12/09 13:57:27 INFO SparkContext: Created broadcast 0 from broadcast at DAGScheduler.scala:1585
[2024-12-09T13:57:27.822+0000] {spark_submit.py:634} INFO - 24/12/09 13:57:27 INFO DAGScheduler: Submitting 2 missing tasks from ShuffleMapStage 0 (MapPartitionsRDD[2] at map at wordcount.scala:11) (first 15 tasks are for partitions Vector(0, 1))
[2024-12-09T13:57:27.825+0000] {spark_submit.py:634} INFO - 24/12/09 13:57:27 INFO TaskSchedulerImpl: Adding task set 0.0 with 2 tasks resource profile 0
[2024-12-09T13:57:30.268+0000] {spark_submit.py:634} INFO - 24/12/09 13:57:30 INFO StandaloneSchedulerBackend$StandaloneDriverEndpoint: Registered executor NettyRpcEndpointRef(spark-client://Executor) (172.18.0.7:43788) with ID 0,  ResourceProfileId 0
[2024-12-09T13:57:30.361+0000] {spark_submit.py:634} INFO - 24/12/09 13:57:30 INFO BlockManagerMasterEndpoint: Registering block manager 172.18.0.7:36465 with 434.4 MiB RAM, BlockManagerId(0, 172.18.0.7, 36465, None)
[2024-12-09T13:57:30.531+0000] {spark_submit.py:634} INFO - 24/12/09 13:57:30 INFO TaskSetManager: Starting task 0.0 in stage 0.0 (TID 0) (172.18.0.7, executor 0, partition 0, PROCESS_LOCAL, 9198 bytes)
[2024-12-09T13:57:30.538+0000] {spark_submit.py:634} INFO - 24/12/09 13:57:30 INFO TaskSetManager: Starting task 1.0 in stage 0.0 (TID 1) (172.18.0.7, executor 0, partition 1, PROCESS_LOCAL, 9213 bytes)
[2024-12-09T13:57:30.841+0000] {spark_submit.py:634} INFO - 24/12/09 13:57:30 INFO BlockManagerInfo: Added broadcast_0_piece0 in memory on 172.18.0.7:36465 (size: 3.2 KiB, free: 434.4 MiB)
[2024-12-09T13:57:31.486+0000] {spark_submit.py:634} INFO - 24/12/09 13:57:31 INFO TaskSetManager: Finished task 0.0 in stage 0.0 (TID 0) in 975 ms on 172.18.0.7 (executor 0) (1/2)
[2024-12-09T13:57:31.487+0000] {spark_submit.py:634} INFO - 24/12/09 13:57:31 INFO TaskSetManager: Finished task 1.0 in stage 0.0 (TID 1) in 952 ms on 172.18.0.7 (executor 0) (2/2)
[2024-12-09T13:57:31.488+0000] {spark_submit.py:634} INFO - 24/12/09 13:57:31 INFO TaskSchedulerImpl: Removed TaskSet 0.0, whose tasks have all completed, from pool
[2024-12-09T13:57:31.495+0000] {spark_submit.py:634} INFO - 24/12/09 13:57:31 INFO DAGScheduler: ShuffleMapStage 0 (map at wordcount.scala:11) finished in 4.136 s
[2024-12-09T13:57:31.495+0000] {spark_submit.py:634} INFO - 24/12/09 13:57:31 INFO DAGScheduler: looking for newly runnable stages
[2024-12-09T13:57:31.496+0000] {spark_submit.py:634} INFO - 24/12/09 13:57:31 INFO DAGScheduler: running: Set()
[2024-12-09T13:57:31.496+0000] {spark_submit.py:634} INFO - 24/12/09 13:57:31 INFO DAGScheduler: waiting: Set(ResultStage 1)
[2024-12-09T13:57:31.497+0000] {spark_submit.py:634} INFO - 24/12/09 13:57:31 INFO DAGScheduler: failed: Set()
[2024-12-09T13:57:31.500+0000] {spark_submit.py:634} INFO - 24/12/09 13:57:31 INFO DAGScheduler: Submitting ResultStage 1 (ShuffledRDD[3] at reduceByKey at wordcount.scala:12), which has no missing parents
[2024-12-09T13:57:31.512+0000] {spark_submit.py:634} INFO - 24/12/09 13:57:31 INFO MemoryStore: Block broadcast_1 stored as values in memory (estimated size 5.2 KiB, free 434.4 MiB)
[2024-12-09T13:57:31.534+0000] {spark_submit.py:634} INFO - 24/12/09 13:57:31 INFO MemoryStore: Block broadcast_1_piece0 stored as bytes in memory (estimated size 3.1 KiB, free 434.4 MiB)
[2024-12-09T13:57:31.535+0000] {spark_submit.py:634} INFO - 24/12/09 13:57:31 INFO BlockManagerInfo: Added broadcast_1_piece0 in memory on 2a892a3469ec:32875 (size: 3.1 KiB, free: 434.4 MiB)
[2024-12-09T13:57:31.536+0000] {spark_submit.py:634} INFO - 24/12/09 13:57:31 INFO SparkContext: Created broadcast 1 from broadcast at DAGScheduler.scala:1585
[2024-12-09T13:57:31.538+0000] {spark_submit.py:634} INFO - 24/12/09 13:57:31 INFO DAGScheduler: Submitting 2 missing tasks from ResultStage 1 (ShuffledRDD[3] at reduceByKey at wordcount.scala:12) (first 15 tasks are for partitions Vector(0, 1))
[2024-12-09T13:57:31.539+0000] {spark_submit.py:634} INFO - 24/12/09 13:57:31 INFO TaskSchedulerImpl: Adding task set 1.0 with 2 tasks resource profile 0
[2024-12-09T13:57:31.546+0000] {spark_submit.py:634} INFO - 24/12/09 13:57:31 INFO TaskSetManager: Starting task 0.0 in stage 1.0 (TID 2) (172.18.0.7, executor 0, partition 0, NODE_LOCAL, 9003 bytes)
[2024-12-09T13:57:31.546+0000] {spark_submit.py:634} INFO - 24/12/09 13:57:31 INFO TaskSetManager: Starting task 1.0 in stage 1.0 (TID 3) (172.18.0.7, executor 0, partition 1, NODE_LOCAL, 9003 bytes)
[2024-12-09T13:57:31.577+0000] {spark_submit.py:634} INFO - 24/12/09 13:57:31 INFO BlockManagerInfo: Added broadcast_1_piece0 in memory on 172.18.0.7:36465 (size: 3.1 KiB, free: 434.4 MiB)
[2024-12-09T13:57:31.662+0000] {spark_submit.py:634} INFO - 24/12/09 13:57:31 INFO MapOutputTrackerMasterEndpoint: Asked to send map output locations for shuffle 0 to 172.18.0.7:43788
[2024-12-09T13:57:31.792+0000] {spark_submit.py:634} INFO - 24/12/09 13:57:31 INFO TaskSetManager: Finished task 1.0 in stage 1.0 (TID 3) in 242 ms on 172.18.0.7 (executor 0) (1/2)
[2024-12-09T13:57:31.795+0000] {spark_submit.py:634} INFO - 24/12/09 13:57:31 INFO TaskSetManager: Finished task 0.0 in stage 1.0 (TID 2) in 247 ms on 172.18.0.7 (executor 0) (2/2)
[2024-12-09T13:57:31.795+0000] {spark_submit.py:634} INFO - 24/12/09 13:57:31 INFO TaskSchedulerImpl: Removed TaskSet 1.0, whose tasks have all completed, from pool
[2024-12-09T13:57:31.795+0000] {spark_submit.py:634} INFO - 24/12/09 13:57:31 INFO DAGScheduler: ResultStage 1 (collect at wordcount.scala:14) finished in 0.284 s
[2024-12-09T13:57:31.797+0000] {spark_submit.py:634} INFO - 24/12/09 13:57:31 INFO DAGScheduler: Job 0 is finished. Cancelling potential speculative or zombie tasks for this job
[2024-12-09T13:57:31.797+0000] {spark_submit.py:634} INFO - 24/12/09 13:57:31 INFO TaskSchedulerImpl: Killing all running tasks in stage 1: Stage finished
[2024-12-09T13:57:31.801+0000] {spark_submit.py:634} INFO - 24/12/09 13:57:31 INFO DAGScheduler: Job 0 finished: collect at wordcount.scala:14, took 5.511256 s
[2024-12-09T13:57:31.806+0000] {spark_submit.py:634} INFO - (Hello,5)
[2024-12-09T13:57:31.807+0000] {spark_submit.py:634} INFO - (Yusuf,1)
[2024-12-09T13:57:31.807+0000] {spark_submit.py:634} INFO - (World,1)
[2024-12-09T13:57:31.807+0000] {spark_submit.py:634} INFO - (Scala,1)
[2024-12-09T13:57:31.808+0000] {spark_submit.py:634} INFO - (Docker,1)
[2024-12-09T13:57:31.809+0000] {spark_submit.py:634} INFO - (spark,1)
[2024-12-09T13:57:31.809+0000] {spark_submit.py:634} INFO - 24/12/09 13:57:31 INFO SparkContext: SparkContext is stopping with exitCode 0.
[2024-12-09T13:57:31.819+0000] {spark_submit.py:634} INFO - 24/12/09 13:57:31 INFO SparkUI: Stopped Spark web UI at http://2a892a3469ec:4041
[2024-12-09T13:57:31.822+0000] {spark_submit.py:634} INFO - 24/12/09 13:57:31 INFO StandaloneSchedulerBackend: Shutting down all executors
[2024-12-09T13:57:31.823+0000] {spark_submit.py:634} INFO - 24/12/09 13:57:31 INFO StandaloneSchedulerBackend$StandaloneDriverEndpoint: Asking each executor to shut down
[2024-12-09T13:57:31.851+0000] {spark_submit.py:634} INFO - 24/12/09 13:57:31 INFO MapOutputTrackerMasterEndpoint: MapOutputTrackerMasterEndpoint stopped!
[2024-12-09T13:57:31.892+0000] {spark_submit.py:634} INFO - 24/12/09 13:57:31 INFO MemoryStore: MemoryStore cleared
[2024-12-09T13:57:31.893+0000] {spark_submit.py:634} INFO - 24/12/09 13:57:31 INFO BlockManager: BlockManager stopped
[2024-12-09T13:57:31.903+0000] {spark_submit.py:634} INFO - 24/12/09 13:57:31 INFO BlockManagerMaster: BlockManagerMaster stopped
[2024-12-09T13:57:31.904+0000] {spark_submit.py:634} INFO - 24/12/09 13:57:31 INFO OutputCommitCoordinator$OutputCommitCoordinatorEndpoint: OutputCommitCoordinator stopped!
[2024-12-09T13:57:31.923+0000] {spark_submit.py:634} INFO - 24/12/09 13:57:31 INFO SparkContext: Successfully stopped SparkContext
[2024-12-09T13:57:31.927+0000] {spark_submit.py:634} INFO - 24/12/09 13:57:31 INFO ShutdownHookManager: Shutdown hook called
[2024-12-09T13:57:31.927+0000] {spark_submit.py:634} INFO - 24/12/09 13:57:31 INFO ShutdownHookManager: Deleting directory /tmp/spark-e485840d-0098-4ba4-8647-974bc0ecb3bf
[2024-12-09T13:57:31.932+0000] {spark_submit.py:634} INFO - 24/12/09 13:57:31 INFO ShutdownHookManager: Deleting directory /tmp/spark-35a82121-7e72-402c-84db-a2e0de4a5a7d
[2024-12-09T13:57:32.018+0000] {taskinstance.py:340} INFO - ::group::Post task execution logs
[2024-12-09T13:57:32.019+0000] {taskinstance.py:352} INFO - Marking task as SUCCESS. dag_id=sparking_flow, task_id=scala_job, run_id=manual__2024-12-09T13:57:16.355284+00:00, execution_date=20241209T135716, start_date=20241209T135718, end_date=20241209T135732
[2024-12-09T13:57:32.081+0000] {local_task_job_runner.py:266} INFO - Task exited with return code 0
[2024-12-09T13:57:32.104+0000] {taskinstance.py:3895} INFO - 0 downstream tasks scheduled from follow-on schedule check
[2024-12-09T13:57:32.105+0000] {local_task_job_runner.py:245} INFO - ::endgroup::
