[2024-12-09T11:08:39.935+0000] {local_task_job_runner.py:123} INFO - ::group::Pre task execution logs
[2024-12-09T11:08:39.949+0000] {taskinstance.py:2613} INFO - Dependencies all met for dep_context=non-requeueable deps ti=<TaskInstance: sparking_flow.java_job manual__2024-12-09T11:08:38.053416+00:00 [queued]>
[2024-12-09T11:08:39.956+0000] {taskinstance.py:2613} INFO - Dependencies all met for dep_context=requeueable deps ti=<TaskInstance: sparking_flow.java_job manual__2024-12-09T11:08:38.053416+00:00 [queued]>
[2024-12-09T11:08:39.956+0000] {taskinstance.py:2866} INFO - Starting attempt 1 of 1
[2024-12-09T11:08:39.968+0000] {taskinstance.py:2889} INFO - Executing <Task(SparkSubmitOperator): java_job> on 2024-12-09 11:08:38.053416+00:00
[2024-12-09T11:08:39.975+0000] {logging_mixin.py:190} WARNING - /home/***/.local/lib/python3.12/site-packages/***/task/task_runner/standard_task_runner.py:70 DeprecationWarning: This process (pid=187) is multi-threaded, use of fork() may lead to deadlocks in the child.
[2024-12-09T11:08:39.976+0000] {standard_task_runner.py:72} INFO - Started process 190 to run task
[2024-12-09T11:08:39.975+0000] {standard_task_runner.py:104} INFO - Running: ['***', 'tasks', 'run', 'sparking_flow', 'java_job', 'manual__2024-12-09T11:08:38.053416+00:00', '--job-id', '355', '--raw', '--subdir', 'DAGS_FOLDER/spark_***.py', '--cfg-path', '/tmp/tmp30_mshhd']
[2024-12-09T11:08:39.977+0000] {standard_task_runner.py:105} INFO - Job 355: Subtask java_job
[2024-12-09T11:08:40.029+0000] {task_command.py:467} INFO - Running <TaskInstance: sparking_flow.java_job manual__2024-12-09T11:08:38.053416+00:00 [running]> on host 2a892a3469ec
[2024-12-09T11:08:40.110+0000] {taskinstance.py:3132} INFO - Exporting env vars: AIRFLOW_CTX_DAG_OWNER='Yusuf Ganiyu' AIRFLOW_CTX_DAG_ID='sparking_flow' AIRFLOW_CTX_TASK_ID='java_job' AIRFLOW_CTX_EXECUTION_DATE='2024-12-09T11:08:38.053416+00:00' AIRFLOW_CTX_TRY_NUMBER='1' AIRFLOW_CTX_DAG_RUN_ID='manual__2024-12-09T11:08:38.053416+00:00'
[2024-12-09T11:08:40.111+0000] {taskinstance.py:731} INFO - ::endgroup::
[2024-12-09T11:08:40.135+0000] {base.py:84} INFO - Retrieving connection 'spark-conn'
[2024-12-09T11:08:40.140+0000] {spark_submit.py:473} INFO - Spark-Submit cmd: spark-submit --master spark://sparkingflow-spark-master-1:7077 --name arrow-spark --class com.airscholar.spark.WordCountJob --deploy-mode client jobs/java/spark-job/target/spark-job-1.0-SNAPSHOT.jar
[2024-12-09T11:08:42.749+0000] {spark_submit.py:634} INFO - 24/12/09 11:08:42 INFO SparkContext: Running Spark version 3.5.3
[2024-12-09T11:08:42.750+0000] {spark_submit.py:634} INFO - 24/12/09 11:08:42 INFO SparkContext: OS info Linux, 6.10.14-linuxkit, aarch64
[2024-12-09T11:08:42.750+0000] {spark_submit.py:634} INFO - 24/12/09 11:08:42 INFO SparkContext: Java version 17.0.13
[2024-12-09T11:08:42.861+0000] {spark_submit.py:634} INFO - 24/12/09 11:08:42 WARN NativeCodeLoader: Unable to load native-hadoop library for your platform... using builtin-java classes where applicable
[2024-12-09T11:08:43.006+0000] {spark_submit.py:634} INFO - 24/12/09 11:08:43 INFO ResourceUtils: ==============================================================
[2024-12-09T11:08:43.007+0000] {spark_submit.py:634} INFO - 24/12/09 11:08:43 INFO ResourceUtils: No custom resources configured for spark.driver.
[2024-12-09T11:08:43.008+0000] {spark_submit.py:634} INFO - 24/12/09 11:08:43 INFO ResourceUtils: ==============================================================
[2024-12-09T11:08:43.008+0000] {spark_submit.py:634} INFO - 24/12/09 11:08:43 INFO SparkContext: Submitted application: Word Count Job
[2024-12-09T11:08:43.046+0000] {spark_submit.py:634} INFO - 24/12/09 11:08:43 INFO ResourceProfile: Default ResourceProfile created, executor resources: Map(cores -> name: cores, amount: 1, script: , vendor: , memory -> name: memory, amount: 1024, script: , vendor: , offHeap -> name: offHeap, amount: 0, script: , vendor: ), task resources: Map(cpus -> name: cpus, amount: 1.0)
[2024-12-09T11:08:43.063+0000] {spark_submit.py:634} INFO - 24/12/09 11:08:43 INFO ResourceProfile: Limiting resource is cpu
[2024-12-09T11:08:43.066+0000] {spark_submit.py:634} INFO - 24/12/09 11:08:43 INFO ResourceProfileManager: Added ResourceProfile id: 0
[2024-12-09T11:08:43.136+0000] {spark_submit.py:634} INFO - 24/12/09 11:08:43 INFO SecurityManager: Changing view acls to: ***
[2024-12-09T11:08:43.138+0000] {spark_submit.py:634} INFO - 24/12/09 11:08:43 INFO SecurityManager: Changing modify acls to: ***
[2024-12-09T11:08:43.139+0000] {spark_submit.py:634} INFO - 24/12/09 11:08:43 INFO SecurityManager: Changing view acls groups to:
[2024-12-09T11:08:43.141+0000] {spark_submit.py:634} INFO - 24/12/09 11:08:43 INFO SecurityManager: Changing modify acls groups to:
[2024-12-09T11:08:43.141+0000] {spark_submit.py:634} INFO - 24/12/09 11:08:43 INFO SecurityManager: SecurityManager: authentication disabled; ui acls disabled; users with view permissions: ***; groups with view permissions: EMPTY; users with modify permissions: ***; groups with modify permissions: EMPTY
[2024-12-09T11:08:43.421+0000] {spark_submit.py:634} INFO - 24/12/09 11:08:43 INFO Utils: Successfully started service 'sparkDriver' on port 33473.
[2024-12-09T11:08:43.458+0000] {spark_submit.py:634} INFO - 24/12/09 11:08:43 INFO SparkEnv: Registering MapOutputTracker
[2024-12-09T11:08:43.498+0000] {spark_submit.py:634} INFO - 24/12/09 11:08:43 INFO SparkEnv: Registering BlockManagerMaster
[2024-12-09T11:08:43.515+0000] {spark_submit.py:634} INFO - 24/12/09 11:08:43 INFO BlockManagerMasterEndpoint: Using org.apache.spark.storage.DefaultTopologyMapper for getting topology information
[2024-12-09T11:08:43.516+0000] {spark_submit.py:634} INFO - 24/12/09 11:08:43 INFO BlockManagerMasterEndpoint: BlockManagerMasterEndpoint up
[2024-12-09T11:08:43.520+0000] {spark_submit.py:634} INFO - 24/12/09 11:08:43 INFO SparkEnv: Registering BlockManagerMasterHeartbeat
[2024-12-09T11:08:43.541+0000] {spark_submit.py:634} INFO - 24/12/09 11:08:43 INFO DiskBlockManager: Created local directory at /tmp/blockmgr-84d030a3-297d-466b-9e23-625987274edb
[2024-12-09T11:08:43.556+0000] {spark_submit.py:634} INFO - 24/12/09 11:08:43 INFO MemoryStore: MemoryStore started with capacity 434.4 MiB
[2024-12-09T11:08:43.570+0000] {spark_submit.py:634} INFO - 24/12/09 11:08:43 INFO SparkEnv: Registering OutputCommitCoordinator
[2024-12-09T11:08:43.695+0000] {spark_submit.py:634} INFO - 24/12/09 11:08:43 INFO JettyUtils: Start Jetty 0.0.0.0:4040 for SparkUI
[2024-12-09T11:08:43.765+0000] {spark_submit.py:634} INFO - 24/12/09 11:08:43 INFO Utils: Successfully started service 'SparkUI' on port 4040.
[2024-12-09T11:08:43.839+0000] {spark_submit.py:634} INFO - 24/12/09 11:08:43 INFO SparkContext: Added JAR file:/opt/***/jobs/java/spark-job/target/spark-job-1.0-SNAPSHOT.jar at spark://2a892a3469ec:33473/jars/spark-job-1.0-SNAPSHOT.jar with timestamp 1733742522725
[2024-12-09T11:08:43.958+0000] {spark_submit.py:634} INFO - 24/12/09 11:08:43 INFO Executor: Starting executor ID driver on host 2a892a3469ec
[2024-12-09T11:08:43.958+0000] {spark_submit.py:634} INFO - 24/12/09 11:08:43 INFO Executor: OS info Linux, 6.10.14-linuxkit, aarch64
[2024-12-09T11:08:43.959+0000] {spark_submit.py:634} INFO - 24/12/09 11:08:43 INFO Executor: Java version 17.0.13
[2024-12-09T11:08:43.966+0000] {spark_submit.py:634} INFO - 24/12/09 11:08:43 INFO Executor: Starting executor with user classpath (userClassPathFirst = false): ''
[2024-12-09T11:08:43.967+0000] {spark_submit.py:634} INFO - 24/12/09 11:08:43 INFO Executor: Created or updated repl class loader org.apache.spark.util.MutableURLClassLoader@6fbb4061 for default.
[2024-12-09T11:08:44.001+0000] {spark_submit.py:634} INFO - 24/12/09 11:08:44 INFO Executor: Fetching spark://2a892a3469ec:33473/jars/spark-job-1.0-SNAPSHOT.jar with timestamp 1733742522725
[2024-12-09T11:08:44.086+0000] {spark_submit.py:634} INFO - 24/12/09 11:08:44 INFO TransportClientFactory: Successfully created connection to 2a892a3469ec/172.18.0.4:33473 after 50 ms (0 ms spent in bootstraps)
[2024-12-09T11:08:44.093+0000] {spark_submit.py:634} INFO - 24/12/09 11:08:44 INFO Utils: Fetching spark://2a892a3469ec:33473/jars/spark-job-1.0-SNAPSHOT.jar to /tmp/spark-55dfea5f-7bdb-42bd-8c79-47fe47ef982b/userFiles-879138b9-17db-43a3-81b0-8556d906b8b8/fetchFileTemp2155953830018011045.tmp
[2024-12-09T11:08:44.136+0000] {spark_submit.py:634} INFO - 24/12/09 11:08:44 INFO Executor: Adding file:/tmp/spark-55dfea5f-7bdb-42bd-8c79-47fe47ef982b/userFiles-879138b9-17db-43a3-81b0-8556d906b8b8/spark-job-1.0-SNAPSHOT.jar to class loader default
[2024-12-09T11:08:44.146+0000] {spark_submit.py:634} INFO - 24/12/09 11:08:44 INFO Utils: Successfully started service 'org.apache.spark.network.netty.NettyBlockTransferService' on port 33017.
[2024-12-09T11:08:44.148+0000] {spark_submit.py:634} INFO - 24/12/09 11:08:44 INFO NettyBlockTransferService: Server created on 2a892a3469ec:33017
[2024-12-09T11:08:44.149+0000] {spark_submit.py:634} INFO - 24/12/09 11:08:44 INFO BlockManager: Using org.apache.spark.storage.RandomBlockReplicationPolicy for block replication policy
[2024-12-09T11:08:44.157+0000] {spark_submit.py:634} INFO - 24/12/09 11:08:44 INFO BlockManagerMaster: Registering BlockManager BlockManagerId(driver, 2a892a3469ec, 33017, None)
[2024-12-09T11:08:44.161+0000] {spark_submit.py:634} INFO - 24/12/09 11:08:44 INFO BlockManagerMasterEndpoint: Registering block manager 2a892a3469ec:33017 with 434.4 MiB RAM, BlockManagerId(driver, 2a892a3469ec, 33017, None)
[2024-12-09T11:08:44.166+0000] {spark_submit.py:634} INFO - 24/12/09 11:08:44 INFO BlockManagerMaster: Registered BlockManager BlockManagerId(driver, 2a892a3469ec, 33017, None)
[2024-12-09T11:08:44.167+0000] {spark_submit.py:634} INFO - 24/12/09 11:08:44 INFO BlockManager: Initialized BlockManager: BlockManagerId(driver, 2a892a3469ec, 33017, None)
[2024-12-09T11:08:45.611+0000] {spark_submit.py:634} INFO - 24/12/09 11:08:45 INFO SparkContext: Starting job: collect at WordCountJob.java:37
[2024-12-09T11:08:45.665+0000] {spark_submit.py:634} INFO - 24/12/09 11:08:45 INFO DAGScheduler: Registering RDD 2 (mapToPair at WordCountJob.java:33) as input to shuffle 0
[2024-12-09T11:08:45.682+0000] {spark_submit.py:634} INFO - 24/12/09 11:08:45 INFO DAGScheduler: Got job 0 (collect at WordCountJob.java:37) with 1 output partitions
[2024-12-09T11:08:45.685+0000] {spark_submit.py:634} INFO - 24/12/09 11:08:45 INFO DAGScheduler: Final stage: ResultStage 1 (collect at WordCountJob.java:37)
[2024-12-09T11:08:45.686+0000] {spark_submit.py:634} INFO - 24/12/09 11:08:45 INFO DAGScheduler: Parents of final stage: List(ShuffleMapStage 0)
[2024-12-09T11:08:45.688+0000] {spark_submit.py:634} INFO - 24/12/09 11:08:45 INFO DAGScheduler: Missing parents: List(ShuffleMapStage 0)
[2024-12-09T11:08:45.698+0000] {spark_submit.py:634} INFO - 24/12/09 11:08:45 INFO DAGScheduler: Submitting ShuffleMapStage 0 (MapPartitionsRDD[2] at mapToPair at WordCountJob.java:33), which has no missing parents
[2024-12-09T11:08:45.929+0000] {spark_submit.py:634} INFO - 24/12/09 11:08:45 INFO MemoryStore: Block broadcast_0 stored as values in memory (estimated size 6.4 KiB, free 434.4 MiB)
[2024-12-09T11:08:46.008+0000] {spark_submit.py:634} INFO - 24/12/09 11:08:46 INFO MemoryStore: Block broadcast_0_piece0 stored as bytes in memory (estimated size 3.4 KiB, free 434.4 MiB)
[2024-12-09T11:08:46.014+0000] {spark_submit.py:634} INFO - 24/12/09 11:08:46 INFO BlockManagerInfo: Added broadcast_0_piece0 in memory on 2a892a3469ec:33017 (size: 3.4 KiB, free: 434.4 MiB)
[2024-12-09T11:08:46.020+0000] {spark_submit.py:634} INFO - 24/12/09 11:08:46 INFO SparkContext: Created broadcast 0 from broadcast at DAGScheduler.scala:1585
[2024-12-09T11:08:46.049+0000] {spark_submit.py:634} INFO - 24/12/09 11:08:46 INFO DAGScheduler: Submitting 1 missing tasks from ShuffleMapStage 0 (MapPartitionsRDD[2] at mapToPair at WordCountJob.java:33) (first 15 tasks are for partitions Vector(0))
[2024-12-09T11:08:46.051+0000] {spark_submit.py:634} INFO - 24/12/09 11:08:46 INFO TaskSchedulerImpl: Adding task set 0.0 with 1 tasks resource profile 0
[2024-12-09T11:08:46.123+0000] {spark_submit.py:634} INFO - 24/12/09 11:08:46 INFO TaskSetManager: Starting task 0.0 in stage 0.0 (TID 0) (2a892a3469ec, executor driver, partition 0, PROCESS_LOCAL, 9249 bytes)
[2024-12-09T11:08:46.145+0000] {spark_submit.py:634} INFO - 24/12/09 11:08:46 INFO Executor: Running task 0.0 in stage 0.0 (TID 0)
[2024-12-09T11:08:46.331+0000] {spark_submit.py:634} INFO - 24/12/09 11:08:46 INFO Executor: Finished task 0.0 in stage 0.0 (TID 0). 1216 bytes result sent to driver
[2024-12-09T11:08:46.346+0000] {spark_submit.py:634} INFO - 24/12/09 11:08:46 INFO TaskSetManager: Finished task 0.0 in stage 0.0 (TID 0) in 251 ms on 2a892a3469ec (executor driver) (1/1)
[2024-12-09T11:08:46.349+0000] {spark_submit.py:634} INFO - 24/12/09 11:08:46 INFO TaskSchedulerImpl: Removed TaskSet 0.0, whose tasks have all completed, from pool
[2024-12-09T11:08:46.365+0000] {spark_submit.py:634} INFO - 24/12/09 11:08:46 INFO DAGScheduler: ShuffleMapStage 0 (mapToPair at WordCountJob.java:33) finished in 0.585 s
[2024-12-09T11:08:46.366+0000] {spark_submit.py:634} INFO - 24/12/09 11:08:46 INFO DAGScheduler: looking for newly runnable stages
[2024-12-09T11:08:46.366+0000] {spark_submit.py:634} INFO - 24/12/09 11:08:46 INFO DAGScheduler: running: Set()
[2024-12-09T11:08:46.371+0000] {spark_submit.py:634} INFO - 24/12/09 11:08:46 INFO DAGScheduler: waiting: Set(ResultStage 1)
[2024-12-09T11:08:46.374+0000] {spark_submit.py:634} INFO - 24/12/09 11:08:46 INFO DAGScheduler: failed: Set()
[2024-12-09T11:08:46.376+0000] {spark_submit.py:634} INFO - 24/12/09 11:08:46 INFO DAGScheduler: Submitting ResultStage 1 (ShuffledRDD[3] at reduceByKey at WordCountJob.java:34), which has no missing parents
[2024-12-09T11:08:46.390+0000] {spark_submit.py:634} INFO - 24/12/09 11:08:46 INFO MemoryStore: Block broadcast_1 stored as values in memory (estimated size 5.2 KiB, free 434.4 MiB)
[2024-12-09T11:08:46.401+0000] {spark_submit.py:634} INFO - 24/12/09 11:08:46 INFO MemoryStore: Block broadcast_1_piece0 stored as bytes in memory (estimated size 2.9 KiB, free 434.4 MiB)
[2024-12-09T11:08:46.403+0000] {spark_submit.py:634} INFO - 24/12/09 11:08:46 INFO BlockManagerInfo: Added broadcast_1_piece0 in memory on 2a892a3469ec:33017 (size: 2.9 KiB, free: 434.4 MiB)
[2024-12-09T11:08:46.404+0000] {spark_submit.py:634} INFO - 24/12/09 11:08:46 INFO SparkContext: Created broadcast 1 from broadcast at DAGScheduler.scala:1585
[2024-12-09T11:08:46.405+0000] {spark_submit.py:634} INFO - 24/12/09 11:08:46 INFO DAGScheduler: Submitting 1 missing tasks from ResultStage 1 (ShuffledRDD[3] at reduceByKey at WordCountJob.java:34) (first 15 tasks are for partitions Vector(0))
[2024-12-09T11:08:46.405+0000] {spark_submit.py:634} INFO - 24/12/09 11:08:46 INFO TaskSchedulerImpl: Adding task set 1.0 with 1 tasks resource profile 0
[2024-12-09T11:08:46.414+0000] {spark_submit.py:634} INFO - 24/12/09 11:08:46 INFO TaskSetManager: Starting task 0.0 in stage 1.0 (TID 1) (2a892a3469ec, executor driver, partition 0, NODE_LOCAL, 9002 bytes)
[2024-12-09T11:08:46.417+0000] {spark_submit.py:634} INFO - 24/12/09 11:08:46 INFO Executor: Running task 0.0 in stage 1.0 (TID 1)
[2024-12-09T11:08:46.476+0000] {spark_submit.py:634} INFO - 24/12/09 11:08:46 INFO ShuffleBlockFetcherIterator: Getting 1 (189.0 B) non-empty blocks including 1 (189.0 B) local and 0 (0.0 B) host-local and 0 (0.0 B) push-merged-local and 0 (0.0 B) remote blocks
[2024-12-09T11:08:46.483+0000] {spark_submit.py:634} INFO - 24/12/09 11:08:46 INFO ShuffleBlockFetcherIterator: Started 0 remote fetches in 17 ms
[2024-12-09T11:08:46.516+0000] {spark_submit.py:634} INFO - 24/12/09 11:08:46 INFO Executor: Finished task 0.0 in stage 1.0 (TID 1). 2001 bytes result sent to driver
[2024-12-09T11:08:46.522+0000] {spark_submit.py:634} INFO - 24/12/09 11:08:46 INFO TaskSetManager: Finished task 0.0 in stage 1.0 (TID 1) in 110 ms on 2a892a3469ec (executor driver) (1/1)
[2024-12-09T11:08:46.523+0000] {spark_submit.py:634} INFO - 24/12/09 11:08:46 INFO TaskSchedulerImpl: Removed TaskSet 1.0, whose tasks have all completed, from pool
[2024-12-09T11:08:46.525+0000] {spark_submit.py:634} INFO - 24/12/09 11:08:46 INFO DAGScheduler: ResultStage 1 (collect at WordCountJob.java:37) finished in 0.137 s
[2024-12-09T11:08:46.533+0000] {spark_submit.py:634} INFO - 24/12/09 11:08:46 INFO DAGScheduler: Job 0 is finished. Cancelling potential speculative or zombie tasks for this job
[2024-12-09T11:08:46.534+0000] {spark_submit.py:634} INFO - 24/12/09 11:08:46 INFO TaskSchedulerImpl: Killing all running tasks in stage 1: Stage finished
[2024-12-09T11:08:46.539+0000] {spark_submit.py:634} INFO - 24/12/09 11:08:46 INFO DAGScheduler: Job 0 finished: collect at WordCountJob.java:37, took 0.929814 s
[2024-12-09T11:08:46.543+0000] {spark_submit.py:634} INFO - spark: 1
[2024-12-09T11:08:46.544+0000] {spark_submit.py:634} INFO - docker: 1
[2024-12-09T11:08:46.545+0000] {spark_submit.py:634} INFO - Yusuf: 1
[2024-12-09T11:08:46.549+0000] {spark_submit.py:634} INFO - hello: 5
[2024-12-09T11:08:46.550+0000] {spark_submit.py:634} INFO - java: 1
[2024-12-09T11:08:46.552+0000] {spark_submit.py:634} INFO - world: 1
[2024-12-09T11:08:46.553+0000] {spark_submit.py:634} INFO - 24/12/09 11:08:46 INFO SparkContext: SparkContext is stopping with exitCode 0.
[2024-12-09T11:08:46.566+0000] {spark_submit.py:634} INFO - 24/12/09 11:08:46 INFO SparkUI: Stopped Spark web UI at http://2a892a3469ec:4040
[2024-12-09T11:08:46.589+0000] {spark_submit.py:634} INFO - 24/12/09 11:08:46 INFO MapOutputTrackerMasterEndpoint: MapOutputTrackerMasterEndpoint stopped!
[2024-12-09T11:08:46.607+0000] {spark_submit.py:634} INFO - 24/12/09 11:08:46 INFO MemoryStore: MemoryStore cleared
[2024-12-09T11:08:46.610+0000] {spark_submit.py:634} INFO - 24/12/09 11:08:46 INFO BlockManager: BlockManager stopped
[2024-12-09T11:08:46.625+0000] {spark_submit.py:634} INFO - 24/12/09 11:08:46 INFO BlockManagerMaster: BlockManagerMaster stopped
[2024-12-09T11:08:46.626+0000] {spark_submit.py:634} INFO - 24/12/09 11:08:46 INFO OutputCommitCoordinator$OutputCommitCoordinatorEndpoint: OutputCommitCoordinator stopped!
[2024-12-09T11:08:46.646+0000] {spark_submit.py:634} INFO - 24/12/09 11:08:46 INFO SparkContext: Successfully stopped SparkContext
[2024-12-09T11:08:46.651+0000] {spark_submit.py:634} INFO - 24/12/09 11:08:46 INFO ShutdownHookManager: Shutdown hook called
[2024-12-09T11:08:46.652+0000] {spark_submit.py:634} INFO - 24/12/09 11:08:46 INFO ShutdownHookManager: Deleting directory /tmp/spark-e2d7c719-b7de-4116-b61a-81300ca9a954
[2024-12-09T11:08:46.658+0000] {spark_submit.py:634} INFO - 24/12/09 11:08:46 INFO ShutdownHookManager: Deleting directory /tmp/spark-55dfea5f-7bdb-42bd-8c79-47fe47ef982b
[2024-12-09T11:08:46.745+0000] {taskinstance.py:340} INFO - ::group::Post task execution logs
[2024-12-09T11:08:46.751+0000] {taskinstance.py:352} INFO - Marking task as SUCCESS. dag_id=sparking_flow, task_id=java_job, run_id=manual__2024-12-09T11:08:38.053416+00:00, execution_date=20241209T110838, start_date=20241209T110839, end_date=20241209T110846
[2024-12-09T11:08:46.815+0000] {local_task_job_runner.py:266} INFO - Task exited with return code 0
[2024-12-09T11:08:46.845+0000] {taskinstance.py:3895} INFO - 0 downstream tasks scheduled from follow-on schedule check
[2024-12-09T11:08:46.847+0000] {local_task_job_runner.py:245} INFO - ::endgroup::
