[2024-12-04T16:16:55.353+0000] {local_task_job_runner.py:123} INFO - ::group::Pre task execution logs
[2024-12-04T16:16:55.376+0000] {taskinstance.py:2613} INFO - Dependencies all met for dep_context=non-requeueable deps ti=<TaskInstance: sparking_flow.java_job manual__2024-12-04T16:16:53.081717+00:00 [queued]>
[2024-12-04T16:16:55.387+0000] {taskinstance.py:2613} INFO - Dependencies all met for dep_context=requeueable deps ti=<TaskInstance: sparking_flow.java_job manual__2024-12-04T16:16:53.081717+00:00 [queued]>
[2024-12-04T16:16:55.389+0000] {taskinstance.py:2866} INFO - Starting attempt 1 of 1
[2024-12-04T16:16:55.401+0000] {taskinstance.py:2889} INFO - Executing <Task(SparkSubmitOperator): java_job> on 2024-12-04 16:16:53.081717+00:00
[2024-12-04T16:16:55.409+0000] {logging_mixin.py:190} WARNING - /home/***/.local/lib/python3.12/site-packages/***/task/task_runner/standard_task_runner.py:70 DeprecationWarning: This process (pid=186) is multi-threaded, use of fork() may lead to deadlocks in the child.
[2024-12-04T16:16:55.408+0000] {standard_task_runner.py:104} INFO - Running: ['***', 'tasks', 'run', 'sparking_flow', 'java_job', 'manual__2024-12-04T16:16:53.081717+00:00', '--job-id', '80', '--raw', '--subdir', 'DAGS_FOLDER/spark_***.py', '--cfg-path', '/tmp/tmp4qqa0ifa']
[2024-12-04T16:16:55.410+0000] {standard_task_runner.py:72} INFO - Started process 189 to run task
[2024-12-04T16:16:55.411+0000] {standard_task_runner.py:105} INFO - Job 80: Subtask java_job
[2024-12-04T16:16:55.462+0000] {task_command.py:467} INFO - Running <TaskInstance: sparking_flow.java_job manual__2024-12-04T16:16:53.081717+00:00 [running]> on host 2a892a3469ec
[2024-12-04T16:16:55.538+0000] {taskinstance.py:3132} INFO - Exporting env vars: AIRFLOW_CTX_DAG_OWNER='Yusuf Ganiyu' AIRFLOW_CTX_DAG_ID='sparking_flow' AIRFLOW_CTX_TASK_ID='java_job' AIRFLOW_CTX_EXECUTION_DATE='2024-12-04T16:16:53.081717+00:00' AIRFLOW_CTX_TRY_NUMBER='1' AIRFLOW_CTX_DAG_RUN_ID='manual__2024-12-04T16:16:53.081717+00:00'
[2024-12-04T16:16:55.539+0000] {taskinstance.py:731} INFO - ::endgroup::
[2024-12-04T16:16:55.559+0000] {base.py:84} INFO - Retrieving connection 'spark-conn'
[2024-12-04T16:16:55.560+0000] {spark_submit.py:473} INFO - Spark-Submit cmd: spark-submit --master spark://sparkingflow-spark-master-1:7077 --name arrow-spark --class com.airscholar.spark.WordCountJob --deploy-mode client jobs/java/spark-job/target/spark-job-1.0-SNAPSHOT.jar
[2024-12-04T16:16:58.995+0000] {spark_submit.py:634} INFO - 24/12/04 16:16:58 INFO SparkContext: Running Spark version 3.5.3
[2024-12-04T16:16:59.008+0000] {spark_submit.py:634} INFO - 24/12/04 16:16:58 INFO SparkContext: OS info Linux, 6.10.14-linuxkit, aarch64
[2024-12-04T16:16:59.009+0000] {spark_submit.py:634} INFO - 24/12/04 16:16:59 INFO SparkContext: Java version 17.0.13
[2024-12-04T16:16:59.119+0000] {spark_submit.py:634} INFO - 24/12/04 16:16:59 WARN NativeCodeLoader: Unable to load native-hadoop library for your platform... using builtin-java classes where applicable
[2024-12-04T16:16:59.293+0000] {spark_submit.py:634} INFO - 24/12/04 16:16:59 INFO ResourceUtils: ==============================================================
[2024-12-04T16:16:59.294+0000] {spark_submit.py:634} INFO - 24/12/04 16:16:59 INFO ResourceUtils: No custom resources configured for spark.driver.
[2024-12-04T16:16:59.294+0000] {spark_submit.py:634} INFO - 24/12/04 16:16:59 INFO ResourceUtils: ==============================================================
[2024-12-04T16:16:59.295+0000] {spark_submit.py:634} INFO - 24/12/04 16:16:59 INFO SparkContext: Submitted application: Word Count Job
[2024-12-04T16:16:59.336+0000] {spark_submit.py:634} INFO - 24/12/04 16:16:59 INFO ResourceProfile: Default ResourceProfile created, executor resources: Map(cores -> name: cores, amount: 1, script: , vendor: , memory -> name: memory, amount: 1024, script: , vendor: , offHeap -> name: offHeap, amount: 0, script: , vendor: ), task resources: Map(cpus -> name: cpus, amount: 1.0)
[2024-12-04T16:16:59.360+0000] {spark_submit.py:634} INFO - 24/12/04 16:16:59 INFO ResourceProfile: Limiting resource is cpu
[2024-12-04T16:16:59.372+0000] {spark_submit.py:634} INFO - 24/12/04 16:16:59 INFO ResourceProfileManager: Added ResourceProfile id: 0
[2024-12-04T16:16:59.444+0000] {spark_submit.py:634} INFO - 24/12/04 16:16:59 INFO SecurityManager: Changing view acls to: ***
[2024-12-04T16:16:59.445+0000] {spark_submit.py:634} INFO - 24/12/04 16:16:59 INFO SecurityManager: Changing modify acls to: ***
[2024-12-04T16:16:59.447+0000] {spark_submit.py:634} INFO - 24/12/04 16:16:59 INFO SecurityManager: Changing view acls groups to:
[2024-12-04T16:16:59.450+0000] {spark_submit.py:634} INFO - 24/12/04 16:16:59 INFO SecurityManager: Changing modify acls groups to:
[2024-12-04T16:16:59.451+0000] {spark_submit.py:634} INFO - 24/12/04 16:16:59 INFO SecurityManager: SecurityManager: authentication disabled; ui acls disabled; users with view permissions: ***; groups with view permissions: EMPTY; users with modify permissions: ***; groups with modify permissions: EMPTY
[2024-12-04T16:16:59.784+0000] {spark_submit.py:634} INFO - 24/12/04 16:16:59 INFO Utils: Successfully started service 'sparkDriver' on port 45025.
[2024-12-04T16:16:59.833+0000] {spark_submit.py:634} INFO - 24/12/04 16:16:59 INFO SparkEnv: Registering MapOutputTracker
[2024-12-04T16:16:59.879+0000] {spark_submit.py:634} INFO - 24/12/04 16:16:59 INFO SparkEnv: Registering BlockManagerMaster
[2024-12-04T16:16:59.905+0000] {spark_submit.py:634} INFO - 24/12/04 16:16:59 INFO BlockManagerMasterEndpoint: Using org.apache.spark.storage.DefaultTopologyMapper for getting topology information
[2024-12-04T16:16:59.906+0000] {spark_submit.py:634} INFO - 24/12/04 16:16:59 INFO BlockManagerMasterEndpoint: BlockManagerMasterEndpoint up
[2024-12-04T16:16:59.910+0000] {spark_submit.py:634} INFO - 24/12/04 16:16:59 INFO SparkEnv: Registering BlockManagerMasterHeartbeat
[2024-12-04T16:16:59.936+0000] {spark_submit.py:634} INFO - 24/12/04 16:16:59 INFO DiskBlockManager: Created local directory at /tmp/blockmgr-b6739794-feaa-4ec0-884c-9505becb2b7f
[2024-12-04T16:16:59.958+0000] {spark_submit.py:634} INFO - 24/12/04 16:16:59 INFO MemoryStore: MemoryStore started with capacity 434.4 MiB
[2024-12-04T16:16:59.980+0000] {spark_submit.py:634} INFO - 24/12/04 16:16:59 INFO SparkEnv: Registering OutputCommitCoordinator
[2024-12-04T16:17:00.215+0000] {spark_submit.py:634} INFO - 24/12/04 16:17:00 INFO JettyUtils: Start Jetty 0.0.0.0:4040 for SparkUI
[2024-12-04T16:17:00.310+0000] {spark_submit.py:634} INFO - 24/12/04 16:17:00 INFO Utils: Successfully started service 'SparkUI' on port 4040.
[2024-12-04T16:17:00.421+0000] {spark_submit.py:634} INFO - 24/12/04 16:17:00 INFO SparkContext: Added JAR file:/opt/***/jobs/java/spark-job/target/spark-job-1.0-SNAPSHOT.jar at spark://2a892a3469ec:45025/jars/spark-job-1.0-SNAPSHOT.jar with timestamp 1733329018980
[2024-12-04T16:17:00.659+0000] {spark_submit.py:634} INFO - 24/12/04 16:17:00 INFO Executor: Starting executor ID driver on host 2a892a3469ec
[2024-12-04T16:17:00.660+0000] {spark_submit.py:634} INFO - 24/12/04 16:17:00 INFO Executor: OS info Linux, 6.10.14-linuxkit, aarch64
[2024-12-04T16:17:00.662+0000] {spark_submit.py:634} INFO - 24/12/04 16:17:00 INFO Executor: Java version 17.0.13
[2024-12-04T16:17:00.692+0000] {spark_submit.py:634} INFO - 24/12/04 16:17:00 INFO Executor: Starting executor with user classpath (userClassPathFirst = false): ''
[2024-12-04T16:17:00.699+0000] {spark_submit.py:634} INFO - 24/12/04 16:17:00 INFO Executor: Created or updated repl class loader org.apache.spark.util.MutableURLClassLoader@63d5874f for default.
[2024-12-04T16:17:00.741+0000] {spark_submit.py:634} INFO - 24/12/04 16:17:00 INFO Executor: Fetching spark://2a892a3469ec:45025/jars/spark-job-1.0-SNAPSHOT.jar with timestamp 1733329018980
[2024-12-04T16:17:00.841+0000] {spark_submit.py:634} INFO - 24/12/04 16:17:00 INFO TransportClientFactory: Successfully created connection to 2a892a3469ec/172.18.0.4:45025 after 38 ms (0 ms spent in bootstraps)
[2024-12-04T16:17:00.849+0000] {spark_submit.py:634} INFO - 24/12/04 16:17:00 INFO Utils: Fetching spark://2a892a3469ec:45025/jars/spark-job-1.0-SNAPSHOT.jar to /tmp/spark-5283f0f0-8643-4e6d-bea7-3177c62bea23/userFiles-d55c4a64-2e26-4fa4-afc6-3044fb05f292/fetchFileTemp9955444089770342272.tmp
[2024-12-04T16:17:00.898+0000] {spark_submit.py:634} INFO - 24/12/04 16:17:00 INFO Executor: Adding file:/tmp/spark-5283f0f0-8643-4e6d-bea7-3177c62bea23/userFiles-d55c4a64-2e26-4fa4-afc6-3044fb05f292/spark-job-1.0-SNAPSHOT.jar to class loader default
[2024-12-04T16:17:00.908+0000] {spark_submit.py:634} INFO - 24/12/04 16:17:00 INFO Utils: Successfully started service 'org.apache.spark.network.netty.NettyBlockTransferService' on port 37163.
[2024-12-04T16:17:00.911+0000] {spark_submit.py:634} INFO - 24/12/04 16:17:00 INFO NettyBlockTransferService: Server created on 2a892a3469ec:37163
[2024-12-04T16:17:00.912+0000] {spark_submit.py:634} INFO - 24/12/04 16:17:00 INFO BlockManager: Using org.apache.spark.storage.RandomBlockReplicationPolicy for block replication policy
[2024-12-04T16:17:00.917+0000] {spark_submit.py:634} INFO - 24/12/04 16:17:00 INFO BlockManagerMaster: Registering BlockManager BlockManagerId(driver, 2a892a3469ec, 37163, None)
[2024-12-04T16:17:00.921+0000] {spark_submit.py:634} INFO - 24/12/04 16:17:00 INFO BlockManagerMasterEndpoint: Registering block manager 2a892a3469ec:37163 with 434.4 MiB RAM, BlockManagerId(driver, 2a892a3469ec, 37163, None)
[2024-12-04T16:17:00.923+0000] {spark_submit.py:634} INFO - 24/12/04 16:17:00 INFO BlockManagerMaster: Registered BlockManager BlockManagerId(driver, 2a892a3469ec, 37163, None)
[2024-12-04T16:17:00.924+0000] {spark_submit.py:634} INFO - 24/12/04 16:17:00 INFO BlockManager: Initialized BlockManager: BlockManagerId(driver, 2a892a3469ec, 37163, None)
[2024-12-04T16:17:02.100+0000] {spark_submit.py:634} INFO - 24/12/04 16:17:02 INFO SparkContext: Starting job: collect at WordCountJob.java:37
[2024-12-04T16:17:02.137+0000] {spark_submit.py:634} INFO - 24/12/04 16:17:02 INFO DAGScheduler: Registering RDD 2 (mapToPair at WordCountJob.java:33) as input to shuffle 0
[2024-12-04T16:17:02.143+0000] {spark_submit.py:634} INFO - 24/12/04 16:17:02 INFO DAGScheduler: Got job 0 (collect at WordCountJob.java:37) with 1 output partitions
[2024-12-04T16:17:02.145+0000] {spark_submit.py:634} INFO - 24/12/04 16:17:02 INFO DAGScheduler: Final stage: ResultStage 1 (collect at WordCountJob.java:37)
[2024-12-04T16:17:02.149+0000] {spark_submit.py:634} INFO - 24/12/04 16:17:02 INFO DAGScheduler: Parents of final stage: List(ShuffleMapStage 0)
[2024-12-04T16:17:02.152+0000] {spark_submit.py:634} INFO - 24/12/04 16:17:02 INFO DAGScheduler: Missing parents: List(ShuffleMapStage 0)
[2024-12-04T16:17:02.175+0000] {spark_submit.py:634} INFO - 24/12/04 16:17:02 INFO DAGScheduler: Submitting ShuffleMapStage 0 (MapPartitionsRDD[2] at mapToPair at WordCountJob.java:33), which has no missing parents
[2024-12-04T16:17:02.361+0000] {spark_submit.py:634} INFO - 24/12/04 16:17:02 INFO MemoryStore: Block broadcast_0 stored as values in memory (estimated size 6.4 KiB, free 434.4 MiB)
[2024-12-04T16:17:02.474+0000] {spark_submit.py:634} INFO - 24/12/04 16:17:02 INFO MemoryStore: Block broadcast_0_piece0 stored as bytes in memory (estimated size 3.4 KiB, free 434.4 MiB)
[2024-12-04T16:17:02.481+0000] {spark_submit.py:634} INFO - 24/12/04 16:17:02 INFO BlockManagerInfo: Added broadcast_0_piece0 in memory on 2a892a3469ec:37163 (size: 3.4 KiB, free: 434.4 MiB)
[2024-12-04T16:17:02.494+0000] {spark_submit.py:634} INFO - 24/12/04 16:17:02 INFO SparkContext: Created broadcast 0 from broadcast at DAGScheduler.scala:1585
[2024-12-04T16:17:02.528+0000] {spark_submit.py:634} INFO - 24/12/04 16:17:02 INFO DAGScheduler: Submitting 1 missing tasks from ShuffleMapStage 0 (MapPartitionsRDD[2] at mapToPair at WordCountJob.java:33) (first 15 tasks are for partitions Vector(0))
[2024-12-04T16:17:02.532+0000] {spark_submit.py:634} INFO - 24/12/04 16:17:02 INFO TaskSchedulerImpl: Adding task set 0.0 with 1 tasks resource profile 0
[2024-12-04T16:17:02.673+0000] {spark_submit.py:634} INFO - 24/12/04 16:17:02 INFO TaskSetManager: Starting task 0.0 in stage 0.0 (TID 0) (2a892a3469ec, executor driver, partition 0, PROCESS_LOCAL, 9249 bytes)
[2024-12-04T16:17:02.722+0000] {spark_submit.py:634} INFO - 24/12/04 16:17:02 INFO Executor: Running task 0.0 in stage 0.0 (TID 0)
[2024-12-04T16:17:03.133+0000] {spark_submit.py:634} INFO - 24/12/04 16:17:03 INFO Executor: Finished task 0.0 in stage 0.0 (TID 0). 1259 bytes result sent to driver
[2024-12-04T16:17:03.161+0000] {spark_submit.py:634} INFO - 24/12/04 16:17:03 INFO TaskSetManager: Finished task 0.0 in stage 0.0 (TID 0) in 552 ms on 2a892a3469ec (executor driver) (1/1)
[2024-12-04T16:17:03.168+0000] {spark_submit.py:634} INFO - 24/12/04 16:17:03 INFO TaskSchedulerImpl: Removed TaskSet 0.0, whose tasks have all completed, from pool
[2024-12-04T16:17:03.215+0000] {spark_submit.py:634} INFO - 24/12/04 16:17:03 INFO DAGScheduler: ShuffleMapStage 0 (mapToPair at WordCountJob.java:33) finished in 0.995 s
[2024-12-04T16:17:03.225+0000] {spark_submit.py:634} INFO - 24/12/04 16:17:03 INFO DAGScheduler: looking for newly runnable stages
[2024-12-04T16:17:03.234+0000] {spark_submit.py:634} INFO - 24/12/04 16:17:03 INFO DAGScheduler: running: Set()
[2024-12-04T16:17:03.238+0000] {spark_submit.py:634} INFO - 24/12/04 16:17:03 INFO DAGScheduler: waiting: Set(ResultStage 1)
[2024-12-04T16:17:03.239+0000] {spark_submit.py:634} INFO - 24/12/04 16:17:03 INFO DAGScheduler: failed: Set()
[2024-12-04T16:17:03.249+0000] {spark_submit.py:634} INFO - 24/12/04 16:17:03 INFO DAGScheduler: Submitting ResultStage 1 (ShuffledRDD[3] at reduceByKey at WordCountJob.java:34), which has no missing parents
[2024-12-04T16:17:03.289+0000] {spark_submit.py:634} INFO - 24/12/04 16:17:03 INFO MemoryStore: Block broadcast_1 stored as values in memory (estimated size 5.2 KiB, free 434.4 MiB)
[2024-12-04T16:17:03.299+0000] {spark_submit.py:634} INFO - 24/12/04 16:17:03 INFO MemoryStore: Block broadcast_1_piece0 stored as bytes in memory (estimated size 2.9 KiB, free 434.4 MiB)
[2024-12-04T16:17:03.300+0000] {spark_submit.py:634} INFO - 24/12/04 16:17:03 INFO BlockManagerInfo: Added broadcast_1_piece0 in memory on 2a892a3469ec:37163 (size: 2.9 KiB, free: 434.4 MiB)
[2024-12-04T16:17:03.305+0000] {spark_submit.py:634} INFO - 24/12/04 16:17:03 INFO SparkContext: Created broadcast 1 from broadcast at DAGScheduler.scala:1585
[2024-12-04T16:17:03.308+0000] {spark_submit.py:634} INFO - 24/12/04 16:17:03 INFO DAGScheduler: Submitting 1 missing tasks from ResultStage 1 (ShuffledRDD[3] at reduceByKey at WordCountJob.java:34) (first 15 tasks are for partitions Vector(0))
[2024-12-04T16:17:03.310+0000] {spark_submit.py:634} INFO - 24/12/04 16:17:03 INFO TaskSchedulerImpl: Adding task set 1.0 with 1 tasks resource profile 0
[2024-12-04T16:17:03.329+0000] {spark_submit.py:634} INFO - 24/12/04 16:17:03 INFO TaskSetManager: Starting task 0.0 in stage 1.0 (TID 1) (2a892a3469ec, executor driver, partition 0, NODE_LOCAL, 9002 bytes)
[2024-12-04T16:17:03.334+0000] {spark_submit.py:634} INFO - 24/12/04 16:17:03 INFO Executor: Running task 0.0 in stage 1.0 (TID 1)
[2024-12-04T16:17:03.426+0000] {spark_submit.py:634} INFO - 24/12/04 16:17:03 INFO ShuffleBlockFetcherIterator: Getting 1 (189.0 B) non-empty blocks including 1 (189.0 B) local and 0 (0.0 B) host-local and 0 (0.0 B) push-merged-local and 0 (0.0 B) remote blocks
[2024-12-04T16:17:03.442+0000] {spark_submit.py:634} INFO - 24/12/04 16:17:03 INFO ShuffleBlockFetcherIterator: Started 0 remote fetches in 29 ms
[2024-12-04T16:17:03.530+0000] {spark_submit.py:634} INFO - 24/12/04 16:17:03 INFO Executor: Finished task 0.0 in stage 1.0 (TID 1). 2044 bytes result sent to driver
[2024-12-04T16:17:03.537+0000] {spark_submit.py:634} INFO - 24/12/04 16:17:03 INFO TaskSetManager: Finished task 0.0 in stage 1.0 (TID 1) in 219 ms on 2a892a3469ec (executor driver) (1/1)
[2024-12-04T16:17:03.540+0000] {spark_submit.py:634} INFO - 24/12/04 16:17:03 INFO TaskSchedulerImpl: Removed TaskSet 1.0, whose tasks have all completed, from pool
[2024-12-04T16:17:03.542+0000] {spark_submit.py:634} INFO - 24/12/04 16:17:03 INFO DAGScheduler: ResultStage 1 (collect at WordCountJob.java:37) finished in 0.257 s
[2024-12-04T16:17:03.549+0000] {spark_submit.py:634} INFO - 24/12/04 16:17:03 INFO DAGScheduler: Job 0 is finished. Cancelling potential speculative or zombie tasks for this job
[2024-12-04T16:17:03.550+0000] {spark_submit.py:634} INFO - 24/12/04 16:17:03 INFO TaskSchedulerImpl: Killing all running tasks in stage 1: Stage finished
[2024-12-04T16:17:03.555+0000] {spark_submit.py:634} INFO - 24/12/04 16:17:03 INFO DAGScheduler: Job 0 finished: collect at WordCountJob.java:37, took 1.451710 s
[2024-12-04T16:17:03.562+0000] {spark_submit.py:634} INFO - spark: 1
[2024-12-04T16:17:03.565+0000] {spark_submit.py:634} INFO - docker: 1
[2024-12-04T16:17:03.567+0000] {spark_submit.py:634} INFO - Yusuf: 1
[2024-12-04T16:17:03.567+0000] {spark_submit.py:634} INFO - hello: 5
[2024-12-04T16:17:03.572+0000] {spark_submit.py:634} INFO - java: 1
[2024-12-04T16:17:03.575+0000] {spark_submit.py:634} INFO - world: 1
[2024-12-04T16:17:03.590+0000] {spark_submit.py:634} INFO - 24/12/04 16:17:03 INFO SparkContext: SparkContext is stopping with exitCode 0.
[2024-12-04T16:17:03.618+0000] {spark_submit.py:634} INFO - 24/12/04 16:17:03 INFO BlockManagerInfo: Removed broadcast_0_piece0 on 2a892a3469ec:37163 in memory (size: 3.4 KiB, free: 434.4 MiB)
[2024-12-04T16:17:03.623+0000] {spark_submit.py:634} INFO - 24/12/04 16:17:03 INFO SparkUI: Stopped Spark web UI at http://2a892a3469ec:4040
[2024-12-04T16:17:03.690+0000] {spark_submit.py:634} INFO - 24/12/04 16:17:03 INFO MapOutputTrackerMasterEndpoint: MapOutputTrackerMasterEndpoint stopped!
[2024-12-04T16:17:03.772+0000] {spark_submit.py:634} INFO - 24/12/04 16:17:03 INFO MemoryStore: MemoryStore cleared
[2024-12-04T16:17:03.774+0000] {spark_submit.py:634} INFO - 24/12/04 16:17:03 INFO BlockManager: BlockManager stopped
[2024-12-04T16:17:03.784+0000] {spark_submit.py:634} INFO - 24/12/04 16:17:03 INFO BlockManagerMaster: BlockManagerMaster stopped
[2024-12-04T16:17:03.792+0000] {spark_submit.py:634} INFO - 24/12/04 16:17:03 INFO OutputCommitCoordinator$OutputCommitCoordinatorEndpoint: OutputCommitCoordinator stopped!
[2024-12-04T16:17:03.824+0000] {spark_submit.py:634} INFO - 24/12/04 16:17:03 INFO SparkContext: Successfully stopped SparkContext
[2024-12-04T16:17:03.832+0000] {spark_submit.py:634} INFO - 24/12/04 16:17:03 INFO ShutdownHookManager: Shutdown hook called
[2024-12-04T16:17:03.837+0000] {spark_submit.py:634} INFO - 24/12/04 16:17:03 INFO ShutdownHookManager: Deleting directory /tmp/spark-37e2b6f2-00a2-444a-9fdb-97fce9394a2a
[2024-12-04T16:17:03.842+0000] {spark_submit.py:634} INFO - 24/12/04 16:17:03 INFO ShutdownHookManager: Deleting directory /tmp/spark-5283f0f0-8643-4e6d-bea7-3177c62bea23
[2024-12-04T16:17:04.065+0000] {taskinstance.py:340} INFO - ::group::Post task execution logs
[2024-12-04T16:17:04.071+0000] {taskinstance.py:352} INFO - Marking task as SUCCESS. dag_id=sparking_flow, task_id=java_job, run_id=manual__2024-12-04T16:16:53.081717+00:00, execution_date=20241204T161653, start_date=20241204T161655, end_date=20241204T161704
[2024-12-04T16:17:04.202+0000] {local_task_job_runner.py:266} INFO - Task exited with return code 0
[2024-12-04T16:17:04.270+0000] {local_task_job_runner.py:245} INFO - ::endgroup::
