[2024-12-09T13:53:30.452+0000] {local_task_job_runner.py:123} INFO - ::group::Pre task execution logs
[2024-12-09T13:53:30.473+0000] {taskinstance.py:2613} INFO - Dependencies all met for dep_context=non-requeueable deps ti=<TaskInstance: sparking_flow.python_job manual__2024-12-09T13:53:28.364968+00:00 [queued]>
[2024-12-09T13:53:30.487+0000] {taskinstance.py:2613} INFO - Dependencies all met for dep_context=requeueable deps ti=<TaskInstance: sparking_flow.python_job manual__2024-12-09T13:53:28.364968+00:00 [queued]>
[2024-12-09T13:53:30.487+0000] {taskinstance.py:2866} INFO - Starting attempt 1 of 1
[2024-12-09T13:53:30.505+0000] {taskinstance.py:2889} INFO - Executing <Task(SparkSubmitOperator): python_job> on 2024-12-09 13:53:28.364968+00:00
[2024-12-09T13:53:30.517+0000] {logging_mixin.py:190} WARNING - /home/***/.local/lib/python3.12/site-packages/***/task/task_runner/standard_task_runner.py:70 DeprecationWarning: This process (pid=195) is multi-threaded, use of fork() may lead to deadlocks in the child.
[2024-12-09T13:53:30.515+0000] {standard_task_runner.py:104} INFO - Running: ['***', 'tasks', 'run', 'sparking_flow', 'python_job', 'manual__2024-12-09T13:53:28.364968+00:00', '--job-id', '476', '--raw', '--subdir', 'DAGS_FOLDER/spark_***.py', '--cfg-path', '/tmp/tmp5wc2vho3']
[2024-12-09T13:53:30.518+0000] {standard_task_runner.py:72} INFO - Started process 201 to run task
[2024-12-09T13:53:30.519+0000] {standard_task_runner.py:105} INFO - Job 476: Subtask python_job
[2024-12-09T13:53:30.586+0000] {task_command.py:467} INFO - Running <TaskInstance: sparking_flow.python_job manual__2024-12-09T13:53:28.364968+00:00 [running]> on host 2a892a3469ec
[2024-12-09T13:53:30.690+0000] {taskinstance.py:3132} INFO - Exporting env vars: AIRFLOW_CTX_DAG_OWNER='Yusuf Ganiyu' AIRFLOW_CTX_DAG_ID='sparking_flow' AIRFLOW_CTX_TASK_ID='python_job' AIRFLOW_CTX_EXECUTION_DATE='2024-12-09T13:53:28.364968+00:00' AIRFLOW_CTX_TRY_NUMBER='1' AIRFLOW_CTX_DAG_RUN_ID='manual__2024-12-09T13:53:28.364968+00:00'
[2024-12-09T13:53:30.691+0000] {taskinstance.py:731} INFO - ::endgroup::
[2024-12-09T13:53:30.724+0000] {base.py:84} INFO - Retrieving connection 'spark-conn'
[2024-12-09T13:53:30.726+0000] {spark_submit.py:473} INFO - Spark-Submit cmd: spark-submit --master spark://sparkingflow-spark-master-1:7077 --name arrow-spark --deploy-mode client jobs/python/wordcountjob.py
[2024-12-09T13:53:37.494+0000] {spark_submit.py:634} INFO - 24/12/09 13:53:37 INFO SparkContext: Running Spark version 3.5.3
[2024-12-09T13:53:37.508+0000] {spark_submit.py:634} INFO - 24/12/09 13:53:37 INFO SparkContext: OS info Linux, 6.10.14-linuxkit, aarch64
[2024-12-09T13:53:37.518+0000] {spark_submit.py:634} INFO - 24/12/09 13:53:37 INFO SparkContext: Java version 17.0.13
[2024-12-09T13:53:37.648+0000] {spark_submit.py:634} INFO - 24/12/09 13:53:37 WARN NativeCodeLoader: Unable to load native-hadoop library for your platform... using builtin-java classes where applicable
[2024-12-09T13:53:37.887+0000] {spark_submit.py:634} INFO - 24/12/09 13:53:37 INFO ResourceUtils: ==============================================================
[2024-12-09T13:53:37.889+0000] {spark_submit.py:634} INFO - 24/12/09 13:53:37 INFO ResourceUtils: No custom resources configured for spark.driver.
[2024-12-09T13:53:37.890+0000] {spark_submit.py:634} INFO - 24/12/09 13:53:37 INFO ResourceUtils: ==============================================================
[2024-12-09T13:53:37.891+0000] {spark_submit.py:634} INFO - 24/12/09 13:53:37 INFO SparkContext: Submitted application: CSVReadExample
[2024-12-09T13:53:37.956+0000] {spark_submit.py:634} INFO - 24/12/09 13:53:37 INFO ResourceProfile: Default ResourceProfile created, executor resources: Map(memory -> name: memory, amount: 1024, script: , vendor: , offHeap -> name: offHeap, amount: 0, script: , vendor: ), task resources: Map(cpus -> name: cpus, amount: 1.0)
[2024-12-09T13:53:37.979+0000] {spark_submit.py:634} INFO - 24/12/09 13:53:37 INFO ResourceProfile: Limiting resource is cpu
[2024-12-09T13:53:37.993+0000] {spark_submit.py:634} INFO - 24/12/09 13:53:37 INFO ResourceProfileManager: Added ResourceProfile id: 0
[2024-12-09T13:53:38.300+0000] {spark_submit.py:634} INFO - 24/12/09 13:53:38 INFO SecurityManager: Changing view acls to: ***
[2024-12-09T13:53:38.306+0000] {spark_submit.py:634} INFO - 24/12/09 13:53:38 INFO SecurityManager: Changing modify acls to: ***
[2024-12-09T13:53:38.308+0000] {spark_submit.py:634} INFO - 24/12/09 13:53:38 INFO SecurityManager: Changing view acls groups to:
[2024-12-09T13:53:38.340+0000] {spark_submit.py:634} INFO - 24/12/09 13:53:38 INFO SecurityManager: Changing modify acls groups to:
[2024-12-09T13:53:38.347+0000] {spark_submit.py:634} INFO - 24/12/09 13:53:38 INFO SecurityManager: SecurityManager: authentication disabled; ui acls disabled; users with view permissions: ***; groups with view permissions: EMPTY; users with modify permissions: ***; groups with modify permissions: EMPTY
[2024-12-09T13:53:39.155+0000] {spark_submit.py:634} INFO - 24/12/09 13:53:39 INFO Utils: Successfully started service 'sparkDriver' on port 34833.
[2024-12-09T13:53:39.269+0000] {spark_submit.py:634} INFO - 24/12/09 13:53:39 INFO SparkEnv: Registering MapOutputTracker
[2024-12-09T13:53:39.410+0000] {spark_submit.py:634} INFO - 24/12/09 13:53:39 INFO SparkEnv: Registering BlockManagerMaster
[2024-12-09T13:53:39.453+0000] {spark_submit.py:634} INFO - 24/12/09 13:53:39 INFO BlockManagerMasterEndpoint: Using org.apache.spark.storage.DefaultTopologyMapper for getting topology information
[2024-12-09T13:53:39.455+0000] {spark_submit.py:634} INFO - 24/12/09 13:53:39 INFO BlockManagerMasterEndpoint: BlockManagerMasterEndpoint up
[2024-12-09T13:53:39.464+0000] {spark_submit.py:634} INFO - 24/12/09 13:53:39 INFO SparkEnv: Registering BlockManagerMasterHeartbeat
[2024-12-09T13:53:39.512+0000] {spark_submit.py:634} INFO - 24/12/09 13:53:39 INFO DiskBlockManager: Created local directory at /tmp/blockmgr-a2ec4ebd-687c-426b-b48b-0f6fb32b6488
[2024-12-09T13:53:39.555+0000] {spark_submit.py:634} INFO - 24/12/09 13:53:39 INFO MemoryStore: MemoryStore started with capacity 434.4 MiB
[2024-12-09T13:53:39.594+0000] {spark_submit.py:634} INFO - 24/12/09 13:53:39 INFO SparkEnv: Registering OutputCommitCoordinator
[2024-12-09T13:53:39.940+0000] {spark_submit.py:634} INFO - 24/12/09 13:53:39 INFO JettyUtils: Start Jetty 0.0.0.0:4040 for SparkUI
[2024-12-09T13:53:40.086+0000] {spark_submit.py:634} INFO - 24/12/09 13:53:40 WARN Utils: Service 'SparkUI' could not bind on port 4040. Attempting port 4041.
[2024-12-09T13:53:40.090+0000] {spark_submit.py:634} INFO - 24/12/09 13:53:40 WARN Utils: Service 'SparkUI' could not bind on port 4041. Attempting port 4042.
[2024-12-09T13:53:40.114+0000] {spark_submit.py:634} INFO - 24/12/09 13:53:40 INFO Utils: Successfully started service 'SparkUI' on port 4042.
[2024-12-09T13:53:40.472+0000] {spark_submit.py:634} INFO - 24/12/09 13:53:40 INFO StandaloneAppClient$ClientEndpoint: Connecting to master spark://sparkingflow-spark-master-1:7077...
[2024-12-09T13:53:40.605+0000] {spark_submit.py:634} INFO - 24/12/09 13:53:40 INFO TransportClientFactory: Successfully created connection to sparkingflow-spark-master-1/172.18.0.4:7077 after 78 ms (0 ms spent in bootstraps)
[2024-12-09T13:53:41.046+0000] {spark_submit.py:634} INFO - 24/12/09 13:53:41 INFO StandaloneSchedulerBackend: Connected to Spark cluster with app ID app-20241209135340-0001
[2024-12-09T13:53:41.069+0000] {spark_submit.py:634} INFO - 24/12/09 13:53:41 INFO Utils: Successfully started service 'org.apache.spark.network.netty.NettyBlockTransferService' on port 40787.
[2024-12-09T13:53:41.070+0000] {spark_submit.py:634} INFO - 24/12/09 13:53:41 INFO NettyBlockTransferService: Server created on 2a892a3469ec:40787
[2024-12-09T13:53:41.071+0000] {spark_submit.py:634} INFO - 24/12/09 13:53:41 INFO BlockManager: Using org.apache.spark.storage.RandomBlockReplicationPolicy for block replication policy
[2024-12-09T13:53:41.089+0000] {spark_submit.py:634} INFO - 24/12/09 13:53:41 INFO BlockManagerMaster: Registering BlockManager BlockManagerId(driver, 2a892a3469ec, 40787, None)
[2024-12-09T13:53:41.098+0000] {spark_submit.py:634} INFO - 24/12/09 13:53:41 INFO BlockManagerMasterEndpoint: Registering block manager 2a892a3469ec:40787 with 434.4 MiB RAM, BlockManagerId(driver, 2a892a3469ec, 40787, None)
[2024-12-09T13:53:41.109+0000] {spark_submit.py:634} INFO - 24/12/09 13:53:41 INFO BlockManagerMaster: Registered BlockManager BlockManagerId(driver, 2a892a3469ec, 40787, None)
[2024-12-09T13:53:41.111+0000] {spark_submit.py:634} INFO - 24/12/09 13:53:41 INFO BlockManager: Initialized BlockManager: BlockManagerId(driver, 2a892a3469ec, 40787, None)
[2024-12-09T13:53:41.562+0000] {spark_submit.py:634} INFO - 24/12/09 13:53:41 INFO StandaloneSchedulerBackend: SchedulerBackend is ready for scheduling beginning after reached minRegisteredResourcesRatio: 0.0
[2024-12-09T13:53:41.863+0000] {spark_submit.py:634} INFO - file_path /temp/data/test1234.csv
[2024-12-09T13:53:41.864+0000] {spark_submit.py:634} INFO - False
[2024-12-09T13:53:41.864+0000] {spark_submit.py:634} INFO - Traceback (most recent call last):
[2024-12-09T13:53:41.864+0000] {spark_submit.py:634} INFO - File "/opt/***/jobs/python/wordcountjob.py", line 43, in <module>
[2024-12-09T13:53:41.869+0000] {spark_submit.py:634} INFO - files = os.listdir(data_dir)
[2024-12-09T13:53:41.872+0000] {spark_submit.py:634} INFO - ^^^^^^^^
[2024-12-09T13:53:41.879+0000] {spark_submit.py:634} INFO - NameError: name 'data_dir' is not defined
[2024-12-09T13:53:42.047+0000] {spark_submit.py:634} INFO - 24/12/09 13:53:42 INFO SparkContext: Invoking stop() from shutdown hook
[2024-12-09T13:53:42.048+0000] {spark_submit.py:634} INFO - 24/12/09 13:53:42 INFO SparkContext: SparkContext is stopping with exitCode 0.
[2024-12-09T13:53:42.067+0000] {spark_submit.py:634} INFO - 24/12/09 13:53:42 INFO SparkUI: Stopped Spark web UI at http://2a892a3469ec:4042
[2024-12-09T13:53:42.075+0000] {spark_submit.py:634} INFO - 24/12/09 13:53:42 INFO StandaloneSchedulerBackend: Shutting down all executors
[2024-12-09T13:53:42.085+0000] {spark_submit.py:634} INFO - 24/12/09 13:53:42 INFO StandaloneSchedulerBackend$StandaloneDriverEndpoint: Asking each executor to shut down
[2024-12-09T13:53:42.171+0000] {spark_submit.py:634} INFO - 24/12/09 13:53:42 INFO MapOutputTrackerMasterEndpoint: MapOutputTrackerMasterEndpoint stopped!
[2024-12-09T13:53:42.237+0000] {spark_submit.py:634} INFO - 24/12/09 13:53:42 INFO MemoryStore: MemoryStore cleared
[2024-12-09T13:53:42.241+0000] {spark_submit.py:634} INFO - 24/12/09 13:53:42 INFO BlockManager: BlockManager stopped
[2024-12-09T13:53:42.266+0000] {spark_submit.py:634} INFO - 24/12/09 13:53:42 INFO BlockManagerMaster: BlockManagerMaster stopped
[2024-12-09T13:53:42.270+0000] {spark_submit.py:634} INFO - 24/12/09 13:53:42 INFO OutputCommitCoordinator$OutputCommitCoordinatorEndpoint: OutputCommitCoordinator stopped!
[2024-12-09T13:53:42.312+0000] {spark_submit.py:634} INFO - 24/12/09 13:53:42 INFO SparkContext: Successfully stopped SparkContext
[2024-12-09T13:53:42.320+0000] {spark_submit.py:634} INFO - 24/12/09 13:53:42 INFO ShutdownHookManager: Shutdown hook called
[2024-12-09T13:53:42.320+0000] {spark_submit.py:634} INFO - 24/12/09 13:53:42 INFO ShutdownHookManager: Deleting directory /tmp/spark-45901bf1-938d-4799-aa41-8167c6c4baf7
[2024-12-09T13:53:42.321+0000] {spark_submit.py:634} INFO - 24/12/09 13:53:42 INFO ShutdownHookManager: Deleting directory /tmp/spark-84957cc9-e208-407f-bd3d-17eb3e567f80
[2024-12-09T13:53:42.325+0000] {spark_submit.py:634} INFO - 24/12/09 13:53:42 INFO ShutdownHookManager: Deleting directory /tmp/spark-45901bf1-938d-4799-aa41-8167c6c4baf7/pyspark-21e7e75c-9fe2-4447-bcbb-159ac403597f
[2024-12-09T13:53:42.431+0000] {taskinstance.py:3311} ERROR - Task failed with exception
Traceback (most recent call last):
  File "/home/airflow/.local/lib/python3.12/site-packages/airflow/models/taskinstance.py", line 767, in _execute_task
    result = _execute_callable(context=context, **execute_callable_kwargs)
             ^^^^^^^^^^^^^^^^^^^^^^^^^^^^^^^^^^^^^^^^^^^^^^^^^^^^^^^^^^^^^
  File "/home/airflow/.local/lib/python3.12/site-packages/airflow/models/taskinstance.py", line 733, in _execute_callable
    return ExecutionCallableRunner(
           ^^^^^^^^^^^^^^^^^^^^^^^^
  File "/home/airflow/.local/lib/python3.12/site-packages/airflow/utils/operator_helpers.py", line 252, in run
    return self.func(*args, **kwargs)
           ^^^^^^^^^^^^^^^^^^^^^^^^^^
  File "/home/airflow/.local/lib/python3.12/site-packages/airflow/models/baseoperator.py", line 417, in wrapper
    return func(self, *args, **kwargs)
           ^^^^^^^^^^^^^^^^^^^^^^^^^^^
  File "/home/airflow/.local/lib/python3.12/site-packages/airflow/providers/apache/spark/operators/spark_submit.py", line 176, in execute
    self._hook.submit(self.application)
  File "/home/airflow/.local/lib/python3.12/site-packages/airflow/providers/apache/spark/hooks/spark_submit.py", line 560, in submit
    raise AirflowException(
airflow.exceptions.AirflowException: Cannot execute: spark-submit --master spark://sparkingflow-spark-master-1:7077 --name arrow-spark --deploy-mode client jobs/python/wordcountjob.py. Error code is: 1.
[2024-12-09T13:53:42.449+0000] {taskinstance.py:1225} INFO - Marking task as FAILED. dag_id=sparking_flow, task_id=python_job, run_id=manual__2024-12-09T13:53:28.364968+00:00, execution_date=20241209T135328, start_date=20241209T135330, end_date=20241209T135342
[2024-12-09T13:53:42.475+0000] {taskinstance.py:340} INFO - ::group::Post task execution logs
[2024-12-09T13:53:42.476+0000] {standard_task_runner.py:124} ERROR - Failed to execute job 476 for task python_job (Cannot execute: spark-submit --master spark://sparkingflow-spark-master-1:7077 --name arrow-spark --deploy-mode client jobs/python/wordcountjob.py. Error code is: 1.; 201)
Traceback (most recent call last):
  File "/home/airflow/.local/lib/python3.12/site-packages/airflow/task/task_runner/standard_task_runner.py", line 117, in _start_by_fork
    ret = args.func(args, dag=self.dag)
          ^^^^^^^^^^^^^^^^^^^^^^^^^^^^^
  File "/home/airflow/.local/lib/python3.12/site-packages/airflow/cli/cli_config.py", line 49, in command
    return func(*args, **kwargs)
           ^^^^^^^^^^^^^^^^^^^^^
  File "/home/airflow/.local/lib/python3.12/site-packages/airflow/utils/cli.py", line 116, in wrapper
    return f(*args, **kwargs)
           ^^^^^^^^^^^^^^^^^^
  File "/home/airflow/.local/lib/python3.12/site-packages/airflow/cli/commands/task_command.py", line 483, in task_run
    task_return_code = _run_task_by_selected_method(args, _dag, ti)
                       ^^^^^^^^^^^^^^^^^^^^^^^^^^^^^^^^^^^^^^^^^^^^
  File "/home/airflow/.local/lib/python3.12/site-packages/airflow/cli/commands/task_command.py", line 256, in _run_task_by_selected_method
    return _run_raw_task(args, ti)
           ^^^^^^^^^^^^^^^^^^^^^^^
  File "/home/airflow/.local/lib/python3.12/site-packages/airflow/cli/commands/task_command.py", line 341, in _run_raw_task
    return ti._run_raw_task(
           ^^^^^^^^^^^^^^^^^
  File "/home/airflow/.local/lib/python3.12/site-packages/airflow/utils/session.py", line 97, in wrapper
    return func(*args, session=session, **kwargs)
           ^^^^^^^^^^^^^^^^^^^^^^^^^^^^^^^^^^^^^^
  File "/home/airflow/.local/lib/python3.12/site-packages/airflow/models/taskinstance.py", line 3005, in _run_raw_task
    return _run_raw_task(
           ^^^^^^^^^^^^^^
  File "/home/airflow/.local/lib/python3.12/site-packages/airflow/models/taskinstance.py", line 273, in _run_raw_task
    TaskInstance._execute_task_with_callbacks(
  File "/home/airflow/.local/lib/python3.12/site-packages/airflow/models/taskinstance.py", line 3159, in _execute_task_with_callbacks
    result = self._execute_task(context, task_orig)
             ^^^^^^^^^^^^^^^^^^^^^^^^^^^^^^^^^^^^^^
  File "/home/airflow/.local/lib/python3.12/site-packages/airflow/models/taskinstance.py", line 3183, in _execute_task
    return _execute_task(self, context, task_orig)
           ^^^^^^^^^^^^^^^^^^^^^^^^^^^^^^^^^^^^^^^
  File "/home/airflow/.local/lib/python3.12/site-packages/airflow/models/taskinstance.py", line 767, in _execute_task
    result = _execute_callable(context=context, **execute_callable_kwargs)
             ^^^^^^^^^^^^^^^^^^^^^^^^^^^^^^^^^^^^^^^^^^^^^^^^^^^^^^^^^^^^^
  File "/home/airflow/.local/lib/python3.12/site-packages/airflow/models/taskinstance.py", line 733, in _execute_callable
    return ExecutionCallableRunner(
           ^^^^^^^^^^^^^^^^^^^^^^^^
  File "/home/airflow/.local/lib/python3.12/site-packages/airflow/utils/operator_helpers.py", line 252, in run
    return self.func(*args, **kwargs)
           ^^^^^^^^^^^^^^^^^^^^^^^^^^
  File "/home/airflow/.local/lib/python3.12/site-packages/airflow/models/baseoperator.py", line 417, in wrapper
    return func(self, *args, **kwargs)
           ^^^^^^^^^^^^^^^^^^^^^^^^^^^
  File "/home/airflow/.local/lib/python3.12/site-packages/airflow/providers/apache/spark/operators/spark_submit.py", line 176, in execute
    self._hook.submit(self.application)
  File "/home/airflow/.local/lib/python3.12/site-packages/airflow/providers/apache/spark/hooks/spark_submit.py", line 560, in submit
    raise AirflowException(
airflow.exceptions.AirflowException: Cannot execute: spark-submit --master spark://sparkingflow-spark-master-1:7077 --name arrow-spark --deploy-mode client jobs/python/wordcountjob.py. Error code is: 1.
[2024-12-09T13:53:42.501+0000] {local_task_job_runner.py:266} INFO - Task exited with return code 1
[2024-12-09T13:53:42.552+0000] {taskinstance.py:3895} INFO - 0 downstream tasks scheduled from follow-on schedule check
[2024-12-09T13:53:42.557+0000] {local_task_job_runner.py:245} INFO - ::endgroup::
