[2024-12-09T10:45:07.190+0000] {local_task_job_runner.py:123} INFO - ::group::Pre task execution logs
[2024-12-09T10:45:07.203+0000] {taskinstance.py:2613} INFO - Dependencies all met for dep_context=non-requeueable deps ti=<TaskInstance: sparking_flow.scala_job manual__2024-12-09T10:45:05.450798+00:00 [queued]>
[2024-12-09T10:45:07.209+0000] {taskinstance.py:2613} INFO - Dependencies all met for dep_context=requeueable deps ti=<TaskInstance: sparking_flow.scala_job manual__2024-12-09T10:45:05.450798+00:00 [queued]>
[2024-12-09T10:45:07.209+0000] {taskinstance.py:2866} INFO - Starting attempt 1 of 1
[2024-12-09T10:45:07.219+0000] {taskinstance.py:2889} INFO - Executing <Task(SparkSubmitOperator): scala_job> on 2024-12-09 10:45:05.450798+00:00
[2024-12-09T10:45:07.226+0000] {logging_mixin.py:190} WARNING - /home/***/.local/lib/python3.12/site-packages/***/task/task_runner/standard_task_runner.py:70 DeprecationWarning: This process (pid=201) is multi-threaded, use of fork() may lead to deadlocks in the child.
[2024-12-09T10:45:07.228+0000] {standard_task_runner.py:72} INFO - Started process 205 to run task
[2024-12-09T10:45:07.226+0000] {standard_task_runner.py:104} INFO - Running: ['***', 'tasks', 'run', 'sparking_flow', 'scala_job', 'manual__2024-12-09T10:45:05.450798+00:00', '--job-id', '335', '--raw', '--subdir', 'DAGS_FOLDER/spark_***.py', '--cfg-path', '/tmp/tmpsln9ghub']
[2024-12-09T10:45:07.229+0000] {standard_task_runner.py:105} INFO - Job 335: Subtask scala_job
[2024-12-09T10:45:07.269+0000] {task_command.py:467} INFO - Running <TaskInstance: sparking_flow.scala_job manual__2024-12-09T10:45:05.450798+00:00 [running]> on host 2a892a3469ec
[2024-12-09T10:45:07.337+0000] {taskinstance.py:3132} INFO - Exporting env vars: AIRFLOW_CTX_DAG_OWNER='Yusuf Ganiyu' AIRFLOW_CTX_DAG_ID='sparking_flow' AIRFLOW_CTX_TASK_ID='scala_job' AIRFLOW_CTX_EXECUTION_DATE='2024-12-09T10:45:05.450798+00:00' AIRFLOW_CTX_TRY_NUMBER='1' AIRFLOW_CTX_DAG_RUN_ID='manual__2024-12-09T10:45:05.450798+00:00'
[2024-12-09T10:45:07.338+0000] {taskinstance.py:731} INFO - ::endgroup::
[2024-12-09T10:45:07.358+0000] {base.py:84} INFO - Retrieving connection 'spark-conn'
[2024-12-09T10:45:07.359+0000] {spark_submit.py:473} INFO - Spark-Submit cmd: spark-submit --master spark://sparkingflow-spark-master-1:7077 --name arrow-spark --deploy-mode client jobs/scala/target/scala-2.12/word-count_2.12-0.1.jar
[2024-12-09T10:45:10.195+0000] {spark_submit.py:634} INFO - 24/12/09 10:45:10 WARN NativeCodeLoader: Unable to load native-hadoop library for your platform... using builtin-java classes where applicable
[2024-12-09T10:45:10.531+0000] {spark_submit.py:634} INFO - 24/12/09 10:45:10 INFO SparkContext: Running Spark version 3.5.3
[2024-12-09T10:45:10.533+0000] {spark_submit.py:634} INFO - 24/12/09 10:45:10 INFO SparkContext: OS info Linux, 6.10.14-linuxkit, aarch64
[2024-12-09T10:45:10.533+0000] {spark_submit.py:634} INFO - 24/12/09 10:45:10 INFO SparkContext: Java version 17.0.13
[2024-12-09T10:45:10.567+0000] {spark_submit.py:634} INFO - 24/12/09 10:45:10 INFO ResourceUtils: ==============================================================
[2024-12-09T10:45:10.569+0000] {spark_submit.py:634} INFO - 24/12/09 10:45:10 INFO ResourceUtils: No custom resources configured for spark.driver.
[2024-12-09T10:45:10.569+0000] {spark_submit.py:634} INFO - 24/12/09 10:45:10 INFO ResourceUtils: ==============================================================
[2024-12-09T10:45:10.574+0000] {spark_submit.py:634} INFO - 24/12/09 10:45:10 INFO SparkContext: Submitted application: Word Count
[2024-12-09T10:45:10.598+0000] {spark_submit.py:634} INFO - 24/12/09 10:45:10 INFO ResourceProfile: Default ResourceProfile created, executor resources: Map(memory -> name: memory, amount: 1024, script: , vendor: , offHeap -> name: offHeap, amount: 0, script: , vendor: ), task resources: Map(cpus -> name: cpus, amount: 1.0)
[2024-12-09T10:45:10.609+0000] {spark_submit.py:634} INFO - 24/12/09 10:45:10 INFO ResourceProfile: Limiting resource is cpu
[2024-12-09T10:45:10.610+0000] {spark_submit.py:634} INFO - 24/12/09 10:45:10 INFO ResourceProfileManager: Added ResourceProfile id: 0
[2024-12-09T10:45:10.673+0000] {spark_submit.py:634} INFO - 24/12/09 10:45:10 INFO SecurityManager: Changing view acls to: ***
[2024-12-09T10:45:10.675+0000] {spark_submit.py:634} INFO - 24/12/09 10:45:10 INFO SecurityManager: Changing modify acls to: ***
[2024-12-09T10:45:10.676+0000] {spark_submit.py:634} INFO - 24/12/09 10:45:10 INFO SecurityManager: Changing view acls groups to:
[2024-12-09T10:45:10.677+0000] {spark_submit.py:634} INFO - 24/12/09 10:45:10 INFO SecurityManager: Changing modify acls groups to:
[2024-12-09T10:45:10.678+0000] {spark_submit.py:634} INFO - 24/12/09 10:45:10 INFO SecurityManager: SecurityManager: authentication disabled; ui acls disabled; users with view permissions: ***; groups with view permissions: EMPTY; users with modify permissions: ***; groups with modify permissions: EMPTY
[2024-12-09T10:45:10.976+0000] {spark_submit.py:634} INFO - 24/12/09 10:45:10 INFO Utils: Successfully started service 'sparkDriver' on port 35663.
[2024-12-09T10:45:11.023+0000] {spark_submit.py:634} INFO - 24/12/09 10:45:11 INFO SparkEnv: Registering MapOutputTracker
[2024-12-09T10:45:11.095+0000] {spark_submit.py:634} INFO - 24/12/09 10:45:11 INFO SparkEnv: Registering BlockManagerMaster
[2024-12-09T10:45:11.121+0000] {spark_submit.py:634} INFO - 24/12/09 10:45:11 INFO BlockManagerMasterEndpoint: Using org.apache.spark.storage.DefaultTopologyMapper for getting topology information
[2024-12-09T10:45:11.123+0000] {spark_submit.py:634} INFO - 24/12/09 10:45:11 INFO BlockManagerMasterEndpoint: BlockManagerMasterEndpoint up
[2024-12-09T10:45:11.128+0000] {spark_submit.py:634} INFO - 24/12/09 10:45:11 INFO SparkEnv: Registering BlockManagerMasterHeartbeat
[2024-12-09T10:45:11.162+0000] {spark_submit.py:634} INFO - 24/12/09 10:45:11 INFO DiskBlockManager: Created local directory at /tmp/blockmgr-3d4b21a1-c35f-4a64-9a6e-9121e468c956
[2024-12-09T10:45:11.185+0000] {spark_submit.py:634} INFO - 24/12/09 10:45:11 INFO MemoryStore: MemoryStore started with capacity 434.4 MiB
[2024-12-09T10:45:11.207+0000] {spark_submit.py:634} INFO - 24/12/09 10:45:11 INFO SparkEnv: Registering OutputCommitCoordinator
[2024-12-09T10:45:11.427+0000] {spark_submit.py:634} INFO - 24/12/09 10:45:11 INFO JettyUtils: Start Jetty 0.0.0.0:4040 for SparkUI
[2024-12-09T10:45:11.496+0000] {spark_submit.py:634} INFO - 24/12/09 10:45:11 WARN Utils: Service 'SparkUI' could not bind on port 4040. Attempting port 4041.
[2024-12-09T10:45:11.504+0000] {spark_submit.py:634} INFO - 24/12/09 10:45:11 INFO Utils: Successfully started service 'SparkUI' on port 4041.
[2024-12-09T10:45:11.547+0000] {spark_submit.py:634} INFO - 24/12/09 10:45:11 INFO SparkContext: Added JAR file:/opt/***/jobs/scala/target/scala-2.12/word-count_2.12-0.1.jar at spark://2a892a3469ec:35663/jars/word-count_2.12-0.1.jar with timestamp 1733741110522
[2024-12-09T10:45:11.697+0000] {spark_submit.py:634} INFO - 24/12/09 10:45:11 INFO StandaloneAppClient$ClientEndpoint: Connecting to master spark://spark-master:7077...
[2024-12-09T10:45:11.774+0000] {spark_submit.py:634} INFO - 24/12/09 10:45:11 INFO TransportClientFactory: Successfully created connection to spark-master/172.18.0.5:7077 after 36 ms (0 ms spent in bootstraps)
[2024-12-09T10:45:12.070+0000] {spark_submit.py:634} INFO - 24/12/09 10:45:12 INFO StandaloneSchedulerBackend: Connected to Spark cluster with app ID app-20241209104511-0000
[2024-12-09T10:45:12.103+0000] {spark_submit.py:634} INFO - 24/12/09 10:45:12 INFO Utils: Successfully started service 'org.apache.spark.network.netty.NettyBlockTransferService' on port 38741.
[2024-12-09T10:45:12.106+0000] {spark_submit.py:634} INFO - 24/12/09 10:45:12 INFO NettyBlockTransferService: Server created on 2a892a3469ec:38741
[2024-12-09T10:45:12.112+0000] {spark_submit.py:634} INFO - 24/12/09 10:45:12 INFO BlockManager: Using org.apache.spark.storage.RandomBlockReplicationPolicy for block replication policy
[2024-12-09T10:45:12.120+0000] {spark_submit.py:634} INFO - 24/12/09 10:45:12 INFO BlockManagerMaster: Registering BlockManager BlockManagerId(driver, 2a892a3469ec, 38741, None)
[2024-12-09T10:45:12.129+0000] {spark_submit.py:634} INFO - 24/12/09 10:45:12 INFO BlockManagerMasterEndpoint: Registering block manager 2a892a3469ec:38741 with 434.4 MiB RAM, BlockManagerId(driver, 2a892a3469ec, 38741, None)
[2024-12-09T10:45:12.135+0000] {spark_submit.py:634} INFO - 24/12/09 10:45:12 INFO StandaloneAppClient$ClientEndpoint: Executor added: app-20241209104511-0000/0 on worker-20241209104257-172.18.0.7-34005 (172.18.0.7:34005) with 2 core(s)
[2024-12-09T10:45:12.136+0000] {spark_submit.py:634} INFO - 24/12/09 10:45:12 INFO BlockManagerMaster: Registered BlockManager BlockManagerId(driver, 2a892a3469ec, 38741, None)
[2024-12-09T10:45:12.137+0000] {spark_submit.py:634} INFO - 24/12/09 10:45:12 INFO StandaloneSchedulerBackend: Granted executor ID app-20241209104511-0000/0 on hostPort 172.18.0.7:34005 with 2 core(s), 1024.0 MiB RAM
[2024-12-09T10:45:12.138+0000] {spark_submit.py:634} INFO - 24/12/09 10:45:12 INFO BlockManager: Initialized BlockManager: BlockManagerId(driver, 2a892a3469ec, 38741, None)
[2024-12-09T10:45:12.620+0000] {spark_submit.py:634} INFO - 24/12/09 10:45:12 INFO StandaloneAppClient$ClientEndpoint: Executor updated: app-20241209104511-0000/0 is now RUNNING
[2024-12-09T10:45:12.685+0000] {spark_submit.py:634} INFO - 24/12/09 10:45:12 INFO StandaloneSchedulerBackend: SchedulerBackend is ready for scheduling beginning after reached minRegisteredResourcesRatio: 0.0
[2024-12-09T10:45:13.455+0000] {spark_submit.py:634} INFO - 24/12/09 10:45:13 INFO SparkContext: Starting job: collect at wordcount.scala:14
[2024-12-09T10:45:14.105+0000] {spark_submit.py:634} INFO - 24/12/09 10:45:14 INFO DAGScheduler: Registering RDD 2 (map at wordcount.scala:11) as input to shuffle 0
[2024-12-09T10:45:14.121+0000] {spark_submit.py:634} INFO - 24/12/09 10:45:14 INFO DAGScheduler: Got job 0 (collect at wordcount.scala:14) with 2 output partitions
[2024-12-09T10:45:14.122+0000] {spark_submit.py:634} INFO - 24/12/09 10:45:14 INFO DAGScheduler: Final stage: ResultStage 1 (collect at wordcount.scala:14)
[2024-12-09T10:45:14.123+0000] {spark_submit.py:634} INFO - 24/12/09 10:45:14 INFO DAGScheduler: Parents of final stage: List(ShuffleMapStage 0)
[2024-12-09T10:45:14.125+0000] {spark_submit.py:634} INFO - 24/12/09 10:45:14 INFO DAGScheduler: Missing parents: List(ShuffleMapStage 0)
[2024-12-09T10:45:14.138+0000] {spark_submit.py:634} INFO - 24/12/09 10:45:14 INFO DAGScheduler: Submitting ShuffleMapStage 0 (MapPartitionsRDD[2] at map at wordcount.scala:11), which has no missing parents
[2024-12-09T10:45:14.259+0000] {spark_submit.py:634} INFO - 24/12/09 10:45:14 INFO MemoryStore: Block broadcast_0 stored as values in memory (estimated size 5.5 KiB, free 434.4 MiB)
[2024-12-09T10:45:14.302+0000] {spark_submit.py:634} INFO - 24/12/09 10:45:14 INFO MemoryStore: Block broadcast_0_piece0 stored as bytes in memory (estimated size 3.2 KiB, free 434.4 MiB)
[2024-12-09T10:45:14.305+0000] {spark_submit.py:634} INFO - 24/12/09 10:45:14 INFO BlockManagerInfo: Added broadcast_0_piece0 in memory on 2a892a3469ec:38741 (size: 3.2 KiB, free: 434.4 MiB)
[2024-12-09T10:45:14.311+0000] {spark_submit.py:634} INFO - 24/12/09 10:45:14 INFO SparkContext: Created broadcast 0 from broadcast at DAGScheduler.scala:1585
[2024-12-09T10:45:14.340+0000] {spark_submit.py:634} INFO - 24/12/09 10:45:14 INFO DAGScheduler: Submitting 2 missing tasks from ShuffleMapStage 0 (MapPartitionsRDD[2] at map at wordcount.scala:11) (first 15 tasks are for partitions Vector(0, 1))
[2024-12-09T10:45:14.341+0000] {spark_submit.py:634} INFO - 24/12/09 10:45:14 INFO TaskSchedulerImpl: Adding task set 0.0 with 2 tasks resource profile 0
[2024-12-09T10:45:15.791+0000] {spark_submit.py:634} INFO - 24/12/09 10:45:15 INFO StandaloneSchedulerBackend$StandaloneDriverEndpoint: Registered executor NettyRpcEndpointRef(spark-client://Executor) (172.18.0.7:38064) with ID 0,  ResourceProfileId 0
[2024-12-09T10:45:15.845+0000] {spark_submit.py:634} INFO - 24/12/09 10:45:15 INFO BlockManagerMasterEndpoint: Registering block manager 172.18.0.7:33375 with 434.4 MiB RAM, BlockManagerId(0, 172.18.0.7, 33375, None)
[2024-12-09T10:45:15.938+0000] {spark_submit.py:634} INFO - 24/12/09 10:45:15 INFO TaskSetManager: Starting task 0.0 in stage 0.0 (TID 0) (172.18.0.7, executor 0, partition 0, PROCESS_LOCAL, 9198 bytes)
[2024-12-09T10:45:15.940+0000] {spark_submit.py:634} INFO - 24/12/09 10:45:15 INFO TaskSetManager: Starting task 1.0 in stage 0.0 (TID 1) (172.18.0.7, executor 0, partition 1, PROCESS_LOCAL, 9213 bytes)
[2024-12-09T10:45:16.221+0000] {spark_submit.py:634} INFO - 24/12/09 10:45:16 INFO BlockManagerInfo: Added broadcast_0_piece0 in memory on 172.18.0.7:33375 (size: 3.2 KiB, free: 434.4 MiB)
[2024-12-09T10:45:16.814+0000] {spark_submit.py:634} INFO - 24/12/09 10:45:16 INFO TaskSetManager: Finished task 0.0 in stage 0.0 (TID 0) in 886 ms on 172.18.0.7 (executor 0) (1/2)
[2024-12-09T10:45:16.815+0000] {spark_submit.py:634} INFO - 24/12/09 10:45:16 INFO TaskSetManager: Finished task 1.0 in stage 0.0 (TID 1) in 875 ms on 172.18.0.7 (executor 0) (2/2)
[2024-12-09T10:45:16.816+0000] {spark_submit.py:634} INFO - 24/12/09 10:45:16 INFO TaskSchedulerImpl: Removed TaskSet 0.0, whose tasks have all completed, from pool
[2024-12-09T10:45:16.821+0000] {spark_submit.py:634} INFO - 24/12/09 10:45:16 INFO DAGScheduler: ShuffleMapStage 0 (map at wordcount.scala:11) finished in 2.654 s
[2024-12-09T10:45:16.822+0000] {spark_submit.py:634} INFO - 24/12/09 10:45:16 INFO DAGScheduler: looking for newly runnable stages
[2024-12-09T10:45:16.822+0000] {spark_submit.py:634} INFO - 24/12/09 10:45:16 INFO DAGScheduler: running: Set()
[2024-12-09T10:45:16.822+0000] {spark_submit.py:634} INFO - 24/12/09 10:45:16 INFO DAGScheduler: waiting: Set(ResultStage 1)
[2024-12-09T10:45:16.822+0000] {spark_submit.py:634} INFO - 24/12/09 10:45:16 INFO DAGScheduler: failed: Set()
[2024-12-09T10:45:16.825+0000] {spark_submit.py:634} INFO - 24/12/09 10:45:16 INFO DAGScheduler: Submitting ResultStage 1 (ShuffledRDD[3] at reduceByKey at wordcount.scala:12), which has no missing parents
[2024-12-09T10:45:16.832+0000] {spark_submit.py:634} INFO - 24/12/09 10:45:16 INFO MemoryStore: Block broadcast_1 stored as values in memory (estimated size 5.2 KiB, free 434.4 MiB)
[2024-12-09T10:45:16.845+0000] {spark_submit.py:634} INFO - 24/12/09 10:45:16 INFO MemoryStore: Block broadcast_1_piece0 stored as bytes in memory (estimated size 3.1 KiB, free 434.4 MiB)
[2024-12-09T10:45:16.846+0000] {spark_submit.py:634} INFO - 24/12/09 10:45:16 INFO BlockManagerInfo: Added broadcast_1_piece0 in memory on 2a892a3469ec:38741 (size: 3.1 KiB, free: 434.4 MiB)
[2024-12-09T10:45:16.849+0000] {spark_submit.py:634} INFO - 24/12/09 10:45:16 INFO SparkContext: Created broadcast 1 from broadcast at DAGScheduler.scala:1585
[2024-12-09T10:45:16.849+0000] {spark_submit.py:634} INFO - 24/12/09 10:45:16 INFO DAGScheduler: Submitting 2 missing tasks from ResultStage 1 (ShuffledRDD[3] at reduceByKey at wordcount.scala:12) (first 15 tasks are for partitions Vector(0, 1))
[2024-12-09T10:45:16.849+0000] {spark_submit.py:634} INFO - 24/12/09 10:45:16 INFO TaskSchedulerImpl: Adding task set 1.0 with 2 tasks resource profile 0
[2024-12-09T10:45:16.854+0000] {spark_submit.py:634} INFO - 24/12/09 10:45:16 INFO TaskSetManager: Starting task 0.0 in stage 1.0 (TID 2) (172.18.0.7, executor 0, partition 0, NODE_LOCAL, 9003 bytes)
[2024-12-09T10:45:16.854+0000] {spark_submit.py:634} INFO - 24/12/09 10:45:16 INFO TaskSetManager: Starting task 1.0 in stage 1.0 (TID 3) (172.18.0.7, executor 0, partition 1, NODE_LOCAL, 9003 bytes)
[2024-12-09T10:45:16.874+0000] {spark_submit.py:634} INFO - 24/12/09 10:45:16 INFO BlockManagerInfo: Added broadcast_1_piece0 in memory on 172.18.0.7:33375 (size: 3.1 KiB, free: 434.4 MiB)
[2024-12-09T10:45:16.919+0000] {spark_submit.py:634} INFO - 24/12/09 10:45:16 INFO MapOutputTrackerMasterEndpoint: Asked to send map output locations for shuffle 0 to 172.18.0.7:38064
[2024-12-09T10:45:17.013+0000] {spark_submit.py:634} INFO - 24/12/09 10:45:17 INFO TaskSetManager: Finished task 0.0 in stage 1.0 (TID 2) in 161 ms on 172.18.0.7 (executor 0) (1/2)
[2024-12-09T10:45:17.014+0000] {spark_submit.py:634} INFO - 24/12/09 10:45:17 INFO TaskSetManager: Finished task 1.0 in stage 1.0 (TID 3) in 159 ms on 172.18.0.7 (executor 0) (2/2)
[2024-12-09T10:45:17.014+0000] {spark_submit.py:634} INFO - 24/12/09 10:45:17 INFO TaskSchedulerImpl: Removed TaskSet 1.0, whose tasks have all completed, from pool
[2024-12-09T10:45:17.015+0000] {spark_submit.py:634} INFO - 24/12/09 10:45:17 INFO DAGScheduler: ResultStage 1 (collect at wordcount.scala:14) finished in 0.185 s
[2024-12-09T10:45:17.017+0000] {spark_submit.py:634} INFO - 24/12/09 10:45:17 INFO DAGScheduler: Job 0 is finished. Cancelling potential speculative or zombie tasks for this job
[2024-12-09T10:45:17.018+0000] {spark_submit.py:634} INFO - 24/12/09 10:45:17 INFO TaskSchedulerImpl: Killing all running tasks in stage 1: Stage finished
[2024-12-09T10:45:17.019+0000] {spark_submit.py:634} INFO - 24/12/09 10:45:17 INFO DAGScheduler: Job 0 finished: collect at wordcount.scala:14, took 3.563790 s
[2024-12-09T10:45:17.024+0000] {spark_submit.py:634} INFO - (Hello,5)
[2024-12-09T10:45:17.024+0000] {spark_submit.py:634} INFO - (Yusuf,1)
[2024-12-09T10:45:17.025+0000] {spark_submit.py:634} INFO - (World,1)
[2024-12-09T10:45:17.025+0000] {spark_submit.py:634} INFO - (Scala,1)
[2024-12-09T10:45:17.025+0000] {spark_submit.py:634} INFO - (Docker,1)
[2024-12-09T10:45:17.025+0000] {spark_submit.py:634} INFO - (spark,1)
[2024-12-09T10:45:17.026+0000] {spark_submit.py:634} INFO - 24/12/09 10:45:17 INFO SparkContext: SparkContext is stopping with exitCode 0.
[2024-12-09T10:45:17.030+0000] {spark_submit.py:634} INFO - 24/12/09 10:45:17 INFO SparkUI: Stopped Spark web UI at http://2a892a3469ec:4041
[2024-12-09T10:45:17.032+0000] {spark_submit.py:634} INFO - 24/12/09 10:45:17 INFO StandaloneSchedulerBackend: Shutting down all executors
[2024-12-09T10:45:17.033+0000] {spark_submit.py:634} INFO - 24/12/09 10:45:17 INFO StandaloneSchedulerBackend$StandaloneDriverEndpoint: Asking each executor to shut down
[2024-12-09T10:45:17.053+0000] {spark_submit.py:634} INFO - 24/12/09 10:45:17 INFO MapOutputTrackerMasterEndpoint: MapOutputTrackerMasterEndpoint stopped!
[2024-12-09T10:45:17.075+0000] {spark_submit.py:634} INFO - 24/12/09 10:45:17 INFO MemoryStore: MemoryStore cleared
[2024-12-09T10:45:17.076+0000] {spark_submit.py:634} INFO - 24/12/09 10:45:17 INFO BlockManager: BlockManager stopped
[2024-12-09T10:45:17.083+0000] {spark_submit.py:634} INFO - 24/12/09 10:45:17 INFO BlockManagerMaster: BlockManagerMaster stopped
[2024-12-09T10:45:17.090+0000] {spark_submit.py:634} INFO - 24/12/09 10:45:17 INFO OutputCommitCoordinator$OutputCommitCoordinatorEndpoint: OutputCommitCoordinator stopped!
[2024-12-09T10:45:17.107+0000] {spark_submit.py:634} INFO - 24/12/09 10:45:17 INFO SparkContext: Successfully stopped SparkContext
[2024-12-09T10:45:17.111+0000] {spark_submit.py:634} INFO - 24/12/09 10:45:17 INFO ShutdownHookManager: Shutdown hook called
[2024-12-09T10:45:17.112+0000] {spark_submit.py:634} INFO - 24/12/09 10:45:17 INFO ShutdownHookManager: Deleting directory /tmp/spark-303aa6b1-2871-4c17-b123-5dcbb346fa7d
[2024-12-09T10:45:17.117+0000] {spark_submit.py:634} INFO - 24/12/09 10:45:17 INFO ShutdownHookManager: Deleting directory /tmp/spark-64ab1b38-f121-4116-83de-ab461b86bde9
[2024-12-09T10:45:17.188+0000] {taskinstance.py:340} INFO - ::group::Post task execution logs
[2024-12-09T10:45:17.188+0000] {taskinstance.py:352} INFO - Marking task as SUCCESS. dag_id=sparking_flow, task_id=scala_job, run_id=manual__2024-12-09T10:45:05.450798+00:00, execution_date=20241209T104505, start_date=20241209T104507, end_date=20241209T104517
[2024-12-09T10:45:17.224+0000] {local_task_job_runner.py:266} INFO - Task exited with return code 0
[2024-12-09T10:45:17.250+0000] {standard_task_runner.py:217} INFO - Process not found (most likely exited), stop collecting metrics
[2024-12-09T10:45:17.255+0000] {taskinstance.py:3895} INFO - 0 downstream tasks scheduled from follow-on schedule check
[2024-12-09T10:45:17.256+0000] {local_task_job_runner.py:245} INFO - ::endgroup::
