[2024-12-09T15:04:41.079+0000] {local_task_job_runner.py:123} INFO - ::group::Pre task execution logs
[2024-12-09T15:04:41.116+0000] {taskinstance.py:2613} INFO - Dependencies all met for dep_context=non-requeueable deps ti=<TaskInstance: sparking_flow.java_job manual__2024-12-09T15:04:38.744438+00:00 [queued]>
[2024-12-09T15:04:41.130+0000] {taskinstance.py:2613} INFO - Dependencies all met for dep_context=requeueable deps ti=<TaskInstance: sparking_flow.java_job manual__2024-12-09T15:04:38.744438+00:00 [queued]>
[2024-12-09T15:04:41.131+0000] {taskinstance.py:2866} INFO - Starting attempt 1 of 1
[2024-12-09T15:04:41.154+0000] {taskinstance.py:2889} INFO - Executing <Task(SparkSubmitOperator): java_job> on 2024-12-09 15:04:38.744438+00:00
[2024-12-09T15:04:41.166+0000] {logging_mixin.py:190} WARNING - /home/***/.local/lib/python3.12/site-packages/***/task/task_runner/standard_task_runner.py:70 DeprecationWarning: This process (pid=187) is multi-threaded, use of fork() may lead to deadlocks in the child.
[2024-12-09T15:04:41.167+0000] {standard_task_runner.py:104} INFO - Running: ['***', 'tasks', 'run', 'sparking_flow', 'java_job', 'manual__2024-12-09T15:04:38.744438+00:00', '--job-id', '512', '--raw', '--subdir', 'DAGS_FOLDER/spark_***.py', '--cfg-path', '/tmp/tmp4ldguyr4']
[2024-12-09T15:04:41.173+0000] {standard_task_runner.py:72} INFO - Started process 188 to run task
[2024-12-09T15:04:41.174+0000] {standard_task_runner.py:105} INFO - Job 512: Subtask java_job
[2024-12-09T15:04:41.269+0000] {task_command.py:467} INFO - Running <TaskInstance: sparking_flow.java_job manual__2024-12-09T15:04:38.744438+00:00 [running]> on host 2a892a3469ec
[2024-12-09T15:04:41.466+0000] {taskinstance.py:3132} INFO - Exporting env vars: AIRFLOW_CTX_DAG_OWNER='Yusuf Ganiyu' AIRFLOW_CTX_DAG_ID='sparking_flow' AIRFLOW_CTX_TASK_ID='java_job' AIRFLOW_CTX_EXECUTION_DATE='2024-12-09T15:04:38.744438+00:00' AIRFLOW_CTX_TRY_NUMBER='1' AIRFLOW_CTX_DAG_RUN_ID='manual__2024-12-09T15:04:38.744438+00:00'
[2024-12-09T15:04:41.467+0000] {taskinstance.py:731} INFO - ::endgroup::
[2024-12-09T15:04:41.508+0000] {base.py:84} INFO - Retrieving connection 'spark-conn'
[2024-12-09T15:04:41.510+0000] {spark_submit.py:473} INFO - Spark-Submit cmd: spark-submit --master spark://sparkingflow-spark-master-1:7077 --name arrow-spark --class com.airscholar.spark.WordCountJob --deploy-mode client jobs/java/spark-job/target/spark-job-1.0-SNAPSHOT.jar
[2024-12-09T15:04:45.411+0000] {spark_submit.py:634} INFO - 24/12/09 15:04:45 INFO SparkContext: Running Spark version 3.5.3
[2024-12-09T15:04:45.416+0000] {spark_submit.py:634} INFO - 24/12/09 15:04:45 INFO SparkContext: OS info Linux, 6.10.14-linuxkit, aarch64
[2024-12-09T15:04:45.419+0000] {spark_submit.py:634} INFO - 24/12/09 15:04:45 INFO SparkContext: Java version 17.0.13
[2024-12-09T15:04:45.518+0000] {spark_submit.py:634} INFO - 24/12/09 15:04:45 WARN NativeCodeLoader: Unable to load native-hadoop library for your platform... using builtin-java classes where applicable
[2024-12-09T15:04:45.653+0000] {spark_submit.py:634} INFO - 24/12/09 15:04:45 INFO ResourceUtils: ==============================================================
[2024-12-09T15:04:45.658+0000] {spark_submit.py:634} INFO - 24/12/09 15:04:45 INFO ResourceUtils: No custom resources configured for spark.driver.
[2024-12-09T15:04:45.661+0000] {spark_submit.py:634} INFO - 24/12/09 15:04:45 INFO ResourceUtils: ==============================================================
[2024-12-09T15:04:45.662+0000] {spark_submit.py:634} INFO - 24/12/09 15:04:45 INFO SparkContext: Submitted application: Word Count Job
[2024-12-09T15:04:45.701+0000] {spark_submit.py:634} INFO - 24/12/09 15:04:45 INFO ResourceProfile: Default ResourceProfile created, executor resources: Map(cores -> name: cores, amount: 1, script: , vendor: , memory -> name: memory, amount: 1024, script: , vendor: , offHeap -> name: offHeap, amount: 0, script: , vendor: ), task resources: Map(cpus -> name: cpus, amount: 1.0)
[2024-12-09T15:04:45.716+0000] {spark_submit.py:634} INFO - 24/12/09 15:04:45 INFO ResourceProfile: Limiting resource is cpu
[2024-12-09T15:04:45.718+0000] {spark_submit.py:634} INFO - 24/12/09 15:04:45 INFO ResourceProfileManager: Added ResourceProfile id: 0
[2024-12-09T15:04:45.799+0000] {spark_submit.py:634} INFO - 24/12/09 15:04:45 INFO SecurityManager: Changing view acls to: ***
[2024-12-09T15:04:45.801+0000] {spark_submit.py:634} INFO - 24/12/09 15:04:45 INFO SecurityManager: Changing modify acls to: ***
[2024-12-09T15:04:45.801+0000] {spark_submit.py:634} INFO - 24/12/09 15:04:45 INFO SecurityManager: Changing view acls groups to:
[2024-12-09T15:04:45.802+0000] {spark_submit.py:634} INFO - 24/12/09 15:04:45 INFO SecurityManager: Changing modify acls groups to:
[2024-12-09T15:04:45.802+0000] {spark_submit.py:634} INFO - 24/12/09 15:04:45 INFO SecurityManager: SecurityManager: authentication disabled; ui acls disabled; users with view permissions: ***; groups with view permissions: EMPTY; users with modify permissions: ***; groups with modify permissions: EMPTY
[2024-12-09T15:04:46.197+0000] {spark_submit.py:634} INFO - 24/12/09 15:04:46 INFO Utils: Successfully started service 'sparkDriver' on port 37919.
[2024-12-09T15:04:46.260+0000] {spark_submit.py:634} INFO - 24/12/09 15:04:46 INFO SparkEnv: Registering MapOutputTracker
[2024-12-09T15:04:46.324+0000] {spark_submit.py:634} INFO - 24/12/09 15:04:46 INFO SparkEnv: Registering BlockManagerMaster
[2024-12-09T15:04:46.347+0000] {spark_submit.py:634} INFO - 24/12/09 15:04:46 INFO BlockManagerMasterEndpoint: Using org.apache.spark.storage.DefaultTopologyMapper for getting topology information
[2024-12-09T15:04:46.349+0000] {spark_submit.py:634} INFO - 24/12/09 15:04:46 INFO BlockManagerMasterEndpoint: BlockManagerMasterEndpoint up
[2024-12-09T15:04:46.356+0000] {spark_submit.py:634} INFO - 24/12/09 15:04:46 INFO SparkEnv: Registering BlockManagerMasterHeartbeat
[2024-12-09T15:04:46.381+0000] {spark_submit.py:634} INFO - 24/12/09 15:04:46 INFO DiskBlockManager: Created local directory at /tmp/blockmgr-d25bba94-26ce-43ea-af1d-3665efcc84da
[2024-12-09T15:04:46.402+0000] {spark_submit.py:634} INFO - 24/12/09 15:04:46 INFO MemoryStore: MemoryStore started with capacity 434.4 MiB
[2024-12-09T15:04:46.422+0000] {spark_submit.py:634} INFO - 24/12/09 15:04:46 INFO SparkEnv: Registering OutputCommitCoordinator
[2024-12-09T15:04:46.690+0000] {spark_submit.py:634} INFO - 24/12/09 15:04:46 INFO JettyUtils: Start Jetty 0.0.0.0:4040 for SparkUI
[2024-12-09T15:04:46.835+0000] {spark_submit.py:634} INFO - 24/12/09 15:04:46 WARN Utils: Service 'SparkUI' could not bind on port 4040. Attempting port 4041.
[2024-12-09T15:04:46.849+0000] {spark_submit.py:634} INFO - 24/12/09 15:04:46 INFO Utils: Successfully started service 'SparkUI' on port 4041.
[2024-12-09T15:04:46.947+0000] {spark_submit.py:634} INFO - 24/12/09 15:04:46 INFO SparkContext: Added JAR file:/opt/***/jobs/java/spark-job/target/spark-job-1.0-SNAPSHOT.jar at spark://2a892a3469ec:37919/jars/spark-job-1.0-SNAPSHOT.jar with timestamp 1733756685381
[2024-12-09T15:04:47.084+0000] {spark_submit.py:634} INFO - 24/12/09 15:04:47 INFO Executor: Starting executor ID driver on host 2a892a3469ec
[2024-12-09T15:04:47.085+0000] {spark_submit.py:634} INFO - 24/12/09 15:04:47 INFO Executor: OS info Linux, 6.10.14-linuxkit, aarch64
[2024-12-09T15:04:47.086+0000] {spark_submit.py:634} INFO - 24/12/09 15:04:47 INFO Executor: Java version 17.0.13
[2024-12-09T15:04:47.096+0000] {spark_submit.py:634} INFO - 24/12/09 15:04:47 INFO Executor: Starting executor with user classpath (userClassPathFirst = false): ''
[2024-12-09T15:04:47.099+0000] {spark_submit.py:634} INFO - 24/12/09 15:04:47 INFO Executor: Created or updated repl class loader org.apache.spark.util.MutableURLClassLoader@3ebe4ccc for default.
[2024-12-09T15:04:47.149+0000] {spark_submit.py:634} INFO - 24/12/09 15:04:47 INFO Executor: Fetching spark://2a892a3469ec:37919/jars/spark-job-1.0-SNAPSHOT.jar with timestamp 1733756685381
[2024-12-09T15:04:47.268+0000] {spark_submit.py:634} INFO - 24/12/09 15:04:47 INFO TransportClientFactory: Successfully created connection to 2a892a3469ec/172.18.0.4:37919 after 50 ms (0 ms spent in bootstraps)
[2024-12-09T15:04:47.278+0000] {spark_submit.py:634} INFO - 24/12/09 15:04:47 INFO Utils: Fetching spark://2a892a3469ec:37919/jars/spark-job-1.0-SNAPSHOT.jar to /tmp/spark-361e40f7-3a41-4c06-a717-aa08bb1991db/userFiles-2c18235e-5ee6-4cab-9183-e69546311cc7/fetchFileTemp15061008843372261030.tmp
[2024-12-09T15:04:47.338+0000] {spark_submit.py:634} INFO - 24/12/09 15:04:47 INFO Executor: Adding file:/tmp/spark-361e40f7-3a41-4c06-a717-aa08bb1991db/userFiles-2c18235e-5ee6-4cab-9183-e69546311cc7/spark-job-1.0-SNAPSHOT.jar to class loader default
[2024-12-09T15:04:47.350+0000] {spark_submit.py:634} INFO - 24/12/09 15:04:47 INFO Utils: Successfully started service 'org.apache.spark.network.netty.NettyBlockTransferService' on port 42415.
[2024-12-09T15:04:47.352+0000] {spark_submit.py:634} INFO - 24/12/09 15:04:47 INFO NettyBlockTransferService: Server created on 2a892a3469ec:42415
[2024-12-09T15:04:47.354+0000] {spark_submit.py:634} INFO - 24/12/09 15:04:47 INFO BlockManager: Using org.apache.spark.storage.RandomBlockReplicationPolicy for block replication policy
[2024-12-09T15:04:47.362+0000] {spark_submit.py:634} INFO - 24/12/09 15:04:47 INFO BlockManagerMaster: Registering BlockManager BlockManagerId(driver, 2a892a3469ec, 42415, None)
[2024-12-09T15:04:47.369+0000] {spark_submit.py:634} INFO - 24/12/09 15:04:47 INFO BlockManagerMasterEndpoint: Registering block manager 2a892a3469ec:42415 with 434.4 MiB RAM, BlockManagerId(driver, 2a892a3469ec, 42415, None)
[2024-12-09T15:04:47.373+0000] {spark_submit.py:634} INFO - 24/12/09 15:04:47 INFO BlockManagerMaster: Registered BlockManager BlockManagerId(driver, 2a892a3469ec, 42415, None)
[2024-12-09T15:04:47.373+0000] {spark_submit.py:634} INFO - 24/12/09 15:04:47 INFO BlockManager: Initialized BlockManager: BlockManagerId(driver, 2a892a3469ec, 42415, None)
[2024-12-09T15:04:48.866+0000] {spark_submit.py:634} INFO - 24/12/09 15:04:48 INFO SparkContext: Starting job: collect at WordCountJob.java:37
[2024-12-09T15:04:48.938+0000] {spark_submit.py:634} INFO - 24/12/09 15:04:48 INFO DAGScheduler: Registering RDD 2 (mapToPair at WordCountJob.java:33) as input to shuffle 0
[2024-12-09T15:04:48.949+0000] {spark_submit.py:634} INFO - 24/12/09 15:04:48 INFO DAGScheduler: Got job 0 (collect at WordCountJob.java:37) with 1 output partitions
[2024-12-09T15:04:48.955+0000] {spark_submit.py:634} INFO - 24/12/09 15:04:48 INFO DAGScheduler: Final stage: ResultStage 1 (collect at WordCountJob.java:37)
[2024-12-09T15:04:48.956+0000] {spark_submit.py:634} INFO - 24/12/09 15:04:48 INFO DAGScheduler: Parents of final stage: List(ShuffleMapStage 0)
[2024-12-09T15:04:48.957+0000] {spark_submit.py:634} INFO - 24/12/09 15:04:48 INFO DAGScheduler: Missing parents: List(ShuffleMapStage 0)
[2024-12-09T15:04:48.967+0000] {spark_submit.py:634} INFO - 24/12/09 15:04:48 INFO DAGScheduler: Submitting ShuffleMapStage 0 (MapPartitionsRDD[2] at mapToPair at WordCountJob.java:33), which has no missing parents
[2024-12-09T15:04:49.230+0000] {spark_submit.py:634} INFO - 24/12/09 15:04:49 INFO MemoryStore: Block broadcast_0 stored as values in memory (estimated size 6.4 KiB, free 434.4 MiB)
[2024-12-09T15:04:49.308+0000] {spark_submit.py:634} INFO - 24/12/09 15:04:49 INFO MemoryStore: Block broadcast_0_piece0 stored as bytes in memory (estimated size 3.4 KiB, free 434.4 MiB)
[2024-12-09T15:04:49.325+0000] {spark_submit.py:634} INFO - 24/12/09 15:04:49 INFO BlockManagerInfo: Added broadcast_0_piece0 in memory on 2a892a3469ec:42415 (size: 3.4 KiB, free: 434.4 MiB)
[2024-12-09T15:04:49.337+0000] {spark_submit.py:634} INFO - 24/12/09 15:04:49 INFO SparkContext: Created broadcast 0 from broadcast at DAGScheduler.scala:1585
[2024-12-09T15:04:49.400+0000] {spark_submit.py:634} INFO - 24/12/09 15:04:49 INFO DAGScheduler: Submitting 1 missing tasks from ShuffleMapStage 0 (MapPartitionsRDD[2] at mapToPair at WordCountJob.java:33) (first 15 tasks are for partitions Vector(0))
[2024-12-09T15:04:49.406+0000] {spark_submit.py:634} INFO - 24/12/09 15:04:49 INFO TaskSchedulerImpl: Adding task set 0.0 with 1 tasks resource profile 0
[2024-12-09T15:04:49.597+0000] {spark_submit.py:634} INFO - 24/12/09 15:04:49 INFO TaskSetManager: Starting task 0.0 in stage 0.0 (TID 0) (2a892a3469ec, executor driver, partition 0, PROCESS_LOCAL, 9249 bytes)
[2024-12-09T15:04:49.627+0000] {spark_submit.py:634} INFO - 24/12/09 15:04:49 INFO Executor: Running task 0.0 in stage 0.0 (TID 0)
[2024-12-09T15:04:50.037+0000] {spark_submit.py:634} INFO - 24/12/09 15:04:50 INFO Executor: Finished task 0.0 in stage 0.0 (TID 0). 1216 bytes result sent to driver
[2024-12-09T15:04:50.123+0000] {spark_submit.py:634} INFO - 24/12/09 15:04:50 INFO TaskSetManager: Finished task 0.0 in stage 0.0 (TID 0) in 568 ms on 2a892a3469ec (executor driver) (1/1)
[2024-12-09T15:04:50.134+0000] {spark_submit.py:634} INFO - 24/12/09 15:04:50 INFO TaskSchedulerImpl: Removed TaskSet 0.0, whose tasks have all completed, from pool
[2024-12-09T15:04:50.171+0000] {spark_submit.py:634} INFO - 24/12/09 15:04:50 INFO DAGScheduler: ShuffleMapStage 0 (mapToPair at WordCountJob.java:33) finished in 1.152 s
[2024-12-09T15:04:50.179+0000] {spark_submit.py:634} INFO - 24/12/09 15:04:50 INFO DAGScheduler: looking for newly runnable stages
[2024-12-09T15:04:50.179+0000] {spark_submit.py:634} INFO - 24/12/09 15:04:50 INFO DAGScheduler: running: Set()
[2024-12-09T15:04:50.180+0000] {spark_submit.py:634} INFO - 24/12/09 15:04:50 INFO DAGScheduler: waiting: Set(ResultStage 1)
[2024-12-09T15:04:50.180+0000] {spark_submit.py:634} INFO - 24/12/09 15:04:50 INFO DAGScheduler: failed: Set()
[2024-12-09T15:04:50.191+0000] {spark_submit.py:634} INFO - 24/12/09 15:04:50 INFO DAGScheduler: Submitting ResultStage 1 (ShuffledRDD[3] at reduceByKey at WordCountJob.java:34), which has no missing parents
[2024-12-09T15:04:50.253+0000] {spark_submit.py:634} INFO - 24/12/09 15:04:50 INFO MemoryStore: Block broadcast_1 stored as values in memory (estimated size 5.2 KiB, free 434.4 MiB)
[2024-12-09T15:04:50.264+0000] {spark_submit.py:634} INFO - 24/12/09 15:04:50 INFO MemoryStore: Block broadcast_1_piece0 stored as bytes in memory (estimated size 2.9 KiB, free 434.4 MiB)
[2024-12-09T15:04:50.274+0000] {spark_submit.py:634} INFO - 24/12/09 15:04:50 INFO BlockManagerInfo: Added broadcast_1_piece0 in memory on 2a892a3469ec:42415 (size: 2.9 KiB, free: 434.4 MiB)
[2024-12-09T15:04:50.275+0000] {spark_submit.py:634} INFO - 24/12/09 15:04:50 INFO SparkContext: Created broadcast 1 from broadcast at DAGScheduler.scala:1585
[2024-12-09T15:04:50.278+0000] {spark_submit.py:634} INFO - 24/12/09 15:04:50 INFO DAGScheduler: Submitting 1 missing tasks from ResultStage 1 (ShuffledRDD[3] at reduceByKey at WordCountJob.java:34) (first 15 tasks are for partitions Vector(0))
[2024-12-09T15:04:50.282+0000] {spark_submit.py:634} INFO - 24/12/09 15:04:50 INFO TaskSchedulerImpl: Adding task set 1.0 with 1 tasks resource profile 0
[2024-12-09T15:04:50.290+0000] {spark_submit.py:634} INFO - 24/12/09 15:04:50 INFO TaskSetManager: Starting task 0.0 in stage 1.0 (TID 1) (2a892a3469ec, executor driver, partition 0, NODE_LOCAL, 9002 bytes)
[2024-12-09T15:04:50.294+0000] {spark_submit.py:634} INFO - 24/12/09 15:04:50 INFO Executor: Running task 0.0 in stage 1.0 (TID 1)
[2024-12-09T15:04:50.457+0000] {spark_submit.py:634} INFO - 24/12/09 15:04:50 INFO ShuffleBlockFetcherIterator: Getting 1 (189.0 B) non-empty blocks including 1 (189.0 B) local and 0 (0.0 B) host-local and 0 (0.0 B) push-merged-local and 0 (0.0 B) remote blocks
[2024-12-09T15:04:50.476+0000] {spark_submit.py:634} INFO - 24/12/09 15:04:50 INFO ShuffleBlockFetcherIterator: Started 0 remote fetches in 39 ms
[2024-12-09T15:04:50.566+0000] {spark_submit.py:634} INFO - 24/12/09 15:04:50 INFO Executor: Finished task 0.0 in stage 1.0 (TID 1). 2001 bytes result sent to driver
[2024-12-09T15:04:50.575+0000] {spark_submit.py:634} INFO - 24/12/09 15:04:50 INFO TaskSetManager: Finished task 0.0 in stage 1.0 (TID 1) in 289 ms on 2a892a3469ec (executor driver) (1/1)
[2024-12-09T15:04:50.581+0000] {spark_submit.py:634} INFO - 24/12/09 15:04:50 INFO TaskSchedulerImpl: Removed TaskSet 1.0, whose tasks have all completed, from pool
[2024-12-09T15:04:50.615+0000] {spark_submit.py:634} INFO - 24/12/09 15:04:50 INFO DAGScheduler: ResultStage 1 (collect at WordCountJob.java:37) finished in 0.346 s
[2024-12-09T15:04:50.620+0000] {spark_submit.py:634} INFO - 24/12/09 15:04:50 INFO DAGScheduler: Job 0 is finished. Cancelling potential speculative or zombie tasks for this job
[2024-12-09T15:04:50.622+0000] {spark_submit.py:634} INFO - 24/12/09 15:04:50 INFO TaskSchedulerImpl: Killing all running tasks in stage 1: Stage finished
[2024-12-09T15:04:50.628+0000] {spark_submit.py:634} INFO - 24/12/09 15:04:50 INFO DAGScheduler: Job 0 finished: collect at WordCountJob.java:37, took 1.761422 s
[2024-12-09T15:04:50.643+0000] {spark_submit.py:634} INFO - spark: 1
[2024-12-09T15:04:50.650+0000] {spark_submit.py:634} INFO - docker: 1
[2024-12-09T15:04:50.664+0000] {spark_submit.py:634} INFO - Yusuf: 1
[2024-12-09T15:04:50.664+0000] {spark_submit.py:634} INFO - hello: 5
[2024-12-09T15:04:50.665+0000] {spark_submit.py:634} INFO - java: 1
[2024-12-09T15:04:50.665+0000] {spark_submit.py:634} INFO - world: 1
[2024-12-09T15:04:50.665+0000] {spark_submit.py:634} INFO - 24/12/09 15:04:50 INFO SparkContext: SparkContext is stopping with exitCode 0.
[2024-12-09T15:04:50.720+0000] {spark_submit.py:634} INFO - 24/12/09 15:04:50 INFO SparkUI: Stopped Spark web UI at http://2a892a3469ec:4041
[2024-12-09T15:04:50.831+0000] {spark_submit.py:634} INFO - 24/12/09 15:04:50 INFO MapOutputTrackerMasterEndpoint: MapOutputTrackerMasterEndpoint stopped!
[2024-12-09T15:04:50.980+0000] {spark_submit.py:634} INFO - 24/12/09 15:04:50 INFO MemoryStore: MemoryStore cleared
[2024-12-09T15:04:50.989+0000] {spark_submit.py:634} INFO - 24/12/09 15:04:50 INFO BlockManager: BlockManager stopped
[2024-12-09T15:04:51.012+0000] {spark_submit.py:634} INFO - 24/12/09 15:04:51 INFO BlockManagerMaster: BlockManagerMaster stopped
[2024-12-09T15:04:51.016+0000] {spark_submit.py:634} INFO - 24/12/09 15:04:51 INFO OutputCommitCoordinator$OutputCommitCoordinatorEndpoint: OutputCommitCoordinator stopped!
[2024-12-09T15:04:51.037+0000] {spark_submit.py:634} INFO - 24/12/09 15:04:51 INFO SparkContext: Successfully stopped SparkContext
[2024-12-09T15:04:51.049+0000] {spark_submit.py:634} INFO - 24/12/09 15:04:51 INFO ShutdownHookManager: Shutdown hook called
[2024-12-09T15:04:51.050+0000] {spark_submit.py:634} INFO - 24/12/09 15:04:51 INFO ShutdownHookManager: Deleting directory /tmp/spark-361e40f7-3a41-4c06-a717-aa08bb1991db
[2024-12-09T15:04:51.059+0000] {spark_submit.py:634} INFO - 24/12/09 15:04:51 INFO ShutdownHookManager: Deleting directory /tmp/spark-d2f606a3-369b-4583-a14f-61a64f673e6a
[2024-12-09T15:04:51.269+0000] {taskinstance.py:340} INFO - ::group::Post task execution logs
[2024-12-09T15:04:51.279+0000] {taskinstance.py:352} INFO - Marking task as SUCCESS. dag_id=sparking_flow, task_id=java_job, run_id=manual__2024-12-09T15:04:38.744438+00:00, execution_date=20241209T150438, start_date=20241209T150441, end_date=20241209T150451
[2024-12-09T15:04:51.341+0000] {local_task_job_runner.py:266} INFO - Task exited with return code 0
[2024-12-09T15:04:51.509+0000] {taskinstance.py:3895} INFO - 0 downstream tasks scheduled from follow-on schedule check
[2024-12-09T15:04:51.518+0000] {local_task_job_runner.py:245} INFO - ::endgroup::
