[2024-12-09T12:35:02.203+0000] {local_task_job_runner.py:123} INFO - ::group::Pre task execution logs
[2024-12-09T12:35:02.223+0000] {taskinstance.py:2613} INFO - Dependencies all met for dep_context=non-requeueable deps ti=<TaskInstance: sparking_flow.scala_job manual__2024-12-09T12:35:00.393122+00:00 [queued]>
[2024-12-09T12:35:02.234+0000] {taskinstance.py:2613} INFO - Dependencies all met for dep_context=requeueable deps ti=<TaskInstance: sparking_flow.scala_job manual__2024-12-09T12:35:00.393122+00:00 [queued]>
[2024-12-09T12:35:02.234+0000] {taskinstance.py:2866} INFO - Starting attempt 1 of 1
[2024-12-09T12:35:02.245+0000] {taskinstance.py:2889} INFO - Executing <Task(SparkSubmitOperator): scala_job> on 2024-12-09 12:35:00.393122+00:00
[2024-12-09T12:35:02.251+0000] {logging_mixin.py:190} WARNING - /home/***/.local/lib/python3.12/site-packages/***/task/task_runner/standard_task_runner.py:70 DeprecationWarning: This process (pid=186) is multi-threaded, use of fork() may lead to deadlocks in the child.
[2024-12-09T12:35:02.251+0000] {standard_task_runner.py:104} INFO - Running: ['***', 'tasks', 'run', 'sparking_flow', 'scala_job', 'manual__2024-12-09T12:35:00.393122+00:00', '--job-id', '420', '--raw', '--subdir', 'DAGS_FOLDER/spark_***.py', '--cfg-path', '/tmp/tmp6_izxht6']
[2024-12-09T12:35:02.253+0000] {standard_task_runner.py:72} INFO - Started process 188 to run task
[2024-12-09T12:35:02.253+0000] {standard_task_runner.py:105} INFO - Job 420: Subtask scala_job
[2024-12-09T12:35:02.315+0000] {task_command.py:467} INFO - Running <TaskInstance: sparking_flow.scala_job manual__2024-12-09T12:35:00.393122+00:00 [running]> on host 2a892a3469ec
[2024-12-09T12:35:02.399+0000] {taskinstance.py:3132} INFO - Exporting env vars: AIRFLOW_CTX_DAG_OWNER='Yusuf Ganiyu' AIRFLOW_CTX_DAG_ID='sparking_flow' AIRFLOW_CTX_TASK_ID='scala_job' AIRFLOW_CTX_EXECUTION_DATE='2024-12-09T12:35:00.393122+00:00' AIRFLOW_CTX_TRY_NUMBER='1' AIRFLOW_CTX_DAG_RUN_ID='manual__2024-12-09T12:35:00.393122+00:00'
[2024-12-09T12:35:02.402+0000] {taskinstance.py:731} INFO - ::endgroup::
[2024-12-09T12:35:02.424+0000] {base.py:84} INFO - Retrieving connection 'spark-conn'
[2024-12-09T12:35:02.425+0000] {spark_submit.py:473} INFO - Spark-Submit cmd: spark-submit --master spark://sparkingflow-spark-master-1:7077 --name arrow-spark --deploy-mode client jobs/scala/target/scala-2.12/word-count_2.12-0.1.jar
[2024-12-09T12:35:05.964+0000] {spark_submit.py:634} INFO - 24/12/09 12:35:05 WARN NativeCodeLoader: Unable to load native-hadoop library for your platform... using builtin-java classes where applicable
[2024-12-09T12:35:06.339+0000] {spark_submit.py:634} INFO - 24/12/09 12:35:06 INFO SparkContext: Running Spark version 3.5.3
[2024-12-09T12:35:06.340+0000] {spark_submit.py:634} INFO - 24/12/09 12:35:06 INFO SparkContext: OS info Linux, 6.10.14-linuxkit, aarch64
[2024-12-09T12:35:06.341+0000] {spark_submit.py:634} INFO - 24/12/09 12:35:06 INFO SparkContext: Java version 17.0.13
[2024-12-09T12:35:06.391+0000] {spark_submit.py:634} INFO - 24/12/09 12:35:06 INFO ResourceUtils: ==============================================================
[2024-12-09T12:35:06.392+0000] {spark_submit.py:634} INFO - 24/12/09 12:35:06 INFO ResourceUtils: No custom resources configured for spark.driver.
[2024-12-09T12:35:06.394+0000] {spark_submit.py:634} INFO - 24/12/09 12:35:06 INFO ResourceUtils: ==============================================================
[2024-12-09T12:35:06.395+0000] {spark_submit.py:634} INFO - 24/12/09 12:35:06 INFO SparkContext: Submitted application: Word Count
[2024-12-09T12:35:06.438+0000] {spark_submit.py:634} INFO - 24/12/09 12:35:06 INFO ResourceProfile: Default ResourceProfile created, executor resources: Map(memory -> name: memory, amount: 1024, script: , vendor: , offHeap -> name: offHeap, amount: 0, script: , vendor: ), task resources: Map(cpus -> name: cpus, amount: 1.0)
[2024-12-09T12:35:06.454+0000] {spark_submit.py:634} INFO - 24/12/09 12:35:06 INFO ResourceProfile: Limiting resource is cpu
[2024-12-09T12:35:06.455+0000] {spark_submit.py:634} INFO - 24/12/09 12:35:06 INFO ResourceProfileManager: Added ResourceProfile id: 0
[2024-12-09T12:35:06.540+0000] {spark_submit.py:634} INFO - 24/12/09 12:35:06 INFO SecurityManager: Changing view acls to: ***
[2024-12-09T12:35:06.549+0000] {spark_submit.py:634} INFO - 24/12/09 12:35:06 INFO SecurityManager: Changing modify acls to: ***
[2024-12-09T12:35:06.556+0000] {spark_submit.py:634} INFO - 24/12/09 12:35:06 INFO SecurityManager: Changing view acls groups to:
[2024-12-09T12:35:06.561+0000] {spark_submit.py:634} INFO - 24/12/09 12:35:06 INFO SecurityManager: Changing modify acls groups to:
[2024-12-09T12:35:06.564+0000] {spark_submit.py:634} INFO - 24/12/09 12:35:06 INFO SecurityManager: SecurityManager: authentication disabled; ui acls disabled; users with view permissions: ***; groups with view permissions: EMPTY; users with modify permissions: ***; groups with modify permissions: EMPTY
[2024-12-09T12:35:06.895+0000] {spark_submit.py:634} INFO - 24/12/09 12:35:06 INFO Utils: Successfully started service 'sparkDriver' on port 45445.
[2024-12-09T12:35:06.928+0000] {spark_submit.py:634} INFO - 24/12/09 12:35:06 INFO SparkEnv: Registering MapOutputTracker
[2024-12-09T12:35:06.973+0000] {spark_submit.py:634} INFO - 24/12/09 12:35:06 INFO SparkEnv: Registering BlockManagerMaster
[2024-12-09T12:35:06.998+0000] {spark_submit.py:634} INFO - 24/12/09 12:35:06 INFO BlockManagerMasterEndpoint: Using org.apache.spark.storage.DefaultTopologyMapper for getting topology information
[2024-12-09T12:35:07.000+0000] {spark_submit.py:634} INFO - 24/12/09 12:35:06 INFO BlockManagerMasterEndpoint: BlockManagerMasterEndpoint up
[2024-12-09T12:35:07.004+0000] {spark_submit.py:634} INFO - 24/12/09 12:35:07 INFO SparkEnv: Registering BlockManagerMasterHeartbeat
[2024-12-09T12:35:07.025+0000] {spark_submit.py:634} INFO - 24/12/09 12:35:07 INFO DiskBlockManager: Created local directory at /tmp/blockmgr-a54de6a7-b1cf-4fce-aab6-e2f080981a2e
[2024-12-09T12:35:07.048+0000] {spark_submit.py:634} INFO - 24/12/09 12:35:07 INFO MemoryStore: MemoryStore started with capacity 434.4 MiB
[2024-12-09T12:35:07.070+0000] {spark_submit.py:634} INFO - 24/12/09 12:35:07 INFO SparkEnv: Registering OutputCommitCoordinator
[2024-12-09T12:35:07.292+0000] {spark_submit.py:634} INFO - 24/12/09 12:35:07 INFO JettyUtils: Start Jetty 0.0.0.0:4040 for SparkUI
[2024-12-09T12:35:07.412+0000] {spark_submit.py:634} INFO - 24/12/09 12:35:07 WARN Utils: Service 'SparkUI' could not bind on port 4040. Attempting port 4041.
[2024-12-09T12:35:07.421+0000] {spark_submit.py:634} INFO - 24/12/09 12:35:07 INFO Utils: Successfully started service 'SparkUI' on port 4041.
[2024-12-09T12:35:07.481+0000] {spark_submit.py:634} INFO - 24/12/09 12:35:07 INFO SparkContext: Added JAR file:/opt/***/jobs/scala/target/scala-2.12/word-count_2.12-0.1.jar at spark://2a892a3469ec:45445/jars/word-count_2.12-0.1.jar with timestamp 1733747706317
[2024-12-09T12:35:07.623+0000] {spark_submit.py:634} INFO - 24/12/09 12:35:07 INFO StandaloneAppClient$ClientEndpoint: Connecting to master spark://spark-master:7077...
[2024-12-09T12:35:07.699+0000] {spark_submit.py:634} INFO - 24/12/09 12:35:07 INFO TransportClientFactory: Successfully created connection to spark-master/172.18.0.5:7077 after 40 ms (0 ms spent in bootstraps)
[2024-12-09T12:35:08.049+0000] {spark_submit.py:634} INFO - 24/12/09 12:35:08 INFO StandaloneSchedulerBackend: Connected to Spark cluster with app ID app-20241209123507-0000
[2024-12-09T12:35:08.084+0000] {spark_submit.py:634} INFO - 24/12/09 12:35:08 INFO Utils: Successfully started service 'org.apache.spark.network.netty.NettyBlockTransferService' on port 41145.
[2024-12-09T12:35:08.087+0000] {spark_submit.py:634} INFO - 24/12/09 12:35:08 INFO NettyBlockTransferService: Server created on 2a892a3469ec:41145
[2024-12-09T12:35:08.088+0000] {spark_submit.py:634} INFO - 24/12/09 12:35:08 INFO BlockManager: Using org.apache.spark.storage.RandomBlockReplicationPolicy for block replication policy
[2024-12-09T12:35:08.105+0000] {spark_submit.py:634} INFO - 24/12/09 12:35:08 INFO BlockManagerMaster: Registering BlockManager BlockManagerId(driver, 2a892a3469ec, 41145, None)
[2024-12-09T12:35:08.152+0000] {spark_submit.py:634} INFO - 24/12/09 12:35:08 INFO BlockManagerMasterEndpoint: Registering block manager 2a892a3469ec:41145 with 434.4 MiB RAM, BlockManagerId(driver, 2a892a3469ec, 41145, None)
[2024-12-09T12:35:08.165+0000] {spark_submit.py:634} INFO - 24/12/09 12:35:08 INFO BlockManagerMaster: Registered BlockManager BlockManagerId(driver, 2a892a3469ec, 41145, None)
[2024-12-09T12:35:08.183+0000] {spark_submit.py:634} INFO - 24/12/09 12:35:08 INFO BlockManager: Initialized BlockManager: BlockManagerId(driver, 2a892a3469ec, 41145, None)
[2024-12-09T12:35:08.226+0000] {spark_submit.py:634} INFO - 24/12/09 12:35:08 INFO StandaloneAppClient$ClientEndpoint: Executor added: app-20241209123507-0000/0 on worker-20241209123440-172.18.0.7-42827 (172.18.0.7:42827) with 2 core(s)
[2024-12-09T12:35:08.235+0000] {spark_submit.py:634} INFO - 24/12/09 12:35:08 INFO StandaloneSchedulerBackend: Granted executor ID app-20241209123507-0000/0 on hostPort 172.18.0.7:42827 with 2 core(s), 1024.0 MiB RAM
[2024-12-09T12:35:08.703+0000] {spark_submit.py:634} INFO - 24/12/09 12:35:08 INFO StandaloneAppClient$ClientEndpoint: Executor updated: app-20241209123507-0000/0 is now RUNNING
[2024-12-09T12:35:08.861+0000] {spark_submit.py:634} INFO - 24/12/09 12:35:08 INFO StandaloneSchedulerBackend: SchedulerBackend is ready for scheduling beginning after reached minRegisteredResourcesRatio: 0.0
[2024-12-09T12:35:10.130+0000] {spark_submit.py:634} INFO - 24/12/09 12:35:10 INFO SparkContext: Starting job: collect at wordcount.scala:14
[2024-12-09T12:35:11.104+0000] {spark_submit.py:634} INFO - 24/12/09 12:35:11 INFO DAGScheduler: Registering RDD 2 (map at wordcount.scala:11) as input to shuffle 0
[2024-12-09T12:35:11.109+0000] {spark_submit.py:634} INFO - 24/12/09 12:35:11 INFO DAGScheduler: Got job 0 (collect at wordcount.scala:14) with 2 output partitions
[2024-12-09T12:35:11.110+0000] {spark_submit.py:634} INFO - 24/12/09 12:35:11 INFO DAGScheduler: Final stage: ResultStage 1 (collect at wordcount.scala:14)
[2024-12-09T12:35:11.113+0000] {spark_submit.py:634} INFO - 24/12/09 12:35:11 INFO DAGScheduler: Parents of final stage: List(ShuffleMapStage 0)
[2024-12-09T12:35:11.113+0000] {spark_submit.py:634} INFO - 24/12/09 12:35:11 INFO DAGScheduler: Missing parents: List(ShuffleMapStage 0)
[2024-12-09T12:35:11.122+0000] {spark_submit.py:634} INFO - 24/12/09 12:35:11 INFO DAGScheduler: Submitting ShuffleMapStage 0 (MapPartitionsRDD[2] at map at wordcount.scala:11), which has no missing parents
[2024-12-09T12:35:11.378+0000] {spark_submit.py:634} INFO - 24/12/09 12:35:11 INFO MemoryStore: Block broadcast_0 stored as values in memory (estimated size 5.5 KiB, free 434.4 MiB)
[2024-12-09T12:35:11.517+0000] {spark_submit.py:634} INFO - 24/12/09 12:35:11 INFO MemoryStore: Block broadcast_0_piece0 stored as bytes in memory (estimated size 3.2 KiB, free 434.4 MiB)
[2024-12-09T12:35:11.520+0000] {spark_submit.py:634} INFO - 24/12/09 12:35:11 INFO BlockManagerInfo: Added broadcast_0_piece0 in memory on 2a892a3469ec:41145 (size: 3.2 KiB, free: 434.4 MiB)
[2024-12-09T12:35:11.532+0000] {spark_submit.py:634} INFO - 24/12/09 12:35:11 INFO SparkContext: Created broadcast 0 from broadcast at DAGScheduler.scala:1585
[2024-12-09T12:35:11.634+0000] {spark_submit.py:634} INFO - 24/12/09 12:35:11 INFO DAGScheduler: Submitting 2 missing tasks from ShuffleMapStage 0 (MapPartitionsRDD[2] at map at wordcount.scala:11) (first 15 tasks are for partitions Vector(0, 1))
[2024-12-09T12:35:11.642+0000] {spark_submit.py:634} INFO - 24/12/09 12:35:11 INFO TaskSchedulerImpl: Adding task set 0.0 with 2 tasks resource profile 0
[2024-12-09T12:35:14.301+0000] {spark_submit.py:634} INFO - 24/12/09 12:35:14 INFO StandaloneSchedulerBackend$StandaloneDriverEndpoint: Registered executor NettyRpcEndpointRef(spark-client://Executor) (172.18.0.7:60230) with ID 0,  ResourceProfileId 0
[2024-12-09T12:35:14.425+0000] {spark_submit.py:634} INFO - 24/12/09 12:35:14 INFO BlockManagerMasterEndpoint: Registering block manager 172.18.0.7:36139 with 434.4 MiB RAM, BlockManagerId(0, 172.18.0.7, 36139, None)
[2024-12-09T12:35:14.660+0000] {spark_submit.py:634} INFO - 24/12/09 12:35:14 INFO TaskSetManager: Starting task 0.0 in stage 0.0 (TID 0) (172.18.0.7, executor 0, partition 0, PROCESS_LOCAL, 9198 bytes)
[2024-12-09T12:35:14.666+0000] {spark_submit.py:634} INFO - 24/12/09 12:35:14 INFO TaskSetManager: Starting task 1.0 in stage 0.0 (TID 1) (172.18.0.7, executor 0, partition 1, PROCESS_LOCAL, 9213 bytes)
[2024-12-09T12:35:15.112+0000] {spark_submit.py:634} INFO - 24/12/09 12:35:15 INFO BlockManagerInfo: Added broadcast_0_piece0 in memory on 172.18.0.7:36139 (size: 3.2 KiB, free: 434.4 MiB)
[2024-12-09T12:35:15.917+0000] {spark_submit.py:634} INFO - 24/12/09 12:35:15 INFO TaskSetManager: Finished task 1.0 in stage 0.0 (TID 1) in 1250 ms on 172.18.0.7 (executor 0) (1/2)
[2024-12-09T12:35:15.920+0000] {spark_submit.py:634} INFO - 24/12/09 12:35:15 INFO TaskSetManager: Finished task 0.0 in stage 0.0 (TID 0) in 1291 ms on 172.18.0.7 (executor 0) (2/2)
[2024-12-09T12:35:15.921+0000] {spark_submit.py:634} INFO - 24/12/09 12:35:15 INFO TaskSchedulerImpl: Removed TaskSet 0.0, whose tasks have all completed, from pool
[2024-12-09T12:35:15.930+0000] {spark_submit.py:634} INFO - 24/12/09 12:35:15 INFO DAGScheduler: ShuffleMapStage 0 (map at wordcount.scala:11) finished in 4.726 s
[2024-12-09T12:35:15.930+0000] {spark_submit.py:634} INFO - 24/12/09 12:35:15 INFO DAGScheduler: looking for newly runnable stages
[2024-12-09T12:35:15.931+0000] {spark_submit.py:634} INFO - 24/12/09 12:35:15 INFO DAGScheduler: running: Set()
[2024-12-09T12:35:15.931+0000] {spark_submit.py:634} INFO - 24/12/09 12:35:15 INFO DAGScheduler: waiting: Set(ResultStage 1)
[2024-12-09T12:35:15.931+0000] {spark_submit.py:634} INFO - 24/12/09 12:35:15 INFO DAGScheduler: failed: Set()
[2024-12-09T12:35:15.936+0000] {spark_submit.py:634} INFO - 24/12/09 12:35:15 INFO DAGScheduler: Submitting ResultStage 1 (ShuffledRDD[3] at reduceByKey at wordcount.scala:12), which has no missing parents
[2024-12-09T12:35:15.953+0000] {spark_submit.py:634} INFO - 24/12/09 12:35:15 INFO MemoryStore: Block broadcast_1 stored as values in memory (estimated size 5.2 KiB, free 434.4 MiB)
[2024-12-09T12:35:15.958+0000] {spark_submit.py:634} INFO - 24/12/09 12:35:15 INFO MemoryStore: Block broadcast_1_piece0 stored as bytes in memory (estimated size 3.1 KiB, free 434.4 MiB)
[2024-12-09T12:35:15.959+0000] {spark_submit.py:634} INFO - 24/12/09 12:35:15 INFO BlockManagerInfo: Added broadcast_1_piece0 in memory on 2a892a3469ec:41145 (size: 3.1 KiB, free: 434.4 MiB)
[2024-12-09T12:35:15.960+0000] {spark_submit.py:634} INFO - 24/12/09 12:35:15 INFO SparkContext: Created broadcast 1 from broadcast at DAGScheduler.scala:1585
[2024-12-09T12:35:15.962+0000] {spark_submit.py:634} INFO - 24/12/09 12:35:15 INFO DAGScheduler: Submitting 2 missing tasks from ResultStage 1 (ShuffledRDD[3] at reduceByKey at wordcount.scala:12) (first 15 tasks are for partitions Vector(0, 1))
[2024-12-09T12:35:15.962+0000] {spark_submit.py:634} INFO - 24/12/09 12:35:15 INFO TaskSchedulerImpl: Adding task set 1.0 with 2 tasks resource profile 0
[2024-12-09T12:35:15.975+0000] {spark_submit.py:634} INFO - 24/12/09 12:35:15 INFO TaskSetManager: Starting task 0.0 in stage 1.0 (TID 2) (172.18.0.7, executor 0, partition 0, NODE_LOCAL, 9003 bytes)
[2024-12-09T12:35:15.981+0000] {spark_submit.py:634} INFO - 24/12/09 12:35:15 INFO TaskSetManager: Starting task 1.0 in stage 1.0 (TID 3) (172.18.0.7, executor 0, partition 1, NODE_LOCAL, 9003 bytes)
[2024-12-09T12:35:16.013+0000] {spark_submit.py:634} INFO - 24/12/09 12:35:16 INFO BlockManagerInfo: Added broadcast_1_piece0 in memory on 172.18.0.7:36139 (size: 3.1 KiB, free: 434.4 MiB)
[2024-12-09T12:35:16.086+0000] {spark_submit.py:634} INFO - 24/12/09 12:35:16 INFO MapOutputTrackerMasterEndpoint: Asked to send map output locations for shuffle 0 to 172.18.0.7:60230
[2024-12-09T12:35:16.271+0000] {spark_submit.py:634} INFO - 24/12/09 12:35:16 INFO TaskSetManager: Finished task 0.0 in stage 1.0 (TID 2) in 302 ms on 172.18.0.7 (executor 0) (1/2)
[2024-12-09T12:35:16.273+0000] {spark_submit.py:634} INFO - 24/12/09 12:35:16 INFO TaskSetManager: Finished task 1.0 in stage 1.0 (TID 3) in 299 ms on 172.18.0.7 (executor 0) (2/2)
[2024-12-09T12:35:16.274+0000] {spark_submit.py:634} INFO - 24/12/09 12:35:16 INFO TaskSchedulerImpl: Removed TaskSet 1.0, whose tasks have all completed, from pool
[2024-12-09T12:35:16.282+0000] {spark_submit.py:634} INFO - 24/12/09 12:35:16 INFO DAGScheduler: ResultStage 1 (collect at wordcount.scala:14) finished in 0.329 s
[2024-12-09T12:35:16.287+0000] {spark_submit.py:634} INFO - 24/12/09 12:35:16 INFO DAGScheduler: Job 0 is finished. Cancelling potential speculative or zombie tasks for this job
[2024-12-09T12:35:16.287+0000] {spark_submit.py:634} INFO - 24/12/09 12:35:16 INFO TaskSchedulerImpl: Killing all running tasks in stage 1: Stage finished
[2024-12-09T12:35:16.290+0000] {spark_submit.py:634} INFO - 24/12/09 12:35:16 INFO DAGScheduler: Job 0 finished: collect at wordcount.scala:14, took 6.159275 s
[2024-12-09T12:35:16.307+0000] {spark_submit.py:634} INFO - (Hello,5)
[2024-12-09T12:35:16.309+0000] {spark_submit.py:634} INFO - (Yusuf,1)
[2024-12-09T12:35:16.311+0000] {spark_submit.py:634} INFO - (World,1)
[2024-12-09T12:35:16.312+0000] {spark_submit.py:634} INFO - (Scala,1)
[2024-12-09T12:35:16.312+0000] {spark_submit.py:634} INFO - (Docker,1)
[2024-12-09T12:35:16.313+0000] {spark_submit.py:634} INFO - (spark,1)
[2024-12-09T12:35:16.313+0000] {spark_submit.py:634} INFO - 24/12/09 12:35:16 INFO SparkContext: SparkContext is stopping with exitCode 0.
[2024-12-09T12:35:16.322+0000] {spark_submit.py:634} INFO - 24/12/09 12:35:16 INFO SparkUI: Stopped Spark web UI at http://2a892a3469ec:4041
[2024-12-09T12:35:16.327+0000] {spark_submit.py:634} INFO - 24/12/09 12:35:16 INFO StandaloneSchedulerBackend: Shutting down all executors
[2024-12-09T12:35:16.328+0000] {spark_submit.py:634} INFO - 24/12/09 12:35:16 INFO StandaloneSchedulerBackend$StandaloneDriverEndpoint: Asking each executor to shut down
[2024-12-09T12:35:16.348+0000] {spark_submit.py:634} INFO - 24/12/09 12:35:16 INFO MapOutputTrackerMasterEndpoint: MapOutputTrackerMasterEndpoint stopped!
[2024-12-09T12:35:16.380+0000] {spark_submit.py:634} INFO - 24/12/09 12:35:16 INFO MemoryStore: MemoryStore cleared
[2024-12-09T12:35:16.384+0000] {spark_submit.py:634} INFO - 24/12/09 12:35:16 INFO BlockManager: BlockManager stopped
[2024-12-09T12:35:16.415+0000] {spark_submit.py:634} INFO - 24/12/09 12:35:16 INFO BlockManagerMaster: BlockManagerMaster stopped
[2024-12-09T12:35:16.422+0000] {spark_submit.py:634} INFO - 24/12/09 12:35:16 INFO OutputCommitCoordinator$OutputCommitCoordinatorEndpoint: OutputCommitCoordinator stopped!
[2024-12-09T12:35:16.441+0000] {spark_submit.py:634} INFO - 24/12/09 12:35:16 INFO SparkContext: Successfully stopped SparkContext
[2024-12-09T12:35:16.445+0000] {spark_submit.py:634} INFO - 24/12/09 12:35:16 INFO ShutdownHookManager: Shutdown hook called
[2024-12-09T12:35:16.446+0000] {spark_submit.py:634} INFO - 24/12/09 12:35:16 INFO ShutdownHookManager: Deleting directory /tmp/spark-a29190e3-bb2d-4a22-94ee-1664ee1327fb
[2024-12-09T12:35:16.453+0000] {spark_submit.py:634} INFO - 24/12/09 12:35:16 INFO ShutdownHookManager: Deleting directory /tmp/spark-50c2b418-18b6-45dd-9f33-0eb55c81ad31
[2024-12-09T12:35:16.550+0000] {taskinstance.py:340} INFO - ::group::Post task execution logs
[2024-12-09T12:35:16.552+0000] {taskinstance.py:352} INFO - Marking task as SUCCESS. dag_id=sparking_flow, task_id=scala_job, run_id=manual__2024-12-09T12:35:00.393122+00:00, execution_date=20241209T123500, start_date=20241209T123502, end_date=20241209T123516
[2024-12-09T12:35:16.600+0000] {local_task_job_runner.py:266} INFO - Task exited with return code 0
[2024-12-09T12:35:16.634+0000] {taskinstance.py:3895} INFO - 0 downstream tasks scheduled from follow-on schedule check
[2024-12-09T12:35:16.635+0000] {local_task_job_runner.py:245} INFO - ::endgroup::
