[2024-12-09T15:48:23.689+0000] {local_task_job_runner.py:123} INFO - ::group::Pre task execution logs
[2024-12-09T15:48:23.717+0000] {taskinstance.py:2613} INFO - Dependencies all met for dep_context=non-requeueable deps ti=<TaskInstance: sparking_flow.scala_job manual__2024-12-09T15:48:21.886947+00:00 [queued]>
[2024-12-09T15:48:23.730+0000] {taskinstance.py:2613} INFO - Dependencies all met for dep_context=requeueable deps ti=<TaskInstance: sparking_flow.scala_job manual__2024-12-09T15:48:21.886947+00:00 [queued]>
[2024-12-09T15:48:23.734+0000] {taskinstance.py:2866} INFO - Starting attempt 1 of 1
[2024-12-09T15:48:23.756+0000] {taskinstance.py:2889} INFO - Executing <Task(SparkSubmitOperator): scala_job> on 2024-12-09 15:48:21.886947+00:00
[2024-12-09T15:48:23.767+0000] {logging_mixin.py:190} WARNING - /home/***/.local/lib/python3.12/site-packages/***/task/task_runner/standard_task_runner.py:70 DeprecationWarning: This process (pid=210) is multi-threaded, use of fork() may lead to deadlocks in the child.
[2024-12-09T15:48:23.766+0000] {standard_task_runner.py:104} INFO - Running: ['***', 'tasks', 'run', 'sparking_flow', 'scala_job', 'manual__2024-12-09T15:48:21.886947+00:00', '--job-id', '537', '--raw', '--subdir', 'DAGS_FOLDER/spark_***.py', '--cfg-path', '/tmp/tmp3ne47vna']
[2024-12-09T15:48:23.769+0000] {standard_task_runner.py:72} INFO - Started process 215 to run task
[2024-12-09T15:48:23.769+0000] {standard_task_runner.py:105} INFO - Job 537: Subtask scala_job
[2024-12-09T15:48:23.866+0000] {task_command.py:467} INFO - Running <TaskInstance: sparking_flow.scala_job manual__2024-12-09T15:48:21.886947+00:00 [running]> on host 2a892a3469ec
[2024-12-09T15:48:24.020+0000] {taskinstance.py:3132} INFO - Exporting env vars: AIRFLOW_CTX_DAG_OWNER='Yusuf Ganiyu' AIRFLOW_CTX_DAG_ID='sparking_flow' AIRFLOW_CTX_TASK_ID='scala_job' AIRFLOW_CTX_EXECUTION_DATE='2024-12-09T15:48:21.886947+00:00' AIRFLOW_CTX_TRY_NUMBER='1' AIRFLOW_CTX_DAG_RUN_ID='manual__2024-12-09T15:48:21.886947+00:00'
[2024-12-09T15:48:24.022+0000] {taskinstance.py:731} INFO - ::endgroup::
[2024-12-09T15:48:24.067+0000] {base.py:84} INFO - Retrieving connection 'spark-conn'
[2024-12-09T15:48:24.069+0000] {spark_submit.py:473} INFO - Spark-Submit cmd: spark-submit --master spark://sparkingflow-spark-master-1:7077 --name arrow-spark --deploy-mode client jobs/scala/target/scala-2.12/word-count_2.12-0.1.jar
[2024-12-09T15:48:29.918+0000] {spark_submit.py:634} INFO - 24/12/09 15:48:29 WARN NativeCodeLoader: Unable to load native-hadoop library for your platform... using builtin-java classes where applicable
[2024-12-09T15:48:30.289+0000] {spark_submit.py:634} INFO - 24/12/09 15:48:30 INFO SparkContext: Running Spark version 3.5.3
[2024-12-09T15:48:30.290+0000] {spark_submit.py:634} INFO - 24/12/09 15:48:30 INFO SparkContext: OS info Linux, 6.10.14-linuxkit, aarch64
[2024-12-09T15:48:30.291+0000] {spark_submit.py:634} INFO - 24/12/09 15:48:30 INFO SparkContext: Java version 17.0.13
[2024-12-09T15:48:30.330+0000] {spark_submit.py:634} INFO - 24/12/09 15:48:30 INFO ResourceUtils: ==============================================================
[2024-12-09T15:48:30.332+0000] {spark_submit.py:634} INFO - 24/12/09 15:48:30 INFO ResourceUtils: No custom resources configured for spark.driver.
[2024-12-09T15:48:30.333+0000] {spark_submit.py:634} INFO - 24/12/09 15:48:30 INFO ResourceUtils: ==============================================================
[2024-12-09T15:48:30.334+0000] {spark_submit.py:634} INFO - 24/12/09 15:48:30 INFO SparkContext: Submitted application: Word Count
[2024-12-09T15:48:30.364+0000] {spark_submit.py:634} INFO - 24/12/09 15:48:30 INFO ResourceProfile: Default ResourceProfile created, executor resources: Map(memory -> name: memory, amount: 1024, script: , vendor: , offHeap -> name: offHeap, amount: 0, script: , vendor: ), task resources: Map(cpus -> name: cpus, amount: 1.0)
[2024-12-09T15:48:30.377+0000] {spark_submit.py:634} INFO - 24/12/09 15:48:30 INFO ResourceProfile: Limiting resource is cpu
[2024-12-09T15:48:30.379+0000] {spark_submit.py:634} INFO - 24/12/09 15:48:30 INFO ResourceProfileManager: Added ResourceProfile id: 0
[2024-12-09T15:48:30.454+0000] {spark_submit.py:634} INFO - 24/12/09 15:48:30 INFO SecurityManager: Changing view acls to: ***
[2024-12-09T15:48:30.456+0000] {spark_submit.py:634} INFO - 24/12/09 15:48:30 INFO SecurityManager: Changing modify acls to: ***
[2024-12-09T15:48:30.457+0000] {spark_submit.py:634} INFO - 24/12/09 15:48:30 INFO SecurityManager: Changing view acls groups to:
[2024-12-09T15:48:30.459+0000] {spark_submit.py:634} INFO - 24/12/09 15:48:30 INFO SecurityManager: Changing modify acls groups to:
[2024-12-09T15:48:30.459+0000] {spark_submit.py:634} INFO - 24/12/09 15:48:30 INFO SecurityManager: SecurityManager: authentication disabled; ui acls disabled; users with view permissions: ***; groups with view permissions: EMPTY; users with modify permissions: ***; groups with modify permissions: EMPTY
[2024-12-09T15:48:30.811+0000] {spark_submit.py:634} INFO - 24/12/09 15:48:30 INFO Utils: Successfully started service 'sparkDriver' on port 33499.
[2024-12-09T15:48:30.845+0000] {spark_submit.py:634} INFO - 24/12/09 15:48:30 INFO SparkEnv: Registering MapOutputTracker
[2024-12-09T15:48:30.913+0000] {spark_submit.py:634} INFO - 24/12/09 15:48:30 INFO SparkEnv: Registering BlockManagerMaster
[2024-12-09T15:48:30.935+0000] {spark_submit.py:634} INFO - 24/12/09 15:48:30 INFO BlockManagerMasterEndpoint: Using org.apache.spark.storage.DefaultTopologyMapper for getting topology information
[2024-12-09T15:48:30.936+0000] {spark_submit.py:634} INFO - 24/12/09 15:48:30 INFO BlockManagerMasterEndpoint: BlockManagerMasterEndpoint up
[2024-12-09T15:48:30.942+0000] {spark_submit.py:634} INFO - 24/12/09 15:48:30 INFO SparkEnv: Registering BlockManagerMasterHeartbeat
[2024-12-09T15:48:30.970+0000] {spark_submit.py:634} INFO - 24/12/09 15:48:30 INFO DiskBlockManager: Created local directory at /tmp/blockmgr-08c0b9f7-bda2-4f90-9947-c0c6a355471e
[2024-12-09T15:48:30.996+0000] {spark_submit.py:634} INFO - 24/12/09 15:48:30 INFO MemoryStore: MemoryStore started with capacity 434.4 MiB
[2024-12-09T15:48:31.072+0000] {spark_submit.py:634} INFO - 24/12/09 15:48:31 INFO SparkEnv: Registering OutputCommitCoordinator
[2024-12-09T15:48:31.276+0000] {spark_submit.py:634} INFO - 24/12/09 15:48:31 INFO JettyUtils: Start Jetty 0.0.0.0:4040 for SparkUI
[2024-12-09T15:48:31.387+0000] {spark_submit.py:634} INFO - 24/12/09 15:48:31 WARN Utils: Service 'SparkUI' could not bind on port 4040. Attempting port 4041.
[2024-12-09T15:48:31.401+0000] {spark_submit.py:634} INFO - 24/12/09 15:48:31 INFO Utils: Successfully started service 'SparkUI' on port 4041.
[2024-12-09T15:48:31.471+0000] {spark_submit.py:634} INFO - 24/12/09 15:48:31 INFO SparkContext: Added JAR file:/opt/***/jobs/scala/target/scala-2.12/word-count_2.12-0.1.jar at spark://2a892a3469ec:33499/jars/word-count_2.12-0.1.jar with timestamp 1733759310269
[2024-12-09T15:48:31.646+0000] {spark_submit.py:634} INFO - 24/12/09 15:48:31 INFO StandaloneAppClient$ClientEndpoint: Connecting to master spark://spark-master:7077...
[2024-12-09T15:48:31.732+0000] {spark_submit.py:634} INFO - 24/12/09 15:48:31 INFO TransportClientFactory: Successfully created connection to spark-master/172.18.0.4:7077 after 39 ms (0 ms spent in bootstraps)
[2024-12-09T15:48:32.136+0000] {spark_submit.py:634} INFO - 24/12/09 15:48:32 INFO StandaloneSchedulerBackend: Connected to Spark cluster with app ID app-20241209154832-0000
[2024-12-09T15:48:32.174+0000] {spark_submit.py:634} INFO - 24/12/09 15:48:32 INFO Utils: Successfully started service 'org.apache.spark.network.netty.NettyBlockTransferService' on port 37639.
[2024-12-09T15:48:32.177+0000] {spark_submit.py:634} INFO - 24/12/09 15:48:32 INFO NettyBlockTransferService: Server created on 2a892a3469ec:37639
[2024-12-09T15:48:32.182+0000] {spark_submit.py:634} INFO - 24/12/09 15:48:32 INFO BlockManager: Using org.apache.spark.storage.RandomBlockReplicationPolicy for block replication policy
[2024-12-09T15:48:32.198+0000] {spark_submit.py:634} INFO - 24/12/09 15:48:32 INFO StandaloneAppClient$ClientEndpoint: Executor added: app-20241209154832-0000/0 on worker-20241209154510-172.18.0.6-44143 (172.18.0.6:44143) with 2 core(s)
[2024-12-09T15:48:32.207+0000] {spark_submit.py:634} INFO - 24/12/09 15:48:32 INFO StandaloneSchedulerBackend: Granted executor ID app-20241209154832-0000/0 on hostPort 172.18.0.6:44143 with 2 core(s), 1024.0 MiB RAM
[2024-12-09T15:48:32.280+0000] {spark_submit.py:634} INFO - 24/12/09 15:48:32 INFO BlockManagerMaster: Registering BlockManager BlockManagerId(driver, 2a892a3469ec, 37639, None)
[2024-12-09T15:48:32.293+0000] {spark_submit.py:634} INFO - 24/12/09 15:48:32 INFO BlockManagerMasterEndpoint: Registering block manager 2a892a3469ec:37639 with 434.4 MiB RAM, BlockManagerId(driver, 2a892a3469ec, 37639, None)
[2024-12-09T15:48:32.297+0000] {spark_submit.py:634} INFO - 24/12/09 15:48:32 INFO BlockManagerMaster: Registered BlockManager BlockManagerId(driver, 2a892a3469ec, 37639, None)
[2024-12-09T15:48:32.301+0000] {spark_submit.py:634} INFO - 24/12/09 15:48:32 INFO BlockManager: Initialized BlockManager: BlockManagerId(driver, 2a892a3469ec, 37639, None)
[2024-12-09T15:48:32.855+0000] {spark_submit.py:634} INFO - 24/12/09 15:48:32 INFO StandaloneAppClient$ClientEndpoint: Executor updated: app-20241209154832-0000/0 is now RUNNING
[2024-12-09T15:48:33.090+0000] {spark_submit.py:634} INFO - 24/12/09 15:48:33 INFO StandaloneSchedulerBackend: SchedulerBackend is ready for scheduling beginning after reached minRegisteredResourcesRatio: 0.0
[2024-12-09T15:48:35.507+0000] {spark_submit.py:634} INFO - 24/12/09 15:48:35 INFO SparkContext: Starting job: collect at wordcount.scala:14
[2024-12-09T15:48:39.544+0000] {spark_submit.py:634} INFO - 24/12/09 15:48:39 INFO DAGScheduler: Registering RDD 2 (map at wordcount.scala:11) as input to shuffle 0
[2024-12-09T15:48:39.569+0000] {spark_submit.py:634} INFO - 24/12/09 15:48:39 INFO DAGScheduler: Got job 0 (collect at wordcount.scala:14) with 2 output partitions
[2024-12-09T15:48:39.571+0000] {spark_submit.py:634} INFO - 24/12/09 15:48:39 INFO DAGScheduler: Final stage: ResultStage 1 (collect at wordcount.scala:14)
[2024-12-09T15:48:39.572+0000] {spark_submit.py:634} INFO - 24/12/09 15:48:39 INFO DAGScheduler: Parents of final stage: List(ShuffleMapStage 0)
[2024-12-09T15:48:39.576+0000] {spark_submit.py:634} INFO - 24/12/09 15:48:39 INFO DAGScheduler: Missing parents: List(ShuffleMapStage 0)
[2024-12-09T15:48:39.594+0000] {spark_submit.py:634} INFO - 24/12/09 15:48:39 INFO DAGScheduler: Submitting ShuffleMapStage 0 (MapPartitionsRDD[2] at map at wordcount.scala:11), which has no missing parents
[2024-12-09T15:48:39.822+0000] {spark_submit.py:634} INFO - 24/12/09 15:48:39 INFO MemoryStore: Block broadcast_0 stored as values in memory (estimated size 5.5 KiB, free 434.4 MiB)
[2024-12-09T15:48:39.944+0000] {spark_submit.py:634} INFO - 24/12/09 15:48:39 INFO MemoryStore: Block broadcast_0_piece0 stored as bytes in memory (estimated size 3.2 KiB, free 434.4 MiB)
[2024-12-09T15:48:39.958+0000] {spark_submit.py:634} INFO - 24/12/09 15:48:39 INFO BlockManagerInfo: Added broadcast_0_piece0 in memory on 2a892a3469ec:37639 (size: 3.2 KiB, free: 434.4 MiB)
[2024-12-09T15:48:39.968+0000] {spark_submit.py:634} INFO - 24/12/09 15:48:39 INFO SparkContext: Created broadcast 0 from broadcast at DAGScheduler.scala:1585
[2024-12-09T15:48:40.020+0000] {spark_submit.py:634} INFO - 24/12/09 15:48:40 INFO DAGScheduler: Submitting 2 missing tasks from ShuffleMapStage 0 (MapPartitionsRDD[2] at map at wordcount.scala:11) (first 15 tasks are for partitions Vector(0, 1))
[2024-12-09T15:48:40.023+0000] {spark_submit.py:634} INFO - 24/12/09 15:48:40 INFO TaskSchedulerImpl: Adding task set 0.0 with 2 tasks resource profile 0
[2024-12-09T15:48:42.846+0000] {spark_submit.py:634} INFO - 24/12/09 15:48:42 INFO StandaloneSchedulerBackend$StandaloneDriverEndpoint: Registered executor NettyRpcEndpointRef(spark-client://Executor) (172.18.0.6:50290) with ID 0,  ResourceProfileId 0
[2024-12-09T15:48:42.967+0000] {spark_submit.py:634} INFO - 24/12/09 15:48:42 INFO BlockManagerMasterEndpoint: Registering block manager 172.18.0.6:32939 with 434.4 MiB RAM, BlockManagerId(0, 172.18.0.6, 32939, None)
[2024-12-09T15:48:43.176+0000] {spark_submit.py:634} INFO - 24/12/09 15:48:43 INFO TaskSetManager: Starting task 0.0 in stage 0.0 (TID 0) (172.18.0.6, executor 0, partition 0, PROCESS_LOCAL, 9198 bytes)
[2024-12-09T15:48:43.182+0000] {spark_submit.py:634} INFO - 24/12/09 15:48:43 INFO TaskSetManager: Starting task 1.0 in stage 0.0 (TID 1) (172.18.0.6, executor 0, partition 1, PROCESS_LOCAL, 9213 bytes)
[2024-12-09T15:48:43.598+0000] {spark_submit.py:634} INFO - 24/12/09 15:48:43 INFO BlockManagerInfo: Added broadcast_0_piece0 in memory on 172.18.0.6:32939 (size: 3.2 KiB, free: 434.4 MiB)
[2024-12-09T15:48:44.702+0000] {spark_submit.py:634} INFO - 24/12/09 15:48:44 INFO TaskSetManager: Finished task 1.0 in stage 0.0 (TID 1) in 1521 ms on 172.18.0.6 (executor 0) (1/2)
[2024-12-09T15:48:44.704+0000] {spark_submit.py:634} INFO - 24/12/09 15:48:44 INFO TaskSetManager: Finished task 0.0 in stage 0.0 (TID 0) in 1556 ms on 172.18.0.6 (executor 0) (2/2)
[2024-12-09T15:48:44.705+0000] {spark_submit.py:634} INFO - 24/12/09 15:48:44 INFO TaskSchedulerImpl: Removed TaskSet 0.0, whose tasks have all completed, from pool
[2024-12-09T15:48:44.719+0000] {spark_submit.py:634} INFO - 24/12/09 15:48:44 INFO DAGScheduler: ShuffleMapStage 0 (map at wordcount.scala:11) finished in 5.091 s
[2024-12-09T15:48:44.720+0000] {spark_submit.py:634} INFO - 24/12/09 15:48:44 INFO DAGScheduler: looking for newly runnable stages
[2024-12-09T15:48:44.721+0000] {spark_submit.py:634} INFO - 24/12/09 15:48:44 INFO DAGScheduler: running: Set()
[2024-12-09T15:48:44.721+0000] {spark_submit.py:634} INFO - 24/12/09 15:48:44 INFO DAGScheduler: waiting: Set(ResultStage 1)
[2024-12-09T15:48:44.722+0000] {spark_submit.py:634} INFO - 24/12/09 15:48:44 INFO DAGScheduler: failed: Set()
[2024-12-09T15:48:44.727+0000] {spark_submit.py:634} INFO - 24/12/09 15:48:44 INFO DAGScheduler: Submitting ResultStage 1 (ShuffledRDD[3] at reduceByKey at wordcount.scala:12), which has no missing parents
[2024-12-09T15:48:44.745+0000] {spark_submit.py:634} INFO - 24/12/09 15:48:44 INFO MemoryStore: Block broadcast_1 stored as values in memory (estimated size 5.2 KiB, free 434.4 MiB)
[2024-12-09T15:48:44.780+0000] {spark_submit.py:634} INFO - 24/12/09 15:48:44 INFO MemoryStore: Block broadcast_1_piece0 stored as bytes in memory (estimated size 3.1 KiB, free 434.4 MiB)
[2024-12-09T15:48:44.781+0000] {spark_submit.py:634} INFO - 24/12/09 15:48:44 INFO BlockManagerInfo: Added broadcast_1_piece0 in memory on 2a892a3469ec:37639 (size: 3.1 KiB, free: 434.4 MiB)
[2024-12-09T15:48:44.782+0000] {spark_submit.py:634} INFO - 24/12/09 15:48:44 INFO SparkContext: Created broadcast 1 from broadcast at DAGScheduler.scala:1585
[2024-12-09T15:48:44.789+0000] {spark_submit.py:634} INFO - 24/12/09 15:48:44 INFO DAGScheduler: Submitting 2 missing tasks from ResultStage 1 (ShuffledRDD[3] at reduceByKey at wordcount.scala:12) (first 15 tasks are for partitions Vector(0, 1))
[2024-12-09T15:48:44.792+0000] {spark_submit.py:634} INFO - 24/12/09 15:48:44 INFO TaskSchedulerImpl: Adding task set 1.0 with 2 tasks resource profile 0
[2024-12-09T15:48:44.799+0000] {spark_submit.py:634} INFO - 24/12/09 15:48:44 INFO TaskSetManager: Starting task 0.0 in stage 1.0 (TID 2) (172.18.0.6, executor 0, partition 0, NODE_LOCAL, 9003 bytes)
[2024-12-09T15:48:44.800+0000] {spark_submit.py:634} INFO - 24/12/09 15:48:44 INFO TaskSetManager: Starting task 1.0 in stage 1.0 (TID 3) (172.18.0.6, executor 0, partition 1, NODE_LOCAL, 9003 bytes)
[2024-12-09T15:48:44.846+0000] {spark_submit.py:634} INFO - 24/12/09 15:48:44 INFO BlockManagerInfo: Added broadcast_1_piece0 in memory on 172.18.0.6:32939 (size: 3.1 KiB, free: 434.4 MiB)
[2024-12-09T15:48:44.934+0000] {spark_submit.py:634} INFO - 24/12/09 15:48:44 INFO MapOutputTrackerMasterEndpoint: Asked to send map output locations for shuffle 0 to 172.18.0.6:50290
[2024-12-09T15:48:45.147+0000] {spark_submit.py:634} INFO - 24/12/09 15:48:45 INFO TaskSetManager: Finished task 1.0 in stage 1.0 (TID 3) in 349 ms on 172.18.0.6 (executor 0) (1/2)
[2024-12-09T15:48:45.149+0000] {spark_submit.py:634} INFO - 24/12/09 15:48:45 INFO TaskSetManager: Finished task 0.0 in stage 1.0 (TID 2) in 356 ms on 172.18.0.6 (executor 0) (2/2)
[2024-12-09T15:48:45.157+0000] {spark_submit.py:634} INFO - 24/12/09 15:48:45 INFO TaskSchedulerImpl: Removed TaskSet 1.0, whose tasks have all completed, from pool
[2024-12-09T15:48:45.158+0000] {spark_submit.py:634} INFO - 24/12/09 15:48:45 INFO DAGScheduler: ResultStage 1 (collect at wordcount.scala:14) finished in 0.417 s
[2024-12-09T15:48:45.163+0000] {spark_submit.py:634} INFO - 24/12/09 15:48:45 INFO DAGScheduler: Job 0 is finished. Cancelling potential speculative or zombie tasks for this job
[2024-12-09T15:48:45.163+0000] {spark_submit.py:634} INFO - 24/12/09 15:48:45 INFO TaskSchedulerImpl: Killing all running tasks in stage 1: Stage finished
[2024-12-09T15:48:45.169+0000] {spark_submit.py:634} INFO - 24/12/09 15:48:45 INFO DAGScheduler: Job 0 finished: collect at wordcount.scala:14, took 9.662721 s
[2024-12-09T15:48:45.175+0000] {spark_submit.py:634} INFO - (Hello,5)
[2024-12-09T15:48:45.176+0000] {spark_submit.py:634} INFO - (Yusuf,1)
[2024-12-09T15:48:45.177+0000] {spark_submit.py:634} INFO - (World,1)
[2024-12-09T15:48:45.178+0000] {spark_submit.py:634} INFO - (Scala,1)
[2024-12-09T15:48:45.178+0000] {spark_submit.py:634} INFO - (Docker,1)
[2024-12-09T15:48:45.183+0000] {spark_submit.py:634} INFO - (spark,1)
[2024-12-09T15:48:45.184+0000] {spark_submit.py:634} INFO - 24/12/09 15:48:45 INFO SparkContext: SparkContext is stopping with exitCode 0.
[2024-12-09T15:48:45.195+0000] {spark_submit.py:634} INFO - 24/12/09 15:48:45 INFO SparkUI: Stopped Spark web UI at http://2a892a3469ec:4041
[2024-12-09T15:48:45.200+0000] {spark_submit.py:634} INFO - 24/12/09 15:48:45 INFO StandaloneSchedulerBackend: Shutting down all executors
[2024-12-09T15:48:45.202+0000] {spark_submit.py:634} INFO - 24/12/09 15:48:45 INFO StandaloneSchedulerBackend$StandaloneDriverEndpoint: Asking each executor to shut down
[2024-12-09T15:48:45.262+0000] {spark_submit.py:634} INFO - 24/12/09 15:48:45 INFO MapOutputTrackerMasterEndpoint: MapOutputTrackerMasterEndpoint stopped!
[2024-12-09T15:48:45.346+0000] {spark_submit.py:634} INFO - 24/12/09 15:48:45 INFO MemoryStore: MemoryStore cleared
[2024-12-09T15:48:45.350+0000] {spark_submit.py:634} INFO - 24/12/09 15:48:45 INFO BlockManager: BlockManager stopped
[2024-12-09T15:48:45.363+0000] {spark_submit.py:634} INFO - 24/12/09 15:48:45 INFO BlockManagerMaster: BlockManagerMaster stopped
[2024-12-09T15:48:45.369+0000] {spark_submit.py:634} INFO - 24/12/09 15:48:45 INFO OutputCommitCoordinator$OutputCommitCoordinatorEndpoint: OutputCommitCoordinator stopped!
[2024-12-09T15:48:45.428+0000] {spark_submit.py:634} INFO - 24/12/09 15:48:45 INFO SparkContext: Successfully stopped SparkContext
[2024-12-09T15:48:45.444+0000] {spark_submit.py:634} INFO - 24/12/09 15:48:45 INFO ShutdownHookManager: Shutdown hook called
[2024-12-09T15:48:45.446+0000] {spark_submit.py:634} INFO - 24/12/09 15:48:45 INFO ShutdownHookManager: Deleting directory /tmp/spark-080c7c5b-a9ed-4b96-bf0c-0459e8dfe7f8
[2024-12-09T15:48:45.487+0000] {spark_submit.py:634} INFO - 24/12/09 15:48:45 INFO ShutdownHookManager: Deleting directory /tmp/spark-102bd918-749e-42da-8935-0a14fdb882bc
[2024-12-09T15:48:45.660+0000] {taskinstance.py:340} INFO - ::group::Post task execution logs
[2024-12-09T15:48:45.661+0000] {taskinstance.py:352} INFO - Marking task as SUCCESS. dag_id=sparking_flow, task_id=scala_job, run_id=manual__2024-12-09T15:48:21.886947+00:00, execution_date=20241209T154821, start_date=20241209T154823, end_date=20241209T154845
[2024-12-09T15:48:45.717+0000] {local_task_job_runner.py:266} INFO - Task exited with return code 0
[2024-12-09T15:48:45.792+0000] {taskinstance.py:3895} INFO - 0 downstream tasks scheduled from follow-on schedule check
[2024-12-09T15:48:45.796+0000] {local_task_job_runner.py:245} INFO - ::endgroup::
