[2024-12-08T17:24:49.484+0000] {local_task_job_runner.py:123} INFO - ::group::Pre task execution logs
[2024-12-08T17:24:49.498+0000] {taskinstance.py:2613} INFO - Dependencies all met for dep_context=non-requeueable deps ti=<TaskInstance: sparking_flow.python_job manual__2024-12-08T17:24:47.576124+00:00 [queued]>
[2024-12-08T17:24:49.505+0000] {taskinstance.py:2613} INFO - Dependencies all met for dep_context=requeueable deps ti=<TaskInstance: sparking_flow.python_job manual__2024-12-08T17:24:47.576124+00:00 [queued]>
[2024-12-08T17:24:49.507+0000] {taskinstance.py:2866} INFO - Starting attempt 1 of 1
[2024-12-08T17:24:49.520+0000] {taskinstance.py:2889} INFO - Executing <Task(SparkSubmitOperator): python_job> on 2024-12-08 17:24:47.576124+00:00
[2024-12-08T17:24:49.526+0000] {logging_mixin.py:190} WARNING - /home/***/.local/lib/python3.12/site-packages/***/task/task_runner/standard_task_runner.py:70 DeprecationWarning: This process (pid=185) is multi-threaded, use of fork() may lead to deadlocks in the child.
[2024-12-08T17:24:49.527+0000] {standard_task_runner.py:72} INFO - Started process 190 to run task
[2024-12-08T17:24:49.526+0000] {standard_task_runner.py:104} INFO - Running: ['***', 'tasks', 'run', 'sparking_flow', 'python_job', 'manual__2024-12-08T17:24:47.576124+00:00', '--job-id', '247', '--raw', '--subdir', 'DAGS_FOLDER/spark_***.py', '--cfg-path', '/tmp/tmp4r5cm2dy']
[2024-12-08T17:24:49.528+0000] {standard_task_runner.py:105} INFO - Job 247: Subtask python_job
[2024-12-08T17:24:49.588+0000] {task_command.py:467} INFO - Running <TaskInstance: sparking_flow.python_job manual__2024-12-08T17:24:47.576124+00:00 [running]> on host 2a892a3469ec
[2024-12-08T17:24:49.659+0000] {taskinstance.py:3132} INFO - Exporting env vars: AIRFLOW_CTX_DAG_OWNER='Yusuf Ganiyu' AIRFLOW_CTX_DAG_ID='sparking_flow' AIRFLOW_CTX_TASK_ID='python_job' AIRFLOW_CTX_EXECUTION_DATE='2024-12-08T17:24:47.576124+00:00' AIRFLOW_CTX_TRY_NUMBER='1' AIRFLOW_CTX_DAG_RUN_ID='manual__2024-12-08T17:24:47.576124+00:00'
[2024-12-08T17:24:49.660+0000] {taskinstance.py:731} INFO - ::endgroup::
[2024-12-08T17:24:49.682+0000] {base.py:84} INFO - Retrieving connection 'spark-conn'
[2024-12-08T17:24:49.682+0000] {spark_submit.py:473} INFO - Spark-Submit cmd: spark-submit --master spark://sparkingflow-spark-master-1:7077 --name arrow-spark --deploy-mode client jobs/python/wordcountjob.py
[2024-12-08T17:24:56.427+0000] {spark_submit.py:634} INFO - file copied
[2024-12-08T17:24:56.693+0000] {spark_submit.py:634} INFO - 24/12/08 17:24:56 INFO SparkContext: Running Spark version 3.5.3
[2024-12-08T17:24:56.701+0000] {spark_submit.py:634} INFO - 24/12/08 17:24:56 INFO SparkContext: OS info Linux, 6.10.14-linuxkit, aarch64
[2024-12-08T17:24:56.704+0000] {spark_submit.py:634} INFO - 24/12/08 17:24:56 INFO SparkContext: Java version 17.0.13
[2024-12-08T17:24:56.907+0000] {spark_submit.py:634} INFO - 24/12/08 17:24:56 WARN NativeCodeLoader: Unable to load native-hadoop library for your platform... using builtin-java classes where applicable
[2024-12-08T17:24:57.175+0000] {spark_submit.py:634} INFO - 24/12/08 17:24:57 INFO ResourceUtils: ==============================================================
[2024-12-08T17:24:57.179+0000] {spark_submit.py:634} INFO - 24/12/08 17:24:57 INFO ResourceUtils: No custom resources configured for spark.driver.
[2024-12-08T17:24:57.183+0000] {spark_submit.py:634} INFO - 24/12/08 17:24:57 INFO ResourceUtils: ==============================================================
[2024-12-08T17:24:57.185+0000] {spark_submit.py:634} INFO - 24/12/08 17:24:57 INFO SparkContext: Submitted application: PythonWordCount
[2024-12-08T17:24:57.273+0000] {spark_submit.py:634} INFO - 24/12/08 17:24:57 INFO ResourceProfile: Default ResourceProfile created, executor resources: Map(memory -> name: memory, amount: 1024, script: , vendor: , offHeap -> name: offHeap, amount: 0, script: , vendor: ), task resources: Map(cpus -> name: cpus, amount: 1.0)
[2024-12-08T17:24:57.291+0000] {spark_submit.py:634} INFO - 24/12/08 17:24:57 INFO ResourceProfile: Limiting resource is cpu
[2024-12-08T17:24:57.301+0000] {spark_submit.py:634} INFO - 24/12/08 17:24:57 INFO ResourceProfileManager: Added ResourceProfile id: 0
[2024-12-08T17:24:57.401+0000] {spark_submit.py:634} INFO - 24/12/08 17:24:57 INFO SecurityManager: Changing view acls to: ***
[2024-12-08T17:24:57.404+0000] {spark_submit.py:634} INFO - 24/12/08 17:24:57 INFO SecurityManager: Changing modify acls to: ***
[2024-12-08T17:24:57.407+0000] {spark_submit.py:634} INFO - 24/12/08 17:24:57 INFO SecurityManager: Changing view acls groups to:
[2024-12-08T17:24:57.409+0000] {spark_submit.py:634} INFO - 24/12/08 17:24:57 INFO SecurityManager: Changing modify acls groups to:
[2024-12-08T17:24:57.413+0000] {spark_submit.py:634} INFO - 24/12/08 17:24:57 INFO SecurityManager: SecurityManager: authentication disabled; ui acls disabled; users with view permissions: ***; groups with view permissions: EMPTY; users with modify permissions: ***; groups with modify permissions: EMPTY
[2024-12-08T17:24:58.204+0000] {spark_submit.py:634} INFO - 24/12/08 17:24:58 INFO Utils: Successfully started service 'sparkDriver' on port 37161.
[2024-12-08T17:24:58.266+0000] {spark_submit.py:634} INFO - 24/12/08 17:24:58 INFO SparkEnv: Registering MapOutputTracker
[2024-12-08T17:24:58.332+0000] {spark_submit.py:634} INFO - 24/12/08 17:24:58 INFO SparkEnv: Registering BlockManagerMaster
[2024-12-08T17:24:58.374+0000] {spark_submit.py:634} INFO - 24/12/08 17:24:58 INFO BlockManagerMasterEndpoint: Using org.apache.spark.storage.DefaultTopologyMapper for getting topology information
[2024-12-08T17:24:58.377+0000] {spark_submit.py:634} INFO - 24/12/08 17:24:58 INFO BlockManagerMasterEndpoint: BlockManagerMasterEndpoint up
[2024-12-08T17:24:58.390+0000] {spark_submit.py:634} INFO - 24/12/08 17:24:58 INFO SparkEnv: Registering BlockManagerMasterHeartbeat
[2024-12-08T17:24:58.436+0000] {spark_submit.py:634} INFO - 24/12/08 17:24:58 INFO DiskBlockManager: Created local directory at /tmp/blockmgr-5f67c4c8-c9e9-4c45-8293-69bb098e735d
[2024-12-08T17:24:58.489+0000] {spark_submit.py:634} INFO - 24/12/08 17:24:58 INFO MemoryStore: MemoryStore started with capacity 434.4 MiB
[2024-12-08T17:24:58.514+0000] {spark_submit.py:634} INFO - 24/12/08 17:24:58 INFO SparkEnv: Registering OutputCommitCoordinator
[2024-12-08T17:24:58.874+0000] {spark_submit.py:634} INFO - 24/12/08 17:24:58 INFO JettyUtils: Start Jetty 0.0.0.0:4040 for SparkUI
[2024-12-08T17:24:58.988+0000] {spark_submit.py:634} INFO - 24/12/08 17:24:58 WARN Utils: Service 'SparkUI' could not bind on port 4040. Attempting port 4041.
[2024-12-08T17:24:58.992+0000] {spark_submit.py:634} INFO - 24/12/08 17:24:58 WARN Utils: Service 'SparkUI' could not bind on port 4041. Attempting port 4042.
[2024-12-08T17:24:59.020+0000] {spark_submit.py:634} INFO - 24/12/08 17:24:59 INFO Utils: Successfully started service 'SparkUI' on port 4042.
[2024-12-08T17:24:59.372+0000] {spark_submit.py:634} INFO - 24/12/08 17:24:59 INFO StandaloneAppClient$ClientEndpoint: Connecting to master spark://sparkingflow-spark-master-1:7077...
[2024-12-08T17:24:59.521+0000] {spark_submit.py:634} INFO - 24/12/08 17:24:59 INFO TransportClientFactory: Successfully created connection to sparkingflow-spark-master-1/172.18.0.5:7077 after 67 ms (0 ms spent in bootstraps)
[2024-12-08T17:24:59.810+0000] {spark_submit.py:634} INFO - 24/12/08 17:24:59 INFO StandaloneSchedulerBackend: Connected to Spark cluster with app ID app-20241208172459-0001
[2024-12-08T17:24:59.833+0000] {spark_submit.py:634} INFO - 24/12/08 17:24:59 INFO Utils: Successfully started service 'org.apache.spark.network.netty.NettyBlockTransferService' on port 33375.
[2024-12-08T17:24:59.835+0000] {spark_submit.py:634} INFO - 24/12/08 17:24:59 INFO NettyBlockTransferService: Server created on 2a892a3469ec:33375
[2024-12-08T17:24:59.838+0000] {spark_submit.py:634} INFO - 24/12/08 17:24:59 INFO BlockManager: Using org.apache.spark.storage.RandomBlockReplicationPolicy for block replication policy
[2024-12-08T17:24:59.870+0000] {spark_submit.py:634} INFO - 24/12/08 17:24:59 INFO BlockManagerMaster: Registering BlockManager BlockManagerId(driver, 2a892a3469ec, 33375, None)
[2024-12-08T17:24:59.897+0000] {spark_submit.py:634} INFO - 24/12/08 17:24:59 INFO BlockManagerMasterEndpoint: Registering block manager 2a892a3469ec:33375 with 434.4 MiB RAM, BlockManagerId(driver, 2a892a3469ec, 33375, None)
[2024-12-08T17:24:59.915+0000] {spark_submit.py:634} INFO - 24/12/08 17:24:59 INFO BlockManagerMaster: Registered BlockManager BlockManagerId(driver, 2a892a3469ec, 33375, None)
[2024-12-08T17:24:59.921+0000] {spark_submit.py:634} INFO - 24/12/08 17:24:59 INFO BlockManager: Initialized BlockManager: BlockManagerId(driver, 2a892a3469ec, 33375, None)
[2024-12-08T17:25:00.584+0000] {spark_submit.py:634} INFO - 24/12/08 17:25:00 INFO StandaloneSchedulerBackend: SchedulerBackend is ready for scheduling beginning after reached minRegisteredResourcesRatio: 0.0
[2024-12-08T17:25:00.972+0000] {spark_submit.py:634} INFO - 24/12/08 17:25:00 INFO SparkContext: Added file /tmp/tmp_lzr5sox/test1234.csv at spark://2a892a3469ec:37161/files/test1234.csv with timestamp 1733678700970
[2024-12-08T17:25:00.973+0000] {spark_submit.py:634} INFO - 24/12/08 17:25:00 INFO Utils: Copying /tmp/tmp_lzr5sox/test1234.csv to /tmp/spark-b6aa3c69-c57b-4cac-a2b6-f33e15f81c2d/userFiles-0e66c262-e2f4-4c94-a833-141937b7aae0/test1234.csv
[2024-12-08T17:25:00.997+0000] {spark_submit.py:634} INFO - file_path /tmp/tmp_lzr5sox/test1234.csv
[2024-12-08T17:25:01.061+0000] {spark_submit.py:634} INFO - file_list3 ['spark://2a892a3469ec:37161/files/test1234.csv']
[2024-12-08T17:25:01.069+0000] {spark_submit.py:634} INFO - 24/12/08 17:25:01 INFO SharedState: Setting hive.metastore.warehouse.dir ('null') to the value of spark.sql.warehouse.dir.
[2024-12-08T17:25:01.073+0000] {spark_submit.py:634} INFO - 24/12/08 17:25:01 INFO SharedState: Warehouse path is 'file:/opt/***/spark-warehouse'.
[2024-12-08T17:25:02.301+0000] {spark_submit.py:634} INFO - 24/12/08 17:25:02 WARN FileStreamSink: Assume no metadata directory. Error while looking for metadata directory in the path: spark://2a892a3469ec:37161/files/test1234.csv.
[2024-12-08T17:25:02.302+0000] {spark_submit.py:634} INFO - org.apache.hadoop.fs.UnsupportedFileSystemException: No FileSystem for scheme "spark"
[2024-12-08T17:25:02.302+0000] {spark_submit.py:634} INFO - at org.apache.hadoop.fs.FileSystem.getFileSystemClass(FileSystem.java:3443)
[2024-12-08T17:25:02.303+0000] {spark_submit.py:634} INFO - at org.apache.hadoop.fs.FileSystem.createFileSystem(FileSystem.java:3466)
[2024-12-08T17:25:02.304+0000] {spark_submit.py:634} INFO - at org.apache.hadoop.fs.FileSystem.access$300(FileSystem.java:174)
[2024-12-08T17:25:02.304+0000] {spark_submit.py:634} INFO - at org.apache.hadoop.fs.FileSystem$Cache.getInternal(FileSystem.java:3574)
[2024-12-08T17:25:02.304+0000] {spark_submit.py:634} INFO - at org.apache.hadoop.fs.FileSystem$Cache.get(FileSystem.java:3521)
[2024-12-08T17:25:02.305+0000] {spark_submit.py:634} INFO - at org.apache.hadoop.fs.FileSystem.get(FileSystem.java:540)
[2024-12-08T17:25:02.305+0000] {spark_submit.py:634} INFO - at org.apache.hadoop.fs.Path.getFileSystem(Path.java:365)
[2024-12-08T17:25:02.307+0000] {spark_submit.py:634} INFO - at org.apache.spark.sql.execution.streaming.FileStreamSink$.hasMetadata(FileStreamSink.scala:53)
[2024-12-08T17:25:02.307+0000] {spark_submit.py:634} INFO - at org.apache.spark.sql.execution.datasources.DataSource.resolveRelation(DataSource.scala:366)
[2024-12-08T17:25:02.308+0000] {spark_submit.py:634} INFO - at org.apache.spark.sql.DataFrameReader.loadV1Source(DataFrameReader.scala:229)
[2024-12-08T17:25:02.308+0000] {spark_submit.py:634} INFO - at org.apache.spark.sql.DataFrameReader.$anonfun$load$2(DataFrameReader.scala:211)
[2024-12-08T17:25:02.309+0000] {spark_submit.py:634} INFO - at scala.Option.getOrElse(Option.scala:189)
[2024-12-08T17:25:02.310+0000] {spark_submit.py:634} INFO - at org.apache.spark.sql.DataFrameReader.load(DataFrameReader.scala:211)
[2024-12-08T17:25:02.310+0000] {spark_submit.py:634} INFO - at org.apache.spark.sql.DataFrameReader.csv(DataFrameReader.scala:538)
[2024-12-08T17:25:02.311+0000] {spark_submit.py:634} INFO - at java.base/jdk.internal.reflect.NativeMethodAccessorImpl.invoke0(Native Method)
[2024-12-08T17:25:02.311+0000] {spark_submit.py:634} INFO - at java.base/jdk.internal.reflect.NativeMethodAccessorImpl.invoke(NativeMethodAccessorImpl.java:77)
[2024-12-08T17:25:02.312+0000] {spark_submit.py:634} INFO - at java.base/jdk.internal.reflect.DelegatingMethodAccessorImpl.invoke(DelegatingMethodAccessorImpl.java:43)
[2024-12-08T17:25:02.312+0000] {spark_submit.py:634} INFO - at java.base/java.lang.reflect.Method.invoke(Method.java:569)
[2024-12-08T17:25:02.312+0000] {spark_submit.py:634} INFO - at py4j.reflection.MethodInvoker.invoke(MethodInvoker.java:244)
[2024-12-08T17:25:02.312+0000] {spark_submit.py:634} INFO - at py4j.reflection.ReflectionEngine.invoke(ReflectionEngine.java:374)
[2024-12-08T17:25:02.313+0000] {spark_submit.py:634} INFO - at py4j.Gateway.invoke(Gateway.java:282)
[2024-12-08T17:25:02.313+0000] {spark_submit.py:634} INFO - at py4j.commands.AbstractCommand.invokeMethod(AbstractCommand.java:132)
[2024-12-08T17:25:02.313+0000] {spark_submit.py:634} INFO - at py4j.commands.CallCommand.execute(CallCommand.java:79)
[2024-12-08T17:25:02.314+0000] {spark_submit.py:634} INFO - at py4j.ClientServerConnection.waitForCommands(ClientServerConnection.java:182)
[2024-12-08T17:25:02.314+0000] {spark_submit.py:634} INFO - at py4j.ClientServerConnection.run(ClientServerConnection.java:106)
[2024-12-08T17:25:02.314+0000] {spark_submit.py:634} INFO - at java.base/java.lang.Thread.run(Thread.java:840)
[2024-12-08T17:25:02.329+0000] {spark_submit.py:634} INFO - Traceback (most recent call last):
[2024-12-08T17:25:02.329+0000] {spark_submit.py:634} INFO - File "/opt/***/jobs/python/wordcountjob.py", line 55, in <module>
[2024-12-08T17:25:02.330+0000] {spark_submit.py:634} INFO - df = spark.read.csv(file_list3[0], header=True, inferSchema= True)
[2024-12-08T17:25:02.330+0000] {spark_submit.py:634} INFO - ^^^^^^^^^^^^^^^^^^^^^^^^^^^^^^^^^^^^^^^^^^^^^^^^^^^^^^^^^^^^^
[2024-12-08T17:25:02.331+0000] {spark_submit.py:634} INFO - File "/home/***/.local/lib/python3.12/site-packages/pyspark/python/lib/pyspark.zip/pyspark/sql/readwriter.py", line 740, in csv
[2024-12-08T17:25:02.331+0000] {spark_submit.py:634} INFO - File "/home/***/.local/lib/python3.12/site-packages/pyspark/python/lib/py4j-0.10.9.7-src.zip/py4j/java_gateway.py", line 1322, in __call__
[2024-12-08T17:25:02.331+0000] {spark_submit.py:634} INFO - File "/home/***/.local/lib/python3.12/site-packages/pyspark/python/lib/pyspark.zip/pyspark/errors/exceptions/captured.py", line 179, in deco
[2024-12-08T17:25:02.332+0000] {spark_submit.py:634} INFO - File "/home/***/.local/lib/python3.12/site-packages/pyspark/python/lib/py4j-0.10.9.7-src.zip/py4j/protocol.py", line 326, in get_return_value
[2024-12-08T17:25:02.332+0000] {spark_submit.py:634} INFO - py4j.protocol.Py4JJavaError: An error occurred while calling o32.csv.
[2024-12-08T17:25:02.333+0000] {spark_submit.py:634} INFO - : org.apache.hadoop.fs.UnsupportedFileSystemException: No FileSystem for scheme "spark"
[2024-12-08T17:25:02.333+0000] {spark_submit.py:634} INFO - at org.apache.hadoop.fs.FileSystem.getFileSystemClass(FileSystem.java:3443)
[2024-12-08T17:25:02.333+0000] {spark_submit.py:634} INFO - at org.apache.hadoop.fs.FileSystem.createFileSystem(FileSystem.java:3466)
[2024-12-08T17:25:02.334+0000] {spark_submit.py:634} INFO - at org.apache.hadoop.fs.FileSystem.access$300(FileSystem.java:174)
[2024-12-08T17:25:02.334+0000] {spark_submit.py:634} INFO - at org.apache.hadoop.fs.FileSystem$Cache.getInternal(FileSystem.java:3574)
[2024-12-08T17:25:02.334+0000] {spark_submit.py:634} INFO - at org.apache.hadoop.fs.FileSystem$Cache.get(FileSystem.java:3521)
[2024-12-08T17:25:02.335+0000] {spark_submit.py:634} INFO - at org.apache.hadoop.fs.FileSystem.get(FileSystem.java:540)
[2024-12-08T17:25:02.335+0000] {spark_submit.py:634} INFO - at org.apache.hadoop.fs.Path.getFileSystem(Path.java:365)
[2024-12-08T17:25:02.335+0000] {spark_submit.py:634} INFO - at org.apache.spark.sql.execution.datasources.DataSource$.$anonfun$checkAndGlobPathIfNecessary$1(DataSource.scala:724)
[2024-12-08T17:25:02.336+0000] {spark_submit.py:634} INFO - at scala.collection.immutable.List.map(List.scala:293)
[2024-12-08T17:25:02.336+0000] {spark_submit.py:634} INFO - at org.apache.spark.sql.execution.datasources.DataSource$.checkAndGlobPathIfNecessary(DataSource.scala:722)
[2024-12-08T17:25:02.337+0000] {spark_submit.py:634} INFO - at org.apache.spark.sql.execution.datasources.DataSource.checkAndGlobPathIfNecessary(DataSource.scala:551)
[2024-12-08T17:25:02.338+0000] {spark_submit.py:634} INFO - at org.apache.spark.sql.execution.datasources.DataSource.resolveRelation(DataSource.scala:404)
[2024-12-08T17:25:02.338+0000] {spark_submit.py:634} INFO - at org.apache.spark.sql.DataFrameReader.loadV1Source(DataFrameReader.scala:229)
[2024-12-08T17:25:02.338+0000] {spark_submit.py:634} INFO - at org.apache.spark.sql.DataFrameReader.$anonfun$load$2(DataFrameReader.scala:211)
[2024-12-08T17:25:02.339+0000] {spark_submit.py:634} INFO - at scala.Option.getOrElse(Option.scala:189)
[2024-12-08T17:25:02.339+0000] {spark_submit.py:634} INFO - at org.apache.spark.sql.DataFrameReader.load(DataFrameReader.scala:211)
[2024-12-08T17:25:02.339+0000] {spark_submit.py:634} INFO - at org.apache.spark.sql.DataFrameReader.csv(DataFrameReader.scala:538)
[2024-12-08T17:25:02.340+0000] {spark_submit.py:634} INFO - at java.base/jdk.internal.reflect.NativeMethodAccessorImpl.invoke0(Native Method)
[2024-12-08T17:25:02.340+0000] {spark_submit.py:634} INFO - at java.base/jdk.internal.reflect.NativeMethodAccessorImpl.invoke(NativeMethodAccessorImpl.java:77)
[2024-12-08T17:25:02.340+0000] {spark_submit.py:634} INFO - at java.base/jdk.internal.reflect.DelegatingMethodAccessorImpl.invoke(DelegatingMethodAccessorImpl.java:43)
[2024-12-08T17:25:02.341+0000] {spark_submit.py:634} INFO - at java.base/java.lang.reflect.Method.invoke(Method.java:569)
[2024-12-08T17:25:02.341+0000] {spark_submit.py:634} INFO - at py4j.reflection.MethodInvoker.invoke(MethodInvoker.java:244)
[2024-12-08T17:25:02.341+0000] {spark_submit.py:634} INFO - at py4j.reflection.ReflectionEngine.invoke(ReflectionEngine.java:374)
[2024-12-08T17:25:02.341+0000] {spark_submit.py:634} INFO - at py4j.Gateway.invoke(Gateway.java:282)
[2024-12-08T17:25:02.342+0000] {spark_submit.py:634} INFO - at py4j.commands.AbstractCommand.invokeMethod(AbstractCommand.java:132)
[2024-12-08T17:25:02.342+0000] {spark_submit.py:634} INFO - at py4j.commands.CallCommand.execute(CallCommand.java:79)
[2024-12-08T17:25:02.342+0000] {spark_submit.py:634} INFO - at py4j.ClientServerConnection.waitForCommands(ClientServerConnection.java:182)
[2024-12-08T17:25:02.343+0000] {spark_submit.py:634} INFO - at py4j.ClientServerConnection.run(ClientServerConnection.java:106)
[2024-12-08T17:25:02.343+0000] {spark_submit.py:634} INFO - at java.base/java.lang.Thread.run(Thread.java:840)
[2024-12-08T17:25:02.343+0000] {spark_submit.py:634} INFO - 
[2024-12-08T17:25:02.436+0000] {spark_submit.py:634} INFO - 24/12/08 17:25:02 INFO SparkContext: Invoking stop() from shutdown hook
[2024-12-08T17:25:02.437+0000] {spark_submit.py:634} INFO - 24/12/08 17:25:02 INFO SparkContext: SparkContext is stopping with exitCode 0.
[2024-12-08T17:25:02.446+0000] {spark_submit.py:634} INFO - 24/12/08 17:25:02 INFO SparkUI: Stopped Spark web UI at http://2a892a3469ec:4042
[2024-12-08T17:25:02.450+0000] {spark_submit.py:634} INFO - 24/12/08 17:25:02 INFO StandaloneSchedulerBackend: Shutting down all executors
[2024-12-08T17:25:02.457+0000] {spark_submit.py:634} INFO - 24/12/08 17:25:02 INFO StandaloneSchedulerBackend$StandaloneDriverEndpoint: Asking each executor to shut down
[2024-12-08T17:25:02.485+0000] {spark_submit.py:634} INFO - 24/12/08 17:25:02 INFO MapOutputTrackerMasterEndpoint: MapOutputTrackerMasterEndpoint stopped!
[2024-12-08T17:25:02.520+0000] {spark_submit.py:634} INFO - 24/12/08 17:25:02 INFO MemoryStore: MemoryStore cleared
[2024-12-08T17:25:02.523+0000] {spark_submit.py:634} INFO - 24/12/08 17:25:02 INFO BlockManager: BlockManager stopped
[2024-12-08T17:25:02.530+0000] {spark_submit.py:634} INFO - 24/12/08 17:25:02 INFO BlockManagerMaster: BlockManagerMaster stopped
[2024-12-08T17:25:02.533+0000] {spark_submit.py:634} INFO - 24/12/08 17:25:02 INFO OutputCommitCoordinator$OutputCommitCoordinatorEndpoint: OutputCommitCoordinator stopped!
[2024-12-08T17:25:02.563+0000] {spark_submit.py:634} INFO - 24/12/08 17:25:02 INFO SparkContext: Successfully stopped SparkContext
[2024-12-08T17:25:02.566+0000] {spark_submit.py:634} INFO - 24/12/08 17:25:02 INFO ShutdownHookManager: Shutdown hook called
[2024-12-08T17:25:02.567+0000] {spark_submit.py:634} INFO - 24/12/08 17:25:02 INFO ShutdownHookManager: Deleting directory /tmp/spark-a9a59434-2464-4f66-a38b-60f68bc421ff
[2024-12-08T17:25:02.573+0000] {spark_submit.py:634} INFO - 24/12/08 17:25:02 INFO ShutdownHookManager: Deleting directory /tmp/spark-b6aa3c69-c57b-4cac-a2b6-f33e15f81c2d
[2024-12-08T17:25:02.582+0000] {spark_submit.py:634} INFO - 24/12/08 17:25:02 INFO ShutdownHookManager: Deleting directory /tmp/spark-b6aa3c69-c57b-4cac-a2b6-f33e15f81c2d/pyspark-7876858a-cbef-42b2-90e9-ca4db960a0de
[2024-12-08T17:25:02.750+0000] {taskinstance.py:3311} ERROR - Task failed with exception
Traceback (most recent call last):
  File "/home/airflow/.local/lib/python3.12/site-packages/airflow/models/taskinstance.py", line 767, in _execute_task
    result = _execute_callable(context=context, **execute_callable_kwargs)
             ^^^^^^^^^^^^^^^^^^^^^^^^^^^^^^^^^^^^^^^^^^^^^^^^^^^^^^^^^^^^^
  File "/home/airflow/.local/lib/python3.12/site-packages/airflow/models/taskinstance.py", line 733, in _execute_callable
    return ExecutionCallableRunner(
           ^^^^^^^^^^^^^^^^^^^^^^^^
  File "/home/airflow/.local/lib/python3.12/site-packages/airflow/utils/operator_helpers.py", line 252, in run
    return self.func(*args, **kwargs)
           ^^^^^^^^^^^^^^^^^^^^^^^^^^
  File "/home/airflow/.local/lib/python3.12/site-packages/airflow/models/baseoperator.py", line 417, in wrapper
    return func(self, *args, **kwargs)
           ^^^^^^^^^^^^^^^^^^^^^^^^^^^
  File "/home/airflow/.local/lib/python3.12/site-packages/airflow/providers/apache/spark/operators/spark_submit.py", line 176, in execute
    self._hook.submit(self.application)
  File "/home/airflow/.local/lib/python3.12/site-packages/airflow/providers/apache/spark/hooks/spark_submit.py", line 560, in submit
    raise AirflowException(
airflow.exceptions.AirflowException: Cannot execute: spark-submit --master spark://sparkingflow-spark-master-1:7077 --name arrow-spark --deploy-mode client jobs/python/wordcountjob.py. Error code is: 1.
[2024-12-08T17:25:02.767+0000] {taskinstance.py:1225} INFO - Marking task as FAILED. dag_id=sparking_flow, task_id=python_job, run_id=manual__2024-12-08T17:24:47.576124+00:00, execution_date=20241208T172447, start_date=20241208T172449, end_date=20241208T172502
[2024-12-08T17:25:02.804+0000] {taskinstance.py:340} INFO - ::group::Post task execution logs
[2024-12-08T17:25:02.806+0000] {standard_task_runner.py:124} ERROR - Failed to execute job 247 for task python_job (Cannot execute: spark-submit --master spark://sparkingflow-spark-master-1:7077 --name arrow-spark --deploy-mode client jobs/python/wordcountjob.py. Error code is: 1.; 190)
Traceback (most recent call last):
  File "/home/airflow/.local/lib/python3.12/site-packages/airflow/task/task_runner/standard_task_runner.py", line 117, in _start_by_fork
    ret = args.func(args, dag=self.dag)
          ^^^^^^^^^^^^^^^^^^^^^^^^^^^^^
  File "/home/airflow/.local/lib/python3.12/site-packages/airflow/cli/cli_config.py", line 49, in command
    return func(*args, **kwargs)
           ^^^^^^^^^^^^^^^^^^^^^
  File "/home/airflow/.local/lib/python3.12/site-packages/airflow/utils/cli.py", line 116, in wrapper
    return f(*args, **kwargs)
           ^^^^^^^^^^^^^^^^^^
  File "/home/airflow/.local/lib/python3.12/site-packages/airflow/cli/commands/task_command.py", line 483, in task_run
    task_return_code = _run_task_by_selected_method(args, _dag, ti)
                       ^^^^^^^^^^^^^^^^^^^^^^^^^^^^^^^^^^^^^^^^^^^^
  File "/home/airflow/.local/lib/python3.12/site-packages/airflow/cli/commands/task_command.py", line 256, in _run_task_by_selected_method
    return _run_raw_task(args, ti)
           ^^^^^^^^^^^^^^^^^^^^^^^
  File "/home/airflow/.local/lib/python3.12/site-packages/airflow/cli/commands/task_command.py", line 341, in _run_raw_task
    return ti._run_raw_task(
           ^^^^^^^^^^^^^^^^^
  File "/home/airflow/.local/lib/python3.12/site-packages/airflow/utils/session.py", line 97, in wrapper
    return func(*args, session=session, **kwargs)
           ^^^^^^^^^^^^^^^^^^^^^^^^^^^^^^^^^^^^^^
  File "/home/airflow/.local/lib/python3.12/site-packages/airflow/models/taskinstance.py", line 3005, in _run_raw_task
    return _run_raw_task(
           ^^^^^^^^^^^^^^
  File "/home/airflow/.local/lib/python3.12/site-packages/airflow/models/taskinstance.py", line 273, in _run_raw_task
    TaskInstance._execute_task_with_callbacks(
  File "/home/airflow/.local/lib/python3.12/site-packages/airflow/models/taskinstance.py", line 3159, in _execute_task_with_callbacks
    result = self._execute_task(context, task_orig)
             ^^^^^^^^^^^^^^^^^^^^^^^^^^^^^^^^^^^^^^
  File "/home/airflow/.local/lib/python3.12/site-packages/airflow/models/taskinstance.py", line 3183, in _execute_task
    return _execute_task(self, context, task_orig)
           ^^^^^^^^^^^^^^^^^^^^^^^^^^^^^^^^^^^^^^^
  File "/home/airflow/.local/lib/python3.12/site-packages/airflow/models/taskinstance.py", line 767, in _execute_task
    result = _execute_callable(context=context, **execute_callable_kwargs)
             ^^^^^^^^^^^^^^^^^^^^^^^^^^^^^^^^^^^^^^^^^^^^^^^^^^^^^^^^^^^^^
  File "/home/airflow/.local/lib/python3.12/site-packages/airflow/models/taskinstance.py", line 733, in _execute_callable
    return ExecutionCallableRunner(
           ^^^^^^^^^^^^^^^^^^^^^^^^
  File "/home/airflow/.local/lib/python3.12/site-packages/airflow/utils/operator_helpers.py", line 252, in run
    return self.func(*args, **kwargs)
           ^^^^^^^^^^^^^^^^^^^^^^^^^^
  File "/home/airflow/.local/lib/python3.12/site-packages/airflow/models/baseoperator.py", line 417, in wrapper
    return func(self, *args, **kwargs)
           ^^^^^^^^^^^^^^^^^^^^^^^^^^^
  File "/home/airflow/.local/lib/python3.12/site-packages/airflow/providers/apache/spark/operators/spark_submit.py", line 176, in execute
    self._hook.submit(self.application)
  File "/home/airflow/.local/lib/python3.12/site-packages/airflow/providers/apache/spark/hooks/spark_submit.py", line 560, in submit
    raise AirflowException(
airflow.exceptions.AirflowException: Cannot execute: spark-submit --master spark://sparkingflow-spark-master-1:7077 --name arrow-spark --deploy-mode client jobs/python/wordcountjob.py. Error code is: 1.
[2024-12-08T17:25:02.872+0000] {local_task_job_runner.py:266} INFO - Task exited with return code 1
[2024-12-08T17:25:02.942+0000] {taskinstance.py:3895} INFO - 0 downstream tasks scheduled from follow-on schedule check
[2024-12-08T17:25:02.946+0000] {local_task_job_runner.py:245} INFO - ::endgroup::
