[2024-12-09T10:13:12.614+0000] {local_task_job_runner.py:123} INFO - ::group::Pre task execution logs
[2024-12-09T10:13:12.630+0000] {taskinstance.py:2613} INFO - Dependencies all met for dep_context=non-requeueable deps ti=<TaskInstance: sparking_flow.java_job manual__2024-12-09T10:13:10.359117+00:00 [queued]>
[2024-12-09T10:13:12.637+0000] {taskinstance.py:2613} INFO - Dependencies all met for dep_context=requeueable deps ti=<TaskInstance: sparking_flow.java_job manual__2024-12-09T10:13:10.359117+00:00 [queued]>
[2024-12-09T10:13:12.637+0000] {taskinstance.py:2866} INFO - Starting attempt 1 of 1
[2024-12-09T10:13:12.646+0000] {taskinstance.py:2889} INFO - Executing <Task(SparkSubmitOperator): java_job> on 2024-12-09 10:13:10.359117+00:00
[2024-12-09T10:13:12.653+0000] {logging_mixin.py:190} WARNING - /home/***/.local/lib/python3.12/site-packages/***/task/task_runner/standard_task_runner.py:70 DeprecationWarning: This process (pid=187) is multi-threaded, use of fork() may lead to deadlocks in the child.
[2024-12-09T10:13:12.655+0000] {standard_task_runner.py:72} INFO - Started process 188 to run task
[2024-12-09T10:13:12.653+0000] {standard_task_runner.py:104} INFO - Running: ['***', 'tasks', 'run', 'sparking_flow', 'java_job', 'manual__2024-12-09T10:13:10.359117+00:00', '--job-id', '292', '--raw', '--subdir', 'DAGS_FOLDER/spark_***.py', '--cfg-path', '/tmp/tmpo5s25_r9']
[2024-12-09T10:13:12.656+0000] {standard_task_runner.py:105} INFO - Job 292: Subtask java_job
[2024-12-09T10:13:12.703+0000] {task_command.py:467} INFO - Running <TaskInstance: sparking_flow.java_job manual__2024-12-09T10:13:10.359117+00:00 [running]> on host 2a892a3469ec
[2024-12-09T10:13:12.803+0000] {taskinstance.py:3132} INFO - Exporting env vars: AIRFLOW_CTX_DAG_OWNER='Yusuf Ganiyu' AIRFLOW_CTX_DAG_ID='sparking_flow' AIRFLOW_CTX_TASK_ID='java_job' AIRFLOW_CTX_EXECUTION_DATE='2024-12-09T10:13:10.359117+00:00' AIRFLOW_CTX_TRY_NUMBER='1' AIRFLOW_CTX_DAG_RUN_ID='manual__2024-12-09T10:13:10.359117+00:00'
[2024-12-09T10:13:12.804+0000] {taskinstance.py:731} INFO - ::endgroup::
[2024-12-09T10:13:12.836+0000] {base.py:84} INFO - Retrieving connection 'spark-conn'
[2024-12-09T10:13:12.837+0000] {spark_submit.py:473} INFO - Spark-Submit cmd: spark-submit --master spark://sparkingflow-spark-master-1:7077 --name arrow-spark --class com.airscholar.spark.WordCountJob --deploy-mode client jobs/java/spark-job/target/spark-job-1.0-SNAPSHOT.jar
[2024-12-09T10:13:15.758+0000] {spark_submit.py:634} INFO - 24/12/09 10:13:15 INFO SparkContext: Running Spark version 3.5.3
[2024-12-09T10:13:15.763+0000] {spark_submit.py:634} INFO - 24/12/09 10:13:15 INFO SparkContext: OS info Linux, 6.10.14-linuxkit, aarch64
[2024-12-09T10:13:15.764+0000] {spark_submit.py:634} INFO - 24/12/09 10:13:15 INFO SparkContext: Java version 17.0.13
[2024-12-09T10:13:15.870+0000] {spark_submit.py:634} INFO - 24/12/09 10:13:15 WARN NativeCodeLoader: Unable to load native-hadoop library for your platform... using builtin-java classes where applicable
[2024-12-09T10:13:16.004+0000] {spark_submit.py:634} INFO - 24/12/09 10:13:16 INFO ResourceUtils: ==============================================================
[2024-12-09T10:13:16.005+0000] {spark_submit.py:634} INFO - 24/12/09 10:13:16 INFO ResourceUtils: No custom resources configured for spark.driver.
[2024-12-09T10:13:16.007+0000] {spark_submit.py:634} INFO - 24/12/09 10:13:16 INFO ResourceUtils: ==============================================================
[2024-12-09T10:13:16.010+0000] {spark_submit.py:634} INFO - 24/12/09 10:13:16 INFO SparkContext: Submitted application: Word Count Job
[2024-12-09T10:13:16.042+0000] {spark_submit.py:634} INFO - 24/12/09 10:13:16 INFO ResourceProfile: Default ResourceProfile created, executor resources: Map(cores -> name: cores, amount: 1, script: , vendor: , memory -> name: memory, amount: 1024, script: , vendor: , offHeap -> name: offHeap, amount: 0, script: , vendor: ), task resources: Map(cpus -> name: cpus, amount: 1.0)
[2024-12-09T10:13:16.054+0000] {spark_submit.py:634} INFO - 24/12/09 10:13:16 INFO ResourceProfile: Limiting resource is cpu
[2024-12-09T10:13:16.055+0000] {spark_submit.py:634} INFO - 24/12/09 10:13:16 INFO ResourceProfileManager: Added ResourceProfile id: 0
[2024-12-09T10:13:16.123+0000] {spark_submit.py:634} INFO - 24/12/09 10:13:16 INFO SecurityManager: Changing view acls to: ***
[2024-12-09T10:13:16.125+0000] {spark_submit.py:634} INFO - 24/12/09 10:13:16 INFO SecurityManager: Changing modify acls to: ***
[2024-12-09T10:13:16.126+0000] {spark_submit.py:634} INFO - 24/12/09 10:13:16 INFO SecurityManager: Changing view acls groups to:
[2024-12-09T10:13:16.126+0000] {spark_submit.py:634} INFO - 24/12/09 10:13:16 INFO SecurityManager: Changing modify acls groups to:
[2024-12-09T10:13:16.127+0000] {spark_submit.py:634} INFO - 24/12/09 10:13:16 INFO SecurityManager: SecurityManager: authentication disabled; ui acls disabled; users with view permissions: ***; groups with view permissions: EMPTY; users with modify permissions: ***; groups with modify permissions: EMPTY
[2024-12-09T10:13:16.411+0000] {spark_submit.py:634} INFO - 24/12/09 10:13:16 INFO Utils: Successfully started service 'sparkDriver' on port 32961.
[2024-12-09T10:13:16.453+0000] {spark_submit.py:634} INFO - 24/12/09 10:13:16 INFO SparkEnv: Registering MapOutputTracker
[2024-12-09T10:13:16.520+0000] {spark_submit.py:634} INFO - 24/12/09 10:13:16 INFO SparkEnv: Registering BlockManagerMaster
[2024-12-09T10:13:16.543+0000] {spark_submit.py:634} INFO - 24/12/09 10:13:16 INFO BlockManagerMasterEndpoint: Using org.apache.spark.storage.DefaultTopologyMapper for getting topology information
[2024-12-09T10:13:16.544+0000] {spark_submit.py:634} INFO - 24/12/09 10:13:16 INFO BlockManagerMasterEndpoint: BlockManagerMasterEndpoint up
[2024-12-09T10:13:16.550+0000] {spark_submit.py:634} INFO - 24/12/09 10:13:16 INFO SparkEnv: Registering BlockManagerMasterHeartbeat
[2024-12-09T10:13:16.586+0000] {spark_submit.py:634} INFO - 24/12/09 10:13:16 INFO DiskBlockManager: Created local directory at /tmp/blockmgr-fab0049b-473e-4eaf-b811-896583d4b28a
[2024-12-09T10:13:16.602+0000] {spark_submit.py:634} INFO - 24/12/09 10:13:16 INFO MemoryStore: MemoryStore started with capacity 434.4 MiB
[2024-12-09T10:13:16.620+0000] {spark_submit.py:634} INFO - 24/12/09 10:13:16 INFO SparkEnv: Registering OutputCommitCoordinator
[2024-12-09T10:13:16.818+0000] {spark_submit.py:634} INFO - 24/12/09 10:13:16 INFO JettyUtils: Start Jetty 0.0.0.0:4040 for SparkUI
[2024-12-09T10:13:16.922+0000] {spark_submit.py:634} INFO - 24/12/09 10:13:16 INFO Utils: Successfully started service 'SparkUI' on port 4040.
[2024-12-09T10:13:16.976+0000] {spark_submit.py:634} INFO - 24/12/09 10:13:16 INFO SparkContext: Added JAR file:/opt/***/jobs/java/spark-job/target/spark-job-1.0-SNAPSHOT.jar at spark://2a892a3469ec:32961/jars/spark-job-1.0-SNAPSHOT.jar with timestamp 1733739195742
[2024-12-09T10:13:17.056+0000] {spark_submit.py:634} INFO - 24/12/09 10:13:17 INFO Executor: Starting executor ID driver on host 2a892a3469ec
[2024-12-09T10:13:17.057+0000] {spark_submit.py:634} INFO - 24/12/09 10:13:17 INFO Executor: OS info Linux, 6.10.14-linuxkit, aarch64
[2024-12-09T10:13:17.057+0000] {spark_submit.py:634} INFO - 24/12/09 10:13:17 INFO Executor: Java version 17.0.13
[2024-12-09T10:13:17.067+0000] {spark_submit.py:634} INFO - 24/12/09 10:13:17 INFO Executor: Starting executor with user classpath (userClassPathFirst = false): ''
[2024-12-09T10:13:17.068+0000] {spark_submit.py:634} INFO - 24/12/09 10:13:17 INFO Executor: Created or updated repl class loader org.apache.spark.util.MutableURLClassLoader@38f77cd9 for default.
[2024-12-09T10:13:17.097+0000] {spark_submit.py:634} INFO - 24/12/09 10:13:17 INFO Executor: Fetching spark://2a892a3469ec:32961/jars/spark-job-1.0-SNAPSHOT.jar with timestamp 1733739195742
[2024-12-09T10:13:17.204+0000] {spark_submit.py:634} INFO - 24/12/09 10:13:17 INFO TransportClientFactory: Successfully created connection to 2a892a3469ec/172.18.0.4:32961 after 57 ms (0 ms spent in bootstraps)
[2024-12-09T10:13:17.215+0000] {spark_submit.py:634} INFO - 24/12/09 10:13:17 INFO Utils: Fetching spark://2a892a3469ec:32961/jars/spark-job-1.0-SNAPSHOT.jar to /tmp/spark-fdc0ad5c-b7b9-4a95-97c9-9a24d43405d0/userFiles-e8e159b3-9bc7-4b19-8b9a-74cf0fc55880/fetchFileTemp18134578038913780461.tmp
[2024-12-09T10:13:17.254+0000] {spark_submit.py:634} INFO - 24/12/09 10:13:17 INFO Executor: Adding file:/tmp/spark-fdc0ad5c-b7b9-4a95-97c9-9a24d43405d0/userFiles-e8e159b3-9bc7-4b19-8b9a-74cf0fc55880/spark-job-1.0-SNAPSHOT.jar to class loader default
[2024-12-09T10:13:17.264+0000] {spark_submit.py:634} INFO - 24/12/09 10:13:17 INFO Utils: Successfully started service 'org.apache.spark.network.netty.NettyBlockTransferService' on port 37403.
[2024-12-09T10:13:17.265+0000] {spark_submit.py:634} INFO - 24/12/09 10:13:17 INFO NettyBlockTransferService: Server created on 2a892a3469ec:37403
[2024-12-09T10:13:17.268+0000] {spark_submit.py:634} INFO - 24/12/09 10:13:17 INFO BlockManager: Using org.apache.spark.storage.RandomBlockReplicationPolicy for block replication policy
[2024-12-09T10:13:17.276+0000] {spark_submit.py:634} INFO - 24/12/09 10:13:17 INFO BlockManagerMaster: Registering BlockManager BlockManagerId(driver, 2a892a3469ec, 37403, None)
[2024-12-09T10:13:17.281+0000] {spark_submit.py:634} INFO - 24/12/09 10:13:17 INFO BlockManagerMasterEndpoint: Registering block manager 2a892a3469ec:37403 with 434.4 MiB RAM, BlockManagerId(driver, 2a892a3469ec, 37403, None)
[2024-12-09T10:13:17.286+0000] {spark_submit.py:634} INFO - 24/12/09 10:13:17 INFO BlockManagerMaster: Registered BlockManager BlockManagerId(driver, 2a892a3469ec, 37403, None)
[2024-12-09T10:13:17.287+0000] {spark_submit.py:634} INFO - 24/12/09 10:13:17 INFO BlockManager: Initialized BlockManager: BlockManagerId(driver, 2a892a3469ec, 37403, None)
[2024-12-09T10:13:18.391+0000] {spark_submit.py:634} INFO - 24/12/09 10:13:18 INFO SparkContext: Starting job: collect at WordCountJob.java:37
[2024-12-09T10:13:18.430+0000] {spark_submit.py:634} INFO - 24/12/09 10:13:18 INFO DAGScheduler: Registering RDD 2 (mapToPair at WordCountJob.java:33) as input to shuffle 0
[2024-12-09T10:13:18.436+0000] {spark_submit.py:634} INFO - 24/12/09 10:13:18 INFO DAGScheduler: Got job 0 (collect at WordCountJob.java:37) with 1 output partitions
[2024-12-09T10:13:18.437+0000] {spark_submit.py:634} INFO - 24/12/09 10:13:18 INFO DAGScheduler: Final stage: ResultStage 1 (collect at WordCountJob.java:37)
[2024-12-09T10:13:18.438+0000] {spark_submit.py:634} INFO - 24/12/09 10:13:18 INFO DAGScheduler: Parents of final stage: List(ShuffleMapStage 0)
[2024-12-09T10:13:18.439+0000] {spark_submit.py:634} INFO - 24/12/09 10:13:18 INFO DAGScheduler: Missing parents: List(ShuffleMapStage 0)
[2024-12-09T10:13:18.443+0000] {spark_submit.py:634} INFO - 24/12/09 10:13:18 INFO DAGScheduler: Submitting ShuffleMapStage 0 (MapPartitionsRDD[2] at mapToPair at WordCountJob.java:33), which has no missing parents
[2024-12-09T10:13:18.593+0000] {spark_submit.py:634} INFO - 24/12/09 10:13:18 INFO MemoryStore: Block broadcast_0 stored as values in memory (estimated size 6.4 KiB, free 434.4 MiB)
[2024-12-09T10:13:18.644+0000] {spark_submit.py:634} INFO - 24/12/09 10:13:18 INFO MemoryStore: Block broadcast_0_piece0 stored as bytes in memory (estimated size 3.4 KiB, free 434.4 MiB)
[2024-12-09T10:13:18.648+0000] {spark_submit.py:634} INFO - 24/12/09 10:13:18 INFO BlockManagerInfo: Added broadcast_0_piece0 in memory on 2a892a3469ec:37403 (size: 3.4 KiB, free: 434.4 MiB)
[2024-12-09T10:13:18.653+0000] {spark_submit.py:634} INFO - 24/12/09 10:13:18 INFO SparkContext: Created broadcast 0 from broadcast at DAGScheduler.scala:1585
[2024-12-09T10:13:18.683+0000] {spark_submit.py:634} INFO - 24/12/09 10:13:18 INFO DAGScheduler: Submitting 1 missing tasks from ShuffleMapStage 0 (MapPartitionsRDD[2] at mapToPair at WordCountJob.java:33) (first 15 tasks are for partitions Vector(0))
[2024-12-09T10:13:18.684+0000] {spark_submit.py:634} INFO - 24/12/09 10:13:18 INFO TaskSchedulerImpl: Adding task set 0.0 with 1 tasks resource profile 0
[2024-12-09T10:13:18.783+0000] {spark_submit.py:634} INFO - 24/12/09 10:13:18 INFO TaskSetManager: Starting task 0.0 in stage 0.0 (TID 0) (2a892a3469ec, executor driver, partition 0, PROCESS_LOCAL, 9249 bytes)
[2024-12-09T10:13:18.809+0000] {spark_submit.py:634} INFO - 24/12/09 10:13:18 INFO Executor: Running task 0.0 in stage 0.0 (TID 0)
[2024-12-09T10:13:19.002+0000] {spark_submit.py:634} INFO - 24/12/09 10:13:19 INFO Executor: Finished task 0.0 in stage 0.0 (TID 0). 1216 bytes result sent to driver
[2024-12-09T10:13:19.020+0000] {spark_submit.py:634} INFO - 24/12/09 10:13:19 INFO TaskSetManager: Finished task 0.0 in stage 0.0 (TID 0) in 273 ms on 2a892a3469ec (executor driver) (1/1)
[2024-12-09T10:13:19.026+0000] {spark_submit.py:634} INFO - 24/12/09 10:13:19 INFO TaskSchedulerImpl: Removed TaskSet 0.0, whose tasks have all completed, from pool
[2024-12-09T10:13:19.041+0000] {spark_submit.py:634} INFO - 24/12/09 10:13:19 INFO DAGScheduler: ShuffleMapStage 0 (mapToPair at WordCountJob.java:33) finished in 0.572 s
[2024-12-09T10:13:19.042+0000] {spark_submit.py:634} INFO - 24/12/09 10:13:19 INFO DAGScheduler: looking for newly runnable stages
[2024-12-09T10:13:19.042+0000] {spark_submit.py:634} INFO - 24/12/09 10:13:19 INFO DAGScheduler: running: Set()
[2024-12-09T10:13:19.042+0000] {spark_submit.py:634} INFO - 24/12/09 10:13:19 INFO DAGScheduler: waiting: Set(ResultStage 1)
[2024-12-09T10:13:19.043+0000] {spark_submit.py:634} INFO - 24/12/09 10:13:19 INFO DAGScheduler: failed: Set()
[2024-12-09T10:13:19.048+0000] {spark_submit.py:634} INFO - 24/12/09 10:13:19 INFO DAGScheduler: Submitting ResultStage 1 (ShuffledRDD[3] at reduceByKey at WordCountJob.java:34), which has no missing parents
[2024-12-09T10:13:19.062+0000] {spark_submit.py:634} INFO - 24/12/09 10:13:19 INFO MemoryStore: Block broadcast_1 stored as values in memory (estimated size 5.2 KiB, free 434.4 MiB)
[2024-12-09T10:13:19.075+0000] {spark_submit.py:634} INFO - 24/12/09 10:13:19 INFO MemoryStore: Block broadcast_1_piece0 stored as bytes in memory (estimated size 2.9 KiB, free 434.4 MiB)
[2024-12-09T10:13:19.077+0000] {spark_submit.py:634} INFO - 24/12/09 10:13:19 INFO BlockManagerInfo: Added broadcast_1_piece0 in memory on 2a892a3469ec:37403 (size: 2.9 KiB, free: 434.4 MiB)
[2024-12-09T10:13:19.079+0000] {spark_submit.py:634} INFO - 24/12/09 10:13:19 INFO SparkContext: Created broadcast 1 from broadcast at DAGScheduler.scala:1585
[2024-12-09T10:13:19.084+0000] {spark_submit.py:634} INFO - 24/12/09 10:13:19 INFO DAGScheduler: Submitting 1 missing tasks from ResultStage 1 (ShuffledRDD[3] at reduceByKey at WordCountJob.java:34) (first 15 tasks are for partitions Vector(0))
[2024-12-09T10:13:19.085+0000] {spark_submit.py:634} INFO - 24/12/09 10:13:19 INFO TaskSchedulerImpl: Adding task set 1.0 with 1 tasks resource profile 0
[2024-12-09T10:13:19.093+0000] {spark_submit.py:634} INFO - 24/12/09 10:13:19 INFO TaskSetManager: Starting task 0.0 in stage 1.0 (TID 1) (2a892a3469ec, executor driver, partition 0, NODE_LOCAL, 9002 bytes)
[2024-12-09T10:13:19.095+0000] {spark_submit.py:634} INFO - 24/12/09 10:13:19 INFO Executor: Running task 0.0 in stage 1.0 (TID 1)
[2024-12-09T10:13:19.150+0000] {spark_submit.py:634} INFO - 24/12/09 10:13:19 INFO ShuffleBlockFetcherIterator: Getting 1 (189.0 B) non-empty blocks including 1 (189.0 B) local and 0 (0.0 B) host-local and 0 (0.0 B) push-merged-local and 0 (0.0 B) remote blocks
[2024-12-09T10:13:19.154+0000] {spark_submit.py:634} INFO - 24/12/09 10:13:19 INFO ShuffleBlockFetcherIterator: Started 0 remote fetches in 15 ms
[2024-12-09T10:13:19.185+0000] {spark_submit.py:634} INFO - 24/12/09 10:13:19 INFO Executor: Finished task 0.0 in stage 1.0 (TID 1). 1958 bytes result sent to driver
[2024-12-09T10:13:19.189+0000] {spark_submit.py:634} INFO - 24/12/09 10:13:19 INFO TaskSetManager: Finished task 0.0 in stage 1.0 (TID 1) in 99 ms on 2a892a3469ec (executor driver) (1/1)
[2024-12-09T10:13:19.192+0000] {spark_submit.py:634} INFO - 24/12/09 10:13:19 INFO TaskSchedulerImpl: Removed TaskSet 1.0, whose tasks have all completed, from pool
[2024-12-09T10:13:19.192+0000] {spark_submit.py:634} INFO - 24/12/09 10:13:19 INFO DAGScheduler: ResultStage 1 (collect at WordCountJob.java:37) finished in 0.128 s
[2024-12-09T10:13:19.195+0000] {spark_submit.py:634} INFO - 24/12/09 10:13:19 INFO DAGScheduler: Job 0 is finished. Cancelling potential speculative or zombie tasks for this job
[2024-12-09T10:13:19.196+0000] {spark_submit.py:634} INFO - 24/12/09 10:13:19 INFO TaskSchedulerImpl: Killing all running tasks in stage 1: Stage finished
[2024-12-09T10:13:19.197+0000] {spark_submit.py:634} INFO - 24/12/09 10:13:19 INFO DAGScheduler: Job 0 finished: collect at WordCountJob.java:37, took 0.805615 s
[2024-12-09T10:13:19.202+0000] {spark_submit.py:634} INFO - spark: 1
[2024-12-09T10:13:19.204+0000] {spark_submit.py:634} INFO - docker: 1
[2024-12-09T10:13:19.205+0000] {spark_submit.py:634} INFO - Yusuf: 1
[2024-12-09T10:13:19.207+0000] {spark_submit.py:634} INFO - hello: 5
[2024-12-09T10:13:19.208+0000] {spark_submit.py:634} INFO - java: 1
[2024-12-09T10:13:19.208+0000] {spark_submit.py:634} INFO - world: 1
[2024-12-09T10:13:19.209+0000] {spark_submit.py:634} INFO - 24/12/09 10:13:19 INFO SparkContext: SparkContext is stopping with exitCode 0.
[2024-12-09T10:13:19.225+0000] {spark_submit.py:634} INFO - 24/12/09 10:13:19 INFO SparkUI: Stopped Spark web UI at http://2a892a3469ec:4040
[2024-12-09T10:13:19.247+0000] {spark_submit.py:634} INFO - 24/12/09 10:13:19 INFO MapOutputTrackerMasterEndpoint: MapOutputTrackerMasterEndpoint stopped!
[2024-12-09T10:13:19.264+0000] {spark_submit.py:634} INFO - 24/12/09 10:13:19 INFO MemoryStore: MemoryStore cleared
[2024-12-09T10:13:19.265+0000] {spark_submit.py:634} INFO - 24/12/09 10:13:19 INFO BlockManager: BlockManager stopped
[2024-12-09T10:13:19.275+0000] {spark_submit.py:634} INFO - 24/12/09 10:13:19 INFO BlockManagerMaster: BlockManagerMaster stopped
[2024-12-09T10:13:19.277+0000] {spark_submit.py:634} INFO - 24/12/09 10:13:19 INFO OutputCommitCoordinator$OutputCommitCoordinatorEndpoint: OutputCommitCoordinator stopped!
[2024-12-09T10:13:19.291+0000] {spark_submit.py:634} INFO - 24/12/09 10:13:19 INFO SparkContext: Successfully stopped SparkContext
[2024-12-09T10:13:19.298+0000] {spark_submit.py:634} INFO - 24/12/09 10:13:19 INFO ShutdownHookManager: Shutdown hook called
[2024-12-09T10:13:19.301+0000] {spark_submit.py:634} INFO - 24/12/09 10:13:19 INFO ShutdownHookManager: Deleting directory /tmp/spark-fdc0ad5c-b7b9-4a95-97c9-9a24d43405d0
[2024-12-09T10:13:19.305+0000] {spark_submit.py:634} INFO - 24/12/09 10:13:19 INFO ShutdownHookManager: Deleting directory /tmp/spark-2e3207d8-d6c1-42dc-82b6-b10ef19f71c3
[2024-12-09T10:13:19.397+0000] {taskinstance.py:340} INFO - ::group::Post task execution logs
[2024-12-09T10:13:19.398+0000] {taskinstance.py:352} INFO - Marking task as SUCCESS. dag_id=sparking_flow, task_id=java_job, run_id=manual__2024-12-09T10:13:10.359117+00:00, execution_date=20241209T101310, start_date=20241209T101312, end_date=20241209T101319
[2024-12-09T10:13:19.456+0000] {local_task_job_runner.py:266} INFO - Task exited with return code 0
[2024-12-09T10:13:19.484+0000] {taskinstance.py:3895} INFO - 0 downstream tasks scheduled from follow-on schedule check
[2024-12-09T10:13:19.486+0000] {local_task_job_runner.py:245} INFO - ::endgroup::
