[2024-12-08T14:00:21.451+0000] {local_task_job_runner.py:123} INFO - ::group::Pre task execution logs
[2024-12-08T14:00:21.472+0000] {taskinstance.py:2613} INFO - Dependencies all met for dep_context=non-requeueable deps ti=<TaskInstance: sparking_flow.scala_job scheduled__2024-12-07T00:00:00+00:00 [queued]>
[2024-12-08T14:00:21.481+0000] {taskinstance.py:2613} INFO - Dependencies all met for dep_context=requeueable deps ti=<TaskInstance: sparking_flow.scala_job scheduled__2024-12-07T00:00:00+00:00 [queued]>
[2024-12-08T14:00:21.488+0000] {taskinstance.py:2866} INFO - Starting attempt 1 of 1
[2024-12-08T14:00:21.514+0000] {taskinstance.py:2889} INFO - Executing <Task(SparkSubmitOperator): scala_job> on 2024-12-07 00:00:00+00:00
[2024-12-08T14:00:21.523+0000] {logging_mixin.py:190} WARNING - /home/***/.local/lib/python3.12/site-packages/***/task/task_runner/standard_task_runner.py:70 DeprecationWarning: This process (pid=190) is multi-threaded, use of fork() may lead to deadlocks in the child.
[2024-12-08T14:00:21.526+0000] {standard_task_runner.py:72} INFO - Started process 204 to run task
[2024-12-08T14:00:21.523+0000] {standard_task_runner.py:104} INFO - Running: ['***', 'tasks', 'run', 'sparking_flow', 'scala_job', 'scheduled__2024-12-07T00:00:00+00:00', '--job-id', '137', '--raw', '--subdir', 'DAGS_FOLDER/spark_***.py', '--cfg-path', '/tmp/tmpne5qhwlo']
[2024-12-08T14:00:21.530+0000] {standard_task_runner.py:105} INFO - Job 137: Subtask scala_job
[2024-12-08T14:00:21.607+0000] {task_command.py:467} INFO - Running <TaskInstance: sparking_flow.scala_job scheduled__2024-12-07T00:00:00+00:00 [running]> on host 2a892a3469ec
[2024-12-08T14:00:21.714+0000] {taskinstance.py:3132} INFO - Exporting env vars: AIRFLOW_CTX_DAG_OWNER='Yusuf Ganiyu' AIRFLOW_CTX_DAG_ID='sparking_flow' AIRFLOW_CTX_TASK_ID='scala_job' AIRFLOW_CTX_EXECUTION_DATE='2024-12-07T00:00:00+00:00' AIRFLOW_CTX_TRY_NUMBER='1' AIRFLOW_CTX_DAG_RUN_ID='scheduled__2024-12-07T00:00:00+00:00'
[2024-12-08T14:00:21.717+0000] {taskinstance.py:731} INFO - ::endgroup::
[2024-12-08T14:00:21.742+0000] {base.py:84} INFO - Retrieving connection 'spark-conn'
[2024-12-08T14:00:21.747+0000] {spark_submit.py:473} INFO - Spark-Submit cmd: spark-submit --master spark://sparkingflow-spark-master-1:7077 --name arrow-spark --deploy-mode client jobs/scala/target/scala-2.12/word-count_2.12-0.1.jar
[2024-12-08T14:00:27.759+0000] {spark_submit.py:634} INFO - 24/12/08 14:00:27 WARN NativeCodeLoader: Unable to load native-hadoop library for your platform... using builtin-java classes where applicable
[2024-12-08T14:00:28.330+0000] {spark_submit.py:634} INFO - 24/12/08 14:00:28 INFO SparkContext: Running Spark version 3.5.3
[2024-12-08T14:00:28.333+0000] {spark_submit.py:634} INFO - 24/12/08 14:00:28 INFO SparkContext: OS info Linux, 6.10.14-linuxkit, aarch64
[2024-12-08T14:00:28.336+0000] {spark_submit.py:634} INFO - 24/12/08 14:00:28 INFO SparkContext: Java version 17.0.13
[2024-12-08T14:00:28.398+0000] {spark_submit.py:634} INFO - 24/12/08 14:00:28 INFO ResourceUtils: ==============================================================
[2024-12-08T14:00:28.405+0000] {spark_submit.py:634} INFO - 24/12/08 14:00:28 INFO ResourceUtils: No custom resources configured for spark.driver.
[2024-12-08T14:00:28.406+0000] {spark_submit.py:634} INFO - 24/12/08 14:00:28 INFO ResourceUtils: ==============================================================
[2024-12-08T14:00:28.406+0000] {spark_submit.py:634} INFO - 24/12/08 14:00:28 INFO SparkContext: Submitted application: Word Count
[2024-12-08T14:00:28.456+0000] {spark_submit.py:634} INFO - 24/12/08 14:00:28 INFO ResourceProfile: Default ResourceProfile created, executor resources: Map(memory -> name: memory, amount: 1024, script: , vendor: , offHeap -> name: offHeap, amount: 0, script: , vendor: ), task resources: Map(cpus -> name: cpus, amount: 1.0)
[2024-12-08T14:00:28.482+0000] {spark_submit.py:634} INFO - 24/12/08 14:00:28 INFO ResourceProfile: Limiting resource is cpu
[2024-12-08T14:00:28.483+0000] {spark_submit.py:634} INFO - 24/12/08 14:00:28 INFO ResourceProfileManager: Added ResourceProfile id: 0
[2024-12-08T14:00:28.577+0000] {spark_submit.py:634} INFO - 24/12/08 14:00:28 INFO SecurityManager: Changing view acls to: ***
[2024-12-08T14:00:28.582+0000] {spark_submit.py:634} INFO - 24/12/08 14:00:28 INFO SecurityManager: Changing modify acls to: ***
[2024-12-08T14:00:28.583+0000] {spark_submit.py:634} INFO - 24/12/08 14:00:28 INFO SecurityManager: Changing view acls groups to:
[2024-12-08T14:00:28.584+0000] {spark_submit.py:634} INFO - 24/12/08 14:00:28 INFO SecurityManager: Changing modify acls groups to:
[2024-12-08T14:00:28.585+0000] {spark_submit.py:634} INFO - 24/12/08 14:00:28 INFO SecurityManager: SecurityManager: authentication disabled; ui acls disabled; users with view permissions: ***; groups with view permissions: EMPTY; users with modify permissions: ***; groups with modify permissions: EMPTY
[2024-12-08T14:00:29.075+0000] {spark_submit.py:634} INFO - 24/12/08 14:00:29 INFO Utils: Successfully started service 'sparkDriver' on port 46605.
[2024-12-08T14:00:29.127+0000] {spark_submit.py:634} INFO - 24/12/08 14:00:29 INFO SparkEnv: Registering MapOutputTracker
[2024-12-08T14:00:29.190+0000] {spark_submit.py:634} INFO - 24/12/08 14:00:29 INFO SparkEnv: Registering BlockManagerMaster
[2024-12-08T14:00:29.231+0000] {spark_submit.py:634} INFO - 24/12/08 14:00:29 INFO BlockManagerMasterEndpoint: Using org.apache.spark.storage.DefaultTopologyMapper for getting topology information
[2024-12-08T14:00:29.235+0000] {spark_submit.py:634} INFO - 24/12/08 14:00:29 INFO BlockManagerMasterEndpoint: BlockManagerMasterEndpoint up
[2024-12-08T14:00:29.242+0000] {spark_submit.py:634} INFO - 24/12/08 14:00:29 INFO SparkEnv: Registering BlockManagerMasterHeartbeat
[2024-12-08T14:00:29.302+0000] {spark_submit.py:634} INFO - 24/12/08 14:00:29 INFO DiskBlockManager: Created local directory at /tmp/blockmgr-9ebbf2e0-f7d9-471d-b005-1b44b205eab8
[2024-12-08T14:00:29.358+0000] {spark_submit.py:634} INFO - 24/12/08 14:00:29 INFO MemoryStore: MemoryStore started with capacity 434.4 MiB
[2024-12-08T14:00:29.411+0000] {spark_submit.py:634} INFO - 24/12/08 14:00:29 INFO SparkEnv: Registering OutputCommitCoordinator
[2024-12-08T14:00:29.942+0000] {spark_submit.py:634} INFO - 24/12/08 14:00:29 INFO JettyUtils: Start Jetty 0.0.0.0:4040 for SparkUI
[2024-12-08T14:00:30.111+0000] {spark_submit.py:634} INFO - 24/12/08 14:00:30 WARN Utils: Service 'SparkUI' could not bind on port 4040. Attempting port 4041.
[2024-12-08T14:00:30.119+0000] {spark_submit.py:634} INFO - 24/12/08 14:00:30 WARN Utils: Service 'SparkUI' could not bind on port 4041. Attempting port 4042.
[2024-12-08T14:00:30.121+0000] {spark_submit.py:634} INFO - 24/12/08 14:00:30 WARN Utils: Service 'SparkUI' could not bind on port 4042. Attempting port 4043.
[2024-12-08T14:00:30.147+0000] {spark_submit.py:634} INFO - 24/12/08 14:00:30 INFO Utils: Successfully started service 'SparkUI' on port 4043.
[2024-12-08T14:00:30.351+0000] {spark_submit.py:634} INFO - 24/12/08 14:00:30 INFO SparkContext: Added JAR file:/opt/***/jobs/scala/target/scala-2.12/word-count_2.12-0.1.jar at spark://2a892a3469ec:46605/jars/word-count_2.12-0.1.jar with timestamp 1733666428309
[2024-12-08T14:00:30.895+0000] {spark_submit.py:634} INFO - 24/12/08 14:00:30 INFO StandaloneAppClient$ClientEndpoint: Connecting to master spark://spark-master:7077...
[2024-12-08T14:00:31.058+0000] {spark_submit.py:634} INFO - 24/12/08 14:00:31 INFO TransportClientFactory: Successfully created connection to spark-master/172.18.0.5:7077 after 72 ms (0 ms spent in bootstraps)
[2024-12-08T14:00:31.719+0000] {spark_submit.py:634} INFO - 24/12/08 14:00:31 INFO StandaloneSchedulerBackend: Connected to Spark cluster with app ID app-20241208140031-0000
[2024-12-08T14:00:31.801+0000] {spark_submit.py:634} INFO - 24/12/08 14:00:31 INFO StandaloneAppClient$ClientEndpoint: Executor added: app-20241208140031-0000/0 on worker-20241208140008-172.18.0.6-34549 (172.18.0.6:34549) with 2 core(s)
[2024-12-08T14:00:31.814+0000] {spark_submit.py:634} INFO - 24/12/08 14:00:31 INFO StandaloneSchedulerBackend: Granted executor ID app-20241208140031-0000/0 on hostPort 172.18.0.6:34549 with 2 core(s), 1024.0 MiB RAM
[2024-12-08T14:00:31.900+0000] {spark_submit.py:634} INFO - 24/12/08 14:00:31 INFO Utils: Successfully started service 'org.apache.spark.network.netty.NettyBlockTransferService' on port 40155.
[2024-12-08T14:00:31.907+0000] {spark_submit.py:634} INFO - 24/12/08 14:00:31 INFO NettyBlockTransferService: Server created on 2a892a3469ec:40155
[2024-12-08T14:00:31.915+0000] {spark_submit.py:634} INFO - 24/12/08 14:00:31 INFO BlockManager: Using org.apache.spark.storage.RandomBlockReplicationPolicy for block replication policy
[2024-12-08T14:00:31.948+0000] {spark_submit.py:634} INFO - 24/12/08 14:00:31 INFO BlockManagerMaster: Registering BlockManager BlockManagerId(driver, 2a892a3469ec, 40155, None)
[2024-12-08T14:00:31.971+0000] {spark_submit.py:634} INFO - 24/12/08 14:00:31 INFO BlockManagerMasterEndpoint: Registering block manager 2a892a3469ec:40155 with 434.4 MiB RAM, BlockManagerId(driver, 2a892a3469ec, 40155, None)
[2024-12-08T14:00:31.980+0000] {spark_submit.py:634} INFO - 24/12/08 14:00:31 INFO BlockManagerMaster: Registered BlockManager BlockManagerId(driver, 2a892a3469ec, 40155, None)
[2024-12-08T14:00:31.985+0000] {spark_submit.py:634} INFO - 24/12/08 14:00:31 INFO BlockManager: Initialized BlockManager: BlockManagerId(driver, 2a892a3469ec, 40155, None)
[2024-12-08T14:00:32.412+0000] {spark_submit.py:634} INFO - 24/12/08 14:00:32 INFO StandaloneAppClient$ClientEndpoint: Executor updated: app-20241208140031-0000/0 is now RUNNING
[2024-12-08T14:00:32.772+0000] {spark_submit.py:634} INFO - 24/12/08 14:00:32 INFO StandaloneSchedulerBackend: SchedulerBackend is ready for scheduling beginning after reached minRegisteredResourcesRatio: 0.0
[2024-12-08T14:00:35.077+0000] {spark_submit.py:634} INFO - 24/12/08 14:00:35 INFO SparkContext: Starting job: collect at wordcount.scala:14
[2024-12-08T14:00:37.199+0000] {spark_submit.py:634} INFO - 24/12/08 14:00:37 INFO DAGScheduler: Registering RDD 2 (map at wordcount.scala:11) as input to shuffle 0
[2024-12-08T14:00:37.250+0000] {spark_submit.py:634} INFO - 24/12/08 14:00:37 INFO DAGScheduler: Got job 0 (collect at wordcount.scala:14) with 2 output partitions
[2024-12-08T14:00:37.257+0000] {spark_submit.py:634} INFO - 24/12/08 14:00:37 INFO DAGScheduler: Final stage: ResultStage 1 (collect at wordcount.scala:14)
[2024-12-08T14:00:37.258+0000] {spark_submit.py:634} INFO - 24/12/08 14:00:37 INFO DAGScheduler: Parents of final stage: List(ShuffleMapStage 0)
[2024-12-08T14:00:37.266+0000] {spark_submit.py:634} INFO - 24/12/08 14:00:37 INFO DAGScheduler: Missing parents: List(ShuffleMapStage 0)
[2024-12-08T14:00:37.277+0000] {spark_submit.py:634} INFO - 24/12/08 14:00:37 INFO DAGScheduler: Submitting ShuffleMapStage 0 (MapPartitionsRDD[2] at map at wordcount.scala:11), which has no missing parents
[2024-12-08T14:00:37.574+0000] {spark_submit.py:634} INFO - 24/12/08 14:00:37 INFO MemoryStore: Block broadcast_0 stored as values in memory (estimated size 5.5 KiB, free 434.4 MiB)
[2024-12-08T14:00:37.641+0000] {spark_submit.py:634} INFO - 24/12/08 14:00:37 INFO MemoryStore: Block broadcast_0_piece0 stored as bytes in memory (estimated size 3.2 KiB, free 434.4 MiB)
[2024-12-08T14:00:37.657+0000] {spark_submit.py:634} INFO - 24/12/08 14:00:37 INFO BlockManagerInfo: Added broadcast_0_piece0 in memory on 2a892a3469ec:40155 (size: 3.2 KiB, free: 434.4 MiB)
[2024-12-08T14:00:37.666+0000] {spark_submit.py:634} INFO - 24/12/08 14:00:37 INFO SparkContext: Created broadcast 0 from broadcast at DAGScheduler.scala:1585
[2024-12-08T14:00:37.732+0000] {spark_submit.py:634} INFO - 24/12/08 14:00:37 INFO DAGScheduler: Submitting 2 missing tasks from ShuffleMapStage 0 (MapPartitionsRDD[2] at map at wordcount.scala:11) (first 15 tasks are for partitions Vector(0, 1))
[2024-12-08T14:00:37.735+0000] {spark_submit.py:634} INFO - 24/12/08 14:00:37 INFO TaskSchedulerImpl: Adding task set 0.0 with 2 tasks resource profile 0
[2024-12-08T14:00:42.822+0000] {spark_submit.py:634} INFO - 24/12/08 14:00:42 INFO StandaloneSchedulerBackend$StandaloneDriverEndpoint: Registered executor NettyRpcEndpointRef(spark-client://Executor) (172.18.0.6:41868) with ID 0,  ResourceProfileId 0
[2024-12-08T14:00:42.954+0000] {spark_submit.py:634} INFO - 24/12/08 14:00:42 INFO BlockManagerMasterEndpoint: Registering block manager 172.18.0.6:39585 with 434.4 MiB RAM, BlockManagerId(0, 172.18.0.6, 39585, None)
[2024-12-08T14:00:43.132+0000] {spark_submit.py:634} INFO - 24/12/08 14:00:43 INFO TaskSetManager: Starting task 0.0 in stage 0.0 (TID 0) (172.18.0.6, executor 0, partition 0, PROCESS_LOCAL, 9198 bytes)
[2024-12-08T14:00:43.139+0000] {spark_submit.py:634} INFO - 24/12/08 14:00:43 INFO TaskSetManager: Starting task 1.0 in stage 0.0 (TID 1) (172.18.0.6, executor 0, partition 1, PROCESS_LOCAL, 9213 bytes)
[2024-12-08T14:00:43.499+0000] {spark_submit.py:634} INFO - 24/12/08 14:00:43 INFO BlockManagerInfo: Added broadcast_0_piece0 in memory on 172.18.0.6:39585 (size: 3.2 KiB, free: 434.4 MiB)
[2024-12-08T14:00:44.470+0000] {spark_submit.py:634} INFO - 24/12/08 14:00:44 INFO TaskSetManager: Finished task 0.0 in stage 0.0 (TID 0) in 1361 ms on 172.18.0.6 (executor 0) (1/2)
[2024-12-08T14:00:44.474+0000] {spark_submit.py:634} INFO - 24/12/08 14:00:44 INFO TaskSetManager: Finished task 1.0 in stage 0.0 (TID 1) in 1335 ms on 172.18.0.6 (executor 0) (2/2)
[2024-12-08T14:00:44.475+0000] {spark_submit.py:634} INFO - 24/12/08 14:00:44 INFO TaskSchedulerImpl: Removed TaskSet 0.0, whose tasks have all completed, from pool
[2024-12-08T14:00:44.488+0000] {spark_submit.py:634} INFO - 24/12/08 14:00:44 INFO DAGScheduler: ShuffleMapStage 0 (map at wordcount.scala:11) finished in 7.120 s
[2024-12-08T14:00:44.492+0000] {spark_submit.py:634} INFO - 24/12/08 14:00:44 INFO DAGScheduler: looking for newly runnable stages
[2024-12-08T14:00:44.492+0000] {spark_submit.py:634} INFO - 24/12/08 14:00:44 INFO DAGScheduler: running: Set()
[2024-12-08T14:00:44.493+0000] {spark_submit.py:634} INFO - 24/12/08 14:00:44 INFO DAGScheduler: waiting: Set(ResultStage 1)
[2024-12-08T14:00:44.494+0000] {spark_submit.py:634} INFO - 24/12/08 14:00:44 INFO DAGScheduler: failed: Set()
[2024-12-08T14:00:44.503+0000] {spark_submit.py:634} INFO - 24/12/08 14:00:44 INFO DAGScheduler: Submitting ResultStage 1 (ShuffledRDD[3] at reduceByKey at wordcount.scala:12), which has no missing parents
[2024-12-08T14:00:44.530+0000] {spark_submit.py:634} INFO - 24/12/08 14:00:44 INFO MemoryStore: Block broadcast_1 stored as values in memory (estimated size 5.2 KiB, free 434.4 MiB)
[2024-12-08T14:00:44.534+0000] {spark_submit.py:634} INFO - 24/12/08 14:00:44 INFO MemoryStore: Block broadcast_1_piece0 stored as bytes in memory (estimated size 3.1 KiB, free 434.4 MiB)
[2024-12-08T14:00:44.536+0000] {spark_submit.py:634} INFO - 24/12/08 14:00:44 INFO BlockManagerInfo: Added broadcast_1_piece0 in memory on 2a892a3469ec:40155 (size: 3.1 KiB, free: 434.4 MiB)
[2024-12-08T14:00:44.537+0000] {spark_submit.py:634} INFO - 24/12/08 14:00:44 INFO SparkContext: Created broadcast 1 from broadcast at DAGScheduler.scala:1585
[2024-12-08T14:00:44.539+0000] {spark_submit.py:634} INFO - 24/12/08 14:00:44 INFO DAGScheduler: Submitting 2 missing tasks from ResultStage 1 (ShuffledRDD[3] at reduceByKey at wordcount.scala:12) (first 15 tasks are for partitions Vector(0, 1))
[2024-12-08T14:00:44.540+0000] {spark_submit.py:634} INFO - 24/12/08 14:00:44 INFO TaskSchedulerImpl: Adding task set 1.0 with 2 tasks resource profile 0
[2024-12-08T14:00:44.549+0000] {spark_submit.py:634} INFO - 24/12/08 14:00:44 INFO TaskSetManager: Starting task 0.0 in stage 1.0 (TID 2) (172.18.0.6, executor 0, partition 0, NODE_LOCAL, 9003 bytes)
[2024-12-08T14:00:44.550+0000] {spark_submit.py:634} INFO - 24/12/08 14:00:44 INFO TaskSetManager: Starting task 1.0 in stage 1.0 (TID 3) (172.18.0.6, executor 0, partition 1, NODE_LOCAL, 9003 bytes)
[2024-12-08T14:00:44.593+0000] {spark_submit.py:634} INFO - 24/12/08 14:00:44 INFO BlockManagerInfo: Added broadcast_1_piece0 in memory on 172.18.0.6:39585 (size: 3.1 KiB, free: 434.4 MiB)
[2024-12-08T14:00:44.687+0000] {spark_submit.py:634} INFO - 24/12/08 14:00:44 INFO MapOutputTrackerMasterEndpoint: Asked to send map output locations for shuffle 0 to 172.18.0.6:41868
[2024-12-08T14:00:44.879+0000] {spark_submit.py:634} INFO - 24/12/08 14:00:44 INFO TaskSetManager: Finished task 0.0 in stage 1.0 (TID 2) in 332 ms on 172.18.0.6 (executor 0) (1/2)
[2024-12-08T14:00:44.880+0000] {spark_submit.py:634} INFO - 24/12/08 14:00:44 INFO TaskSetManager: Finished task 1.0 in stage 1.0 (TID 3) in 330 ms on 172.18.0.6 (executor 0) (2/2)
[2024-12-08T14:00:44.881+0000] {spark_submit.py:634} INFO - 24/12/08 14:00:44 INFO TaskSchedulerImpl: Removed TaskSet 1.0, whose tasks have all completed, from pool
[2024-12-08T14:00:44.884+0000] {spark_submit.py:634} INFO - 24/12/08 14:00:44 INFO DAGScheduler: ResultStage 1 (collect at wordcount.scala:14) finished in 0.358 s
[2024-12-08T14:00:44.888+0000] {spark_submit.py:634} INFO - 24/12/08 14:00:44 INFO DAGScheduler: Job 0 is finished. Cancelling potential speculative or zombie tasks for this job
[2024-12-08T14:00:44.888+0000] {spark_submit.py:634} INFO - 24/12/08 14:00:44 INFO TaskSchedulerImpl: Killing all running tasks in stage 1: Stage finished
[2024-12-08T14:00:44.891+0000] {spark_submit.py:634} INFO - 24/12/08 14:00:44 INFO DAGScheduler: Job 0 finished: collect at wordcount.scala:14, took 9.815250 s
[2024-12-08T14:00:44.900+0000] {spark_submit.py:634} INFO - (Hello,5)
[2024-12-08T14:00:44.901+0000] {spark_submit.py:634} INFO - (Yusuf,1)
[2024-12-08T14:00:44.902+0000] {spark_submit.py:634} INFO - (World,1)
[2024-12-08T14:00:44.902+0000] {spark_submit.py:634} INFO - (Scala,1)
[2024-12-08T14:00:44.903+0000] {spark_submit.py:634} INFO - (Docker,1)
[2024-12-08T14:00:44.903+0000] {spark_submit.py:634} INFO - (spark,1)
[2024-12-08T14:00:44.904+0000] {spark_submit.py:634} INFO - 24/12/08 14:00:44 INFO SparkContext: SparkContext is stopping with exitCode 0.
[2024-12-08T14:00:44.921+0000] {spark_submit.py:634} INFO - 24/12/08 14:00:44 INFO SparkUI: Stopped Spark web UI at http://2a892a3469ec:4043
[2024-12-08T14:00:44.927+0000] {spark_submit.py:634} INFO - 24/12/08 14:00:44 INFO StandaloneSchedulerBackend: Shutting down all executors
[2024-12-08T14:00:44.928+0000] {spark_submit.py:634} INFO - 24/12/08 14:00:44 INFO StandaloneSchedulerBackend$StandaloneDriverEndpoint: Asking each executor to shut down
[2024-12-08T14:00:44.968+0000] {spark_submit.py:634} INFO - 24/12/08 14:00:44 INFO MapOutputTrackerMasterEndpoint: MapOutputTrackerMasterEndpoint stopped!
[2024-12-08T14:00:45.003+0000] {spark_submit.py:634} INFO - 24/12/08 14:00:45 INFO MemoryStore: MemoryStore cleared
[2024-12-08T14:00:45.004+0000] {spark_submit.py:634} INFO - 24/12/08 14:00:45 INFO BlockManager: BlockManager stopped
[2024-12-08T14:00:45.021+0000] {spark_submit.py:634} INFO - 24/12/08 14:00:45 INFO BlockManagerMaster: BlockManagerMaster stopped
[2024-12-08T14:00:45.022+0000] {spark_submit.py:634} INFO - 24/12/08 14:00:45 INFO OutputCommitCoordinator$OutputCommitCoordinatorEndpoint: OutputCommitCoordinator stopped!
[2024-12-08T14:00:45.042+0000] {spark_submit.py:634} INFO - 24/12/08 14:00:45 INFO SparkContext: Successfully stopped SparkContext
[2024-12-08T14:00:45.048+0000] {spark_submit.py:634} INFO - 24/12/08 14:00:45 INFO ShutdownHookManager: Shutdown hook called
[2024-12-08T14:00:45.050+0000] {spark_submit.py:634} INFO - 24/12/08 14:00:45 INFO ShutdownHookManager: Deleting directory /tmp/spark-cd1ef048-6128-4611-b799-ab98388d3ccf
[2024-12-08T14:00:45.058+0000] {spark_submit.py:634} INFO - 24/12/08 14:00:45 INFO ShutdownHookManager: Deleting directory /tmp/spark-2eff9b58-48e0-4b01-8b3c-307c0099b403
[2024-12-08T14:00:45.187+0000] {taskinstance.py:340} INFO - ::group::Post task execution logs
[2024-12-08T14:00:45.189+0000] {taskinstance.py:352} INFO - Marking task as SUCCESS. dag_id=sparking_flow, task_id=scala_job, run_id=scheduled__2024-12-07T00:00:00+00:00, execution_date=20241207T000000, start_date=20241208T140021, end_date=20241208T140045
[2024-12-08T14:00:45.246+0000] {local_task_job_runner.py:266} INFO - Task exited with return code 0
[2024-12-08T14:00:45.321+0000] {taskinstance.py:3895} INFO - 0 downstream tasks scheduled from follow-on schedule check
[2024-12-08T14:00:45.324+0000] {local_task_job_runner.py:245} INFO - ::endgroup::
