[2024-12-08T16:27:05.730+0000] {local_task_job_runner.py:123} INFO - ::group::Pre task execution logs
[2024-12-08T16:27:05.746+0000] {taskinstance.py:2613} INFO - Dependencies all met for dep_context=non-requeueable deps ti=<TaskInstance: sparking_flow.scala_job manual__2024-12-08T16:27:04.316619+00:00 [queued]>
[2024-12-08T16:27:05.757+0000] {taskinstance.py:2613} INFO - Dependencies all met for dep_context=requeueable deps ti=<TaskInstance: sparking_flow.scala_job manual__2024-12-08T16:27:04.316619+00:00 [queued]>
[2024-12-08T16:27:05.759+0000] {taskinstance.py:2866} INFO - Starting attempt 1 of 1
[2024-12-08T16:27:05.769+0000] {taskinstance.py:2889} INFO - Executing <Task(SparkSubmitOperator): scala_job> on 2024-12-08 16:27:04.316619+00:00
[2024-12-08T16:27:05.777+0000] {standard_task_runner.py:104} INFO - Running: ['***', 'tasks', 'run', 'sparking_flow', 'scala_job', 'manual__2024-12-08T16:27:04.316619+00:00', '--job-id', '209', '--raw', '--subdir', 'DAGS_FOLDER/spark_***.py', '--cfg-path', '/tmp/tmp4hg8s7hz']
[2024-12-08T16:27:05.781+0000] {logging_mixin.py:190} WARNING - /home/***/.local/lib/python3.12/site-packages/***/task/task_runner/standard_task_runner.py:70 DeprecationWarning: This process (pid=185) is multi-threaded, use of fork() may lead to deadlocks in the child.
[2024-12-08T16:27:05.782+0000] {standard_task_runner.py:105} INFO - Job 209: Subtask scala_job
[2024-12-08T16:27:05.782+0000] {standard_task_runner.py:72} INFO - Started process 191 to run task
[2024-12-08T16:27:05.833+0000] {task_command.py:467} INFO - Running <TaskInstance: sparking_flow.scala_job manual__2024-12-08T16:27:04.316619+00:00 [running]> on host 2a892a3469ec
[2024-12-08T16:27:05.908+0000] {taskinstance.py:3132} INFO - Exporting env vars: AIRFLOW_CTX_DAG_OWNER='Yusuf Ganiyu' AIRFLOW_CTX_DAG_ID='sparking_flow' AIRFLOW_CTX_TASK_ID='scala_job' AIRFLOW_CTX_EXECUTION_DATE='2024-12-08T16:27:04.316619+00:00' AIRFLOW_CTX_TRY_NUMBER='1' AIRFLOW_CTX_DAG_RUN_ID='manual__2024-12-08T16:27:04.316619+00:00'
[2024-12-08T16:27:05.908+0000] {taskinstance.py:731} INFO - ::endgroup::
[2024-12-08T16:27:05.934+0000] {base.py:84} INFO - Retrieving connection 'spark-conn'
[2024-12-08T16:27:05.936+0000] {spark_submit.py:473} INFO - Spark-Submit cmd: spark-submit --master spark://sparkingflow-spark-master-1:7077 --name arrow-spark --deploy-mode client jobs/scala/target/scala-2.12/word-count_2.12-0.1.jar
[2024-12-08T16:27:09.073+0000] {spark_submit.py:634} INFO - 24/12/08 16:27:09 WARN NativeCodeLoader: Unable to load native-hadoop library for your platform... using builtin-java classes where applicable
[2024-12-08T16:27:09.566+0000] {spark_submit.py:634} INFO - 24/12/08 16:27:09 INFO SparkContext: Running Spark version 3.5.3
[2024-12-08T16:27:09.568+0000] {spark_submit.py:634} INFO - 24/12/08 16:27:09 INFO SparkContext: OS info Linux, 6.10.14-linuxkit, aarch64
[2024-12-08T16:27:09.568+0000] {spark_submit.py:634} INFO - 24/12/08 16:27:09 INFO SparkContext: Java version 17.0.13
[2024-12-08T16:27:09.620+0000] {spark_submit.py:634} INFO - 24/12/08 16:27:09 INFO ResourceUtils: ==============================================================
[2024-12-08T16:27:09.621+0000] {spark_submit.py:634} INFO - 24/12/08 16:27:09 INFO ResourceUtils: No custom resources configured for spark.driver.
[2024-12-08T16:27:09.621+0000] {spark_submit.py:634} INFO - 24/12/08 16:27:09 INFO ResourceUtils: ==============================================================
[2024-12-08T16:27:09.622+0000] {spark_submit.py:634} INFO - 24/12/08 16:27:09 INFO SparkContext: Submitted application: Word Count
[2024-12-08T16:27:09.662+0000] {spark_submit.py:634} INFO - 24/12/08 16:27:09 INFO ResourceProfile: Default ResourceProfile created, executor resources: Map(memory -> name: memory, amount: 1024, script: , vendor: , offHeap -> name: offHeap, amount: 0, script: , vendor: ), task resources: Map(cpus -> name: cpus, amount: 1.0)
[2024-12-08T16:27:09.675+0000] {spark_submit.py:634} INFO - 24/12/08 16:27:09 INFO ResourceProfile: Limiting resource is cpu
[2024-12-08T16:27:09.676+0000] {spark_submit.py:634} INFO - 24/12/08 16:27:09 INFO ResourceProfileManager: Added ResourceProfile id: 0
[2024-12-08T16:27:09.744+0000] {spark_submit.py:634} INFO - 24/12/08 16:27:09 INFO SecurityManager: Changing view acls to: ***
[2024-12-08T16:27:09.745+0000] {spark_submit.py:634} INFO - 24/12/08 16:27:09 INFO SecurityManager: Changing modify acls to: ***
[2024-12-08T16:27:09.745+0000] {spark_submit.py:634} INFO - 24/12/08 16:27:09 INFO SecurityManager: Changing view acls groups to:
[2024-12-08T16:27:09.746+0000] {spark_submit.py:634} INFO - 24/12/08 16:27:09 INFO SecurityManager: Changing modify acls groups to:
[2024-12-08T16:27:09.746+0000] {spark_submit.py:634} INFO - 24/12/08 16:27:09 INFO SecurityManager: SecurityManager: authentication disabled; ui acls disabled; users with view permissions: ***; groups with view permissions: EMPTY; users with modify permissions: ***; groups with modify permissions: EMPTY
[2024-12-08T16:27:10.129+0000] {spark_submit.py:634} INFO - 24/12/08 16:27:10 INFO Utils: Successfully started service 'sparkDriver' on port 46583.
[2024-12-08T16:27:10.167+0000] {spark_submit.py:634} INFO - 24/12/08 16:27:10 INFO SparkEnv: Registering MapOutputTracker
[2024-12-08T16:27:10.251+0000] {spark_submit.py:634} INFO - 24/12/08 16:27:10 INFO SparkEnv: Registering BlockManagerMaster
[2024-12-08T16:27:10.271+0000] {spark_submit.py:634} INFO - 24/12/08 16:27:10 INFO BlockManagerMasterEndpoint: Using org.apache.spark.storage.DefaultTopologyMapper for getting topology information
[2024-12-08T16:27:10.278+0000] {spark_submit.py:634} INFO - 24/12/08 16:27:10 INFO BlockManagerMasterEndpoint: BlockManagerMasterEndpoint up
[2024-12-08T16:27:10.279+0000] {spark_submit.py:634} INFO - 24/12/08 16:27:10 INFO SparkEnv: Registering BlockManagerMasterHeartbeat
[2024-12-08T16:27:10.302+0000] {spark_submit.py:634} INFO - 24/12/08 16:27:10 INFO DiskBlockManager: Created local directory at /tmp/blockmgr-cb4dc809-a202-46f1-94b2-806ee18e8801
[2024-12-08T16:27:10.327+0000] {spark_submit.py:634} INFO - 24/12/08 16:27:10 INFO MemoryStore: MemoryStore started with capacity 434.4 MiB
[2024-12-08T16:27:10.346+0000] {spark_submit.py:634} INFO - 24/12/08 16:27:10 INFO SparkEnv: Registering OutputCommitCoordinator
[2024-12-08T16:27:10.504+0000] {spark_submit.py:634} INFO - 24/12/08 16:27:10 INFO JettyUtils: Start Jetty 0.0.0.0:4040 for SparkUI
[2024-12-08T16:27:10.581+0000] {spark_submit.py:634} INFO - 24/12/08 16:27:10 WARN Utils: Service 'SparkUI' could not bind on port 4040. Attempting port 4041.
[2024-12-08T16:27:10.590+0000] {spark_submit.py:634} INFO - 24/12/08 16:27:10 INFO Utils: Successfully started service 'SparkUI' on port 4041.
[2024-12-08T16:27:10.636+0000] {spark_submit.py:634} INFO - 24/12/08 16:27:10 INFO SparkContext: Added JAR file:/opt/***/jobs/scala/target/scala-2.12/word-count_2.12-0.1.jar at spark://2a892a3469ec:46583/jars/word-count_2.12-0.1.jar with timestamp 1733675229552
[2024-12-08T16:27:10.757+0000] {spark_submit.py:634} INFO - 24/12/08 16:27:10 INFO StandaloneAppClient$ClientEndpoint: Connecting to master spark://spark-master:7077...
[2024-12-08T16:27:10.911+0000] {spark_submit.py:634} INFO - 24/12/08 16:27:10 INFO TransportClientFactory: Successfully created connection to spark-master/172.18.0.5:7077 after 94 ms (0 ms spent in bootstraps)
[2024-12-08T16:27:11.246+0000] {spark_submit.py:634} INFO - 24/12/08 16:27:11 INFO StandaloneSchedulerBackend: Connected to Spark cluster with app ID app-20241208162711-0000
[2024-12-08T16:27:11.265+0000] {spark_submit.py:634} INFO - 24/12/08 16:27:11 INFO Utils: Successfully started service 'org.apache.spark.network.netty.NettyBlockTransferService' on port 46007.
[2024-12-08T16:27:11.265+0000] {spark_submit.py:634} INFO - 24/12/08 16:27:11 INFO NettyBlockTransferService: Server created on 2a892a3469ec:46007
[2024-12-08T16:27:11.266+0000] {spark_submit.py:634} INFO - 24/12/08 16:27:11 INFO BlockManager: Using org.apache.spark.storage.RandomBlockReplicationPolicy for block replication policy
[2024-12-08T16:27:11.274+0000] {spark_submit.py:634} INFO - 24/12/08 16:27:11 INFO BlockManagerMaster: Registering BlockManager BlockManagerId(driver, 2a892a3469ec, 46007, None)
[2024-12-08T16:27:11.279+0000] {spark_submit.py:634} INFO - 24/12/08 16:27:11 INFO BlockManagerMasterEndpoint: Registering block manager 2a892a3469ec:46007 with 434.4 MiB RAM, BlockManagerId(driver, 2a892a3469ec, 46007, None)
[2024-12-08T16:27:11.284+0000] {spark_submit.py:634} INFO - 24/12/08 16:27:11 INFO BlockManagerMaster: Registered BlockManager BlockManagerId(driver, 2a892a3469ec, 46007, None)
[2024-12-08T16:27:11.289+0000] {spark_submit.py:634} INFO - 24/12/08 16:27:11 INFO BlockManager: Initialized BlockManager: BlockManagerId(driver, 2a892a3469ec, 46007, None)
[2024-12-08T16:27:11.303+0000] {spark_submit.py:634} INFO - 24/12/08 16:27:11 INFO StandaloneAppClient$ClientEndpoint: Executor added: app-20241208162711-0000/0 on worker-20241208162651-172.18.0.7-36711 (172.18.0.7:36711) with 2 core(s)
[2024-12-08T16:27:11.307+0000] {spark_submit.py:634} INFO - 24/12/08 16:27:11 INFO StandaloneSchedulerBackend: Granted executor ID app-20241208162711-0000/0 on hostPort 172.18.0.7:36711 with 2 core(s), 1024.0 MiB RAM
[2024-12-08T16:27:11.659+0000] {spark_submit.py:634} INFO - 24/12/08 16:27:11 INFO StandaloneAppClient$ClientEndpoint: Executor updated: app-20241208162711-0000/0 is now RUNNING
[2024-12-08T16:27:11.681+0000] {spark_submit.py:634} INFO - 24/12/08 16:27:11 INFO StandaloneSchedulerBackend: SchedulerBackend is ready for scheduling beginning after reached minRegisteredResourcesRatio: 0.0
[2024-12-08T16:27:12.421+0000] {spark_submit.py:634} INFO - 24/12/08 16:27:12 INFO SparkContext: Starting job: collect at wordcount.scala:14
[2024-12-08T16:27:13.063+0000] {spark_submit.py:634} INFO - 24/12/08 16:27:13 INFO DAGScheduler: Registering RDD 2 (map at wordcount.scala:11) as input to shuffle 0
[2024-12-08T16:27:13.072+0000] {spark_submit.py:634} INFO - 24/12/08 16:27:13 INFO DAGScheduler: Got job 0 (collect at wordcount.scala:14) with 2 output partitions
[2024-12-08T16:27:13.086+0000] {spark_submit.py:634} INFO - 24/12/08 16:27:13 INFO DAGScheduler: Final stage: ResultStage 1 (collect at wordcount.scala:14)
[2024-12-08T16:27:13.089+0000] {spark_submit.py:634} INFO - 24/12/08 16:27:13 INFO DAGScheduler: Parents of final stage: List(ShuffleMapStage 0)
[2024-12-08T16:27:13.092+0000] {spark_submit.py:634} INFO - 24/12/08 16:27:13 INFO DAGScheduler: Missing parents: List(ShuffleMapStage 0)
[2024-12-08T16:27:13.106+0000] {spark_submit.py:634} INFO - 24/12/08 16:27:13 INFO DAGScheduler: Submitting ShuffleMapStage 0 (MapPartitionsRDD[2] at map at wordcount.scala:11), which has no missing parents
[2024-12-08T16:27:13.266+0000] {spark_submit.py:634} INFO - 24/12/08 16:27:13 INFO MemoryStore: Block broadcast_0 stored as values in memory (estimated size 5.5 KiB, free 434.4 MiB)
[2024-12-08T16:27:13.315+0000] {spark_submit.py:634} INFO - 24/12/08 16:27:13 INFO MemoryStore: Block broadcast_0_piece0 stored as bytes in memory (estimated size 3.2 KiB, free 434.4 MiB)
[2024-12-08T16:27:13.320+0000] {spark_submit.py:634} INFO - 24/12/08 16:27:13 INFO BlockManagerInfo: Added broadcast_0_piece0 in memory on 2a892a3469ec:46007 (size: 3.2 KiB, free: 434.4 MiB)
[2024-12-08T16:27:13.325+0000] {spark_submit.py:634} INFO - 24/12/08 16:27:13 INFO SparkContext: Created broadcast 0 from broadcast at DAGScheduler.scala:1585
[2024-12-08T16:27:13.359+0000] {spark_submit.py:634} INFO - 24/12/08 16:27:13 INFO DAGScheduler: Submitting 2 missing tasks from ShuffleMapStage 0 (MapPartitionsRDD[2] at map at wordcount.scala:11) (first 15 tasks are for partitions Vector(0, 1))
[2024-12-08T16:27:13.360+0000] {spark_submit.py:634} INFO - 24/12/08 16:27:13 INFO TaskSchedulerImpl: Adding task set 0.0 with 2 tasks resource profile 0
[2024-12-08T16:27:14.560+0000] {spark_submit.py:634} INFO - 24/12/08 16:27:14 INFO StandaloneSchedulerBackend$StandaloneDriverEndpoint: Registered executor NettyRpcEndpointRef(spark-client://Executor) (172.18.0.7:56104) with ID 0,  ResourceProfileId 0
[2024-12-08T16:27:14.603+0000] {spark_submit.py:634} INFO - 24/12/08 16:27:14 INFO BlockManagerMasterEndpoint: Registering block manager 172.18.0.7:46699 with 434.4 MiB RAM, BlockManagerId(0, 172.18.0.7, 46699, None)
[2024-12-08T16:27:14.692+0000] {spark_submit.py:634} INFO - 24/12/08 16:27:14 INFO TaskSetManager: Starting task 0.0 in stage 0.0 (TID 0) (172.18.0.7, executor 0, partition 0, PROCESS_LOCAL, 9198 bytes)
[2024-12-08T16:27:14.695+0000] {spark_submit.py:634} INFO - 24/12/08 16:27:14 INFO TaskSetManager: Starting task 1.0 in stage 0.0 (TID 1) (172.18.0.7, executor 0, partition 1, PROCESS_LOCAL, 9213 bytes)
[2024-12-08T16:27:14.882+0000] {spark_submit.py:634} INFO - 24/12/08 16:27:14 INFO BlockManagerInfo: Added broadcast_0_piece0 in memory on 172.18.0.7:46699 (size: 3.2 KiB, free: 434.4 MiB)
[2024-12-08T16:27:15.315+0000] {spark_submit.py:634} INFO - 24/12/08 16:27:15 INFO TaskSetManager: Finished task 0.0 in stage 0.0 (TID 0) in 632 ms on 172.18.0.7 (executor 0) (1/2)
[2024-12-08T16:27:15.315+0000] {spark_submit.py:634} INFO - 24/12/08 16:27:15 INFO TaskSetManager: Finished task 1.0 in stage 0.0 (TID 1) in 620 ms on 172.18.0.7 (executor 0) (2/2)
[2024-12-08T16:27:15.316+0000] {spark_submit.py:634} INFO - 24/12/08 16:27:15 INFO TaskSchedulerImpl: Removed TaskSet 0.0, whose tasks have all completed, from pool
[2024-12-08T16:27:15.320+0000] {spark_submit.py:634} INFO - 24/12/08 16:27:15 INFO DAGScheduler: ShuffleMapStage 0 (map at wordcount.scala:11) finished in 2.155 s
[2024-12-08T16:27:15.321+0000] {spark_submit.py:634} INFO - 24/12/08 16:27:15 INFO DAGScheduler: looking for newly runnable stages
[2024-12-08T16:27:15.321+0000] {spark_submit.py:634} INFO - 24/12/08 16:27:15 INFO DAGScheduler: running: Set()
[2024-12-08T16:27:15.322+0000] {spark_submit.py:634} INFO - 24/12/08 16:27:15 INFO DAGScheduler: waiting: Set(ResultStage 1)
[2024-12-08T16:27:15.322+0000] {spark_submit.py:634} INFO - 24/12/08 16:27:15 INFO DAGScheduler: failed: Set()
[2024-12-08T16:27:15.323+0000] {spark_submit.py:634} INFO - 24/12/08 16:27:15 INFO DAGScheduler: Submitting ResultStage 1 (ShuffledRDD[3] at reduceByKey at wordcount.scala:12), which has no missing parents
[2024-12-08T16:27:15.330+0000] {spark_submit.py:634} INFO - 24/12/08 16:27:15 INFO MemoryStore: Block broadcast_1 stored as values in memory (estimated size 5.2 KiB, free 434.4 MiB)
[2024-12-08T16:27:15.331+0000] {spark_submit.py:634} INFO - 24/12/08 16:27:15 INFO MemoryStore: Block broadcast_1_piece0 stored as bytes in memory (estimated size 3.1 KiB, free 434.4 MiB)
[2024-12-08T16:27:15.332+0000] {spark_submit.py:634} INFO - 24/12/08 16:27:15 INFO BlockManagerInfo: Added broadcast_1_piece0 in memory on 2a892a3469ec:46007 (size: 3.1 KiB, free: 434.4 MiB)
[2024-12-08T16:27:15.333+0000] {spark_submit.py:634} INFO - 24/12/08 16:27:15 INFO SparkContext: Created broadcast 1 from broadcast at DAGScheduler.scala:1585
[2024-12-08T16:27:15.334+0000] {spark_submit.py:634} INFO - 24/12/08 16:27:15 INFO DAGScheduler: Submitting 2 missing tasks from ResultStage 1 (ShuffledRDD[3] at reduceByKey at wordcount.scala:12) (first 15 tasks are for partitions Vector(0, 1))
[2024-12-08T16:27:15.334+0000] {spark_submit.py:634} INFO - 24/12/08 16:27:15 INFO TaskSchedulerImpl: Adding task set 1.0 with 2 tasks resource profile 0
[2024-12-08T16:27:15.338+0000] {spark_submit.py:634} INFO - 24/12/08 16:27:15 INFO TaskSetManager: Starting task 0.0 in stage 1.0 (TID 2) (172.18.0.7, executor 0, partition 0, NODE_LOCAL, 9003 bytes)
[2024-12-08T16:27:15.339+0000] {spark_submit.py:634} INFO - 24/12/08 16:27:15 INFO TaskSetManager: Starting task 1.0 in stage 1.0 (TID 3) (172.18.0.7, executor 0, partition 1, NODE_LOCAL, 9003 bytes)
[2024-12-08T16:27:15.362+0000] {spark_submit.py:634} INFO - 24/12/08 16:27:15 INFO BlockManagerInfo: Added broadcast_1_piece0 in memory on 172.18.0.7:46699 (size: 3.1 KiB, free: 434.4 MiB)
[2024-12-08T16:27:15.617+0000] {spark_submit.py:634} INFO - 24/12/08 16:27:15 INFO MapOutputTrackerMasterEndpoint: Asked to send map output locations for shuffle 0 to 172.18.0.7:56104
[2024-12-08T16:27:15.793+0000] {spark_submit.py:634} INFO - 24/12/08 16:27:15 INFO TaskSetManager: Finished task 0.0 in stage 1.0 (TID 2) in 456 ms on 172.18.0.7 (executor 0) (1/2)
[2024-12-08T16:27:15.800+0000] {spark_submit.py:634} INFO - 24/12/08 16:27:15 INFO TaskSetManager: Finished task 1.0 in stage 1.0 (TID 3) in 462 ms on 172.18.0.7 (executor 0) (2/2)
[2024-12-08T16:27:15.801+0000] {spark_submit.py:634} INFO - 24/12/08 16:27:15 INFO TaskSchedulerImpl: Removed TaskSet 1.0, whose tasks have all completed, from pool
[2024-12-08T16:27:15.803+0000] {spark_submit.py:634} INFO - 24/12/08 16:27:15 INFO DAGScheduler: ResultStage 1 (collect at wordcount.scala:14) finished in 0.473 s
[2024-12-08T16:27:15.809+0000] {spark_submit.py:634} INFO - 24/12/08 16:27:15 INFO DAGScheduler: Job 0 is finished. Cancelling potential speculative or zombie tasks for this job
[2024-12-08T16:27:15.810+0000] {spark_submit.py:634} INFO - 24/12/08 16:27:15 INFO TaskSchedulerImpl: Killing all running tasks in stage 1: Stage finished
[2024-12-08T16:27:15.814+0000] {spark_submit.py:634} INFO - 24/12/08 16:27:15 INFO DAGScheduler: Job 0 finished: collect at wordcount.scala:14, took 3.392860 s
[2024-12-08T16:27:15.822+0000] {spark_submit.py:634} INFO - (Hello,5)
[2024-12-08T16:27:15.824+0000] {spark_submit.py:634} INFO - (Yusuf,1)
[2024-12-08T16:27:15.825+0000] {spark_submit.py:634} INFO - (World,1)
[2024-12-08T16:27:15.825+0000] {spark_submit.py:634} INFO - (Scala,1)
[2024-12-08T16:27:15.826+0000] {spark_submit.py:634} INFO - (Docker,1)
[2024-12-08T16:27:15.831+0000] {spark_submit.py:634} INFO - (spark,1)
[2024-12-08T16:27:15.832+0000] {spark_submit.py:634} INFO - 24/12/08 16:27:15 INFO SparkContext: SparkContext is stopping with exitCode 0.
[2024-12-08T16:27:15.845+0000] {spark_submit.py:634} INFO - 24/12/08 16:27:15 INFO SparkUI: Stopped Spark web UI at http://2a892a3469ec:4041
[2024-12-08T16:27:15.852+0000] {spark_submit.py:634} INFO - 24/12/08 16:27:15 INFO StandaloneSchedulerBackend: Shutting down all executors
[2024-12-08T16:27:15.854+0000] {spark_submit.py:634} INFO - 24/12/08 16:27:15 INFO StandaloneSchedulerBackend$StandaloneDriverEndpoint: Asking each executor to shut down
[2024-12-08T16:27:15.894+0000] {spark_submit.py:634} INFO - 24/12/08 16:27:15 INFO MapOutputTrackerMasterEndpoint: MapOutputTrackerMasterEndpoint stopped!
[2024-12-08T16:27:15.946+0000] {spark_submit.py:634} INFO - 24/12/08 16:27:15 INFO MemoryStore: MemoryStore cleared
[2024-12-08T16:27:15.949+0000] {spark_submit.py:634} INFO - 24/12/08 16:27:15 INFO BlockManager: BlockManager stopped
[2024-12-08T16:27:15.970+0000] {spark_submit.py:634} INFO - 24/12/08 16:27:15 INFO BlockManagerMaster: BlockManagerMaster stopped
[2024-12-08T16:27:15.971+0000] {spark_submit.py:634} INFO - 24/12/08 16:27:15 INFO OutputCommitCoordinator$OutputCommitCoordinatorEndpoint: OutputCommitCoordinator stopped!
[2024-12-08T16:27:16.006+0000] {spark_submit.py:634} INFO - 24/12/08 16:27:16 INFO SparkContext: Successfully stopped SparkContext
[2024-12-08T16:27:16.012+0000] {spark_submit.py:634} INFO - 24/12/08 16:27:16 INFO ShutdownHookManager: Shutdown hook called
[2024-12-08T16:27:16.013+0000] {spark_submit.py:634} INFO - 24/12/08 16:27:16 INFO ShutdownHookManager: Deleting directory /tmp/spark-0cdff32e-6963-4a07-9d44-9b7efe4e3f40
[2024-12-08T16:27:16.024+0000] {spark_submit.py:634} INFO - 24/12/08 16:27:16 INFO ShutdownHookManager: Deleting directory /tmp/spark-3caacdae-8c59-40ea-85a7-e4e7bf776033
[2024-12-08T16:27:16.113+0000] {taskinstance.py:340} INFO - ::group::Post task execution logs
[2024-12-08T16:27:16.113+0000] {taskinstance.py:352} INFO - Marking task as SUCCESS. dag_id=sparking_flow, task_id=scala_job, run_id=manual__2024-12-08T16:27:04.316619+00:00, execution_date=20241208T162704, start_date=20241208T162705, end_date=20241208T162716
[2024-12-08T16:27:16.134+0000] {local_task_job_runner.py:266} INFO - Task exited with return code 0
[2024-12-08T16:27:16.153+0000] {taskinstance.py:3895} INFO - 0 downstream tasks scheduled from follow-on schedule check
[2024-12-08T16:27:16.154+0000] {local_task_job_runner.py:245} INFO - ::endgroup::
