[2024-12-09T11:56:51.316+0000] {local_task_job_runner.py:123} INFO - ::group::Pre task execution logs
[2024-12-09T11:56:51.329+0000] {taskinstance.py:2613} INFO - Dependencies all met for dep_context=non-requeueable deps ti=<TaskInstance: sparking_flow.java_job manual__2024-12-09T11:56:49.763503+00:00 [queued]>
[2024-12-09T11:56:51.335+0000] {taskinstance.py:2613} INFO - Dependencies all met for dep_context=requeueable deps ti=<TaskInstance: sparking_flow.java_job manual__2024-12-09T11:56:49.763503+00:00 [queued]>
[2024-12-09T11:56:51.336+0000] {taskinstance.py:2866} INFO - Starting attempt 1 of 1
[2024-12-09T11:56:51.346+0000] {taskinstance.py:2889} INFO - Executing <Task(SparkSubmitOperator): java_job> on 2024-12-09 11:56:49.763503+00:00
[2024-12-09T11:56:51.354+0000] {logging_mixin.py:190} WARNING - /home/***/.local/lib/python3.12/site-packages/***/task/task_runner/standard_task_runner.py:70 DeprecationWarning: This process (pid=186) is multi-threaded, use of fork() may lead to deadlocks in the child.
[2024-12-09T11:56:51.356+0000] {standard_task_runner.py:72} INFO - Started process 191 to run task
[2024-12-09T11:56:51.357+0000] {standard_task_runner.py:104} INFO - Running: ['***', 'tasks', 'run', 'sparking_flow', 'java_job', 'manual__2024-12-09T11:56:49.763503+00:00', '--job-id', '377', '--raw', '--subdir', 'DAGS_FOLDER/spark_***.py', '--cfg-path', '/tmp/tmpyheiqpmh']
[2024-12-09T11:56:51.359+0000] {standard_task_runner.py:105} INFO - Job 377: Subtask java_job
[2024-12-09T11:56:51.412+0000] {task_command.py:467} INFO - Running <TaskInstance: sparking_flow.java_job manual__2024-12-09T11:56:49.763503+00:00 [running]> on host 2a892a3469ec
[2024-12-09T11:56:51.489+0000] {taskinstance.py:3132} INFO - Exporting env vars: AIRFLOW_CTX_DAG_OWNER='Yusuf Ganiyu' AIRFLOW_CTX_DAG_ID='sparking_flow' AIRFLOW_CTX_TASK_ID='java_job' AIRFLOW_CTX_EXECUTION_DATE='2024-12-09T11:56:49.763503+00:00' AIRFLOW_CTX_TRY_NUMBER='1' AIRFLOW_CTX_DAG_RUN_ID='manual__2024-12-09T11:56:49.763503+00:00'
[2024-12-09T11:56:51.490+0000] {taskinstance.py:731} INFO - ::endgroup::
[2024-12-09T11:56:51.513+0000] {base.py:84} INFO - Retrieving connection 'spark-conn'
[2024-12-09T11:56:51.514+0000] {spark_submit.py:473} INFO - Spark-Submit cmd: spark-submit --master spark://sparkingflow-spark-master-1:7077 --name arrow-spark --class com.airscholar.spark.WordCountJob --deploy-mode client jobs/java/spark-job/target/spark-job-1.0-SNAPSHOT.jar
[2024-12-09T11:56:54.487+0000] {spark_submit.py:634} INFO - 24/12/09 11:56:54 INFO SparkContext: Running Spark version 3.5.3
[2024-12-09T11:56:54.491+0000] {spark_submit.py:634} INFO - 24/12/09 11:56:54 INFO SparkContext: OS info Linux, 6.10.14-linuxkit, aarch64
[2024-12-09T11:56:54.493+0000] {spark_submit.py:634} INFO - 24/12/09 11:56:54 INFO SparkContext: Java version 17.0.13
[2024-12-09T11:56:54.596+0000] {spark_submit.py:634} INFO - 24/12/09 11:56:54 WARN NativeCodeLoader: Unable to load native-hadoop library for your platform... using builtin-java classes where applicable
[2024-12-09T11:56:54.714+0000] {spark_submit.py:634} INFO - 24/12/09 11:56:54 INFO ResourceUtils: ==============================================================
[2024-12-09T11:56:54.717+0000] {spark_submit.py:634} INFO - 24/12/09 11:56:54 INFO ResourceUtils: No custom resources configured for spark.driver.
[2024-12-09T11:56:54.717+0000] {spark_submit.py:634} INFO - 24/12/09 11:56:54 INFO ResourceUtils: ==============================================================
[2024-12-09T11:56:54.718+0000] {spark_submit.py:634} INFO - 24/12/09 11:56:54 INFO SparkContext: Submitted application: Word Count Job
[2024-12-09T11:56:54.756+0000] {spark_submit.py:634} INFO - 24/12/09 11:56:54 INFO ResourceProfile: Default ResourceProfile created, executor resources: Map(cores -> name: cores, amount: 1, script: , vendor: , memory -> name: memory, amount: 1024, script: , vendor: , offHeap -> name: offHeap, amount: 0, script: , vendor: ), task resources: Map(cpus -> name: cpus, amount: 1.0)
[2024-12-09T11:56:54.770+0000] {spark_submit.py:634} INFO - 24/12/09 11:56:54 INFO ResourceProfile: Limiting resource is cpu
[2024-12-09T11:56:54.771+0000] {spark_submit.py:634} INFO - 24/12/09 11:56:54 INFO ResourceProfileManager: Added ResourceProfile id: 0
[2024-12-09T11:56:54.843+0000] {spark_submit.py:634} INFO - 24/12/09 11:56:54 INFO SecurityManager: Changing view acls to: ***
[2024-12-09T11:56:54.844+0000] {spark_submit.py:634} INFO - 24/12/09 11:56:54 INFO SecurityManager: Changing modify acls to: ***
[2024-12-09T11:56:54.845+0000] {spark_submit.py:634} INFO - 24/12/09 11:56:54 INFO SecurityManager: Changing view acls groups to:
[2024-12-09T11:56:54.845+0000] {spark_submit.py:634} INFO - 24/12/09 11:56:54 INFO SecurityManager: Changing modify acls groups to:
[2024-12-09T11:56:54.846+0000] {spark_submit.py:634} INFO - 24/12/09 11:56:54 INFO SecurityManager: SecurityManager: authentication disabled; ui acls disabled; users with view permissions: ***; groups with view permissions: EMPTY; users with modify permissions: ***; groups with modify permissions: EMPTY
[2024-12-09T11:56:55.223+0000] {spark_submit.py:634} INFO - 24/12/09 11:56:55 INFO Utils: Successfully started service 'sparkDriver' on port 43749.
[2024-12-09T11:56:55.268+0000] {spark_submit.py:634} INFO - 24/12/09 11:56:55 INFO SparkEnv: Registering MapOutputTracker
[2024-12-09T11:56:55.331+0000] {spark_submit.py:634} INFO - 24/12/09 11:56:55 INFO SparkEnv: Registering BlockManagerMaster
[2024-12-09T11:56:55.356+0000] {spark_submit.py:634} INFO - 24/12/09 11:56:55 INFO BlockManagerMasterEndpoint: Using org.apache.spark.storage.DefaultTopologyMapper for getting topology information
[2024-12-09T11:56:55.357+0000] {spark_submit.py:634} INFO - 24/12/09 11:56:55 INFO BlockManagerMasterEndpoint: BlockManagerMasterEndpoint up
[2024-12-09T11:56:55.363+0000] {spark_submit.py:634} INFO - 24/12/09 11:56:55 INFO SparkEnv: Registering BlockManagerMasterHeartbeat
[2024-12-09T11:56:55.393+0000] {spark_submit.py:634} INFO - 24/12/09 11:56:55 INFO DiskBlockManager: Created local directory at /tmp/blockmgr-14ac951c-4ee2-40b5-aa46-0d079b02207c
[2024-12-09T11:56:55.408+0000] {spark_submit.py:634} INFO - 24/12/09 11:56:55 INFO MemoryStore: MemoryStore started with capacity 434.4 MiB
[2024-12-09T11:56:55.428+0000] {spark_submit.py:634} INFO - 24/12/09 11:56:55 INFO SparkEnv: Registering OutputCommitCoordinator
[2024-12-09T11:56:55.630+0000] {spark_submit.py:634} INFO - 24/12/09 11:56:55 INFO JettyUtils: Start Jetty 0.0.0.0:4040 for SparkUI
[2024-12-09T11:56:55.701+0000] {spark_submit.py:634} INFO - 24/12/09 11:56:55 INFO Utils: Successfully started service 'SparkUI' on port 4040.
[2024-12-09T11:56:55.752+0000] {spark_submit.py:634} INFO - 24/12/09 11:56:55 INFO SparkContext: Added JAR file:/opt/***/jobs/java/spark-job/target/spark-job-1.0-SNAPSHOT.jar at spark://2a892a3469ec:43749/jars/spark-job-1.0-SNAPSHOT.jar with timestamp 1733745414468
[2024-12-09T11:56:55.865+0000] {spark_submit.py:634} INFO - 24/12/09 11:56:55 INFO Executor: Starting executor ID driver on host 2a892a3469ec
[2024-12-09T11:56:55.867+0000] {spark_submit.py:634} INFO - 24/12/09 11:56:55 INFO Executor: OS info Linux, 6.10.14-linuxkit, aarch64
[2024-12-09T11:56:55.869+0000] {spark_submit.py:634} INFO - 24/12/09 11:56:55 INFO Executor: Java version 17.0.13
[2024-12-09T11:56:55.877+0000] {spark_submit.py:634} INFO - 24/12/09 11:56:55 INFO Executor: Starting executor with user classpath (userClassPathFirst = false): ''
[2024-12-09T11:56:55.878+0000] {spark_submit.py:634} INFO - 24/12/09 11:56:55 INFO Executor: Created or updated repl class loader org.apache.spark.util.MutableURLClassLoader@4a8e6e89 for default.
[2024-12-09T11:56:55.920+0000] {spark_submit.py:634} INFO - 24/12/09 11:56:55 INFO Executor: Fetching spark://2a892a3469ec:43749/jars/spark-job-1.0-SNAPSHOT.jar with timestamp 1733745414468
[2024-12-09T11:56:56.016+0000] {spark_submit.py:634} INFO - 24/12/09 11:56:56 INFO TransportClientFactory: Successfully created connection to 2a892a3469ec/172.18.0.5:43749 after 43 ms (0 ms spent in bootstraps)
[2024-12-09T11:56:56.025+0000] {spark_submit.py:634} INFO - 24/12/09 11:56:56 INFO Utils: Fetching spark://2a892a3469ec:43749/jars/spark-job-1.0-SNAPSHOT.jar to /tmp/spark-4ff5dd77-cf16-440d-8729-f6050be8e304/userFiles-c82680ef-17ce-4cb3-ab5c-b425f80863a6/fetchFileTemp8338491579467565760.tmp
[2024-12-09T11:56:56.077+0000] {spark_submit.py:634} INFO - 24/12/09 11:56:56 INFO Executor: Adding file:/tmp/spark-4ff5dd77-cf16-440d-8729-f6050be8e304/userFiles-c82680ef-17ce-4cb3-ab5c-b425f80863a6/spark-job-1.0-SNAPSHOT.jar to class loader default
[2024-12-09T11:56:56.085+0000] {spark_submit.py:634} INFO - 24/12/09 11:56:56 INFO Utils: Successfully started service 'org.apache.spark.network.netty.NettyBlockTransferService' on port 42943.
[2024-12-09T11:56:56.086+0000] {spark_submit.py:634} INFO - 24/12/09 11:56:56 INFO NettyBlockTransferService: Server created on 2a892a3469ec:42943
[2024-12-09T11:56:56.089+0000] {spark_submit.py:634} INFO - 24/12/09 11:56:56 INFO BlockManager: Using org.apache.spark.storage.RandomBlockReplicationPolicy for block replication policy
[2024-12-09T11:56:56.093+0000] {spark_submit.py:634} INFO - 24/12/09 11:56:56 INFO BlockManagerMaster: Registering BlockManager BlockManagerId(driver, 2a892a3469ec, 42943, None)
[2024-12-09T11:56:56.096+0000] {spark_submit.py:634} INFO - 24/12/09 11:56:56 INFO BlockManagerMasterEndpoint: Registering block manager 2a892a3469ec:42943 with 434.4 MiB RAM, BlockManagerId(driver, 2a892a3469ec, 42943, None)
[2024-12-09T11:56:56.098+0000] {spark_submit.py:634} INFO - 24/12/09 11:56:56 INFO BlockManagerMaster: Registered BlockManager BlockManagerId(driver, 2a892a3469ec, 42943, None)
[2024-12-09T11:56:56.099+0000] {spark_submit.py:634} INFO - 24/12/09 11:56:56 INFO BlockManager: Initialized BlockManager: BlockManagerId(driver, 2a892a3469ec, 42943, None)
[2024-12-09T11:56:57.452+0000] {spark_submit.py:634} INFO - 24/12/09 11:56:57 INFO SparkContext: Starting job: collect at WordCountJob.java:37
[2024-12-09T11:56:57.519+0000] {spark_submit.py:634} INFO - 24/12/09 11:56:57 INFO DAGScheduler: Registering RDD 2 (mapToPair at WordCountJob.java:33) as input to shuffle 0
[2024-12-09T11:56:57.526+0000] {spark_submit.py:634} INFO - 24/12/09 11:56:57 INFO DAGScheduler: Got job 0 (collect at WordCountJob.java:37) with 1 output partitions
[2024-12-09T11:56:57.528+0000] {spark_submit.py:634} INFO - 24/12/09 11:56:57 INFO DAGScheduler: Final stage: ResultStage 1 (collect at WordCountJob.java:37)
[2024-12-09T11:56:57.530+0000] {spark_submit.py:634} INFO - 24/12/09 11:56:57 INFO DAGScheduler: Parents of final stage: List(ShuffleMapStage 0)
[2024-12-09T11:56:57.538+0000] {spark_submit.py:634} INFO - 24/12/09 11:56:57 INFO DAGScheduler: Missing parents: List(ShuffleMapStage 0)
[2024-12-09T11:56:57.551+0000] {spark_submit.py:634} INFO - 24/12/09 11:56:57 INFO DAGScheduler: Submitting ShuffleMapStage 0 (MapPartitionsRDD[2] at mapToPair at WordCountJob.java:33), which has no missing parents
[2024-12-09T11:56:57.799+0000] {spark_submit.py:634} INFO - 24/12/09 11:56:57 INFO MemoryStore: Block broadcast_0 stored as values in memory (estimated size 6.4 KiB, free 434.4 MiB)
[2024-12-09T11:56:57.875+0000] {spark_submit.py:634} INFO - 24/12/09 11:56:57 INFO MemoryStore: Block broadcast_0_piece0 stored as bytes in memory (estimated size 3.4 KiB, free 434.4 MiB)
[2024-12-09T11:56:57.879+0000] {spark_submit.py:634} INFO - 24/12/09 11:56:57 INFO BlockManagerInfo: Added broadcast_0_piece0 in memory on 2a892a3469ec:42943 (size: 3.4 KiB, free: 434.4 MiB)
[2024-12-09T11:56:57.894+0000] {spark_submit.py:634} INFO - 24/12/09 11:56:57 INFO SparkContext: Created broadcast 0 from broadcast at DAGScheduler.scala:1585
[2024-12-09T11:56:57.929+0000] {spark_submit.py:634} INFO - 24/12/09 11:56:57 INFO DAGScheduler: Submitting 1 missing tasks from ShuffleMapStage 0 (MapPartitionsRDD[2] at mapToPair at WordCountJob.java:33) (first 15 tasks are for partitions Vector(0))
[2024-12-09T11:56:57.931+0000] {spark_submit.py:634} INFO - 24/12/09 11:56:57 INFO TaskSchedulerImpl: Adding task set 0.0 with 1 tasks resource profile 0
[2024-12-09T11:56:58.106+0000] {spark_submit.py:634} INFO - 24/12/09 11:56:58 INFO TaskSetManager: Starting task 0.0 in stage 0.0 (TID 0) (2a892a3469ec, executor driver, partition 0, PROCESS_LOCAL, 9249 bytes)
[2024-12-09T11:56:58.145+0000] {spark_submit.py:634} INFO - 24/12/09 11:56:58 INFO Executor: Running task 0.0 in stage 0.0 (TID 0)
[2024-12-09T11:56:58.462+0000] {spark_submit.py:634} INFO - 24/12/09 11:56:58 INFO Executor: Finished task 0.0 in stage 0.0 (TID 0). 1259 bytes result sent to driver
[2024-12-09T11:56:58.493+0000] {spark_submit.py:634} INFO - 24/12/09 11:56:58 INFO TaskSetManager: Finished task 0.0 in stage 0.0 (TID 0) in 473 ms on 2a892a3469ec (executor driver) (1/1)
[2024-12-09T11:56:58.497+0000] {spark_submit.py:634} INFO - 24/12/09 11:56:58 INFO TaskSchedulerImpl: Removed TaskSet 0.0, whose tasks have all completed, from pool
[2024-12-09T11:56:58.511+0000] {spark_submit.py:634} INFO - 24/12/09 11:56:58 INFO DAGScheduler: ShuffleMapStage 0 (mapToPair at WordCountJob.java:33) finished in 0.886 s
[2024-12-09T11:56:58.513+0000] {spark_submit.py:634} INFO - 24/12/09 11:56:58 INFO DAGScheduler: looking for newly runnable stages
[2024-12-09T11:56:58.521+0000] {spark_submit.py:634} INFO - 24/12/09 11:56:58 INFO DAGScheduler: running: Set()
[2024-12-09T11:56:58.522+0000] {spark_submit.py:634} INFO - 24/12/09 11:56:58 INFO DAGScheduler: waiting: Set(ResultStage 1)
[2024-12-09T11:56:58.522+0000] {spark_submit.py:634} INFO - 24/12/09 11:56:58 INFO DAGScheduler: failed: Set()
[2024-12-09T11:56:58.522+0000] {spark_submit.py:634} INFO - 24/12/09 11:56:58 INFO DAGScheduler: Submitting ResultStage 1 (ShuffledRDD[3] at reduceByKey at WordCountJob.java:34), which has no missing parents
[2024-12-09T11:56:58.543+0000] {spark_submit.py:634} INFO - 24/12/09 11:56:58 INFO MemoryStore: Block broadcast_1 stored as values in memory (estimated size 5.2 KiB, free 434.4 MiB)
[2024-12-09T11:56:58.551+0000] {spark_submit.py:634} INFO - 24/12/09 11:56:58 INFO MemoryStore: Block broadcast_1_piece0 stored as bytes in memory (estimated size 2.9 KiB, free 434.4 MiB)
[2024-12-09T11:56:58.552+0000] {spark_submit.py:634} INFO - 24/12/09 11:56:58 INFO BlockManagerInfo: Added broadcast_1_piece0 in memory on 2a892a3469ec:42943 (size: 2.9 KiB, free: 434.4 MiB)
[2024-12-09T11:56:58.552+0000] {spark_submit.py:634} INFO - 24/12/09 11:56:58 INFO SparkContext: Created broadcast 1 from broadcast at DAGScheduler.scala:1585
[2024-12-09T11:56:58.555+0000] {spark_submit.py:634} INFO - 24/12/09 11:56:58 INFO DAGScheduler: Submitting 1 missing tasks from ResultStage 1 (ShuffledRDD[3] at reduceByKey at WordCountJob.java:34) (first 15 tasks are for partitions Vector(0))
[2024-12-09T11:56:58.559+0000] {spark_submit.py:634} INFO - 24/12/09 11:56:58 INFO TaskSchedulerImpl: Adding task set 1.0 with 1 tasks resource profile 0
[2024-12-09T11:56:58.567+0000] {spark_submit.py:634} INFO - 24/12/09 11:56:58 INFO TaskSetManager: Starting task 0.0 in stage 1.0 (TID 1) (2a892a3469ec, executor driver, partition 0, NODE_LOCAL, 9002 bytes)
[2024-12-09T11:56:58.571+0000] {spark_submit.py:634} INFO - 24/12/09 11:56:58 INFO Executor: Running task 0.0 in stage 1.0 (TID 1)
[2024-12-09T11:56:58.643+0000] {spark_submit.py:634} INFO - 24/12/09 11:56:58 INFO ShuffleBlockFetcherIterator: Getting 1 (189.0 B) non-empty blocks including 1 (189.0 B) local and 0 (0.0 B) host-local and 0 (0.0 B) push-merged-local and 0 (0.0 B) remote blocks
[2024-12-09T11:56:58.646+0000] {spark_submit.py:634} INFO - 24/12/09 11:56:58 INFO ShuffleBlockFetcherIterator: Started 0 remote fetches in 18 ms
[2024-12-09T11:56:58.698+0000] {spark_submit.py:634} INFO - 24/12/09 11:56:58 INFO Executor: Finished task 0.0 in stage 1.0 (TID 1). 2001 bytes result sent to driver
[2024-12-09T11:56:58.719+0000] {spark_submit.py:634} INFO - 24/12/09 11:56:58 INFO TaskSetManager: Finished task 0.0 in stage 1.0 (TID 1) in 157 ms on 2a892a3469ec (executor driver) (1/1)
[2024-12-09T11:56:58.724+0000] {spark_submit.py:634} INFO - 24/12/09 11:56:58 INFO TaskSchedulerImpl: Removed TaskSet 1.0, whose tasks have all completed, from pool
[2024-12-09T11:56:58.729+0000] {spark_submit.py:634} INFO - 24/12/09 11:56:58 INFO DAGScheduler: ResultStage 1 (collect at WordCountJob.java:37) finished in 0.191 s
[2024-12-09T11:56:58.738+0000] {spark_submit.py:634} INFO - 24/12/09 11:56:58 INFO DAGScheduler: Job 0 is finished. Cancelling potential speculative or zombie tasks for this job
[2024-12-09T11:56:58.740+0000] {spark_submit.py:634} INFO - 24/12/09 11:56:58 INFO TaskSchedulerImpl: Killing all running tasks in stage 1: Stage finished
[2024-12-09T11:56:58.744+0000] {spark_submit.py:634} INFO - 24/12/09 11:56:58 INFO DAGScheduler: Job 0 finished: collect at WordCountJob.java:37, took 1.290500 s
[2024-12-09T11:56:58.749+0000] {spark_submit.py:634} INFO - spark: 1
[2024-12-09T11:56:58.751+0000] {spark_submit.py:634} INFO - docker: 1
[2024-12-09T11:56:58.752+0000] {spark_submit.py:634} INFO - Yusuf: 1
[2024-12-09T11:56:58.753+0000] {spark_submit.py:634} INFO - hello: 5
[2024-12-09T11:56:58.755+0000] {spark_submit.py:634} INFO - java: 1
[2024-12-09T11:56:58.757+0000] {spark_submit.py:634} INFO - world: 1
[2024-12-09T11:56:58.758+0000] {spark_submit.py:634} INFO - 24/12/09 11:56:58 INFO SparkContext: SparkContext is stopping with exitCode 0.
[2024-12-09T11:56:58.781+0000] {spark_submit.py:634} INFO - 24/12/09 11:56:58 INFO SparkUI: Stopped Spark web UI at http://2a892a3469ec:4040
[2024-12-09T11:56:58.802+0000] {spark_submit.py:634} INFO - 24/12/09 11:56:58 INFO MapOutputTrackerMasterEndpoint: MapOutputTrackerMasterEndpoint stopped!
[2024-12-09T11:56:58.829+0000] {spark_submit.py:634} INFO - 24/12/09 11:56:58 INFO MemoryStore: MemoryStore cleared
[2024-12-09T11:56:58.831+0000] {spark_submit.py:634} INFO - 24/12/09 11:56:58 INFO BlockManager: BlockManager stopped
[2024-12-09T11:56:58.839+0000] {spark_submit.py:634} INFO - 24/12/09 11:56:58 INFO BlockManagerMaster: BlockManagerMaster stopped
[2024-12-09T11:56:58.843+0000] {spark_submit.py:634} INFO - 24/12/09 11:56:58 INFO OutputCommitCoordinator$OutputCommitCoordinatorEndpoint: OutputCommitCoordinator stopped!
[2024-12-09T11:56:58.853+0000] {spark_submit.py:634} INFO - 24/12/09 11:56:58 INFO SparkContext: Successfully stopped SparkContext
[2024-12-09T11:56:58.855+0000] {spark_submit.py:634} INFO - 24/12/09 11:56:58 INFO ShutdownHookManager: Shutdown hook called
[2024-12-09T11:56:58.856+0000] {spark_submit.py:634} INFO - 24/12/09 11:56:58 INFO ShutdownHookManager: Deleting directory /tmp/spark-4ff5dd77-cf16-440d-8729-f6050be8e304
[2024-12-09T11:56:58.863+0000] {spark_submit.py:634} INFO - 24/12/09 11:56:58 INFO ShutdownHookManager: Deleting directory /tmp/spark-214179de-3852-4577-a475-1a8214ccd3e5
[2024-12-09T11:56:58.943+0000] {taskinstance.py:340} INFO - ::group::Post task execution logs
[2024-12-09T11:56:58.945+0000] {taskinstance.py:352} INFO - Marking task as SUCCESS. dag_id=sparking_flow, task_id=java_job, run_id=manual__2024-12-09T11:56:49.763503+00:00, execution_date=20241209T115649, start_date=20241209T115651, end_date=20241209T115658
[2024-12-09T11:56:59.055+0000] {local_task_job_runner.py:266} INFO - Task exited with return code 0
[2024-12-09T11:56:59.104+0000] {taskinstance.py:3895} INFO - 0 downstream tasks scheduled from follow-on schedule check
[2024-12-09T11:56:59.106+0000] {local_task_job_runner.py:245} INFO - ::endgroup::
