[2024-12-09T18:28:20.787+0000] {local_task_job_runner.py:123} INFO - ::group::Pre task execution logs
[2024-12-09T18:28:20.824+0000] {taskinstance.py:2613} INFO - Dependencies all met for dep_context=non-requeueable deps ti=<TaskInstance: sparking_flow.java_job manual__2024-12-09T18:28:19.111036+00:00 [queued]>
[2024-12-09T18:28:20.838+0000] {taskinstance.py:2613} INFO - Dependencies all met for dep_context=requeueable deps ti=<TaskInstance: sparking_flow.java_job manual__2024-12-09T18:28:19.111036+00:00 [queued]>
[2024-12-09T18:28:20.839+0000] {taskinstance.py:2866} INFO - Starting attempt 1 of 1
[2024-12-09T18:28:20.863+0000] {taskinstance.py:2889} INFO - Executing <Task(SparkSubmitOperator): java_job> on 2024-12-09 18:28:19.111036+00:00
[2024-12-09T18:28:20.875+0000] {logging_mixin.py:190} WARNING - /home/***/.local/lib/python3.12/site-packages/***/task/task_runner/standard_task_runner.py:70 DeprecationWarning: This process (pid=189) is multi-threaded, use of fork() may lead to deadlocks in the child.
[2024-12-09T18:28:20.877+0000] {standard_task_runner.py:72} INFO - Started process 194 to run task
[2024-12-09T18:28:20.874+0000] {standard_task_runner.py:104} INFO - Running: ['***', 'tasks', 'run', 'sparking_flow', 'java_job', 'manual__2024-12-09T18:28:19.111036+00:00', '--job-id', '594', '--raw', '--subdir', 'DAGS_FOLDER/spark_***.py', '--cfg-path', '/tmp/tmp0ain211i']
[2024-12-09T18:28:20.878+0000] {standard_task_runner.py:105} INFO - Job 594: Subtask java_job
[2024-12-09T18:28:20.973+0000] {task_command.py:467} INFO - Running <TaskInstance: sparking_flow.java_job manual__2024-12-09T18:28:19.111036+00:00 [running]> on host 2a892a3469ec
[2024-12-09T18:28:21.194+0000] {taskinstance.py:3132} INFO - Exporting env vars: AIRFLOW_CTX_DAG_OWNER='Yusuf Ganiyu' AIRFLOW_CTX_DAG_ID='sparking_flow' AIRFLOW_CTX_TASK_ID='java_job' AIRFLOW_CTX_EXECUTION_DATE='2024-12-09T18:28:19.111036+00:00' AIRFLOW_CTX_TRY_NUMBER='1' AIRFLOW_CTX_DAG_RUN_ID='manual__2024-12-09T18:28:19.111036+00:00'
[2024-12-09T18:28:21.195+0000] {taskinstance.py:731} INFO - ::endgroup::
[2024-12-09T18:28:21.242+0000] {base.py:84} INFO - Retrieving connection 'spark-conn'
[2024-12-09T18:28:21.245+0000] {spark_submit.py:473} INFO - Spark-Submit cmd: spark-submit --master spark://sparkingflow-spark-master-1:7077 --name arrow-spark --class com.airscholar.spark.WordCountJob --deploy-mode client jobs/java/spark-job/target/spark-job-1.0-SNAPSHOT.jar
[2024-12-09T18:28:26.485+0000] {spark_submit.py:634} INFO - 24/12/09 18:28:26 INFO SparkContext: Running Spark version 3.5.3
[2024-12-09T18:28:26.500+0000] {spark_submit.py:634} INFO - 24/12/09 18:28:26 INFO SparkContext: OS info Linux, 6.10.14-linuxkit, aarch64
[2024-12-09T18:28:26.501+0000] {spark_submit.py:634} INFO - 24/12/09 18:28:26 INFO SparkContext: Java version 17.0.13
[2024-12-09T18:28:26.628+0000] {spark_submit.py:634} INFO - 24/12/09 18:28:26 WARN NativeCodeLoader: Unable to load native-hadoop library for your platform... using builtin-java classes where applicable
[2024-12-09T18:28:26.911+0000] {spark_submit.py:634} INFO - 24/12/09 18:28:26 INFO ResourceUtils: ==============================================================
[2024-12-09T18:28:26.912+0000] {spark_submit.py:634} INFO - 24/12/09 18:28:26 INFO ResourceUtils: No custom resources configured for spark.driver.
[2024-12-09T18:28:26.915+0000] {spark_submit.py:634} INFO - 24/12/09 18:28:26 INFO ResourceUtils: ==============================================================
[2024-12-09T18:28:26.921+0000] {spark_submit.py:634} INFO - 24/12/09 18:28:26 INFO SparkContext: Submitted application: Word Count Job
[2024-12-09T18:28:26.966+0000] {spark_submit.py:634} INFO - 24/12/09 18:28:26 INFO ResourceProfile: Default ResourceProfile created, executor resources: Map(cores -> name: cores, amount: 1, script: , vendor: , memory -> name: memory, amount: 1024, script: , vendor: , offHeap -> name: offHeap, amount: 0, script: , vendor: ), task resources: Map(cpus -> name: cpus, amount: 1.0)
[2024-12-09T18:28:26.983+0000] {spark_submit.py:634} INFO - 24/12/09 18:28:26 INFO ResourceProfile: Limiting resource is cpu
[2024-12-09T18:28:26.987+0000] {spark_submit.py:634} INFO - 24/12/09 18:28:26 INFO ResourceProfileManager: Added ResourceProfile id: 0
[2024-12-09T18:28:27.086+0000] {spark_submit.py:634} INFO - 24/12/09 18:28:27 INFO SecurityManager: Changing view acls to: ***
[2024-12-09T18:28:27.088+0000] {spark_submit.py:634} INFO - 24/12/09 18:28:27 INFO SecurityManager: Changing modify acls to: ***
[2024-12-09T18:28:27.093+0000] {spark_submit.py:634} INFO - 24/12/09 18:28:27 INFO SecurityManager: Changing view acls groups to:
[2024-12-09T18:28:27.098+0000] {spark_submit.py:634} INFO - 24/12/09 18:28:27 INFO SecurityManager: Changing modify acls groups to:
[2024-12-09T18:28:27.104+0000] {spark_submit.py:634} INFO - 24/12/09 18:28:27 INFO SecurityManager: SecurityManager: authentication disabled; ui acls disabled; users with view permissions: ***; groups with view permissions: EMPTY; users with modify permissions: ***; groups with modify permissions: EMPTY
[2024-12-09T18:28:27.601+0000] {spark_submit.py:634} INFO - 24/12/09 18:28:27 INFO Utils: Successfully started service 'sparkDriver' on port 44503.
[2024-12-09T18:28:27.644+0000] {spark_submit.py:634} INFO - 24/12/09 18:28:27 INFO SparkEnv: Registering MapOutputTracker
[2024-12-09T18:28:27.695+0000] {spark_submit.py:634} INFO - 24/12/09 18:28:27 INFO SparkEnv: Registering BlockManagerMaster
[2024-12-09T18:28:27.721+0000] {spark_submit.py:634} INFO - 24/12/09 18:28:27 INFO BlockManagerMasterEndpoint: Using org.apache.spark.storage.DefaultTopologyMapper for getting topology information
[2024-12-09T18:28:27.722+0000] {spark_submit.py:634} INFO - 24/12/09 18:28:27 INFO BlockManagerMasterEndpoint: BlockManagerMasterEndpoint up
[2024-12-09T18:28:27.730+0000] {spark_submit.py:634} INFO - 24/12/09 18:28:27 INFO SparkEnv: Registering BlockManagerMasterHeartbeat
[2024-12-09T18:28:27.765+0000] {spark_submit.py:634} INFO - 24/12/09 18:28:27 INFO DiskBlockManager: Created local directory at /tmp/blockmgr-e28f298f-440d-439e-81e5-abddd7783387
[2024-12-09T18:28:27.798+0000] {spark_submit.py:634} INFO - 24/12/09 18:28:27 INFO MemoryStore: MemoryStore started with capacity 434.4 MiB
[2024-12-09T18:28:27.826+0000] {spark_submit.py:634} INFO - 24/12/09 18:28:27 INFO SparkEnv: Registering OutputCommitCoordinator
[2024-12-09T18:28:28.002+0000] {spark_submit.py:634} INFO - 24/12/09 18:28:27 INFO JettyUtils: Start Jetty 0.0.0.0:4040 for SparkUI
[2024-12-09T18:28:28.150+0000] {spark_submit.py:634} INFO - 24/12/09 18:28:28 INFO Utils: Successfully started service 'SparkUI' on port 4040.
[2024-12-09T18:28:28.219+0000] {spark_submit.py:634} INFO - 24/12/09 18:28:28 INFO SparkContext: Added JAR file:/opt/***/jobs/java/spark-job/target/spark-job-1.0-SNAPSHOT.jar at spark://2a892a3469ec:44503/jars/spark-job-1.0-SNAPSHOT.jar with timestamp 1733768906458
[2024-12-09T18:28:28.332+0000] {spark_submit.py:634} INFO - 24/12/09 18:28:28 INFO Executor: Starting executor ID driver on host 2a892a3469ec
[2024-12-09T18:28:28.333+0000] {spark_submit.py:634} INFO - 24/12/09 18:28:28 INFO Executor: OS info Linux, 6.10.14-linuxkit, aarch64
[2024-12-09T18:28:28.334+0000] {spark_submit.py:634} INFO - 24/12/09 18:28:28 INFO Executor: Java version 17.0.13
[2024-12-09T18:28:28.351+0000] {spark_submit.py:634} INFO - 24/12/09 18:28:28 INFO Executor: Starting executor with user classpath (userClassPathFirst = false): ''
[2024-12-09T18:28:28.353+0000] {spark_submit.py:634} INFO - 24/12/09 18:28:28 INFO Executor: Created or updated repl class loader org.apache.spark.util.MutableURLClassLoader@38f77cd9 for default.
[2024-12-09T18:28:28.390+0000] {spark_submit.py:634} INFO - 24/12/09 18:28:28 INFO Executor: Fetching spark://2a892a3469ec:44503/jars/spark-job-1.0-SNAPSHOT.jar with timestamp 1733768906458
[2024-12-09T18:28:28.551+0000] {spark_submit.py:634} INFO - 24/12/09 18:28:28 INFO TransportClientFactory: Successfully created connection to 2a892a3469ec/172.18.0.5:44503 after 60 ms (0 ms spent in bootstraps)
[2024-12-09T18:28:28.569+0000] {spark_submit.py:634} INFO - 24/12/09 18:28:28 INFO Utils: Fetching spark://2a892a3469ec:44503/jars/spark-job-1.0-SNAPSHOT.jar to /tmp/spark-01d8b386-c300-439a-9ae2-1cfaa8f9e002/userFiles-ee4fb01a-f045-40f0-bf45-11c0724e25b1/fetchFileTemp11492722309581044387.tmp
[2024-12-09T18:28:28.632+0000] {spark_submit.py:634} INFO - 24/12/09 18:28:28 INFO Executor: Adding file:/tmp/spark-01d8b386-c300-439a-9ae2-1cfaa8f9e002/userFiles-ee4fb01a-f045-40f0-bf45-11c0724e25b1/spark-job-1.0-SNAPSHOT.jar to class loader default
[2024-12-09T18:28:28.646+0000] {spark_submit.py:634} INFO - 24/12/09 18:28:28 INFO Utils: Successfully started service 'org.apache.spark.network.netty.NettyBlockTransferService' on port 46707.
[2024-12-09T18:28:28.647+0000] {spark_submit.py:634} INFO - 24/12/09 18:28:28 INFO NettyBlockTransferService: Server created on 2a892a3469ec:46707
[2024-12-09T18:28:28.649+0000] {spark_submit.py:634} INFO - 24/12/09 18:28:28 INFO BlockManager: Using org.apache.spark.storage.RandomBlockReplicationPolicy for block replication policy
[2024-12-09T18:28:28.658+0000] {spark_submit.py:634} INFO - 24/12/09 18:28:28 INFO BlockManagerMaster: Registering BlockManager BlockManagerId(driver, 2a892a3469ec, 46707, None)
[2024-12-09T18:28:28.664+0000] {spark_submit.py:634} INFO - 24/12/09 18:28:28 INFO BlockManagerMasterEndpoint: Registering block manager 2a892a3469ec:46707 with 434.4 MiB RAM, BlockManagerId(driver, 2a892a3469ec, 46707, None)
[2024-12-09T18:28:28.667+0000] {spark_submit.py:634} INFO - 24/12/09 18:28:28 INFO BlockManagerMaster: Registered BlockManager BlockManagerId(driver, 2a892a3469ec, 46707, None)
[2024-12-09T18:28:28.668+0000] {spark_submit.py:634} INFO - 24/12/09 18:28:28 INFO BlockManager: Initialized BlockManager: BlockManagerId(driver, 2a892a3469ec, 46707, None)
[2024-12-09T18:28:29.700+0000] {spark_submit.py:634} INFO - 24/12/09 18:28:29 INFO SparkContext: Starting job: collect at WordCountJob.java:37
[2024-12-09T18:28:29.760+0000] {spark_submit.py:634} INFO - 24/12/09 18:28:29 INFO DAGScheduler: Registering RDD 2 (mapToPair at WordCountJob.java:33) as input to shuffle 0
[2024-12-09T18:28:29.767+0000] {spark_submit.py:634} INFO - 24/12/09 18:28:29 INFO DAGScheduler: Got job 0 (collect at WordCountJob.java:37) with 1 output partitions
[2024-12-09T18:28:29.768+0000] {spark_submit.py:634} INFO - 24/12/09 18:28:29 INFO DAGScheduler: Final stage: ResultStage 1 (collect at WordCountJob.java:37)
[2024-12-09T18:28:29.768+0000] {spark_submit.py:634} INFO - 24/12/09 18:28:29 INFO DAGScheduler: Parents of final stage: List(ShuffleMapStage 0)
[2024-12-09T18:28:29.770+0000] {spark_submit.py:634} INFO - 24/12/09 18:28:29 INFO DAGScheduler: Missing parents: List(ShuffleMapStage 0)
[2024-12-09T18:28:29.779+0000] {spark_submit.py:634} INFO - 24/12/09 18:28:29 INFO DAGScheduler: Submitting ShuffleMapStage 0 (MapPartitionsRDD[2] at mapToPair at WordCountJob.java:33), which has no missing parents
[2024-12-09T18:28:29.944+0000] {spark_submit.py:634} INFO - 24/12/09 18:28:29 INFO MemoryStore: Block broadcast_0 stored as values in memory (estimated size 6.4 KiB, free 434.4 MiB)
[2024-12-09T18:28:30.005+0000] {spark_submit.py:634} INFO - 24/12/09 18:28:30 INFO MemoryStore: Block broadcast_0_piece0 stored as bytes in memory (estimated size 3.4 KiB, free 434.4 MiB)
[2024-12-09T18:28:30.010+0000] {spark_submit.py:634} INFO - 24/12/09 18:28:30 INFO BlockManagerInfo: Added broadcast_0_piece0 in memory on 2a892a3469ec:46707 (size: 3.4 KiB, free: 434.4 MiB)
[2024-12-09T18:28:30.016+0000] {spark_submit.py:634} INFO - 24/12/09 18:28:30 INFO SparkContext: Created broadcast 0 from broadcast at DAGScheduler.scala:1585
[2024-12-09T18:28:30.067+0000] {spark_submit.py:634} INFO - 24/12/09 18:28:30 INFO DAGScheduler: Submitting 1 missing tasks from ShuffleMapStage 0 (MapPartitionsRDD[2] at mapToPair at WordCountJob.java:33) (first 15 tasks are for partitions Vector(0))
[2024-12-09T18:28:30.069+0000] {spark_submit.py:634} INFO - 24/12/09 18:28:30 INFO TaskSchedulerImpl: Adding task set 0.0 with 1 tasks resource profile 0
[2024-12-09T18:28:30.218+0000] {spark_submit.py:634} INFO - 24/12/09 18:28:30 INFO TaskSetManager: Starting task 0.0 in stage 0.0 (TID 0) (2a892a3469ec, executor driver, partition 0, PROCESS_LOCAL, 9249 bytes)
[2024-12-09T18:28:30.242+0000] {spark_submit.py:634} INFO - 24/12/09 18:28:30 INFO Executor: Running task 0.0 in stage 0.0 (TID 0)
[2024-12-09T18:28:30.442+0000] {spark_submit.py:634} INFO - 24/12/09 18:28:30 INFO Executor: Finished task 0.0 in stage 0.0 (TID 0). 1216 bytes result sent to driver
[2024-12-09T18:28:30.468+0000] {spark_submit.py:634} INFO - 24/12/09 18:28:30 INFO TaskSetManager: Finished task 0.0 in stage 0.0 (TID 0) in 309 ms on 2a892a3469ec (executor driver) (1/1)
[2024-12-09T18:28:30.472+0000] {spark_submit.py:634} INFO - 24/12/09 18:28:30 INFO TaskSchedulerImpl: Removed TaskSet 0.0, whose tasks have all completed, from pool
[2024-12-09T18:28:30.490+0000] {spark_submit.py:634} INFO - 24/12/09 18:28:30 INFO DAGScheduler: ShuffleMapStage 0 (mapToPair at WordCountJob.java:33) finished in 0.688 s
[2024-12-09T18:28:30.491+0000] {spark_submit.py:634} INFO - 24/12/09 18:28:30 INFO DAGScheduler: looking for newly runnable stages
[2024-12-09T18:28:30.492+0000] {spark_submit.py:634} INFO - 24/12/09 18:28:30 INFO DAGScheduler: running: Set()
[2024-12-09T18:28:30.493+0000] {spark_submit.py:634} INFO - 24/12/09 18:28:30 INFO DAGScheduler: waiting: Set(ResultStage 1)
[2024-12-09T18:28:30.493+0000] {spark_submit.py:634} INFO - 24/12/09 18:28:30 INFO DAGScheduler: failed: Set()
[2024-12-09T18:28:30.499+0000] {spark_submit.py:634} INFO - 24/12/09 18:28:30 INFO DAGScheduler: Submitting ResultStage 1 (ShuffledRDD[3] at reduceByKey at WordCountJob.java:34), which has no missing parents
[2024-12-09T18:28:30.510+0000] {spark_submit.py:634} INFO - 24/12/09 18:28:30 INFO MemoryStore: Block broadcast_1 stored as values in memory (estimated size 5.2 KiB, free 434.4 MiB)
[2024-12-09T18:28:30.516+0000] {spark_submit.py:634} INFO - 24/12/09 18:28:30 INFO MemoryStore: Block broadcast_1_piece0 stored as bytes in memory (estimated size 2.9 KiB, free 434.4 MiB)
[2024-12-09T18:28:30.516+0000] {spark_submit.py:634} INFO - 24/12/09 18:28:30 INFO BlockManagerInfo: Added broadcast_1_piece0 in memory on 2a892a3469ec:46707 (size: 2.9 KiB, free: 434.4 MiB)
[2024-12-09T18:28:30.518+0000] {spark_submit.py:634} INFO - 24/12/09 18:28:30 INFO SparkContext: Created broadcast 1 from broadcast at DAGScheduler.scala:1585
[2024-12-09T18:28:30.521+0000] {spark_submit.py:634} INFO - 24/12/09 18:28:30 INFO DAGScheduler: Submitting 1 missing tasks from ResultStage 1 (ShuffledRDD[3] at reduceByKey at WordCountJob.java:34) (first 15 tasks are for partitions Vector(0))
[2024-12-09T18:28:30.522+0000] {spark_submit.py:634} INFO - 24/12/09 18:28:30 INFO TaskSchedulerImpl: Adding task set 1.0 with 1 tasks resource profile 0
[2024-12-09T18:28:30.531+0000] {spark_submit.py:634} INFO - 24/12/09 18:28:30 INFO TaskSetManager: Starting task 0.0 in stage 1.0 (TID 1) (2a892a3469ec, executor driver, partition 0, NODE_LOCAL, 9002 bytes)
[2024-12-09T18:28:30.532+0000] {spark_submit.py:634} INFO - 24/12/09 18:28:30 INFO Executor: Running task 0.0 in stage 1.0 (TID 1)
[2024-12-09T18:28:30.602+0000] {spark_submit.py:634} INFO - 24/12/09 18:28:30 INFO ShuffleBlockFetcherIterator: Getting 1 (189.0 B) non-empty blocks including 1 (189.0 B) local and 0 (0.0 B) host-local and 0 (0.0 B) push-merged-local and 0 (0.0 B) remote blocks
[2024-12-09T18:28:30.604+0000] {spark_submit.py:634} INFO - 24/12/09 18:28:30 INFO ShuffleBlockFetcherIterator: Started 0 remote fetches in 21 ms
[2024-12-09T18:28:30.631+0000] {spark_submit.py:634} INFO - 24/12/09 18:28:30 INFO Executor: Finished task 0.0 in stage 1.0 (TID 1). 1958 bytes result sent to driver
[2024-12-09T18:28:30.635+0000] {spark_submit.py:634} INFO - 24/12/09 18:28:30 INFO TaskSetManager: Finished task 0.0 in stage 1.0 (TID 1) in 109 ms on 2a892a3469ec (executor driver) (1/1)
[2024-12-09T18:28:30.636+0000] {spark_submit.py:634} INFO - 24/12/09 18:28:30 INFO TaskSchedulerImpl: Removed TaskSet 1.0, whose tasks have all completed, from pool
[2024-12-09T18:28:30.640+0000] {spark_submit.py:634} INFO - 24/12/09 18:28:30 INFO DAGScheduler: ResultStage 1 (collect at WordCountJob.java:37) finished in 0.134 s
[2024-12-09T18:28:30.644+0000] {spark_submit.py:634} INFO - 24/12/09 18:28:30 INFO DAGScheduler: Job 0 is finished. Cancelling potential speculative or zombie tasks for this job
[2024-12-09T18:28:30.644+0000] {spark_submit.py:634} INFO - 24/12/09 18:28:30 INFO TaskSchedulerImpl: Killing all running tasks in stage 1: Stage finished
[2024-12-09T18:28:30.648+0000] {spark_submit.py:634} INFO - 24/12/09 18:28:30 INFO DAGScheduler: Job 0 finished: collect at WordCountJob.java:37, took 0.951111 s
[2024-12-09T18:28:30.651+0000] {spark_submit.py:634} INFO - spark: 1
[2024-12-09T18:28:30.651+0000] {spark_submit.py:634} INFO - docker: 1
[2024-12-09T18:28:30.652+0000] {spark_submit.py:634} INFO - Yusuf: 1
[2024-12-09T18:28:30.652+0000] {spark_submit.py:634} INFO - hello: 5
[2024-12-09T18:28:30.653+0000] {spark_submit.py:634} INFO - java: 1
[2024-12-09T18:28:30.653+0000] {spark_submit.py:634} INFO - world: 1
[2024-12-09T18:28:30.654+0000] {spark_submit.py:634} INFO - 24/12/09 18:28:30 INFO SparkContext: SparkContext is stopping with exitCode 0.
[2024-12-09T18:28:30.674+0000] {spark_submit.py:634} INFO - 24/12/09 18:28:30 INFO SparkUI: Stopped Spark web UI at http://2a892a3469ec:4040
[2024-12-09T18:28:30.685+0000] {spark_submit.py:634} INFO - 24/12/09 18:28:30 INFO MapOutputTrackerMasterEndpoint: MapOutputTrackerMasterEndpoint stopped!
[2024-12-09T18:28:30.709+0000] {spark_submit.py:634} INFO - 24/12/09 18:28:30 INFO MemoryStore: MemoryStore cleared
[2024-12-09T18:28:30.710+0000] {spark_submit.py:634} INFO - 24/12/09 18:28:30 INFO BlockManager: BlockManager stopped
[2024-12-09T18:28:30.715+0000] {spark_submit.py:634} INFO - 24/12/09 18:28:30 INFO BlockManagerMaster: BlockManagerMaster stopped
[2024-12-09T18:28:30.718+0000] {spark_submit.py:634} INFO - 24/12/09 18:28:30 INFO OutputCommitCoordinator$OutputCommitCoordinatorEndpoint: OutputCommitCoordinator stopped!
[2024-12-09T18:28:30.731+0000] {spark_submit.py:634} INFO - 24/12/09 18:28:30 INFO SparkContext: Successfully stopped SparkContext
[2024-12-09T18:28:30.736+0000] {spark_submit.py:634} INFO - 24/12/09 18:28:30 INFO ShutdownHookManager: Shutdown hook called
[2024-12-09T18:28:30.737+0000] {spark_submit.py:634} INFO - 24/12/09 18:28:30 INFO ShutdownHookManager: Deleting directory /tmp/spark-01d8b386-c300-439a-9ae2-1cfaa8f9e002
[2024-12-09T18:28:30.743+0000] {spark_submit.py:634} INFO - 24/12/09 18:28:30 INFO ShutdownHookManager: Deleting directory /tmp/spark-99a47068-81f9-462f-a600-aa3fa227ba4c
[2024-12-09T18:28:30.864+0000] {taskinstance.py:340} INFO - ::group::Post task execution logs
[2024-12-09T18:28:30.866+0000] {taskinstance.py:352} INFO - Marking task as SUCCESS. dag_id=sparking_flow, task_id=java_job, run_id=manual__2024-12-09T18:28:19.111036+00:00, execution_date=20241209T182819, start_date=20241209T182820, end_date=20241209T182830
[2024-12-09T18:28:30.948+0000] {local_task_job_runner.py:266} INFO - Task exited with return code 0
[2024-12-09T18:28:31.002+0000] {taskinstance.py:3895} INFO - 0 downstream tasks scheduled from follow-on schedule check
[2024-12-09T18:28:31.004+0000] {local_task_job_runner.py:245} INFO - ::endgroup::
