[2024-12-04T16:55:05.428+0000] {local_task_job_runner.py:123} INFO - ::group::Pre task execution logs
[2024-12-04T16:55:05.451+0000] {taskinstance.py:2613} INFO - Dependencies all met for dep_context=non-requeueable deps ti=<TaskInstance: sparking_flow.python_job manual__2024-12-04T16:55:03.637237+00:00 [queued]>
[2024-12-04T16:55:05.465+0000] {taskinstance.py:2613} INFO - Dependencies all met for dep_context=requeueable deps ti=<TaskInstance: sparking_flow.python_job manual__2024-12-04T16:55:03.637237+00:00 [queued]>
[2024-12-04T16:55:05.466+0000] {taskinstance.py:2866} INFO - Starting attempt 1 of 1
[2024-12-04T16:55:05.481+0000] {taskinstance.py:2889} INFO - Executing <Task(SparkSubmitOperator): python_job> on 2024-12-04 16:55:03.637237+00:00
[2024-12-04T16:55:05.492+0000] {logging_mixin.py:190} WARNING - /home/***/.local/lib/python3.12/site-packages/***/task/task_runner/standard_task_runner.py:70 DeprecationWarning: This process (pid=190) is multi-threaded, use of fork() may lead to deadlocks in the child.
[2024-12-04T16:55:05.491+0000] {standard_task_runner.py:104} INFO - Running: ['***', 'tasks', 'run', 'sparking_flow', 'python_job', 'manual__2024-12-04T16:55:03.637237+00:00', '--job-id', '109', '--raw', '--subdir', 'DAGS_FOLDER/spark_***.py', '--cfg-path', '/tmp/tmpcbrsdg5p']
[2024-12-04T16:55:05.495+0000] {standard_task_runner.py:105} INFO - Job 109: Subtask python_job
[2024-12-04T16:55:05.495+0000] {standard_task_runner.py:72} INFO - Started process 193 to run task
[2024-12-04T16:55:05.568+0000] {task_command.py:467} INFO - Running <TaskInstance: sparking_flow.python_job manual__2024-12-04T16:55:03.637237+00:00 [running]> on host 2a892a3469ec
[2024-12-04T16:55:05.701+0000] {taskinstance.py:3132} INFO - Exporting env vars: AIRFLOW_CTX_DAG_OWNER='Yusuf Ganiyu' AIRFLOW_CTX_DAG_ID='sparking_flow' AIRFLOW_CTX_TASK_ID='python_job' AIRFLOW_CTX_EXECUTION_DATE='2024-12-04T16:55:03.637237+00:00' AIRFLOW_CTX_TRY_NUMBER='1' AIRFLOW_CTX_DAG_RUN_ID='manual__2024-12-04T16:55:03.637237+00:00'
[2024-12-04T16:55:05.703+0000] {taskinstance.py:731} INFO - ::endgroup::
[2024-12-04T16:55:05.737+0000] {base.py:84} INFO - Retrieving connection 'spark-conn'
[2024-12-04T16:55:05.738+0000] {spark_submit.py:473} INFO - Spark-Submit cmd: spark-submit --master spark://sparkingflow-spark-master-1:7077 --name arrow-spark --deploy-mode client jobs/python/wordcountjob.py
[2024-12-04T16:55:12.540+0000] {spark_submit.py:634} INFO - Traceback (most recent call last):
[2024-12-04T16:55:12.549+0000] {spark_submit.py:634} INFO - File "/opt/***/jobs/python/wordcountjob.py", line 18, in <module>
[2024-12-04T16:55:12.551+0000] {spark_submit.py:634} INFO - ftp = FTP(ftp_host)
[2024-12-04T16:55:12.551+0000] {spark_submit.py:634} INFO - ^^^^^^^^^^^^^
[2024-12-04T16:55:12.552+0000] {spark_submit.py:634} INFO - File "/usr/local/lib/python3.12/ftplib.py", line 121, in __init__
[2024-12-04T16:55:12.553+0000] {spark_submit.py:634} INFO - self.connect(host)
[2024-12-04T16:55:12.553+0000] {spark_submit.py:634} INFO - File "/usr/local/lib/python3.12/ftplib.py", line 158, in connect
[2024-12-04T16:55:12.554+0000] {spark_submit.py:634} INFO - self.sock = socket.create_connection((self.host, self.port), self.timeout,
[2024-12-04T16:55:12.554+0000] {spark_submit.py:634} INFO - ^^^^^^^^^^^^^^^^^^^^^^^^^^^^^^^^^^^^^^^^^^^^^^^^^^^^^^^^^^^^^^
[2024-12-04T16:55:12.555+0000] {spark_submit.py:634} INFO - File "/usr/local/lib/python3.12/socket.py", line 841, in create_connection
[2024-12-04T16:55:12.556+0000] {spark_submit.py:634} INFO - for res in getaddrinfo(host, port, 0, SOCK_STREAM):
[2024-12-04T16:55:12.557+0000] {spark_submit.py:634} INFO - ^^^^^^^^^^^^^^^^^^^^^^^^^^^^^^^^^^^^^^^
[2024-12-04T16:55:12.557+0000] {spark_submit.py:634} INFO - File "/usr/local/lib/python3.12/socket.py", line 976, in getaddrinfo
[2024-12-04T16:55:12.558+0000] {spark_submit.py:634} INFO - for res in _socket.getaddrinfo(host, port, family, type, proto, flags):
[2024-12-04T16:55:12.558+0000] {spark_submit.py:634} INFO - ^^^^^^^^^^^^^^^^^^^^^^^^^^^^^^^^^^^^^^^^^^^^^^^^^^^^^^^^^^^
[2024-12-04T16:55:12.559+0000] {spark_submit.py:634} INFO - socket.gaierror: [Errno -2] Name or service not known
[2024-12-04T16:55:12.731+0000] {spark_submit.py:634} INFO - 24/12/04 16:55:12 INFO ShutdownHookManager: Shutdown hook called
[2024-12-04T16:55:12.738+0000] {spark_submit.py:634} INFO - 24/12/04 16:55:12 INFO ShutdownHookManager: Deleting directory /tmp/spark-bdda6661-adcf-4a2f-adaf-9778a764b218
[2024-12-04T16:55:12.926+0000] {taskinstance.py:3311} ERROR - Task failed with exception
Traceback (most recent call last):
  File "/home/airflow/.local/lib/python3.12/site-packages/airflow/models/taskinstance.py", line 767, in _execute_task
    result = _execute_callable(context=context, **execute_callable_kwargs)
             ^^^^^^^^^^^^^^^^^^^^^^^^^^^^^^^^^^^^^^^^^^^^^^^^^^^^^^^^^^^^^
  File "/home/airflow/.local/lib/python3.12/site-packages/airflow/models/taskinstance.py", line 733, in _execute_callable
    return ExecutionCallableRunner(
           ^^^^^^^^^^^^^^^^^^^^^^^^
  File "/home/airflow/.local/lib/python3.12/site-packages/airflow/utils/operator_helpers.py", line 252, in run
    return self.func(*args, **kwargs)
           ^^^^^^^^^^^^^^^^^^^^^^^^^^
  File "/home/airflow/.local/lib/python3.12/site-packages/airflow/models/baseoperator.py", line 417, in wrapper
    return func(self, *args, **kwargs)
           ^^^^^^^^^^^^^^^^^^^^^^^^^^^
  File "/home/airflow/.local/lib/python3.12/site-packages/airflow/providers/apache/spark/operators/spark_submit.py", line 176, in execute
    self._hook.submit(self.application)
  File "/home/airflow/.local/lib/python3.12/site-packages/airflow/providers/apache/spark/hooks/spark_submit.py", line 560, in submit
    raise AirflowException(
airflow.exceptions.AirflowException: Cannot execute: spark-submit --master spark://sparkingflow-spark-master-1:7077 --name arrow-spark --deploy-mode client jobs/python/wordcountjob.py. Error code is: 1.
[2024-12-04T16:55:12.938+0000] {taskinstance.py:1225} INFO - Marking task as FAILED. dag_id=sparking_flow, task_id=python_job, run_id=manual__2024-12-04T16:55:03.637237+00:00, execution_date=20241204T165503, start_date=20241204T165505, end_date=20241204T165512
[2024-12-04T16:55:12.995+0000] {taskinstance.py:340} INFO - ::group::Post task execution logs
[2024-12-04T16:55:13.002+0000] {standard_task_runner.py:124} ERROR - Failed to execute job 109 for task python_job (Cannot execute: spark-submit --master spark://sparkingflow-spark-master-1:7077 --name arrow-spark --deploy-mode client jobs/python/wordcountjob.py. Error code is: 1.; 193)
Traceback (most recent call last):
  File "/home/airflow/.local/lib/python3.12/site-packages/airflow/task/task_runner/standard_task_runner.py", line 117, in _start_by_fork
    ret = args.func(args, dag=self.dag)
          ^^^^^^^^^^^^^^^^^^^^^^^^^^^^^
  File "/home/airflow/.local/lib/python3.12/site-packages/airflow/cli/cli_config.py", line 49, in command
    return func(*args, **kwargs)
           ^^^^^^^^^^^^^^^^^^^^^
  File "/home/airflow/.local/lib/python3.12/site-packages/airflow/utils/cli.py", line 116, in wrapper
    return f(*args, **kwargs)
           ^^^^^^^^^^^^^^^^^^
  File "/home/airflow/.local/lib/python3.12/site-packages/airflow/cli/commands/task_command.py", line 483, in task_run
    task_return_code = _run_task_by_selected_method(args, _dag, ti)
                       ^^^^^^^^^^^^^^^^^^^^^^^^^^^^^^^^^^^^^^^^^^^^
  File "/home/airflow/.local/lib/python3.12/site-packages/airflow/cli/commands/task_command.py", line 256, in _run_task_by_selected_method
    return _run_raw_task(args, ti)
           ^^^^^^^^^^^^^^^^^^^^^^^
  File "/home/airflow/.local/lib/python3.12/site-packages/airflow/cli/commands/task_command.py", line 341, in _run_raw_task
    return ti._run_raw_task(
           ^^^^^^^^^^^^^^^^^
  File "/home/airflow/.local/lib/python3.12/site-packages/airflow/utils/session.py", line 97, in wrapper
    return func(*args, session=session, **kwargs)
           ^^^^^^^^^^^^^^^^^^^^^^^^^^^^^^^^^^^^^^
  File "/home/airflow/.local/lib/python3.12/site-packages/airflow/models/taskinstance.py", line 3005, in _run_raw_task
    return _run_raw_task(
           ^^^^^^^^^^^^^^
  File "/home/airflow/.local/lib/python3.12/site-packages/airflow/models/taskinstance.py", line 273, in _run_raw_task
    TaskInstance._execute_task_with_callbacks(
  File "/home/airflow/.local/lib/python3.12/site-packages/airflow/models/taskinstance.py", line 3159, in _execute_task_with_callbacks
    result = self._execute_task(context, task_orig)
             ^^^^^^^^^^^^^^^^^^^^^^^^^^^^^^^^^^^^^^
  File "/home/airflow/.local/lib/python3.12/site-packages/airflow/models/taskinstance.py", line 3183, in _execute_task
    return _execute_task(self, context, task_orig)
           ^^^^^^^^^^^^^^^^^^^^^^^^^^^^^^^^^^^^^^^
  File "/home/airflow/.local/lib/python3.12/site-packages/airflow/models/taskinstance.py", line 767, in _execute_task
    result = _execute_callable(context=context, **execute_callable_kwargs)
             ^^^^^^^^^^^^^^^^^^^^^^^^^^^^^^^^^^^^^^^^^^^^^^^^^^^^^^^^^^^^^
  File "/home/airflow/.local/lib/python3.12/site-packages/airflow/models/taskinstance.py", line 733, in _execute_callable
    return ExecutionCallableRunner(
           ^^^^^^^^^^^^^^^^^^^^^^^^
  File "/home/airflow/.local/lib/python3.12/site-packages/airflow/utils/operator_helpers.py", line 252, in run
    return self.func(*args, **kwargs)
           ^^^^^^^^^^^^^^^^^^^^^^^^^^
  File "/home/airflow/.local/lib/python3.12/site-packages/airflow/models/baseoperator.py", line 417, in wrapper
    return func(self, *args, **kwargs)
           ^^^^^^^^^^^^^^^^^^^^^^^^^^^
  File "/home/airflow/.local/lib/python3.12/site-packages/airflow/providers/apache/spark/operators/spark_submit.py", line 176, in execute
    self._hook.submit(self.application)
  File "/home/airflow/.local/lib/python3.12/site-packages/airflow/providers/apache/spark/hooks/spark_submit.py", line 560, in submit
    raise AirflowException(
airflow.exceptions.AirflowException: Cannot execute: spark-submit --master spark://sparkingflow-spark-master-1:7077 --name arrow-spark --deploy-mode client jobs/python/wordcountjob.py. Error code is: 1.
[2024-12-04T16:55:13.062+0000] {local_task_job_runner.py:266} INFO - Task exited with return code 1
[2024-12-04T16:55:13.162+0000] {taskinstance.py:3895} INFO - 0 downstream tasks scheduled from follow-on schedule check
[2024-12-04T16:55:13.171+0000] {local_task_job_runner.py:245} INFO - ::endgroup::
