[2024-12-04T00:17:31.369+0000] {local_task_job_runner.py:123} INFO - ::group::Pre task execution logs
[2024-12-04T00:17:31.384+0000] {taskinstance.py:2613} INFO - Dependencies all met for dep_context=non-requeueable deps ti=<TaskInstance: sparking_flow.java_job scheduled__2024-12-03T00:00:00+00:00 [queued]>
[2024-12-04T00:17:31.392+0000] {taskinstance.py:2613} INFO - Dependencies all met for dep_context=requeueable deps ti=<TaskInstance: sparking_flow.java_job scheduled__2024-12-03T00:00:00+00:00 [queued]>
[2024-12-04T00:17:31.392+0000] {taskinstance.py:2866} INFO - Starting attempt 1 of 1
[2024-12-04T00:17:31.403+0000] {taskinstance.py:2889} INFO - Executing <Task(SparkSubmitOperator): java_job> on 2024-12-03 00:00:00+00:00
[2024-12-04T00:17:31.411+0000] {logging_mixin.py:190} WARNING - /home/***/.local/lib/python3.12/site-packages/***/task/task_runner/standard_task_runner.py:70 DeprecationWarning: This process (pid=2924) is multi-threaded, use of fork() may lead to deadlocks in the child.
[2024-12-04T00:17:31.414+0000] {standard_task_runner.py:72} INFO - Started process 2925 to run task
[2024-12-04T00:17:31.412+0000] {standard_task_runner.py:104} INFO - Running: ['***', 'tasks', 'run', 'sparking_flow', 'java_job', 'scheduled__2024-12-03T00:00:00+00:00', '--job-id', '62', '--raw', '--subdir', 'DAGS_FOLDER/spark_***.py', '--cfg-path', '/tmp/tmpg_s59wyv']
[2024-12-04T00:17:31.416+0000] {standard_task_runner.py:105} INFO - Job 62: Subtask java_job
[2024-12-04T00:17:31.473+0000] {task_command.py:467} INFO - Running <TaskInstance: sparking_flow.java_job scheduled__2024-12-03T00:00:00+00:00 [running]> on host 53f207c7dacd
[2024-12-04T00:17:31.552+0000] {taskinstance.py:3132} INFO - Exporting env vars: AIRFLOW_CTX_DAG_OWNER='Yusuf Ganiyu' AIRFLOW_CTX_DAG_ID='sparking_flow' AIRFLOW_CTX_TASK_ID='java_job' AIRFLOW_CTX_EXECUTION_DATE='2024-12-03T00:00:00+00:00' AIRFLOW_CTX_TRY_NUMBER='1' AIRFLOW_CTX_DAG_RUN_ID='scheduled__2024-12-03T00:00:00+00:00'
[2024-12-04T00:17:31.553+0000] {taskinstance.py:731} INFO - ::endgroup::
[2024-12-04T00:17:31.580+0000] {base.py:84} INFO - Retrieving connection 'spark-conn'
[2024-12-04T00:17:31.581+0000] {spark_submit.py:473} INFO - Spark-Submit cmd: spark-submit --master spark://sparkingflow-spark-master-1:7077 --name arrow-spark --class com.airscholar.spark.WordCountJob --deploy-mode client jobs/java/spark-job/target/spark-job-1.0-SNAPSHOT.jar
[2024-12-04T00:17:34.671+0000] {spark_submit.py:634} INFO - 24/12/04 00:17:34 INFO SparkContext: Running Spark version 3.5.3
[2024-12-04T00:17:34.683+0000] {spark_submit.py:634} INFO - 24/12/04 00:17:34 INFO SparkContext: OS info Linux, 6.6.31-linuxkit, aarch64
[2024-12-04T00:17:34.684+0000] {spark_submit.py:634} INFO - 24/12/04 00:17:34 INFO SparkContext: Java version 17.0.13
[2024-12-04T00:17:34.782+0000] {spark_submit.py:634} INFO - 24/12/04 00:17:34 WARN NativeCodeLoader: Unable to load native-hadoop library for your platform... using builtin-java classes where applicable
[2024-12-04T00:17:34.896+0000] {spark_submit.py:634} INFO - 24/12/04 00:17:34 INFO ResourceUtils: ==============================================================
[2024-12-04T00:17:34.897+0000] {spark_submit.py:634} INFO - 24/12/04 00:17:34 INFO ResourceUtils: No custom resources configured for spark.driver.
[2024-12-04T00:17:34.898+0000] {spark_submit.py:634} INFO - 24/12/04 00:17:34 INFO ResourceUtils: ==============================================================
[2024-12-04T00:17:34.901+0000] {spark_submit.py:634} INFO - 24/12/04 00:17:34 INFO SparkContext: Submitted application: Word Count Job
[2024-12-04T00:17:34.927+0000] {spark_submit.py:634} INFO - 24/12/04 00:17:34 INFO ResourceProfile: Default ResourceProfile created, executor resources: Map(cores -> name: cores, amount: 1, script: , vendor: , memory -> name: memory, amount: 1024, script: , vendor: , offHeap -> name: offHeap, amount: 0, script: , vendor: ), task resources: Map(cpus -> name: cpus, amount: 1.0)
[2024-12-04T00:17:34.937+0000] {spark_submit.py:634} INFO - 24/12/04 00:17:34 INFO ResourceProfile: Limiting resource is cpu
[2024-12-04T00:17:34.939+0000] {spark_submit.py:634} INFO - 24/12/04 00:17:34 INFO ResourceProfileManager: Added ResourceProfile id: 0
[2024-12-04T00:17:35.006+0000] {spark_submit.py:634} INFO - 24/12/04 00:17:35 INFO SecurityManager: Changing view acls to: ***
[2024-12-04T00:17:35.008+0000] {spark_submit.py:634} INFO - 24/12/04 00:17:35 INFO SecurityManager: Changing modify acls to: ***
[2024-12-04T00:17:35.009+0000] {spark_submit.py:634} INFO - 24/12/04 00:17:35 INFO SecurityManager: Changing view acls groups to:
[2024-12-04T00:17:35.010+0000] {spark_submit.py:634} INFO - 24/12/04 00:17:35 INFO SecurityManager: Changing modify acls groups to:
[2024-12-04T00:17:35.011+0000] {spark_submit.py:634} INFO - 24/12/04 00:17:35 INFO SecurityManager: SecurityManager: authentication disabled; ui acls disabled; users with view permissions: ***; groups with view permissions: EMPTY; users with modify permissions: ***; groups with modify permissions: EMPTY
[2024-12-04T00:17:35.307+0000] {spark_submit.py:634} INFO - 24/12/04 00:17:35 INFO Utils: Successfully started service 'sparkDriver' on port 36351.
[2024-12-04T00:17:35.360+0000] {spark_submit.py:634} INFO - 24/12/04 00:17:35 INFO SparkEnv: Registering MapOutputTracker
[2024-12-04T00:17:35.402+0000] {spark_submit.py:634} INFO - 24/12/04 00:17:35 INFO SparkEnv: Registering BlockManagerMaster
[2024-12-04T00:17:35.420+0000] {spark_submit.py:634} INFO - 24/12/04 00:17:35 INFO BlockManagerMasterEndpoint: Using org.apache.spark.storage.DefaultTopologyMapper for getting topology information
[2024-12-04T00:17:35.421+0000] {spark_submit.py:634} INFO - 24/12/04 00:17:35 INFO BlockManagerMasterEndpoint: BlockManagerMasterEndpoint up
[2024-12-04T00:17:35.423+0000] {spark_submit.py:634} INFO - 24/12/04 00:17:35 INFO SparkEnv: Registering BlockManagerMasterHeartbeat
[2024-12-04T00:17:35.443+0000] {spark_submit.py:634} INFO - 24/12/04 00:17:35 INFO DiskBlockManager: Created local directory at /tmp/blockmgr-e3e1e907-8d11-4549-8b40-8ae7b557ce49
[2024-12-04T00:17:35.459+0000] {spark_submit.py:634} INFO - 24/12/04 00:17:35 INFO MemoryStore: MemoryStore started with capacity 434.4 MiB
[2024-12-04T00:17:35.474+0000] {spark_submit.py:634} INFO - 24/12/04 00:17:35 INFO SparkEnv: Registering OutputCommitCoordinator
[2024-12-04T00:17:35.610+0000] {spark_submit.py:634} INFO - 24/12/04 00:17:35 INFO JettyUtils: Start Jetty 0.0.0.0:4040 for SparkUI
[2024-12-04T00:17:35.696+0000] {spark_submit.py:634} INFO - 24/12/04 00:17:35 INFO Utils: Successfully started service 'SparkUI' on port 4040.
[2024-12-04T00:17:35.733+0000] {spark_submit.py:634} INFO - 24/12/04 00:17:35 INFO SparkContext: Added JAR file:/opt/***/jobs/java/spark-job/target/spark-job-1.0-SNAPSHOT.jar at spark://53f207c7dacd:36351/jars/spark-job-1.0-SNAPSHOT.jar with timestamp 1733271454651
[2024-12-04T00:17:35.801+0000] {spark_submit.py:634} INFO - 24/12/04 00:17:35 INFO Executor: Starting executor ID driver on host 53f207c7dacd
[2024-12-04T00:17:35.802+0000] {spark_submit.py:634} INFO - 24/12/04 00:17:35 INFO Executor: OS info Linux, 6.6.31-linuxkit, aarch64
[2024-12-04T00:17:35.802+0000] {spark_submit.py:634} INFO - 24/12/04 00:17:35 INFO Executor: Java version 17.0.13
[2024-12-04T00:17:35.810+0000] {spark_submit.py:634} INFO - 24/12/04 00:17:35 INFO Executor: Starting executor with user classpath (userClassPathFirst = false): ''
[2024-12-04T00:17:35.811+0000] {spark_submit.py:634} INFO - 24/12/04 00:17:35 INFO Executor: Created or updated repl class loader org.apache.spark.util.MutableURLClassLoader@38f77cd9 for default.
[2024-12-04T00:17:35.848+0000] {spark_submit.py:634} INFO - 24/12/04 00:17:35 INFO Executor: Fetching spark://53f207c7dacd:36351/jars/spark-job-1.0-SNAPSHOT.jar with timestamp 1733271454651
[2024-12-04T00:17:35.902+0000] {spark_submit.py:634} INFO - 24/12/04 00:17:35 INFO TransportClientFactory: Successfully created connection to 53f207c7dacd/172.18.0.4:36351 after 29 ms (0 ms spent in bootstraps)
[2024-12-04T00:17:35.907+0000] {spark_submit.py:634} INFO - 24/12/04 00:17:35 INFO Utils: Fetching spark://53f207c7dacd:36351/jars/spark-job-1.0-SNAPSHOT.jar to /tmp/spark-ad72d4a7-3392-4189-9e42-70e306ce9cc0/userFiles-f089b6dd-87f7-4a0b-befa-21a028159b42/fetchFileTemp2978029014775037920.tmp
[2024-12-04T00:17:35.954+0000] {spark_submit.py:634} INFO - 24/12/04 00:17:35 INFO Executor: Adding file:/tmp/spark-ad72d4a7-3392-4189-9e42-70e306ce9cc0/userFiles-f089b6dd-87f7-4a0b-befa-21a028159b42/spark-job-1.0-SNAPSHOT.jar to class loader default
[2024-12-04T00:17:35.961+0000] {spark_submit.py:634} INFO - 24/12/04 00:17:35 INFO Utils: Successfully started service 'org.apache.spark.network.netty.NettyBlockTransferService' on port 37231.
[2024-12-04T00:17:35.962+0000] {spark_submit.py:634} INFO - 24/12/04 00:17:35 INFO NettyBlockTransferService: Server created on 53f207c7dacd:37231
[2024-12-04T00:17:35.966+0000] {spark_submit.py:634} INFO - 24/12/04 00:17:35 INFO BlockManager: Using org.apache.spark.storage.RandomBlockReplicationPolicy for block replication policy
[2024-12-04T00:17:35.972+0000] {spark_submit.py:634} INFO - 24/12/04 00:17:35 INFO BlockManagerMaster: Registering BlockManager BlockManagerId(driver, 53f207c7dacd, 37231, None)
[2024-12-04T00:17:35.975+0000] {spark_submit.py:634} INFO - 24/12/04 00:17:35 INFO BlockManagerMasterEndpoint: Registering block manager 53f207c7dacd:37231 with 434.4 MiB RAM, BlockManagerId(driver, 53f207c7dacd, 37231, None)
[2024-12-04T00:17:35.978+0000] {spark_submit.py:634} INFO - 24/12/04 00:17:35 INFO BlockManagerMaster: Registered BlockManager BlockManagerId(driver, 53f207c7dacd, 37231, None)
[2024-12-04T00:17:35.979+0000] {spark_submit.py:634} INFO - 24/12/04 00:17:35 INFO BlockManager: Initialized BlockManager: BlockManagerId(driver, 53f207c7dacd, 37231, None)
[2024-12-04T00:17:37.099+0000] {spark_submit.py:634} INFO - 24/12/04 00:17:37 INFO SparkContext: Starting job: collect at WordCountJob.java:37
[2024-12-04T00:17:37.150+0000] {spark_submit.py:634} INFO - 24/12/04 00:17:37 INFO DAGScheduler: Registering RDD 2 (mapToPair at WordCountJob.java:33) as input to shuffle 0
[2024-12-04T00:17:37.158+0000] {spark_submit.py:634} INFO - 24/12/04 00:17:37 INFO DAGScheduler: Got job 0 (collect at WordCountJob.java:37) with 1 output partitions
[2024-12-04T00:17:37.159+0000] {spark_submit.py:634} INFO - 24/12/04 00:17:37 INFO DAGScheduler: Final stage: ResultStage 1 (collect at WordCountJob.java:37)
[2024-12-04T00:17:37.160+0000] {spark_submit.py:634} INFO - 24/12/04 00:17:37 INFO DAGScheduler: Parents of final stage: List(ShuffleMapStage 0)
[2024-12-04T00:17:37.164+0000] {spark_submit.py:634} INFO - 24/12/04 00:17:37 INFO DAGScheduler: Missing parents: List(ShuffleMapStage 0)
[2024-12-04T00:17:37.175+0000] {spark_submit.py:634} INFO - 24/12/04 00:17:37 INFO DAGScheduler: Submitting ShuffleMapStage 0 (MapPartitionsRDD[2] at mapToPair at WordCountJob.java:33), which has no missing parents
[2024-12-04T00:17:37.352+0000] {spark_submit.py:634} INFO - 24/12/04 00:17:37 INFO MemoryStore: Block broadcast_0 stored as values in memory (estimated size 6.4 KiB, free 434.4 MiB)
[2024-12-04T00:17:37.397+0000] {spark_submit.py:634} INFO - 24/12/04 00:17:37 INFO MemoryStore: Block broadcast_0_piece0 stored as bytes in memory (estimated size 3.4 KiB, free 434.4 MiB)
[2024-12-04T00:17:37.400+0000] {spark_submit.py:634} INFO - 24/12/04 00:17:37 INFO BlockManagerInfo: Added broadcast_0_piece0 in memory on 53f207c7dacd:37231 (size: 3.4 KiB, free: 434.4 MiB)
[2024-12-04T00:17:37.409+0000] {spark_submit.py:634} INFO - 24/12/04 00:17:37 INFO SparkContext: Created broadcast 0 from broadcast at DAGScheduler.scala:1585
[2024-12-04T00:17:37.438+0000] {spark_submit.py:634} INFO - 24/12/04 00:17:37 INFO DAGScheduler: Submitting 1 missing tasks from ShuffleMapStage 0 (MapPartitionsRDD[2] at mapToPair at WordCountJob.java:33) (first 15 tasks are for partitions Vector(0))
[2024-12-04T00:17:37.439+0000] {spark_submit.py:634} INFO - 24/12/04 00:17:37 INFO TaskSchedulerImpl: Adding task set 0.0 with 1 tasks resource profile 0
[2024-12-04T00:17:37.545+0000] {spark_submit.py:634} INFO - 24/12/04 00:17:37 INFO TaskSetManager: Starting task 0.0 in stage 0.0 (TID 0) (53f207c7dacd, executor driver, partition 0, PROCESS_LOCAL, 9249 bytes)
[2024-12-04T00:17:37.570+0000] {spark_submit.py:634} INFO - 24/12/04 00:17:37 INFO Executor: Running task 0.0 in stage 0.0 (TID 0)
[2024-12-04T00:17:37.915+0000] {spark_submit.py:634} INFO - 24/12/04 00:17:37 INFO Executor: Finished task 0.0 in stage 0.0 (TID 0). 1216 bytes result sent to driver
[2024-12-04T00:17:37.941+0000] {spark_submit.py:634} INFO - 24/12/04 00:17:37 INFO TaskSetManager: Finished task 0.0 in stage 0.0 (TID 0) in 440 ms on 53f207c7dacd (executor driver) (1/1)
[2024-12-04T00:17:37.945+0000] {spark_submit.py:634} INFO - 24/12/04 00:17:37 INFO TaskSchedulerImpl: Removed TaskSet 0.0, whose tasks have all completed, from pool
[2024-12-04T00:17:37.964+0000] {spark_submit.py:634} INFO - 24/12/04 00:17:37 INFO DAGScheduler: ShuffleMapStage 0 (mapToPair at WordCountJob.java:33) finished in 0.760 s
[2024-12-04T00:17:37.970+0000] {spark_submit.py:634} INFO - 24/12/04 00:17:37 INFO DAGScheduler: looking for newly runnable stages
[2024-12-04T00:17:37.971+0000] {spark_submit.py:634} INFO - 24/12/04 00:17:37 INFO DAGScheduler: running: Set()
[2024-12-04T00:17:37.973+0000] {spark_submit.py:634} INFO - 24/12/04 00:17:37 INFO DAGScheduler: waiting: Set(ResultStage 1)
[2024-12-04T00:17:37.976+0000] {spark_submit.py:634} INFO - 24/12/04 00:17:37 INFO DAGScheduler: failed: Set()
[2024-12-04T00:17:37.979+0000] {spark_submit.py:634} INFO - 24/12/04 00:17:37 INFO DAGScheduler: Submitting ResultStage 1 (ShuffledRDD[3] at reduceByKey at WordCountJob.java:34), which has no missing parents
[2024-12-04T00:17:37.993+0000] {spark_submit.py:634} INFO - 24/12/04 00:17:37 INFO MemoryStore: Block broadcast_1 stored as values in memory (estimated size 5.2 KiB, free 434.4 MiB)
[2024-12-04T00:17:38.035+0000] {spark_submit.py:634} INFO - 24/12/04 00:17:38 INFO MemoryStore: Block broadcast_1_piece0 stored as bytes in memory (estimated size 2.9 KiB, free 434.4 MiB)
[2024-12-04T00:17:38.042+0000] {spark_submit.py:634} INFO - 24/12/04 00:17:38 INFO BlockManagerInfo: Added broadcast_1_piece0 in memory on 53f207c7dacd:37231 (size: 2.9 KiB, free: 434.4 MiB)
[2024-12-04T00:17:38.044+0000] {spark_submit.py:634} INFO - 24/12/04 00:17:38 INFO SparkContext: Created broadcast 1 from broadcast at DAGScheduler.scala:1585
[2024-12-04T00:17:38.047+0000] {spark_submit.py:634} INFO - 24/12/04 00:17:38 INFO DAGScheduler: Submitting 1 missing tasks from ResultStage 1 (ShuffledRDD[3] at reduceByKey at WordCountJob.java:34) (first 15 tasks are for partitions Vector(0))
[2024-12-04T00:17:38.047+0000] {spark_submit.py:634} INFO - 24/12/04 00:17:38 INFO TaskSchedulerImpl: Adding task set 1.0 with 1 tasks resource profile 0
[2024-12-04T00:17:38.059+0000] {spark_submit.py:634} INFO - 24/12/04 00:17:38 INFO TaskSetManager: Starting task 0.0 in stage 1.0 (TID 1) (53f207c7dacd, executor driver, partition 0, NODE_LOCAL, 9002 bytes)
[2024-12-04T00:17:38.061+0000] {spark_submit.py:634} INFO - 24/12/04 00:17:38 INFO Executor: Running task 0.0 in stage 1.0 (TID 1)
[2024-12-04T00:17:38.168+0000] {spark_submit.py:634} INFO - 24/12/04 00:17:38 INFO ShuffleBlockFetcherIterator: Getting 1 (189.0 B) non-empty blocks including 1 (189.0 B) local and 0 (0.0 B) host-local and 0 (0.0 B) push-merged-local and 0 (0.0 B) remote blocks
[2024-12-04T00:17:38.171+0000] {spark_submit.py:634} INFO - 24/12/04 00:17:38 INFO ShuffleBlockFetcherIterator: Started 0 remote fetches in 20 ms
[2024-12-04T00:17:38.212+0000] {spark_submit.py:634} INFO - 24/12/04 00:17:38 INFO Executor: Finished task 0.0 in stage 1.0 (TID 1). 2001 bytes result sent to driver
[2024-12-04T00:17:38.223+0000] {spark_submit.py:634} INFO - 24/12/04 00:17:38 INFO TaskSetManager: Finished task 0.0 in stage 1.0 (TID 1) in 168 ms on 53f207c7dacd (executor driver) (1/1)
[2024-12-04T00:17:38.226+0000] {spark_submit.py:634} INFO - 24/12/04 00:17:38 INFO TaskSchedulerImpl: Removed TaskSet 1.0, whose tasks have all completed, from pool
[2024-12-04T00:17:38.226+0000] {spark_submit.py:634} INFO - 24/12/04 00:17:38 INFO DAGScheduler: ResultStage 1 (collect at WordCountJob.java:37) finished in 0.236 s
[2024-12-04T00:17:38.230+0000] {spark_submit.py:634} INFO - 24/12/04 00:17:38 INFO DAGScheduler: Job 0 is finished. Cancelling potential speculative or zombie tasks for this job
[2024-12-04T00:17:38.232+0000] {spark_submit.py:634} INFO - 24/12/04 00:17:38 INFO TaskSchedulerImpl: Killing all running tasks in stage 1: Stage finished
[2024-12-04T00:17:38.239+0000] {spark_submit.py:634} INFO - 24/12/04 00:17:38 INFO DAGScheduler: Job 0 finished: collect at WordCountJob.java:37, took 1.140070 s
[2024-12-04T00:17:38.243+0000] {spark_submit.py:634} INFO - spark: 1
[2024-12-04T00:17:38.244+0000] {spark_submit.py:634} INFO - docker: 1
[2024-12-04T00:17:38.245+0000] {spark_submit.py:634} INFO - Yusuf: 1
[2024-12-04T00:17:38.245+0000] {spark_submit.py:634} INFO - hello: 5
[2024-12-04T00:17:38.247+0000] {spark_submit.py:634} INFO - java: 1
[2024-12-04T00:17:38.248+0000] {spark_submit.py:634} INFO - world: 1
[2024-12-04T00:17:38.251+0000] {spark_submit.py:634} INFO - 24/12/04 00:17:38 INFO SparkContext: SparkContext is stopping with exitCode 0.
[2024-12-04T00:17:38.269+0000] {spark_submit.py:634} INFO - 24/12/04 00:17:38 INFO SparkUI: Stopped Spark web UI at http://53f207c7dacd:4040
[2024-12-04T00:17:38.293+0000] {spark_submit.py:634} INFO - 24/12/04 00:17:38 INFO MapOutputTrackerMasterEndpoint: MapOutputTrackerMasterEndpoint stopped!
[2024-12-04T00:17:38.329+0000] {spark_submit.py:634} INFO - 24/12/04 00:17:38 INFO MemoryStore: MemoryStore cleared
[2024-12-04T00:17:38.330+0000] {spark_submit.py:634} INFO - 24/12/04 00:17:38 INFO BlockManager: BlockManager stopped
[2024-12-04T00:17:38.353+0000] {spark_submit.py:634} INFO - 24/12/04 00:17:38 INFO BlockManagerMaster: BlockManagerMaster stopped
[2024-12-04T00:17:38.358+0000] {spark_submit.py:634} INFO - 24/12/04 00:17:38 INFO OutputCommitCoordinator$OutputCommitCoordinatorEndpoint: OutputCommitCoordinator stopped!
[2024-12-04T00:17:38.397+0000] {spark_submit.py:634} INFO - 24/12/04 00:17:38 INFO SparkContext: Successfully stopped SparkContext
[2024-12-04T00:17:38.416+0000] {spark_submit.py:634} INFO - 24/12/04 00:17:38 INFO ShutdownHookManager: Shutdown hook called
[2024-12-04T00:17:38.422+0000] {spark_submit.py:634} INFO - 24/12/04 00:17:38 INFO ShutdownHookManager: Deleting directory /tmp/spark-ad72d4a7-3392-4189-9e42-70e306ce9cc0
[2024-12-04T00:17:38.430+0000] {spark_submit.py:634} INFO - 24/12/04 00:17:38 INFO ShutdownHookManager: Deleting directory /tmp/spark-3e762c47-a24a-44c6-9bef-1d34f1d8039a
[2024-12-04T00:17:38.550+0000] {taskinstance.py:340} INFO - ::group::Post task execution logs
[2024-12-04T00:17:38.556+0000] {taskinstance.py:352} INFO - Marking task as SUCCESS. dag_id=sparking_flow, task_id=java_job, run_id=scheduled__2024-12-03T00:00:00+00:00, execution_date=20241203T000000, start_date=20241204T001731, end_date=20241204T001738
[2024-12-04T00:17:38.625+0000] {local_task_job_runner.py:266} INFO - Task exited with return code 0
[2024-12-04T00:17:38.717+0000] {taskinstance.py:3895} INFO - 0 downstream tasks scheduled from follow-on schedule check
[2024-12-04T00:17:38.720+0000] {local_task_job_runner.py:245} INFO - ::endgroup::
