[2024-12-08T16:21:21.575+0000] {local_task_job_runner.py:123} INFO - ::group::Pre task execution logs
[2024-12-08T16:21:21.590+0000] {taskinstance.py:2613} INFO - Dependencies all met for dep_context=non-requeueable deps ti=<TaskInstance: sparking_flow.java_job manual__2024-12-08T16:21:19.446508+00:00 [queued]>
[2024-12-08T16:21:21.596+0000] {taskinstance.py:2613} INFO - Dependencies all met for dep_context=requeueable deps ti=<TaskInstance: sparking_flow.java_job manual__2024-12-08T16:21:19.446508+00:00 [queued]>
[2024-12-08T16:21:21.596+0000] {taskinstance.py:2866} INFO - Starting attempt 1 of 1
[2024-12-08T16:21:21.605+0000] {taskinstance.py:2889} INFO - Executing <Task(SparkSubmitOperator): java_job> on 2024-12-08 16:21:19.446508+00:00
[2024-12-08T16:21:21.611+0000] {logging_mixin.py:190} WARNING - /home/***/.local/lib/python3.12/site-packages/***/task/task_runner/standard_task_runner.py:70 DeprecationWarning: This process (pid=187) is multi-threaded, use of fork() may lead to deadlocks in the child.
[2024-12-08T16:21:21.613+0000] {standard_task_runner.py:72} INFO - Started process 191 to run task
[2024-12-08T16:21:21.612+0000] {standard_task_runner.py:104} INFO - Running: ['***', 'tasks', 'run', 'sparking_flow', 'java_job', 'manual__2024-12-08T16:21:19.446508+00:00', '--job-id', '199', '--raw', '--subdir', 'DAGS_FOLDER/spark_***.py', '--cfg-path', '/tmp/tmpd_jm6vqo']
[2024-12-08T16:21:21.614+0000] {standard_task_runner.py:105} INFO - Job 199: Subtask java_job
[2024-12-08T16:21:21.659+0000] {task_command.py:467} INFO - Running <TaskInstance: sparking_flow.java_job manual__2024-12-08T16:21:19.446508+00:00 [running]> on host 2a892a3469ec
[2024-12-08T16:21:21.736+0000] {taskinstance.py:3132} INFO - Exporting env vars: AIRFLOW_CTX_DAG_OWNER='Yusuf Ganiyu' AIRFLOW_CTX_DAG_ID='sparking_flow' AIRFLOW_CTX_TASK_ID='java_job' AIRFLOW_CTX_EXECUTION_DATE='2024-12-08T16:21:19.446508+00:00' AIRFLOW_CTX_TRY_NUMBER='1' AIRFLOW_CTX_DAG_RUN_ID='manual__2024-12-08T16:21:19.446508+00:00'
[2024-12-08T16:21:21.737+0000] {taskinstance.py:731} INFO - ::endgroup::
[2024-12-08T16:21:21.760+0000] {base.py:84} INFO - Retrieving connection 'spark-conn'
[2024-12-08T16:21:21.761+0000] {spark_submit.py:473} INFO - Spark-Submit cmd: spark-submit --master spark://sparkingflow-spark-master-1:7077 --name arrow-spark --class com.airscholar.spark.WordCountJob --deploy-mode client jobs/java/spark-job/target/spark-job-1.0-SNAPSHOT.jar
[2024-12-08T16:21:24.999+0000] {spark_submit.py:634} INFO - 24/12/08 16:21:24 INFO SparkContext: Running Spark version 3.5.3
[2024-12-08T16:21:25.004+0000] {spark_submit.py:634} INFO - 24/12/08 16:21:25 INFO SparkContext: OS info Linux, 6.10.14-linuxkit, aarch64
[2024-12-08T16:21:25.010+0000] {spark_submit.py:634} INFO - 24/12/08 16:21:25 INFO SparkContext: Java version 17.0.13
[2024-12-08T16:21:25.128+0000] {spark_submit.py:634} INFO - 24/12/08 16:21:25 WARN NativeCodeLoader: Unable to load native-hadoop library for your platform... using builtin-java classes where applicable
[2024-12-08T16:21:25.269+0000] {spark_submit.py:634} INFO - 24/12/08 16:21:25 INFO ResourceUtils: ==============================================================
[2024-12-08T16:21:25.271+0000] {spark_submit.py:634} INFO - 24/12/08 16:21:25 INFO ResourceUtils: No custom resources configured for spark.driver.
[2024-12-08T16:21:25.271+0000] {spark_submit.py:634} INFO - 24/12/08 16:21:25 INFO ResourceUtils: ==============================================================
[2024-12-08T16:21:25.272+0000] {spark_submit.py:634} INFO - 24/12/08 16:21:25 INFO SparkContext: Submitted application: Word Count Job
[2024-12-08T16:21:25.302+0000] {spark_submit.py:634} INFO - 24/12/08 16:21:25 INFO ResourceProfile: Default ResourceProfile created, executor resources: Map(cores -> name: cores, amount: 1, script: , vendor: , memory -> name: memory, amount: 1024, script: , vendor: , offHeap -> name: offHeap, amount: 0, script: , vendor: ), task resources: Map(cpus -> name: cpus, amount: 1.0)
[2024-12-08T16:21:25.318+0000] {spark_submit.py:634} INFO - 24/12/08 16:21:25 INFO ResourceProfile: Limiting resource is cpu
[2024-12-08T16:21:25.319+0000] {spark_submit.py:634} INFO - 24/12/08 16:21:25 INFO ResourceProfileManager: Added ResourceProfile id: 0
[2024-12-08T16:21:25.406+0000] {spark_submit.py:634} INFO - 24/12/08 16:21:25 INFO SecurityManager: Changing view acls to: ***
[2024-12-08T16:21:25.408+0000] {spark_submit.py:634} INFO - 24/12/08 16:21:25 INFO SecurityManager: Changing modify acls to: ***
[2024-12-08T16:21:25.409+0000] {spark_submit.py:634} INFO - 24/12/08 16:21:25 INFO SecurityManager: Changing view acls groups to:
[2024-12-08T16:21:25.409+0000] {spark_submit.py:634} INFO - 24/12/08 16:21:25 INFO SecurityManager: Changing modify acls groups to:
[2024-12-08T16:21:25.411+0000] {spark_submit.py:634} INFO - 24/12/08 16:21:25 INFO SecurityManager: SecurityManager: authentication disabled; ui acls disabled; users with view permissions: ***; groups with view permissions: EMPTY; users with modify permissions: ***; groups with modify permissions: EMPTY
[2024-12-08T16:21:25.772+0000] {spark_submit.py:634} INFO - 24/12/08 16:21:25 INFO Utils: Successfully started service 'sparkDriver' on port 43815.
[2024-12-08T16:21:25.820+0000] {spark_submit.py:634} INFO - 24/12/08 16:21:25 INFO SparkEnv: Registering MapOutputTracker
[2024-12-08T16:21:25.875+0000] {spark_submit.py:634} INFO - 24/12/08 16:21:25 INFO SparkEnv: Registering BlockManagerMaster
[2024-12-08T16:21:25.908+0000] {spark_submit.py:634} INFO - 24/12/08 16:21:25 INFO BlockManagerMasterEndpoint: Using org.apache.spark.storage.DefaultTopologyMapper for getting topology information
[2024-12-08T16:21:25.909+0000] {spark_submit.py:634} INFO - 24/12/08 16:21:25 INFO BlockManagerMasterEndpoint: BlockManagerMasterEndpoint up
[2024-12-08T16:21:25.914+0000] {spark_submit.py:634} INFO - 24/12/08 16:21:25 INFO SparkEnv: Registering BlockManagerMasterHeartbeat
[2024-12-08T16:21:25.940+0000] {spark_submit.py:634} INFO - 24/12/08 16:21:25 INFO DiskBlockManager: Created local directory at /tmp/blockmgr-f06a678e-b341-4f54-b32c-5a27140c3582
[2024-12-08T16:21:25.957+0000] {spark_submit.py:634} INFO - 24/12/08 16:21:25 INFO MemoryStore: MemoryStore started with capacity 434.4 MiB
[2024-12-08T16:21:25.979+0000] {spark_submit.py:634} INFO - 24/12/08 16:21:25 INFO SparkEnv: Registering OutputCommitCoordinator
[2024-12-08T16:21:26.227+0000] {spark_submit.py:634} INFO - 24/12/08 16:21:26 INFO JettyUtils: Start Jetty 0.0.0.0:4040 for SparkUI
[2024-12-08T16:21:26.311+0000] {spark_submit.py:634} INFO - 24/12/08 16:21:26 INFO Utils: Successfully started service 'SparkUI' on port 4040.
[2024-12-08T16:21:26.372+0000] {spark_submit.py:634} INFO - 24/12/08 16:21:26 INFO SparkContext: Added JAR file:/opt/***/jobs/java/spark-job/target/spark-job-1.0-SNAPSHOT.jar at spark://2a892a3469ec:43815/jars/spark-job-1.0-SNAPSHOT.jar with timestamp 1733674884979
[2024-12-08T16:21:26.483+0000] {spark_submit.py:634} INFO - 24/12/08 16:21:26 INFO Executor: Starting executor ID driver on host 2a892a3469ec
[2024-12-08T16:21:26.484+0000] {spark_submit.py:634} INFO - 24/12/08 16:21:26 INFO Executor: OS info Linux, 6.10.14-linuxkit, aarch64
[2024-12-08T16:21:26.485+0000] {spark_submit.py:634} INFO - 24/12/08 16:21:26 INFO Executor: Java version 17.0.13
[2024-12-08T16:21:26.495+0000] {spark_submit.py:634} INFO - 24/12/08 16:21:26 INFO Executor: Starting executor with user classpath (userClassPathFirst = false): ''
[2024-12-08T16:21:26.496+0000] {spark_submit.py:634} INFO - 24/12/08 16:21:26 INFO Executor: Created or updated repl class loader org.apache.spark.util.MutableURLClassLoader@38f77cd9 for default.
[2024-12-08T16:21:26.537+0000] {spark_submit.py:634} INFO - 24/12/08 16:21:26 INFO Executor: Fetching spark://2a892a3469ec:43815/jars/spark-job-1.0-SNAPSHOT.jar with timestamp 1733674884979
[2024-12-08T16:21:26.629+0000] {spark_submit.py:634} INFO - 24/12/08 16:21:26 INFO TransportClientFactory: Successfully created connection to 2a892a3469ec/172.18.0.4:43815 after 43 ms (0 ms spent in bootstraps)
[2024-12-08T16:21:26.646+0000] {spark_submit.py:634} INFO - 24/12/08 16:21:26 INFO Utils: Fetching spark://2a892a3469ec:43815/jars/spark-job-1.0-SNAPSHOT.jar to /tmp/spark-7fc42be7-9b66-4e77-8f02-cc7b6ca0a8d4/userFiles-e0f69f22-ce9d-42bd-965a-0ae18ecc3224/fetchFileTemp3730586623488653657.tmp
[2024-12-08T16:21:26.779+0000] {spark_submit.py:634} INFO - 24/12/08 16:21:26 INFO Executor: Adding file:/tmp/spark-7fc42be7-9b66-4e77-8f02-cc7b6ca0a8d4/userFiles-e0f69f22-ce9d-42bd-965a-0ae18ecc3224/spark-job-1.0-SNAPSHOT.jar to class loader default
[2024-12-08T16:21:26.791+0000] {spark_submit.py:634} INFO - 24/12/08 16:21:26 INFO Utils: Successfully started service 'org.apache.spark.network.netty.NettyBlockTransferService' on port 44583.
[2024-12-08T16:21:26.792+0000] {spark_submit.py:634} INFO - 24/12/08 16:21:26 INFO NettyBlockTransferService: Server created on 2a892a3469ec:44583
[2024-12-08T16:21:26.795+0000] {spark_submit.py:634} INFO - 24/12/08 16:21:26 INFO BlockManager: Using org.apache.spark.storage.RandomBlockReplicationPolicy for block replication policy
[2024-12-08T16:21:26.803+0000] {spark_submit.py:634} INFO - 24/12/08 16:21:26 INFO BlockManagerMaster: Registering BlockManager BlockManagerId(driver, 2a892a3469ec, 44583, None)
[2024-12-08T16:21:26.807+0000] {spark_submit.py:634} INFO - 24/12/08 16:21:26 INFO BlockManagerMasterEndpoint: Registering block manager 2a892a3469ec:44583 with 434.4 MiB RAM, BlockManagerId(driver, 2a892a3469ec, 44583, None)
[2024-12-08T16:21:26.811+0000] {spark_submit.py:634} INFO - 24/12/08 16:21:26 INFO BlockManagerMaster: Registered BlockManager BlockManagerId(driver, 2a892a3469ec, 44583, None)
[2024-12-08T16:21:26.812+0000] {spark_submit.py:634} INFO - 24/12/08 16:21:26 INFO BlockManager: Initialized BlockManager: BlockManagerId(driver, 2a892a3469ec, 44583, None)
[2024-12-08T16:21:27.793+0000] {spark_submit.py:634} INFO - 24/12/08 16:21:27 INFO SparkContext: Starting job: collect at WordCountJob.java:37
[2024-12-08T16:21:27.844+0000] {spark_submit.py:634} INFO - 24/12/08 16:21:27 INFO DAGScheduler: Registering RDD 2 (mapToPair at WordCountJob.java:33) as input to shuffle 0
[2024-12-08T16:21:27.849+0000] {spark_submit.py:634} INFO - 24/12/08 16:21:27 INFO DAGScheduler: Got job 0 (collect at WordCountJob.java:37) with 1 output partitions
[2024-12-08T16:21:27.849+0000] {spark_submit.py:634} INFO - 24/12/08 16:21:27 INFO DAGScheduler: Final stage: ResultStage 1 (collect at WordCountJob.java:37)
[2024-12-08T16:21:27.850+0000] {spark_submit.py:634} INFO - 24/12/08 16:21:27 INFO DAGScheduler: Parents of final stage: List(ShuffleMapStage 0)
[2024-12-08T16:21:27.854+0000] {spark_submit.py:634} INFO - 24/12/08 16:21:27 INFO DAGScheduler: Missing parents: List(ShuffleMapStage 0)
[2024-12-08T16:21:27.856+0000] {spark_submit.py:634} INFO - 24/12/08 16:21:27 INFO DAGScheduler: Submitting ShuffleMapStage 0 (MapPartitionsRDD[2] at mapToPair at WordCountJob.java:33), which has no missing parents
[2024-12-08T16:21:27.972+0000] {spark_submit.py:634} INFO - 24/12/08 16:21:27 INFO MemoryStore: Block broadcast_0 stored as values in memory (estimated size 6.4 KiB, free 434.4 MiB)
[2024-12-08T16:21:28.033+0000] {spark_submit.py:634} INFO - 24/12/08 16:21:28 INFO MemoryStore: Block broadcast_0_piece0 stored as bytes in memory (estimated size 3.4 KiB, free 434.4 MiB)
[2024-12-08T16:21:28.049+0000] {spark_submit.py:634} INFO - 24/12/08 16:21:28 INFO BlockManagerInfo: Added broadcast_0_piece0 in memory on 2a892a3469ec:44583 (size: 3.4 KiB, free: 434.4 MiB)
[2024-12-08T16:21:28.055+0000] {spark_submit.py:634} INFO - 24/12/08 16:21:28 INFO SparkContext: Created broadcast 0 from broadcast at DAGScheduler.scala:1585
[2024-12-08T16:21:28.086+0000] {spark_submit.py:634} INFO - 24/12/08 16:21:28 INFO DAGScheduler: Submitting 1 missing tasks from ShuffleMapStage 0 (MapPartitionsRDD[2] at mapToPair at WordCountJob.java:33) (first 15 tasks are for partitions Vector(0))
[2024-12-08T16:21:28.090+0000] {spark_submit.py:634} INFO - 24/12/08 16:21:28 INFO TaskSchedulerImpl: Adding task set 0.0 with 1 tasks resource profile 0
[2024-12-08T16:21:28.166+0000] {spark_submit.py:634} INFO - 24/12/08 16:21:28 INFO TaskSetManager: Starting task 0.0 in stage 0.0 (TID 0) (2a892a3469ec, executor driver, partition 0, PROCESS_LOCAL, 9249 bytes)
[2024-12-08T16:21:28.189+0000] {spark_submit.py:634} INFO - 24/12/08 16:21:28 INFO Executor: Running task 0.0 in stage 0.0 (TID 0)
[2024-12-08T16:21:28.401+0000] {spark_submit.py:634} INFO - 24/12/08 16:21:28 INFO Executor: Finished task 0.0 in stage 0.0 (TID 0). 1259 bytes result sent to driver
[2024-12-08T16:21:28.440+0000] {spark_submit.py:634} INFO - 24/12/08 16:21:28 INFO TaskSetManager: Finished task 0.0 in stage 0.0 (TID 0) in 304 ms on 2a892a3469ec (executor driver) (1/1)
[2024-12-08T16:21:28.447+0000] {spark_submit.py:634} INFO - 24/12/08 16:21:28 INFO TaskSchedulerImpl: Removed TaskSet 0.0, whose tasks have all completed, from pool
[2024-12-08T16:21:28.453+0000] {spark_submit.py:634} INFO - 24/12/08 16:21:28 INFO DAGScheduler: ShuffleMapStage 0 (mapToPair at WordCountJob.java:33) finished in 0.576 s
[2024-12-08T16:21:28.454+0000] {spark_submit.py:634} INFO - 24/12/08 16:21:28 INFO DAGScheduler: looking for newly runnable stages
[2024-12-08T16:21:28.455+0000] {spark_submit.py:634} INFO - 24/12/08 16:21:28 INFO DAGScheduler: running: Set()
[2024-12-08T16:21:28.455+0000] {spark_submit.py:634} INFO - 24/12/08 16:21:28 INFO DAGScheduler: waiting: Set(ResultStage 1)
[2024-12-08T16:21:28.457+0000] {spark_submit.py:634} INFO - 24/12/08 16:21:28 INFO DAGScheduler: failed: Set()
[2024-12-08T16:21:28.461+0000] {spark_submit.py:634} INFO - 24/12/08 16:21:28 INFO DAGScheduler: Submitting ResultStage 1 (ShuffledRDD[3] at reduceByKey at WordCountJob.java:34), which has no missing parents
[2024-12-08T16:21:28.471+0000] {spark_submit.py:634} INFO - 24/12/08 16:21:28 INFO MemoryStore: Block broadcast_1 stored as values in memory (estimated size 5.2 KiB, free 434.4 MiB)
[2024-12-08T16:21:28.483+0000] {spark_submit.py:634} INFO - 24/12/08 16:21:28 INFO MemoryStore: Block broadcast_1_piece0 stored as bytes in memory (estimated size 2.9 KiB, free 434.4 MiB)
[2024-12-08T16:21:28.488+0000] {spark_submit.py:634} INFO - 24/12/08 16:21:28 INFO BlockManagerInfo: Added broadcast_1_piece0 in memory on 2a892a3469ec:44583 (size: 2.9 KiB, free: 434.4 MiB)
[2024-12-08T16:21:28.489+0000] {spark_submit.py:634} INFO - 24/12/08 16:21:28 INFO SparkContext: Created broadcast 1 from broadcast at DAGScheduler.scala:1585
[2024-12-08T16:21:28.492+0000] {spark_submit.py:634} INFO - 24/12/08 16:21:28 INFO DAGScheduler: Submitting 1 missing tasks from ResultStage 1 (ShuffledRDD[3] at reduceByKey at WordCountJob.java:34) (first 15 tasks are for partitions Vector(0))
[2024-12-08T16:21:28.493+0000] {spark_submit.py:634} INFO - 24/12/08 16:21:28 INFO TaskSchedulerImpl: Adding task set 1.0 with 1 tasks resource profile 0
[2024-12-08T16:21:28.510+0000] {spark_submit.py:634} INFO - 24/12/08 16:21:28 INFO TaskSetManager: Starting task 0.0 in stage 1.0 (TID 1) (2a892a3469ec, executor driver, partition 0, NODE_LOCAL, 9002 bytes)
[2024-12-08T16:21:28.522+0000] {spark_submit.py:634} INFO - 24/12/08 16:21:28 INFO Executor: Running task 0.0 in stage 1.0 (TID 1)
[2024-12-08T16:21:28.594+0000] {spark_submit.py:634} INFO - 24/12/08 16:21:28 INFO ShuffleBlockFetcherIterator: Getting 1 (189.0 B) non-empty blocks including 1 (189.0 B) local and 0 (0.0 B) host-local and 0 (0.0 B) push-merged-local and 0 (0.0 B) remote blocks
[2024-12-08T16:21:28.597+0000] {spark_submit.py:634} INFO - 24/12/08 16:21:28 INFO ShuffleBlockFetcherIterator: Started 0 remote fetches in 16 ms
[2024-12-08T16:21:28.652+0000] {spark_submit.py:634} INFO - 24/12/08 16:21:28 INFO Executor: Finished task 0.0 in stage 1.0 (TID 1). 2044 bytes result sent to driver
[2024-12-08T16:21:28.675+0000] {spark_submit.py:634} INFO - 24/12/08 16:21:28 INFO TaskSetManager: Finished task 0.0 in stage 1.0 (TID 1) in 171 ms on 2a892a3469ec (executor driver) (1/1)
[2024-12-08T16:21:28.675+0000] {spark_submit.py:634} INFO - 24/12/08 16:21:28 INFO TaskSchedulerImpl: Removed TaskSet 1.0, whose tasks have all completed, from pool
[2024-12-08T16:21:28.681+0000] {spark_submit.py:634} INFO - 24/12/08 16:21:28 INFO DAGScheduler: ResultStage 1 (collect at WordCountJob.java:37) finished in 0.212 s
[2024-12-08T16:21:28.689+0000] {spark_submit.py:634} INFO - 24/12/08 16:21:28 INFO DAGScheduler: Job 0 is finished. Cancelling potential speculative or zombie tasks for this job
[2024-12-08T16:21:28.691+0000] {spark_submit.py:634} INFO - 24/12/08 16:21:28 INFO TaskSchedulerImpl: Killing all running tasks in stage 1: Stage finished
[2024-12-08T16:21:28.694+0000] {spark_submit.py:634} INFO - 24/12/08 16:21:28 INFO BlockManagerInfo: Removed broadcast_0_piece0 on 2a892a3469ec:44583 in memory (size: 3.4 KiB, free: 434.4 MiB)
[2024-12-08T16:21:28.712+0000] {spark_submit.py:634} INFO - 24/12/08 16:21:28 INFO DAGScheduler: Job 0 finished: collect at WordCountJob.java:37, took 0.915315 s
[2024-12-08T16:21:28.716+0000] {spark_submit.py:634} INFO - spark: 1
[2024-12-08T16:21:28.719+0000] {spark_submit.py:634} INFO - docker: 1
[2024-12-08T16:21:28.720+0000] {spark_submit.py:634} INFO - Yusuf: 1
[2024-12-08T16:21:28.724+0000] {spark_submit.py:634} INFO - hello: 5
[2024-12-08T16:21:28.724+0000] {spark_submit.py:634} INFO - java: 1
[2024-12-08T16:21:28.725+0000] {spark_submit.py:634} INFO - world: 1
[2024-12-08T16:21:28.726+0000] {spark_submit.py:634} INFO - 24/12/08 16:21:28 INFO SparkContext: SparkContext is stopping with exitCode 0.
[2024-12-08T16:21:28.737+0000] {spark_submit.py:634} INFO - 24/12/08 16:21:28 INFO SparkUI: Stopped Spark web UI at http://2a892a3469ec:4040
[2024-12-08T16:21:28.752+0000] {spark_submit.py:634} INFO - 24/12/08 16:21:28 INFO MapOutputTrackerMasterEndpoint: MapOutputTrackerMasterEndpoint stopped!
[2024-12-08T16:21:28.779+0000] {spark_submit.py:634} INFO - 24/12/08 16:21:28 INFO MemoryStore: MemoryStore cleared
[2024-12-08T16:21:28.781+0000] {spark_submit.py:634} INFO - 24/12/08 16:21:28 INFO BlockManager: BlockManager stopped
[2024-12-08T16:21:28.784+0000] {spark_submit.py:634} INFO - 24/12/08 16:21:28 INFO BlockManagerMaster: BlockManagerMaster stopped
[2024-12-08T16:21:28.790+0000] {spark_submit.py:634} INFO - 24/12/08 16:21:28 INFO OutputCommitCoordinator$OutputCommitCoordinatorEndpoint: OutputCommitCoordinator stopped!
[2024-12-08T16:21:28.805+0000] {spark_submit.py:634} INFO - 24/12/08 16:21:28 INFO SparkContext: Successfully stopped SparkContext
[2024-12-08T16:21:28.810+0000] {spark_submit.py:634} INFO - 24/12/08 16:21:28 INFO ShutdownHookManager: Shutdown hook called
[2024-12-08T16:21:28.810+0000] {spark_submit.py:634} INFO - 24/12/08 16:21:28 INFO ShutdownHookManager: Deleting directory /tmp/spark-cc1ef17a-b38a-4be0-9af3-66a257205a00
[2024-12-08T16:21:28.816+0000] {spark_submit.py:634} INFO - 24/12/08 16:21:28 INFO ShutdownHookManager: Deleting directory /tmp/spark-7fc42be7-9b66-4e77-8f02-cc7b6ca0a8d4
[2024-12-08T16:21:28.906+0000] {taskinstance.py:340} INFO - ::group::Post task execution logs
[2024-12-08T16:21:28.907+0000] {taskinstance.py:352} INFO - Marking task as SUCCESS. dag_id=sparking_flow, task_id=java_job, run_id=manual__2024-12-08T16:21:19.446508+00:00, execution_date=20241208T162119, start_date=20241208T162121, end_date=20241208T162128
[2024-12-08T16:21:28.934+0000] {local_task_job_runner.py:266} INFO - Task exited with return code 0
[2024-12-08T16:21:28.959+0000] {taskinstance.py:3895} INFO - 0 downstream tasks scheduled from follow-on schedule check
[2024-12-08T16:21:28.960+0000] {local_task_job_runner.py:245} INFO - ::endgroup::
