[2024-12-09T15:32:46.884+0000] {local_task_job_runner.py:123} INFO - ::group::Pre task execution logs
[2024-12-09T15:32:46.902+0000] {taskinstance.py:2613} INFO - Dependencies all met for dep_context=non-requeueable deps ti=<TaskInstance: sparking_flow.java_job manual__2024-12-09T15:32:44.809349+00:00 [queued]>
[2024-12-09T15:32:46.909+0000] {taskinstance.py:2613} INFO - Dependencies all met for dep_context=requeueable deps ti=<TaskInstance: sparking_flow.java_job manual__2024-12-09T15:32:44.809349+00:00 [queued]>
[2024-12-09T15:32:46.910+0000] {taskinstance.py:2866} INFO - Starting attempt 1 of 1
[2024-12-09T15:32:46.923+0000] {taskinstance.py:2889} INFO - Executing <Task(SparkSubmitOperator): java_job> on 2024-12-09 15:32:44.809349+00:00
[2024-12-09T15:32:46.937+0000] {logging_mixin.py:190} WARNING - /home/***/.local/lib/python3.12/site-packages/***/task/task_runner/standard_task_runner.py:70 DeprecationWarning: This process (pid=206) is multi-threaded, use of fork() may lead to deadlocks in the child.
[2024-12-09T15:32:46.940+0000] {standard_task_runner.py:72} INFO - Started process 208 to run task
[2024-12-09T15:32:46.938+0000] {standard_task_runner.py:104} INFO - Running: ['***', 'tasks', 'run', 'sparking_flow', 'java_job', 'manual__2024-12-09T15:32:44.809349+00:00', '--job-id', '533', '--raw', '--subdir', 'DAGS_FOLDER/spark_***.py', '--cfg-path', '/tmp/tmpa6nytr52']
[2024-12-09T15:32:46.942+0000] {standard_task_runner.py:105} INFO - Job 533: Subtask java_job
[2024-12-09T15:32:47.045+0000] {task_command.py:467} INFO - Running <TaskInstance: sparking_flow.java_job manual__2024-12-09T15:32:44.809349+00:00 [running]> on host 2a892a3469ec
[2024-12-09T15:32:47.233+0000] {taskinstance.py:3132} INFO - Exporting env vars: AIRFLOW_CTX_DAG_OWNER='Yusuf Ganiyu' AIRFLOW_CTX_DAG_ID='sparking_flow' AIRFLOW_CTX_TASK_ID='java_job' AIRFLOW_CTX_EXECUTION_DATE='2024-12-09T15:32:44.809349+00:00' AIRFLOW_CTX_TRY_NUMBER='1' AIRFLOW_CTX_DAG_RUN_ID='manual__2024-12-09T15:32:44.809349+00:00'
[2024-12-09T15:32:47.236+0000] {taskinstance.py:731} INFO - ::endgroup::
[2024-12-09T15:32:47.275+0000] {base.py:84} INFO - Retrieving connection 'spark-conn'
[2024-12-09T15:32:47.278+0000] {spark_submit.py:473} INFO - Spark-Submit cmd: spark-submit --master spark://sparkingflow-spark-master-1:7077 --name arrow-spark --class com.airscholar.spark.WordCountJob --deploy-mode client jobs/java/spark-job/target/spark-job-1.0-SNAPSHOT.jar
[2024-12-09T15:32:51.891+0000] {spark_submit.py:634} INFO - 24/12/09 15:32:51 INFO SparkContext: Running Spark version 3.5.3
[2024-12-09T15:32:51.905+0000] {spark_submit.py:634} INFO - 24/12/09 15:32:51 INFO SparkContext: OS info Linux, 6.10.14-linuxkit, aarch64
[2024-12-09T15:32:51.907+0000] {spark_submit.py:634} INFO - 24/12/09 15:32:51 INFO SparkContext: Java version 17.0.13
[2024-12-09T15:32:52.061+0000] {spark_submit.py:634} INFO - 24/12/09 15:32:52 WARN NativeCodeLoader: Unable to load native-hadoop library for your platform... using builtin-java classes where applicable
[2024-12-09T15:32:52.250+0000] {spark_submit.py:634} INFO - 24/12/09 15:32:52 INFO ResourceUtils: ==============================================================
[2024-12-09T15:32:52.251+0000] {spark_submit.py:634} INFO - 24/12/09 15:32:52 INFO ResourceUtils: No custom resources configured for spark.driver.
[2024-12-09T15:32:52.253+0000] {spark_submit.py:634} INFO - 24/12/09 15:32:52 INFO ResourceUtils: ==============================================================
[2024-12-09T15:32:52.258+0000] {spark_submit.py:634} INFO - 24/12/09 15:32:52 INFO SparkContext: Submitted application: Word Count Job
[2024-12-09T15:32:52.309+0000] {spark_submit.py:634} INFO - 24/12/09 15:32:52 INFO ResourceProfile: Default ResourceProfile created, executor resources: Map(cores -> name: cores, amount: 1, script: , vendor: , memory -> name: memory, amount: 1024, script: , vendor: , offHeap -> name: offHeap, amount: 0, script: , vendor: ), task resources: Map(cpus -> name: cpus, amount: 1.0)
[2024-12-09T15:32:52.323+0000] {spark_submit.py:634} INFO - 24/12/09 15:32:52 INFO ResourceProfile: Limiting resource is cpu
[2024-12-09T15:32:52.329+0000] {spark_submit.py:634} INFO - 24/12/09 15:32:52 INFO ResourceProfileManager: Added ResourceProfile id: 0
[2024-12-09T15:32:52.443+0000] {spark_submit.py:634} INFO - 24/12/09 15:32:52 INFO SecurityManager: Changing view acls to: ***
[2024-12-09T15:32:52.447+0000] {spark_submit.py:634} INFO - 24/12/09 15:32:52 INFO SecurityManager: Changing modify acls to: ***
[2024-12-09T15:32:52.448+0000] {spark_submit.py:634} INFO - 24/12/09 15:32:52 INFO SecurityManager: Changing view acls groups to:
[2024-12-09T15:32:52.451+0000] {spark_submit.py:634} INFO - 24/12/09 15:32:52 INFO SecurityManager: Changing modify acls groups to:
[2024-12-09T15:32:52.452+0000] {spark_submit.py:634} INFO - 24/12/09 15:32:52 INFO SecurityManager: SecurityManager: authentication disabled; ui acls disabled; users with view permissions: ***; groups with view permissions: EMPTY; users with modify permissions: ***; groups with modify permissions: EMPTY
[2024-12-09T15:32:52.944+0000] {spark_submit.py:634} INFO - 24/12/09 15:32:52 INFO Utils: Successfully started service 'sparkDriver' on port 36033.
[2024-12-09T15:32:52.985+0000] {spark_submit.py:634} INFO - 24/12/09 15:32:52 INFO SparkEnv: Registering MapOutputTracker
[2024-12-09T15:32:53.047+0000] {spark_submit.py:634} INFO - 24/12/09 15:32:53 INFO SparkEnv: Registering BlockManagerMaster
[2024-12-09T15:32:53.073+0000] {spark_submit.py:634} INFO - 24/12/09 15:32:53 INFO BlockManagerMasterEndpoint: Using org.apache.spark.storage.DefaultTopologyMapper for getting topology information
[2024-12-09T15:32:53.078+0000] {spark_submit.py:634} INFO - 24/12/09 15:32:53 INFO BlockManagerMasterEndpoint: BlockManagerMasterEndpoint up
[2024-12-09T15:32:53.081+0000] {spark_submit.py:634} INFO - 24/12/09 15:32:53 INFO SparkEnv: Registering BlockManagerMasterHeartbeat
[2024-12-09T15:32:53.116+0000] {spark_submit.py:634} INFO - 24/12/09 15:32:53 INFO DiskBlockManager: Created local directory at /tmp/blockmgr-3143a240-fc19-4f6f-b6a1-327dacadab8c
[2024-12-09T15:32:53.136+0000] {spark_submit.py:634} INFO - 24/12/09 15:32:53 INFO MemoryStore: MemoryStore started with capacity 434.4 MiB
[2024-12-09T15:32:53.166+0000] {spark_submit.py:634} INFO - 24/12/09 15:32:53 INFO SparkEnv: Registering OutputCommitCoordinator
[2024-12-09T15:32:53.456+0000] {spark_submit.py:634} INFO - 24/12/09 15:32:53 INFO JettyUtils: Start Jetty 0.0.0.0:4040 for SparkUI
[2024-12-09T15:32:53.541+0000] {spark_submit.py:634} INFO - 24/12/09 15:32:53 INFO Utils: Successfully started service 'SparkUI' on port 4040.
[2024-12-09T15:32:53.621+0000] {spark_submit.py:634} INFO - 24/12/09 15:32:53 INFO SparkContext: Added JAR file:/opt/***/jobs/java/spark-job/target/spark-job-1.0-SNAPSHOT.jar at spark://2a892a3469ec:36033/jars/spark-job-1.0-SNAPSHOT.jar with timestamp 1733758371851
[2024-12-09T15:32:53.795+0000] {spark_submit.py:634} INFO - 24/12/09 15:32:53 INFO Executor: Starting executor ID driver on host 2a892a3469ec
[2024-12-09T15:32:53.800+0000] {spark_submit.py:634} INFO - 24/12/09 15:32:53 INFO Executor: OS info Linux, 6.10.14-linuxkit, aarch64
[2024-12-09T15:32:53.801+0000] {spark_submit.py:634} INFO - 24/12/09 15:32:53 INFO Executor: Java version 17.0.13
[2024-12-09T15:32:53.808+0000] {spark_submit.py:634} INFO - 24/12/09 15:32:53 INFO Executor: Starting executor with user classpath (userClassPathFirst = false): ''
[2024-12-09T15:32:53.809+0000] {spark_submit.py:634} INFO - 24/12/09 15:32:53 INFO Executor: Created or updated repl class loader org.apache.spark.util.MutableURLClassLoader@38f77cd9 for default.
[2024-12-09T15:32:53.829+0000] {spark_submit.py:634} INFO - 24/12/09 15:32:53 INFO Executor: Fetching spark://2a892a3469ec:36033/jars/spark-job-1.0-SNAPSHOT.jar with timestamp 1733758371851
[2024-12-09T15:32:54.046+0000] {spark_submit.py:634} INFO - 24/12/09 15:32:54 INFO TransportClientFactory: Successfully created connection to 2a892a3469ec/172.18.0.4:36033 after 125 ms (0 ms spent in bootstraps)
[2024-12-09T15:32:54.056+0000] {spark_submit.py:634} INFO - 24/12/09 15:32:54 INFO Utils: Fetching spark://2a892a3469ec:36033/jars/spark-job-1.0-SNAPSHOT.jar to /tmp/spark-400b4593-3c5b-407e-b978-c2185063e052/userFiles-9f3a5d6a-0a8f-4b2e-b081-2a6eec390760/fetchFileTemp12323525345661225473.tmp
[2024-12-09T15:32:54.164+0000] {spark_submit.py:634} INFO - 24/12/09 15:32:54 INFO Executor: Adding file:/tmp/spark-400b4593-3c5b-407e-b978-c2185063e052/userFiles-9f3a5d6a-0a8f-4b2e-b081-2a6eec390760/spark-job-1.0-SNAPSHOT.jar to class loader default
[2024-12-09T15:32:54.183+0000] {spark_submit.py:634} INFO - 24/12/09 15:32:54 INFO Utils: Successfully started service 'org.apache.spark.network.netty.NettyBlockTransferService' on port 43903.
[2024-12-09T15:32:54.185+0000] {spark_submit.py:634} INFO - 24/12/09 15:32:54 INFO NettyBlockTransferService: Server created on 2a892a3469ec:43903
[2024-12-09T15:32:54.201+0000] {spark_submit.py:634} INFO - 24/12/09 15:32:54 INFO BlockManager: Using org.apache.spark.storage.RandomBlockReplicationPolicy for block replication policy
[2024-12-09T15:32:54.268+0000] {spark_submit.py:634} INFO - 24/12/09 15:32:54 INFO BlockManagerMaster: Registering BlockManager BlockManagerId(driver, 2a892a3469ec, 43903, None)
[2024-12-09T15:32:54.328+0000] {spark_submit.py:634} INFO - 24/12/09 15:32:54 INFO BlockManagerMasterEndpoint: Registering block manager 2a892a3469ec:43903 with 434.4 MiB RAM, BlockManagerId(driver, 2a892a3469ec, 43903, None)
[2024-12-09T15:32:54.405+0000] {spark_submit.py:634} INFO - 24/12/09 15:32:54 INFO BlockManagerMaster: Registered BlockManager BlockManagerId(driver, 2a892a3469ec, 43903, None)
[2024-12-09T15:32:54.409+0000] {spark_submit.py:634} INFO - 24/12/09 15:32:54 INFO BlockManager: Initialized BlockManager: BlockManagerId(driver, 2a892a3469ec, 43903, None)
[2024-12-09T15:32:56.548+0000] {spark_submit.py:634} INFO - 24/12/09 15:32:56 INFO SparkContext: Starting job: collect at WordCountJob.java:37
[2024-12-09T15:32:56.613+0000] {spark_submit.py:634} INFO - 24/12/09 15:32:56 INFO DAGScheduler: Registering RDD 2 (mapToPair at WordCountJob.java:33) as input to shuffle 0
[2024-12-09T15:32:56.629+0000] {spark_submit.py:634} INFO - 24/12/09 15:32:56 INFO DAGScheduler: Got job 0 (collect at WordCountJob.java:37) with 1 output partitions
[2024-12-09T15:32:56.630+0000] {spark_submit.py:634} INFO - 24/12/09 15:32:56 INFO DAGScheduler: Final stage: ResultStage 1 (collect at WordCountJob.java:37)
[2024-12-09T15:32:56.631+0000] {spark_submit.py:634} INFO - 24/12/09 15:32:56 INFO DAGScheduler: Parents of final stage: List(ShuffleMapStage 0)
[2024-12-09T15:32:56.656+0000] {spark_submit.py:634} INFO - 24/12/09 15:32:56 INFO DAGScheduler: Missing parents: List(ShuffleMapStage 0)
[2024-12-09T15:32:56.670+0000] {spark_submit.py:634} INFO - 24/12/09 15:32:56 INFO DAGScheduler: Submitting ShuffleMapStage 0 (MapPartitionsRDD[2] at mapToPair at WordCountJob.java:33), which has no missing parents
[2024-12-09T15:32:57.096+0000] {spark_submit.py:634} INFO - 24/12/09 15:32:57 INFO MemoryStore: Block broadcast_0 stored as values in memory (estimated size 6.4 KiB, free 434.4 MiB)
[2024-12-09T15:32:57.190+0000] {spark_submit.py:634} INFO - 24/12/09 15:32:57 INFO MemoryStore: Block broadcast_0_piece0 stored as bytes in memory (estimated size 3.4 KiB, free 434.4 MiB)
[2024-12-09T15:32:57.198+0000] {spark_submit.py:634} INFO - 24/12/09 15:32:57 INFO BlockManagerInfo: Added broadcast_0_piece0 in memory on 2a892a3469ec:43903 (size: 3.4 KiB, free: 434.4 MiB)
[2024-12-09T15:32:57.232+0000] {spark_submit.py:634} INFO - 24/12/09 15:32:57 INFO SparkContext: Created broadcast 0 from broadcast at DAGScheduler.scala:1585
[2024-12-09T15:32:57.474+0000] {spark_submit.py:634} INFO - 24/12/09 15:32:57 INFO DAGScheduler: Submitting 1 missing tasks from ShuffleMapStage 0 (MapPartitionsRDD[2] at mapToPair at WordCountJob.java:33) (first 15 tasks are for partitions Vector(0))
[2024-12-09T15:32:57.477+0000] {spark_submit.py:634} INFO - 24/12/09 15:32:57 INFO TaskSchedulerImpl: Adding task set 0.0 with 1 tasks resource profile 0
[2024-12-09T15:32:57.781+0000] {spark_submit.py:634} INFO - 24/12/09 15:32:57 INFO TaskSetManager: Starting task 0.0 in stage 0.0 (TID 0) (2a892a3469ec, executor driver, partition 0, PROCESS_LOCAL, 9249 bytes)
[2024-12-09T15:32:57.886+0000] {spark_submit.py:634} INFO - 24/12/09 15:32:57 INFO Executor: Running task 0.0 in stage 0.0 (TID 0)
[2024-12-09T15:32:58.768+0000] {spark_submit.py:634} INFO - 24/12/09 15:32:58 INFO Executor: Finished task 0.0 in stage 0.0 (TID 0). 1216 bytes result sent to driver
[2024-12-09T15:32:58.918+0000] {spark_submit.py:634} INFO - 24/12/09 15:32:58 INFO TaskSetManager: Finished task 0.0 in stage 0.0 (TID 0) in 1285 ms on 2a892a3469ec (executor driver) (1/1)
[2024-12-09T15:32:58.928+0000] {spark_submit.py:634} INFO - 24/12/09 15:32:58 INFO TaskSchedulerImpl: Removed TaskSet 0.0, whose tasks have all completed, from pool
[2024-12-09T15:32:58.994+0000] {spark_submit.py:634} INFO - 24/12/09 15:32:58 INFO DAGScheduler: ShuffleMapStage 0 (mapToPair at WordCountJob.java:33) finished in 2.234 s
[2024-12-09T15:32:58.995+0000] {spark_submit.py:634} INFO - 24/12/09 15:32:58 INFO DAGScheduler: looking for newly runnable stages
[2024-12-09T15:32:58.997+0000] {spark_submit.py:634} INFO - 24/12/09 15:32:58 INFO DAGScheduler: running: Set()
[2024-12-09T15:32:59.004+0000] {spark_submit.py:634} INFO - 24/12/09 15:32:58 INFO DAGScheduler: waiting: Set(ResultStage 1)
[2024-12-09T15:32:59.006+0000] {spark_submit.py:634} INFO - 24/12/09 15:32:59 INFO DAGScheduler: failed: Set()
[2024-12-09T15:32:59.008+0000] {spark_submit.py:634} INFO - 24/12/09 15:32:59 INFO DAGScheduler: Submitting ResultStage 1 (ShuffledRDD[3] at reduceByKey at WordCountJob.java:34), which has no missing parents
[2024-12-09T15:32:59.068+0000] {spark_submit.py:634} INFO - 24/12/09 15:32:59 INFO MemoryStore: Block broadcast_1 stored as values in memory (estimated size 5.2 KiB, free 434.4 MiB)
[2024-12-09T15:32:59.152+0000] {spark_submit.py:634} INFO - 24/12/09 15:32:59 INFO MemoryStore: Block broadcast_1_piece0 stored as bytes in memory (estimated size 2.9 KiB, free 434.4 MiB)
[2024-12-09T15:32:59.162+0000] {spark_submit.py:634} INFO - 24/12/09 15:32:59 INFO BlockManagerInfo: Added broadcast_1_piece0 in memory on 2a892a3469ec:43903 (size: 2.9 KiB, free: 434.4 MiB)
[2024-12-09T15:32:59.172+0000] {spark_submit.py:634} INFO - 24/12/09 15:32:59 INFO SparkContext: Created broadcast 1 from broadcast at DAGScheduler.scala:1585
[2024-12-09T15:32:59.184+0000] {spark_submit.py:634} INFO - 24/12/09 15:32:59 INFO DAGScheduler: Submitting 1 missing tasks from ResultStage 1 (ShuffledRDD[3] at reduceByKey at WordCountJob.java:34) (first 15 tasks are for partitions Vector(0))
[2024-12-09T15:32:59.184+0000] {spark_submit.py:634} INFO - 24/12/09 15:32:59 INFO TaskSchedulerImpl: Adding task set 1.0 with 1 tasks resource profile 0
[2024-12-09T15:32:59.203+0000] {spark_submit.py:634} INFO - 24/12/09 15:32:59 INFO TaskSetManager: Starting task 0.0 in stage 1.0 (TID 1) (2a892a3469ec, executor driver, partition 0, NODE_LOCAL, 9002 bytes)
[2024-12-09T15:32:59.205+0000] {spark_submit.py:634} INFO - 24/12/09 15:32:59 INFO Executor: Running task 0.0 in stage 1.0 (TID 1)
[2024-12-09T15:32:59.429+0000] {spark_submit.py:634} INFO - 24/12/09 15:32:59 INFO ShuffleBlockFetcherIterator: Getting 1 (189.0 B) non-empty blocks including 1 (189.0 B) local and 0 (0.0 B) host-local and 0 (0.0 B) push-merged-local and 0 (0.0 B) remote blocks
[2024-12-09T15:32:59.436+0000] {spark_submit.py:634} INFO - 24/12/09 15:32:59 INFO ShuffleBlockFetcherIterator: Started 0 remote fetches in 81 ms
[2024-12-09T15:32:59.555+0000] {spark_submit.py:634} INFO - 24/12/09 15:32:59 INFO Executor: Finished task 0.0 in stage 1.0 (TID 1). 2001 bytes result sent to driver
[2024-12-09T15:32:59.559+0000] {spark_submit.py:634} INFO - 24/12/09 15:32:59 INFO TaskSetManager: Finished task 0.0 in stage 1.0 (TID 1) in 354 ms on 2a892a3469ec (executor driver) (1/1)
[2024-12-09T15:32:59.561+0000] {spark_submit.py:634} INFO - 24/12/09 15:32:59 INFO TaskSchedulerImpl: Removed TaskSet 1.0, whose tasks have all completed, from pool
[2024-12-09T15:32:59.562+0000] {spark_submit.py:634} INFO - 24/12/09 15:32:59 INFO DAGScheduler: ResultStage 1 (collect at WordCountJob.java:37) finished in 0.488 s
[2024-12-09T15:32:59.564+0000] {spark_submit.py:634} INFO - 24/12/09 15:32:59 INFO DAGScheduler: Job 0 is finished. Cancelling potential speculative or zombie tasks for this job
[2024-12-09T15:32:59.564+0000] {spark_submit.py:634} INFO - 24/12/09 15:32:59 INFO TaskSchedulerImpl: Killing all running tasks in stage 1: Stage finished
[2024-12-09T15:32:59.568+0000] {spark_submit.py:634} INFO - 24/12/09 15:32:59 INFO DAGScheduler: Job 0 finished: collect at WordCountJob.java:37, took 3.021579 s
[2024-12-09T15:32:59.580+0000] {spark_submit.py:634} INFO - spark: 1
[2024-12-09T15:32:59.581+0000] {spark_submit.py:634} INFO - docker: 1
[2024-12-09T15:32:59.582+0000] {spark_submit.py:634} INFO - Yusuf: 1
[2024-12-09T15:32:59.583+0000] {spark_submit.py:634} INFO - hello: 5
[2024-12-09T15:32:59.584+0000] {spark_submit.py:634} INFO - java: 1
[2024-12-09T15:32:59.588+0000] {spark_submit.py:634} INFO - world: 1
[2024-12-09T15:32:59.589+0000] {spark_submit.py:634} INFO - 24/12/09 15:32:59 INFO SparkContext: SparkContext is stopping with exitCode 0.
[2024-12-09T15:32:59.619+0000] {spark_submit.py:634} INFO - 24/12/09 15:32:59 INFO SparkUI: Stopped Spark web UI at http://2a892a3469ec:4040
[2024-12-09T15:32:59.649+0000] {spark_submit.py:634} INFO - 24/12/09 15:32:59 INFO MapOutputTrackerMasterEndpoint: MapOutputTrackerMasterEndpoint stopped!
[2024-12-09T15:32:59.728+0000] {spark_submit.py:634} INFO - 24/12/09 15:32:59 INFO MemoryStore: MemoryStore cleared
[2024-12-09T15:32:59.733+0000] {spark_submit.py:634} INFO - 24/12/09 15:32:59 INFO BlockManager: BlockManager stopped
[2024-12-09T15:32:59.742+0000] {spark_submit.py:634} INFO - 24/12/09 15:32:59 INFO BlockManagerMaster: BlockManagerMaster stopped
[2024-12-09T15:32:59.745+0000] {spark_submit.py:634} INFO - 24/12/09 15:32:59 INFO OutputCommitCoordinator$OutputCommitCoordinatorEndpoint: OutputCommitCoordinator stopped!
[2024-12-09T15:32:59.775+0000] {spark_submit.py:634} INFO - 24/12/09 15:32:59 INFO SparkContext: Successfully stopped SparkContext
[2024-12-09T15:32:59.785+0000] {spark_submit.py:634} INFO - 24/12/09 15:32:59 INFO ShutdownHookManager: Shutdown hook called
[2024-12-09T15:32:59.786+0000] {spark_submit.py:634} INFO - 24/12/09 15:32:59 INFO ShutdownHookManager: Deleting directory /tmp/spark-c4051059-2cf4-4902-8e1e-e1b12fa9650b
[2024-12-09T15:32:59.807+0000] {spark_submit.py:634} INFO - 24/12/09 15:32:59 INFO ShutdownHookManager: Deleting directory /tmp/spark-400b4593-3c5b-407e-b978-c2185063e052
[2024-12-09T15:32:59.962+0000] {taskinstance.py:340} INFO - ::group::Post task execution logs
[2024-12-09T15:32:59.966+0000] {taskinstance.py:352} INFO - Marking task as SUCCESS. dag_id=sparking_flow, task_id=java_job, run_id=manual__2024-12-09T15:32:44.809349+00:00, execution_date=20241209T153244, start_date=20241209T153246, end_date=20241209T153259
[2024-12-09T15:33:00.073+0000] {local_task_job_runner.py:266} INFO - Task exited with return code 0
[2024-12-09T15:33:00.148+0000] {taskinstance.py:3895} INFO - 0 downstream tasks scheduled from follow-on schedule check
[2024-12-09T15:33:00.152+0000] {local_task_job_runner.py:245} INFO - ::endgroup::
