[2024-12-02T21:07:54.517+0000] {local_task_job_runner.py:123} INFO - ::group::Pre task execution logs
[2024-12-02T21:07:54.534+0000] {taskinstance.py:2613} INFO - Dependencies all met for dep_context=non-requeueable deps ti=<TaskInstance: sparking_flow.python_job manual__2024-12-02T21:07:52.448110+00:00 [queued]>
[2024-12-02T21:07:54.542+0000] {taskinstance.py:2613} INFO - Dependencies all met for dep_context=requeueable deps ti=<TaskInstance: sparking_flow.python_job manual__2024-12-02T21:07:52.448110+00:00 [queued]>
[2024-12-02T21:07:54.542+0000] {taskinstance.py:2866} INFO - Starting attempt 1 of 1
[2024-12-02T21:07:54.555+0000] {taskinstance.py:2889} INFO - Executing <Task(SparkSubmitOperator): python_job> on 2024-12-02 21:07:52.448110+00:00
[2024-12-02T21:07:54.562+0000] {logging_mixin.py:190} WARNING - /home/***/.local/lib/python3.12/site-packages/***/task/task_runner/standard_task_runner.py:70 DeprecationWarning: This process (pid=1058) is multi-threaded, use of fork() may lead to deadlocks in the child.
[2024-12-02T21:07:54.565+0000] {standard_task_runner.py:72} INFO - Started process 1063 to run task
[2024-12-02T21:07:54.564+0000] {standard_task_runner.py:104} INFO - Running: ['***', 'tasks', 'run', 'sparking_flow', 'python_job', 'manual__2024-12-02T21:07:52.448110+00:00', '--job-id', '44', '--raw', '--subdir', 'DAGS_FOLDER/spark_***.py', '--cfg-path', '/tmp/tmpp55tiek6']
[2024-12-02T21:07:54.567+0000] {standard_task_runner.py:105} INFO - Job 44: Subtask python_job
[2024-12-02T21:07:54.618+0000] {task_command.py:467} INFO - Running <TaskInstance: sparking_flow.python_job manual__2024-12-02T21:07:52.448110+00:00 [running]> on host 53f207c7dacd
[2024-12-02T21:07:54.690+0000] {taskinstance.py:3132} INFO - Exporting env vars: AIRFLOW_CTX_DAG_OWNER='Yusuf Ganiyu' AIRFLOW_CTX_DAG_ID='sparking_flow' AIRFLOW_CTX_TASK_ID='python_job' AIRFLOW_CTX_EXECUTION_DATE='2024-12-02T21:07:52.448110+00:00' AIRFLOW_CTX_TRY_NUMBER='1' AIRFLOW_CTX_DAG_RUN_ID='manual__2024-12-02T21:07:52.448110+00:00'
[2024-12-02T21:07:54.691+0000] {taskinstance.py:731} INFO - ::endgroup::
[2024-12-02T21:07:54.715+0000] {base.py:84} INFO - Retrieving connection 'spark-conn'
[2024-12-02T21:07:54.717+0000] {spark_submit.py:473} INFO - Spark-Submit cmd: spark-submit --master spark://localhost/:7077 --name arrow-spark --deploy-mode client jobs/python/wordcountjob.py
[2024-12-02T21:07:59.830+0000] {spark_submit.py:634} INFO - 24/12/02 21:07:59 INFO SparkContext: Running Spark version 3.5.3
[2024-12-02T21:07:59.838+0000] {spark_submit.py:634} INFO - 24/12/02 21:07:59 INFO SparkContext: OS info Linux, 6.6.31-linuxkit, aarch64
[2024-12-02T21:07:59.840+0000] {spark_submit.py:634} INFO - 24/12/02 21:07:59 INFO SparkContext: Java version 17.0.13
[2024-12-02T21:07:59.924+0000] {spark_submit.py:634} INFO - 24/12/02 21:07:59 WARN NativeCodeLoader: Unable to load native-hadoop library for your platform... using builtin-java classes where applicable
[2024-12-02T21:08:00.082+0000] {spark_submit.py:634} INFO - 24/12/02 21:08:00 INFO ResourceUtils: ==============================================================
[2024-12-02T21:08:00.083+0000] {spark_submit.py:634} INFO - 24/12/02 21:08:00 INFO ResourceUtils: No custom resources configured for spark.driver.
[2024-12-02T21:08:00.084+0000] {spark_submit.py:634} INFO - 24/12/02 21:08:00 INFO ResourceUtils: ==============================================================
[2024-12-02T21:08:00.084+0000] {spark_submit.py:634} INFO - 24/12/02 21:08:00 INFO SparkContext: Submitted application: PythonWordCount
[2024-12-02T21:08:00.121+0000] {spark_submit.py:634} INFO - 24/12/02 21:08:00 INFO ResourceProfile: Default ResourceProfile created, executor resources: Map(memory -> name: memory, amount: 1024, script: , vendor: , offHeap -> name: offHeap, amount: 0, script: , vendor: ), task resources: Map(cpus -> name: cpus, amount: 1.0)
[2024-12-02T21:08:00.139+0000] {spark_submit.py:634} INFO - 24/12/02 21:08:00 INFO ResourceProfile: Limiting resource is cpu
[2024-12-02T21:08:00.142+0000] {spark_submit.py:634} INFO - 24/12/02 21:08:00 INFO ResourceProfileManager: Added ResourceProfile id: 0
[2024-12-02T21:08:00.238+0000] {spark_submit.py:634} INFO - 24/12/02 21:08:00 INFO SecurityManager: Changing view acls to: ***
[2024-12-02T21:08:00.245+0000] {spark_submit.py:634} INFO - 24/12/02 21:08:00 INFO SecurityManager: Changing modify acls to: ***
[2024-12-02T21:08:00.248+0000] {spark_submit.py:634} INFO - 24/12/02 21:08:00 INFO SecurityManager: Changing view acls groups to:
[2024-12-02T21:08:00.254+0000] {spark_submit.py:634} INFO - 24/12/02 21:08:00 INFO SecurityManager: Changing modify acls groups to:
[2024-12-02T21:08:00.260+0000] {spark_submit.py:634} INFO - 24/12/02 21:08:00 INFO SecurityManager: SecurityManager: authentication disabled; ui acls disabled; users with view permissions: ***; groups with view permissions: EMPTY; users with modify permissions: ***; groups with modify permissions: EMPTY
[2024-12-02T21:08:00.821+0000] {spark_submit.py:634} INFO - 24/12/02 21:08:00 INFO Utils: Successfully started service 'sparkDriver' on port 42061.
[2024-12-02T21:08:00.942+0000] {spark_submit.py:634} INFO - 24/12/02 21:08:00 INFO SparkEnv: Registering MapOutputTracker
[2024-12-02T21:08:00.993+0000] {spark_submit.py:634} INFO - 24/12/02 21:08:00 INFO SparkEnv: Registering BlockManagerMaster
[2024-12-02T21:08:01.020+0000] {spark_submit.py:634} INFO - 24/12/02 21:08:01 INFO BlockManagerMasterEndpoint: Using org.apache.spark.storage.DefaultTopologyMapper for getting topology information
[2024-12-02T21:08:01.024+0000] {spark_submit.py:634} INFO - 24/12/02 21:08:01 INFO BlockManagerMasterEndpoint: BlockManagerMasterEndpoint up
[2024-12-02T21:08:01.033+0000] {spark_submit.py:634} INFO - 24/12/02 21:08:01 INFO SparkEnv: Registering BlockManagerMasterHeartbeat
[2024-12-02T21:08:01.067+0000] {spark_submit.py:634} INFO - 24/12/02 21:08:01 INFO DiskBlockManager: Created local directory at /tmp/blockmgr-ff19bcfb-eb03-4e6d-862b-981745a99f08
[2024-12-02T21:08:01.090+0000] {spark_submit.py:634} INFO - 24/12/02 21:08:01 INFO MemoryStore: MemoryStore started with capacity 434.4 MiB
[2024-12-02T21:08:01.113+0000] {spark_submit.py:634} INFO - 24/12/02 21:08:01 INFO SparkEnv: Registering OutputCommitCoordinator
[2024-12-02T21:08:01.377+0000] {spark_submit.py:634} INFO - 24/12/02 21:08:01 INFO JettyUtils: Start Jetty 0.0.0.0:4040 for SparkUI
[2024-12-02T21:08:01.498+0000] {spark_submit.py:634} INFO - 24/12/02 21:08:01 WARN Utils: Service 'SparkUI' could not bind on port 4040. Attempting port 4041.
[2024-12-02T21:08:01.503+0000] {spark_submit.py:634} INFO - 24/12/02 21:08:01 WARN Utils: Service 'SparkUI' could not bind on port 4041. Attempting port 4042.
[2024-12-02T21:08:01.527+0000] {spark_submit.py:634} INFO - 24/12/02 21:08:01 INFO Utils: Successfully started service 'SparkUI' on port 4042.
[2024-12-02T21:08:01.845+0000] {spark_submit.py:634} INFO - 24/12/02 21:08:01 ERROR SparkContext: Error initializing SparkContext.
[2024-12-02T21:08:01.848+0000] {spark_submit.py:634} INFO - org.apache.spark.SparkException: Invalid master URL: spark://localhost/:7077
[2024-12-02T21:08:01.853+0000] {spark_submit.py:634} INFO - at org.apache.spark.util.Utils$.extractHostPortFromSparkUrl(Utils.scala:2401)
[2024-12-02T21:08:01.855+0000] {spark_submit.py:634} INFO - at org.apache.spark.rpc.RpcAddress$.fromSparkURL(RpcAddress.scala:54)
[2024-12-02T21:08:01.859+0000] {spark_submit.py:634} INFO - at org.apache.spark.deploy.client.StandaloneAppClient.$anonfun$masterRpcAddresses$1(StandaloneAppClient.scala:54)
[2024-12-02T21:08:01.860+0000] {spark_submit.py:634} INFO - at scala.collection.TraversableLike.$anonfun$map$1(TraversableLike.scala:286)
[2024-12-02T21:08:01.861+0000] {spark_submit.py:634} INFO - at scala.collection.IndexedSeqOptimized.foreach(IndexedSeqOptimized.scala:36)
[2024-12-02T21:08:01.861+0000] {spark_submit.py:634} INFO - at scala.collection.IndexedSeqOptimized.foreach$(IndexedSeqOptimized.scala:33)
[2024-12-02T21:08:01.863+0000] {spark_submit.py:634} INFO - at scala.collection.mutable.ArrayOps$ofRef.foreach(ArrayOps.scala:198)
[2024-12-02T21:08:01.864+0000] {spark_submit.py:634} INFO - at scala.collection.TraversableLike.map(TraversableLike.scala:286)
[2024-12-02T21:08:01.865+0000] {spark_submit.py:634} INFO - at scala.collection.TraversableLike.map$(TraversableLike.scala:279)
[2024-12-02T21:08:01.866+0000] {spark_submit.py:634} INFO - at scala.collection.mutable.ArrayOps$ofRef.map(ArrayOps.scala:198)
[2024-12-02T21:08:01.866+0000] {spark_submit.py:634} INFO - at org.apache.spark.deploy.client.StandaloneAppClient.<init>(StandaloneAppClient.scala:54)
[2024-12-02T21:08:01.866+0000] {spark_submit.py:634} INFO - at org.apache.spark.scheduler.cluster.StandaloneSchedulerBackend.start(StandaloneSchedulerBackend.scala:134)
[2024-12-02T21:08:01.868+0000] {spark_submit.py:634} INFO - at org.apache.spark.scheduler.TaskSchedulerImpl.start(TaskSchedulerImpl.scala:235)
[2024-12-02T21:08:01.869+0000] {spark_submit.py:634} INFO - at org.apache.spark.SparkContext.<init>(SparkContext.scala:599)
[2024-12-02T21:08:01.870+0000] {spark_submit.py:634} INFO - at org.apache.spark.api.java.JavaSparkContext.<init>(JavaSparkContext.scala:58)
[2024-12-02T21:08:01.871+0000] {spark_submit.py:634} INFO - at java.base/jdk.internal.reflect.NativeConstructorAccessorImpl.newInstance0(Native Method)
[2024-12-02T21:08:01.872+0000] {spark_submit.py:634} INFO - at java.base/jdk.internal.reflect.NativeConstructorAccessorImpl.newInstance(NativeConstructorAccessorImpl.java:77)
[2024-12-02T21:08:01.873+0000] {spark_submit.py:634} INFO - at java.base/jdk.internal.reflect.DelegatingConstructorAccessorImpl.newInstance(DelegatingConstructorAccessorImpl.java:45)
[2024-12-02T21:08:01.874+0000] {spark_submit.py:634} INFO - at java.base/java.lang.reflect.Constructor.newInstanceWithCaller(Constructor.java:500)
[2024-12-02T21:08:01.875+0000] {spark_submit.py:634} INFO - at java.base/java.lang.reflect.Constructor.newInstance(Constructor.java:481)
[2024-12-02T21:08:01.876+0000] {spark_submit.py:634} INFO - at py4j.reflection.MethodInvoker.invoke(MethodInvoker.java:247)
[2024-12-02T21:08:01.877+0000] {spark_submit.py:634} INFO - at py4j.reflection.ReflectionEngine.invoke(ReflectionEngine.java:374)
[2024-12-02T21:08:01.877+0000] {spark_submit.py:634} INFO - at py4j.Gateway.invoke(Gateway.java:238)
[2024-12-02T21:08:01.878+0000] {spark_submit.py:634} INFO - at py4j.commands.ConstructorCommand.invokeConstructor(ConstructorCommand.java:80)
[2024-12-02T21:08:01.878+0000] {spark_submit.py:634} INFO - at py4j.commands.ConstructorCommand.execute(ConstructorCommand.java:69)
[2024-12-02T21:08:01.879+0000] {spark_submit.py:634} INFO - at py4j.ClientServerConnection.waitForCommands(ClientServerConnection.java:182)
[2024-12-02T21:08:01.879+0000] {spark_submit.py:634} INFO - at py4j.ClientServerConnection.run(ClientServerConnection.java:106)
[2024-12-02T21:08:01.881+0000] {spark_submit.py:634} INFO - at java.base/java.lang.Thread.run(Thread.java:840)
[2024-12-02T21:08:01.882+0000] {spark_submit.py:634} INFO - 24/12/02 21:08:01 INFO SparkContext: SparkContext is stopping with exitCode 0.
[2024-12-02T21:08:01.884+0000] {spark_submit.py:634} INFO - 24/12/02 21:08:01 INFO SparkUI: Stopped Spark web UI at http://53f207c7dacd:4042
[2024-12-02T21:08:01.900+0000] {spark_submit.py:634} INFO - 24/12/02 21:08:01 INFO StandaloneSchedulerBackend: Shutting down all executors
[2024-12-02T21:08:01.917+0000] {spark_submit.py:634} INFO - 24/12/02 21:08:01 INFO StandaloneSchedulerBackend$StandaloneDriverEndpoint: Asking each executor to shut down
[2024-12-02T21:08:01.957+0000] {spark_submit.py:634} INFO - 24/12/02 21:08:01 INFO MapOutputTrackerMasterEndpoint: MapOutputTrackerMasterEndpoint stopped!
[2024-12-02T21:08:01.979+0000] {spark_submit.py:634} INFO - 24/12/02 21:08:01 INFO MemoryStore: MemoryStore cleared
[2024-12-02T21:08:01.983+0000] {spark_submit.py:634} INFO - 24/12/02 21:08:01 INFO BlockManager: BlockManager stopped
[2024-12-02T21:08:02.004+0000] {spark_submit.py:634} INFO - 24/12/02 21:08:02 INFO BlockManagerMaster: BlockManagerMaster stopped
[2024-12-02T21:08:02.006+0000] {spark_submit.py:634} INFO - 24/12/02 21:08:02 WARN MetricsSystem: Stopping a MetricsSystem that is not running
[2024-12-02T21:08:02.011+0000] {spark_submit.py:634} INFO - 24/12/02 21:08:02 INFO OutputCommitCoordinator$OutputCommitCoordinatorEndpoint: OutputCommitCoordinator stopped!
[2024-12-02T21:08:02.034+0000] {spark_submit.py:634} INFO - 24/12/02 21:08:02 INFO SparkContext: Successfully stopped SparkContext
[2024-12-02T21:08:02.040+0000] {spark_submit.py:634} INFO - Traceback (most recent call last):
[2024-12-02T21:08:02.041+0000] {spark_submit.py:634} INFO - File "/opt/***/jobs/python/wordcountjob.py", line 3, in <module>
[2024-12-02T21:08:02.043+0000] {spark_submit.py:634} INFO - spark = SparkSession.builder.appName("PythonWordCount").getOrCreate()
[2024-12-02T21:08:02.044+0000] {spark_submit.py:634} INFO - ^^^^^^^^^^^^^^^^^^^^^^^^^^^^^^^^^^^^^^^^^^^^^^^^^^^^^^^^^^^^^
[2024-12-02T21:08:02.045+0000] {spark_submit.py:634} INFO - File "/home/***/.local/lib/python3.12/site-packages/pyspark/python/lib/pyspark.zip/pyspark/sql/session.py", line 497, in getOrCreate
[2024-12-02T21:08:02.047+0000] {spark_submit.py:634} INFO - File "/home/***/.local/lib/python3.12/site-packages/pyspark/python/lib/pyspark.zip/pyspark/context.py", line 515, in getOrCreate
[2024-12-02T21:08:02.049+0000] {spark_submit.py:634} INFO - File "/home/***/.local/lib/python3.12/site-packages/pyspark/python/lib/pyspark.zip/pyspark/context.py", line 203, in __init__
[2024-12-02T21:08:02.049+0000] {spark_submit.py:634} INFO - File "/home/***/.local/lib/python3.12/site-packages/pyspark/python/lib/pyspark.zip/pyspark/context.py", line 296, in _do_init
[2024-12-02T21:08:02.050+0000] {spark_submit.py:634} INFO - File "/home/***/.local/lib/python3.12/site-packages/pyspark/python/lib/pyspark.zip/pyspark/context.py", line 421, in _initialize_context
[2024-12-02T21:08:02.052+0000] {spark_submit.py:634} INFO - File "/home/***/.local/lib/python3.12/site-packages/pyspark/python/lib/py4j-0.10.9.7-src.zip/py4j/java_gateway.py", line 1587, in __call__
[2024-12-02T21:08:02.053+0000] {spark_submit.py:634} INFO - File "/home/***/.local/lib/python3.12/site-packages/pyspark/python/lib/py4j-0.10.9.7-src.zip/py4j/protocol.py", line 326, in get_return_value
[2024-12-02T21:08:02.055+0000] {spark_submit.py:634} INFO - py4j.protocol.Py4JJavaError: An error occurred while calling None.org.apache.spark.api.java.JavaSparkContext.
[2024-12-02T21:08:02.056+0000] {spark_submit.py:634} INFO - : org.apache.spark.SparkException: Invalid master URL: spark://localhost/:7077
[2024-12-02T21:08:02.056+0000] {spark_submit.py:634} INFO - at org.apache.spark.util.Utils$.extractHostPortFromSparkUrl(Utils.scala:2401)
[2024-12-02T21:08:02.057+0000] {spark_submit.py:634} INFO - at org.apache.spark.rpc.RpcAddress$.fromSparkURL(RpcAddress.scala:54)
[2024-12-02T21:08:02.058+0000] {spark_submit.py:634} INFO - at org.apache.spark.deploy.client.StandaloneAppClient.$anonfun$masterRpcAddresses$1(StandaloneAppClient.scala:54)
[2024-12-02T21:08:02.059+0000] {spark_submit.py:634} INFO - at scala.collection.TraversableLike.$anonfun$map$1(TraversableLike.scala:286)
[2024-12-02T21:08:02.059+0000] {spark_submit.py:634} INFO - at scala.collection.IndexedSeqOptimized.foreach(IndexedSeqOptimized.scala:36)
[2024-12-02T21:08:02.060+0000] {spark_submit.py:634} INFO - at scala.collection.IndexedSeqOptimized.foreach$(IndexedSeqOptimized.scala:33)
[2024-12-02T21:08:02.060+0000] {spark_submit.py:634} INFO - at scala.collection.mutable.ArrayOps$ofRef.foreach(ArrayOps.scala:198)
[2024-12-02T21:08:02.061+0000] {spark_submit.py:634} INFO - at scala.collection.TraversableLike.map(TraversableLike.scala:286)
[2024-12-02T21:08:02.062+0000] {spark_submit.py:634} INFO - at scala.collection.TraversableLike.map$(TraversableLike.scala:279)
[2024-12-02T21:08:02.062+0000] {spark_submit.py:634} INFO - at scala.collection.mutable.ArrayOps$ofRef.map(ArrayOps.scala:198)
[2024-12-02T21:08:02.063+0000] {spark_submit.py:634} INFO - at org.apache.spark.deploy.client.StandaloneAppClient.<init>(StandaloneAppClient.scala:54)
[2024-12-02T21:08:02.063+0000] {spark_submit.py:634} INFO - at org.apache.spark.scheduler.cluster.StandaloneSchedulerBackend.start(StandaloneSchedulerBackend.scala:134)
[2024-12-02T21:08:02.068+0000] {spark_submit.py:634} INFO - at org.apache.spark.scheduler.TaskSchedulerImpl.start(TaskSchedulerImpl.scala:235)
[2024-12-02T21:08:02.069+0000] {spark_submit.py:634} INFO - at org.apache.spark.SparkContext.<init>(SparkContext.scala:599)
[2024-12-02T21:08:02.069+0000] {spark_submit.py:634} INFO - at org.apache.spark.api.java.JavaSparkContext.<init>(JavaSparkContext.scala:58)
[2024-12-02T21:08:02.070+0000] {spark_submit.py:634} INFO - at java.base/jdk.internal.reflect.NativeConstructorAccessorImpl.newInstance0(Native Method)
[2024-12-02T21:08:02.071+0000] {spark_submit.py:634} INFO - at java.base/jdk.internal.reflect.NativeConstructorAccessorImpl.newInstance(NativeConstructorAccessorImpl.java:77)
[2024-12-02T21:08:02.071+0000] {spark_submit.py:634} INFO - at java.base/jdk.internal.reflect.DelegatingConstructorAccessorImpl.newInstance(DelegatingConstructorAccessorImpl.java:45)
[2024-12-02T21:08:02.074+0000] {spark_submit.py:634} INFO - at java.base/java.lang.reflect.Constructor.newInstanceWithCaller(Constructor.java:500)
[2024-12-02T21:08:02.075+0000] {spark_submit.py:634} INFO - at java.base/java.lang.reflect.Constructor.newInstance(Constructor.java:481)
[2024-12-02T21:08:02.075+0000] {spark_submit.py:634} INFO - at py4j.reflection.MethodInvoker.invoke(MethodInvoker.java:247)
[2024-12-02T21:08:02.076+0000] {spark_submit.py:634} INFO - at py4j.reflection.ReflectionEngine.invoke(ReflectionEngine.java:374)
[2024-12-02T21:08:02.077+0000] {spark_submit.py:634} INFO - at py4j.Gateway.invoke(Gateway.java:238)
[2024-12-02T21:08:02.077+0000] {spark_submit.py:634} INFO - at py4j.commands.ConstructorCommand.invokeConstructor(ConstructorCommand.java:80)
[2024-12-02T21:08:02.078+0000] {spark_submit.py:634} INFO - at py4j.commands.ConstructorCommand.execute(ConstructorCommand.java:69)
[2024-12-02T21:08:02.079+0000] {spark_submit.py:634} INFO - at py4j.ClientServerConnection.waitForCommands(ClientServerConnection.java:182)
[2024-12-02T21:08:02.080+0000] {spark_submit.py:634} INFO - at py4j.ClientServerConnection.run(ClientServerConnection.java:106)
[2024-12-02T21:08:02.081+0000] {spark_submit.py:634} INFO - at java.base/java.lang.Thread.run(Thread.java:840)
[2024-12-02T21:08:02.083+0000] {spark_submit.py:634} INFO - 
[2024-12-02T21:08:02.160+0000] {spark_submit.py:634} INFO - 24/12/02 21:08:02 INFO ShutdownHookManager: Shutdown hook called
[2024-12-02T21:08:02.167+0000] {spark_submit.py:634} INFO - 24/12/02 21:08:02 INFO ShutdownHookManager: Deleting directory /tmp/spark-7d19580e-2245-4d90-826f-5ad65ced2c29
[2024-12-02T21:08:02.175+0000] {spark_submit.py:634} INFO - 24/12/02 21:08:02 INFO ShutdownHookManager: Deleting directory /tmp/spark-8abb0a5c-4291-4e20-9498-ac9fc8d1d01e
[2024-12-02T21:08:02.264+0000] {taskinstance.py:3311} ERROR - Task failed with exception
Traceback (most recent call last):
  File "/home/airflow/.local/lib/python3.12/site-packages/airflow/models/taskinstance.py", line 767, in _execute_task
    result = _execute_callable(context=context, **execute_callable_kwargs)
             ^^^^^^^^^^^^^^^^^^^^^^^^^^^^^^^^^^^^^^^^^^^^^^^^^^^^^^^^^^^^^
  File "/home/airflow/.local/lib/python3.12/site-packages/airflow/models/taskinstance.py", line 733, in _execute_callable
    return ExecutionCallableRunner(
           ^^^^^^^^^^^^^^^^^^^^^^^^
  File "/home/airflow/.local/lib/python3.12/site-packages/airflow/utils/operator_helpers.py", line 252, in run
    return self.func(*args, **kwargs)
           ^^^^^^^^^^^^^^^^^^^^^^^^^^
  File "/home/airflow/.local/lib/python3.12/site-packages/airflow/models/baseoperator.py", line 417, in wrapper
    return func(self, *args, **kwargs)
           ^^^^^^^^^^^^^^^^^^^^^^^^^^^
  File "/home/airflow/.local/lib/python3.12/site-packages/airflow/providers/apache/spark/operators/spark_submit.py", line 176, in execute
    self._hook.submit(self.application)
  File "/home/airflow/.local/lib/python3.12/site-packages/airflow/providers/apache/spark/hooks/spark_submit.py", line 560, in submit
    raise AirflowException(
airflow.exceptions.AirflowException: Cannot execute: spark-submit --master spark://localhost/:7077 --name arrow-spark --deploy-mode client jobs/python/wordcountjob.py. Error code is: 1.
[2024-12-02T21:08:02.273+0000] {taskinstance.py:1225} INFO - Marking task as FAILED. dag_id=sparking_flow, task_id=python_job, run_id=manual__2024-12-02T21:07:52.448110+00:00, execution_date=20241202T210752, start_date=20241202T210754, end_date=20241202T210802
[2024-12-02T21:08:02.287+0000] {taskinstance.py:340} INFO - ::group::Post task execution logs
[2024-12-02T21:08:02.288+0000] {standard_task_runner.py:124} ERROR - Failed to execute job 44 for task python_job (Cannot execute: spark-submit --master spark://localhost/:7077 --name arrow-spark --deploy-mode client jobs/python/wordcountjob.py. Error code is: 1.; 1063)
Traceback (most recent call last):
  File "/home/airflow/.local/lib/python3.12/site-packages/airflow/task/task_runner/standard_task_runner.py", line 117, in _start_by_fork
    ret = args.func(args, dag=self.dag)
          ^^^^^^^^^^^^^^^^^^^^^^^^^^^^^
  File "/home/airflow/.local/lib/python3.12/site-packages/airflow/cli/cli_config.py", line 49, in command
    return func(*args, **kwargs)
           ^^^^^^^^^^^^^^^^^^^^^
  File "/home/airflow/.local/lib/python3.12/site-packages/airflow/utils/cli.py", line 116, in wrapper
    return f(*args, **kwargs)
           ^^^^^^^^^^^^^^^^^^
  File "/home/airflow/.local/lib/python3.12/site-packages/airflow/cli/commands/task_command.py", line 483, in task_run
    task_return_code = _run_task_by_selected_method(args, _dag, ti)
                       ^^^^^^^^^^^^^^^^^^^^^^^^^^^^^^^^^^^^^^^^^^^^
  File "/home/airflow/.local/lib/python3.12/site-packages/airflow/cli/commands/task_command.py", line 256, in _run_task_by_selected_method
    return _run_raw_task(args, ti)
           ^^^^^^^^^^^^^^^^^^^^^^^
  File "/home/airflow/.local/lib/python3.12/site-packages/airflow/cli/commands/task_command.py", line 341, in _run_raw_task
    return ti._run_raw_task(
           ^^^^^^^^^^^^^^^^^
  File "/home/airflow/.local/lib/python3.12/site-packages/airflow/utils/session.py", line 97, in wrapper
    return func(*args, session=session, **kwargs)
           ^^^^^^^^^^^^^^^^^^^^^^^^^^^^^^^^^^^^^^
  File "/home/airflow/.local/lib/python3.12/site-packages/airflow/models/taskinstance.py", line 3005, in _run_raw_task
    return _run_raw_task(
           ^^^^^^^^^^^^^^
  File "/home/airflow/.local/lib/python3.12/site-packages/airflow/models/taskinstance.py", line 273, in _run_raw_task
    TaskInstance._execute_task_with_callbacks(
  File "/home/airflow/.local/lib/python3.12/site-packages/airflow/models/taskinstance.py", line 3159, in _execute_task_with_callbacks
    result = self._execute_task(context, task_orig)
             ^^^^^^^^^^^^^^^^^^^^^^^^^^^^^^^^^^^^^^
  File "/home/airflow/.local/lib/python3.12/site-packages/airflow/models/taskinstance.py", line 3183, in _execute_task
    return _execute_task(self, context, task_orig)
           ^^^^^^^^^^^^^^^^^^^^^^^^^^^^^^^^^^^^^^^
  File "/home/airflow/.local/lib/python3.12/site-packages/airflow/models/taskinstance.py", line 767, in _execute_task
    result = _execute_callable(context=context, **execute_callable_kwargs)
             ^^^^^^^^^^^^^^^^^^^^^^^^^^^^^^^^^^^^^^^^^^^^^^^^^^^^^^^^^^^^^
  File "/home/airflow/.local/lib/python3.12/site-packages/airflow/models/taskinstance.py", line 733, in _execute_callable
    return ExecutionCallableRunner(
           ^^^^^^^^^^^^^^^^^^^^^^^^
  File "/home/airflow/.local/lib/python3.12/site-packages/airflow/utils/operator_helpers.py", line 252, in run
    return self.func(*args, **kwargs)
           ^^^^^^^^^^^^^^^^^^^^^^^^^^
  File "/home/airflow/.local/lib/python3.12/site-packages/airflow/models/baseoperator.py", line 417, in wrapper
    return func(self, *args, **kwargs)
           ^^^^^^^^^^^^^^^^^^^^^^^^^^^
  File "/home/airflow/.local/lib/python3.12/site-packages/airflow/providers/apache/spark/operators/spark_submit.py", line 176, in execute
    self._hook.submit(self.application)
  File "/home/airflow/.local/lib/python3.12/site-packages/airflow/providers/apache/spark/hooks/spark_submit.py", line 560, in submit
    raise AirflowException(
airflow.exceptions.AirflowException: Cannot execute: spark-submit --master spark://localhost/:7077 --name arrow-spark --deploy-mode client jobs/python/wordcountjob.py. Error code is: 1.
[2024-12-02T21:08:02.324+0000] {local_task_job_runner.py:266} INFO - Task exited with return code 1
[2024-12-02T21:08:02.358+0000] {taskinstance.py:3895} INFO - 0 downstream tasks scheduled from follow-on schedule check
[2024-12-02T21:08:02.363+0000] {local_task_job_runner.py:245} INFO - ::endgroup::
