[2024-12-09T16:42:43.110+0000] {local_task_job_runner.py:123} INFO - ::group::Pre task execution logs
[2024-12-09T16:42:43.124+0000] {taskinstance.py:2613} INFO - Dependencies all met for dep_context=non-requeueable deps ti=<TaskInstance: sparking_flow.scala_job manual__2024-12-09T16:42:41.697874+00:00 [queued]>
[2024-12-09T16:42:43.132+0000] {taskinstance.py:2613} INFO - Dependencies all met for dep_context=requeueable deps ti=<TaskInstance: sparking_flow.scala_job manual__2024-12-09T16:42:41.697874+00:00 [queued]>
[2024-12-09T16:42:43.132+0000] {taskinstance.py:2866} INFO - Starting attempt 1 of 1
[2024-12-09T16:42:43.154+0000] {taskinstance.py:2889} INFO - Executing <Task(SparkSubmitOperator): scala_job> on 2024-12-09 16:42:41.697874+00:00
[2024-12-09T16:42:43.163+0000] {logging_mixin.py:190} WARNING - /home/***/.local/lib/python3.12/site-packages/***/task/task_runner/standard_task_runner.py:70 DeprecationWarning: This process (pid=185) is multi-threaded, use of fork() may lead to deadlocks in the child.
[2024-12-09T16:42:43.164+0000] {standard_task_runner.py:72} INFO - Started process 192 to run task
[2024-12-09T16:42:43.164+0000] {standard_task_runner.py:104} INFO - Running: ['***', 'tasks', 'run', 'sparking_flow', 'scala_job', 'manual__2024-12-09T16:42:41.697874+00:00', '--job-id', '564', '--raw', '--subdir', 'DAGS_FOLDER/spark_***.py', '--cfg-path', '/tmp/tmp3vjqxf9g']
[2024-12-09T16:42:43.166+0000] {standard_task_runner.py:105} INFO - Job 564: Subtask scala_job
[2024-12-09T16:42:43.223+0000] {task_command.py:467} INFO - Running <TaskInstance: sparking_flow.scala_job manual__2024-12-09T16:42:41.697874+00:00 [running]> on host 2a892a3469ec
[2024-12-09T16:42:43.298+0000] {taskinstance.py:3132} INFO - Exporting env vars: AIRFLOW_CTX_DAG_OWNER='Yusuf Ganiyu' AIRFLOW_CTX_DAG_ID='sparking_flow' AIRFLOW_CTX_TASK_ID='scala_job' AIRFLOW_CTX_EXECUTION_DATE='2024-12-09T16:42:41.697874+00:00' AIRFLOW_CTX_TRY_NUMBER='1' AIRFLOW_CTX_DAG_RUN_ID='manual__2024-12-09T16:42:41.697874+00:00'
[2024-12-09T16:42:43.299+0000] {taskinstance.py:731} INFO - ::endgroup::
[2024-12-09T16:42:43.317+0000] {base.py:84} INFO - Retrieving connection 'spark-conn'
[2024-12-09T16:42:43.319+0000] {spark_submit.py:473} INFO - Spark-Submit cmd: spark-submit --master spark://sparkingflow-spark-master-1:7077 --name arrow-spark --deploy-mode client jobs/scala/target/scala-2.12/word-count_2.12-0.1.jar
[2024-12-09T16:42:45.664+0000] {spark_submit.py:634} INFO - 24/12/09 16:42:45 WARN NativeCodeLoader: Unable to load native-hadoop library for your platform... using builtin-java classes where applicable
[2024-12-09T16:42:45.988+0000] {spark_submit.py:634} INFO - 24/12/09 16:42:45 INFO SparkContext: Running Spark version 3.5.3
[2024-12-09T16:42:45.989+0000] {spark_submit.py:634} INFO - 24/12/09 16:42:45 INFO SparkContext: OS info Linux, 6.10.14-linuxkit, aarch64
[2024-12-09T16:42:45.990+0000] {spark_submit.py:634} INFO - 24/12/09 16:42:45 INFO SparkContext: Java version 17.0.13
[2024-12-09T16:42:46.019+0000] {spark_submit.py:634} INFO - 24/12/09 16:42:46 INFO ResourceUtils: ==============================================================
[2024-12-09T16:42:46.022+0000] {spark_submit.py:634} INFO - 24/12/09 16:42:46 INFO ResourceUtils: No custom resources configured for spark.driver.
[2024-12-09T16:42:46.024+0000] {spark_submit.py:634} INFO - 24/12/09 16:42:46 INFO ResourceUtils: ==============================================================
[2024-12-09T16:42:46.027+0000] {spark_submit.py:634} INFO - 24/12/09 16:42:46 INFO SparkContext: Submitted application: Word Count
[2024-12-09T16:42:46.050+0000] {spark_submit.py:634} INFO - 24/12/09 16:42:46 INFO ResourceProfile: Default ResourceProfile created, executor resources: Map(memory -> name: memory, amount: 1024, script: , vendor: , offHeap -> name: offHeap, amount: 0, script: , vendor: ), task resources: Map(cpus -> name: cpus, amount: 1.0)
[2024-12-09T16:42:46.059+0000] {spark_submit.py:634} INFO - 24/12/09 16:42:46 INFO ResourceProfile: Limiting resource is cpu
[2024-12-09T16:42:46.064+0000] {spark_submit.py:634} INFO - 24/12/09 16:42:46 INFO ResourceProfileManager: Added ResourceProfile id: 0
[2024-12-09T16:42:46.127+0000] {spark_submit.py:634} INFO - 24/12/09 16:42:46 INFO SecurityManager: Changing view acls to: ***
[2024-12-09T16:42:46.128+0000] {spark_submit.py:634} INFO - 24/12/09 16:42:46 INFO SecurityManager: Changing modify acls to: ***
[2024-12-09T16:42:46.137+0000] {spark_submit.py:634} INFO - 24/12/09 16:42:46 INFO SecurityManager: Changing view acls groups to:
[2024-12-09T16:42:46.139+0000] {spark_submit.py:634} INFO - 24/12/09 16:42:46 INFO SecurityManager: Changing modify acls groups to:
[2024-12-09T16:42:46.140+0000] {spark_submit.py:634} INFO - 24/12/09 16:42:46 INFO SecurityManager: SecurityManager: authentication disabled; ui acls disabled; users with view permissions: ***; groups with view permissions: EMPTY; users with modify permissions: ***; groups with modify permissions: EMPTY
[2024-12-09T16:42:46.390+0000] {spark_submit.py:634} INFO - 24/12/09 16:42:46 INFO Utils: Successfully started service 'sparkDriver' on port 45373.
[2024-12-09T16:42:46.421+0000] {spark_submit.py:634} INFO - 24/12/09 16:42:46 INFO SparkEnv: Registering MapOutputTracker
[2024-12-09T16:42:46.445+0000] {spark_submit.py:634} INFO - 24/12/09 16:42:46 INFO SparkEnv: Registering BlockManagerMaster
[2024-12-09T16:42:46.458+0000] {spark_submit.py:634} INFO - 24/12/09 16:42:46 INFO BlockManagerMasterEndpoint: Using org.apache.spark.storage.DefaultTopologyMapper for getting topology information
[2024-12-09T16:42:46.458+0000] {spark_submit.py:634} INFO - 24/12/09 16:42:46 INFO BlockManagerMasterEndpoint: BlockManagerMasterEndpoint up
[2024-12-09T16:42:46.462+0000] {spark_submit.py:634} INFO - 24/12/09 16:42:46 INFO SparkEnv: Registering BlockManagerMasterHeartbeat
[2024-12-09T16:42:46.487+0000] {spark_submit.py:634} INFO - 24/12/09 16:42:46 INFO DiskBlockManager: Created local directory at /tmp/blockmgr-f329cdf9-cb96-496a-a6ec-4360c8600861
[2024-12-09T16:42:46.523+0000] {spark_submit.py:634} INFO - 24/12/09 16:42:46 INFO MemoryStore: MemoryStore started with capacity 434.4 MiB
[2024-12-09T16:42:46.541+0000] {spark_submit.py:634} INFO - 24/12/09 16:42:46 INFO SparkEnv: Registering OutputCommitCoordinator
[2024-12-09T16:42:46.690+0000] {spark_submit.py:634} INFO - 24/12/09 16:42:46 INFO JettyUtils: Start Jetty 0.0.0.0:4040 for SparkUI
[2024-12-09T16:42:46.762+0000] {spark_submit.py:634} INFO - 24/12/09 16:42:46 INFO Utils: Successfully started service 'SparkUI' on port 4040.
[2024-12-09T16:42:46.798+0000] {spark_submit.py:634} INFO - 24/12/09 16:42:46 INFO SparkContext: Added JAR file:/opt/***/jobs/scala/target/scala-2.12/word-count_2.12-0.1.jar at spark://2a892a3469ec:45373/jars/word-count_2.12-0.1.jar with timestamp 1733762565972
[2024-12-09T16:42:46.948+0000] {spark_submit.py:634} INFO - 24/12/09 16:42:46 INFO StandaloneAppClient$ClientEndpoint: Connecting to master spark://spark-master:7077...
[2024-12-09T16:42:47.019+0000] {spark_submit.py:634} INFO - 24/12/09 16:42:47 INFO TransportClientFactory: Successfully created connection to spark-master/172.18.0.5:7077 after 34 ms (0 ms spent in bootstraps)
[2024-12-09T16:42:47.251+0000] {spark_submit.py:634} INFO - 24/12/09 16:42:47 INFO StandaloneSchedulerBackend: Connected to Spark cluster with app ID app-20241209164247-0000
[2024-12-09T16:42:47.262+0000] {spark_submit.py:634} INFO - 24/12/09 16:42:47 INFO Utils: Successfully started service 'org.apache.spark.network.netty.NettyBlockTransferService' on port 46753.
[2024-12-09T16:42:47.265+0000] {spark_submit.py:634} INFO - 24/12/09 16:42:47 INFO NettyBlockTransferService: Server created on 2a892a3469ec:46753
[2024-12-09T16:42:47.266+0000] {spark_submit.py:634} INFO - 24/12/09 16:42:47 INFO BlockManager: Using org.apache.spark.storage.RandomBlockReplicationPolicy for block replication policy
[2024-12-09T16:42:47.275+0000] {spark_submit.py:634} INFO - 24/12/09 16:42:47 INFO StandaloneAppClient$ClientEndpoint: Executor added: app-20241209164247-0000/0 on worker-20241209164207-172.18.0.7-35089 (172.18.0.7:35089) with 2 core(s)
[2024-12-09T16:42:47.277+0000] {spark_submit.py:634} INFO - 24/12/09 16:42:47 INFO BlockManagerMaster: Registering BlockManager BlockManagerId(driver, 2a892a3469ec, 46753, None)
[2024-12-09T16:42:47.278+0000] {spark_submit.py:634} INFO - 24/12/09 16:42:47 INFO StandaloneSchedulerBackend: Granted executor ID app-20241209164247-0000/0 on hostPort 172.18.0.7:35089 with 2 core(s), 1024.0 MiB RAM
[2024-12-09T16:42:47.286+0000] {spark_submit.py:634} INFO - 24/12/09 16:42:47 INFO BlockManagerMasterEndpoint: Registering block manager 2a892a3469ec:46753 with 434.4 MiB RAM, BlockManagerId(driver, 2a892a3469ec, 46753, None)
[2024-12-09T16:42:47.289+0000] {spark_submit.py:634} INFO - 24/12/09 16:42:47 INFO BlockManagerMaster: Registered BlockManager BlockManagerId(driver, 2a892a3469ec, 46753, None)
[2024-12-09T16:42:47.290+0000] {spark_submit.py:634} INFO - 24/12/09 16:42:47 INFO BlockManager: Initialized BlockManager: BlockManagerId(driver, 2a892a3469ec, 46753, None)
[2024-12-09T16:42:47.544+0000] {spark_submit.py:634} INFO - 24/12/09 16:42:47 INFO StandaloneAppClient$ClientEndpoint: Executor updated: app-20241209164247-0000/0 is now RUNNING
[2024-12-09T16:42:47.559+0000] {spark_submit.py:634} INFO - 24/12/09 16:42:47 INFO StandaloneSchedulerBackend: SchedulerBackend is ready for scheduling beginning after reached minRegisteredResourcesRatio: 0.0
[2024-12-09T16:42:48.067+0000] {spark_submit.py:634} INFO - 24/12/09 16:42:48 INFO SparkContext: Starting job: collect at wordcount.scala:14
[2024-12-09T16:42:48.606+0000] {spark_submit.py:634} INFO - 24/12/09 16:42:48 INFO DAGScheduler: Registering RDD 2 (map at wordcount.scala:11) as input to shuffle 0
[2024-12-09T16:42:48.614+0000] {spark_submit.py:634} INFO - 24/12/09 16:42:48 INFO DAGScheduler: Got job 0 (collect at wordcount.scala:14) with 2 output partitions
[2024-12-09T16:42:48.618+0000] {spark_submit.py:634} INFO - 24/12/09 16:42:48 INFO DAGScheduler: Final stage: ResultStage 1 (collect at wordcount.scala:14)
[2024-12-09T16:42:48.619+0000] {spark_submit.py:634} INFO - 24/12/09 16:42:48 INFO DAGScheduler: Parents of final stage: List(ShuffleMapStage 0)
[2024-12-09T16:42:48.619+0000] {spark_submit.py:634} INFO - 24/12/09 16:42:48 INFO DAGScheduler: Missing parents: List(ShuffleMapStage 0)
[2024-12-09T16:42:48.619+0000] {spark_submit.py:634} INFO - 24/12/09 16:42:48 INFO DAGScheduler: Submitting ShuffleMapStage 0 (MapPartitionsRDD[2] at map at wordcount.scala:11), which has no missing parents
[2024-12-09T16:42:48.693+0000] {spark_submit.py:634} INFO - 24/12/09 16:42:48 INFO MemoryStore: Block broadcast_0 stored as values in memory (estimated size 5.5 KiB, free 434.4 MiB)
[2024-12-09T16:42:48.720+0000] {spark_submit.py:634} INFO - 24/12/09 16:42:48 INFO MemoryStore: Block broadcast_0_piece0 stored as bytes in memory (estimated size 3.2 KiB, free 434.4 MiB)
[2024-12-09T16:42:48.732+0000] {spark_submit.py:634} INFO - 24/12/09 16:42:48 INFO BlockManagerInfo: Added broadcast_0_piece0 in memory on 2a892a3469ec:46753 (size: 3.2 KiB, free: 434.4 MiB)
[2024-12-09T16:42:48.737+0000] {spark_submit.py:634} INFO - 24/12/09 16:42:48 INFO SparkContext: Created broadcast 0 from broadcast at DAGScheduler.scala:1585
[2024-12-09T16:42:48.773+0000] {spark_submit.py:634} INFO - 24/12/09 16:42:48 INFO DAGScheduler: Submitting 2 missing tasks from ShuffleMapStage 0 (MapPartitionsRDD[2] at map at wordcount.scala:11) (first 15 tasks are for partitions Vector(0, 1))
[2024-12-09T16:42:48.775+0000] {spark_submit.py:634} INFO - 24/12/09 16:42:48 INFO TaskSchedulerImpl: Adding task set 0.0 with 2 tasks resource profile 0
[2024-12-09T16:42:49.859+0000] {spark_submit.py:634} INFO - 24/12/09 16:42:49 INFO StandaloneSchedulerBackend$StandaloneDriverEndpoint: Registered executor NettyRpcEndpointRef(spark-client://Executor) (172.18.0.7:45036) with ID 0,  ResourceProfileId 0
[2024-12-09T16:42:49.902+0000] {spark_submit.py:634} INFO - 24/12/09 16:42:49 INFO BlockManagerMasterEndpoint: Registering block manager 172.18.0.7:44209 with 434.4 MiB RAM, BlockManagerId(0, 172.18.0.7, 44209, None)
[2024-12-09T16:42:49.986+0000] {spark_submit.py:634} INFO - 24/12/09 16:42:49 INFO TaskSetManager: Starting task 0.0 in stage 0.0 (TID 0) (172.18.0.7, executor 0, partition 0, PROCESS_LOCAL, 9198 bytes)
[2024-12-09T16:42:49.988+0000] {spark_submit.py:634} INFO - 24/12/09 16:42:49 INFO TaskSetManager: Starting task 1.0 in stage 0.0 (TID 1) (172.18.0.7, executor 0, partition 1, PROCESS_LOCAL, 9213 bytes)
[2024-12-09T16:42:50.207+0000] {spark_submit.py:634} INFO - 24/12/09 16:42:50 INFO BlockManagerInfo: Added broadcast_0_piece0 in memory on 172.18.0.7:44209 (size: 3.2 KiB, free: 434.4 MiB)
[2024-12-09T16:42:50.583+0000] {spark_submit.py:634} INFO - 24/12/09 16:42:50 INFO TaskSetManager: Finished task 1.0 in stage 0.0 (TID 1) in 594 ms on 172.18.0.7 (executor 0) (1/2)
[2024-12-09T16:42:50.584+0000] {spark_submit.py:634} INFO - 24/12/09 16:42:50 INFO TaskSetManager: Finished task 0.0 in stage 0.0 (TID 0) in 604 ms on 172.18.0.7 (executor 0) (2/2)
[2024-12-09T16:42:50.586+0000] {spark_submit.py:634} INFO - 24/12/09 16:42:50 INFO TaskSchedulerImpl: Removed TaskSet 0.0, whose tasks have all completed, from pool
[2024-12-09T16:42:50.588+0000] {spark_submit.py:634} INFO - 24/12/09 16:42:50 INFO DAGScheduler: ShuffleMapStage 0 (map at wordcount.scala:11) finished in 1.950 s
[2024-12-09T16:42:50.588+0000] {spark_submit.py:634} INFO - 24/12/09 16:42:50 INFO DAGScheduler: looking for newly runnable stages
[2024-12-09T16:42:50.589+0000] {spark_submit.py:634} INFO - 24/12/09 16:42:50 INFO DAGScheduler: running: Set()
[2024-12-09T16:42:50.589+0000] {spark_submit.py:634} INFO - 24/12/09 16:42:50 INFO DAGScheduler: waiting: Set(ResultStage 1)
[2024-12-09T16:42:50.590+0000] {spark_submit.py:634} INFO - 24/12/09 16:42:50 INFO DAGScheduler: failed: Set()
[2024-12-09T16:42:50.591+0000] {spark_submit.py:634} INFO - 24/12/09 16:42:50 INFO DAGScheduler: Submitting ResultStage 1 (ShuffledRDD[3] at reduceByKey at wordcount.scala:12), which has no missing parents
[2024-12-09T16:42:50.599+0000] {spark_submit.py:634} INFO - 24/12/09 16:42:50 INFO MemoryStore: Block broadcast_1 stored as values in memory (estimated size 5.2 KiB, free 434.4 MiB)
[2024-12-09T16:42:50.602+0000] {spark_submit.py:634} INFO - 24/12/09 16:42:50 INFO MemoryStore: Block broadcast_1_piece0 stored as bytes in memory (estimated size 3.1 KiB, free 434.4 MiB)
[2024-12-09T16:42:50.603+0000] {spark_submit.py:634} INFO - 24/12/09 16:42:50 INFO BlockManagerInfo: Added broadcast_1_piece0 in memory on 2a892a3469ec:46753 (size: 3.1 KiB, free: 434.4 MiB)
[2024-12-09T16:42:50.604+0000] {spark_submit.py:634} INFO - 24/12/09 16:42:50 INFO SparkContext: Created broadcast 1 from broadcast at DAGScheduler.scala:1585
[2024-12-09T16:42:50.604+0000] {spark_submit.py:634} INFO - 24/12/09 16:42:50 INFO DAGScheduler: Submitting 2 missing tasks from ResultStage 1 (ShuffledRDD[3] at reduceByKey at wordcount.scala:12) (first 15 tasks are for partitions Vector(0, 1))
[2024-12-09T16:42:50.605+0000] {spark_submit.py:634} INFO - 24/12/09 16:42:50 INFO TaskSchedulerImpl: Adding task set 1.0 with 2 tasks resource profile 0
[2024-12-09T16:42:50.610+0000] {spark_submit.py:634} INFO - 24/12/09 16:42:50 INFO TaskSetManager: Starting task 0.0 in stage 1.0 (TID 2) (172.18.0.7, executor 0, partition 0, NODE_LOCAL, 9003 bytes)
[2024-12-09T16:42:50.613+0000] {spark_submit.py:634} INFO - 24/12/09 16:42:50 INFO TaskSetManager: Starting task 1.0 in stage 1.0 (TID 3) (172.18.0.7, executor 0, partition 1, NODE_LOCAL, 9003 bytes)
[2024-12-09T16:42:50.634+0000] {spark_submit.py:634} INFO - 24/12/09 16:42:50 INFO BlockManagerInfo: Added broadcast_1_piece0 in memory on 172.18.0.7:44209 (size: 3.1 KiB, free: 434.4 MiB)
[2024-12-09T16:42:50.669+0000] {spark_submit.py:634} INFO - 24/12/09 16:42:50 INFO MapOutputTrackerMasterEndpoint: Asked to send map output locations for shuffle 0 to 172.18.0.7:45036
[2024-12-09T16:42:50.765+0000] {spark_submit.py:634} INFO - 24/12/09 16:42:50 INFO TaskSetManager: Finished task 0.0 in stage 1.0 (TID 2) in 158 ms on 172.18.0.7 (executor 0) (1/2)
[2024-12-09T16:42:50.768+0000] {spark_submit.py:634} INFO - 24/12/09 16:42:50 INFO TaskSetManager: Finished task 1.0 in stage 1.0 (TID 3) in 155 ms on 172.18.0.7 (executor 0) (2/2)
[2024-12-09T16:42:50.772+0000] {spark_submit.py:634} INFO - 24/12/09 16:42:50 INFO TaskSchedulerImpl: Removed TaskSet 1.0, whose tasks have all completed, from pool
[2024-12-09T16:42:50.773+0000] {spark_submit.py:634} INFO - 24/12/09 16:42:50 INFO DAGScheduler: ResultStage 1 (collect at wordcount.scala:14) finished in 0.176 s
[2024-12-09T16:42:50.776+0000] {spark_submit.py:634} INFO - 24/12/09 16:42:50 INFO DAGScheduler: Job 0 is finished. Cancelling potential speculative or zombie tasks for this job
[2024-12-09T16:42:50.776+0000] {spark_submit.py:634} INFO - 24/12/09 16:42:50 INFO TaskSchedulerImpl: Killing all running tasks in stage 1: Stage finished
[2024-12-09T16:42:50.778+0000] {spark_submit.py:634} INFO - 24/12/09 16:42:50 INFO DAGScheduler: Job 0 finished: collect at wordcount.scala:14, took 2.711351 s
[2024-12-09T16:42:50.781+0000] {spark_submit.py:634} INFO - (Hello,5)
[2024-12-09T16:42:50.781+0000] {spark_submit.py:634} INFO - (Yusuf,1)
[2024-12-09T16:42:50.782+0000] {spark_submit.py:634} INFO - (World,1)
[2024-12-09T16:42:50.782+0000] {spark_submit.py:634} INFO - (Scala,1)
[2024-12-09T16:42:50.783+0000] {spark_submit.py:634} INFO - (Docker,1)
[2024-12-09T16:42:50.783+0000] {spark_submit.py:634} INFO - (spark,1)
[2024-12-09T16:42:50.783+0000] {spark_submit.py:634} INFO - 24/12/09 16:42:50 INFO SparkContext: SparkContext is stopping with exitCode 0.
[2024-12-09T16:42:50.787+0000] {spark_submit.py:634} INFO - 24/12/09 16:42:50 INFO SparkUI: Stopped Spark web UI at http://2a892a3469ec:4040
[2024-12-09T16:42:50.789+0000] {spark_submit.py:634} INFO - 24/12/09 16:42:50 INFO StandaloneSchedulerBackend: Shutting down all executors
[2024-12-09T16:42:50.791+0000] {spark_submit.py:634} INFO - 24/12/09 16:42:50 INFO StandaloneSchedulerBackend$StandaloneDriverEndpoint: Asking each executor to shut down
[2024-12-09T16:42:50.810+0000] {spark_submit.py:634} INFO - 24/12/09 16:42:50 INFO MapOutputTrackerMasterEndpoint: MapOutputTrackerMasterEndpoint stopped!
[2024-12-09T16:42:50.873+0000] {spark_submit.py:634} INFO - 24/12/09 16:42:50 INFO MemoryStore: MemoryStore cleared
[2024-12-09T16:42:50.885+0000] {spark_submit.py:634} INFO - 24/12/09 16:42:50 INFO BlockManager: BlockManager stopped
[2024-12-09T16:42:50.890+0000] {spark_submit.py:634} INFO - 24/12/09 16:42:50 INFO BlockManagerMaster: BlockManagerMaster stopped
[2024-12-09T16:42:50.893+0000] {spark_submit.py:634} INFO - 24/12/09 16:42:50 INFO OutputCommitCoordinator$OutputCommitCoordinatorEndpoint: OutputCommitCoordinator stopped!
[2024-12-09T16:42:50.917+0000] {spark_submit.py:634} INFO - 24/12/09 16:42:50 INFO SparkContext: Successfully stopped SparkContext
[2024-12-09T16:42:50.921+0000] {spark_submit.py:634} INFO - 24/12/09 16:42:50 INFO ShutdownHookManager: Shutdown hook called
[2024-12-09T16:42:50.922+0000] {spark_submit.py:634} INFO - 24/12/09 16:42:50 INFO ShutdownHookManager: Deleting directory /tmp/spark-302a4880-0d39-441e-bfc7-b5db419f118c
[2024-12-09T16:42:50.926+0000] {spark_submit.py:634} INFO - 24/12/09 16:42:50 INFO ShutdownHookManager: Deleting directory /tmp/spark-640cc6b7-c7e0-49d1-b573-368f08bf1c5d
[2024-12-09T16:42:50.960+0000] {taskinstance.py:340} INFO - ::group::Post task execution logs
[2024-12-09T16:42:50.961+0000] {taskinstance.py:352} INFO - Marking task as SUCCESS. dag_id=sparking_flow, task_id=scala_job, run_id=manual__2024-12-09T16:42:41.697874+00:00, execution_date=20241209T164241, start_date=20241209T164243, end_date=20241209T164250
[2024-12-09T16:42:50.995+0000] {local_task_job_runner.py:266} INFO - Task exited with return code 0
[2024-12-09T16:42:51.007+0000] {taskinstance.py:3895} INFO - 0 downstream tasks scheduled from follow-on schedule check
[2024-12-09T16:42:51.007+0000] {local_task_job_runner.py:245} INFO - ::endgroup::
