[2024-12-09T13:00:48.483+0000] {local_task_job_runner.py:123} INFO - ::group::Pre task execution logs
[2024-12-09T13:00:48.504+0000] {taskinstance.py:2613} INFO - Dependencies all met for dep_context=non-requeueable deps ti=<TaskInstance: sparking_flow.java_job manual__2024-12-09T13:00:47.038384+00:00 [queued]>
[2024-12-09T13:00:48.513+0000] {taskinstance.py:2613} INFO - Dependencies all met for dep_context=requeueable deps ti=<TaskInstance: sparking_flow.java_job manual__2024-12-09T13:00:47.038384+00:00 [queued]>
[2024-12-09T13:00:48.514+0000] {taskinstance.py:2866} INFO - Starting attempt 1 of 1
[2024-12-09T13:00:48.528+0000] {taskinstance.py:2889} INFO - Executing <Task(SparkSubmitOperator): java_job> on 2024-12-09 13:00:47.038384+00:00
[2024-12-09T13:00:48.537+0000] {logging_mixin.py:190} WARNING - /home/***/.local/lib/python3.12/site-packages/***/task/task_runner/standard_task_runner.py:70 DeprecationWarning: This process (pid=186) is multi-threaded, use of fork() may lead to deadlocks in the child.
[2024-12-09T13:00:48.536+0000] {standard_task_runner.py:104} INFO - Running: ['***', 'tasks', 'run', 'sparking_flow', 'java_job', 'manual__2024-12-09T13:00:47.038384+00:00', '--job-id', '455', '--raw', '--subdir', 'DAGS_FOLDER/spark_***.py', '--cfg-path', '/tmp/tmpgeahoyoc']
[2024-12-09T13:00:48.538+0000] {standard_task_runner.py:72} INFO - Started process 188 to run task
[2024-12-09T13:00:48.539+0000] {standard_task_runner.py:105} INFO - Job 455: Subtask java_job
[2024-12-09T13:00:48.625+0000] {task_command.py:467} INFO - Running <TaskInstance: sparking_flow.java_job manual__2024-12-09T13:00:47.038384+00:00 [running]> on host 2a892a3469ec
[2024-12-09T13:00:48.775+0000] {taskinstance.py:3132} INFO - Exporting env vars: AIRFLOW_CTX_DAG_OWNER='Yusuf Ganiyu' AIRFLOW_CTX_DAG_ID='sparking_flow' AIRFLOW_CTX_TASK_ID='java_job' AIRFLOW_CTX_EXECUTION_DATE='2024-12-09T13:00:47.038384+00:00' AIRFLOW_CTX_TRY_NUMBER='1' AIRFLOW_CTX_DAG_RUN_ID='manual__2024-12-09T13:00:47.038384+00:00'
[2024-12-09T13:00:48.777+0000] {taskinstance.py:731} INFO - ::endgroup::
[2024-12-09T13:00:48.823+0000] {base.py:84} INFO - Retrieving connection 'spark-conn'
[2024-12-09T13:00:48.829+0000] {spark_submit.py:473} INFO - Spark-Submit cmd: spark-submit --master spark://sparkingflow-spark-master-1:7077 --name arrow-spark --class com.airscholar.spark.WordCountJob --deploy-mode client jobs/java/spark-job/target/spark-job-1.0-SNAPSHOT.jar
[2024-12-09T13:00:54.334+0000] {spark_submit.py:634} INFO - 24/12/09 13:00:54 INFO SparkContext: Running Spark version 3.5.3
[2024-12-09T13:00:54.345+0000] {spark_submit.py:634} INFO - 24/12/09 13:00:54 INFO SparkContext: OS info Linux, 6.10.14-linuxkit, aarch64
[2024-12-09T13:00:54.347+0000] {spark_submit.py:634} INFO - 24/12/09 13:00:54 INFO SparkContext: Java version 17.0.13
[2024-12-09T13:00:54.484+0000] {spark_submit.py:634} INFO - 24/12/09 13:00:54 WARN NativeCodeLoader: Unable to load native-hadoop library for your platform... using builtin-java classes where applicable
[2024-12-09T13:00:54.730+0000] {spark_submit.py:634} INFO - 24/12/09 13:00:54 INFO ResourceUtils: ==============================================================
[2024-12-09T13:00:54.731+0000] {spark_submit.py:634} INFO - 24/12/09 13:00:54 INFO ResourceUtils: No custom resources configured for spark.driver.
[2024-12-09T13:00:54.733+0000] {spark_submit.py:634} INFO - 24/12/09 13:00:54 INFO ResourceUtils: ==============================================================
[2024-12-09T13:00:54.735+0000] {spark_submit.py:634} INFO - 24/12/09 13:00:54 INFO SparkContext: Submitted application: Word Count Job
[2024-12-09T13:00:54.786+0000] {spark_submit.py:634} INFO - 24/12/09 13:00:54 INFO ResourceProfile: Default ResourceProfile created, executor resources: Map(cores -> name: cores, amount: 1, script: , vendor: , memory -> name: memory, amount: 1024, script: , vendor: , offHeap -> name: offHeap, amount: 0, script: , vendor: ), task resources: Map(cpus -> name: cpus, amount: 1.0)
[2024-12-09T13:00:54.802+0000] {spark_submit.py:634} INFO - 24/12/09 13:00:54 INFO ResourceProfile: Limiting resource is cpu
[2024-12-09T13:00:54.806+0000] {spark_submit.py:634} INFO - 24/12/09 13:00:54 INFO ResourceProfileManager: Added ResourceProfile id: 0
[2024-12-09T13:00:54.911+0000] {spark_submit.py:634} INFO - 24/12/09 13:00:54 INFO SecurityManager: Changing view acls to: ***
[2024-12-09T13:00:54.912+0000] {spark_submit.py:634} INFO - 24/12/09 13:00:54 INFO SecurityManager: Changing modify acls to: ***
[2024-12-09T13:00:54.914+0000] {spark_submit.py:634} INFO - 24/12/09 13:00:54 INFO SecurityManager: Changing view acls groups to:
[2024-12-09T13:00:54.914+0000] {spark_submit.py:634} INFO - 24/12/09 13:00:54 INFO SecurityManager: Changing modify acls groups to:
[2024-12-09T13:00:54.915+0000] {spark_submit.py:634} INFO - 24/12/09 13:00:54 INFO SecurityManager: SecurityManager: authentication disabled; ui acls disabled; users with view permissions: ***; groups with view permissions: EMPTY; users with modify permissions: ***; groups with modify permissions: EMPTY
[2024-12-09T13:00:55.423+0000] {spark_submit.py:634} INFO - 24/12/09 13:00:55 INFO Utils: Successfully started service 'sparkDriver' on port 44973.
[2024-12-09T13:00:55.478+0000] {spark_submit.py:634} INFO - 24/12/09 13:00:55 INFO SparkEnv: Registering MapOutputTracker
[2024-12-09T13:00:55.544+0000] {spark_submit.py:634} INFO - 24/12/09 13:00:55 INFO SparkEnv: Registering BlockManagerMaster
[2024-12-09T13:00:55.598+0000] {spark_submit.py:634} INFO - 24/12/09 13:00:55 INFO BlockManagerMasterEndpoint: Using org.apache.spark.storage.DefaultTopologyMapper for getting topology information
[2024-12-09T13:00:55.603+0000] {spark_submit.py:634} INFO - 24/12/09 13:00:55 INFO BlockManagerMasterEndpoint: BlockManagerMasterEndpoint up
[2024-12-09T13:00:55.611+0000] {spark_submit.py:634} INFO - 24/12/09 13:00:55 INFO SparkEnv: Registering BlockManagerMasterHeartbeat
[2024-12-09T13:00:55.649+0000] {spark_submit.py:634} INFO - 24/12/09 13:00:55 INFO DiskBlockManager: Created local directory at /tmp/blockmgr-38bfadfb-a90b-4c4b-bb61-ee4d889700e6
[2024-12-09T13:00:55.676+0000] {spark_submit.py:634} INFO - 24/12/09 13:00:55 INFO MemoryStore: MemoryStore started with capacity 434.4 MiB
[2024-12-09T13:00:55.721+0000] {spark_submit.py:634} INFO - 24/12/09 13:00:55 INFO SparkEnv: Registering OutputCommitCoordinator
[2024-12-09T13:00:56.171+0000] {spark_submit.py:634} INFO - 24/12/09 13:00:56 INFO JettyUtils: Start Jetty 0.0.0.0:4040 for SparkUI
[2024-12-09T13:00:56.320+0000] {spark_submit.py:634} INFO - 24/12/09 13:00:56 INFO Utils: Successfully started service 'SparkUI' on port 4040.
[2024-12-09T13:00:56.398+0000] {spark_submit.py:634} INFO - 24/12/09 13:00:56 INFO SparkContext: Added JAR file:/opt/***/jobs/java/spark-job/target/spark-job-1.0-SNAPSHOT.jar at spark://2a892a3469ec:44973/jars/spark-job-1.0-SNAPSHOT.jar with timestamp 1733749254306
[2024-12-09T13:00:56.531+0000] {spark_submit.py:634} INFO - 24/12/09 13:00:56 INFO Executor: Starting executor ID driver on host 2a892a3469ec
[2024-12-09T13:00:56.532+0000] {spark_submit.py:634} INFO - 24/12/09 13:00:56 INFO Executor: OS info Linux, 6.10.14-linuxkit, aarch64
[2024-12-09T13:00:56.534+0000] {spark_submit.py:634} INFO - 24/12/09 13:00:56 INFO Executor: Java version 17.0.13
[2024-12-09T13:00:56.561+0000] {spark_submit.py:634} INFO - 24/12/09 13:00:56 INFO Executor: Starting executor with user classpath (userClassPathFirst = false): ''
[2024-12-09T13:00:56.563+0000] {spark_submit.py:634} INFO - 24/12/09 13:00:56 INFO Executor: Created or updated repl class loader org.apache.spark.util.MutableURLClassLoader@6fbb4061 for default.
[2024-12-09T13:00:56.604+0000] {spark_submit.py:634} INFO - 24/12/09 13:00:56 INFO Executor: Fetching spark://2a892a3469ec:44973/jars/spark-job-1.0-SNAPSHOT.jar with timestamp 1733749254306
[2024-12-09T13:00:56.687+0000] {spark_submit.py:634} INFO - 24/12/09 13:00:56 INFO TransportClientFactory: Successfully created connection to 2a892a3469ec/172.18.0.4:44973 after 43 ms (0 ms spent in bootstraps)
[2024-12-09T13:00:56.698+0000] {spark_submit.py:634} INFO - 24/12/09 13:00:56 INFO Utils: Fetching spark://2a892a3469ec:44973/jars/spark-job-1.0-SNAPSHOT.jar to /tmp/spark-720bd8e0-2bee-4a20-a2a3-d63884c005e8/userFiles-5832b4a0-f4bd-413d-ab43-696270165f0e/fetchFileTemp16560942724915992356.tmp
[2024-12-09T13:00:56.760+0000] {spark_submit.py:634} INFO - 24/12/09 13:00:56 INFO Executor: Adding file:/tmp/spark-720bd8e0-2bee-4a20-a2a3-d63884c005e8/userFiles-5832b4a0-f4bd-413d-ab43-696270165f0e/spark-job-1.0-SNAPSHOT.jar to class loader default
[2024-12-09T13:00:56.770+0000] {spark_submit.py:634} INFO - 24/12/09 13:00:56 INFO Utils: Successfully started service 'org.apache.spark.network.netty.NettyBlockTransferService' on port 40991.
[2024-12-09T13:00:56.771+0000] {spark_submit.py:634} INFO - 24/12/09 13:00:56 INFO NettyBlockTransferService: Server created on 2a892a3469ec:40991
[2024-12-09T13:00:56.773+0000] {spark_submit.py:634} INFO - 24/12/09 13:00:56 INFO BlockManager: Using org.apache.spark.storage.RandomBlockReplicationPolicy for block replication policy
[2024-12-09T13:00:56.787+0000] {spark_submit.py:634} INFO - 24/12/09 13:00:56 INFO BlockManagerMaster: Registering BlockManager BlockManagerId(driver, 2a892a3469ec, 40991, None)
[2024-12-09T13:00:56.792+0000] {spark_submit.py:634} INFO - 24/12/09 13:00:56 INFO BlockManagerMasterEndpoint: Registering block manager 2a892a3469ec:40991 with 434.4 MiB RAM, BlockManagerId(driver, 2a892a3469ec, 40991, None)
[2024-12-09T13:00:56.795+0000] {spark_submit.py:634} INFO - 24/12/09 13:00:56 INFO BlockManagerMaster: Registered BlockManager BlockManagerId(driver, 2a892a3469ec, 40991, None)
[2024-12-09T13:00:56.797+0000] {spark_submit.py:634} INFO - 24/12/09 13:00:56 INFO BlockManager: Initialized BlockManager: BlockManagerId(driver, 2a892a3469ec, 40991, None)
[2024-12-09T13:00:58.604+0000] {spark_submit.py:634} INFO - 24/12/09 13:00:58 INFO SparkContext: Starting job: collect at WordCountJob.java:37
[2024-12-09T13:00:58.716+0000] {spark_submit.py:634} INFO - 24/12/09 13:00:58 INFO DAGScheduler: Registering RDD 2 (mapToPair at WordCountJob.java:33) as input to shuffle 0
[2024-12-09T13:00:58.732+0000] {spark_submit.py:634} INFO - 24/12/09 13:00:58 INFO DAGScheduler: Got job 0 (collect at WordCountJob.java:37) with 1 output partitions
[2024-12-09T13:00:58.733+0000] {spark_submit.py:634} INFO - 24/12/09 13:00:58 INFO DAGScheduler: Final stage: ResultStage 1 (collect at WordCountJob.java:37)
[2024-12-09T13:00:58.734+0000] {spark_submit.py:634} INFO - 24/12/09 13:00:58 INFO DAGScheduler: Parents of final stage: List(ShuffleMapStage 0)
[2024-12-09T13:00:58.736+0000] {spark_submit.py:634} INFO - 24/12/09 13:00:58 INFO DAGScheduler: Missing parents: List(ShuffleMapStage 0)
[2024-12-09T13:00:58.755+0000] {spark_submit.py:634} INFO - 24/12/09 13:00:58 INFO DAGScheduler: Submitting ShuffleMapStage 0 (MapPartitionsRDD[2] at mapToPair at WordCountJob.java:33), which has no missing parents
[2024-12-09T13:00:59.174+0000] {spark_submit.py:634} INFO - 24/12/09 13:00:59 INFO MemoryStore: Block broadcast_0 stored as values in memory (estimated size 6.4 KiB, free 434.4 MiB)
[2024-12-09T13:00:59.346+0000] {spark_submit.py:634} INFO - 24/12/09 13:00:59 INFO MemoryStore: Block broadcast_0_piece0 stored as bytes in memory (estimated size 3.4 KiB, free 434.4 MiB)
[2024-12-09T13:00:59.364+0000] {spark_submit.py:634} INFO - 24/12/09 13:00:59 INFO BlockManagerInfo: Added broadcast_0_piece0 in memory on 2a892a3469ec:40991 (size: 3.4 KiB, free: 434.4 MiB)
[2024-12-09T13:00:59.379+0000] {spark_submit.py:634} INFO - 24/12/09 13:00:59 INFO SparkContext: Created broadcast 0 from broadcast at DAGScheduler.scala:1585
[2024-12-09T13:00:59.472+0000] {spark_submit.py:634} INFO - 24/12/09 13:00:59 INFO DAGScheduler: Submitting 1 missing tasks from ShuffleMapStage 0 (MapPartitionsRDD[2] at mapToPair at WordCountJob.java:33) (first 15 tasks are for partitions Vector(0))
[2024-12-09T13:00:59.476+0000] {spark_submit.py:634} INFO - 24/12/09 13:00:59 INFO TaskSchedulerImpl: Adding task set 0.0 with 1 tasks resource profile 0
[2024-12-09T13:00:59.677+0000] {spark_submit.py:634} INFO - 24/12/09 13:00:59 INFO TaskSetManager: Starting task 0.0 in stage 0.0 (TID 0) (2a892a3469ec, executor driver, partition 0, PROCESS_LOCAL, 9249 bytes)
[2024-12-09T13:00:59.713+0000] {spark_submit.py:634} INFO - 24/12/09 13:00:59 INFO Executor: Running task 0.0 in stage 0.0 (TID 0)
[2024-12-09T13:01:00.237+0000] {spark_submit.py:634} INFO - 24/12/09 13:01:00 INFO Executor: Finished task 0.0 in stage 0.0 (TID 0). 1216 bytes result sent to driver
[2024-12-09T13:01:00.268+0000] {spark_submit.py:634} INFO - 24/12/09 13:01:00 INFO TaskSetManager: Finished task 0.0 in stage 0.0 (TID 0) in 691 ms on 2a892a3469ec (executor driver) (1/1)
[2024-12-09T13:01:00.277+0000] {spark_submit.py:634} INFO - 24/12/09 13:01:00 INFO TaskSchedulerImpl: Removed TaskSet 0.0, whose tasks have all completed, from pool
[2024-12-09T13:01:00.314+0000] {spark_submit.py:634} INFO - 24/12/09 13:01:00 INFO DAGScheduler: ShuffleMapStage 0 (mapToPair at WordCountJob.java:33) finished in 1.515 s
[2024-12-09T13:01:00.319+0000] {spark_submit.py:634} INFO - 24/12/09 13:01:00 INFO DAGScheduler: looking for newly runnable stages
[2024-12-09T13:01:00.326+0000] {spark_submit.py:634} INFO - 24/12/09 13:01:00 INFO DAGScheduler: running: Set()
[2024-12-09T13:01:00.328+0000] {spark_submit.py:634} INFO - 24/12/09 13:01:00 INFO DAGScheduler: waiting: Set(ResultStage 1)
[2024-12-09T13:01:00.329+0000] {spark_submit.py:634} INFO - 24/12/09 13:01:00 INFO DAGScheduler: failed: Set()
[2024-12-09T13:01:00.336+0000] {spark_submit.py:634} INFO - 24/12/09 13:01:00 INFO DAGScheduler: Submitting ResultStage 1 (ShuffledRDD[3] at reduceByKey at WordCountJob.java:34), which has no missing parents
[2024-12-09T13:01:00.356+0000] {spark_submit.py:634} INFO - 24/12/09 13:01:00 INFO MemoryStore: Block broadcast_1 stored as values in memory (estimated size 5.2 KiB, free 434.4 MiB)
[2024-12-09T13:01:00.369+0000] {spark_submit.py:634} INFO - 24/12/09 13:01:00 INFO MemoryStore: Block broadcast_1_piece0 stored as bytes in memory (estimated size 2.9 KiB, free 434.4 MiB)
[2024-12-09T13:01:00.371+0000] {spark_submit.py:634} INFO - 24/12/09 13:01:00 INFO BlockManagerInfo: Added broadcast_1_piece0 in memory on 2a892a3469ec:40991 (size: 2.9 KiB, free: 434.4 MiB)
[2024-12-09T13:01:00.372+0000] {spark_submit.py:634} INFO - 24/12/09 13:01:00 INFO SparkContext: Created broadcast 1 from broadcast at DAGScheduler.scala:1585
[2024-12-09T13:01:00.383+0000] {spark_submit.py:634} INFO - 24/12/09 13:01:00 INFO DAGScheduler: Submitting 1 missing tasks from ResultStage 1 (ShuffledRDD[3] at reduceByKey at WordCountJob.java:34) (first 15 tasks are for partitions Vector(0))
[2024-12-09T13:01:00.386+0000] {spark_submit.py:634} INFO - 24/12/09 13:01:00 INFO TaskSchedulerImpl: Adding task set 1.0 with 1 tasks resource profile 0
[2024-12-09T13:01:00.414+0000] {spark_submit.py:634} INFO - 24/12/09 13:01:00 INFO TaskSetManager: Starting task 0.0 in stage 1.0 (TID 1) (2a892a3469ec, executor driver, partition 0, NODE_LOCAL, 9002 bytes)
[2024-12-09T13:01:00.420+0000] {spark_submit.py:634} INFO - 24/12/09 13:01:00 INFO Executor: Running task 0.0 in stage 1.0 (TID 1)
[2024-12-09T13:01:00.670+0000] {spark_submit.py:634} INFO - 24/12/09 13:01:00 INFO ShuffleBlockFetcherIterator: Getting 1 (189.0 B) non-empty blocks including 1 (189.0 B) local and 0 (0.0 B) host-local and 0 (0.0 B) push-merged-local and 0 (0.0 B) remote blocks
[2024-12-09T13:01:00.687+0000] {spark_submit.py:634} INFO - 24/12/09 13:01:00 INFO ShuffleBlockFetcherIterator: Started 0 remote fetches in 62 ms
[2024-12-09T13:01:00.782+0000] {spark_submit.py:634} INFO - 24/12/09 13:01:00 INFO Executor: Finished task 0.0 in stage 1.0 (TID 1). 2001 bytes result sent to driver
[2024-12-09T13:01:00.794+0000] {spark_submit.py:634} INFO - 24/12/09 13:01:00 INFO TaskSetManager: Finished task 0.0 in stage 1.0 (TID 1) in 382 ms on 2a892a3469ec (executor driver) (1/1)
[2024-12-09T13:01:00.799+0000] {spark_submit.py:634} INFO - 24/12/09 13:01:00 INFO TaskSchedulerImpl: Removed TaskSet 1.0, whose tasks have all completed, from pool
[2024-12-09T13:01:00.807+0000] {spark_submit.py:634} INFO - 24/12/09 13:01:00 INFO DAGScheduler: ResultStage 1 (collect at WordCountJob.java:37) finished in 0.457 s
[2024-12-09T13:01:00.818+0000] {spark_submit.py:634} INFO - 24/12/09 13:01:00 INFO DAGScheduler: Job 0 is finished. Cancelling potential speculative or zombie tasks for this job
[2024-12-09T13:01:00.819+0000] {spark_submit.py:634} INFO - 24/12/09 13:01:00 INFO TaskSchedulerImpl: Killing all running tasks in stage 1: Stage finished
[2024-12-09T13:01:00.825+0000] {spark_submit.py:634} INFO - 24/12/09 13:01:00 INFO DAGScheduler: Job 0 finished: collect at WordCountJob.java:37, took 2.303961 s
[2024-12-09T13:01:00.836+0000] {spark_submit.py:634} INFO - spark: 1
[2024-12-09T13:01:00.837+0000] {spark_submit.py:634} INFO - docker: 1
[2024-12-09T13:01:00.837+0000] {spark_submit.py:634} INFO - Yusuf: 1
[2024-12-09T13:01:00.838+0000] {spark_submit.py:634} INFO - hello: 5
[2024-12-09T13:01:00.838+0000] {spark_submit.py:634} INFO - java: 1
[2024-12-09T13:01:00.839+0000] {spark_submit.py:634} INFO - world: 1
[2024-12-09T13:01:00.839+0000] {spark_submit.py:634} INFO - 24/12/09 13:01:00 INFO SparkContext: SparkContext is stopping with exitCode 0.
[2024-12-09T13:01:00.912+0000] {spark_submit.py:634} INFO - 24/12/09 13:01:00 INFO SparkUI: Stopped Spark web UI at http://2a892a3469ec:4040
[2024-12-09T13:01:01.026+0000] {spark_submit.py:634} INFO - 24/12/09 13:01:01 INFO MapOutputTrackerMasterEndpoint: MapOutputTrackerMasterEndpoint stopped!
[2024-12-09T13:01:01.068+0000] {spark_submit.py:634} INFO - 24/12/09 13:01:01 INFO MemoryStore: MemoryStore cleared
[2024-12-09T13:01:01.072+0000] {spark_submit.py:634} INFO - 24/12/09 13:01:01 INFO BlockManager: BlockManager stopped
[2024-12-09T13:01:01.086+0000] {spark_submit.py:634} INFO - 24/12/09 13:01:01 INFO BlockManagerMaster: BlockManagerMaster stopped
[2024-12-09T13:01:01.091+0000] {spark_submit.py:634} INFO - 24/12/09 13:01:01 INFO OutputCommitCoordinator$OutputCommitCoordinatorEndpoint: OutputCommitCoordinator stopped!
[2024-12-09T13:01:01.113+0000] {spark_submit.py:634} INFO - 24/12/09 13:01:01 INFO SparkContext: Successfully stopped SparkContext
[2024-12-09T13:01:01.122+0000] {spark_submit.py:634} INFO - 24/12/09 13:01:01 INFO ShutdownHookManager: Shutdown hook called
[2024-12-09T13:01:01.128+0000] {spark_submit.py:634} INFO - 24/12/09 13:01:01 INFO ShutdownHookManager: Deleting directory /tmp/spark-720bd8e0-2bee-4a20-a2a3-d63884c005e8
[2024-12-09T13:01:01.138+0000] {spark_submit.py:634} INFO - 24/12/09 13:01:01 INFO ShutdownHookManager: Deleting directory /tmp/spark-4842e0e3-c7d7-41e6-9eed-a62662e11a9e
[2024-12-09T13:01:01.279+0000] {taskinstance.py:340} INFO - ::group::Post task execution logs
[2024-12-09T13:01:01.282+0000] {taskinstance.py:352} INFO - Marking task as SUCCESS. dag_id=sparking_flow, task_id=java_job, run_id=manual__2024-12-09T13:00:47.038384+00:00, execution_date=20241209T130047, start_date=20241209T130048, end_date=20241209T130101
[2024-12-09T13:01:01.370+0000] {local_task_job_runner.py:266} INFO - Task exited with return code 0
[2024-12-09T13:01:01.447+0000] {taskinstance.py:3895} INFO - 0 downstream tasks scheduled from follow-on schedule check
[2024-12-09T13:01:01.450+0000] {local_task_job_runner.py:245} INFO - ::endgroup::
