[2024-12-08T16:24:00.196+0000] {local_task_job_runner.py:123} INFO - ::group::Pre task execution logs
[2024-12-08T16:24:00.211+0000] {taskinstance.py:2613} INFO - Dependencies all met for dep_context=non-requeueable deps ti=<TaskInstance: sparking_flow.scala_job manual__2024-12-08T16:23:58.008678+00:00 [queued]>
[2024-12-08T16:24:00.219+0000] {taskinstance.py:2613} INFO - Dependencies all met for dep_context=requeueable deps ti=<TaskInstance: sparking_flow.scala_job manual__2024-12-08T16:23:58.008678+00:00 [queued]>
[2024-12-08T16:24:00.221+0000] {taskinstance.py:2866} INFO - Starting attempt 1 of 1
[2024-12-08T16:24:00.235+0000] {taskinstance.py:2889} INFO - Executing <Task(SparkSubmitOperator): scala_job> on 2024-12-08 16:23:58.008678+00:00
[2024-12-08T16:24:00.245+0000] {logging_mixin.py:190} WARNING - /home/***/.local/lib/python3.12/site-packages/***/task/task_runner/standard_task_runner.py:70 DeprecationWarning: This process (pid=187) is multi-threaded, use of fork() may lead to deadlocks in the child.
[2024-12-08T16:24:00.244+0000] {standard_task_runner.py:104} INFO - Running: ['***', 'tasks', 'run', 'sparking_flow', 'scala_job', 'manual__2024-12-08T16:23:58.008678+00:00', '--job-id', '204', '--raw', '--subdir', 'DAGS_FOLDER/spark_***.py', '--cfg-path', '/tmp/tmp5a2a9imv']
[2024-12-08T16:24:00.247+0000] {standard_task_runner.py:72} INFO - Started process 192 to run task
[2024-12-08T16:24:00.247+0000] {standard_task_runner.py:105} INFO - Job 204: Subtask scala_job
[2024-12-08T16:24:00.301+0000] {task_command.py:467} INFO - Running <TaskInstance: sparking_flow.scala_job manual__2024-12-08T16:23:58.008678+00:00 [running]> on host 2a892a3469ec
[2024-12-08T16:24:00.383+0000] {taskinstance.py:3132} INFO - Exporting env vars: AIRFLOW_CTX_DAG_OWNER='Yusuf Ganiyu' AIRFLOW_CTX_DAG_ID='sparking_flow' AIRFLOW_CTX_TASK_ID='scala_job' AIRFLOW_CTX_EXECUTION_DATE='2024-12-08T16:23:58.008678+00:00' AIRFLOW_CTX_TRY_NUMBER='1' AIRFLOW_CTX_DAG_RUN_ID='manual__2024-12-08T16:23:58.008678+00:00'
[2024-12-08T16:24:00.383+0000] {taskinstance.py:731} INFO - ::endgroup::
[2024-12-08T16:24:00.406+0000] {base.py:84} INFO - Retrieving connection 'spark-conn'
[2024-12-08T16:24:00.408+0000] {spark_submit.py:473} INFO - Spark-Submit cmd: spark-submit --master spark://sparkingflow-spark-master-1:7077 --name arrow-spark --deploy-mode client jobs/scala/target/scala-2.12/word-count_2.12-0.1.jar
[2024-12-08T16:24:03.102+0000] {spark_submit.py:634} INFO - 24/12/08 16:24:03 WARN NativeCodeLoader: Unable to load native-hadoop library for your platform... using builtin-java classes where applicable
[2024-12-08T16:24:03.402+0000] {spark_submit.py:634} INFO - 24/12/08 16:24:03 INFO SparkContext: Running Spark version 3.5.3
[2024-12-08T16:24:03.403+0000] {spark_submit.py:634} INFO - 24/12/08 16:24:03 INFO SparkContext: OS info Linux, 6.10.14-linuxkit, aarch64
[2024-12-08T16:24:03.404+0000] {spark_submit.py:634} INFO - 24/12/08 16:24:03 INFO SparkContext: Java version 17.0.13
[2024-12-08T16:24:03.487+0000] {spark_submit.py:634} INFO - 24/12/08 16:24:03 INFO ResourceUtils: ==============================================================
[2024-12-08T16:24:03.498+0000] {spark_submit.py:634} INFO - 24/12/08 16:24:03 INFO ResourceUtils: No custom resources configured for spark.driver.
[2024-12-08T16:24:03.513+0000] {spark_submit.py:634} INFO - 24/12/08 16:24:03 INFO ResourceUtils: ==============================================================
[2024-12-08T16:24:03.520+0000] {spark_submit.py:634} INFO - 24/12/08 16:24:03 INFO SparkContext: Submitted application: Word Count
[2024-12-08T16:24:03.608+0000] {spark_submit.py:634} INFO - 24/12/08 16:24:03 INFO ResourceProfile: Default ResourceProfile created, executor resources: Map(memory -> name: memory, amount: 1024, script: , vendor: , offHeap -> name: offHeap, amount: 0, script: , vendor: ), task resources: Map(cpus -> name: cpus, amount: 1.0)
[2024-12-08T16:24:03.624+0000] {spark_submit.py:634} INFO - 24/12/08 16:24:03 INFO ResourceProfile: Limiting resource is cpu
[2024-12-08T16:24:03.628+0000] {spark_submit.py:634} INFO - 24/12/08 16:24:03 INFO ResourceProfileManager: Added ResourceProfile id: 0
[2024-12-08T16:24:03.719+0000] {spark_submit.py:634} INFO - 24/12/08 16:24:03 INFO SecurityManager: Changing view acls to: ***
[2024-12-08T16:24:03.721+0000] {spark_submit.py:634} INFO - 24/12/08 16:24:03 INFO SecurityManager: Changing modify acls to: ***
[2024-12-08T16:24:03.728+0000] {spark_submit.py:634} INFO - 24/12/08 16:24:03 INFO SecurityManager: Changing view acls groups to:
[2024-12-08T16:24:03.732+0000] {spark_submit.py:634} INFO - 24/12/08 16:24:03 INFO SecurityManager: Changing modify acls groups to:
[2024-12-08T16:24:03.740+0000] {spark_submit.py:634} INFO - 24/12/08 16:24:03 INFO SecurityManager: SecurityManager: authentication disabled; ui acls disabled; users with view permissions: ***; groups with view permissions: EMPTY; users with modify permissions: ***; groups with modify permissions: EMPTY
[2024-12-08T16:24:04.121+0000] {spark_submit.py:634} INFO - 24/12/08 16:24:04 INFO Utils: Successfully started service 'sparkDriver' on port 45059.
[2024-12-08T16:24:04.185+0000] {spark_submit.py:634} INFO - 24/12/08 16:24:04 INFO SparkEnv: Registering MapOutputTracker
[2024-12-08T16:24:04.240+0000] {spark_submit.py:634} INFO - 24/12/08 16:24:04 INFO SparkEnv: Registering BlockManagerMaster
[2024-12-08T16:24:04.267+0000] {spark_submit.py:634} INFO - 24/12/08 16:24:04 INFO BlockManagerMasterEndpoint: Using org.apache.spark.storage.DefaultTopologyMapper for getting topology information
[2024-12-08T16:24:04.268+0000] {spark_submit.py:634} INFO - 24/12/08 16:24:04 INFO BlockManagerMasterEndpoint: BlockManagerMasterEndpoint up
[2024-12-08T16:24:04.273+0000] {spark_submit.py:634} INFO - 24/12/08 16:24:04 INFO SparkEnv: Registering BlockManagerMasterHeartbeat
[2024-12-08T16:24:04.307+0000] {spark_submit.py:634} INFO - 24/12/08 16:24:04 INFO DiskBlockManager: Created local directory at /tmp/blockmgr-f4e07092-2818-4a0e-a74f-a46858790419
[2024-12-08T16:24:04.333+0000] {spark_submit.py:634} INFO - 24/12/08 16:24:04 INFO MemoryStore: MemoryStore started with capacity 434.4 MiB
[2024-12-08T16:24:04.365+0000] {spark_submit.py:634} INFO - 24/12/08 16:24:04 INFO SparkEnv: Registering OutputCommitCoordinator
[2024-12-08T16:24:04.564+0000] {spark_submit.py:634} INFO - 24/12/08 16:24:04 INFO JettyUtils: Start Jetty 0.0.0.0:4040 for SparkUI
[2024-12-08T16:24:04.716+0000] {spark_submit.py:634} INFO - 24/12/08 16:24:04 INFO Utils: Successfully started service 'SparkUI' on port 4040.
[2024-12-08T16:24:04.798+0000] {spark_submit.py:634} INFO - 24/12/08 16:24:04 INFO SparkContext: Added JAR file:/opt/***/jobs/scala/target/scala-2.12/word-count_2.12-0.1.jar at spark://2a892a3469ec:45059/jars/word-count_2.12-0.1.jar with timestamp 1733675043382
[2024-12-08T16:24:04.922+0000] {spark_submit.py:634} INFO - 24/12/08 16:24:04 INFO StandaloneAppClient$ClientEndpoint: Connecting to master spark://spark-master:7077...
[2024-12-08T16:24:05.008+0000] {spark_submit.py:634} INFO - 24/12/08 16:24:05 INFO TransportClientFactory: Successfully created connection to spark-master/172.18.0.5:7077 after 44 ms (0 ms spent in bootstraps)
[2024-12-08T16:24:05.377+0000] {spark_submit.py:634} INFO - 24/12/08 16:24:05 INFO StandaloneSchedulerBackend: Connected to Spark cluster with app ID app-20241208162405-0000
[2024-12-08T16:24:05.405+0000] {spark_submit.py:634} INFO - 24/12/08 16:24:05 INFO Utils: Successfully started service 'org.apache.spark.network.netty.NettyBlockTransferService' on port 45363.
[2024-12-08T16:24:05.408+0000] {spark_submit.py:634} INFO - 24/12/08 16:24:05 INFO NettyBlockTransferService: Server created on 2a892a3469ec:45363
[2024-12-08T16:24:05.412+0000] {spark_submit.py:634} INFO - 24/12/08 16:24:05 INFO BlockManager: Using org.apache.spark.storage.RandomBlockReplicationPolicy for block replication policy
[2024-12-08T16:24:05.422+0000] {spark_submit.py:634} INFO - 24/12/08 16:24:05 INFO StandaloneAppClient$ClientEndpoint: Executor added: app-20241208162405-0000/0 on worker-20241208162342-172.18.0.7-44085 (172.18.0.7:44085) with 2 core(s)
[2024-12-08T16:24:05.430+0000] {spark_submit.py:634} INFO - 24/12/08 16:24:05 INFO BlockManagerMaster: Registering BlockManager BlockManagerId(driver, 2a892a3469ec, 45363, None)
[2024-12-08T16:24:05.437+0000] {spark_submit.py:634} INFO - 24/12/08 16:24:05 INFO StandaloneSchedulerBackend: Granted executor ID app-20241208162405-0000/0 on hostPort 172.18.0.7:44085 with 2 core(s), 1024.0 MiB RAM
[2024-12-08T16:24:05.446+0000] {spark_submit.py:634} INFO - 24/12/08 16:24:05 INFO BlockManagerMasterEndpoint: Registering block manager 2a892a3469ec:45363 with 434.4 MiB RAM, BlockManagerId(driver, 2a892a3469ec, 45363, None)
[2024-12-08T16:24:05.448+0000] {spark_submit.py:634} INFO - 24/12/08 16:24:05 INFO BlockManagerMaster: Registered BlockManager BlockManagerId(driver, 2a892a3469ec, 45363, None)
[2024-12-08T16:24:05.455+0000] {spark_submit.py:634} INFO - 24/12/08 16:24:05 INFO BlockManager: Initialized BlockManager: BlockManagerId(driver, 2a892a3469ec, 45363, None)
[2024-12-08T16:24:05.843+0000] {spark_submit.py:634} INFO - 24/12/08 16:24:05 INFO StandaloneAppClient$ClientEndpoint: Executor updated: app-20241208162405-0000/0 is now RUNNING
[2024-12-08T16:24:05.926+0000] {spark_submit.py:634} INFO - 24/12/08 16:24:05 INFO StandaloneSchedulerBackend: SchedulerBackend is ready for scheduling beginning after reached minRegisteredResourcesRatio: 0.0
[2024-12-08T16:24:06.643+0000] {spark_submit.py:634} INFO - 24/12/08 16:24:06 INFO SparkContext: Starting job: collect at wordcount.scala:14
[2024-12-08T16:24:07.006+0000] {spark_submit.py:634} INFO - 24/12/08 16:24:07 INFO DAGScheduler: Registering RDD 2 (map at wordcount.scala:11) as input to shuffle 0
[2024-12-08T16:24:07.013+0000] {spark_submit.py:634} INFO - 24/12/08 16:24:07 INFO DAGScheduler: Got job 0 (collect at wordcount.scala:14) with 2 output partitions
[2024-12-08T16:24:07.015+0000] {spark_submit.py:634} INFO - 24/12/08 16:24:07 INFO DAGScheduler: Final stage: ResultStage 1 (collect at wordcount.scala:14)
[2024-12-08T16:24:07.017+0000] {spark_submit.py:634} INFO - 24/12/08 16:24:07 INFO DAGScheduler: Parents of final stage: List(ShuffleMapStage 0)
[2024-12-08T16:24:07.019+0000] {spark_submit.py:634} INFO - 24/12/08 16:24:07 INFO DAGScheduler: Missing parents: List(ShuffleMapStage 0)
[2024-12-08T16:24:07.027+0000] {spark_submit.py:634} INFO - 24/12/08 16:24:07 INFO DAGScheduler: Submitting ShuffleMapStage 0 (MapPartitionsRDD[2] at map at wordcount.scala:11), which has no missing parents
[2024-12-08T16:24:07.128+0000] {spark_submit.py:634} INFO - 24/12/08 16:24:07 INFO MemoryStore: Block broadcast_0 stored as values in memory (estimated size 5.5 KiB, free 434.4 MiB)
[2024-12-08T16:24:07.186+0000] {spark_submit.py:634} INFO - 24/12/08 16:24:07 INFO MemoryStore: Block broadcast_0_piece0 stored as bytes in memory (estimated size 3.2 KiB, free 434.4 MiB)
[2024-12-08T16:24:07.193+0000] {spark_submit.py:634} INFO - 24/12/08 16:24:07 INFO BlockManagerInfo: Added broadcast_0_piece0 in memory on 2a892a3469ec:45363 (size: 3.2 KiB, free: 434.4 MiB)
[2024-12-08T16:24:07.201+0000] {spark_submit.py:634} INFO - 24/12/08 16:24:07 INFO SparkContext: Created broadcast 0 from broadcast at DAGScheduler.scala:1585
[2024-12-08T16:24:07.237+0000] {spark_submit.py:634} INFO - 24/12/08 16:24:07 INFO DAGScheduler: Submitting 2 missing tasks from ShuffleMapStage 0 (MapPartitionsRDD[2] at map at wordcount.scala:11) (first 15 tasks are for partitions Vector(0, 1))
[2024-12-08T16:24:07.238+0000] {spark_submit.py:634} INFO - 24/12/08 16:24:07 INFO TaskSchedulerImpl: Adding task set 0.0 with 2 tasks resource profile 0
[2024-12-08T16:24:08.603+0000] {spark_submit.py:634} INFO - 24/12/08 16:24:08 INFO StandaloneSchedulerBackend$StandaloneDriverEndpoint: Registered executor NettyRpcEndpointRef(spark-client://Executor) (172.18.0.7:51352) with ID 0,  ResourceProfileId 0
[2024-12-08T16:24:08.659+0000] {spark_submit.py:634} INFO - 24/12/08 16:24:08 INFO BlockManagerMasterEndpoint: Registering block manager 172.18.0.7:33839 with 434.4 MiB RAM, BlockManagerId(0, 172.18.0.7, 33839, None)
[2024-12-08T16:24:08.742+0000] {spark_submit.py:634} INFO - 24/12/08 16:24:08 INFO TaskSetManager: Starting task 0.0 in stage 0.0 (TID 0) (172.18.0.7, executor 0, partition 0, PROCESS_LOCAL, 9198 bytes)
[2024-12-08T16:24:08.745+0000] {spark_submit.py:634} INFO - 24/12/08 16:24:08 INFO TaskSetManager: Starting task 1.0 in stage 0.0 (TID 1) (172.18.0.7, executor 0, partition 1, PROCESS_LOCAL, 9213 bytes)
[2024-12-08T16:24:08.924+0000] {spark_submit.py:634} INFO - 24/12/08 16:24:08 INFO BlockManagerInfo: Added broadcast_0_piece0 in memory on 172.18.0.7:33839 (size: 3.2 KiB, free: 434.4 MiB)
[2024-12-08T16:24:09.376+0000] {spark_submit.py:634} INFO - 24/12/08 16:24:09 INFO TaskSetManager: Finished task 0.0 in stage 0.0 (TID 0) in 642 ms on 172.18.0.7 (executor 0) (1/2)
[2024-12-08T16:24:09.377+0000] {spark_submit.py:634} INFO - 24/12/08 16:24:09 INFO TaskSetManager: Finished task 1.0 in stage 0.0 (TID 1) in 633 ms on 172.18.0.7 (executor 0) (2/2)
[2024-12-08T16:24:09.378+0000] {spark_submit.py:634} INFO - 24/12/08 16:24:09 INFO TaskSchedulerImpl: Removed TaskSet 0.0, whose tasks have all completed, from pool
[2024-12-08T16:24:09.383+0000] {spark_submit.py:634} INFO - 24/12/08 16:24:09 INFO DAGScheduler: ShuffleMapStage 0 (map at wordcount.scala:11) finished in 2.319 s
[2024-12-08T16:24:09.383+0000] {spark_submit.py:634} INFO - 24/12/08 16:24:09 INFO DAGScheduler: looking for newly runnable stages
[2024-12-08T16:24:09.384+0000] {spark_submit.py:634} INFO - 24/12/08 16:24:09 INFO DAGScheduler: running: Set()
[2024-12-08T16:24:09.384+0000] {spark_submit.py:634} INFO - 24/12/08 16:24:09 INFO DAGScheduler: waiting: Set(ResultStage 1)
[2024-12-08T16:24:09.384+0000] {spark_submit.py:634} INFO - 24/12/08 16:24:09 INFO DAGScheduler: failed: Set()
[2024-12-08T16:24:09.387+0000] {spark_submit.py:634} INFO - 24/12/08 16:24:09 INFO DAGScheduler: Submitting ResultStage 1 (ShuffledRDD[3] at reduceByKey at wordcount.scala:12), which has no missing parents
[2024-12-08T16:24:09.394+0000] {spark_submit.py:634} INFO - 24/12/08 16:24:09 INFO MemoryStore: Block broadcast_1 stored as values in memory (estimated size 5.2 KiB, free 434.4 MiB)
[2024-12-08T16:24:09.406+0000] {spark_submit.py:634} INFO - 24/12/08 16:24:09 INFO MemoryStore: Block broadcast_1_piece0 stored as bytes in memory (estimated size 3.1 KiB, free 434.4 MiB)
[2024-12-08T16:24:09.406+0000] {spark_submit.py:634} INFO - 24/12/08 16:24:09 INFO BlockManagerInfo: Added broadcast_1_piece0 in memory on 2a892a3469ec:45363 (size: 3.1 KiB, free: 434.4 MiB)
[2024-12-08T16:24:09.407+0000] {spark_submit.py:634} INFO - 24/12/08 16:24:09 INFO SparkContext: Created broadcast 1 from broadcast at DAGScheduler.scala:1585
[2024-12-08T16:24:09.409+0000] {spark_submit.py:634} INFO - 24/12/08 16:24:09 INFO DAGScheduler: Submitting 2 missing tasks from ResultStage 1 (ShuffledRDD[3] at reduceByKey at wordcount.scala:12) (first 15 tasks are for partitions Vector(0, 1))
[2024-12-08T16:24:09.409+0000] {spark_submit.py:634} INFO - 24/12/08 16:24:09 INFO TaskSchedulerImpl: Adding task set 1.0 with 2 tasks resource profile 0
[2024-12-08T16:24:09.414+0000] {spark_submit.py:634} INFO - 24/12/08 16:24:09 INFO TaskSetManager: Starting task 0.0 in stage 1.0 (TID 2) (172.18.0.7, executor 0, partition 0, NODE_LOCAL, 9003 bytes)
[2024-12-08T16:24:09.415+0000] {spark_submit.py:634} INFO - 24/12/08 16:24:09 INFO TaskSetManager: Starting task 1.0 in stage 1.0 (TID 3) (172.18.0.7, executor 0, partition 1, NODE_LOCAL, 9003 bytes)
[2024-12-08T16:24:09.433+0000] {spark_submit.py:634} INFO - 24/12/08 16:24:09 INFO BlockManagerInfo: Added broadcast_1_piece0 in memory on 172.18.0.7:33839 (size: 3.1 KiB, free: 434.4 MiB)
[2024-12-08T16:24:09.485+0000] {spark_submit.py:634} INFO - 24/12/08 16:24:09 INFO MapOutputTrackerMasterEndpoint: Asked to send map output locations for shuffle 0 to 172.18.0.7:51352
[2024-12-08T16:24:09.509+0000] {spark_submit.py:634} INFO - 24/12/08 16:24:09 INFO BlockManagerInfo: Removed broadcast_0_piece0 on 2a892a3469ec:45363 in memory (size: 3.2 KiB, free: 434.4 MiB)
[2024-12-08T16:24:09.523+0000] {spark_submit.py:634} INFO - 24/12/08 16:24:09 INFO BlockManagerInfo: Removed broadcast_0_piece0 on 172.18.0.7:33839 in memory (size: 3.2 KiB, free: 434.4 MiB)
[2024-12-08T16:24:09.599+0000] {spark_submit.py:634} INFO - 24/12/08 16:24:09 INFO TaskSetManager: Finished task 0.0 in stage 1.0 (TID 2) in 187 ms on 172.18.0.7 (executor 0) (1/2)
[2024-12-08T16:24:09.600+0000] {spark_submit.py:634} INFO - 24/12/08 16:24:09 INFO TaskSetManager: Finished task 1.0 in stage 1.0 (TID 3) in 184 ms on 172.18.0.7 (executor 0) (2/2)
[2024-12-08T16:24:09.600+0000] {spark_submit.py:634} INFO - 24/12/08 16:24:09 INFO TaskSchedulerImpl: Removed TaskSet 1.0, whose tasks have all completed, from pool
[2024-12-08T16:24:09.605+0000] {spark_submit.py:634} INFO - 24/12/08 16:24:09 INFO DAGScheduler: ResultStage 1 (collect at wordcount.scala:14) finished in 0.213 s
[2024-12-08T16:24:09.609+0000] {spark_submit.py:634} INFO - 24/12/08 16:24:09 INFO DAGScheduler: Job 0 is finished. Cancelling potential speculative or zombie tasks for this job
[2024-12-08T16:24:09.609+0000] {spark_submit.py:634} INFO - 24/12/08 16:24:09 INFO TaskSchedulerImpl: Killing all running tasks in stage 1: Stage finished
[2024-12-08T16:24:09.610+0000] {spark_submit.py:634} INFO - 24/12/08 16:24:09 INFO DAGScheduler: Job 0 finished: collect at wordcount.scala:14, took 2.968803 s
[2024-12-08T16:24:09.615+0000] {spark_submit.py:634} INFO - (Hello,5)
[2024-12-08T16:24:09.616+0000] {spark_submit.py:634} INFO - (Yusuf,1)
[2024-12-08T16:24:09.616+0000] {spark_submit.py:634} INFO - (World,1)
[2024-12-08T16:24:09.616+0000] {spark_submit.py:634} INFO - (Scala,1)
[2024-12-08T16:24:09.617+0000] {spark_submit.py:634} INFO - (Docker,1)
[2024-12-08T16:24:09.617+0000] {spark_submit.py:634} INFO - (spark,1)
[2024-12-08T16:24:09.617+0000] {spark_submit.py:634} INFO - 24/12/08 16:24:09 INFO SparkContext: SparkContext is stopping with exitCode 0.
[2024-12-08T16:24:09.627+0000] {spark_submit.py:634} INFO - 24/12/08 16:24:09 INFO SparkUI: Stopped Spark web UI at http://2a892a3469ec:4040
[2024-12-08T16:24:09.631+0000] {spark_submit.py:634} INFO - 24/12/08 16:24:09 INFO StandaloneSchedulerBackend: Shutting down all executors
[2024-12-08T16:24:09.631+0000] {spark_submit.py:634} INFO - 24/12/08 16:24:09 INFO StandaloneSchedulerBackend$StandaloneDriverEndpoint: Asking each executor to shut down
[2024-12-08T16:24:09.651+0000] {spark_submit.py:634} INFO - 24/12/08 16:24:09 INFO MapOutputTrackerMasterEndpoint: MapOutputTrackerMasterEndpoint stopped!
[2024-12-08T16:24:09.679+0000] {spark_submit.py:634} INFO - 24/12/08 16:24:09 INFO MemoryStore: MemoryStore cleared
[2024-12-08T16:24:09.682+0000] {spark_submit.py:634} INFO - 24/12/08 16:24:09 INFO BlockManager: BlockManager stopped
[2024-12-08T16:24:09.688+0000] {spark_submit.py:634} INFO - 24/12/08 16:24:09 INFO BlockManagerMaster: BlockManagerMaster stopped
[2024-12-08T16:24:09.689+0000] {spark_submit.py:634} INFO - 24/12/08 16:24:09 INFO OutputCommitCoordinator$OutputCommitCoordinatorEndpoint: OutputCommitCoordinator stopped!
[2024-12-08T16:24:09.701+0000] {spark_submit.py:634} INFO - 24/12/08 16:24:09 INFO SparkContext: Successfully stopped SparkContext
[2024-12-08T16:24:09.704+0000] {spark_submit.py:634} INFO - 24/12/08 16:24:09 INFO ShutdownHookManager: Shutdown hook called
[2024-12-08T16:24:09.706+0000] {spark_submit.py:634} INFO - 24/12/08 16:24:09 INFO ShutdownHookManager: Deleting directory /tmp/spark-8351eae0-a842-4db3-b148-7fb3b1ce0979
[2024-12-08T16:24:09.708+0000] {spark_submit.py:634} INFO - 24/12/08 16:24:09 INFO ShutdownHookManager: Deleting directory /tmp/spark-7886323a-67c4-403d-8a55-ea3d3718eae4
[2024-12-08T16:24:09.761+0000] {taskinstance.py:340} INFO - ::group::Post task execution logs
[2024-12-08T16:24:09.762+0000] {taskinstance.py:352} INFO - Marking task as SUCCESS. dag_id=sparking_flow, task_id=scala_job, run_id=manual__2024-12-08T16:23:58.008678+00:00, execution_date=20241208T162358, start_date=20241208T162400, end_date=20241208T162409
[2024-12-08T16:24:09.789+0000] {local_task_job_runner.py:266} INFO - Task exited with return code 0
[2024-12-08T16:24:09.808+0000] {taskinstance.py:3895} INFO - 0 downstream tasks scheduled from follow-on schedule check
[2024-12-08T16:24:09.809+0000] {local_task_job_runner.py:245} INFO - ::endgroup::
