[2024-12-08T16:58:01.489+0000] {local_task_job_runner.py:123} INFO - ::group::Pre task execution logs
[2024-12-08T16:58:01.504+0000] {taskinstance.py:2613} INFO - Dependencies all met for dep_context=non-requeueable deps ti=<TaskInstance: sparking_flow.python_job manual__2024-12-08T16:57:59.546508+00:00 [queued]>
[2024-12-08T16:58:01.512+0000] {taskinstance.py:2613} INFO - Dependencies all met for dep_context=requeueable deps ti=<TaskInstance: sparking_flow.python_job manual__2024-12-08T16:57:59.546508+00:00 [queued]>
[2024-12-08T16:58:01.513+0000] {taskinstance.py:2866} INFO - Starting attempt 1 of 1
[2024-12-08T16:58:01.527+0000] {taskinstance.py:2889} INFO - Executing <Task(SparkSubmitOperator): python_job> on 2024-12-08 16:57:59.546508+00:00
[2024-12-08T16:58:01.535+0000] {logging_mixin.py:190} WARNING - /home/***/.local/lib/python3.12/site-packages/***/task/task_runner/standard_task_runner.py:70 DeprecationWarning: This process (pid=185) is multi-threaded, use of fork() may lead to deadlocks in the child.
[2024-12-08T16:58:01.535+0000] {standard_task_runner.py:104} INFO - Running: ['***', 'tasks', 'run', 'sparking_flow', 'python_job', 'manual__2024-12-08T16:57:59.546508+00:00', '--job-id', '229', '--raw', '--subdir', 'DAGS_FOLDER/spark_***.py', '--cfg-path', '/tmp/tmp28ntq6kt']
[2024-12-08T16:58:01.539+0000] {standard_task_runner.py:72} INFO - Started process 190 to run task
[2024-12-08T16:58:01.539+0000] {standard_task_runner.py:105} INFO - Job 229: Subtask python_job
[2024-12-08T16:58:01.590+0000] {task_command.py:467} INFO - Running <TaskInstance: sparking_flow.python_job manual__2024-12-08T16:57:59.546508+00:00 [running]> on host 2a892a3469ec
[2024-12-08T16:58:01.741+0000] {taskinstance.py:3132} INFO - Exporting env vars: AIRFLOW_CTX_DAG_OWNER='Yusuf Ganiyu' AIRFLOW_CTX_DAG_ID='sparking_flow' AIRFLOW_CTX_TASK_ID='python_job' AIRFLOW_CTX_EXECUTION_DATE='2024-12-08T16:57:59.546508+00:00' AIRFLOW_CTX_TRY_NUMBER='1' AIRFLOW_CTX_DAG_RUN_ID='manual__2024-12-08T16:57:59.546508+00:00'
[2024-12-08T16:58:01.742+0000] {taskinstance.py:731} INFO - ::endgroup::
[2024-12-08T16:58:01.763+0000] {base.py:84} INFO - Retrieving connection 'spark-conn'
[2024-12-08T16:58:01.765+0000] {spark_submit.py:473} INFO - Spark-Submit cmd: spark-submit --master spark://sparkingflow-spark-master-1:7077 --name arrow-spark --deploy-mode client jobs/python/wordcountjob.py
[2024-12-08T16:58:07.243+0000] {spark_submit.py:634} INFO - Traceback (most recent call last):
[2024-12-08T16:58:07.253+0000] {spark_submit.py:634} INFO - File "/opt/***/jobs/python/wordcountjob.py", line 19, in <module>
[2024-12-08T16:58:07.257+0000] {spark_submit.py:634} INFO - ftp = FTP(ftp_host)
[2024-12-08T16:58:07.258+0000] {spark_submit.py:634} INFO - ^^^^^^^^^^^^^
[2024-12-08T16:58:07.258+0000] {spark_submit.py:634} INFO - File "/usr/local/lib/python3.12/ftplib.py", line 121, in __init__
[2024-12-08T16:58:07.259+0000] {spark_submit.py:634} INFO - self.connect(host)
[2024-12-08T16:58:07.261+0000] {spark_submit.py:634} INFO - File "/usr/local/lib/python3.12/ftplib.py", line 158, in connect
[2024-12-08T16:58:07.262+0000] {spark_submit.py:634} INFO - self.sock = socket.create_connection((self.host, self.port), self.timeout,
[2024-12-08T16:58:07.263+0000] {spark_submit.py:634} INFO - ^^^^^^^^^^^^^^^^^^^^^^^^^^^^^^^^^^^^^^^^^^^^^^^^^^^^^^^^^^^^^^
[2024-12-08T16:58:07.263+0000] {spark_submit.py:634} INFO - File "/usr/local/lib/python3.12/socket.py", line 841, in create_connection
[2024-12-08T16:58:07.264+0000] {spark_submit.py:634} INFO - for res in getaddrinfo(host, port, 0, SOCK_STREAM):
[2024-12-08T16:58:07.264+0000] {spark_submit.py:634} INFO - ^^^^^^^^^^^^^^^^^^^^^^^^^^^^^^^^^^^^^^^
[2024-12-08T16:58:07.266+0000] {spark_submit.py:634} INFO - File "/usr/local/lib/python3.12/socket.py", line 976, in getaddrinfo
[2024-12-08T16:58:07.268+0000] {spark_submit.py:634} INFO - for res in _socket.getaddrinfo(host, port, family, type, proto, flags):
[2024-12-08T16:58:07.269+0000] {spark_submit.py:634} INFO - ^^^^^^^^^^^^^^^^^^^^^^^^^^^^^^^^^^^^^^^^^^^^^^^^^^^^^^^^^^^
[2024-12-08T16:58:07.270+0000] {spark_submit.py:634} INFO - socket.gaierror: [Errno -2] Name or service not known
[2024-12-08T16:58:07.374+0000] {spark_submit.py:634} INFO - 24/12/08 16:58:07 INFO ShutdownHookManager: Shutdown hook called
[2024-12-08T16:58:07.381+0000] {spark_submit.py:634} INFO - 24/12/08 16:58:07 INFO ShutdownHookManager: Deleting directory /tmp/spark-696f6123-5579-4e2b-91f6-c1ad1a0186f9
[2024-12-08T16:58:07.470+0000] {taskinstance.py:3311} ERROR - Task failed with exception
Traceback (most recent call last):
  File "/home/airflow/.local/lib/python3.12/site-packages/airflow/models/taskinstance.py", line 767, in _execute_task
    result = _execute_callable(context=context, **execute_callable_kwargs)
             ^^^^^^^^^^^^^^^^^^^^^^^^^^^^^^^^^^^^^^^^^^^^^^^^^^^^^^^^^^^^^
  File "/home/airflow/.local/lib/python3.12/site-packages/airflow/models/taskinstance.py", line 733, in _execute_callable
    return ExecutionCallableRunner(
           ^^^^^^^^^^^^^^^^^^^^^^^^
  File "/home/airflow/.local/lib/python3.12/site-packages/airflow/utils/operator_helpers.py", line 252, in run
    return self.func(*args, **kwargs)
           ^^^^^^^^^^^^^^^^^^^^^^^^^^
  File "/home/airflow/.local/lib/python3.12/site-packages/airflow/models/baseoperator.py", line 417, in wrapper
    return func(self, *args, **kwargs)
           ^^^^^^^^^^^^^^^^^^^^^^^^^^^
  File "/home/airflow/.local/lib/python3.12/site-packages/airflow/providers/apache/spark/operators/spark_submit.py", line 176, in execute
    self._hook.submit(self.application)
  File "/home/airflow/.local/lib/python3.12/site-packages/airflow/providers/apache/spark/hooks/spark_submit.py", line 560, in submit
    raise AirflowException(
airflow.exceptions.AirflowException: Cannot execute: spark-submit --master spark://sparkingflow-spark-master-1:7077 --name arrow-spark --deploy-mode client jobs/python/wordcountjob.py. Error code is: 1.
[2024-12-08T16:58:07.485+0000] {taskinstance.py:1225} INFO - Marking task as FAILED. dag_id=sparking_flow, task_id=python_job, run_id=manual__2024-12-08T16:57:59.546508+00:00, execution_date=20241208T165759, start_date=20241208T165801, end_date=20241208T165807
[2024-12-08T16:58:07.511+0000] {taskinstance.py:340} INFO - ::group::Post task execution logs
[2024-12-08T16:58:07.512+0000] {standard_task_runner.py:124} ERROR - Failed to execute job 229 for task python_job (Cannot execute: spark-submit --master spark://sparkingflow-spark-master-1:7077 --name arrow-spark --deploy-mode client jobs/python/wordcountjob.py. Error code is: 1.; 190)
Traceback (most recent call last):
  File "/home/airflow/.local/lib/python3.12/site-packages/airflow/task/task_runner/standard_task_runner.py", line 117, in _start_by_fork
    ret = args.func(args, dag=self.dag)
          ^^^^^^^^^^^^^^^^^^^^^^^^^^^^^
  File "/home/airflow/.local/lib/python3.12/site-packages/airflow/cli/cli_config.py", line 49, in command
    return func(*args, **kwargs)
           ^^^^^^^^^^^^^^^^^^^^^
  File "/home/airflow/.local/lib/python3.12/site-packages/airflow/utils/cli.py", line 116, in wrapper
    return f(*args, **kwargs)
           ^^^^^^^^^^^^^^^^^^
  File "/home/airflow/.local/lib/python3.12/site-packages/airflow/cli/commands/task_command.py", line 483, in task_run
    task_return_code = _run_task_by_selected_method(args, _dag, ti)
                       ^^^^^^^^^^^^^^^^^^^^^^^^^^^^^^^^^^^^^^^^^^^^
  File "/home/airflow/.local/lib/python3.12/site-packages/airflow/cli/commands/task_command.py", line 256, in _run_task_by_selected_method
    return _run_raw_task(args, ti)
           ^^^^^^^^^^^^^^^^^^^^^^^
  File "/home/airflow/.local/lib/python3.12/site-packages/airflow/cli/commands/task_command.py", line 341, in _run_raw_task
    return ti._run_raw_task(
           ^^^^^^^^^^^^^^^^^
  File "/home/airflow/.local/lib/python3.12/site-packages/airflow/utils/session.py", line 97, in wrapper
    return func(*args, session=session, **kwargs)
           ^^^^^^^^^^^^^^^^^^^^^^^^^^^^^^^^^^^^^^
  File "/home/airflow/.local/lib/python3.12/site-packages/airflow/models/taskinstance.py", line 3005, in _run_raw_task
    return _run_raw_task(
           ^^^^^^^^^^^^^^
  File "/home/airflow/.local/lib/python3.12/site-packages/airflow/models/taskinstance.py", line 273, in _run_raw_task
    TaskInstance._execute_task_with_callbacks(
  File "/home/airflow/.local/lib/python3.12/site-packages/airflow/models/taskinstance.py", line 3159, in _execute_task_with_callbacks
    result = self._execute_task(context, task_orig)
             ^^^^^^^^^^^^^^^^^^^^^^^^^^^^^^^^^^^^^^
  File "/home/airflow/.local/lib/python3.12/site-packages/airflow/models/taskinstance.py", line 3183, in _execute_task
    return _execute_task(self, context, task_orig)
           ^^^^^^^^^^^^^^^^^^^^^^^^^^^^^^^^^^^^^^^
  File "/home/airflow/.local/lib/python3.12/site-packages/airflow/models/taskinstance.py", line 767, in _execute_task
    result = _execute_callable(context=context, **execute_callable_kwargs)
             ^^^^^^^^^^^^^^^^^^^^^^^^^^^^^^^^^^^^^^^^^^^^^^^^^^^^^^^^^^^^^
  File "/home/airflow/.local/lib/python3.12/site-packages/airflow/models/taskinstance.py", line 733, in _execute_callable
    return ExecutionCallableRunner(
           ^^^^^^^^^^^^^^^^^^^^^^^^
  File "/home/airflow/.local/lib/python3.12/site-packages/airflow/utils/operator_helpers.py", line 252, in run
    return self.func(*args, **kwargs)
           ^^^^^^^^^^^^^^^^^^^^^^^^^^
  File "/home/airflow/.local/lib/python3.12/site-packages/airflow/models/baseoperator.py", line 417, in wrapper
    return func(self, *args, **kwargs)
           ^^^^^^^^^^^^^^^^^^^^^^^^^^^
  File "/home/airflow/.local/lib/python3.12/site-packages/airflow/providers/apache/spark/operators/spark_submit.py", line 176, in execute
    self._hook.submit(self.application)
  File "/home/airflow/.local/lib/python3.12/site-packages/airflow/providers/apache/spark/hooks/spark_submit.py", line 560, in submit
    raise AirflowException(
airflow.exceptions.AirflowException: Cannot execute: spark-submit --master spark://sparkingflow-spark-master-1:7077 --name arrow-spark --deploy-mode client jobs/python/wordcountjob.py. Error code is: 1.
[2024-12-08T16:58:07.531+0000] {local_task_job_runner.py:266} INFO - Task exited with return code 1
[2024-12-08T16:58:07.588+0000] {taskinstance.py:3895} INFO - 0 downstream tasks scheduled from follow-on schedule check
[2024-12-08T16:58:07.601+0000] {local_task_job_runner.py:245} INFO - ::endgroup::
