[2024-12-03T01:16:31.574+0000] {local_task_job_runner.py:123} INFO - ::group::Pre task execution logs
[2024-12-03T01:16:31.589+0000] {taskinstance.py:2613} INFO - Dependencies all met for dep_context=non-requeueable deps ti=<TaskInstance: sparking_flow.java_job scheduled__2024-12-02T00:00:00+00:00 [queued]>
[2024-12-03T01:16:31.595+0000] {taskinstance.py:2613} INFO - Dependencies all met for dep_context=requeueable deps ti=<TaskInstance: sparking_flow.java_job scheduled__2024-12-02T00:00:00+00:00 [queued]>
[2024-12-03T01:16:31.596+0000] {taskinstance.py:2866} INFO - Starting attempt 1 of 1
[2024-12-03T01:16:31.605+0000] {taskinstance.py:2889} INFO - Executing <Task(SparkSubmitOperator): java_job> on 2024-12-02 00:00:00+00:00
[2024-12-03T01:16:31.615+0000] {logging_mixin.py:190} WARNING - /home/***/.local/lib/python3.12/site-packages/***/task/task_runner/standard_task_runner.py:70 DeprecationWarning: This process (pid=2433) is multi-threaded, use of fork() may lead to deadlocks in the child.
[2024-12-03T01:16:31.617+0000] {standard_task_runner.py:72} INFO - Started process 2434 to run task
[2024-12-03T01:16:31.618+0000] {standard_task_runner.py:104} INFO - Running: ['***', 'tasks', 'run', 'sparking_flow', 'java_job', 'scheduled__2024-12-02T00:00:00+00:00', '--job-id', '59', '--raw', '--subdir', 'DAGS_FOLDER/spark_***.py', '--cfg-path', '/tmp/tmps33qf05d']
[2024-12-03T01:16:31.620+0000] {standard_task_runner.py:105} INFO - Job 59: Subtask java_job
[2024-12-03T01:16:31.668+0000] {task_command.py:467} INFO - Running <TaskInstance: sparking_flow.java_job scheduled__2024-12-02T00:00:00+00:00 [running]> on host 53f207c7dacd
[2024-12-03T01:16:31.740+0000] {taskinstance.py:3132} INFO - Exporting env vars: AIRFLOW_CTX_DAG_OWNER='Yusuf Ganiyu' AIRFLOW_CTX_DAG_ID='sparking_flow' AIRFLOW_CTX_TASK_ID='java_job' AIRFLOW_CTX_EXECUTION_DATE='2024-12-02T00:00:00+00:00' AIRFLOW_CTX_TRY_NUMBER='1' AIRFLOW_CTX_DAG_RUN_ID='scheduled__2024-12-02T00:00:00+00:00'
[2024-12-03T01:16:31.742+0000] {taskinstance.py:731} INFO - ::endgroup::
[2024-12-03T01:16:31.762+0000] {base.py:84} INFO - Retrieving connection 'spark-conn'
[2024-12-03T01:16:31.764+0000] {spark_submit.py:473} INFO - Spark-Submit cmd: spark-submit --master spark://sparkingflow-spark-master-1:7077 --name arrow-spark --class com.airscholar.spark.WordCountJob --deploy-mode client jobs/java/spark-job/target/spark-job-1.0-SNAPSHOT.jar
[2024-12-03T01:16:34.778+0000] {spark_submit.py:634} INFO - 24/12/03 01:16:34 INFO SparkContext: Running Spark version 3.5.3
[2024-12-03T01:16:34.787+0000] {spark_submit.py:634} INFO - 24/12/03 01:16:34 INFO SparkContext: OS info Linux, 6.6.31-linuxkit, aarch64
[2024-12-03T01:16:34.789+0000] {spark_submit.py:634} INFO - 24/12/03 01:16:34 INFO SparkContext: Java version 17.0.13
[2024-12-03T01:16:34.891+0000] {spark_submit.py:634} INFO - 24/12/03 01:16:34 WARN NativeCodeLoader: Unable to load native-hadoop library for your platform... using builtin-java classes where applicable
[2024-12-03T01:16:35.052+0000] {spark_submit.py:634} INFO - 24/12/03 01:16:35 INFO ResourceUtils: ==============================================================
[2024-12-03T01:16:35.054+0000] {spark_submit.py:634} INFO - 24/12/03 01:16:35 INFO ResourceUtils: No custom resources configured for spark.driver.
[2024-12-03T01:16:35.056+0000] {spark_submit.py:634} INFO - 24/12/03 01:16:35 INFO ResourceUtils: ==============================================================
[2024-12-03T01:16:35.061+0000] {spark_submit.py:634} INFO - 24/12/03 01:16:35 INFO SparkContext: Submitted application: Word Count Job
[2024-12-03T01:16:35.095+0000] {spark_submit.py:634} INFO - 24/12/03 01:16:35 INFO ResourceProfile: Default ResourceProfile created, executor resources: Map(cores -> name: cores, amount: 1, script: , vendor: , memory -> name: memory, amount: 1024, script: , vendor: , offHeap -> name: offHeap, amount: 0, script: , vendor: ), task resources: Map(cpus -> name: cpus, amount: 1.0)
[2024-12-03T01:16:35.109+0000] {spark_submit.py:634} INFO - 24/12/03 01:16:35 INFO ResourceProfile: Limiting resource is cpu
[2024-12-03T01:16:35.110+0000] {spark_submit.py:634} INFO - 24/12/03 01:16:35 INFO ResourceProfileManager: Added ResourceProfile id: 0
[2024-12-03T01:16:35.180+0000] {spark_submit.py:634} INFO - 24/12/03 01:16:35 INFO SecurityManager: Changing view acls to: ***
[2024-12-03T01:16:35.184+0000] {spark_submit.py:634} INFO - 24/12/03 01:16:35 INFO SecurityManager: Changing modify acls to: ***
[2024-12-03T01:16:35.185+0000] {spark_submit.py:634} INFO - 24/12/03 01:16:35 INFO SecurityManager: Changing view acls groups to:
[2024-12-03T01:16:35.186+0000] {spark_submit.py:634} INFO - 24/12/03 01:16:35 INFO SecurityManager: Changing modify acls groups to:
[2024-12-03T01:16:35.187+0000] {spark_submit.py:634} INFO - 24/12/03 01:16:35 INFO SecurityManager: SecurityManager: authentication disabled; ui acls disabled; users with view permissions: ***; groups with view permissions: EMPTY; users with modify permissions: ***; groups with modify permissions: EMPTY
[2024-12-03T01:16:35.496+0000] {spark_submit.py:634} INFO - 24/12/03 01:16:35 INFO Utils: Successfully started service 'sparkDriver' on port 42041.
[2024-12-03T01:16:35.538+0000] {spark_submit.py:634} INFO - 24/12/03 01:16:35 INFO SparkEnv: Registering MapOutputTracker
[2024-12-03T01:16:35.604+0000] {spark_submit.py:634} INFO - 24/12/03 01:16:35 INFO SparkEnv: Registering BlockManagerMaster
[2024-12-03T01:16:35.626+0000] {spark_submit.py:634} INFO - 24/12/03 01:16:35 INFO BlockManagerMasterEndpoint: Using org.apache.spark.storage.DefaultTopologyMapper for getting topology information
[2024-12-03T01:16:35.627+0000] {spark_submit.py:634} INFO - 24/12/03 01:16:35 INFO BlockManagerMasterEndpoint: BlockManagerMasterEndpoint up
[2024-12-03T01:16:35.633+0000] {spark_submit.py:634} INFO - 24/12/03 01:16:35 INFO SparkEnv: Registering BlockManagerMasterHeartbeat
[2024-12-03T01:16:35.658+0000] {spark_submit.py:634} INFO - 24/12/03 01:16:35 INFO DiskBlockManager: Created local directory at /tmp/blockmgr-b1385d55-c3d4-4fba-af79-a2318f110d87
[2024-12-03T01:16:35.681+0000] {spark_submit.py:634} INFO - 24/12/03 01:16:35 INFO MemoryStore: MemoryStore started with capacity 434.4 MiB
[2024-12-03T01:16:35.698+0000] {spark_submit.py:634} INFO - 24/12/03 01:16:35 INFO SparkEnv: Registering OutputCommitCoordinator
[2024-12-03T01:16:35.876+0000] {spark_submit.py:634} INFO - 24/12/03 01:16:35 INFO JettyUtils: Start Jetty 0.0.0.0:4040 for SparkUI
[2024-12-03T01:16:35.960+0000] {spark_submit.py:634} INFO - 24/12/03 01:16:35 INFO Utils: Successfully started service 'SparkUI' on port 4040.
[2024-12-03T01:16:36.011+0000] {spark_submit.py:634} INFO - 24/12/03 01:16:36 INFO SparkContext: Added JAR file:/opt/***/jobs/java/spark-job/target/spark-job-1.0-SNAPSHOT.jar at spark://53f207c7dacd:42041/jars/spark-job-1.0-SNAPSHOT.jar with timestamp 1733188594758
[2024-12-03T01:16:36.100+0000] {spark_submit.py:634} INFO - 24/12/03 01:16:36 INFO Executor: Starting executor ID driver on host 53f207c7dacd
[2024-12-03T01:16:36.101+0000] {spark_submit.py:634} INFO - 24/12/03 01:16:36 INFO Executor: OS info Linux, 6.6.31-linuxkit, aarch64
[2024-12-03T01:16:36.102+0000] {spark_submit.py:634} INFO - 24/12/03 01:16:36 INFO Executor: Java version 17.0.13
[2024-12-03T01:16:36.114+0000] {spark_submit.py:634} INFO - 24/12/03 01:16:36 INFO Executor: Starting executor with user classpath (userClassPathFirst = false): ''
[2024-12-03T01:16:36.115+0000] {spark_submit.py:634} INFO - 24/12/03 01:16:36 INFO Executor: Created or updated repl class loader org.apache.spark.util.MutableURLClassLoader@38f77cd9 for default.
[2024-12-03T01:16:36.144+0000] {spark_submit.py:634} INFO - 24/12/03 01:16:36 INFO Executor: Fetching spark://53f207c7dacd:42041/jars/spark-job-1.0-SNAPSHOT.jar with timestamp 1733188594758
[2024-12-03T01:16:36.272+0000] {spark_submit.py:634} INFO - 24/12/03 01:16:36 INFO TransportClientFactory: Successfully created connection to 53f207c7dacd/172.18.0.4:42041 after 73 ms (0 ms spent in bootstraps)
[2024-12-03T01:16:36.295+0000] {spark_submit.py:634} INFO - 24/12/03 01:16:36 INFO Utils: Fetching spark://53f207c7dacd:42041/jars/spark-job-1.0-SNAPSHOT.jar to /tmp/spark-00f8b3f4-a5ea-4585-a1ee-898fa311f77e/userFiles-66565b2b-8ee8-4bad-8997-f23447b31e26/fetchFileTemp8131408585224953743.tmp
[2024-12-03T01:16:36.348+0000] {spark_submit.py:634} INFO - 24/12/03 01:16:36 INFO Executor: Adding file:/tmp/spark-00f8b3f4-a5ea-4585-a1ee-898fa311f77e/userFiles-66565b2b-8ee8-4bad-8997-f23447b31e26/spark-job-1.0-SNAPSHOT.jar to class loader default
[2024-12-03T01:16:36.362+0000] {spark_submit.py:634} INFO - 24/12/03 01:16:36 INFO Utils: Successfully started service 'org.apache.spark.network.netty.NettyBlockTransferService' on port 43337.
[2024-12-03T01:16:36.363+0000] {spark_submit.py:634} INFO - 24/12/03 01:16:36 INFO NettyBlockTransferService: Server created on 53f207c7dacd:43337
[2024-12-03T01:16:36.365+0000] {spark_submit.py:634} INFO - 24/12/03 01:16:36 INFO BlockManager: Using org.apache.spark.storage.RandomBlockReplicationPolicy for block replication policy
[2024-12-03T01:16:36.373+0000] {spark_submit.py:634} INFO - 24/12/03 01:16:36 INFO BlockManagerMaster: Registering BlockManager BlockManagerId(driver, 53f207c7dacd, 43337, None)
[2024-12-03T01:16:36.379+0000] {spark_submit.py:634} INFO - 24/12/03 01:16:36 INFO BlockManagerMasterEndpoint: Registering block manager 53f207c7dacd:43337 with 434.4 MiB RAM, BlockManagerId(driver, 53f207c7dacd, 43337, None)
[2024-12-03T01:16:36.382+0000] {spark_submit.py:634} INFO - 24/12/03 01:16:36 INFO BlockManagerMaster: Registered BlockManager BlockManagerId(driver, 53f207c7dacd, 43337, None)
[2024-12-03T01:16:36.383+0000] {spark_submit.py:634} INFO - 24/12/03 01:16:36 INFO BlockManager: Initialized BlockManager: BlockManagerId(driver, 53f207c7dacd, 43337, None)
[2024-12-03T01:16:37.565+0000] {spark_submit.py:634} INFO - 24/12/03 01:16:37 INFO SparkContext: Starting job: collect at WordCountJob.java:37
[2024-12-03T01:16:37.627+0000] {spark_submit.py:634} INFO - 24/12/03 01:16:37 INFO DAGScheduler: Registering RDD 2 (mapToPair at WordCountJob.java:33) as input to shuffle 0
[2024-12-03T01:16:37.632+0000] {spark_submit.py:634} INFO - 24/12/03 01:16:37 INFO DAGScheduler: Got job 0 (collect at WordCountJob.java:37) with 1 output partitions
[2024-12-03T01:16:37.633+0000] {spark_submit.py:634} INFO - 24/12/03 01:16:37 INFO DAGScheduler: Final stage: ResultStage 1 (collect at WordCountJob.java:37)
[2024-12-03T01:16:37.634+0000] {spark_submit.py:634} INFO - 24/12/03 01:16:37 INFO DAGScheduler: Parents of final stage: List(ShuffleMapStage 0)
[2024-12-03T01:16:37.637+0000] {spark_submit.py:634} INFO - 24/12/03 01:16:37 INFO DAGScheduler: Missing parents: List(ShuffleMapStage 0)
[2024-12-03T01:16:37.652+0000] {spark_submit.py:634} INFO - 24/12/03 01:16:37 INFO DAGScheduler: Submitting ShuffleMapStage 0 (MapPartitionsRDD[2] at mapToPair at WordCountJob.java:33), which has no missing parents
[2024-12-03T01:16:37.827+0000] {spark_submit.py:634} INFO - 24/12/03 01:16:37 INFO MemoryStore: Block broadcast_0 stored as values in memory (estimated size 6.4 KiB, free 434.4 MiB)
[2024-12-03T01:16:37.865+0000] {spark_submit.py:634} INFO - 24/12/03 01:16:37 INFO MemoryStore: Block broadcast_0_piece0 stored as bytes in memory (estimated size 3.4 KiB, free 434.4 MiB)
[2024-12-03T01:16:37.873+0000] {spark_submit.py:634} INFO - 24/12/03 01:16:37 INFO BlockManagerInfo: Added broadcast_0_piece0 in memory on 53f207c7dacd:43337 (size: 3.4 KiB, free: 434.4 MiB)
[2024-12-03T01:16:37.887+0000] {spark_submit.py:634} INFO - 24/12/03 01:16:37 INFO SparkContext: Created broadcast 0 from broadcast at DAGScheduler.scala:1585
[2024-12-03T01:16:37.918+0000] {spark_submit.py:634} INFO - 24/12/03 01:16:37 INFO DAGScheduler: Submitting 1 missing tasks from ShuffleMapStage 0 (MapPartitionsRDD[2] at mapToPair at WordCountJob.java:33) (first 15 tasks are for partitions Vector(0))
[2024-12-03T01:16:37.919+0000] {spark_submit.py:634} INFO - 24/12/03 01:16:37 INFO TaskSchedulerImpl: Adding task set 0.0 with 1 tasks resource profile 0
[2024-12-03T01:16:38.051+0000] {spark_submit.py:634} INFO - 24/12/03 01:16:38 INFO TaskSetManager: Starting task 0.0 in stage 0.0 (TID 0) (53f207c7dacd, executor driver, partition 0, PROCESS_LOCAL, 9249 bytes)
[2024-12-03T01:16:38.108+0000] {spark_submit.py:634} INFO - 24/12/03 01:16:38 INFO Executor: Running task 0.0 in stage 0.0 (TID 0)
[2024-12-03T01:16:38.900+0000] {spark_submit.py:634} INFO - 24/12/03 01:16:38 INFO Executor: Finished task 0.0 in stage 0.0 (TID 0). 1216 bytes result sent to driver
[2024-12-03T01:16:38.925+0000] {spark_submit.py:634} INFO - 24/12/03 01:16:38 INFO TaskSetManager: Finished task 0.0 in stage 0.0 (TID 0) in 944 ms on 53f207c7dacd (executor driver) (1/1)
[2024-12-03T01:16:38.930+0000] {spark_submit.py:634} INFO - 24/12/03 01:16:38 INFO TaskSchedulerImpl: Removed TaskSet 0.0, whose tasks have all completed, from pool
[2024-12-03T01:16:38.941+0000] {spark_submit.py:634} INFO - 24/12/03 01:16:38 INFO DAGScheduler: ShuffleMapStage 0 (mapToPair at WordCountJob.java:33) finished in 1.248 s
[2024-12-03T01:16:38.945+0000] {spark_submit.py:634} INFO - 24/12/03 01:16:38 INFO DAGScheduler: looking for newly runnable stages
[2024-12-03T01:16:38.956+0000] {spark_submit.py:634} INFO - 24/12/03 01:16:38 INFO DAGScheduler: running: Set()
[2024-12-03T01:16:38.961+0000] {spark_submit.py:634} INFO - 24/12/03 01:16:38 INFO DAGScheduler: waiting: Set(ResultStage 1)
[2024-12-03T01:16:38.966+0000] {spark_submit.py:634} INFO - 24/12/03 01:16:38 INFO DAGScheduler: failed: Set()
[2024-12-03T01:16:38.975+0000] {spark_submit.py:634} INFO - 24/12/03 01:16:38 INFO DAGScheduler: Submitting ResultStage 1 (ShuffledRDD[3] at reduceByKey at WordCountJob.java:34), which has no missing parents
[2024-12-03T01:16:39.005+0000] {spark_submit.py:634} INFO - 24/12/03 01:16:39 INFO MemoryStore: Block broadcast_1 stored as values in memory (estimated size 5.2 KiB, free 434.4 MiB)
[2024-12-03T01:16:39.081+0000] {spark_submit.py:634} INFO - 24/12/03 01:16:39 INFO MemoryStore: Block broadcast_1_piece0 stored as bytes in memory (estimated size 2.9 KiB, free 434.4 MiB)
[2024-12-03T01:16:39.082+0000] {spark_submit.py:634} INFO - 24/12/03 01:16:39 INFO BlockManagerInfo: Added broadcast_1_piece0 in memory on 53f207c7dacd:43337 (size: 2.9 KiB, free: 434.4 MiB)
[2024-12-03T01:16:39.088+0000] {spark_submit.py:634} INFO - 24/12/03 01:16:39 INFO SparkContext: Created broadcast 1 from broadcast at DAGScheduler.scala:1585
[2024-12-03T01:16:39.094+0000] {spark_submit.py:634} INFO - 24/12/03 01:16:39 INFO DAGScheduler: Submitting 1 missing tasks from ResultStage 1 (ShuffledRDD[3] at reduceByKey at WordCountJob.java:34) (first 15 tasks are for partitions Vector(0))
[2024-12-03T01:16:39.095+0000] {spark_submit.py:634} INFO - 24/12/03 01:16:39 INFO TaskSchedulerImpl: Adding task set 1.0 with 1 tasks resource profile 0
[2024-12-03T01:16:39.107+0000] {spark_submit.py:634} INFO - 24/12/03 01:16:39 INFO TaskSetManager: Starting task 0.0 in stage 1.0 (TID 1) (53f207c7dacd, executor driver, partition 0, NODE_LOCAL, 9002 bytes)
[2024-12-03T01:16:39.116+0000] {spark_submit.py:634} INFO - 24/12/03 01:16:39 INFO Executor: Running task 0.0 in stage 1.0 (TID 1)
[2024-12-03T01:16:39.285+0000] {spark_submit.py:634} INFO - 24/12/03 01:16:39 INFO ShuffleBlockFetcherIterator: Getting 1 (189.0 B) non-empty blocks including 1 (189.0 B) local and 0 (0.0 B) host-local and 0 (0.0 B) push-merged-local and 0 (0.0 B) remote blocks
[2024-12-03T01:16:39.313+0000] {spark_submit.py:634} INFO - 24/12/03 01:16:39 INFO ShuffleBlockFetcherIterator: Started 0 remote fetches in 48 ms
[2024-12-03T01:16:39.538+0000] {spark_submit.py:634} INFO - 24/12/03 01:16:39 INFO Executor: Finished task 0.0 in stage 1.0 (TID 1). 2001 bytes result sent to driver
[2024-12-03T01:16:39.545+0000] {spark_submit.py:634} INFO - 24/12/03 01:16:39 INFO TaskSetManager: Finished task 0.0 in stage 1.0 (TID 1) in 443 ms on 53f207c7dacd (executor driver) (1/1)
[2024-12-03T01:16:39.550+0000] {spark_submit.py:634} INFO - 24/12/03 01:16:39 INFO TaskSchedulerImpl: Removed TaskSet 1.0, whose tasks have all completed, from pool
[2024-12-03T01:16:39.562+0000] {spark_submit.py:634} INFO - 24/12/03 01:16:39 INFO DAGScheduler: ResultStage 1 (collect at WordCountJob.java:37) finished in 0.556 s
[2024-12-03T01:16:39.573+0000] {spark_submit.py:634} INFO - 24/12/03 01:16:39 INFO DAGScheduler: Job 0 is finished. Cancelling potential speculative or zombie tasks for this job
[2024-12-03T01:16:39.578+0000] {spark_submit.py:634} INFO - 24/12/03 01:16:39 INFO TaskSchedulerImpl: Killing all running tasks in stage 1: Stage finished
[2024-12-03T01:16:39.579+0000] {spark_submit.py:634} INFO - 24/12/03 01:16:39 INFO DAGScheduler: Job 0 finished: collect at WordCountJob.java:37, took 2.011838 s
[2024-12-03T01:16:39.580+0000] {spark_submit.py:634} INFO - spark: 1
[2024-12-03T01:16:39.580+0000] {spark_submit.py:634} INFO - docker: 1
[2024-12-03T01:16:39.581+0000] {spark_submit.py:634} INFO - Yusuf: 1
[2024-12-03T01:16:39.583+0000] {spark_submit.py:634} INFO - hello: 5
[2024-12-03T01:16:39.585+0000] {spark_submit.py:634} INFO - java: 1
[2024-12-03T01:16:39.586+0000] {spark_submit.py:634} INFO - world: 1
[2024-12-03T01:16:39.588+0000] {spark_submit.py:634} INFO - 24/12/03 01:16:39 INFO SparkContext: SparkContext is stopping with exitCode 0.
[2024-12-03T01:16:39.600+0000] {spark_submit.py:634} INFO - 24/12/03 01:16:39 INFO SparkUI: Stopped Spark web UI at http://53f207c7dacd:4040
[2024-12-03T01:16:39.625+0000] {spark_submit.py:634} INFO - 24/12/03 01:16:39 INFO MapOutputTrackerMasterEndpoint: MapOutputTrackerMasterEndpoint stopped!
[2024-12-03T01:16:39.654+0000] {spark_submit.py:634} INFO - 24/12/03 01:16:39 INFO MemoryStore: MemoryStore cleared
[2024-12-03T01:16:39.655+0000] {spark_submit.py:634} INFO - 24/12/03 01:16:39 INFO BlockManager: BlockManager stopped
[2024-12-03T01:16:39.663+0000] {spark_submit.py:634} INFO - 24/12/03 01:16:39 INFO BlockManagerMaster: BlockManagerMaster stopped
[2024-12-03T01:16:39.665+0000] {spark_submit.py:634} INFO - 24/12/03 01:16:39 INFO OutputCommitCoordinator$OutputCommitCoordinatorEndpoint: OutputCommitCoordinator stopped!
[2024-12-03T01:16:39.678+0000] {spark_submit.py:634} INFO - 24/12/03 01:16:39 INFO SparkContext: Successfully stopped SparkContext
[2024-12-03T01:16:39.681+0000] {spark_submit.py:634} INFO - 24/12/03 01:16:39 INFO ShutdownHookManager: Shutdown hook called
[2024-12-03T01:16:39.682+0000] {spark_submit.py:634} INFO - 24/12/03 01:16:39 INFO ShutdownHookManager: Deleting directory /tmp/spark-00f8b3f4-a5ea-4585-a1ee-898fa311f77e
[2024-12-03T01:16:39.689+0000] {spark_submit.py:634} INFO - 24/12/03 01:16:39 INFO ShutdownHookManager: Deleting directory /tmp/spark-a64980b6-48a4-4a60-b741-3db0080ee84e
[2024-12-03T01:16:39.832+0000] {taskinstance.py:340} INFO - ::group::Post task execution logs
[2024-12-03T01:16:39.834+0000] {taskinstance.py:352} INFO - Marking task as SUCCESS. dag_id=sparking_flow, task_id=java_job, run_id=scheduled__2024-12-02T00:00:00+00:00, execution_date=20241202T000000, start_date=20241203T011631, end_date=20241203T011639
[2024-12-03T01:16:39.919+0000] {local_task_job_runner.py:266} INFO - Task exited with return code 0
[2024-12-03T01:16:39.999+0000] {taskinstance.py:3895} INFO - 0 downstream tasks scheduled from follow-on schedule check
[2024-12-03T01:16:40.001+0000] {local_task_job_runner.py:245} INFO - ::endgroup::
