[2024-12-04T00:17:31.369+0000] {local_task_job_runner.py:123} INFO - ::group::Pre task execution logs
[2024-12-04T00:17:31.384+0000] {taskinstance.py:2613} INFO - Dependencies all met for dep_context=non-requeueable deps ti=<TaskInstance: sparking_flow.python_job scheduled__2024-12-03T00:00:00+00:00 [queued]>
[2024-12-04T00:17:31.392+0000] {taskinstance.py:2613} INFO - Dependencies all met for dep_context=requeueable deps ti=<TaskInstance: sparking_flow.python_job scheduled__2024-12-03T00:00:00+00:00 [queued]>
[2024-12-04T00:17:31.392+0000] {taskinstance.py:2866} INFO - Starting attempt 1 of 1
[2024-12-04T00:17:31.402+0000] {taskinstance.py:2889} INFO - Executing <Task(SparkSubmitOperator): python_job> on 2024-12-03 00:00:00+00:00
[2024-12-04T00:17:31.412+0000] {logging_mixin.py:190} WARNING - /home/***/.local/lib/python3.12/site-packages/***/task/task_runner/standard_task_runner.py:70 DeprecationWarning: This process (pid=2922) is multi-threaded, use of fork() may lead to deadlocks in the child.
[2024-12-04T00:17:31.414+0000] {standard_task_runner.py:72} INFO - Started process 2926 to run task
[2024-12-04T00:17:31.413+0000] {standard_task_runner.py:104} INFO - Running: ['***', 'tasks', 'run', 'sparking_flow', 'python_job', 'scheduled__2024-12-03T00:00:00+00:00', '--job-id', '63', '--raw', '--subdir', 'DAGS_FOLDER/spark_***.py', '--cfg-path', '/tmp/tmpk5wqqv6c']
[2024-12-04T00:17:31.418+0000] {standard_task_runner.py:105} INFO - Job 63: Subtask python_job
[2024-12-04T00:17:31.473+0000] {task_command.py:467} INFO - Running <TaskInstance: sparking_flow.python_job scheduled__2024-12-03T00:00:00+00:00 [running]> on host 53f207c7dacd
[2024-12-04T00:17:31.552+0000] {taskinstance.py:3132} INFO - Exporting env vars: AIRFLOW_CTX_DAG_OWNER='Yusuf Ganiyu' AIRFLOW_CTX_DAG_ID='sparking_flow' AIRFLOW_CTX_TASK_ID='python_job' AIRFLOW_CTX_EXECUTION_DATE='2024-12-03T00:00:00+00:00' AIRFLOW_CTX_TRY_NUMBER='1' AIRFLOW_CTX_DAG_RUN_ID='scheduled__2024-12-03T00:00:00+00:00'
[2024-12-04T00:17:31.553+0000] {taskinstance.py:731} INFO - ::endgroup::
[2024-12-04T00:17:31.575+0000] {base.py:84} INFO - Retrieving connection 'spark-conn'
[2024-12-04T00:17:31.576+0000] {spark_submit.py:473} INFO - Spark-Submit cmd: spark-submit --master spark://sparkingflow-spark-master-1:7077 --name arrow-spark --deploy-mode client jobs/python/wordcountjob.py
[2024-12-04T00:17:31.684+0000] {spark_submit.py:634} INFO - [0.004s][warning][perf,memops] Cannot use file /tmp/hsperfdata_***/2952 because it is locked by another process (errno = 11)
[2024-12-04T00:17:36.512+0000] {spark_submit.py:634} INFO - 24/12/04 00:17:36 INFO SparkContext: Running Spark version 3.5.3
[2024-12-04T00:17:36.524+0000] {spark_submit.py:634} INFO - 24/12/04 00:17:36 INFO SparkContext: OS info Linux, 6.6.31-linuxkit, aarch64
[2024-12-04T00:17:36.531+0000] {spark_submit.py:634} INFO - 24/12/04 00:17:36 INFO SparkContext: Java version 17.0.13
[2024-12-04T00:17:36.628+0000] {spark_submit.py:634} INFO - 24/12/04 00:17:36 WARN NativeCodeLoader: Unable to load native-hadoop library for your platform... using builtin-java classes where applicable
[2024-12-04T00:17:36.791+0000] {spark_submit.py:634} INFO - 24/12/04 00:17:36 INFO ResourceUtils: ==============================================================
[2024-12-04T00:17:36.794+0000] {spark_submit.py:634} INFO - 24/12/04 00:17:36 INFO ResourceUtils: No custom resources configured for spark.driver.
[2024-12-04T00:17:36.795+0000] {spark_submit.py:634} INFO - 24/12/04 00:17:36 INFO ResourceUtils: ==============================================================
[2024-12-04T00:17:36.796+0000] {spark_submit.py:634} INFO - 24/12/04 00:17:36 INFO SparkContext: Submitted application: PythonWordCount
[2024-12-04T00:17:36.843+0000] {spark_submit.py:634} INFO - 24/12/04 00:17:36 INFO ResourceProfile: Default ResourceProfile created, executor resources: Map(memory -> name: memory, amount: 1024, script: , vendor: , offHeap -> name: offHeap, amount: 0, script: , vendor: ), task resources: Map(cpus -> name: cpus, amount: 1.0)
[2024-12-04T00:17:36.859+0000] {spark_submit.py:634} INFO - 24/12/04 00:17:36 INFO ResourceProfile: Limiting resource is cpu
[2024-12-04T00:17:36.865+0000] {spark_submit.py:634} INFO - 24/12/04 00:17:36 INFO ResourceProfileManager: Added ResourceProfile id: 0
[2024-12-04T00:17:36.971+0000] {spark_submit.py:634} INFO - 24/12/04 00:17:36 INFO SecurityManager: Changing view acls to: ***
[2024-12-04T00:17:36.972+0000] {spark_submit.py:634} INFO - 24/12/04 00:17:36 INFO SecurityManager: Changing modify acls to: ***
[2024-12-04T00:17:36.976+0000] {spark_submit.py:634} INFO - 24/12/04 00:17:36 INFO SecurityManager: Changing view acls groups to:
[2024-12-04T00:17:36.977+0000] {spark_submit.py:634} INFO - 24/12/04 00:17:36 INFO SecurityManager: Changing modify acls groups to:
[2024-12-04T00:17:36.977+0000] {spark_submit.py:634} INFO - 24/12/04 00:17:36 INFO SecurityManager: SecurityManager: authentication disabled; ui acls disabled; users with view permissions: ***; groups with view permissions: EMPTY; users with modify permissions: ***; groups with modify permissions: EMPTY
[2024-12-04T00:17:37.383+0000] {spark_submit.py:634} INFO - 24/12/04 00:17:37 INFO Utils: Successfully started service 'sparkDriver' on port 37379.
[2024-12-04T00:17:37.438+0000] {spark_submit.py:634} INFO - 24/12/04 00:17:37 INFO SparkEnv: Registering MapOutputTracker
[2024-12-04T00:17:37.540+0000] {spark_submit.py:634} INFO - 24/12/04 00:17:37 INFO SparkEnv: Registering BlockManagerMaster
[2024-12-04T00:17:37.609+0000] {spark_submit.py:634} INFO - 24/12/04 00:17:37 INFO BlockManagerMasterEndpoint: Using org.apache.spark.storage.DefaultTopologyMapper for getting topology information
[2024-12-04T00:17:37.614+0000] {spark_submit.py:634} INFO - 24/12/04 00:17:37 INFO BlockManagerMasterEndpoint: BlockManagerMasterEndpoint up
[2024-12-04T00:17:37.626+0000] {spark_submit.py:634} INFO - 24/12/04 00:17:37 INFO SparkEnv: Registering BlockManagerMasterHeartbeat
[2024-12-04T00:17:37.671+0000] {spark_submit.py:634} INFO - 24/12/04 00:17:37 INFO DiskBlockManager: Created local directory at /tmp/blockmgr-322246dd-21e7-498b-a589-a63d5162845e
[2024-12-04T00:17:37.697+0000] {spark_submit.py:634} INFO - 24/12/04 00:17:37 INFO MemoryStore: MemoryStore started with capacity 434.4 MiB
[2024-12-04T00:17:37.723+0000] {spark_submit.py:634} INFO - 24/12/04 00:17:37 INFO SparkEnv: Registering OutputCommitCoordinator
[2024-12-04T00:17:38.035+0000] {spark_submit.py:634} INFO - 24/12/04 00:17:38 INFO JettyUtils: Start Jetty 0.0.0.0:4040 for SparkUI
[2024-12-04T00:17:38.163+0000] {spark_submit.py:634} INFO - 24/12/04 00:17:38 WARN Utils: Service 'SparkUI' could not bind on port 4040. Attempting port 4041.
[2024-12-04T00:17:38.165+0000] {spark_submit.py:634} INFO - 24/12/04 00:17:38 WARN Utils: Service 'SparkUI' could not bind on port 4041. Attempting port 4042.
[2024-12-04T00:17:38.180+0000] {spark_submit.py:634} INFO - 24/12/04 00:17:38 INFO Utils: Successfully started service 'SparkUI' on port 4042.
[2024-12-04T00:17:38.478+0000] {spark_submit.py:634} INFO - 24/12/04 00:17:38 INFO StandaloneAppClient$ClientEndpoint: Connecting to master spark://sparkingflow-spark-master-1:7077...
[2024-12-04T00:17:38.632+0000] {spark_submit.py:634} INFO - 24/12/04 00:17:38 INFO TransportClientFactory: Successfully created connection to sparkingflow-spark-master-1/172.18.0.2:7077 after 64 ms (0 ms spent in bootstraps)
[2024-12-04T00:17:38.865+0000] {spark_submit.py:634} INFO - 24/12/04 00:17:38 INFO StandaloneSchedulerBackend: Connected to Spark cluster with app ID app-20241204001738-0009
[2024-12-04T00:17:38.877+0000] {spark_submit.py:634} INFO - 24/12/04 00:17:38 INFO Utils: Successfully started service 'org.apache.spark.network.netty.NettyBlockTransferService' on port 38931.
[2024-12-04T00:17:38.878+0000] {spark_submit.py:634} INFO - 24/12/04 00:17:38 INFO NettyBlockTransferService: Server created on 53f207c7dacd:38931
[2024-12-04T00:17:38.880+0000] {spark_submit.py:634} INFO - 24/12/04 00:17:38 INFO BlockManager: Using org.apache.spark.storage.RandomBlockReplicationPolicy for block replication policy
[2024-12-04T00:17:38.888+0000] {spark_submit.py:634} INFO - 24/12/04 00:17:38 INFO BlockManagerMaster: Registering BlockManager BlockManagerId(driver, 53f207c7dacd, 38931, None)
[2024-12-04T00:17:38.894+0000] {spark_submit.py:634} INFO - 24/12/04 00:17:38 INFO BlockManagerMasterEndpoint: Registering block manager 53f207c7dacd:38931 with 434.4 MiB RAM, BlockManagerId(driver, 53f207c7dacd, 38931, None)
[2024-12-04T00:17:39.022+0000] {spark_submit.py:634} INFO - 24/12/04 00:17:39 INFO BlockManagerMaster: Registered BlockManager BlockManagerId(driver, 53f207c7dacd, 38931, None)
[2024-12-04T00:17:39.030+0000] {spark_submit.py:634} INFO - 24/12/04 00:17:39 INFO BlockManager: Initialized BlockManager: BlockManagerId(driver, 53f207c7dacd, 38931, None)
[2024-12-04T00:17:39.415+0000] {spark_submit.py:634} INFO - 24/12/04 00:17:39 INFO StandaloneSchedulerBackend: SchedulerBackend is ready for scheduling beginning after reached minRegisteredResourcesRatio: 0.0
[2024-12-04T00:17:40.234+0000] {spark_submit.py:634} INFO - 24/12/04 00:17:40 INFO SparkContext: Starting job: collect at /opt/***/jobs/python/wordcountjob.py:11
[2024-12-04T00:17:40.267+0000] {spark_submit.py:634} INFO - 24/12/04 00:17:40 INFO DAGScheduler: Registering RDD 2 (reduceByKey at /opt/***/jobs/python/wordcountjob.py:9) as input to shuffle 0
[2024-12-04T00:17:40.272+0000] {spark_submit.py:634} INFO - 24/12/04 00:17:40 INFO DAGScheduler: Got job 0 (collect at /opt/***/jobs/python/wordcountjob.py:11) with 2 output partitions
[2024-12-04T00:17:40.273+0000] {spark_submit.py:634} INFO - 24/12/04 00:17:40 INFO DAGScheduler: Final stage: ResultStage 1 (collect at /opt/***/jobs/python/wordcountjob.py:11)
[2024-12-04T00:17:40.274+0000] {spark_submit.py:634} INFO - 24/12/04 00:17:40 INFO DAGScheduler: Parents of final stage: List(ShuffleMapStage 0)
[2024-12-04T00:17:40.275+0000] {spark_submit.py:634} INFO - 24/12/04 00:17:40 INFO DAGScheduler: Missing parents: List(ShuffleMapStage 0)
[2024-12-04T00:17:40.279+0000] {spark_submit.py:634} INFO - 24/12/04 00:17:40 INFO DAGScheduler: Submitting ShuffleMapStage 0 (PairwiseRDD[2] at reduceByKey at /opt/***/jobs/python/wordcountjob.py:9), which has no missing parents
[2024-12-04T00:17:40.359+0000] {spark_submit.py:634} INFO - 24/12/04 00:17:40 INFO MemoryStore: Block broadcast_0 stored as values in memory (estimated size 10.9 KiB, free 434.4 MiB)
[2024-12-04T00:17:40.421+0000] {spark_submit.py:634} INFO - 24/12/04 00:17:40 INFO MemoryStore: Block broadcast_0_piece0 stored as bytes in memory (estimated size 7.0 KiB, free 434.4 MiB)
[2024-12-04T00:17:40.424+0000] {spark_submit.py:634} INFO - 24/12/04 00:17:40 INFO BlockManagerInfo: Added broadcast_0_piece0 in memory on 53f207c7dacd:38931 (size: 7.0 KiB, free: 434.4 MiB)
[2024-12-04T00:17:40.428+0000] {spark_submit.py:634} INFO - 24/12/04 00:17:40 INFO SparkContext: Created broadcast 0 from broadcast at DAGScheduler.scala:1585
[2024-12-04T00:17:40.444+0000] {spark_submit.py:634} INFO - 24/12/04 00:17:40 INFO DAGScheduler: Submitting 2 missing tasks from ShuffleMapStage 0 (PairwiseRDD[2] at reduceByKey at /opt/***/jobs/python/wordcountjob.py:9) (first 15 tasks are for partitions Vector(0, 1))
[2024-12-04T00:17:40.445+0000] {spark_submit.py:634} INFO - 24/12/04 00:17:40 INFO TaskSchedulerImpl: Adding task set 0.0 with 2 tasks resource profile 0
[2024-12-04T00:17:41.601+0000] {spark_submit.py:634} INFO - 24/12/04 00:17:41 INFO StandaloneAppClient$ClientEndpoint: Executor added: app-20241204001738-0009/0 on worker-20241202210502-172.18.0.5-43523 (172.18.0.5:43523) with 2 core(s)
[2024-12-04T00:17:41.611+0000] {spark_submit.py:634} INFO - 24/12/04 00:17:41 INFO StandaloneSchedulerBackend: Granted executor ID app-20241204001738-0009/0 on hostPort 172.18.0.5:43523 with 2 core(s), 1024.0 MiB RAM
[2024-12-04T00:17:41.692+0000] {spark_submit.py:634} INFO - 24/12/04 00:17:41 INFO StandaloneAppClient$ClientEndpoint: Executor updated: app-20241204001738-0009/0 is now RUNNING
[2024-12-04T00:17:43.697+0000] {spark_submit.py:634} INFO - 24/12/04 00:17:43 INFO StandaloneSchedulerBackend$StandaloneDriverEndpoint: Registered executor NettyRpcEndpointRef(spark-client://Executor) (172.18.0.5:42324) with ID 0,  ResourceProfileId 0
[2024-12-04T00:17:43.767+0000] {spark_submit.py:634} INFO - 24/12/04 00:17:43 INFO BlockManagerMasterEndpoint: Registering block manager 172.18.0.5:36489 with 434.4 MiB RAM, BlockManagerId(0, 172.18.0.5, 36489, None)
[2024-12-04T00:17:43.869+0000] {spark_submit.py:634} INFO - 24/12/04 00:17:43 INFO TaskSetManager: Starting task 0.0 in stage 0.0 (TID 0) (172.18.0.5, executor 0, partition 0, PROCESS_LOCAL, 9039 bytes)
[2024-12-04T00:17:43.873+0000] {spark_submit.py:634} INFO - 24/12/04 00:17:43 INFO TaskSetManager: Starting task 1.0 in stage 0.0 (TID 1) (172.18.0.5, executor 0, partition 1, PROCESS_LOCAL, 9072 bytes)
[2024-12-04T00:17:44.117+0000] {spark_submit.py:634} INFO - 24/12/04 00:17:44 INFO BlockManagerInfo: Added broadcast_0_piece0 in memory on 172.18.0.5:36489 (size: 7.0 KiB, free: 434.4 MiB)
[2024-12-04T00:17:45.474+0000] {spark_submit.py:634} INFO - 24/12/04 00:17:45 INFO TaskSetManager: Finished task 1.0 in stage 0.0 (TID 1) in 1599 ms on 172.18.0.5 (executor 0) (1/2)
[2024-12-04T00:17:45.485+0000] {spark_submit.py:634} INFO - 24/12/04 00:17:45 INFO TaskSetManager: Finished task 0.0 in stage 0.0 (TID 0) in 1624 ms on 172.18.0.5 (executor 0) (2/2)
[2024-12-04T00:17:45.489+0000] {spark_submit.py:634} INFO - 24/12/04 00:17:45 INFO TaskSchedulerImpl: Removed TaskSet 0.0, whose tasks have all completed, from pool
[2024-12-04T00:17:45.490+0000] {spark_submit.py:634} INFO - 24/12/04 00:17:45 INFO PythonAccumulatorV2: Connected to AccumulatorServer at host: 127.0.0.1 port: 49475
[2024-12-04T00:17:45.498+0000] {spark_submit.py:634} INFO - 24/12/04 00:17:45 INFO DAGScheduler: ShuffleMapStage 0 (reduceByKey at /opt/***/jobs/python/wordcountjob.py:9) finished in 5.201 s
[2024-12-04T00:17:45.501+0000] {spark_submit.py:634} INFO - 24/12/04 00:17:45 INFO DAGScheduler: looking for newly runnable stages
[2024-12-04T00:17:45.501+0000] {spark_submit.py:634} INFO - 24/12/04 00:17:45 INFO DAGScheduler: running: Set()
[2024-12-04T00:17:45.502+0000] {spark_submit.py:634} INFO - 24/12/04 00:17:45 INFO DAGScheduler: waiting: Set(ResultStage 1)
[2024-12-04T00:17:45.502+0000] {spark_submit.py:634} INFO - 24/12/04 00:17:45 INFO DAGScheduler: failed: Set()
[2024-12-04T00:17:45.504+0000] {spark_submit.py:634} INFO - 24/12/04 00:17:45 INFO DAGScheduler: Submitting ResultStage 1 (PythonRDD[5] at collect at /opt/***/jobs/python/wordcountjob.py:11), which has no missing parents
[2024-12-04T00:17:45.520+0000] {spark_submit.py:634} INFO - 24/12/04 00:17:45 INFO MemoryStore: Block broadcast_1 stored as values in memory (estimated size 10.0 KiB, free 434.4 MiB)
[2024-12-04T00:17:45.545+0000] {spark_submit.py:634} INFO - 24/12/04 00:17:45 INFO MemoryStore: Block broadcast_1_piece0 stored as bytes in memory (estimated size 6.0 KiB, free 434.4 MiB)
[2024-12-04T00:17:45.546+0000] {spark_submit.py:634} INFO - 24/12/04 00:17:45 INFO BlockManagerInfo: Added broadcast_1_piece0 in memory on 53f207c7dacd:38931 (size: 6.0 KiB, free: 434.4 MiB)
[2024-12-04T00:17:45.547+0000] {spark_submit.py:634} INFO - 24/12/04 00:17:45 INFO SparkContext: Created broadcast 1 from broadcast at DAGScheduler.scala:1585
[2024-12-04T00:17:45.550+0000] {spark_submit.py:634} INFO - 24/12/04 00:17:45 INFO DAGScheduler: Submitting 2 missing tasks from ResultStage 1 (PythonRDD[5] at collect at /opt/***/jobs/python/wordcountjob.py:11) (first 15 tasks are for partitions Vector(0, 1))
[2024-12-04T00:17:45.551+0000] {spark_submit.py:634} INFO - 24/12/04 00:17:45 INFO TaskSchedulerImpl: Adding task set 1.0 with 2 tasks resource profile 0
[2024-12-04T00:17:45.557+0000] {spark_submit.py:634} INFO - 24/12/04 00:17:45 INFO TaskSetManager: Starting task 0.0 in stage 1.0 (TID 2) (172.18.0.5, executor 0, partition 0, NODE_LOCAL, 8821 bytes)
[2024-12-04T00:17:45.558+0000] {spark_submit.py:634} INFO - 24/12/04 00:17:45 INFO TaskSetManager: Starting task 1.0 in stage 1.0 (TID 3) (172.18.0.5, executor 0, partition 1, NODE_LOCAL, 8821 bytes)
[2024-12-04T00:17:45.587+0000] {spark_submit.py:634} INFO - 24/12/04 00:17:45 INFO BlockManagerInfo: Added broadcast_1_piece0 in memory on 172.18.0.5:36489 (size: 6.0 KiB, free: 434.4 MiB)
[2024-12-04T00:17:45.653+0000] {spark_submit.py:634} INFO - 24/12/04 00:17:45 INFO MapOutputTrackerMasterEndpoint: Asked to send map output locations for shuffle 0 to 172.18.0.5:42324
[2024-12-04T00:17:45.702+0000] {spark_submit.py:634} INFO - 24/12/04 00:17:45 INFO BlockManagerInfo: Removed broadcast_0_piece0 on 53f207c7dacd:38931 in memory (size: 7.0 KiB, free: 434.4 MiB)
[2024-12-04T00:17:45.711+0000] {spark_submit.py:634} INFO - 24/12/04 00:17:45 INFO BlockManagerInfo: Removed broadcast_0_piece0 on 172.18.0.5:36489 in memory (size: 7.0 KiB, free: 434.4 MiB)
[2024-12-04T00:17:45.860+0000] {spark_submit.py:634} INFO - 24/12/04 00:17:45 INFO TaskSetManager: Finished task 1.0 in stage 1.0 (TID 3) in 302 ms on 172.18.0.5 (executor 0) (1/2)
[2024-12-04T00:17:45.861+0000] {spark_submit.py:634} INFO - 24/12/04 00:17:45 INFO TaskSetManager: Finished task 0.0 in stage 1.0 (TID 2) in 306 ms on 172.18.0.5 (executor 0) (2/2)
[2024-12-04T00:17:45.865+0000] {spark_submit.py:634} INFO - 24/12/04 00:17:45 INFO TaskSchedulerImpl: Removed TaskSet 1.0, whose tasks have all completed, from pool
[2024-12-04T00:17:45.866+0000] {spark_submit.py:634} INFO - 24/12/04 00:17:45 INFO DAGScheduler: ResultStage 1 (collect at /opt/***/jobs/python/wordcountjob.py:11) finished in 0.352 s
[2024-12-04T00:17:45.872+0000] {spark_submit.py:634} INFO - 24/12/04 00:17:45 INFO DAGScheduler: Job 0 is finished. Cancelling potential speculative or zombie tasks for this job
[2024-12-04T00:17:45.873+0000] {spark_submit.py:634} INFO - 24/12/04 00:17:45 INFO TaskSchedulerImpl: Killing all running tasks in stage 1: Stage finished
[2024-12-04T00:17:45.878+0000] {spark_submit.py:634} INFO - 24/12/04 00:17:45 INFO DAGScheduler: Job 0 finished: collect at /opt/***/jobs/python/wordcountjob.py:11, took 5.641318 s
[2024-12-04T00:17:45.906+0000] {spark_submit.py:634} INFO - Python 1
[2024-12-04T00:17:45.911+0000] {spark_submit.py:634} INFO - Airflow 1
[2024-12-04T00:17:45.912+0000] {spark_submit.py:634} INFO - Docker 1
[2024-12-04T00:17:45.912+0000] {spark_submit.py:634} INFO - and 1
[2024-12-04T00:17:45.913+0000] {spark_submit.py:634} INFO - Yusuf 1
[2024-12-04T00:17:45.913+0000] {spark_submit.py:634} INFO - Hello 5
[2024-12-04T00:17:45.913+0000] {spark_submit.py:634} INFO - Spark 1
[2024-12-04T00:17:45.914+0000] {spark_submit.py:634} INFO - 24/12/04 00:17:45 INFO SparkContext: SparkContext is stopping with exitCode 0.
[2024-12-04T00:17:45.918+0000] {spark_submit.py:634} INFO - 24/12/04 00:17:45 INFO SparkUI: Stopped Spark web UI at http://53f207c7dacd:4042
[2024-12-04T00:17:45.921+0000] {spark_submit.py:634} INFO - 24/12/04 00:17:45 INFO StandaloneSchedulerBackend: Shutting down all executors
[2024-12-04T00:17:45.921+0000] {spark_submit.py:634} INFO - 24/12/04 00:17:45 INFO StandaloneSchedulerBackend$StandaloneDriverEndpoint: Asking each executor to shut down
[2024-12-04T00:17:45.956+0000] {spark_submit.py:634} INFO - 24/12/04 00:17:45 INFO MapOutputTrackerMasterEndpoint: MapOutputTrackerMasterEndpoint stopped!
[2024-12-04T00:17:45.989+0000] {spark_submit.py:634} INFO - 24/12/04 00:17:45 INFO MemoryStore: MemoryStore cleared
[2024-12-04T00:17:45.990+0000] {spark_submit.py:634} INFO - 24/12/04 00:17:45 INFO BlockManager: BlockManager stopped
[2024-12-04T00:17:45.994+0000] {spark_submit.py:634} INFO - 24/12/04 00:17:45 INFO BlockManagerMaster: BlockManagerMaster stopped
[2024-12-04T00:17:45.996+0000] {spark_submit.py:634} INFO - 24/12/04 00:17:45 INFO OutputCommitCoordinator$OutputCommitCoordinatorEndpoint: OutputCommitCoordinator stopped!
[2024-12-04T00:17:46.007+0000] {spark_submit.py:634} INFO - 24/12/04 00:17:46 INFO SparkContext: Successfully stopped SparkContext
[2024-12-04T00:17:46.945+0000] {spark_submit.py:634} INFO - 24/12/04 00:17:46 INFO ShutdownHookManager: Shutdown hook called
[2024-12-04T00:17:46.946+0000] {spark_submit.py:634} INFO - 24/12/04 00:17:46 INFO ShutdownHookManager: Deleting directory /tmp/spark-aa029a55-35fc-46ec-a720-3745a16b2cfb
[2024-12-04T00:17:46.950+0000] {spark_submit.py:634} INFO - 24/12/04 00:17:46 INFO ShutdownHookManager: Deleting directory /tmp/spark-aa029a55-35fc-46ec-a720-3745a16b2cfb/pyspark-83a8c557-98bc-4c06-9c6b-2b51de5c7cce
[2024-12-04T00:17:46.953+0000] {spark_submit.py:634} INFO - 24/12/04 00:17:46 INFO ShutdownHookManager: Deleting directory /tmp/spark-32d0a16c-c1d7-4e2f-b37b-5f312d9de516
[2024-12-04T00:17:47.024+0000] {taskinstance.py:340} INFO - ::group::Post task execution logs
[2024-12-04T00:17:47.025+0000] {taskinstance.py:352} INFO - Marking task as SUCCESS. dag_id=sparking_flow, task_id=python_job, run_id=scheduled__2024-12-03T00:00:00+00:00, execution_date=20241203T000000, start_date=20241204T001731, end_date=20241204T001747
[2024-12-04T00:17:47.076+0000] {local_task_job_runner.py:266} INFO - Task exited with return code 0
[2024-12-04T00:17:47.105+0000] {taskinstance.py:3895} INFO - 1 downstream tasks scheduled from follow-on schedule check
[2024-12-04T00:17:47.106+0000] {local_task_job_runner.py:245} INFO - ::endgroup::
