[2024-12-09T19:48:16.898+0000] {local_task_job_runner.py:123} INFO - ::group::Pre task execution logs
[2024-12-09T19:48:16.935+0000] {taskinstance.py:2613} INFO - Dependencies all met for dep_context=non-requeueable deps ti=<TaskInstance: sparking_flow.python_job manual__2024-12-09T19:48:14.901484+00:00 [queued]>
[2024-12-09T19:48:16.948+0000] {taskinstance.py:2613} INFO - Dependencies all met for dep_context=requeueable deps ti=<TaskInstance: sparking_flow.python_job manual__2024-12-09T19:48:14.901484+00:00 [queued]>
[2024-12-09T19:48:16.948+0000] {taskinstance.py:2866} INFO - Starting attempt 1 of 1
[2024-12-09T19:48:16.971+0000] {taskinstance.py:2889} INFO - Executing <Task(SparkSubmitOperator): python_job> on 2024-12-09 19:48:14.901484+00:00
[2024-12-09T19:48:16.981+0000] {logging_mixin.py:190} WARNING - /home/***/.local/lib/python3.12/site-packages/***/task/task_runner/standard_task_runner.py:70 DeprecationWarning: This process (pid=1127) is multi-threaded, use of fork() may lead to deadlocks in the child.
[2024-12-09T19:48:16.982+0000] {standard_task_runner.py:72} INFO - Started process 1130 to run task
[2024-12-09T19:48:16.982+0000] {standard_task_runner.py:104} INFO - Running: ['***', 'tasks', 'run', 'sparking_flow', 'python_job', 'manual__2024-12-09T19:48:14.901484+00:00', '--job-id', '20', '--raw', '--subdir', 'DAGS_FOLDER/spark_***.py', '--cfg-path', '/tmp/tmpmw91a3m6']
[2024-12-09T19:48:16.985+0000] {standard_task_runner.py:105} INFO - Job 20: Subtask python_job
[2024-12-09T19:48:17.084+0000] {task_command.py:467} INFO - Running <TaskInstance: sparking_flow.python_job manual__2024-12-09T19:48:14.901484+00:00 [running]> on host 0f591f475d73
[2024-12-09T19:48:17.221+0000] {taskinstance.py:3132} INFO - Exporting env vars: AIRFLOW_CTX_DAG_OWNER='Harsha Vardhan' AIRFLOW_CTX_DAG_ID='sparking_flow' AIRFLOW_CTX_TASK_ID='python_job' AIRFLOW_CTX_EXECUTION_DATE='2024-12-09T19:48:14.901484+00:00' AIRFLOW_CTX_TRY_NUMBER='1' AIRFLOW_CTX_DAG_RUN_ID='manual__2024-12-09T19:48:14.901484+00:00'
[2024-12-09T19:48:17.223+0000] {taskinstance.py:731} INFO - ::endgroup::
[2024-12-09T19:48:17.491+0000] {base.py:84} INFO - Retrieving connection 'spark-conn'
[2024-12-09T19:48:17.493+0000] {spark_submit.py:473} INFO - Spark-Submit cmd: spark-submit --master spark://spark-master:7077 --name arrow-spark --deploy-mode client jobs/python/wordcountjob.py
[2024-12-09T19:48:22.805+0000] {spark_submit.py:634} INFO - 24/12/09 19:48:22 INFO SparkContext: Running Spark version 3.5.3
[2024-12-09T19:48:22.814+0000] {spark_submit.py:634} INFO - 24/12/09 19:48:22 INFO SparkContext: OS info Linux, 6.10.14-linuxkit, aarch64
[2024-12-09T19:48:22.815+0000] {spark_submit.py:634} INFO - 24/12/09 19:48:22 INFO SparkContext: Java version 17.0.13
[2024-12-09T19:48:22.920+0000] {spark_submit.py:634} INFO - 24/12/09 19:48:22 WARN NativeCodeLoader: Unable to load native-hadoop library for your platform... using builtin-java classes where applicable
[2024-12-09T19:48:23.171+0000] {spark_submit.py:634} INFO - 24/12/09 19:48:23 INFO ResourceUtils: ==============================================================
[2024-12-09T19:48:23.173+0000] {spark_submit.py:634} INFO - 24/12/09 19:48:23 INFO ResourceUtils: No custom resources configured for spark.driver.
[2024-12-09T19:48:23.175+0000] {spark_submit.py:634} INFO - 24/12/09 19:48:23 INFO ResourceUtils: ==============================================================
[2024-12-09T19:48:23.177+0000] {spark_submit.py:634} INFO - 24/12/09 19:48:23 INFO SparkContext: Submitted application: CSVReadExample
[2024-12-09T19:48:23.214+0000] {spark_submit.py:634} INFO - 24/12/09 19:48:23 INFO ResourceProfile: Default ResourceProfile created, executor resources: Map(memory -> name: memory, amount: 1024, script: , vendor: , offHeap -> name: offHeap, amount: 0, script: , vendor: ), task resources: Map(cpus -> name: cpus, amount: 1.0)
[2024-12-09T19:48:23.225+0000] {spark_submit.py:634} INFO - 24/12/09 19:48:23 INFO ResourceProfile: Limiting resource is cpu
[2024-12-09T19:48:23.226+0000] {spark_submit.py:634} INFO - 24/12/09 19:48:23 INFO ResourceProfileManager: Added ResourceProfile id: 0
[2024-12-09T19:48:23.374+0000] {spark_submit.py:634} INFO - 24/12/09 19:48:23 INFO SecurityManager: Changing view acls to: root
[2024-12-09T19:48:23.379+0000] {spark_submit.py:634} INFO - 24/12/09 19:48:23 INFO SecurityManager: Changing modify acls to: root
[2024-12-09T19:48:23.380+0000] {spark_submit.py:634} INFO - 24/12/09 19:48:23 INFO SecurityManager: Changing view acls groups to:
[2024-12-09T19:48:23.386+0000] {spark_submit.py:634} INFO - 24/12/09 19:48:23 INFO SecurityManager: Changing modify acls groups to:
[2024-12-09T19:48:23.387+0000] {spark_submit.py:634} INFO - 24/12/09 19:48:23 INFO SecurityManager: SecurityManager: authentication disabled; ui acls disabled; users with view permissions: root; groups with view permissions: EMPTY; users with modify permissions: root; groups with modify permissions: EMPTY
[2024-12-09T19:48:23.962+0000] {spark_submit.py:634} INFO - 24/12/09 19:48:23 INFO Utils: Successfully started service 'sparkDriver' on port 36491.
[2024-12-09T19:48:24.009+0000] {spark_submit.py:634} INFO - 24/12/09 19:48:24 INFO SparkEnv: Registering MapOutputTracker
[2024-12-09T19:48:24.074+0000] {spark_submit.py:634} INFO - 24/12/09 19:48:24 INFO SparkEnv: Registering BlockManagerMaster
[2024-12-09T19:48:24.103+0000] {spark_submit.py:634} INFO - 24/12/09 19:48:24 INFO BlockManagerMasterEndpoint: Using org.apache.spark.storage.DefaultTopologyMapper for getting topology information
[2024-12-09T19:48:24.105+0000] {spark_submit.py:634} INFO - 24/12/09 19:48:24 INFO BlockManagerMasterEndpoint: BlockManagerMasterEndpoint up
[2024-12-09T19:48:24.111+0000] {spark_submit.py:634} INFO - 24/12/09 19:48:24 INFO SparkEnv: Registering BlockManagerMasterHeartbeat
[2024-12-09T19:48:24.153+0000] {spark_submit.py:634} INFO - 24/12/09 19:48:24 INFO DiskBlockManager: Created local directory at /tmp/blockmgr-9443fe58-fc02-43b1-b0ba-1320e4f7b3b9
[2024-12-09T19:48:24.222+0000] {spark_submit.py:634} INFO - 24/12/09 19:48:24 INFO MemoryStore: MemoryStore started with capacity 434.4 MiB
[2024-12-09T19:48:24.262+0000] {spark_submit.py:634} INFO - 24/12/09 19:48:24 INFO SparkEnv: Registering OutputCommitCoordinator
[2024-12-09T19:48:24.616+0000] {spark_submit.py:634} INFO - 24/12/09 19:48:24 INFO JettyUtils: Start Jetty 0.0.0.0:4040 for SparkUI
[2024-12-09T19:48:24.912+0000] {spark_submit.py:634} INFO - 24/12/09 19:48:24 WARN Utils: Service 'SparkUI' could not bind on port 4040. Attempting port 4041.
[2024-12-09T19:48:24.917+0000] {spark_submit.py:634} INFO - 24/12/09 19:48:24 WARN Utils: Service 'SparkUI' could not bind on port 4041. Attempting port 4042.
[2024-12-09T19:48:24.933+0000] {spark_submit.py:634} INFO - 24/12/09 19:48:24 INFO Utils: Successfully started service 'SparkUI' on port 4042.
[2024-12-09T19:48:25.340+0000] {spark_submit.py:634} INFO - 24/12/09 19:48:25 INFO StandaloneAppClient$ClientEndpoint: Connecting to master spark://spark-master:7077...
[2024-12-09T19:48:25.478+0000] {spark_submit.py:634} INFO - 24/12/09 19:48:25 INFO TransportClientFactory: Successfully created connection to spark-master/172.20.0.5:7077 after 62 ms (0 ms spent in bootstraps)
[2024-12-09T19:48:25.840+0000] {spark_submit.py:634} INFO - 24/12/09 19:48:25 INFO StandaloneSchedulerBackend: Connected to Spark cluster with app ID app-20241209194825-0002
[2024-12-09T19:48:25.869+0000] {spark_submit.py:634} INFO - 24/12/09 19:48:25 INFO Utils: Successfully started service 'org.apache.spark.network.netty.NettyBlockTransferService' on port 38911.
[2024-12-09T19:48:25.870+0000] {spark_submit.py:634} INFO - 24/12/09 19:48:25 INFO NettyBlockTransferService: Server created on 0f591f475d73:38911
[2024-12-09T19:48:25.873+0000] {spark_submit.py:634} INFO - 24/12/09 19:48:25 INFO BlockManager: Using org.apache.spark.storage.RandomBlockReplicationPolicy for block replication policy
[2024-12-09T19:48:25.903+0000] {spark_submit.py:634} INFO - 24/12/09 19:48:25 INFO BlockManagerMaster: Registering BlockManager BlockManagerId(driver, 0f591f475d73, 38911, None)
[2024-12-09T19:48:25.922+0000] {spark_submit.py:634} INFO - 24/12/09 19:48:25 INFO BlockManagerMasterEndpoint: Registering block manager 0f591f475d73:38911 with 434.4 MiB RAM, BlockManagerId(driver, 0f591f475d73, 38911, None)
[2024-12-09T19:48:25.926+0000] {spark_submit.py:634} INFO - 24/12/09 19:48:25 INFO BlockManagerMaster: Registered BlockManager BlockManagerId(driver, 0f591f475d73, 38911, None)
[2024-12-09T19:48:25.929+0000] {spark_submit.py:634} INFO - 24/12/09 19:48:25 INFO BlockManager: Initialized BlockManager: BlockManagerId(driver, 0f591f475d73, 38911, None)
[2024-12-09T19:48:26.759+0000] {spark_submit.py:634} INFO - 24/12/09 19:48:26 INFO StandaloneSchedulerBackend: SchedulerBackend is ready for scheduling beginning after reached minRegisteredResourcesRatio: 0.0
[2024-12-09T19:48:27.425+0000] {spark_submit.py:634} INFO - ££££££££££££££££££££££££££££££££££ spark.read.format("csv").option("header", "true").load(local_file_path)
[2024-12-09T19:48:27.620+0000] {spark_submit.py:634} INFO - 24/12/09 19:48:27 INFO SharedState: Setting hive.metastore.warehouse.dir ('null') to the value of spark.sql.warehouse.dir.
[2024-12-09T19:48:27.636+0000] {spark_submit.py:634} INFO - 24/12/09 19:48:27 INFO SharedState: Warehouse path is 'file:/opt/***/spark-warehouse'.
[2024-12-09T19:48:29.935+0000] {spark_submit.py:634} INFO - 24/12/09 19:48:29 INFO InMemoryFileIndex: It took 71 ms to list leaf files for 1 paths.
[2024-12-09T19:48:30.053+0000] {spark_submit.py:634} INFO - 24/12/09 19:48:30 INFO InMemoryFileIndex: It took 3 ms to list leaf files for 1 paths.
[2024-12-09T19:48:32.647+0000] {spark_submit.py:634} INFO - 24/12/09 19:48:32 INFO StandaloneAppClient$ClientEndpoint: Executor added: app-20241209194825-0002/0 on worker-20241209194159-172.20.0.7-40473 (172.20.0.7:40473) with 2 core(s)
[2024-12-09T19:48:32.662+0000] {spark_submit.py:634} INFO - 24/12/09 19:48:32 INFO StandaloneSchedulerBackend: Granted executor ID app-20241209194825-0002/0 on hostPort 172.20.0.7:40473 with 2 core(s), 1024.0 MiB RAM
[2024-12-09T19:48:32.801+0000] {spark_submit.py:634} INFO - 24/12/09 19:48:32 INFO StandaloneAppClient$ClientEndpoint: Executor updated: app-20241209194825-0002/0 is now RUNNING
[2024-12-09T19:48:34.134+0000] {spark_submit.py:634} INFO - 24/12/09 19:48:34 INFO FileSourceStrategy: Pushed Filters:
[2024-12-09T19:48:34.139+0000] {spark_submit.py:634} INFO - 24/12/09 19:48:34 INFO FileSourceStrategy: Post-Scan Filters: (length(trim(value#0, None)) > 0)
[2024-12-09T19:48:35.129+0000] {spark_submit.py:634} INFO - 24/12/09 19:48:35 INFO CodeGenerator: Code generated in 291.41775 ms
[2024-12-09T19:48:35.211+0000] {spark_submit.py:634} INFO - 24/12/09 19:48:35 INFO MemoryStore: Block broadcast_0 stored as values in memory (estimated size 199.9 KiB, free 434.2 MiB)
[2024-12-09T19:48:35.321+0000] {spark_submit.py:634} INFO - 24/12/09 19:48:35 INFO MemoryStore: Block broadcast_0_piece0 stored as bytes in memory (estimated size 34.3 KiB, free 434.2 MiB)
[2024-12-09T19:48:35.326+0000] {spark_submit.py:634} INFO - 24/12/09 19:48:35 INFO BlockManagerInfo: Added broadcast_0_piece0 in memory on 0f591f475d73:38911 (size: 34.3 KiB, free: 434.4 MiB)
[2024-12-09T19:48:35.338+0000] {spark_submit.py:634} INFO - 24/12/09 19:48:35 INFO SparkContext: Created broadcast 0 from load at NativeMethodAccessorImpl.java:0
[2024-12-09T19:48:35.361+0000] {spark_submit.py:634} INFO - 24/12/09 19:48:35 INFO FileSourceScanExec: Planning scan with bin packing, max size: 4194304 bytes, open cost is considered as scanning 4194304 bytes.
[2024-12-09T19:48:35.518+0000] {spark_submit.py:634} INFO - 24/12/09 19:48:35 INFO SparkContext: Starting job: load at NativeMethodAccessorImpl.java:0
[2024-12-09T19:48:35.566+0000] {spark_submit.py:634} INFO - 24/12/09 19:48:35 INFO DAGScheduler: Got job 0 (load at NativeMethodAccessorImpl.java:0) with 1 output partitions
[2024-12-09T19:48:35.567+0000] {spark_submit.py:634} INFO - 24/12/09 19:48:35 INFO DAGScheduler: Final stage: ResultStage 0 (load at NativeMethodAccessorImpl.java:0)
[2024-12-09T19:48:35.567+0000] {spark_submit.py:634} INFO - 24/12/09 19:48:35 INFO DAGScheduler: Parents of final stage: List()
[2024-12-09T19:48:35.569+0000] {spark_submit.py:634} INFO - 24/12/09 19:48:35 INFO DAGScheduler: Missing parents: List()
[2024-12-09T19:48:35.575+0000] {spark_submit.py:634} INFO - 24/12/09 19:48:35 INFO DAGScheduler: Submitting ResultStage 0 (MapPartitionsRDD[3] at load at NativeMethodAccessorImpl.java:0), which has no missing parents
[2024-12-09T19:48:35.701+0000] {spark_submit.py:634} INFO - 24/12/09 19:48:35 INFO MemoryStore: Block broadcast_1 stored as values in memory (estimated size 13.5 KiB, free 434.2 MiB)
[2024-12-09T19:48:35.715+0000] {spark_submit.py:634} INFO - 24/12/09 19:48:35 INFO MemoryStore: Block broadcast_1_piece0 stored as bytes in memory (estimated size 6.4 KiB, free 434.2 MiB)
[2024-12-09T19:48:35.717+0000] {spark_submit.py:634} INFO - 24/12/09 19:48:35 INFO BlockManagerInfo: Added broadcast_1_piece0 in memory on 0f591f475d73:38911 (size: 6.4 KiB, free: 434.4 MiB)
[2024-12-09T19:48:35.719+0000] {spark_submit.py:634} INFO - 24/12/09 19:48:35 INFO SparkContext: Created broadcast 1 from broadcast at DAGScheduler.scala:1585
[2024-12-09T19:48:35.763+0000] {spark_submit.py:634} INFO - 24/12/09 19:48:35 INFO DAGScheduler: Submitting 1 missing tasks from ResultStage 0 (MapPartitionsRDD[3] at load at NativeMethodAccessorImpl.java:0) (first 15 tasks are for partitions Vector(0))
[2024-12-09T19:48:35.765+0000] {spark_submit.py:634} INFO - 24/12/09 19:48:35 INFO TaskSchedulerImpl: Adding task set 0.0 with 1 tasks resource profile 0
[2024-12-09T19:48:36.808+0000] {spark_submit.py:634} INFO - 24/12/09 19:48:36 INFO StandaloneSchedulerBackend$StandaloneDriverEndpoint: Registered executor NettyRpcEndpointRef(spark-client://Executor) (172.20.0.7:58114) with ID 0,  ResourceProfileId 0
[2024-12-09T19:48:36.886+0000] {spark_submit.py:634} INFO - 24/12/09 19:48:36 INFO BlockManagerMasterEndpoint: Registering block manager 172.20.0.7:33559 with 434.4 MiB RAM, BlockManagerId(0, 172.20.0.7, 33559, None)
[2024-12-09T19:48:36.957+0000] {spark_submit.py:634} INFO - 24/12/09 19:48:36 INFO TaskSetManager: Starting task 0.0 in stage 0.0 (TID 0) (172.20.0.7, executor 0, partition 0, PROCESS_LOCAL, 9603 bytes)
[2024-12-09T19:48:37.254+0000] {spark_submit.py:634} INFO - 24/12/09 19:48:37 INFO BlockManagerInfo: Added broadcast_1_piece0 in memory on 172.20.0.7:33559 (size: 6.4 KiB, free: 434.4 MiB)
[2024-12-09T19:48:38.534+0000] {spark_submit.py:634} INFO - 24/12/09 19:48:38 INFO BlockManagerInfo: Added broadcast_0_piece0 in memory on 172.20.0.7:33559 (size: 34.3 KiB, free: 434.4 MiB)
[2024-12-09T19:48:38.797+0000] {spark_submit.py:634} INFO - 24/12/09 19:48:38 INFO TaskSetManager: Finished task 0.0 in stage 0.0 (TID 0) in 1853 ms on 172.20.0.7 (executor 0) (1/1)
[2024-12-09T19:48:38.800+0000] {spark_submit.py:634} INFO - 24/12/09 19:48:38 INFO TaskSchedulerImpl: Removed TaskSet 0.0, whose tasks have all completed, from pool
[2024-12-09T19:48:38.807+0000] {spark_submit.py:634} INFO - 24/12/09 19:48:38 INFO DAGScheduler: ResultStage 0 (load at NativeMethodAccessorImpl.java:0) finished in 3.214 s
[2024-12-09T19:48:38.812+0000] {spark_submit.py:634} INFO - 24/12/09 19:48:38 INFO DAGScheduler: Job 0 is finished. Cancelling potential speculative or zombie tasks for this job
[2024-12-09T19:48:38.812+0000] {spark_submit.py:634} INFO - 24/12/09 19:48:38 INFO TaskSchedulerImpl: Killing all running tasks in stage 0: Stage finished
[2024-12-09T19:48:38.817+0000] {spark_submit.py:634} INFO - 24/12/09 19:48:38 INFO DAGScheduler: Job 0 finished: load at NativeMethodAccessorImpl.java:0, took 3.296964 s
[2024-12-09T19:48:38.871+0000] {spark_submit.py:634} INFO - 24/12/09 19:48:38 INFO CodeGenerator: Code generated in 26.525167 ms
[2024-12-09T19:48:38.954+0000] {spark_submit.py:634} INFO - 24/12/09 19:48:38 INFO BlockManagerInfo: Removed broadcast_1_piece0 on 0f591f475d73:38911 in memory (size: 6.4 KiB, free: 434.4 MiB)
[2024-12-09T19:48:38.980+0000] {spark_submit.py:634} INFO - 24/12/09 19:48:38 INFO BlockManagerInfo: Removed broadcast_1_piece0 on 172.20.0.7:33559 in memory (size: 6.4 KiB, free: 434.4 MiB)
[2024-12-09T19:48:38.986+0000] {spark_submit.py:634} INFO - 24/12/09 19:48:38 INFO FileSourceStrategy: Pushed Filters:
[2024-12-09T19:48:38.987+0000] {spark_submit.py:634} INFO - 24/12/09 19:48:38 INFO FileSourceStrategy: Post-Scan Filters:
[2024-12-09T19:48:38.999+0000] {spark_submit.py:634} INFO - 24/12/09 19:48:38 INFO MemoryStore: Block broadcast_2 stored as values in memory (estimated size 199.9 KiB, free 434.0 MiB)
[2024-12-09T19:48:39.020+0000] {spark_submit.py:634} INFO - 24/12/09 19:48:39 INFO MemoryStore: Block broadcast_2_piece0 stored as bytes in memory (estimated size 34.3 KiB, free 433.9 MiB)
[2024-12-09T19:48:39.021+0000] {spark_submit.py:634} INFO - 24/12/09 19:48:39 INFO BlockManagerInfo: Added broadcast_2_piece0 in memory on 0f591f475d73:38911 (size: 34.3 KiB, free: 434.3 MiB)
[2024-12-09T19:48:39.023+0000] {spark_submit.py:634} INFO - 24/12/09 19:48:39 INFO SparkContext: Created broadcast 2 from load at NativeMethodAccessorImpl.java:0
[2024-12-09T19:48:39.027+0000] {spark_submit.py:634} INFO - 24/12/09 19:48:39 INFO FileSourceScanExec: Planning scan with bin packing, max size: 4194304 bytes, open cost is considered as scanning 4194304 bytes.
[2024-12-09T19:48:39.193+0000] {spark_submit.py:634} INFO - 24/12/09 19:48:39 INFO FileSourceStrategy: Pushed Filters:
[2024-12-09T19:48:39.193+0000] {spark_submit.py:634} INFO - 24/12/09 19:48:39 INFO FileSourceStrategy: Post-Scan Filters:
[2024-12-09T19:48:39.296+0000] {spark_submit.py:634} INFO - 24/12/09 19:48:39 INFO CodeGenerator: Code generated in 30.308958 ms
[2024-12-09T19:48:39.303+0000] {spark_submit.py:634} INFO - 24/12/09 19:48:39 INFO MemoryStore: Block broadcast_3 stored as values in memory (estimated size 199.6 KiB, free 433.7 MiB)
[2024-12-09T19:48:39.324+0000] {spark_submit.py:634} INFO - 24/12/09 19:48:39 INFO MemoryStore: Block broadcast_3_piece0 stored as bytes in memory (estimated size 34.2 KiB, free 433.7 MiB)
[2024-12-09T19:48:39.328+0000] {spark_submit.py:634} INFO - 24/12/09 19:48:39 INFO BlockManagerInfo: Added broadcast_3_piece0 in memory on 0f591f475d73:38911 (size: 34.2 KiB, free: 434.3 MiB)
[2024-12-09T19:48:39.330+0000] {spark_submit.py:634} INFO - 24/12/09 19:48:39 INFO SparkContext: Created broadcast 3 from showString at NativeMethodAccessorImpl.java:0
[2024-12-09T19:48:39.336+0000] {spark_submit.py:634} INFO - 24/12/09 19:48:39 INFO FileSourceScanExec: Planning scan with bin packing, max size: 4194304 bytes, open cost is considered as scanning 4194304 bytes.
[2024-12-09T19:48:39.363+0000] {spark_submit.py:634} INFO - 24/12/09 19:48:39 INFO BlockManagerInfo: Removed broadcast_0_piece0 on 0f591f475d73:38911 in memory (size: 34.3 KiB, free: 434.3 MiB)
[2024-12-09T19:48:39.365+0000] {spark_submit.py:634} INFO - 24/12/09 19:48:39 INFO SparkContext: Starting job: showString at NativeMethodAccessorImpl.java:0
[2024-12-09T19:48:39.383+0000] {spark_submit.py:634} INFO - 24/12/09 19:48:39 INFO DAGScheduler: Got job 1 (showString at NativeMethodAccessorImpl.java:0) with 1 output partitions
[2024-12-09T19:48:39.384+0000] {spark_submit.py:634} INFO - 24/12/09 19:48:39 INFO DAGScheduler: Final stage: ResultStage 1 (showString at NativeMethodAccessorImpl.java:0)
[2024-12-09T19:48:39.386+0000] {spark_submit.py:634} INFO - 24/12/09 19:48:39 INFO DAGScheduler: Parents of final stage: List()
[2024-12-09T19:48:39.390+0000] {spark_submit.py:634} INFO - 24/12/09 19:48:39 INFO BlockManagerInfo: Removed broadcast_0_piece0 on 172.20.0.7:33559 in memory (size: 34.3 KiB, free: 434.4 MiB)
[2024-12-09T19:48:39.391+0000] {spark_submit.py:634} INFO - 24/12/09 19:48:39 INFO DAGScheduler: Missing parents: List()
[2024-12-09T19:48:39.391+0000] {spark_submit.py:634} INFO - 24/12/09 19:48:39 INFO DAGScheduler: Submitting ResultStage 1 (MapPartitionsRDD[13] at showString at NativeMethodAccessorImpl.java:0), which has no missing parents
[2024-12-09T19:48:39.394+0000] {spark_submit.py:634} INFO - 24/12/09 19:48:39 INFO MemoryStore: Block broadcast_4 stored as values in memory (estimated size 18.1 KiB, free 433.9 MiB)
[2024-12-09T19:48:39.403+0000] {spark_submit.py:634} INFO - 24/12/09 19:48:39 INFO MemoryStore: Block broadcast_4_piece0 stored as bytes in memory (estimated size 8.0 KiB, free 433.9 MiB)
[2024-12-09T19:48:39.404+0000] {spark_submit.py:634} INFO - 24/12/09 19:48:39 INFO BlockManagerInfo: Added broadcast_4_piece0 in memory on 0f591f475d73:38911 (size: 8.0 KiB, free: 434.3 MiB)
[2024-12-09T19:48:39.409+0000] {spark_submit.py:634} INFO - 24/12/09 19:48:39 INFO SparkContext: Created broadcast 4 from broadcast at DAGScheduler.scala:1585
[2024-12-09T19:48:39.410+0000] {spark_submit.py:634} INFO - 24/12/09 19:48:39 INFO BlockManagerInfo: Removed broadcast_2_piece0 on 0f591f475d73:38911 in memory (size: 34.3 KiB, free: 434.4 MiB)
[2024-12-09T19:48:39.412+0000] {spark_submit.py:634} INFO - 24/12/09 19:48:39 INFO DAGScheduler: Submitting 1 missing tasks from ResultStage 1 (MapPartitionsRDD[13] at showString at NativeMethodAccessorImpl.java:0) (first 15 tasks are for partitions Vector(0))
[2024-12-09T19:48:39.413+0000] {spark_submit.py:634} INFO - 24/12/09 19:48:39 INFO TaskSchedulerImpl: Adding task set 1.0 with 1 tasks resource profile 0
[2024-12-09T19:48:39.416+0000] {spark_submit.py:634} INFO - 24/12/09 19:48:39 INFO TaskSetManager: Starting task 0.0 in stage 1.0 (TID 1) (172.20.0.7, executor 0, partition 0, PROCESS_LOCAL, 9603 bytes)
[2024-12-09T19:48:39.464+0000] {spark_submit.py:634} INFO - 24/12/09 19:48:39 INFO BlockManagerInfo: Added broadcast_4_piece0 in memory on 172.20.0.7:33559 (size: 8.0 KiB, free: 434.4 MiB)
[2024-12-09T19:48:39.621+0000] {spark_submit.py:634} INFO - 24/12/09 19:48:39 INFO BlockManagerInfo: Added broadcast_3_piece0 in memory on 172.20.0.7:33559 (size: 34.2 KiB, free: 434.4 MiB)
[2024-12-09T19:48:39.772+0000] {spark_submit.py:634} INFO - 24/12/09 19:48:39 INFO TaskSetManager: Finished task 0.0 in stage 1.0 (TID 1) in 358 ms on 172.20.0.7 (executor 0) (1/1)
[2024-12-09T19:48:39.773+0000] {spark_submit.py:634} INFO - 24/12/09 19:48:39 INFO TaskSchedulerImpl: Removed TaskSet 1.0, whose tasks have all completed, from pool
[2024-12-09T19:48:39.774+0000] {spark_submit.py:634} INFO - 24/12/09 19:48:39 INFO DAGScheduler: ResultStage 1 (showString at NativeMethodAccessorImpl.java:0) finished in 0.387 s
[2024-12-09T19:48:39.774+0000] {spark_submit.py:634} INFO - 24/12/09 19:48:39 INFO DAGScheduler: Job 1 is finished. Cancelling potential speculative or zombie tasks for this job
[2024-12-09T19:48:39.775+0000] {spark_submit.py:634} INFO - 24/12/09 19:48:39 INFO TaskSchedulerImpl: Killing all running tasks in stage 1: Stage finished
[2024-12-09T19:48:39.775+0000] {spark_submit.py:634} INFO - 24/12/09 19:48:39 INFO DAGScheduler: Job 1 finished: showString at NativeMethodAccessorImpl.java:0, took 0.412242 s
[2024-12-09T19:48:39.832+0000] {spark_submit.py:634} INFO - 24/12/09 19:48:39 INFO CodeGenerator: Code generated in 43.767292 ms
[2024-12-09T19:48:39.838+0000] {spark_submit.py:634} INFO - +------------------+----------+-----------------+-------------+----------+---------+-----------+----------+
[2024-12-09T19:48:39.839+0000] {spark_submit.py:634} INFO - |       Login email|Identifier|One-time password|Recovery code|First name|Last name| Department|  Location|
[2024-12-09T19:48:39.839+0000] {spark_submit.py:634} INFO - +------------------+----------+-----------------+-------------+----------+---------+-----------+----------+
[2024-12-09T19:48:39.840+0000] {spark_submit.py:634} INFO - |rachel@example.com|      9012|           12se74|       rb9012|    Rachel|   Booker|      Sales|Manchester|
[2024-12-09T19:48:39.840+0000] {spark_submit.py:634} INFO - | laura@example.com|      2070|           04ap67|       lg2070|     Laura|     Grey|      Depot|    London|
[2024-12-09T19:48:39.840+0000] {spark_submit.py:634} INFO - | craig@example.com|      4081|           30no86|       cj4081|     Craig|  Johnson|      Depot|    London|
[2024-12-09T19:48:39.841+0000] {spark_submit.py:634} INFO - |  mary@example.com|      9346|           14ju73|       mj9346|      Mary|  Jenkins|Engineering|Manchester|
[2024-12-09T19:48:39.841+0000] {spark_submit.py:634} INFO - | jamie@example.com|      5079|           09ja61|       js5079|     Jamie|    Smith|Engineering|Manchester|
[2024-12-09T19:48:39.841+0000] {spark_submit.py:634} INFO - +------------------+----------+-----------------+-------------+----------+---------+-----------+----------+
[2024-12-09T19:48:39.841+0000] {spark_submit.py:634} INFO - 
[2024-12-09T19:48:39.862+0000] {spark_submit.py:634} INFO - DataFrame[Login email: string, Identifier: string, One-time password: string, Recovery code: string, First name: string, Last name: string, Department: string, Location: string]
[2024-12-09T19:48:40.028+0000] {spark_submit.py:634} INFO - 24/12/09 19:48:40 INFO FileSourceStrategy: Pushed Filters: IsNotNull(Location),EqualTo(Location,London)
[2024-12-09T19:48:40.029+0000] {spark_submit.py:634} INFO - 24/12/09 19:48:40 INFO FileSourceStrategy: Post-Scan Filters: isnotnull(Location#24),(Location#24 = London)
[2024-12-09T19:48:40.080+0000] {spark_submit.py:634} INFO - 24/12/09 19:48:40 INFO CodeGenerator: Code generated in 26.323167 ms
[2024-12-09T19:48:40.085+0000] {spark_submit.py:634} INFO - 24/12/09 19:48:40 INFO MemoryStore: Block broadcast_5 stored as values in memory (estimated size 199.6 KiB, free 434.0 MiB)
[2024-12-09T19:48:40.099+0000] {spark_submit.py:634} INFO - 24/12/09 19:48:40 INFO BlockManagerInfo: Removed broadcast_4_piece0 on 0f591f475d73:38911 in memory (size: 8.0 KiB, free: 434.4 MiB)
[2024-12-09T19:48:40.103+0000] {spark_submit.py:634} INFO - 24/12/09 19:48:40 INFO MemoryStore: Block broadcast_5_piece0 stored as bytes in memory (estimated size 34.2 KiB, free 433.9 MiB)
[2024-12-09T19:48:40.104+0000] {spark_submit.py:634} INFO - 24/12/09 19:48:40 INFO BlockManagerInfo: Added broadcast_5_piece0 in memory on 0f591f475d73:38911 (size: 34.2 KiB, free: 434.3 MiB)
[2024-12-09T19:48:40.109+0000] {spark_submit.py:634} INFO - 24/12/09 19:48:40 INFO SparkContext: Created broadcast 5 from showString at NativeMethodAccessorImpl.java:0
[2024-12-09T19:48:40.111+0000] {spark_submit.py:634} INFO - 24/12/09 19:48:40 INFO BlockManagerInfo: Removed broadcast_4_piece0 on 172.20.0.7:33559 in memory (size: 8.0 KiB, free: 434.4 MiB)
[2024-12-09T19:48:40.112+0000] {spark_submit.py:634} INFO - 24/12/09 19:48:40 INFO FileSourceScanExec: Planning scan with bin packing, max size: 4194304 bytes, open cost is considered as scanning 4194304 bytes.
[2024-12-09T19:48:40.124+0000] {spark_submit.py:634} INFO - 24/12/09 19:48:40 INFO BlockManagerInfo: Removed broadcast_3_piece0 on 0f591f475d73:38911 in memory (size: 34.2 KiB, free: 434.4 MiB)
[2024-12-09T19:48:40.131+0000] {spark_submit.py:634} INFO - 24/12/09 19:48:40 INFO SparkContext: Starting job: showString at NativeMethodAccessorImpl.java:0
[2024-12-09T19:48:40.134+0000] {spark_submit.py:634} INFO - 24/12/09 19:48:40 INFO BlockManagerInfo: Removed broadcast_3_piece0 on 172.20.0.7:33559 in memory (size: 34.2 KiB, free: 434.4 MiB)
[2024-12-09T19:48:40.137+0000] {spark_submit.py:634} INFO - 24/12/09 19:48:40 INFO DAGScheduler: Got job 2 (showString at NativeMethodAccessorImpl.java:0) with 1 output partitions
[2024-12-09T19:48:40.142+0000] {spark_submit.py:634} INFO - 24/12/09 19:48:40 INFO DAGScheduler: Final stage: ResultStage 2 (showString at NativeMethodAccessorImpl.java:0)
[2024-12-09T19:48:40.144+0000] {spark_submit.py:634} INFO - 24/12/09 19:48:40 INFO DAGScheduler: Parents of final stage: List()
[2024-12-09T19:48:40.145+0000] {spark_submit.py:634} INFO - 24/12/09 19:48:40 INFO DAGScheduler: Missing parents: List()
[2024-12-09T19:48:40.154+0000] {spark_submit.py:634} INFO - 24/12/09 19:48:40 INFO DAGScheduler: Submitting ResultStage 2 (MapPartitionsRDD[17] at showString at NativeMethodAccessorImpl.java:0), which has no missing parents
[2024-12-09T19:48:40.161+0000] {spark_submit.py:634} INFO - 24/12/09 19:48:40 INFO MemoryStore: Block broadcast_6 stored as values in memory (estimated size 18.8 KiB, free 434.2 MiB)
[2024-12-09T19:48:40.165+0000] {spark_submit.py:634} INFO - 24/12/09 19:48:40 INFO MemoryStore: Block broadcast_6_piece0 stored as bytes in memory (estimated size 8.3 KiB, free 434.1 MiB)
[2024-12-09T19:48:40.166+0000] {spark_submit.py:634} INFO - 24/12/09 19:48:40 INFO BlockManagerInfo: Added broadcast_6_piece0 in memory on 0f591f475d73:38911 (size: 8.3 KiB, free: 434.4 MiB)
[2024-12-09T19:48:40.167+0000] {spark_submit.py:634} INFO - 24/12/09 19:48:40 INFO SparkContext: Created broadcast 6 from broadcast at DAGScheduler.scala:1585
[2024-12-09T19:48:40.168+0000] {spark_submit.py:634} INFO - 24/12/09 19:48:40 INFO DAGScheduler: Submitting 1 missing tasks from ResultStage 2 (MapPartitionsRDD[17] at showString at NativeMethodAccessorImpl.java:0) (first 15 tasks are for partitions Vector(0))
[2024-12-09T19:48:40.168+0000] {spark_submit.py:634} INFO - 24/12/09 19:48:40 INFO TaskSchedulerImpl: Adding task set 2.0 with 1 tasks resource profile 0
[2024-12-09T19:48:40.170+0000] {spark_submit.py:634} INFO - 24/12/09 19:48:40 INFO TaskSetManager: Starting task 0.0 in stage 2.0 (TID 2) (172.20.0.7, executor 0, partition 0, PROCESS_LOCAL, 9603 bytes)
[2024-12-09T19:48:40.199+0000] {spark_submit.py:634} INFO - 24/12/09 19:48:40 INFO BlockManagerInfo: Added broadcast_6_piece0 in memory on 172.20.0.7:33559 (size: 8.3 KiB, free: 434.4 MiB)
[2024-12-09T19:48:40.293+0000] {spark_submit.py:634} INFO - 24/12/09 19:48:40 INFO BlockManagerInfo: Added broadcast_5_piece0 in memory on 172.20.0.7:33559 (size: 34.2 KiB, free: 434.4 MiB)
[2024-12-09T19:48:40.457+0000] {spark_submit.py:634} INFO - 24/12/09 19:48:40 INFO TaskSetManager: Finished task 0.0 in stage 2.0 (TID 2) in 287 ms on 172.20.0.7 (executor 0) (1/1)
[2024-12-09T19:48:40.458+0000] {spark_submit.py:634} INFO - 24/12/09 19:48:40 INFO TaskSchedulerImpl: Removed TaskSet 2.0, whose tasks have all completed, from pool
[2024-12-09T19:48:40.462+0000] {spark_submit.py:634} INFO - 24/12/09 19:48:40 INFO DAGScheduler: ResultStage 2 (showString at NativeMethodAccessorImpl.java:0) finished in 0.306 s
[2024-12-09T19:48:40.463+0000] {spark_submit.py:634} INFO - 24/12/09 19:48:40 INFO DAGScheduler: Job 2 is finished. Cancelling potential speculative or zombie tasks for this job
[2024-12-09T19:48:40.466+0000] {spark_submit.py:634} INFO - 24/12/09 19:48:40 INFO TaskSchedulerImpl: Killing all running tasks in stage 2: Stage finished
[2024-12-09T19:48:40.467+0000] {spark_submit.py:634} INFO - 24/12/09 19:48:40 INFO DAGScheduler: Job 2 finished: showString at NativeMethodAccessorImpl.java:0, took 0.329470 s
[2024-12-09T19:48:40.481+0000] {spark_submit.py:634} INFO - +-----------------+----------+-----------------+-------------+----------+---------+----------+--------+
[2024-12-09T19:48:40.483+0000] {spark_submit.py:634} INFO - |      Login email|Identifier|One-time password|Recovery code|First name|Last name|Department|Location|
[2024-12-09T19:48:40.484+0000] {spark_submit.py:634} INFO - +-----------------+----------+-----------------+-------------+----------+---------+----------+--------+
[2024-12-09T19:48:40.485+0000] {spark_submit.py:634} INFO - |laura@example.com|      2070|           04ap67|       lg2070|     Laura|     Grey|     Depot|  London|
[2024-12-09T19:48:40.485+0000] {spark_submit.py:634} INFO - |craig@example.com|      4081|           30no86|       cj4081|     Craig|  Johnson|     Depot|  London|
[2024-12-09T19:48:40.486+0000] {spark_submit.py:634} INFO - +-----------------+----------+-----------------+-------------+----------+---------+----------+--------+
[2024-12-09T19:48:40.487+0000] {spark_submit.py:634} INFO - 
[2024-12-09T19:48:40.488+0000] {spark_submit.py:634} INFO - ££££££££££££££££££££££££££££££££££
[2024-12-09T19:48:40.488+0000] {spark_submit.py:634} INFO - 24/12/09 19:48:40 INFO SparkContext: SparkContext is stopping with exitCode 0.
[2024-12-09T19:48:40.509+0000] {spark_submit.py:634} INFO - 24/12/09 19:48:40 INFO SparkUI: Stopped Spark web UI at http://0f591f475d73:4042
[2024-12-09T19:48:40.516+0000] {spark_submit.py:634} INFO - 24/12/09 19:48:40 INFO StandaloneSchedulerBackend: Shutting down all executors
[2024-12-09T19:48:40.517+0000] {spark_submit.py:634} INFO - 24/12/09 19:48:40 INFO StandaloneSchedulerBackend$StandaloneDriverEndpoint: Asking each executor to shut down
[2024-12-09T19:48:40.565+0000] {spark_submit.py:634} INFO - 24/12/09 19:48:40 INFO MapOutputTrackerMasterEndpoint: MapOutputTrackerMasterEndpoint stopped!
[2024-12-09T19:48:40.630+0000] {spark_submit.py:634} INFO - 24/12/09 19:48:40 INFO MemoryStore: MemoryStore cleared
[2024-12-09T19:48:40.631+0000] {spark_submit.py:634} INFO - 24/12/09 19:48:40 INFO BlockManager: BlockManager stopped
[2024-12-09T19:48:40.642+0000] {spark_submit.py:634} INFO - 24/12/09 19:48:40 INFO BlockManagerMaster: BlockManagerMaster stopped
[2024-12-09T19:48:40.642+0000] {spark_submit.py:634} INFO - 24/12/09 19:48:40 INFO OutputCommitCoordinator$OutputCommitCoordinatorEndpoint: OutputCommitCoordinator stopped!
[2024-12-09T19:48:40.663+0000] {spark_submit.py:634} INFO - 24/12/09 19:48:40 INFO SparkContext: Successfully stopped SparkContext
[2024-12-09T19:48:40.944+0000] {spark_submit.py:634} INFO - 24/12/09 19:48:40 INFO ShutdownHookManager: Shutdown hook called
[2024-12-09T19:48:40.945+0000] {spark_submit.py:634} INFO - 24/12/09 19:48:40 INFO ShutdownHookManager: Deleting directory /tmp/spark-e94cce1c-d111-4150-9185-a4f256edfe88/pyspark-5e0e76cb-88a3-4bb7-857c-39b98e6f365d
[2024-12-09T19:48:40.948+0000] {spark_submit.py:634} INFO - 24/12/09 19:48:40 INFO ShutdownHookManager: Deleting directory /tmp/spark-ce36d69f-5fa8-4dea-96b1-dcfbd6dc9e3e
[2024-12-09T19:48:40.951+0000] {spark_submit.py:634} INFO - 24/12/09 19:48:40 INFO ShutdownHookManager: Deleting directory /tmp/spark-e94cce1c-d111-4150-9185-a4f256edfe88
[2024-12-09T19:48:41.020+0000] {taskinstance.py:340} INFO - ::group::Post task execution logs
[2024-12-09T19:48:41.021+0000] {taskinstance.py:352} INFO - Marking task as SUCCESS. dag_id=sparking_flow, task_id=python_job, run_id=manual__2024-12-09T19:48:14.901484+00:00, execution_date=20241209T194814, start_date=20241209T194816, end_date=20241209T194841
[2024-12-09T19:48:41.066+0000] {local_task_job_runner.py:266} INFO - Task exited with return code 0
[2024-12-09T19:48:41.113+0000] {taskinstance.py:3895} INFO - 0 downstream tasks scheduled from follow-on schedule check
[2024-12-09T19:48:41.115+0000] {local_task_job_runner.py:245} INFO - ::endgroup::
