[2024-12-09T18:54:10.803+0000] {local_task_job_runner.py:123} INFO - ::group::Pre task execution logs
[2024-12-09T18:54:10.836+0000] {taskinstance.py:2613} INFO - Dependencies all met for dep_context=non-requeueable deps ti=<TaskInstance: sparking_flow.scala_job manual__2024-12-09T18:54:07.794991+00:00 [queued]>
[2024-12-09T18:54:10.846+0000] {taskinstance.py:2613} INFO - Dependencies all met for dep_context=requeueable deps ti=<TaskInstance: sparking_flow.scala_job manual__2024-12-09T18:54:07.794991+00:00 [queued]>
[2024-12-09T18:54:10.849+0000] {taskinstance.py:2866} INFO - Starting attempt 1 of 1
[2024-12-09T18:54:10.864+0000] {taskinstance.py:2889} INFO - Executing <Task(SparkSubmitOperator): scala_job> on 2024-12-09 18:54:07.794991+00:00
[2024-12-09T18:54:10.869+0000] {logging_mixin.py:190} WARNING - /home/***/.local/lib/python3.12/site-packages/***/task/task_runner/standard_task_runner.py:70 DeprecationWarning: This process (pid=187) is multi-threaded, use of fork() may lead to deadlocks in the child.
[2024-12-09T18:54:10.870+0000] {standard_task_runner.py:72} INFO - Started process 192 to run task
[2024-12-09T18:54:10.870+0000] {standard_task_runner.py:104} INFO - Running: ['***', 'tasks', 'run', 'sparking_flow', 'scala_job', 'manual__2024-12-09T18:54:07.794991+00:00', '--job-id', '601', '--raw', '--subdir', 'DAGS_FOLDER/spark_***.py', '--cfg-path', '/tmp/tmpnqwwctns']
[2024-12-09T18:54:10.872+0000] {standard_task_runner.py:105} INFO - Job 601: Subtask scala_job
[2024-12-09T18:54:10.941+0000] {task_command.py:467} INFO - Running <TaskInstance: sparking_flow.scala_job manual__2024-12-09T18:54:07.794991+00:00 [running]> on host 203ed93171f9
[2024-12-09T18:54:11.069+0000] {taskinstance.py:3132} INFO - Exporting env vars: AIRFLOW_CTX_DAG_OWNER='Yusuf Ganiyu' AIRFLOW_CTX_DAG_ID='sparking_flow' AIRFLOW_CTX_TASK_ID='scala_job' AIRFLOW_CTX_EXECUTION_DATE='2024-12-09T18:54:07.794991+00:00' AIRFLOW_CTX_TRY_NUMBER='1' AIRFLOW_CTX_DAG_RUN_ID='manual__2024-12-09T18:54:07.794991+00:00'
[2024-12-09T18:54:11.071+0000] {taskinstance.py:731} INFO - ::endgroup::
[2024-12-09T18:54:11.346+0000] {base.py:84} INFO - Retrieving connection 'spark-conn'
[2024-12-09T18:54:11.348+0000] {spark_submit.py:473} INFO - Spark-Submit cmd: spark-submit --master spark://sparkingflow-spark-master-1:7077 --name arrow-spark --deploy-mode client jobs/scala/target/scala-2.12/word-count_2.12-0.1.jar
[2024-12-09T18:54:15.785+0000] {spark_submit.py:634} INFO - 24/12/09 18:54:15 WARN NativeCodeLoader: Unable to load native-hadoop library for your platform... using builtin-java classes where applicable
[2024-12-09T18:54:16.516+0000] {spark_submit.py:634} INFO - 24/12/09 18:54:16 INFO SparkContext: Running Spark version 3.5.3
[2024-12-09T18:54:16.517+0000] {spark_submit.py:634} INFO - 24/12/09 18:54:16 INFO SparkContext: OS info Linux, 6.10.14-linuxkit, aarch64
[2024-12-09T18:54:16.518+0000] {spark_submit.py:634} INFO - 24/12/09 18:54:16 INFO SparkContext: Java version 17.0.13
[2024-12-09T18:54:16.573+0000] {spark_submit.py:634} INFO - 24/12/09 18:54:16 INFO ResourceUtils: ==============================================================
[2024-12-09T18:54:16.578+0000] {spark_submit.py:634} INFO - 24/12/09 18:54:16 INFO ResourceUtils: No custom resources configured for spark.driver.
[2024-12-09T18:54:16.584+0000] {spark_submit.py:634} INFO - 24/12/09 18:54:16 INFO ResourceUtils: ==============================================================
[2024-12-09T18:54:16.585+0000] {spark_submit.py:634} INFO - 24/12/09 18:54:16 INFO SparkContext: Submitted application: Word Count
[2024-12-09T18:54:16.638+0000] {spark_submit.py:634} INFO - 24/12/09 18:54:16 INFO ResourceProfile: Default ResourceProfile created, executor resources: Map(memory -> name: memory, amount: 1024, script: , vendor: , offHeap -> name: offHeap, amount: 0, script: , vendor: ), task resources: Map(cpus -> name: cpus, amount: 1.0)
[2024-12-09T18:54:16.665+0000] {spark_submit.py:634} INFO - 24/12/09 18:54:16 INFO ResourceProfile: Limiting resource is cpu
[2024-12-09T18:54:16.668+0000] {spark_submit.py:634} INFO - 24/12/09 18:54:16 INFO ResourceProfileManager: Added ResourceProfile id: 0
[2024-12-09T18:54:16.849+0000] {spark_submit.py:634} INFO - 24/12/09 18:54:16 INFO SecurityManager: Changing view acls to: root
[2024-12-09T18:54:16.854+0000] {spark_submit.py:634} INFO - 24/12/09 18:54:16 INFO SecurityManager: Changing modify acls to: root
[2024-12-09T18:54:16.856+0000] {spark_submit.py:634} INFO - 24/12/09 18:54:16 INFO SecurityManager: Changing view acls groups to:
[2024-12-09T18:54:16.858+0000] {spark_submit.py:634} INFO - 24/12/09 18:54:16 INFO SecurityManager: Changing modify acls groups to:
[2024-12-09T18:54:16.860+0000] {spark_submit.py:634} INFO - 24/12/09 18:54:16 INFO SecurityManager: SecurityManager: authentication disabled; ui acls disabled; users with view permissions: root; groups with view permissions: EMPTY; users with modify permissions: root; groups with modify permissions: EMPTY
[2024-12-09T18:54:17.422+0000] {spark_submit.py:634} INFO - 24/12/09 18:54:17 INFO Utils: Successfully started service 'sparkDriver' on port 34445.
[2024-12-09T18:54:17.493+0000] {spark_submit.py:634} INFO - 24/12/09 18:54:17 INFO SparkEnv: Registering MapOutputTracker
[2024-12-09T18:54:17.575+0000] {spark_submit.py:634} INFO - 24/12/09 18:54:17 INFO SparkEnv: Registering BlockManagerMaster
[2024-12-09T18:54:17.611+0000] {spark_submit.py:634} INFO - 24/12/09 18:54:17 INFO BlockManagerMasterEndpoint: Using org.apache.spark.storage.DefaultTopologyMapper for getting topology information
[2024-12-09T18:54:17.613+0000] {spark_submit.py:634} INFO - 24/12/09 18:54:17 INFO BlockManagerMasterEndpoint: BlockManagerMasterEndpoint up
[2024-12-09T18:54:17.621+0000] {spark_submit.py:634} INFO - 24/12/09 18:54:17 INFO SparkEnv: Registering BlockManagerMasterHeartbeat
[2024-12-09T18:54:17.650+0000] {spark_submit.py:634} INFO - 24/12/09 18:54:17 INFO DiskBlockManager: Created local directory at /tmp/blockmgr-63c19e7f-6d63-4bc3-ae52-3a5f9c6316f1
[2024-12-09T18:54:17.707+0000] {spark_submit.py:634} INFO - 24/12/09 18:54:17 INFO MemoryStore: MemoryStore started with capacity 434.4 MiB
[2024-12-09T18:54:17.733+0000] {spark_submit.py:634} INFO - 24/12/09 18:54:17 INFO SparkEnv: Registering OutputCommitCoordinator
[2024-12-09T18:54:17.959+0000] {spark_submit.py:634} INFO - 24/12/09 18:54:17 INFO JettyUtils: Start Jetty 0.0.0.0:4040 for SparkUI
[2024-12-09T18:54:18.072+0000] {spark_submit.py:634} INFO - 24/12/09 18:54:18 INFO Utils: Successfully started service 'SparkUI' on port 4040.
[2024-12-09T18:54:18.185+0000] {spark_submit.py:634} INFO - 24/12/09 18:54:18 INFO SparkContext: Added JAR file:/opt/***/jobs/scala/target/scala-2.12/word-count_2.12-0.1.jar at spark://203ed93171f9:34445/jars/word-count_2.12-0.1.jar with timestamp 1733770456496
[2024-12-09T18:54:18.446+0000] {spark_submit.py:634} INFO - 24/12/09 18:54:18 INFO StandaloneAppClient$ClientEndpoint: Connecting to master spark://spark-master:7077...
[2024-12-09T18:54:18.613+0000] {spark_submit.py:634} INFO - 24/12/09 18:54:18 INFO TransportClientFactory: Successfully created connection to spark-master/172.18.0.5:7077 after 75 ms (0 ms spent in bootstraps)
[2024-12-09T18:54:19.118+0000] {spark_submit.py:634} INFO - 24/12/09 18:54:19 INFO StandaloneSchedulerBackend: Connected to Spark cluster with app ID app-20241209185419-0000
[2024-12-09T18:54:19.134+0000] {spark_submit.py:634} INFO - 24/12/09 18:54:19 INFO Utils: Successfully started service 'org.apache.spark.network.netty.NettyBlockTransferService' on port 42219.
[2024-12-09T18:54:19.135+0000] {spark_submit.py:634} INFO - 24/12/09 18:54:19 INFO NettyBlockTransferService: Server created on 203ed93171f9:42219
[2024-12-09T18:54:19.137+0000] {spark_submit.py:634} INFO - 24/12/09 18:54:19 INFO BlockManager: Using org.apache.spark.storage.RandomBlockReplicationPolicy for block replication policy
[2024-12-09T18:54:19.144+0000] {spark_submit.py:634} INFO - 24/12/09 18:54:19 INFO BlockManagerMaster: Registering BlockManager BlockManagerId(driver, 203ed93171f9, 42219, None)
[2024-12-09T18:54:19.154+0000] {spark_submit.py:634} INFO - 24/12/09 18:54:19 INFO BlockManagerMasterEndpoint: Registering block manager 203ed93171f9:42219 with 434.4 MiB RAM, BlockManagerId(driver, 203ed93171f9, 42219, None)
[2024-12-09T18:54:19.169+0000] {spark_submit.py:634} INFO - 24/12/09 18:54:19 INFO BlockManagerMaster: Registered BlockManager BlockManagerId(driver, 203ed93171f9, 42219, None)
[2024-12-09T18:54:19.171+0000] {spark_submit.py:634} INFO - 24/12/09 18:54:19 INFO BlockManager: Initialized BlockManager: BlockManagerId(driver, 203ed93171f9, 42219, None)
[2024-12-09T18:54:19.174+0000] {spark_submit.py:634} INFO - 24/12/09 18:54:19 INFO StandaloneAppClient$ClientEndpoint: Executor added: app-20241209185419-0000/0 on worker-20241209185346-172.18.0.7-42607 (172.18.0.7:42607) with 2 core(s)
[2024-12-09T18:54:19.192+0000] {spark_submit.py:634} INFO - 24/12/09 18:54:19 INFO StandaloneSchedulerBackend: Granted executor ID app-20241209185419-0000/0 on hostPort 172.18.0.7:42607 with 2 core(s), 1024.0 MiB RAM
[2024-12-09T18:54:20.019+0000] {spark_submit.py:634} INFO - 24/12/09 18:54:20 INFO StandaloneAppClient$ClientEndpoint: Executor updated: app-20241209185419-0000/0 is now RUNNING
[2024-12-09T18:54:20.079+0000] {spark_submit.py:634} INFO - 24/12/09 18:54:20 INFO StandaloneSchedulerBackend: SchedulerBackend is ready for scheduling beginning after reached minRegisteredResourcesRatio: 0.0
[2024-12-09T18:54:22.016+0000] {spark_submit.py:634} INFO - 24/12/09 18:54:22 INFO SparkContext: Starting job: collect at wordcount.scala:14
[2024-12-09T18:54:23.564+0000] {spark_submit.py:634} INFO - 24/12/09 18:54:23 INFO DAGScheduler: Registering RDD 2 (map at wordcount.scala:11) as input to shuffle 0
[2024-12-09T18:54:23.578+0000] {spark_submit.py:634} INFO - 24/12/09 18:54:23 INFO DAGScheduler: Got job 0 (collect at wordcount.scala:14) with 2 output partitions
[2024-12-09T18:54:23.580+0000] {spark_submit.py:634} INFO - 24/12/09 18:54:23 INFO DAGScheduler: Final stage: ResultStage 1 (collect at wordcount.scala:14)
[2024-12-09T18:54:23.582+0000] {spark_submit.py:634} INFO - 24/12/09 18:54:23 INFO DAGScheduler: Parents of final stage: List(ShuffleMapStage 0)
[2024-12-09T18:54:23.582+0000] {spark_submit.py:634} INFO - 24/12/09 18:54:23 INFO DAGScheduler: Missing parents: List(ShuffleMapStage 0)
[2024-12-09T18:54:23.599+0000] {spark_submit.py:634} INFO - 24/12/09 18:54:23 INFO DAGScheduler: Submitting ShuffleMapStage 0 (MapPartitionsRDD[2] at map at wordcount.scala:11), which has no missing parents
[2024-12-09T18:54:23.927+0000] {spark_submit.py:634} INFO - 24/12/09 18:54:23 INFO MemoryStore: Block broadcast_0 stored as values in memory (estimated size 5.5 KiB, free 434.4 MiB)
[2024-12-09T18:54:24.012+0000] {spark_submit.py:634} INFO - 24/12/09 18:54:24 INFO MemoryStore: Block broadcast_0_piece0 stored as bytes in memory (estimated size 3.2 KiB, free 434.4 MiB)
[2024-12-09T18:54:24.034+0000] {spark_submit.py:634} INFO - 24/12/09 18:54:24 INFO BlockManagerInfo: Added broadcast_0_piece0 in memory on 203ed93171f9:42219 (size: 3.2 KiB, free: 434.4 MiB)
[2024-12-09T18:54:24.042+0000] {spark_submit.py:634} INFO - 24/12/09 18:54:24 INFO SparkContext: Created broadcast 0 from broadcast at DAGScheduler.scala:1585
[2024-12-09T18:54:24.086+0000] {spark_submit.py:634} INFO - 24/12/09 18:54:24 INFO DAGScheduler: Submitting 2 missing tasks from ShuffleMapStage 0 (MapPartitionsRDD[2] at map at wordcount.scala:11) (first 15 tasks are for partitions Vector(0, 1))
[2024-12-09T18:54:24.090+0000] {spark_submit.py:634} INFO - 24/12/09 18:54:24 INFO TaskSchedulerImpl: Adding task set 0.0 with 2 tasks resource profile 0
[2024-12-09T18:54:27.530+0000] {spark_submit.py:634} INFO - 24/12/09 18:54:27 INFO StandaloneSchedulerBackend$StandaloneDriverEndpoint: Registered executor NettyRpcEndpointRef(spark-client://Executor) (172.18.0.7:43066) with ID 0,  ResourceProfileId 0
[2024-12-09T18:54:27.642+0000] {spark_submit.py:634} INFO - 24/12/09 18:54:27 INFO BlockManagerMasterEndpoint: Registering block manager 172.18.0.7:33741 with 434.4 MiB RAM, BlockManagerId(0, 172.18.0.7, 33741, None)
[2024-12-09T18:54:27.859+0000] {spark_submit.py:634} INFO - 24/12/09 18:54:27 INFO TaskSetManager: Starting task 0.0 in stage 0.0 (TID 0) (172.18.0.7, executor 0, partition 0, PROCESS_LOCAL, 9198 bytes)
[2024-12-09T18:54:27.874+0000] {spark_submit.py:634} INFO - 24/12/09 18:54:27 INFO TaskSetManager: Starting task 1.0 in stage 0.0 (TID 1) (172.18.0.7, executor 0, partition 1, PROCESS_LOCAL, 9213 bytes)
[2024-12-09T18:54:28.325+0000] {spark_submit.py:634} INFO - 24/12/09 18:54:28 INFO BlockManagerInfo: Added broadcast_0_piece0 in memory on 172.18.0.7:33741 (size: 3.2 KiB, free: 434.4 MiB)
[2024-12-09T18:54:29.303+0000] {spark_submit.py:634} INFO - 24/12/09 18:54:29 INFO TaskSetManager: Finished task 0.0 in stage 0.0 (TID 0) in 1478 ms on 172.18.0.7 (executor 0) (1/2)
[2024-12-09T18:54:29.306+0000] {spark_submit.py:634} INFO - 24/12/09 18:54:29 INFO TaskSetManager: Finished task 1.0 in stage 0.0 (TID 1) in 1433 ms on 172.18.0.7 (executor 0) (2/2)
[2024-12-09T18:54:29.307+0000] {spark_submit.py:634} INFO - 24/12/09 18:54:29 INFO TaskSchedulerImpl: Removed TaskSet 0.0, whose tasks have all completed, from pool
[2024-12-09T18:54:29.329+0000] {spark_submit.py:634} INFO - 24/12/09 18:54:29 INFO DAGScheduler: ShuffleMapStage 0 (map at wordcount.scala:11) finished in 5.624 s
[2024-12-09T18:54:29.332+0000] {spark_submit.py:634} INFO - 24/12/09 18:54:29 INFO DAGScheduler: looking for newly runnable stages
[2024-12-09T18:54:29.335+0000] {spark_submit.py:634} INFO - 24/12/09 18:54:29 INFO DAGScheduler: running: Set()
[2024-12-09T18:54:29.339+0000] {spark_submit.py:634} INFO - 24/12/09 18:54:29 INFO DAGScheduler: waiting: Set(ResultStage 1)
[2024-12-09T18:54:29.340+0000] {spark_submit.py:634} INFO - 24/12/09 18:54:29 INFO DAGScheduler: failed: Set()
[2024-12-09T18:54:29.344+0000] {spark_submit.py:634} INFO - 24/12/09 18:54:29 INFO DAGScheduler: Submitting ResultStage 1 (ShuffledRDD[3] at reduceByKey at wordcount.scala:12), which has no missing parents
[2024-12-09T18:54:29.373+0000] {spark_submit.py:634} INFO - 24/12/09 18:54:29 INFO MemoryStore: Block broadcast_1 stored as values in memory (estimated size 5.2 KiB, free 434.4 MiB)
[2024-12-09T18:54:29.408+0000] {spark_submit.py:634} INFO - 24/12/09 18:54:29 INFO MemoryStore: Block broadcast_1_piece0 stored as bytes in memory (estimated size 3.1 KiB, free 434.4 MiB)
[2024-12-09T18:54:29.409+0000] {spark_submit.py:634} INFO - 24/12/09 18:54:29 INFO BlockManagerInfo: Added broadcast_1_piece0 in memory on 203ed93171f9:42219 (size: 3.1 KiB, free: 434.4 MiB)
[2024-12-09T18:54:29.414+0000] {spark_submit.py:634} INFO - 24/12/09 18:54:29 INFO SparkContext: Created broadcast 1 from broadcast at DAGScheduler.scala:1585
[2024-12-09T18:54:29.416+0000] {spark_submit.py:634} INFO - 24/12/09 18:54:29 INFO DAGScheduler: Submitting 2 missing tasks from ResultStage 1 (ShuffledRDD[3] at reduceByKey at wordcount.scala:12) (first 15 tasks are for partitions Vector(0, 1))
[2024-12-09T18:54:29.416+0000] {spark_submit.py:634} INFO - 24/12/09 18:54:29 INFO TaskSchedulerImpl: Adding task set 1.0 with 2 tasks resource profile 0
[2024-12-09T18:54:29.455+0000] {spark_submit.py:634} INFO - 24/12/09 18:54:29 INFO TaskSetManager: Starting task 0.0 in stage 1.0 (TID 2) (172.18.0.7, executor 0, partition 0, NODE_LOCAL, 9003 bytes)
[2024-12-09T18:54:29.464+0000] {spark_submit.py:634} INFO - 24/12/09 18:54:29 INFO TaskSetManager: Starting task 1.0 in stage 1.0 (TID 3) (172.18.0.7, executor 0, partition 1, NODE_LOCAL, 9003 bytes)
[2024-12-09T18:54:29.600+0000] {spark_submit.py:634} INFO - 24/12/09 18:54:29 INFO BlockManagerInfo: Removed broadcast_0_piece0 on 203ed93171f9:42219 in memory (size: 3.2 KiB, free: 434.4 MiB)
[2024-12-09T18:54:29.608+0000] {spark_submit.py:634} INFO - 24/12/09 18:54:29 INFO BlockManagerInfo: Removed broadcast_0_piece0 on 172.18.0.7:33741 in memory (size: 3.2 KiB, free: 434.4 MiB)
[2024-12-09T18:54:29.615+0000] {spark_submit.py:634} INFO - 24/12/09 18:54:29 INFO BlockManagerInfo: Added broadcast_1_piece0 in memory on 172.18.0.7:33741 (size: 3.1 KiB, free: 434.4 MiB)
[2024-12-09T18:54:29.723+0000] {spark_submit.py:634} INFO - 24/12/09 18:54:29 INFO MapOutputTrackerMasterEndpoint: Asked to send map output locations for shuffle 0 to 172.18.0.7:43066
[2024-12-09T18:54:30.141+0000] {spark_submit.py:634} INFO - 24/12/09 18:54:30 INFO TaskSetManager: Finished task 1.0 in stage 1.0 (TID 3) in 685 ms on 172.18.0.7 (executor 0) (1/2)
[2024-12-09T18:54:30.170+0000] {spark_submit.py:634} INFO - 24/12/09 18:54:30 INFO TaskSetManager: Finished task 0.0 in stage 1.0 (TID 2) in 721 ms on 172.18.0.7 (executor 0) (2/2)
[2024-12-09T18:54:30.175+0000] {spark_submit.py:634} INFO - 24/12/09 18:54:30 INFO TaskSchedulerImpl: Removed TaskSet 1.0, whose tasks have all completed, from pool
[2024-12-09T18:54:30.188+0000] {spark_submit.py:634} INFO - 24/12/09 18:54:30 INFO DAGScheduler: ResultStage 1 (collect at wordcount.scala:14) finished in 0.807 s
[2024-12-09T18:54:30.207+0000] {spark_submit.py:634} INFO - 24/12/09 18:54:30 INFO DAGScheduler: Job 0 is finished. Cancelling potential speculative or zombie tasks for this job
[2024-12-09T18:54:30.224+0000] {spark_submit.py:634} INFO - 24/12/09 18:54:30 INFO TaskSchedulerImpl: Killing all running tasks in stage 1: Stage finished
[2024-12-09T18:54:30.227+0000] {spark_submit.py:634} INFO - 24/12/09 18:54:30 INFO DAGScheduler: Job 0 finished: collect at wordcount.scala:14, took 8.204355 s
[2024-12-09T18:54:30.238+0000] {spark_submit.py:634} INFO - (Hello,5)
[2024-12-09T18:54:30.239+0000] {spark_submit.py:634} INFO - (Yusuf,1)
[2024-12-09T18:54:30.242+0000] {spark_submit.py:634} INFO - (World,1)
[2024-12-09T18:54:30.242+0000] {spark_submit.py:634} INFO - (Scala,1)
[2024-12-09T18:54:30.244+0000] {spark_submit.py:634} INFO - (Docker,1)
[2024-12-09T18:54:30.244+0000] {spark_submit.py:634} INFO - (spark,1)
[2024-12-09T18:54:30.245+0000] {spark_submit.py:634} INFO - 24/12/09 18:54:30 INFO SparkContext: SparkContext is stopping with exitCode 0.
[2024-12-09T18:54:30.284+0000] {spark_submit.py:634} INFO - 24/12/09 18:54:30 INFO SparkUI: Stopped Spark web UI at http://203ed93171f9:4040
[2024-12-09T18:54:30.298+0000] {spark_submit.py:634} INFO - 24/12/09 18:54:30 INFO StandaloneSchedulerBackend: Shutting down all executors
[2024-12-09T18:54:30.299+0000] {spark_submit.py:634} INFO - 24/12/09 18:54:30 INFO StandaloneSchedulerBackend$StandaloneDriverEndpoint: Asking each executor to shut down
[2024-12-09T18:54:30.375+0000] {spark_submit.py:634} INFO - 24/12/09 18:54:30 INFO MapOutputTrackerMasterEndpoint: MapOutputTrackerMasterEndpoint stopped!
[2024-12-09T18:54:30.431+0000] {spark_submit.py:634} INFO - 24/12/09 18:54:30 INFO MemoryStore: MemoryStore cleared
[2024-12-09T18:54:30.432+0000] {spark_submit.py:634} INFO - 24/12/09 18:54:30 INFO BlockManager: BlockManager stopped
[2024-12-09T18:54:30.433+0000] {spark_submit.py:634} INFO - 24/12/09 18:54:30 INFO BlockManagerMaster: BlockManagerMaster stopped
[2024-12-09T18:54:30.437+0000] {spark_submit.py:634} INFO - 24/12/09 18:54:30 INFO OutputCommitCoordinator$OutputCommitCoordinatorEndpoint: OutputCommitCoordinator stopped!
[2024-12-09T18:54:30.519+0000] {spark_submit.py:634} INFO - 24/12/09 18:54:30 INFO SparkContext: Successfully stopped SparkContext
[2024-12-09T18:54:30.527+0000] {spark_submit.py:634} INFO - 24/12/09 18:54:30 INFO ShutdownHookManager: Shutdown hook called
[2024-12-09T18:54:30.535+0000] {spark_submit.py:634} INFO - 24/12/09 18:54:30 INFO ShutdownHookManager: Deleting directory /tmp/spark-0cc6ff6a-9068-40e6-9b51-47701c70e556
[2024-12-09T18:54:30.555+0000] {spark_submit.py:634} INFO - 24/12/09 18:54:30 INFO ShutdownHookManager: Deleting directory /tmp/spark-4e09ded3-a7c6-4f50-a94d-55f14f099f14
[2024-12-09T18:54:30.735+0000] {taskinstance.py:340} INFO - ::group::Post task execution logs
[2024-12-09T18:54:30.741+0000] {taskinstance.py:352} INFO - Marking task as SUCCESS. dag_id=sparking_flow, task_id=scala_job, run_id=manual__2024-12-09T18:54:07.794991+00:00, execution_date=20241209T185407, start_date=20241209T185410, end_date=20241209T185430
[2024-12-09T18:54:30.830+0000] {local_task_job_runner.py:266} INFO - Task exited with return code 0
[2024-12-09T18:54:30.924+0000] {standard_task_runner.py:217} INFO - Process not found (most likely exited), stop collecting metrics
[2024-12-09T18:54:30.927+0000] {taskinstance.py:3895} INFO - 0 downstream tasks scheduled from follow-on schedule check
[2024-12-09T18:54:30.929+0000] {local_task_job_runner.py:245} INFO - ::endgroup::
