[2024-12-02T21:07:54.517+0000] {local_task_job_runner.py:123} INFO - ::group::Pre task execution logs
[2024-12-02T21:07:54.534+0000] {taskinstance.py:2613} INFO - Dependencies all met for dep_context=non-requeueable deps ti=<TaskInstance: sparking_flow.scala_job manual__2024-12-02T21:07:52.448110+00:00 [queued]>
[2024-12-02T21:07:54.542+0000] {taskinstance.py:2613} INFO - Dependencies all met for dep_context=requeueable deps ti=<TaskInstance: sparking_flow.scala_job manual__2024-12-02T21:07:52.448110+00:00 [queued]>
[2024-12-02T21:07:54.542+0000] {taskinstance.py:2866} INFO - Starting attempt 1 of 1
[2024-12-02T21:07:54.555+0000] {taskinstance.py:2889} INFO - Executing <Task(SparkSubmitOperator): scala_job> on 2024-12-02 21:07:52.448110+00:00
[2024-12-02T21:07:54.562+0000] {logging_mixin.py:190} WARNING - /home/***/.local/lib/python3.12/site-packages/***/task/task_runner/standard_task_runner.py:70 DeprecationWarning: This process (pid=1059) is multi-threaded, use of fork() may lead to deadlocks in the child.
[2024-12-02T21:07:54.562+0000] {standard_task_runner.py:104} INFO - Running: ['***', 'tasks', 'run', 'sparking_flow', 'scala_job', 'manual__2024-12-02T21:07:52.448110+00:00', '--job-id', '45', '--raw', '--subdir', 'DAGS_FOLDER/spark_***.py', '--cfg-path', '/tmp/tmpb89hgh72']
[2024-12-02T21:07:54.565+0000] {standard_task_runner.py:72} INFO - Started process 1061 to run task
[2024-12-02T21:07:54.566+0000] {standard_task_runner.py:105} INFO - Job 45: Subtask scala_job
[2024-12-02T21:07:54.616+0000] {task_command.py:467} INFO - Running <TaskInstance: sparking_flow.scala_job manual__2024-12-02T21:07:52.448110+00:00 [running]> on host 53f207c7dacd
[2024-12-02T21:07:54.689+0000] {taskinstance.py:3132} INFO - Exporting env vars: AIRFLOW_CTX_DAG_OWNER='Yusuf Ganiyu' AIRFLOW_CTX_DAG_ID='sparking_flow' AIRFLOW_CTX_TASK_ID='scala_job' AIRFLOW_CTX_EXECUTION_DATE='2024-12-02T21:07:52.448110+00:00' AIRFLOW_CTX_TRY_NUMBER='1' AIRFLOW_CTX_DAG_RUN_ID='manual__2024-12-02T21:07:52.448110+00:00'
[2024-12-02T21:07:54.690+0000] {taskinstance.py:731} INFO - ::endgroup::
[2024-12-02T21:07:54.715+0000] {base.py:84} INFO - Retrieving connection 'spark-conn'
[2024-12-02T21:07:54.718+0000] {spark_submit.py:473} INFO - Spark-Submit cmd: spark-submit --master spark://localhost/:7077 --name arrow-spark --deploy-mode client jobs/scala/target/scala-2.12/word-count_2.12-0.1.jar
[2024-12-02T21:07:57.851+0000] {spark_submit.py:634} INFO - 24/12/02 21:07:57 WARN NativeCodeLoader: Unable to load native-hadoop library for your platform... using builtin-java classes where applicable
[2024-12-02T21:07:58.268+0000] {spark_submit.py:634} INFO - 24/12/02 21:07:58 INFO SparkContext: Running Spark version 3.5.3
[2024-12-02T21:07:58.269+0000] {spark_submit.py:634} INFO - 24/12/02 21:07:58 INFO SparkContext: OS info Linux, 6.6.31-linuxkit, aarch64
[2024-12-02T21:07:58.272+0000] {spark_submit.py:634} INFO - 24/12/02 21:07:58 INFO SparkContext: Java version 17.0.13
[2024-12-02T21:07:58.317+0000] {spark_submit.py:634} INFO - 24/12/02 21:07:58 INFO ResourceUtils: ==============================================================
[2024-12-02T21:07:58.321+0000] {spark_submit.py:634} INFO - 24/12/02 21:07:58 INFO ResourceUtils: No custom resources configured for spark.driver.
[2024-12-02T21:07:58.323+0000] {spark_submit.py:634} INFO - 24/12/02 21:07:58 INFO ResourceUtils: ==============================================================
[2024-12-02T21:07:58.324+0000] {spark_submit.py:634} INFO - 24/12/02 21:07:58 INFO SparkContext: Submitted application: Word Count
[2024-12-02T21:07:58.360+0000] {spark_submit.py:634} INFO - 24/12/02 21:07:58 INFO ResourceProfile: Default ResourceProfile created, executor resources: Map(memory -> name: memory, amount: 1024, script: , vendor: , offHeap -> name: offHeap, amount: 0, script: , vendor: ), task resources: Map(cpus -> name: cpus, amount: 1.0)
[2024-12-02T21:07:58.372+0000] {spark_submit.py:634} INFO - 24/12/02 21:07:58 INFO ResourceProfile: Limiting resource is cpu
[2024-12-02T21:07:58.374+0000] {spark_submit.py:634} INFO - 24/12/02 21:07:58 INFO ResourceProfileManager: Added ResourceProfile id: 0
[2024-12-02T21:07:58.441+0000] {spark_submit.py:634} INFO - 24/12/02 21:07:58 INFO SecurityManager: Changing view acls to: ***
[2024-12-02T21:07:58.442+0000] {spark_submit.py:634} INFO - 24/12/02 21:07:58 INFO SecurityManager: Changing modify acls to: ***
[2024-12-02T21:07:58.443+0000] {spark_submit.py:634} INFO - 24/12/02 21:07:58 INFO SecurityManager: Changing view acls groups to:
[2024-12-02T21:07:58.444+0000] {spark_submit.py:634} INFO - 24/12/02 21:07:58 INFO SecurityManager: Changing modify acls groups to:
[2024-12-02T21:07:58.444+0000] {spark_submit.py:634} INFO - 24/12/02 21:07:58 INFO SecurityManager: SecurityManager: authentication disabled; ui acls disabled; users with view permissions: ***; groups with view permissions: EMPTY; users with modify permissions: ***; groups with modify permissions: EMPTY
[2024-12-02T21:07:58.685+0000] {spark_submit.py:634} INFO - 24/12/02 21:07:58 INFO Utils: Successfully started service 'sparkDriver' on port 35849.
[2024-12-02T21:07:58.731+0000] {spark_submit.py:634} INFO - 24/12/02 21:07:58 INFO SparkEnv: Registering MapOutputTracker
[2024-12-02T21:07:58.790+0000] {spark_submit.py:634} INFO - 24/12/02 21:07:58 INFO SparkEnv: Registering BlockManagerMaster
[2024-12-02T21:07:58.803+0000] {spark_submit.py:634} INFO - 24/12/02 21:07:58 INFO BlockManagerMasterEndpoint: Using org.apache.spark.storage.DefaultTopologyMapper for getting topology information
[2024-12-02T21:07:58.804+0000] {spark_submit.py:634} INFO - 24/12/02 21:07:58 INFO BlockManagerMasterEndpoint: BlockManagerMasterEndpoint up
[2024-12-02T21:07:58.823+0000] {spark_submit.py:634} INFO - 24/12/02 21:07:58 INFO SparkEnv: Registering BlockManagerMasterHeartbeat
[2024-12-02T21:07:58.859+0000] {spark_submit.py:634} INFO - 24/12/02 21:07:58 INFO DiskBlockManager: Created local directory at /tmp/blockmgr-e1db991d-b894-4f32-8c15-10e18519d758
[2024-12-02T21:07:58.877+0000] {spark_submit.py:634} INFO - 24/12/02 21:07:58 INFO MemoryStore: MemoryStore started with capacity 434.4 MiB
[2024-12-02T21:07:58.902+0000] {spark_submit.py:634} INFO - 24/12/02 21:07:58 INFO SparkEnv: Registering OutputCommitCoordinator
[2024-12-02T21:07:59.063+0000] {spark_submit.py:634} INFO - 24/12/02 21:07:59 INFO JettyUtils: Start Jetty 0.0.0.0:4040 for SparkUI
[2024-12-02T21:07:59.146+0000] {spark_submit.py:634} INFO - 24/12/02 21:07:59 WARN Utils: Service 'SparkUI' could not bind on port 4040. Attempting port 4041.
[2024-12-02T21:07:59.162+0000] {spark_submit.py:634} INFO - 24/12/02 21:07:59 INFO Utils: Successfully started service 'SparkUI' on port 4041.
[2024-12-02T21:07:59.213+0000] {spark_submit.py:634} INFO - 24/12/02 21:07:59 INFO SparkContext: Added JAR file:/opt/***/jobs/scala/target/scala-2.12/word-count_2.12-0.1.jar at spark://53f207c7dacd:35849/jars/word-count_2.12-0.1.jar with timestamp 1733173678254
[2024-12-02T21:07:59.331+0000] {spark_submit.py:634} INFO - 24/12/02 21:07:59 INFO StandaloneAppClient$ClientEndpoint: Connecting to master spark://spark-master:7077...
[2024-12-02T21:07:59.388+0000] {spark_submit.py:634} INFO - 24/12/02 21:07:59 INFO TransportClientFactory: Successfully created connection to spark-master/172.18.0.2:7077 after 28 ms (0 ms spent in bootstraps)
[2024-12-02T21:07:59.568+0000] {spark_submit.py:634} INFO - 24/12/02 21:07:59 INFO StandaloneSchedulerBackend: Connected to Spark cluster with app ID app-20241202210759-0002
[2024-12-02T21:07:59.580+0000] {spark_submit.py:634} INFO - 24/12/02 21:07:59 INFO StandaloneAppClient$ClientEndpoint: Executor added: app-20241202210759-0002/0 on worker-20241202210502-172.18.0.5-43523 (172.18.0.5:43523) with 2 core(s)
[2024-12-02T21:07:59.586+0000] {spark_submit.py:634} INFO - 24/12/02 21:07:59 INFO StandaloneSchedulerBackend: Granted executor ID app-20241202210759-0002/0 on hostPort 172.18.0.5:43523 with 2 core(s), 1024.0 MiB RAM
[2024-12-02T21:07:59.613+0000] {spark_submit.py:634} INFO - 24/12/02 21:07:59 INFO Utils: Successfully started service 'org.apache.spark.network.netty.NettyBlockTransferService' on port 39835.
[2024-12-02T21:07:59.615+0000] {spark_submit.py:634} INFO - 24/12/02 21:07:59 INFO NettyBlockTransferService: Server created on 53f207c7dacd:39835
[2024-12-02T21:07:59.625+0000] {spark_submit.py:634} INFO - 24/12/02 21:07:59 INFO BlockManager: Using org.apache.spark.storage.RandomBlockReplicationPolicy for block replication policy
[2024-12-02T21:07:59.642+0000] {spark_submit.py:634} INFO - 24/12/02 21:07:59 INFO BlockManagerMaster: Registering BlockManager BlockManagerId(driver, 53f207c7dacd, 39835, None)
[2024-12-02T21:07:59.654+0000] {spark_submit.py:634} INFO - 24/12/02 21:07:59 INFO BlockManagerMasterEndpoint: Registering block manager 53f207c7dacd:39835 with 434.4 MiB RAM, BlockManagerId(driver, 53f207c7dacd, 39835, None)
[2024-12-02T21:07:59.661+0000] {spark_submit.py:634} INFO - 24/12/02 21:07:59 INFO BlockManagerMaster: Registered BlockManager BlockManagerId(driver, 53f207c7dacd, 39835, None)
[2024-12-02T21:07:59.668+0000] {spark_submit.py:634} INFO - 24/12/02 21:07:59 INFO BlockManager: Initialized BlockManager: BlockManagerId(driver, 53f207c7dacd, 39835, None)
[2024-12-02T21:07:59.754+0000] {spark_submit.py:634} INFO - 24/12/02 21:07:59 INFO StandaloneAppClient$ClientEndpoint: Executor updated: app-20241202210759-0002/0 is now RUNNING
[2024-12-02T21:08:00.081+0000] {spark_submit.py:634} INFO - 24/12/02 21:08:00 INFO StandaloneSchedulerBackend: SchedulerBackend is ready for scheduling beginning after reached minRegisteredResourcesRatio: 0.0
[2024-12-02T21:08:01.289+0000] {spark_submit.py:634} INFO - 24/12/02 21:08:01 INFO SparkContext: Starting job: collect at wordcount.scala:14
[2024-12-02T21:08:01.862+0000] {spark_submit.py:634} INFO - 24/12/02 21:08:01 INFO DAGScheduler: Registering RDD 2 (map at wordcount.scala:11) as input to shuffle 0
[2024-12-02T21:08:01.874+0000] {spark_submit.py:634} INFO - 24/12/02 21:08:01 INFO DAGScheduler: Got job 0 (collect at wordcount.scala:14) with 2 output partitions
[2024-12-02T21:08:01.875+0000] {spark_submit.py:634} INFO - 24/12/02 21:08:01 INFO DAGScheduler: Final stage: ResultStage 1 (collect at wordcount.scala:14)
[2024-12-02T21:08:01.876+0000] {spark_submit.py:634} INFO - 24/12/02 21:08:01 INFO DAGScheduler: Parents of final stage: List(ShuffleMapStage 0)
[2024-12-02T21:08:01.878+0000] {spark_submit.py:634} INFO - 24/12/02 21:08:01 INFO DAGScheduler: Missing parents: List(ShuffleMapStage 0)
[2024-12-02T21:08:01.889+0000] {spark_submit.py:634} INFO - 24/12/02 21:08:01 INFO DAGScheduler: Submitting ShuffleMapStage 0 (MapPartitionsRDD[2] at map at wordcount.scala:11), which has no missing parents
[2024-12-02T21:08:02.038+0000] {spark_submit.py:634} INFO - 24/12/02 21:08:02 INFO MemoryStore: Block broadcast_0 stored as values in memory (estimated size 5.5 KiB, free 434.4 MiB)
[2024-12-02T21:08:02.087+0000] {spark_submit.py:634} INFO - 24/12/02 21:08:02 INFO MemoryStore: Block broadcast_0_piece0 stored as bytes in memory (estimated size 3.2 KiB, free 434.4 MiB)
[2024-12-02T21:08:02.091+0000] {spark_submit.py:634} INFO - 24/12/02 21:08:02 INFO BlockManagerInfo: Added broadcast_0_piece0 in memory on 53f207c7dacd:39835 (size: 3.2 KiB, free: 434.4 MiB)
[2024-12-02T21:08:02.098+0000] {spark_submit.py:634} INFO - 24/12/02 21:08:02 INFO SparkContext: Created broadcast 0 from broadcast at DAGScheduler.scala:1585
[2024-12-02T21:08:02.131+0000] {spark_submit.py:634} INFO - 24/12/02 21:08:02 INFO DAGScheduler: Submitting 2 missing tasks from ShuffleMapStage 0 (MapPartitionsRDD[2] at map at wordcount.scala:11) (first 15 tasks are for partitions Vector(0, 1))
[2024-12-02T21:08:02.132+0000] {spark_submit.py:634} INFO - 24/12/02 21:08:02 INFO TaskSchedulerImpl: Adding task set 0.0 with 2 tasks resource profile 0
[2024-12-02T21:08:03.677+0000] {spark_submit.py:634} INFO - 24/12/02 21:08:03 INFO StandaloneSchedulerBackend$StandaloneDriverEndpoint: Registered executor NettyRpcEndpointRef(spark-client://Executor) (172.18.0.5:54312) with ID 0,  ResourceProfileId 0
[2024-12-02T21:08:03.743+0000] {spark_submit.py:634} INFO - 24/12/02 21:08:03 INFO BlockManagerMasterEndpoint: Registering block manager 172.18.0.5:43955 with 434.4 MiB RAM, BlockManagerId(0, 172.18.0.5, 43955, None)
[2024-12-02T21:08:03.859+0000] {spark_submit.py:634} INFO - 24/12/02 21:08:03 INFO TaskSetManager: Starting task 0.0 in stage 0.0 (TID 0) (172.18.0.5, executor 0, partition 0, PROCESS_LOCAL, 9198 bytes)
[2024-12-02T21:08:03.864+0000] {spark_submit.py:634} INFO - 24/12/02 21:08:03 INFO TaskSetManager: Starting task 1.0 in stage 0.0 (TID 1) (172.18.0.5, executor 0, partition 1, PROCESS_LOCAL, 9213 bytes)
[2024-12-02T21:08:04.098+0000] {spark_submit.py:634} INFO - 24/12/02 21:08:04 INFO BlockManagerInfo: Added broadcast_0_piece0 in memory on 172.18.0.5:43955 (size: 3.2 KiB, free: 434.4 MiB)
[2024-12-02T21:08:04.530+0000] {spark_submit.py:634} INFO - 24/12/02 21:08:04 INFO TaskSetManager: Finished task 0.0 in stage 0.0 (TID 0) in 689 ms on 172.18.0.5 (executor 0) (1/2)
[2024-12-02T21:08:04.532+0000] {spark_submit.py:634} INFO - 24/12/02 21:08:04 INFO TaskSetManager: Finished task 1.0 in stage 0.0 (TID 1) in 669 ms on 172.18.0.5 (executor 0) (2/2)
[2024-12-02T21:08:04.533+0000] {spark_submit.py:634} INFO - 24/12/02 21:08:04 INFO TaskSchedulerImpl: Removed TaskSet 0.0, whose tasks have all completed, from pool
[2024-12-02T21:08:04.539+0000] {spark_submit.py:634} INFO - 24/12/02 21:08:04 INFO DAGScheduler: ShuffleMapStage 0 (map at wordcount.scala:11) finished in 2.602 s
[2024-12-02T21:08:04.542+0000] {spark_submit.py:634} INFO - 24/12/02 21:08:04 INFO DAGScheduler: looking for newly runnable stages
[2024-12-02T21:08:04.542+0000] {spark_submit.py:634} INFO - 24/12/02 21:08:04 INFO DAGScheduler: running: Set()
[2024-12-02T21:08:04.543+0000] {spark_submit.py:634} INFO - 24/12/02 21:08:04 INFO DAGScheduler: waiting: Set(ResultStage 1)
[2024-12-02T21:08:04.543+0000] {spark_submit.py:634} INFO - 24/12/02 21:08:04 INFO DAGScheduler: failed: Set()
[2024-12-02T21:08:04.544+0000] {spark_submit.py:634} INFO - 24/12/02 21:08:04 INFO DAGScheduler: Submitting ResultStage 1 (ShuffledRDD[3] at reduceByKey at wordcount.scala:12), which has no missing parents
[2024-12-02T21:08:04.552+0000] {spark_submit.py:634} INFO - 24/12/02 21:08:04 INFO MemoryStore: Block broadcast_1 stored as values in memory (estimated size 5.2 KiB, free 434.4 MiB)
[2024-12-02T21:08:04.555+0000] {spark_submit.py:634} INFO - 24/12/02 21:08:04 INFO MemoryStore: Block broadcast_1_piece0 stored as bytes in memory (estimated size 3.1 KiB, free 434.4 MiB)
[2024-12-02T21:08:04.556+0000] {spark_submit.py:634} INFO - 24/12/02 21:08:04 INFO BlockManagerInfo: Added broadcast_1_piece0 in memory on 53f207c7dacd:39835 (size: 3.1 KiB, free: 434.4 MiB)
[2024-12-02T21:08:04.557+0000] {spark_submit.py:634} INFO - 24/12/02 21:08:04 INFO SparkContext: Created broadcast 1 from broadcast at DAGScheduler.scala:1585
[2024-12-02T21:08:04.559+0000] {spark_submit.py:634} INFO - 24/12/02 21:08:04 INFO DAGScheduler: Submitting 2 missing tasks from ResultStage 1 (ShuffledRDD[3] at reduceByKey at wordcount.scala:12) (first 15 tasks are for partitions Vector(0, 1))
[2024-12-02T21:08:04.560+0000] {spark_submit.py:634} INFO - 24/12/02 21:08:04 INFO TaskSchedulerImpl: Adding task set 1.0 with 2 tasks resource profile 0
[2024-12-02T21:08:04.567+0000] {spark_submit.py:634} INFO - 24/12/02 21:08:04 INFO TaskSetManager: Starting task 0.0 in stage 1.0 (TID 2) (172.18.0.5, executor 0, partition 0, NODE_LOCAL, 9003 bytes)
[2024-12-02T21:08:04.568+0000] {spark_submit.py:634} INFO - 24/12/02 21:08:04 INFO TaskSetManager: Starting task 1.0 in stage 1.0 (TID 3) (172.18.0.5, executor 0, partition 1, NODE_LOCAL, 9003 bytes)
[2024-12-02T21:08:04.602+0000] {spark_submit.py:634} INFO - 24/12/02 21:08:04 INFO BlockManagerInfo: Added broadcast_1_piece0 in memory on 172.18.0.5:43955 (size: 3.1 KiB, free: 434.4 MiB)
[2024-12-02T21:08:04.665+0000] {spark_submit.py:634} INFO - 24/12/02 21:08:04 INFO MapOutputTrackerMasterEndpoint: Asked to send map output locations for shuffle 0 to 172.18.0.5:54312
[2024-12-02T21:08:05.112+0000] {spark_submit.py:634} INFO - 24/12/02 21:08:05 INFO TaskSetManager: Finished task 0.0 in stage 1.0 (TID 2) in 546 ms on 172.18.0.5 (executor 0) (1/2)
[2024-12-02T21:08:05.116+0000] {spark_submit.py:634} INFO - 24/12/02 21:08:05 INFO TaskSetManager: Finished task 1.0 in stage 1.0 (TID 3) in 545 ms on 172.18.0.5 (executor 0) (2/2)
[2024-12-02T21:08:05.117+0000] {spark_submit.py:634} INFO - 24/12/02 21:08:05 INFO TaskSchedulerImpl: Removed TaskSet 1.0, whose tasks have all completed, from pool
[2024-12-02T21:08:05.119+0000] {spark_submit.py:634} INFO - 24/12/02 21:08:05 INFO DAGScheduler: ResultStage 1 (collect at wordcount.scala:14) finished in 0.569 s
[2024-12-02T21:08:05.131+0000] {spark_submit.py:634} INFO - 24/12/02 21:08:05 INFO DAGScheduler: Job 0 is finished. Cancelling potential speculative or zombie tasks for this job
[2024-12-02T21:08:05.133+0000] {spark_submit.py:634} INFO - 24/12/02 21:08:05 INFO TaskSchedulerImpl: Killing all running tasks in stage 1: Stage finished
[2024-12-02T21:08:05.134+0000] {spark_submit.py:634} INFO - 24/12/02 21:08:05 INFO DAGScheduler: Job 0 finished: collect at wordcount.scala:14, took 3.848623 s
[2024-12-02T21:08:05.143+0000] {spark_submit.py:634} INFO - (Hello,5)
[2024-12-02T21:08:05.144+0000] {spark_submit.py:634} INFO - (Yusuf,1)
[2024-12-02T21:08:05.145+0000] {spark_submit.py:634} INFO - (World,1)
[2024-12-02T21:08:05.146+0000] {spark_submit.py:634} INFO - (Scala,1)
[2024-12-02T21:08:05.149+0000] {spark_submit.py:634} INFO - (Docker,1)
[2024-12-02T21:08:05.150+0000] {spark_submit.py:634} INFO - (spark,1)
[2024-12-02T21:08:05.151+0000] {spark_submit.py:634} INFO - 24/12/02 21:08:05 INFO SparkContext: SparkContext is stopping with exitCode 0.
[2024-12-02T21:08:05.164+0000] {spark_submit.py:634} INFO - 24/12/02 21:08:05 INFO SparkUI: Stopped Spark web UI at http://53f207c7dacd:4041
[2024-12-02T21:08:05.170+0000] {spark_submit.py:634} INFO - 24/12/02 21:08:05 INFO StandaloneSchedulerBackend: Shutting down all executors
[2024-12-02T21:08:05.171+0000] {spark_submit.py:634} INFO - 24/12/02 21:08:05 INFO StandaloneSchedulerBackend$StandaloneDriverEndpoint: Asking each executor to shut down
[2024-12-02T21:08:05.203+0000] {spark_submit.py:634} INFO - 24/12/02 21:08:05 INFO MapOutputTrackerMasterEndpoint: MapOutputTrackerMasterEndpoint stopped!
[2024-12-02T21:08:05.240+0000] {spark_submit.py:634} INFO - 24/12/02 21:08:05 INFO MemoryStore: MemoryStore cleared
[2024-12-02T21:08:05.241+0000] {spark_submit.py:634} INFO - 24/12/02 21:08:05 INFO BlockManager: BlockManager stopped
[2024-12-02T21:08:05.253+0000] {spark_submit.py:634} INFO - 24/12/02 21:08:05 INFO BlockManagerMaster: BlockManagerMaster stopped
[2024-12-02T21:08:05.258+0000] {spark_submit.py:634} INFO - 24/12/02 21:08:05 INFO OutputCommitCoordinator$OutputCommitCoordinatorEndpoint: OutputCommitCoordinator stopped!
[2024-12-02T21:08:05.275+0000] {spark_submit.py:634} INFO - 24/12/02 21:08:05 INFO SparkContext: Successfully stopped SparkContext
[2024-12-02T21:08:05.278+0000] {spark_submit.py:634} INFO - 24/12/02 21:08:05 INFO ShutdownHookManager: Shutdown hook called
[2024-12-02T21:08:05.279+0000] {spark_submit.py:634} INFO - 24/12/02 21:08:05 INFO ShutdownHookManager: Deleting directory /tmp/spark-5aaa8bc3-603d-4564-a403-61f9cc3ab7d9
[2024-12-02T21:08:05.284+0000] {spark_submit.py:634} INFO - 24/12/02 21:08:05 INFO ShutdownHookManager: Deleting directory /tmp/spark-4f80d739-191e-44cc-9e37-09bb70c37da2
[2024-12-02T21:08:05.387+0000] {taskinstance.py:340} INFO - ::group::Post task execution logs
[2024-12-02T21:08:05.388+0000] {taskinstance.py:352} INFO - Marking task as SUCCESS. dag_id=sparking_flow, task_id=scala_job, run_id=manual__2024-12-02T21:07:52.448110+00:00, execution_date=20241202T210752, start_date=20241202T210754, end_date=20241202T210805
[2024-12-02T21:08:05.454+0000] {local_task_job_runner.py:266} INFO - Task exited with return code 0
[2024-12-02T21:08:05.475+0000] {taskinstance.py:3895} INFO - 0 downstream tasks scheduled from follow-on schedule check
[2024-12-02T21:08:05.477+0000] {local_task_job_runner.py:245} INFO - ::endgroup::
