[2024-12-09T10:21:19.886+0000] {local_task_job_runner.py:123} INFO - ::group::Pre task execution logs
[2024-12-09T10:21:19.903+0000] {taskinstance.py:2613} INFO - Dependencies all met for dep_context=non-requeueable deps ti=<TaskInstance: sparking_flow.scala_job manual__2024-12-09T10:21:18.304906+00:00 [queued]>
[2024-12-09T10:21:19.912+0000] {taskinstance.py:2613} INFO - Dependencies all met for dep_context=requeueable deps ti=<TaskInstance: sparking_flow.scala_job manual__2024-12-09T10:21:18.304906+00:00 [queued]>
[2024-12-09T10:21:19.913+0000] {taskinstance.py:2866} INFO - Starting attempt 1 of 1
[2024-12-09T10:21:19.924+0000] {taskinstance.py:2889} INFO - Executing <Task(SparkSubmitOperator): scala_job> on 2024-12-09 10:21:18.304906+00:00
[2024-12-09T10:21:19.933+0000] {logging_mixin.py:190} WARNING - /home/***/.local/lib/python3.12/site-packages/***/task/task_runner/standard_task_runner.py:70 DeprecationWarning: This process (pid=185) is multi-threaded, use of fork() may lead to deadlocks in the child.
[2024-12-09T10:21:19.933+0000] {standard_task_runner.py:104} INFO - Running: ['***', 'tasks', 'run', 'sparking_flow', 'scala_job', 'manual__2024-12-09T10:21:18.304906+00:00', '--job-id', '298', '--raw', '--subdir', 'DAGS_FOLDER/spark_***.py', '--cfg-path', '/tmp/tmp3otdsk8r']
[2024-12-09T10:21:19.935+0000] {standard_task_runner.py:72} INFO - Started process 189 to run task
[2024-12-09T10:21:19.935+0000] {standard_task_runner.py:105} INFO - Job 298: Subtask scala_job
[2024-12-09T10:21:19.986+0000] {task_command.py:467} INFO - Running <TaskInstance: sparking_flow.scala_job manual__2024-12-09T10:21:18.304906+00:00 [running]> on host 2a892a3469ec
[2024-12-09T10:21:20.078+0000] {taskinstance.py:3132} INFO - Exporting env vars: AIRFLOW_CTX_DAG_OWNER='Yusuf Ganiyu' AIRFLOW_CTX_DAG_ID='sparking_flow' AIRFLOW_CTX_TASK_ID='scala_job' AIRFLOW_CTX_EXECUTION_DATE='2024-12-09T10:21:18.304906+00:00' AIRFLOW_CTX_TRY_NUMBER='1' AIRFLOW_CTX_DAG_RUN_ID='manual__2024-12-09T10:21:18.304906+00:00'
[2024-12-09T10:21:20.079+0000] {taskinstance.py:731} INFO - ::endgroup::
[2024-12-09T10:21:20.100+0000] {base.py:84} INFO - Retrieving connection 'spark-conn'
[2024-12-09T10:21:20.101+0000] {spark_submit.py:473} INFO - Spark-Submit cmd: spark-submit --master spark://sparkingflow-spark-master-1:7077 --name arrow-spark --deploy-mode client jobs/scala/target/scala-2.12/word-count_2.12-0.1.jar
[2024-12-09T10:21:22.696+0000] {spark_submit.py:634} INFO - 24/12/09 10:21:22 WARN NativeCodeLoader: Unable to load native-hadoop library for your platform... using builtin-java classes where applicable
[2024-12-09T10:21:22.976+0000] {spark_submit.py:634} INFO - 24/12/09 10:21:22 INFO SparkContext: Running Spark version 3.5.3
[2024-12-09T10:21:22.978+0000] {spark_submit.py:634} INFO - 24/12/09 10:21:22 INFO SparkContext: OS info Linux, 6.10.14-linuxkit, aarch64
[2024-12-09T10:21:22.979+0000] {spark_submit.py:634} INFO - 24/12/09 10:21:22 INFO SparkContext: Java version 17.0.13
[2024-12-09T10:21:23.027+0000] {spark_submit.py:634} INFO - 24/12/09 10:21:23 INFO ResourceUtils: ==============================================================
[2024-12-09T10:21:23.028+0000] {spark_submit.py:634} INFO - 24/12/09 10:21:23 INFO ResourceUtils: No custom resources configured for spark.driver.
[2024-12-09T10:21:23.030+0000] {spark_submit.py:634} INFO - 24/12/09 10:21:23 INFO ResourceUtils: ==============================================================
[2024-12-09T10:21:23.031+0000] {spark_submit.py:634} INFO - 24/12/09 10:21:23 INFO SparkContext: Submitted application: Word Count
[2024-12-09T10:21:23.062+0000] {spark_submit.py:634} INFO - 24/12/09 10:21:23 INFO ResourceProfile: Default ResourceProfile created, executor resources: Map(memory -> name: memory, amount: 1024, script: , vendor: , offHeap -> name: offHeap, amount: 0, script: , vendor: ), task resources: Map(cpus -> name: cpus, amount: 1.0)
[2024-12-09T10:21:23.074+0000] {spark_submit.py:634} INFO - 24/12/09 10:21:23 INFO ResourceProfile: Limiting resource is cpu
[2024-12-09T10:21:23.075+0000] {spark_submit.py:634} INFO - 24/12/09 10:21:23 INFO ResourceProfileManager: Added ResourceProfile id: 0
[2024-12-09T10:21:23.141+0000] {spark_submit.py:634} INFO - 24/12/09 10:21:23 INFO SecurityManager: Changing view acls to: ***
[2024-12-09T10:21:23.142+0000] {spark_submit.py:634} INFO - 24/12/09 10:21:23 INFO SecurityManager: Changing modify acls to: ***
[2024-12-09T10:21:23.143+0000] {spark_submit.py:634} INFO - 24/12/09 10:21:23 INFO SecurityManager: Changing view acls groups to:
[2024-12-09T10:21:23.144+0000] {spark_submit.py:634} INFO - 24/12/09 10:21:23 INFO SecurityManager: Changing modify acls groups to:
[2024-12-09T10:21:23.144+0000] {spark_submit.py:634} INFO - 24/12/09 10:21:23 INFO SecurityManager: SecurityManager: authentication disabled; ui acls disabled; users with view permissions: ***; groups with view permissions: EMPTY; users with modify permissions: ***; groups with modify permissions: EMPTY
[2024-12-09T10:21:23.409+0000] {spark_submit.py:634} INFO - 24/12/09 10:21:23 INFO Utils: Successfully started service 'sparkDriver' on port 45837.
[2024-12-09T10:21:23.445+0000] {spark_submit.py:634} INFO - 24/12/09 10:21:23 INFO SparkEnv: Registering MapOutputTracker
[2024-12-09T10:21:23.481+0000] {spark_submit.py:634} INFO - 24/12/09 10:21:23 INFO SparkEnv: Registering BlockManagerMaster
[2024-12-09T10:21:23.499+0000] {spark_submit.py:634} INFO - 24/12/09 10:21:23 INFO BlockManagerMasterEndpoint: Using org.apache.spark.storage.DefaultTopologyMapper for getting topology information
[2024-12-09T10:21:23.500+0000] {spark_submit.py:634} INFO - 24/12/09 10:21:23 INFO BlockManagerMasterEndpoint: BlockManagerMasterEndpoint up
[2024-12-09T10:21:23.503+0000] {spark_submit.py:634} INFO - 24/12/09 10:21:23 INFO SparkEnv: Registering BlockManagerMasterHeartbeat
[2024-12-09T10:21:23.525+0000] {spark_submit.py:634} INFO - 24/12/09 10:21:23 INFO DiskBlockManager: Created local directory at /tmp/blockmgr-9ed18b06-16db-4135-bc1b-426fb6542e6c
[2024-12-09T10:21:23.539+0000] {spark_submit.py:634} INFO - 24/12/09 10:21:23 INFO MemoryStore: MemoryStore started with capacity 434.4 MiB
[2024-12-09T10:21:23.554+0000] {spark_submit.py:634} INFO - 24/12/09 10:21:23 INFO SparkEnv: Registering OutputCommitCoordinator
[2024-12-09T10:21:23.681+0000] {spark_submit.py:634} INFO - 24/12/09 10:21:23 INFO JettyUtils: Start Jetty 0.0.0.0:4040 for SparkUI
[2024-12-09T10:21:23.731+0000] {spark_submit.py:634} INFO - 24/12/09 10:21:23 WARN Utils: Service 'SparkUI' could not bind on port 4040. Attempting port 4041.
[2024-12-09T10:21:23.739+0000] {spark_submit.py:634} INFO - 24/12/09 10:21:23 INFO Utils: Successfully started service 'SparkUI' on port 4041.
[2024-12-09T10:21:23.774+0000] {spark_submit.py:634} INFO - 24/12/09 10:21:23 INFO SparkContext: Added JAR file:/opt/***/jobs/scala/target/scala-2.12/word-count_2.12-0.1.jar at spark://2a892a3469ec:45837/jars/word-count_2.12-0.1.jar with timestamp 1733739682960
[2024-12-09T10:21:23.884+0000] {spark_submit.py:634} INFO - 24/12/09 10:21:23 INFO StandaloneAppClient$ClientEndpoint: Connecting to master spark://spark-master:7077...
[2024-12-09T10:21:23.939+0000] {spark_submit.py:634} INFO - 24/12/09 10:21:23 INFO TransportClientFactory: Successfully created connection to spark-master/172.18.0.5:7077 after 26 ms (0 ms spent in bootstraps)
[2024-12-09T10:21:24.144+0000] {spark_submit.py:634} INFO - 24/12/09 10:21:24 INFO StandaloneSchedulerBackend: Connected to Spark cluster with app ID app-20241209102124-0000
[2024-12-09T10:21:24.157+0000] {spark_submit.py:634} INFO - 24/12/09 10:21:24 INFO Utils: Successfully started service 'org.apache.spark.network.netty.NettyBlockTransferService' on port 38049.
[2024-12-09T10:21:24.157+0000] {spark_submit.py:634} INFO - 24/12/09 10:21:24 INFO NettyBlockTransferService: Server created on 2a892a3469ec:38049
[2024-12-09T10:21:24.160+0000] {spark_submit.py:634} INFO - 24/12/09 10:21:24 INFO BlockManager: Using org.apache.spark.storage.RandomBlockReplicationPolicy for block replication policy
[2024-12-09T10:21:24.169+0000] {spark_submit.py:634} INFO - 24/12/09 10:21:24 INFO BlockManagerMaster: Registering BlockManager BlockManagerId(driver, 2a892a3469ec, 38049, None)
[2024-12-09T10:21:24.175+0000] {spark_submit.py:634} INFO - 24/12/09 10:21:24 INFO BlockManagerMasterEndpoint: Registering block manager 2a892a3469ec:38049 with 434.4 MiB RAM, BlockManagerId(driver, 2a892a3469ec, 38049, None)
[2024-12-09T10:21:24.176+0000] {spark_submit.py:634} INFO - 24/12/09 10:21:24 INFO StandaloneAppClient$ClientEndpoint: Executor added: app-20241209102124-0000/0 on worker-20241209102103-172.18.0.7-38331 (172.18.0.7:38331) with 2 core(s)
[2024-12-09T10:21:24.179+0000] {spark_submit.py:634} INFO - 24/12/09 10:21:24 INFO BlockManagerMaster: Registered BlockManager BlockManagerId(driver, 2a892a3469ec, 38049, None)
[2024-12-09T10:21:24.180+0000] {spark_submit.py:634} INFO - 24/12/09 10:21:24 INFO StandaloneSchedulerBackend: Granted executor ID app-20241209102124-0000/0 on hostPort 172.18.0.7:38331 with 2 core(s), 1024.0 MiB RAM
[2024-12-09T10:21:24.181+0000] {spark_submit.py:634} INFO - 24/12/09 10:21:24 INFO BlockManager: Initialized BlockManager: BlockManagerId(driver, 2a892a3469ec, 38049, None)
[2024-12-09T10:21:24.428+0000] {spark_submit.py:634} INFO - 24/12/09 10:21:24 INFO StandaloneAppClient$ClientEndpoint: Executor updated: app-20241209102124-0000/0 is now RUNNING
[2024-12-09T10:21:24.444+0000] {spark_submit.py:634} INFO - 24/12/09 10:21:24 INFO StandaloneSchedulerBackend: SchedulerBackend is ready for scheduling beginning after reached minRegisteredResourcesRatio: 0.0
[2024-12-09T10:21:25.265+0000] {spark_submit.py:634} INFO - 24/12/09 10:21:25 INFO SparkContext: Starting job: collect at wordcount.scala:14
[2024-12-09T10:21:25.674+0000] {spark_submit.py:634} INFO - 24/12/09 10:21:25 INFO DAGScheduler: Registering RDD 2 (map at wordcount.scala:11) as input to shuffle 0
[2024-12-09T10:21:25.679+0000] {spark_submit.py:634} INFO - 24/12/09 10:21:25 INFO DAGScheduler: Got job 0 (collect at wordcount.scala:14) with 2 output partitions
[2024-12-09T10:21:25.681+0000] {spark_submit.py:634} INFO - 24/12/09 10:21:25 INFO DAGScheduler: Final stage: ResultStage 1 (collect at wordcount.scala:14)
[2024-12-09T10:21:25.682+0000] {spark_submit.py:634} INFO - 24/12/09 10:21:25 INFO DAGScheduler: Parents of final stage: List(ShuffleMapStage 0)
[2024-12-09T10:21:25.685+0000] {spark_submit.py:634} INFO - 24/12/09 10:21:25 INFO DAGScheduler: Missing parents: List(ShuffleMapStage 0)
[2024-12-09T10:21:25.695+0000] {spark_submit.py:634} INFO - 24/12/09 10:21:25 INFO DAGScheduler: Submitting ShuffleMapStage 0 (MapPartitionsRDD[2] at map at wordcount.scala:11), which has no missing parents
[2024-12-09T10:21:25.787+0000] {spark_submit.py:634} INFO - 24/12/09 10:21:25 INFO MemoryStore: Block broadcast_0 stored as values in memory (estimated size 5.5 KiB, free 434.4 MiB)
[2024-12-09T10:21:25.830+0000] {spark_submit.py:634} INFO - 24/12/09 10:21:25 INFO MemoryStore: Block broadcast_0_piece0 stored as bytes in memory (estimated size 3.2 KiB, free 434.4 MiB)
[2024-12-09T10:21:25.836+0000] {spark_submit.py:634} INFO - 24/12/09 10:21:25 INFO BlockManagerInfo: Added broadcast_0_piece0 in memory on 2a892a3469ec:38049 (size: 3.2 KiB, free: 434.4 MiB)
[2024-12-09T10:21:25.854+0000] {spark_submit.py:634} INFO - 24/12/09 10:21:25 INFO SparkContext: Created broadcast 0 from broadcast at DAGScheduler.scala:1585
[2024-12-09T10:21:25.909+0000] {spark_submit.py:634} INFO - 24/12/09 10:21:25 INFO DAGScheduler: Submitting 2 missing tasks from ShuffleMapStage 0 (MapPartitionsRDD[2] at map at wordcount.scala:11) (first 15 tasks are for partitions Vector(0, 1))
[2024-12-09T10:21:25.912+0000] {spark_submit.py:634} INFO - 24/12/09 10:21:25 INFO TaskSchedulerImpl: Adding task set 0.0 with 2 tasks resource profile 0
[2024-12-09T10:21:27.157+0000] {spark_submit.py:634} INFO - 24/12/09 10:21:27 INFO StandaloneSchedulerBackend$StandaloneDriverEndpoint: Registered executor NettyRpcEndpointRef(spark-client://Executor) (172.18.0.7:57962) with ID 0,  ResourceProfileId 0
[2024-12-09T10:21:27.201+0000] {spark_submit.py:634} INFO - 24/12/09 10:21:27 INFO BlockManagerMasterEndpoint: Registering block manager 172.18.0.7:34083 with 434.4 MiB RAM, BlockManagerId(0, 172.18.0.7, 34083, None)
[2024-12-09T10:21:27.284+0000] {spark_submit.py:634} INFO - 24/12/09 10:21:27 INFO TaskSetManager: Starting task 0.0 in stage 0.0 (TID 0) (172.18.0.7, executor 0, partition 0, PROCESS_LOCAL, 9198 bytes)
[2024-12-09T10:21:27.288+0000] {spark_submit.py:634} INFO - 24/12/09 10:21:27 INFO TaskSetManager: Starting task 1.0 in stage 0.0 (TID 1) (172.18.0.7, executor 0, partition 1, PROCESS_LOCAL, 9213 bytes)
[2024-12-09T10:21:27.460+0000] {spark_submit.py:634} INFO - 24/12/09 10:21:27 INFO BlockManagerInfo: Added broadcast_0_piece0 in memory on 172.18.0.7:34083 (size: 3.2 KiB, free: 434.4 MiB)
[2024-12-09T10:21:27.924+0000] {spark_submit.py:634} INFO - 24/12/09 10:21:27 INFO TaskSetManager: Finished task 1.0 in stage 0.0 (TID 1) in 635 ms on 172.18.0.7 (executor 0) (1/2)
[2024-12-09T10:21:27.925+0000] {spark_submit.py:634} INFO - 24/12/09 10:21:27 INFO TaskSetManager: Finished task 0.0 in stage 0.0 (TID 0) in 651 ms on 172.18.0.7 (executor 0) (2/2)
[2024-12-09T10:21:27.925+0000] {spark_submit.py:634} INFO - 24/12/09 10:21:27 INFO TaskSchedulerImpl: Removed TaskSet 0.0, whose tasks have all completed, from pool
[2024-12-09T10:21:27.931+0000] {spark_submit.py:634} INFO - 24/12/09 10:21:27 INFO DAGScheduler: ShuffleMapStage 0 (map at wordcount.scala:11) finished in 2.210 s
[2024-12-09T10:21:27.932+0000] {spark_submit.py:634} INFO - 24/12/09 10:21:27 INFO DAGScheduler: looking for newly runnable stages
[2024-12-09T10:21:27.932+0000] {spark_submit.py:634} INFO - 24/12/09 10:21:27 INFO DAGScheduler: running: Set()
[2024-12-09T10:21:27.933+0000] {spark_submit.py:634} INFO - 24/12/09 10:21:27 INFO DAGScheduler: waiting: Set(ResultStage 1)
[2024-12-09T10:21:27.933+0000] {spark_submit.py:634} INFO - 24/12/09 10:21:27 INFO DAGScheduler: failed: Set()
[2024-12-09T10:21:27.935+0000] {spark_submit.py:634} INFO - 24/12/09 10:21:27 INFO DAGScheduler: Submitting ResultStage 1 (ShuffledRDD[3] at reduceByKey at wordcount.scala:12), which has no missing parents
[2024-12-09T10:21:27.943+0000] {spark_submit.py:634} INFO - 24/12/09 10:21:27 INFO MemoryStore: Block broadcast_1 stored as values in memory (estimated size 5.2 KiB, free 434.4 MiB)
[2024-12-09T10:21:27.955+0000] {spark_submit.py:634} INFO - 24/12/09 10:21:27 INFO MemoryStore: Block broadcast_1_piece0 stored as bytes in memory (estimated size 3.1 KiB, free 434.4 MiB)
[2024-12-09T10:21:27.955+0000] {spark_submit.py:634} INFO - 24/12/09 10:21:27 INFO BlockManagerInfo: Added broadcast_1_piece0 in memory on 2a892a3469ec:38049 (size: 3.1 KiB, free: 434.4 MiB)
[2024-12-09T10:21:27.956+0000] {spark_submit.py:634} INFO - 24/12/09 10:21:27 INFO SparkContext: Created broadcast 1 from broadcast at DAGScheduler.scala:1585
[2024-12-09T10:21:27.957+0000] {spark_submit.py:634} INFO - 24/12/09 10:21:27 INFO DAGScheduler: Submitting 2 missing tasks from ResultStage 1 (ShuffledRDD[3] at reduceByKey at wordcount.scala:12) (first 15 tasks are for partitions Vector(0, 1))
[2024-12-09T10:21:27.958+0000] {spark_submit.py:634} INFO - 24/12/09 10:21:27 INFO TaskSchedulerImpl: Adding task set 1.0 with 2 tasks resource profile 0
[2024-12-09T10:21:27.962+0000] {spark_submit.py:634} INFO - 24/12/09 10:21:27 INFO TaskSetManager: Starting task 0.0 in stage 1.0 (TID 2) (172.18.0.7, executor 0, partition 0, NODE_LOCAL, 9003 bytes)
[2024-12-09T10:21:27.963+0000] {spark_submit.py:634} INFO - 24/12/09 10:21:27 INFO TaskSetManager: Starting task 1.0 in stage 1.0 (TID 3) (172.18.0.7, executor 0, partition 1, NODE_LOCAL, 9003 bytes)
[2024-12-09T10:21:27.981+0000] {spark_submit.py:634} INFO - 24/12/09 10:21:27 INFO BlockManagerInfo: Added broadcast_1_piece0 in memory on 172.18.0.7:34083 (size: 3.1 KiB, free: 434.4 MiB)
[2024-12-09T10:21:28.019+0000] {spark_submit.py:634} INFO - 24/12/09 10:21:28 INFO MapOutputTrackerMasterEndpoint: Asked to send map output locations for shuffle 0 to 172.18.0.7:57962
[2024-12-09T10:21:28.123+0000] {spark_submit.py:634} INFO - 24/12/09 10:21:28 INFO TaskSetManager: Finished task 1.0 in stage 1.0 (TID 3) in 160 ms on 172.18.0.7 (executor 0) (1/2)
[2024-12-09T10:21:28.125+0000] {spark_submit.py:634} INFO - 24/12/09 10:21:28 INFO TaskSetManager: Finished task 0.0 in stage 1.0 (TID 2) in 163 ms on 172.18.0.7 (executor 0) (2/2)
[2024-12-09T10:21:28.125+0000] {spark_submit.py:634} INFO - 24/12/09 10:21:28 INFO TaskSchedulerImpl: Removed TaskSet 1.0, whose tasks have all completed, from pool
[2024-12-09T10:21:28.131+0000] {spark_submit.py:634} INFO - 24/12/09 10:21:28 INFO DAGScheduler: ResultStage 1 (collect at wordcount.scala:14) finished in 0.188 s
[2024-12-09T10:21:28.134+0000] {spark_submit.py:634} INFO - 24/12/09 10:21:28 INFO DAGScheduler: Job 0 is finished. Cancelling potential speculative or zombie tasks for this job
[2024-12-09T10:21:28.135+0000] {spark_submit.py:634} INFO - 24/12/09 10:21:28 INFO TaskSchedulerImpl: Killing all running tasks in stage 1: Stage finished
[2024-12-09T10:21:28.163+0000] {spark_submit.py:634} INFO - 24/12/09 10:21:28 INFO DAGScheduler: Job 0 finished: collect at wordcount.scala:14, took 2.894326 s
[2024-12-09T10:21:28.177+0000] {spark_submit.py:634} INFO - (Hello,5)
[2024-12-09T10:21:28.178+0000] {spark_submit.py:634} INFO - (Yusuf,1)
[2024-12-09T10:21:28.178+0000] {spark_submit.py:634} INFO - (World,1)
[2024-12-09T10:21:28.179+0000] {spark_submit.py:634} INFO - (Scala,1)
[2024-12-09T10:21:28.179+0000] {spark_submit.py:634} INFO - (Docker,1)
[2024-12-09T10:21:28.180+0000] {spark_submit.py:634} INFO - (spark,1)
[2024-12-09T10:21:28.180+0000] {spark_submit.py:634} INFO - 24/12/09 10:21:28 INFO SparkContext: SparkContext is stopping with exitCode 0.
[2024-12-09T10:21:28.191+0000] {spark_submit.py:634} INFO - 24/12/09 10:21:28 INFO SparkUI: Stopped Spark web UI at http://2a892a3469ec:4041
[2024-12-09T10:21:28.196+0000] {spark_submit.py:634} INFO - 24/12/09 10:21:28 INFO StandaloneSchedulerBackend: Shutting down all executors
[2024-12-09T10:21:28.198+0000] {spark_submit.py:634} INFO - 24/12/09 10:21:28 INFO StandaloneSchedulerBackend$StandaloneDriverEndpoint: Asking each executor to shut down
[2024-12-09T10:21:28.222+0000] {spark_submit.py:634} INFO - 24/12/09 10:21:28 INFO MapOutputTrackerMasterEndpoint: MapOutputTrackerMasterEndpoint stopped!
[2024-12-09T10:21:28.251+0000] {spark_submit.py:634} INFO - 24/12/09 10:21:28 INFO MemoryStore: MemoryStore cleared
[2024-12-09T10:21:28.252+0000] {spark_submit.py:634} INFO - 24/12/09 10:21:28 INFO BlockManager: BlockManager stopped
[2024-12-09T10:21:28.265+0000] {spark_submit.py:634} INFO - 24/12/09 10:21:28 INFO BlockManagerMaster: BlockManagerMaster stopped
[2024-12-09T10:21:28.268+0000] {spark_submit.py:634} INFO - 24/12/09 10:21:28 INFO OutputCommitCoordinator$OutputCommitCoordinatorEndpoint: OutputCommitCoordinator stopped!
[2024-12-09T10:21:28.282+0000] {spark_submit.py:634} INFO - 24/12/09 10:21:28 INFO SparkContext: Successfully stopped SparkContext
[2024-12-09T10:21:28.285+0000] {spark_submit.py:634} INFO - 24/12/09 10:21:28 INFO ShutdownHookManager: Shutdown hook called
[2024-12-09T10:21:28.286+0000] {spark_submit.py:634} INFO - 24/12/09 10:21:28 INFO ShutdownHookManager: Deleting directory /tmp/spark-5c182842-6769-49b5-a0ed-26ea3e4714fb
[2024-12-09T10:21:28.292+0000] {spark_submit.py:634} INFO - 24/12/09 10:21:28 INFO ShutdownHookManager: Deleting directory /tmp/spark-9efa872c-df22-4ff3-b866-739ff125d76b
[2024-12-09T10:21:28.381+0000] {taskinstance.py:340} INFO - ::group::Post task execution logs
[2024-12-09T10:21:28.382+0000] {taskinstance.py:352} INFO - Marking task as SUCCESS. dag_id=sparking_flow, task_id=scala_job, run_id=manual__2024-12-09T10:21:18.304906+00:00, execution_date=20241209T102118, start_date=20241209T102119, end_date=20241209T102128
[2024-12-09T10:21:28.425+0000] {local_task_job_runner.py:266} INFO - Task exited with return code 0
[2024-12-09T10:21:28.448+0000] {taskinstance.py:3895} INFO - 0 downstream tasks scheduled from follow-on schedule check
[2024-12-09T10:21:28.450+0000] {local_task_job_runner.py:245} INFO - ::endgroup::
