[2024-12-09T17:49:56.683+0000] {local_task_job_runner.py:123} INFO - ::group::Pre task execution logs
[2024-12-09T17:49:56.715+0000] {taskinstance.py:2613} INFO - Dependencies all met for dep_context=non-requeueable deps ti=<TaskInstance: sparking_flow.java_job manual__2024-12-09T17:49:54.220710+00:00 [queued]>
[2024-12-09T17:49:56.733+0000] {taskinstance.py:2613} INFO - Dependencies all met for dep_context=requeueable deps ti=<TaskInstance: sparking_flow.java_job manual__2024-12-09T17:49:54.220710+00:00 [queued]>
[2024-12-09T17:49:56.734+0000] {taskinstance.py:2866} INFO - Starting attempt 1 of 1
[2024-12-09T17:49:56.754+0000] {taskinstance.py:2889} INFO - Executing <Task(SparkSubmitOperator): java_job> on 2024-12-09 17:49:54.220710+00:00
[2024-12-09T17:49:56.762+0000] {logging_mixin.py:190} WARNING - /home/***/.local/lib/python3.12/site-packages/***/task/task_runner/standard_task_runner.py:70 DeprecationWarning: This process (pid=186) is multi-threaded, use of fork() may lead to deadlocks in the child.
[2024-12-09T17:49:56.762+0000] {standard_task_runner.py:104} INFO - Running: ['***', 'tasks', 'run', 'sparking_flow', 'java_job', 'manual__2024-12-09T17:49:54.220710+00:00', '--job-id', '574', '--raw', '--subdir', 'DAGS_FOLDER/spark_***.py', '--cfg-path', '/tmp/tmp0sdoh59l']
[2024-12-09T17:49:56.764+0000] {standard_task_runner.py:72} INFO - Started process 191 to run task
[2024-12-09T17:49:56.764+0000] {standard_task_runner.py:105} INFO - Job 574: Subtask java_job
[2024-12-09T17:49:56.864+0000] {task_command.py:467} INFO - Running <TaskInstance: sparking_flow.java_job manual__2024-12-09T17:49:54.220710+00:00 [running]> on host 2a892a3469ec
[2024-12-09T17:49:57.058+0000] {taskinstance.py:3132} INFO - Exporting env vars: AIRFLOW_CTX_DAG_OWNER='Yusuf Ganiyu' AIRFLOW_CTX_DAG_ID='sparking_flow' AIRFLOW_CTX_TASK_ID='java_job' AIRFLOW_CTX_EXECUTION_DATE='2024-12-09T17:49:54.220710+00:00' AIRFLOW_CTX_TRY_NUMBER='1' AIRFLOW_CTX_DAG_RUN_ID='manual__2024-12-09T17:49:54.220710+00:00'
[2024-12-09T17:49:57.059+0000] {taskinstance.py:731} INFO - ::endgroup::
[2024-12-09T17:49:57.095+0000] {base.py:84} INFO - Retrieving connection 'spark-conn'
[2024-12-09T17:49:57.097+0000] {spark_submit.py:473} INFO - Spark-Submit cmd: spark-submit --master spark://sparkingflow-spark-master-1:7077 --name arrow-spark --class com.airscholar.spark.WordCountJob --deploy-mode client jobs/java/spark-job/target/spark-job-1.0-SNAPSHOT.jar
[2024-12-09T17:50:02.998+0000] {spark_submit.py:634} INFO - 24/12/09 17:50:02 INFO SparkContext: Running Spark version 3.5.3
[2024-12-09T17:50:03.032+0000] {spark_submit.py:634} INFO - 24/12/09 17:50:02 INFO SparkContext: OS info Linux, 6.10.14-linuxkit, aarch64
[2024-12-09T17:50:03.035+0000] {spark_submit.py:634} INFO - 24/12/09 17:50:03 INFO SparkContext: Java version 17.0.13
[2024-12-09T17:50:03.380+0000] {spark_submit.py:634} INFO - 24/12/09 17:50:03 WARN NativeCodeLoader: Unable to load native-hadoop library for your platform... using builtin-java classes where applicable
[2024-12-09T17:50:03.893+0000] {spark_submit.py:634} INFO - 24/12/09 17:50:03 INFO ResourceUtils: ==============================================================
[2024-12-09T17:50:03.910+0000] {spark_submit.py:634} INFO - 24/12/09 17:50:03 INFO ResourceUtils: No custom resources configured for spark.driver.
[2024-12-09T17:50:03.911+0000] {spark_submit.py:634} INFO - 24/12/09 17:50:03 INFO ResourceUtils: ==============================================================
[2024-12-09T17:50:03.913+0000] {spark_submit.py:634} INFO - 24/12/09 17:50:03 INFO SparkContext: Submitted application: Word Count Job
[2024-12-09T17:50:04.041+0000] {spark_submit.py:634} INFO - 24/12/09 17:50:04 INFO ResourceProfile: Default ResourceProfile created, executor resources: Map(cores -> name: cores, amount: 1, script: , vendor: , memory -> name: memory, amount: 1024, script: , vendor: , offHeap -> name: offHeap, amount: 0, script: , vendor: ), task resources: Map(cpus -> name: cpus, amount: 1.0)
[2024-12-09T17:50:04.156+0000] {spark_submit.py:634} INFO - 24/12/09 17:50:04 INFO ResourceProfile: Limiting resource is cpu
[2024-12-09T17:50:04.164+0000] {spark_submit.py:634} INFO - 24/12/09 17:50:04 INFO ResourceProfileManager: Added ResourceProfile id: 0
[2024-12-09T17:50:04.579+0000] {spark_submit.py:634} INFO - 24/12/09 17:50:04 INFO SecurityManager: Changing view acls to: ***
[2024-12-09T17:50:04.655+0000] {spark_submit.py:634} INFO - 24/12/09 17:50:04 INFO SecurityManager: Changing modify acls to: ***
[2024-12-09T17:50:04.657+0000] {spark_submit.py:634} INFO - 24/12/09 17:50:04 INFO SecurityManager: Changing view acls groups to:
[2024-12-09T17:50:04.659+0000] {spark_submit.py:634} INFO - 24/12/09 17:50:04 INFO SecurityManager: Changing modify acls groups to:
[2024-12-09T17:50:04.660+0000] {spark_submit.py:634} INFO - 24/12/09 17:50:04 INFO SecurityManager: SecurityManager: authentication disabled; ui acls disabled; users with view permissions: ***; groups with view permissions: EMPTY; users with modify permissions: ***; groups with modify permissions: EMPTY
[2024-12-09T17:50:05.775+0000] {spark_submit.py:634} INFO - 24/12/09 17:50:05 INFO Utils: Successfully started service 'sparkDriver' on port 43395.
[2024-12-09T17:50:05.868+0000] {spark_submit.py:634} INFO - 24/12/09 17:50:05 INFO SparkEnv: Registering MapOutputTracker
[2024-12-09T17:50:05.977+0000] {spark_submit.py:634} INFO - 24/12/09 17:50:05 INFO SparkEnv: Registering BlockManagerMaster
[2024-12-09T17:50:06.027+0000] {spark_submit.py:634} INFO - 24/12/09 17:50:06 INFO BlockManagerMasterEndpoint: Using org.apache.spark.storage.DefaultTopologyMapper for getting topology information
[2024-12-09T17:50:06.028+0000] {spark_submit.py:634} INFO - 24/12/09 17:50:06 INFO BlockManagerMasterEndpoint: BlockManagerMasterEndpoint up
[2024-12-09T17:50:06.035+0000] {spark_submit.py:634} INFO - 24/12/09 17:50:06 INFO SparkEnv: Registering BlockManagerMasterHeartbeat
[2024-12-09T17:50:06.093+0000] {spark_submit.py:634} INFO - 24/12/09 17:50:06 INFO DiskBlockManager: Created local directory at /tmp/blockmgr-2d805175-27f5-4562-a37c-f6ed8bcf61ac
[2024-12-09T17:50:06.135+0000] {spark_submit.py:634} INFO - 24/12/09 17:50:06 INFO MemoryStore: MemoryStore started with capacity 434.4 MiB
[2024-12-09T17:50:06.216+0000] {spark_submit.py:634} INFO - 24/12/09 17:50:06 INFO SparkEnv: Registering OutputCommitCoordinator
[2024-12-09T17:50:06.500+0000] {spark_submit.py:634} INFO - 24/12/09 17:50:06 INFO JettyUtils: Start Jetty 0.0.0.0:4040 for SparkUI
[2024-12-09T17:50:06.637+0000] {spark_submit.py:634} INFO - 24/12/09 17:50:06 INFO Utils: Successfully started service 'SparkUI' on port 4040.
[2024-12-09T17:50:06.721+0000] {spark_submit.py:634} INFO - 24/12/09 17:50:06 INFO SparkContext: Added JAR file:/opt/***/jobs/java/spark-job/target/spark-job-1.0-SNAPSHOT.jar at spark://2a892a3469ec:43395/jars/spark-job-1.0-SNAPSHOT.jar with timestamp 1733766602878
[2024-12-09T17:50:07.053+0000] {spark_submit.py:634} INFO - 24/12/09 17:50:07 INFO Executor: Starting executor ID driver on host 2a892a3469ec
[2024-12-09T17:50:07.058+0000] {spark_submit.py:634} INFO - 24/12/09 17:50:07 INFO Executor: OS info Linux, 6.10.14-linuxkit, aarch64
[2024-12-09T17:50:07.062+0000] {spark_submit.py:634} INFO - 24/12/09 17:50:07 INFO Executor: Java version 17.0.13
[2024-12-09T17:50:07.077+0000] {spark_submit.py:634} INFO - 24/12/09 17:50:07 INFO Executor: Starting executor with user classpath (userClassPathFirst = false): ''
[2024-12-09T17:50:07.079+0000] {spark_submit.py:634} INFO - 24/12/09 17:50:07 INFO Executor: Created or updated repl class loader org.apache.spark.util.MutableURLClassLoader@63d5874f for default.
[2024-12-09T17:50:07.119+0000] {spark_submit.py:634} INFO - 24/12/09 17:50:07 INFO Executor: Fetching spark://2a892a3469ec:43395/jars/spark-job-1.0-SNAPSHOT.jar with timestamp 1733766602878
[2024-12-09T17:50:07.276+0000] {spark_submit.py:634} INFO - 24/12/09 17:50:07 INFO TransportClientFactory: Successfully created connection to 2a892a3469ec/172.18.0.4:43395 after 72 ms (0 ms spent in bootstraps)
[2024-12-09T17:50:07.293+0000] {spark_submit.py:634} INFO - 24/12/09 17:50:07 INFO Utils: Fetching spark://2a892a3469ec:43395/jars/spark-job-1.0-SNAPSHOT.jar to /tmp/spark-4ee6f096-9d9d-4e1b-a8a0-2efad431b9c8/userFiles-042e4192-431c-4623-a47b-4cec3e3d437d/fetchFileTemp9385066864843517633.tmp
[2024-12-09T17:50:07.482+0000] {spark_submit.py:634} INFO - 24/12/09 17:50:07 INFO Executor: Adding file:/tmp/spark-4ee6f096-9d9d-4e1b-a8a0-2efad431b9c8/userFiles-042e4192-431c-4623-a47b-4cec3e3d437d/spark-job-1.0-SNAPSHOT.jar to class loader default
[2024-12-09T17:50:07.499+0000] {spark_submit.py:634} INFO - 24/12/09 17:50:07 INFO Utils: Successfully started service 'org.apache.spark.network.netty.NettyBlockTransferService' on port 35647.
[2024-12-09T17:50:07.501+0000] {spark_submit.py:634} INFO - 24/12/09 17:50:07 INFO NettyBlockTransferService: Server created on 2a892a3469ec:35647
[2024-12-09T17:50:07.504+0000] {spark_submit.py:634} INFO - 24/12/09 17:50:07 INFO BlockManager: Using org.apache.spark.storage.RandomBlockReplicationPolicy for block replication policy
[2024-12-09T17:50:07.520+0000] {spark_submit.py:634} INFO - 24/12/09 17:50:07 INFO BlockManagerMaster: Registering BlockManager BlockManagerId(driver, 2a892a3469ec, 35647, None)
[2024-12-09T17:50:07.530+0000] {spark_submit.py:634} INFO - 24/12/09 17:50:07 INFO BlockManagerMasterEndpoint: Registering block manager 2a892a3469ec:35647 with 434.4 MiB RAM, BlockManagerId(driver, 2a892a3469ec, 35647, None)
[2024-12-09T17:50:07.532+0000] {spark_submit.py:634} INFO - 24/12/09 17:50:07 INFO BlockManagerMaster: Registered BlockManager BlockManagerId(driver, 2a892a3469ec, 35647, None)
[2024-12-09T17:50:07.534+0000] {spark_submit.py:634} INFO - 24/12/09 17:50:07 INFO BlockManager: Initialized BlockManager: BlockManagerId(driver, 2a892a3469ec, 35647, None)
[2024-12-09T17:50:10.418+0000] {spark_submit.py:634} INFO - 24/12/09 17:50:10 INFO SparkContext: Starting job: collect at WordCountJob.java:37
[2024-12-09T17:50:10.553+0000] {spark_submit.py:634} INFO - 24/12/09 17:50:10 INFO DAGScheduler: Registering RDD 2 (mapToPair at WordCountJob.java:33) as input to shuffle 0
[2024-12-09T17:50:10.560+0000] {spark_submit.py:634} INFO - 24/12/09 17:50:10 INFO DAGScheduler: Got job 0 (collect at WordCountJob.java:37) with 1 output partitions
[2024-12-09T17:50:10.562+0000] {spark_submit.py:634} INFO - 24/12/09 17:50:10 INFO DAGScheduler: Final stage: ResultStage 1 (collect at WordCountJob.java:37)
[2024-12-09T17:50:10.563+0000] {spark_submit.py:634} INFO - 24/12/09 17:50:10 INFO DAGScheduler: Parents of final stage: List(ShuffleMapStage 0)
[2024-12-09T17:50:10.567+0000] {spark_submit.py:634} INFO - 24/12/09 17:50:10 INFO DAGScheduler: Missing parents: List(ShuffleMapStage 0)
[2024-12-09T17:50:10.583+0000] {spark_submit.py:634} INFO - 24/12/09 17:50:10 INFO DAGScheduler: Submitting ShuffleMapStage 0 (MapPartitionsRDD[2] at mapToPair at WordCountJob.java:33), which has no missing parents
[2024-12-09T17:50:10.945+0000] {spark_submit.py:634} INFO - 24/12/09 17:50:10 INFO MemoryStore: Block broadcast_0 stored as values in memory (estimated size 6.4 KiB, free 434.4 MiB)
[2024-12-09T17:50:11.142+0000] {spark_submit.py:634} INFO - 24/12/09 17:50:11 INFO MemoryStore: Block broadcast_0_piece0 stored as bytes in memory (estimated size 3.4 KiB, free 434.4 MiB)
[2024-12-09T17:50:11.174+0000] {spark_submit.py:634} INFO - 24/12/09 17:50:11 INFO BlockManagerInfo: Added broadcast_0_piece0 in memory on 2a892a3469ec:35647 (size: 3.4 KiB, free: 434.4 MiB)
[2024-12-09T17:50:11.181+0000] {spark_submit.py:634} INFO - 24/12/09 17:50:11 INFO SparkContext: Created broadcast 0 from broadcast at DAGScheduler.scala:1585
[2024-12-09T17:50:11.295+0000] {spark_submit.py:634} INFO - 24/12/09 17:50:11 INFO DAGScheduler: Submitting 1 missing tasks from ShuffleMapStage 0 (MapPartitionsRDD[2] at mapToPair at WordCountJob.java:33) (first 15 tasks are for partitions Vector(0))
[2024-12-09T17:50:11.296+0000] {spark_submit.py:634} INFO - 24/12/09 17:50:11 INFO TaskSchedulerImpl: Adding task set 0.0 with 1 tasks resource profile 0
[2024-12-09T17:50:11.574+0000] {spark_submit.py:634} INFO - 24/12/09 17:50:11 INFO TaskSetManager: Starting task 0.0 in stage 0.0 (TID 0) (2a892a3469ec, executor driver, partition 0, PROCESS_LOCAL, 9249 bytes)
[2024-12-09T17:50:11.665+0000] {spark_submit.py:634} INFO - 24/12/09 17:50:11 INFO Executor: Running task 0.0 in stage 0.0 (TID 0)
[2024-12-09T17:50:12.150+0000] {spark_submit.py:634} INFO - 24/12/09 17:50:12 INFO Executor: Finished task 0.0 in stage 0.0 (TID 0). 1216 bytes result sent to driver
[2024-12-09T17:50:12.187+0000] {spark_submit.py:634} INFO - 24/12/09 17:50:12 INFO TaskSetManager: Finished task 0.0 in stage 0.0 (TID 0) in 677 ms on 2a892a3469ec (executor driver) (1/1)
[2024-12-09T17:50:12.191+0000] {spark_submit.py:634} INFO - 24/12/09 17:50:12 INFO TaskSchedulerImpl: Removed TaskSet 0.0, whose tasks have all completed, from pool
[2024-12-09T17:50:12.224+0000] {spark_submit.py:634} INFO - 24/12/09 17:50:12 INFO DAGScheduler: ShuffleMapStage 0 (mapToPair at WordCountJob.java:33) finished in 1.598 s
[2024-12-09T17:50:12.233+0000] {spark_submit.py:634} INFO - 24/12/09 17:50:12 INFO DAGScheduler: looking for newly runnable stages
[2024-12-09T17:50:12.244+0000] {spark_submit.py:634} INFO - 24/12/09 17:50:12 INFO DAGScheduler: running: Set()
[2024-12-09T17:50:12.247+0000] {spark_submit.py:634} INFO - 24/12/09 17:50:12 INFO DAGScheduler: waiting: Set(ResultStage 1)
[2024-12-09T17:50:12.248+0000] {spark_submit.py:634} INFO - 24/12/09 17:50:12 INFO DAGScheduler: failed: Set()
[2024-12-09T17:50:12.260+0000] {spark_submit.py:634} INFO - 24/12/09 17:50:12 INFO DAGScheduler: Submitting ResultStage 1 (ShuffledRDD[3] at reduceByKey at WordCountJob.java:34), which has no missing parents
[2024-12-09T17:50:12.275+0000] {spark_submit.py:634} INFO - 24/12/09 17:50:12 INFO MemoryStore: Block broadcast_1 stored as values in memory (estimated size 5.2 KiB, free 434.4 MiB)
[2024-12-09T17:50:12.281+0000] {spark_submit.py:634} INFO - 24/12/09 17:50:12 INFO MemoryStore: Block broadcast_1_piece0 stored as bytes in memory (estimated size 2.9 KiB, free 434.4 MiB)
[2024-12-09T17:50:12.283+0000] {spark_submit.py:634} INFO - 24/12/09 17:50:12 INFO BlockManagerInfo: Added broadcast_1_piece0 in memory on 2a892a3469ec:35647 (size: 2.9 KiB, free: 434.4 MiB)
[2024-12-09T17:50:12.287+0000] {spark_submit.py:634} INFO - 24/12/09 17:50:12 INFO SparkContext: Created broadcast 1 from broadcast at DAGScheduler.scala:1585
[2024-12-09T17:50:12.291+0000] {spark_submit.py:634} INFO - 24/12/09 17:50:12 INFO DAGScheduler: Submitting 1 missing tasks from ResultStage 1 (ShuffledRDD[3] at reduceByKey at WordCountJob.java:34) (first 15 tasks are for partitions Vector(0))
[2024-12-09T17:50:12.294+0000] {spark_submit.py:634} INFO - 24/12/09 17:50:12 INFO TaskSchedulerImpl: Adding task set 1.0 with 1 tasks resource profile 0
[2024-12-09T17:50:12.308+0000] {spark_submit.py:634} INFO - 24/12/09 17:50:12 INFO TaskSetManager: Starting task 0.0 in stage 1.0 (TID 1) (2a892a3469ec, executor driver, partition 0, NODE_LOCAL, 9002 bytes)
[2024-12-09T17:50:12.309+0000] {spark_submit.py:634} INFO - 24/12/09 17:50:12 INFO Executor: Running task 0.0 in stage 1.0 (TID 1)
[2024-12-09T17:50:12.638+0000] {spark_submit.py:634} INFO - 24/12/09 17:50:12 INFO ShuffleBlockFetcherIterator: Getting 1 (189.0 B) non-empty blocks including 1 (189.0 B) local and 0 (0.0 B) host-local and 0 (0.0 B) push-merged-local and 0 (0.0 B) remote blocks
[2024-12-09T17:50:12.665+0000] {spark_submit.py:634} INFO - 24/12/09 17:50:12 INFO ShuffleBlockFetcherIterator: Started 0 remote fetches in 98 ms
[2024-12-09T17:50:12.737+0000] {spark_submit.py:634} INFO - 24/12/09 17:50:12 INFO Executor: Finished task 0.0 in stage 1.0 (TID 1). 2001 bytes result sent to driver
[2024-12-09T17:50:12.745+0000] {spark_submit.py:634} INFO - 24/12/09 17:50:12 INFO TaskSetManager: Finished task 0.0 in stage 1.0 (TID 1) in 447 ms on 2a892a3469ec (executor driver) (1/1)
[2024-12-09T17:50:12.748+0000] {spark_submit.py:634} INFO - 24/12/09 17:50:12 INFO TaskSchedulerImpl: Removed TaskSet 1.0, whose tasks have all completed, from pool
[2024-12-09T17:50:12.751+0000] {spark_submit.py:634} INFO - 24/12/09 17:50:12 INFO DAGScheduler: ResultStage 1 (collect at WordCountJob.java:37) finished in 0.478 s
[2024-12-09T17:50:12.754+0000] {spark_submit.py:634} INFO - 24/12/09 17:50:12 INFO DAGScheduler: Job 0 is finished. Cancelling potential speculative or zombie tasks for this job
[2024-12-09T17:50:12.756+0000] {spark_submit.py:634} INFO - 24/12/09 17:50:12 INFO TaskSchedulerImpl: Killing all running tasks in stage 1: Stage finished
[2024-12-09T17:50:12.767+0000] {spark_submit.py:634} INFO - 24/12/09 17:50:12 INFO DAGScheduler: Job 0 finished: collect at WordCountJob.java:37, took 2.350113 s
[2024-12-09T17:50:12.782+0000] {spark_submit.py:634} INFO - spark: 1
[2024-12-09T17:50:12.786+0000] {spark_submit.py:634} INFO - docker: 1
[2024-12-09T17:50:12.787+0000] {spark_submit.py:634} INFO - Yusuf: 1
[2024-12-09T17:50:12.788+0000] {spark_submit.py:634} INFO - hello: 5
[2024-12-09T17:50:12.788+0000] {spark_submit.py:634} INFO - java: 1
[2024-12-09T17:50:12.788+0000] {spark_submit.py:634} INFO - world: 1
[2024-12-09T17:50:12.789+0000] {spark_submit.py:634} INFO - 24/12/09 17:50:12 INFO SparkContext: SparkContext is stopping with exitCode 0.
[2024-12-09T17:50:12.851+0000] {spark_submit.py:634} INFO - 24/12/09 17:50:12 INFO SparkUI: Stopped Spark web UI at http://2a892a3469ec:4040
[2024-12-09T17:50:12.913+0000] {spark_submit.py:634} INFO - 24/12/09 17:50:12 INFO MapOutputTrackerMasterEndpoint: MapOutputTrackerMasterEndpoint stopped!
[2024-12-09T17:50:13.035+0000] {spark_submit.py:634} INFO - 24/12/09 17:50:13 INFO MemoryStore: MemoryStore cleared
[2024-12-09T17:50:13.036+0000] {spark_submit.py:634} INFO - 24/12/09 17:50:13 INFO BlockManager: BlockManager stopped
[2024-12-09T17:50:13.047+0000] {spark_submit.py:634} INFO - 24/12/09 17:50:13 INFO BlockManagerMaster: BlockManagerMaster stopped
[2024-12-09T17:50:13.056+0000] {spark_submit.py:634} INFO - 24/12/09 17:50:13 INFO OutputCommitCoordinator$OutputCommitCoordinatorEndpoint: OutputCommitCoordinator stopped!
[2024-12-09T17:50:13.105+0000] {spark_submit.py:634} INFO - 24/12/09 17:50:13 INFO SparkContext: Successfully stopped SparkContext
[2024-12-09T17:50:13.124+0000] {spark_submit.py:634} INFO - 24/12/09 17:50:13 INFO ShutdownHookManager: Shutdown hook called
[2024-12-09T17:50:13.132+0000] {spark_submit.py:634} INFO - 24/12/09 17:50:13 INFO ShutdownHookManager: Deleting directory /tmp/spark-4ee6f096-9d9d-4e1b-a8a0-2efad431b9c8
[2024-12-09T17:50:13.159+0000] {spark_submit.py:634} INFO - 24/12/09 17:50:13 INFO ShutdownHookManager: Deleting directory /tmp/spark-c11c1cd4-d360-4370-b927-31b2f177dbc8
[2024-12-09T17:50:13.498+0000] {taskinstance.py:340} INFO - ::group::Post task execution logs
[2024-12-09T17:50:13.500+0000] {taskinstance.py:352} INFO - Marking task as SUCCESS. dag_id=sparking_flow, task_id=java_job, run_id=manual__2024-12-09T17:49:54.220710+00:00, execution_date=20241209T174954, start_date=20241209T174956, end_date=20241209T175013
[2024-12-09T17:50:13.552+0000] {local_task_job_runner.py:266} INFO - Task exited with return code 0
[2024-12-09T17:50:13.616+0000] {taskinstance.py:3895} INFO - 0 downstream tasks scheduled from follow-on schedule check
[2024-12-09T17:50:13.622+0000] {local_task_job_runner.py:245} INFO - ::endgroup::
