[2024-12-09T17:52:30.772+0000] {local_task_job_runner.py:123} INFO - ::group::Pre task execution logs
[2024-12-09T17:52:30.796+0000] {taskinstance.py:2613} INFO - Dependencies all met for dep_context=non-requeueable deps ti=<TaskInstance: sparking_flow.python_job manual__2024-12-09T17:52:28.741877+00:00 [queued]>
[2024-12-09T17:52:30.807+0000] {taskinstance.py:2613} INFO - Dependencies all met for dep_context=requeueable deps ti=<TaskInstance: sparking_flow.python_job manual__2024-12-09T17:52:28.741877+00:00 [queued]>
[2024-12-09T17:52:30.808+0000] {taskinstance.py:2866} INFO - Starting attempt 1 of 1
[2024-12-09T17:52:30.822+0000] {taskinstance.py:2889} INFO - Executing <Task(SparkSubmitOperator): python_job> on 2024-12-09 17:52:28.741877+00:00
[2024-12-09T17:52:30.835+0000] {logging_mixin.py:190} WARNING - /home/***/.local/lib/python3.12/site-packages/***/task/task_runner/standard_task_runner.py:70 DeprecationWarning: This process (pid=185) is multi-threaded, use of fork() may lead to deadlocks in the child.
[2024-12-09T17:52:30.837+0000] {standard_task_runner.py:72} INFO - Started process 192 to run task
[2024-12-09T17:52:30.836+0000] {standard_task_runner.py:104} INFO - Running: ['***', 'tasks', 'run', 'sparking_flow', 'python_job', 'manual__2024-12-09T17:52:28.741877+00:00', '--job-id', '580', '--raw', '--subdir', 'DAGS_FOLDER/spark_***.py', '--cfg-path', '/tmp/tmpd5ye4lar']
[2024-12-09T17:52:30.840+0000] {standard_task_runner.py:105} INFO - Job 580: Subtask python_job
[2024-12-09T17:52:30.930+0000] {task_command.py:467} INFO - Running <TaskInstance: sparking_flow.python_job manual__2024-12-09T17:52:28.741877+00:00 [running]> on host 2a892a3469ec
[2024-12-09T17:52:31.109+0000] {taskinstance.py:3132} INFO - Exporting env vars: AIRFLOW_CTX_DAG_OWNER='Yusuf Ganiyu' AIRFLOW_CTX_DAG_ID='sparking_flow' AIRFLOW_CTX_TASK_ID='python_job' AIRFLOW_CTX_EXECUTION_DATE='2024-12-09T17:52:28.741877+00:00' AIRFLOW_CTX_TRY_NUMBER='1' AIRFLOW_CTX_DAG_RUN_ID='manual__2024-12-09T17:52:28.741877+00:00'
[2024-12-09T17:52:31.110+0000] {taskinstance.py:731} INFO - ::endgroup::
[2024-12-09T17:52:31.155+0000] {base.py:84} INFO - Retrieving connection 'spark-conn'
[2024-12-09T17:52:31.156+0000] {spark_submit.py:473} INFO - Spark-Submit cmd: spark-submit --master spark://sparkingflow-spark-master-1:7077 --name arrow-spark --deploy-mode client jobs/python/wordcountjob.py
[2024-12-09T17:52:38.991+0000] {spark_submit.py:634} INFO - 24/12/09 17:52:38 INFO SparkContext: Running Spark version 3.5.3
[2024-12-09T17:52:39.009+0000] {spark_submit.py:634} INFO - 24/12/09 17:52:38 INFO SparkContext: OS info Linux, 6.10.14-linuxkit, aarch64
[2024-12-09T17:52:39.009+0000] {spark_submit.py:634} INFO - 24/12/09 17:52:38 INFO SparkContext: Java version 17.0.13
[2024-12-09T17:52:39.130+0000] {spark_submit.py:634} INFO - 24/12/09 17:52:39 WARN NativeCodeLoader: Unable to load native-hadoop library for your platform... using builtin-java classes where applicable
[2024-12-09T17:52:39.510+0000] {spark_submit.py:634} INFO - 24/12/09 17:52:39 INFO ResourceUtils: ==============================================================
[2024-12-09T17:52:39.520+0000] {spark_submit.py:634} INFO - 24/12/09 17:52:39 INFO ResourceUtils: No custom resources configured for spark.driver.
[2024-12-09T17:52:39.522+0000] {spark_submit.py:634} INFO - 24/12/09 17:52:39 INFO ResourceUtils: ==============================================================
[2024-12-09T17:52:39.523+0000] {spark_submit.py:634} INFO - 24/12/09 17:52:39 INFO SparkContext: Submitted application: CSVReadExample
[2024-12-09T17:52:39.580+0000] {spark_submit.py:634} INFO - 24/12/09 17:52:39 INFO ResourceProfile: Default ResourceProfile created, executor resources: Map(memory -> name: memory, amount: 1024, script: , vendor: , offHeap -> name: offHeap, amount: 0, script: , vendor: ), task resources: Map(cpus -> name: cpus, amount: 1.0)
[2024-12-09T17:52:39.611+0000] {spark_submit.py:634} INFO - 24/12/09 17:52:39 INFO ResourceProfile: Limiting resource is cpu
[2024-12-09T17:52:39.613+0000] {spark_submit.py:634} INFO - 24/12/09 17:52:39 INFO ResourceProfileManager: Added ResourceProfile id: 0
[2024-12-09T17:52:39.834+0000] {spark_submit.py:634} INFO - 24/12/09 17:52:39 INFO SecurityManager: Changing view acls to: ***
[2024-12-09T17:52:39.840+0000] {spark_submit.py:634} INFO - 24/12/09 17:52:39 INFO SecurityManager: Changing modify acls to: ***
[2024-12-09T17:52:39.848+0000] {spark_submit.py:634} INFO - 24/12/09 17:52:39 INFO SecurityManager: Changing view acls groups to:
[2024-12-09T17:52:39.851+0000] {spark_submit.py:634} INFO - 24/12/09 17:52:39 INFO SecurityManager: Changing modify acls groups to:
[2024-12-09T17:52:39.854+0000] {spark_submit.py:634} INFO - 24/12/09 17:52:39 INFO SecurityManager: SecurityManager: authentication disabled; ui acls disabled; users with view permissions: ***; groups with view permissions: EMPTY; users with modify permissions: ***; groups with modify permissions: EMPTY
[2024-12-09T17:52:40.862+0000] {spark_submit.py:634} INFO - 24/12/09 17:52:40 INFO Utils: Successfully started service 'sparkDriver' on port 42513.
[2024-12-09T17:52:41.034+0000] {spark_submit.py:634} INFO - 24/12/09 17:52:41 INFO SparkEnv: Registering MapOutputTracker
[2024-12-09T17:52:41.341+0000] {spark_submit.py:634} INFO - 24/12/09 17:52:41 INFO SparkEnv: Registering BlockManagerMaster
[2024-12-09T17:52:41.456+0000] {spark_submit.py:634} INFO - 24/12/09 17:52:41 INFO BlockManagerMasterEndpoint: Using org.apache.spark.storage.DefaultTopologyMapper for getting topology information
[2024-12-09T17:52:41.458+0000] {spark_submit.py:634} INFO - 24/12/09 17:52:41 INFO BlockManagerMasterEndpoint: BlockManagerMasterEndpoint up
[2024-12-09T17:52:41.499+0000] {spark_submit.py:634} INFO - 24/12/09 17:52:41 INFO SparkEnv: Registering BlockManagerMasterHeartbeat
[2024-12-09T17:52:41.612+0000] {spark_submit.py:634} INFO - 24/12/09 17:52:41 INFO DiskBlockManager: Created local directory at /tmp/blockmgr-9ee5ac91-401c-4458-882b-62e190920177
[2024-12-09T17:52:41.645+0000] {spark_submit.py:634} INFO - 24/12/09 17:52:41 INFO MemoryStore: MemoryStore started with capacity 434.4 MiB
[2024-12-09T17:52:41.800+0000] {spark_submit.py:634} INFO - 24/12/09 17:52:41 INFO SparkEnv: Registering OutputCommitCoordinator
[2024-12-09T17:52:42.730+0000] {spark_submit.py:634} INFO - 24/12/09 17:52:42 INFO JettyUtils: Start Jetty 0.0.0.0:4040 for SparkUI
[2024-12-09T17:52:43.175+0000] {spark_submit.py:634} INFO - 24/12/09 17:52:43 INFO Utils: Successfully started service 'SparkUI' on port 4040.
[2024-12-09T17:52:43.526+0000] {spark_submit.py:634} INFO - 24/12/09 17:52:43 INFO StandaloneAppClient$ClientEndpoint: Connecting to master spark://sparkingflow-spark-master-1:7077...
[2024-12-09T17:52:43.664+0000] {spark_submit.py:634} INFO - 24/12/09 17:52:43 INFO TransportClientFactory: Successfully created connection to sparkingflow-spark-master-1/172.18.0.4:7077 after 67 ms (0 ms spent in bootstraps)
[2024-12-09T17:52:43.915+0000] {spark_submit.py:634} INFO - 24/12/09 17:52:43 INFO StandaloneSchedulerBackend: Connected to Spark cluster with app ID app-20241209175243-0001
[2024-12-09T17:52:43.930+0000] {spark_submit.py:634} INFO - 24/12/09 17:52:43 INFO Utils: Successfully started service 'org.apache.spark.network.netty.NettyBlockTransferService' on port 42735.
[2024-12-09T17:52:43.935+0000] {spark_submit.py:634} INFO - 24/12/09 17:52:43 INFO NettyBlockTransferService: Server created on 2a892a3469ec:42735
[2024-12-09T17:52:43.939+0000] {spark_submit.py:634} INFO - 24/12/09 17:52:43 INFO BlockManager: Using org.apache.spark.storage.RandomBlockReplicationPolicy for block replication policy
[2024-12-09T17:52:43.952+0000] {spark_submit.py:634} INFO - 24/12/09 17:52:43 INFO BlockManagerMaster: Registering BlockManager BlockManagerId(driver, 2a892a3469ec, 42735, None)
[2024-12-09T17:52:43.966+0000] {spark_submit.py:634} INFO - 24/12/09 17:52:43 INFO BlockManagerMasterEndpoint: Registering block manager 2a892a3469ec:42735 with 434.4 MiB RAM, BlockManagerId(driver, 2a892a3469ec, 42735, None)
[2024-12-09T17:52:43.968+0000] {spark_submit.py:634} INFO - 24/12/09 17:52:43 INFO BlockManagerMaster: Registered BlockManager BlockManagerId(driver, 2a892a3469ec, 42735, None)
[2024-12-09T17:52:43.971+0000] {spark_submit.py:634} INFO - 24/12/09 17:52:43 INFO BlockManager: Initialized BlockManager: BlockManagerId(driver, 2a892a3469ec, 42735, None)
[2024-12-09T17:52:44.303+0000] {spark_submit.py:634} INFO - 24/12/09 17:52:44 INFO StandaloneSchedulerBackend: SchedulerBackend is ready for scheduling beginning after reached minRegisteredResourcesRatio: 0.0
[2024-12-09T17:52:44.855+0000] {spark_submit.py:634} INFO - Traceback (most recent call last):
[2024-12-09T17:52:44.857+0000] {spark_submit.py:634} INFO - File "/opt/***/jobs/python/wordcountjob.py", line 36, in <module>
[2024-12-09T17:52:44.858+0000] {spark_submit.py:634} INFO - spark.sparkContext.addFile(local_file_path)
[2024-12-09T17:52:44.859+0000] {spark_submit.py:634} INFO - File "/home/***/.local/lib/python3.12/site-packages/pyspark/python/lib/pyspark.zip/pyspark/context.py", line 1898, in addFile
[2024-12-09T17:52:44.860+0000] {spark_submit.py:634} INFO - File "/home/***/.local/lib/python3.12/site-packages/pyspark/python/lib/py4j-0.10.9.7-src.zip/py4j/java_gateway.py", line 1322, in __call__
[2024-12-09T17:52:44.861+0000] {spark_submit.py:634} INFO - File "/home/***/.local/lib/python3.12/site-packages/pyspark/python/lib/pyspark.zip/pyspark/errors/exceptions/captured.py", line 179, in deco
[2024-12-09T17:52:44.861+0000] {spark_submit.py:634} INFO - File "/home/***/.local/lib/python3.12/site-packages/pyspark/python/lib/py4j-0.10.9.7-src.zip/py4j/protocol.py", line 326, in get_return_value
[2024-12-09T17:52:44.862+0000] {spark_submit.py:634} INFO - py4j.protocol.Py4JJavaError: An error occurred while calling o24.addFile.
[2024-12-09T17:52:44.863+0000] {spark_submit.py:634} INFO - : java.io.FileNotFoundException: File file:/home/shared/data/test1234.csv does not exist
[2024-12-09T17:52:44.864+0000] {spark_submit.py:634} INFO - at org.apache.hadoop.fs.RawLocalFileSystem.deprecatedGetFileStatus(RawLocalFileSystem.java:779)
[2024-12-09T17:52:44.864+0000] {spark_submit.py:634} INFO - at org.apache.hadoop.fs.RawLocalFileSystem.getFileLinkStatusInternal(RawLocalFileSystem.java:1100)
[2024-12-09T17:52:44.865+0000] {spark_submit.py:634} INFO - at org.apache.hadoop.fs.RawLocalFileSystem.getFileStatus(RawLocalFileSystem.java:769)
[2024-12-09T17:52:44.865+0000] {spark_submit.py:634} INFO - at org.apache.hadoop.fs.FilterFileSystem.getFileStatus(FilterFileSystem.java:462)
[2024-12-09T17:52:44.866+0000] {spark_submit.py:634} INFO - at org.apache.spark.SparkContext.addFile(SparkContext.scala:1750)
[2024-12-09T17:52:44.868+0000] {spark_submit.py:634} INFO - at org.apache.spark.SparkContext.addFile(SparkContext.scala:1728)
[2024-12-09T17:52:44.869+0000] {spark_submit.py:634} INFO - at java.base/jdk.internal.reflect.NativeMethodAccessorImpl.invoke0(Native Method)
[2024-12-09T17:52:44.869+0000] {spark_submit.py:634} INFO - at java.base/jdk.internal.reflect.NativeMethodAccessorImpl.invoke(NativeMethodAccessorImpl.java:77)
[2024-12-09T17:52:44.870+0000] {spark_submit.py:634} INFO - at java.base/jdk.internal.reflect.DelegatingMethodAccessorImpl.invoke(DelegatingMethodAccessorImpl.java:43)
[2024-12-09T17:52:44.870+0000] {spark_submit.py:634} INFO - at java.base/java.lang.reflect.Method.invoke(Method.java:569)
[2024-12-09T17:52:44.871+0000] {spark_submit.py:634} INFO - at py4j.reflection.MethodInvoker.invoke(MethodInvoker.java:244)
[2024-12-09T17:52:44.871+0000] {spark_submit.py:634} INFO - at py4j.reflection.ReflectionEngine.invoke(ReflectionEngine.java:374)
[2024-12-09T17:52:44.872+0000] {spark_submit.py:634} INFO - at py4j.Gateway.invoke(Gateway.java:282)
[2024-12-09T17:52:44.872+0000] {spark_submit.py:634} INFO - at py4j.commands.AbstractCommand.invokeMethod(AbstractCommand.java:132)
[2024-12-09T17:52:44.872+0000] {spark_submit.py:634} INFO - at py4j.commands.CallCommand.execute(CallCommand.java:79)
[2024-12-09T17:52:44.873+0000] {spark_submit.py:634} INFO - at py4j.ClientServerConnection.waitForCommands(ClientServerConnection.java:182)
[2024-12-09T17:52:44.873+0000] {spark_submit.py:634} INFO - at py4j.ClientServerConnection.run(ClientServerConnection.java:106)
[2024-12-09T17:52:44.874+0000] {spark_submit.py:634} INFO - at java.base/java.lang.Thread.run(Thread.java:840)
[2024-12-09T17:52:44.874+0000] {spark_submit.py:634} INFO - 
[2024-12-09T17:52:44.986+0000] {spark_submit.py:634} INFO - 24/12/09 17:52:44 INFO SparkContext: Invoking stop() from shutdown hook
[2024-12-09T17:52:44.989+0000] {spark_submit.py:634} INFO - 24/12/09 17:52:44 INFO SparkContext: SparkContext is stopping with exitCode 0.
[2024-12-09T17:52:45.014+0000] {spark_submit.py:634} INFO - 24/12/09 17:52:45 INFO SparkUI: Stopped Spark web UI at http://2a892a3469ec:4040
[2024-12-09T17:52:45.024+0000] {spark_submit.py:634} INFO - 24/12/09 17:52:45 INFO StandaloneSchedulerBackend: Shutting down all executors
[2024-12-09T17:52:45.028+0000] {spark_submit.py:634} INFO - 24/12/09 17:52:45 INFO StandaloneSchedulerBackend$StandaloneDriverEndpoint: Asking each executor to shut down
[2024-12-09T17:52:45.074+0000] {spark_submit.py:634} INFO - 24/12/09 17:52:45 INFO MapOutputTrackerMasterEndpoint: MapOutputTrackerMasterEndpoint stopped!
[2024-12-09T17:52:45.133+0000] {spark_submit.py:634} INFO - 24/12/09 17:52:45 INFO MemoryStore: MemoryStore cleared
[2024-12-09T17:52:45.153+0000] {spark_submit.py:634} INFO - 24/12/09 17:52:45 INFO BlockManager: BlockManager stopped
[2024-12-09T17:52:45.161+0000] {spark_submit.py:634} INFO - 24/12/09 17:52:45 INFO BlockManagerMaster: BlockManagerMaster stopped
[2024-12-09T17:52:45.178+0000] {spark_submit.py:634} INFO - 24/12/09 17:52:45 INFO OutputCommitCoordinator$OutputCommitCoordinatorEndpoint: OutputCommitCoordinator stopped!
[2024-12-09T17:52:45.215+0000] {spark_submit.py:634} INFO - 24/12/09 17:52:45 INFO SparkContext: Successfully stopped SparkContext
[2024-12-09T17:52:45.217+0000] {spark_submit.py:634} INFO - 24/12/09 17:52:45 INFO ShutdownHookManager: Shutdown hook called
[2024-12-09T17:52:45.219+0000] {spark_submit.py:634} INFO - 24/12/09 17:52:45 INFO ShutdownHookManager: Deleting directory /tmp/spark-53597daa-a863-4845-92f5-bd87d326198d
[2024-12-09T17:52:45.243+0000] {spark_submit.py:634} INFO - 24/12/09 17:52:45 INFO ShutdownHookManager: Deleting directory /tmp/spark-3df5313e-f96c-4e80-b05f-8666474d6fb5/pyspark-abfad3ab-e29d-4631-be2e-37985a0334da
[2024-12-09T17:52:45.254+0000] {spark_submit.py:634} INFO - 24/12/09 17:52:45 INFO ShutdownHookManager: Deleting directory /tmp/spark-3df5313e-f96c-4e80-b05f-8666474d6fb5
[2024-12-09T17:52:45.382+0000] {taskinstance.py:3311} ERROR - Task failed with exception
Traceback (most recent call last):
  File "/home/airflow/.local/lib/python3.12/site-packages/airflow/models/taskinstance.py", line 767, in _execute_task
    result = _execute_callable(context=context, **execute_callable_kwargs)
             ^^^^^^^^^^^^^^^^^^^^^^^^^^^^^^^^^^^^^^^^^^^^^^^^^^^^^^^^^^^^^
  File "/home/airflow/.local/lib/python3.12/site-packages/airflow/models/taskinstance.py", line 733, in _execute_callable
    return ExecutionCallableRunner(
           ^^^^^^^^^^^^^^^^^^^^^^^^
  File "/home/airflow/.local/lib/python3.12/site-packages/airflow/utils/operator_helpers.py", line 252, in run
    return self.func(*args, **kwargs)
           ^^^^^^^^^^^^^^^^^^^^^^^^^^
  File "/home/airflow/.local/lib/python3.12/site-packages/airflow/models/baseoperator.py", line 417, in wrapper
    return func(self, *args, **kwargs)
           ^^^^^^^^^^^^^^^^^^^^^^^^^^^
  File "/home/airflow/.local/lib/python3.12/site-packages/airflow/providers/apache/spark/operators/spark_submit.py", line 176, in execute
    self._hook.submit(self.application)
  File "/home/airflow/.local/lib/python3.12/site-packages/airflow/providers/apache/spark/hooks/spark_submit.py", line 560, in submit
    raise AirflowException(
airflow.exceptions.AirflowException: Cannot execute: spark-submit --master spark://sparkingflow-spark-master-1:7077 --name arrow-spark --deploy-mode client jobs/python/wordcountjob.py. Error code is: 1.
[2024-12-09T17:52:45.427+0000] {taskinstance.py:1225} INFO - Marking task as FAILED. dag_id=sparking_flow, task_id=python_job, run_id=manual__2024-12-09T17:52:28.741877+00:00, execution_date=20241209T175228, start_date=20241209T175230, end_date=20241209T175245
[2024-12-09T17:52:45.459+0000] {taskinstance.py:340} INFO - ::group::Post task execution logs
[2024-12-09T17:52:45.461+0000] {standard_task_runner.py:124} ERROR - Failed to execute job 580 for task python_job (Cannot execute: spark-submit --master spark://sparkingflow-spark-master-1:7077 --name arrow-spark --deploy-mode client jobs/python/wordcountjob.py. Error code is: 1.; 192)
Traceback (most recent call last):
  File "/home/airflow/.local/lib/python3.12/site-packages/airflow/task/task_runner/standard_task_runner.py", line 117, in _start_by_fork
    ret = args.func(args, dag=self.dag)
          ^^^^^^^^^^^^^^^^^^^^^^^^^^^^^
  File "/home/airflow/.local/lib/python3.12/site-packages/airflow/cli/cli_config.py", line 49, in command
    return func(*args, **kwargs)
           ^^^^^^^^^^^^^^^^^^^^^
  File "/home/airflow/.local/lib/python3.12/site-packages/airflow/utils/cli.py", line 116, in wrapper
    return f(*args, **kwargs)
           ^^^^^^^^^^^^^^^^^^
  File "/home/airflow/.local/lib/python3.12/site-packages/airflow/cli/commands/task_command.py", line 483, in task_run
    task_return_code = _run_task_by_selected_method(args, _dag, ti)
                       ^^^^^^^^^^^^^^^^^^^^^^^^^^^^^^^^^^^^^^^^^^^^
  File "/home/airflow/.local/lib/python3.12/site-packages/airflow/cli/commands/task_command.py", line 256, in _run_task_by_selected_method
    return _run_raw_task(args, ti)
           ^^^^^^^^^^^^^^^^^^^^^^^
  File "/home/airflow/.local/lib/python3.12/site-packages/airflow/cli/commands/task_command.py", line 341, in _run_raw_task
    return ti._run_raw_task(
           ^^^^^^^^^^^^^^^^^
  File "/home/airflow/.local/lib/python3.12/site-packages/airflow/utils/session.py", line 97, in wrapper
    return func(*args, session=session, **kwargs)
           ^^^^^^^^^^^^^^^^^^^^^^^^^^^^^^^^^^^^^^
  File "/home/airflow/.local/lib/python3.12/site-packages/airflow/models/taskinstance.py", line 3005, in _run_raw_task
    return _run_raw_task(
           ^^^^^^^^^^^^^^
  File "/home/airflow/.local/lib/python3.12/site-packages/airflow/models/taskinstance.py", line 273, in _run_raw_task
    TaskInstance._execute_task_with_callbacks(
  File "/home/airflow/.local/lib/python3.12/site-packages/airflow/models/taskinstance.py", line 3159, in _execute_task_with_callbacks
    result = self._execute_task(context, task_orig)
             ^^^^^^^^^^^^^^^^^^^^^^^^^^^^^^^^^^^^^^
  File "/home/airflow/.local/lib/python3.12/site-packages/airflow/models/taskinstance.py", line 3183, in _execute_task
    return _execute_task(self, context, task_orig)
           ^^^^^^^^^^^^^^^^^^^^^^^^^^^^^^^^^^^^^^^
  File "/home/airflow/.local/lib/python3.12/site-packages/airflow/models/taskinstance.py", line 767, in _execute_task
    result = _execute_callable(context=context, **execute_callable_kwargs)
             ^^^^^^^^^^^^^^^^^^^^^^^^^^^^^^^^^^^^^^^^^^^^^^^^^^^^^^^^^^^^^
  File "/home/airflow/.local/lib/python3.12/site-packages/airflow/models/taskinstance.py", line 733, in _execute_callable
    return ExecutionCallableRunner(
           ^^^^^^^^^^^^^^^^^^^^^^^^
  File "/home/airflow/.local/lib/python3.12/site-packages/airflow/utils/operator_helpers.py", line 252, in run
    return self.func(*args, **kwargs)
           ^^^^^^^^^^^^^^^^^^^^^^^^^^
  File "/home/airflow/.local/lib/python3.12/site-packages/airflow/models/baseoperator.py", line 417, in wrapper
    return func(self, *args, **kwargs)
           ^^^^^^^^^^^^^^^^^^^^^^^^^^^
  File "/home/airflow/.local/lib/python3.12/site-packages/airflow/providers/apache/spark/operators/spark_submit.py", line 176, in execute
    self._hook.submit(self.application)
  File "/home/airflow/.local/lib/python3.12/site-packages/airflow/providers/apache/spark/hooks/spark_submit.py", line 560, in submit
    raise AirflowException(
airflow.exceptions.AirflowException: Cannot execute: spark-submit --master spark://sparkingflow-spark-master-1:7077 --name arrow-spark --deploy-mode client jobs/python/wordcountjob.py. Error code is: 1.
[2024-12-09T17:52:45.513+0000] {local_task_job_runner.py:266} INFO - Task exited with return code 1
[2024-12-09T17:52:45.577+0000] {taskinstance.py:3895} INFO - 0 downstream tasks scheduled from follow-on schedule check
[2024-12-09T17:52:45.583+0000] {local_task_job_runner.py:245} INFO - ::endgroup::
