[2024-12-09T14:14:25.084+0000] {local_task_job_runner.py:123} INFO - ::group::Pre task execution logs
[2024-12-09T14:14:25.111+0000] {taskinstance.py:2613} INFO - Dependencies all met for dep_context=non-requeueable deps ti=<TaskInstance: sparking_flow.scala_job manual__2024-12-09T14:14:23.541060+00:00 [queued]>
[2024-12-09T14:14:25.123+0000] {taskinstance.py:2613} INFO - Dependencies all met for dep_context=requeueable deps ti=<TaskInstance: sparking_flow.scala_job manual__2024-12-09T14:14:23.541060+00:00 [queued]>
[2024-12-09T14:14:25.124+0000] {taskinstance.py:2866} INFO - Starting attempt 1 of 1
[2024-12-09T14:14:25.144+0000] {taskinstance.py:2889} INFO - Executing <Task(SparkSubmitOperator): scala_job> on 2024-12-09 14:14:23.541060+00:00
[2024-12-09T14:14:25.153+0000] {standard_task_runner.py:104} INFO - Running: ['***', 'tasks', 'run', 'sparking_flow', 'scala_job', 'manual__2024-12-09T14:14:23.541060+00:00', '--job-id', '491', '--raw', '--subdir', 'DAGS_FOLDER/spark_***.py', '--cfg-path', '/tmp/tmpc84rnd9h']
[2024-12-09T14:14:25.159+0000] {logging_mixin.py:190} WARNING - /home/***/.local/lib/python3.12/site-packages/***/task/task_runner/standard_task_runner.py:70 DeprecationWarning: This process (pid=186) is multi-threaded, use of fork() may lead to deadlocks in the child.
[2024-12-09T14:14:25.161+0000] {standard_task_runner.py:105} INFO - Job 491: Subtask scala_job
[2024-12-09T14:14:25.161+0000] {standard_task_runner.py:72} INFO - Started process 188 to run task
[2024-12-09T14:14:25.263+0000] {task_command.py:467} INFO - Running <TaskInstance: sparking_flow.scala_job manual__2024-12-09T14:14:23.541060+00:00 [running]> on host 2a892a3469ec
[2024-12-09T14:14:25.401+0000] {taskinstance.py:3132} INFO - Exporting env vars: AIRFLOW_CTX_DAG_OWNER='Yusuf Ganiyu' AIRFLOW_CTX_DAG_ID='sparking_flow' AIRFLOW_CTX_TASK_ID='scala_job' AIRFLOW_CTX_EXECUTION_DATE='2024-12-09T14:14:23.541060+00:00' AIRFLOW_CTX_TRY_NUMBER='1' AIRFLOW_CTX_DAG_RUN_ID='manual__2024-12-09T14:14:23.541060+00:00'
[2024-12-09T14:14:25.402+0000] {taskinstance.py:731} INFO - ::endgroup::
[2024-12-09T14:14:25.440+0000] {base.py:84} INFO - Retrieving connection 'spark-conn'
[2024-12-09T14:14:25.443+0000] {spark_submit.py:473} INFO - Spark-Submit cmd: spark-submit --master spark://sparkingflow-spark-master-1:7077 --name arrow-spark --deploy-mode client jobs/scala/target/scala-2.12/word-count_2.12-0.1.jar
[2024-12-09T14:14:30.752+0000] {spark_submit.py:634} INFO - 24/12/09 14:14:30 WARN NativeCodeLoader: Unable to load native-hadoop library for your platform... using builtin-java classes where applicable
[2024-12-09T14:14:31.285+0000] {spark_submit.py:634} INFO - 24/12/09 14:14:31 INFO SparkContext: Running Spark version 3.5.3
[2024-12-09T14:14:31.286+0000] {spark_submit.py:634} INFO - 24/12/09 14:14:31 INFO SparkContext: OS info Linux, 6.10.14-linuxkit, aarch64
[2024-12-09T14:14:31.287+0000] {spark_submit.py:634} INFO - 24/12/09 14:14:31 INFO SparkContext: Java version 17.0.13
[2024-12-09T14:14:31.344+0000] {spark_submit.py:634} INFO - 24/12/09 14:14:31 INFO ResourceUtils: ==============================================================
[2024-12-09T14:14:31.347+0000] {spark_submit.py:634} INFO - 24/12/09 14:14:31 INFO ResourceUtils: No custom resources configured for spark.driver.
[2024-12-09T14:14:31.348+0000] {spark_submit.py:634} INFO - 24/12/09 14:14:31 INFO ResourceUtils: ==============================================================
[2024-12-09T14:14:31.352+0000] {spark_submit.py:634} INFO - 24/12/09 14:14:31 INFO SparkContext: Submitted application: Word Count
[2024-12-09T14:14:31.381+0000] {spark_submit.py:634} INFO - 24/12/09 14:14:31 INFO ResourceProfile: Default ResourceProfile created, executor resources: Map(memory -> name: memory, amount: 1024, script: , vendor: , offHeap -> name: offHeap, amount: 0, script: , vendor: ), task resources: Map(cpus -> name: cpus, amount: 1.0)
[2024-12-09T14:14:31.396+0000] {spark_submit.py:634} INFO - 24/12/09 14:14:31 INFO ResourceProfile: Limiting resource is cpu
[2024-12-09T14:14:31.397+0000] {spark_submit.py:634} INFO - 24/12/09 14:14:31 INFO ResourceProfileManager: Added ResourceProfile id: 0
[2024-12-09T14:14:31.470+0000] {spark_submit.py:634} INFO - 24/12/09 14:14:31 INFO SecurityManager: Changing view acls to: ***
[2024-12-09T14:14:31.473+0000] {spark_submit.py:634} INFO - 24/12/09 14:14:31 INFO SecurityManager: Changing modify acls to: ***
[2024-12-09T14:14:31.475+0000] {spark_submit.py:634} INFO - 24/12/09 14:14:31 INFO SecurityManager: Changing view acls groups to:
[2024-12-09T14:14:31.475+0000] {spark_submit.py:634} INFO - 24/12/09 14:14:31 INFO SecurityManager: Changing modify acls groups to:
[2024-12-09T14:14:31.476+0000] {spark_submit.py:634} INFO - 24/12/09 14:14:31 INFO SecurityManager: SecurityManager: authentication disabled; ui acls disabled; users with view permissions: ***; groups with view permissions: EMPTY; users with modify permissions: ***; groups with modify permissions: EMPTY
[2024-12-09T14:14:31.807+0000] {spark_submit.py:634} INFO - 24/12/09 14:14:31 INFO Utils: Successfully started service 'sparkDriver' on port 36525.
[2024-12-09T14:14:31.842+0000] {spark_submit.py:634} INFO - 24/12/09 14:14:31 INFO SparkEnv: Registering MapOutputTracker
[2024-12-09T14:14:31.921+0000] {spark_submit.py:634} INFO - 24/12/09 14:14:31 INFO SparkEnv: Registering BlockManagerMaster
[2024-12-09T14:14:31.950+0000] {spark_submit.py:634} INFO - 24/12/09 14:14:31 INFO BlockManagerMasterEndpoint: Using org.apache.spark.storage.DefaultTopologyMapper for getting topology information
[2024-12-09T14:14:31.951+0000] {spark_submit.py:634} INFO - 24/12/09 14:14:31 INFO BlockManagerMasterEndpoint: BlockManagerMasterEndpoint up
[2024-12-09T14:14:31.957+0000] {spark_submit.py:634} INFO - 24/12/09 14:14:31 INFO SparkEnv: Registering BlockManagerMasterHeartbeat
[2024-12-09T14:14:31.984+0000] {spark_submit.py:634} INFO - 24/12/09 14:14:31 INFO DiskBlockManager: Created local directory at /tmp/blockmgr-be7330be-020e-4465-8cf9-39460898307e
[2024-12-09T14:14:32.005+0000] {spark_submit.py:634} INFO - 24/12/09 14:14:32 INFO MemoryStore: MemoryStore started with capacity 434.4 MiB
[2024-12-09T14:14:32.026+0000] {spark_submit.py:634} INFO - 24/12/09 14:14:32 INFO SparkEnv: Registering OutputCommitCoordinator
[2024-12-09T14:14:32.252+0000] {spark_submit.py:634} INFO - 24/12/09 14:14:32 INFO JettyUtils: Start Jetty 0.0.0.0:4040 for SparkUI
[2024-12-09T14:14:32.348+0000] {spark_submit.py:634} INFO - 24/12/09 14:14:32 INFO Utils: Successfully started service 'SparkUI' on port 4040.
[2024-12-09T14:14:32.411+0000] {spark_submit.py:634} INFO - 24/12/09 14:14:32 INFO SparkContext: Added JAR file:/opt/***/jobs/scala/target/scala-2.12/word-count_2.12-0.1.jar at spark://2a892a3469ec:36525/jars/word-count_2.12-0.1.jar with timestamp 1733753671258
[2024-12-09T14:14:32.619+0000] {spark_submit.py:634} INFO - 24/12/09 14:14:32 INFO StandaloneAppClient$ClientEndpoint: Connecting to master spark://spark-master:7077...
[2024-12-09T14:14:32.718+0000] {spark_submit.py:634} INFO - 24/12/09 14:14:32 INFO TransportClientFactory: Successfully created connection to spark-master/172.18.0.5:7077 after 42 ms (0 ms spent in bootstraps)
[2024-12-09T14:14:33.053+0000] {spark_submit.py:634} INFO - 24/12/09 14:14:33 INFO StandaloneSchedulerBackend: Connected to Spark cluster with app ID app-20241209141432-0000
[2024-12-09T14:14:33.122+0000] {spark_submit.py:634} INFO - 24/12/09 14:14:33 INFO Utils: Successfully started service 'org.apache.spark.network.netty.NettyBlockTransferService' on port 40849.
[2024-12-09T14:14:33.124+0000] {spark_submit.py:634} INFO - 24/12/09 14:14:33 INFO NettyBlockTransferService: Server created on 2a892a3469ec:40849
[2024-12-09T14:14:33.124+0000] {spark_submit.py:634} INFO - 24/12/09 14:14:33 INFO BlockManager: Using org.apache.spark.storage.RandomBlockReplicationPolicy for block replication policy
[2024-12-09T14:14:33.133+0000] {spark_submit.py:634} INFO - 24/12/09 14:14:33 INFO StandaloneAppClient$ClientEndpoint: Executor added: app-20241209141432-0000/0 on worker-20241209141402-172.18.0.7-46409 (172.18.0.7:46409) with 2 core(s)
[2024-12-09T14:14:33.139+0000] {spark_submit.py:634} INFO - 24/12/09 14:14:33 INFO StandaloneSchedulerBackend: Granted executor ID app-20241209141432-0000/0 on hostPort 172.18.0.7:46409 with 2 core(s), 1024.0 MiB RAM
[2024-12-09T14:14:33.161+0000] {spark_submit.py:634} INFO - 24/12/09 14:14:33 INFO BlockManagerMaster: Registering BlockManager BlockManagerId(driver, 2a892a3469ec, 40849, None)
[2024-12-09T14:14:33.173+0000] {spark_submit.py:634} INFO - 24/12/09 14:14:33 INFO BlockManagerMasterEndpoint: Registering block manager 2a892a3469ec:40849 with 434.4 MiB RAM, BlockManagerId(driver, 2a892a3469ec, 40849, None)
[2024-12-09T14:14:33.178+0000] {spark_submit.py:634} INFO - 24/12/09 14:14:33 INFO BlockManagerMaster: Registered BlockManager BlockManagerId(driver, 2a892a3469ec, 40849, None)
[2024-12-09T14:14:33.183+0000] {spark_submit.py:634} INFO - 24/12/09 14:14:33 INFO BlockManager: Initialized BlockManager: BlockManagerId(driver, 2a892a3469ec, 40849, None)
[2024-12-09T14:14:33.657+0000] {spark_submit.py:634} INFO - 24/12/09 14:14:33 INFO StandaloneAppClient$ClientEndpoint: Executor updated: app-20241209141432-0000/0 is now RUNNING
[2024-12-09T14:14:33.789+0000] {spark_submit.py:634} INFO - 24/12/09 14:14:33 INFO StandaloneSchedulerBackend: SchedulerBackend is ready for scheduling beginning after reached minRegisteredResourcesRatio: 0.0
[2024-12-09T14:14:35.194+0000] {spark_submit.py:634} INFO - 24/12/09 14:14:35 INFO SparkContext: Starting job: collect at wordcount.scala:14
[2024-12-09T14:14:36.275+0000] {spark_submit.py:634} INFO - 24/12/09 14:14:36 INFO DAGScheduler: Registering RDD 2 (map at wordcount.scala:11) as input to shuffle 0
[2024-12-09T14:14:36.290+0000] {spark_submit.py:634} INFO - 24/12/09 14:14:36 INFO DAGScheduler: Got job 0 (collect at wordcount.scala:14) with 2 output partitions
[2024-12-09T14:14:36.295+0000] {spark_submit.py:634} INFO - 24/12/09 14:14:36 INFO DAGScheduler: Final stage: ResultStage 1 (collect at wordcount.scala:14)
[2024-12-09T14:14:36.295+0000] {spark_submit.py:634} INFO - 24/12/09 14:14:36 INFO DAGScheduler: Parents of final stage: List(ShuffleMapStage 0)
[2024-12-09T14:14:36.296+0000] {spark_submit.py:634} INFO - 24/12/09 14:14:36 INFO DAGScheduler: Missing parents: List(ShuffleMapStage 0)
[2024-12-09T14:14:36.304+0000] {spark_submit.py:634} INFO - 24/12/09 14:14:36 INFO DAGScheduler: Submitting ShuffleMapStage 0 (MapPartitionsRDD[2] at map at wordcount.scala:11), which has no missing parents
[2024-12-09T14:14:36.467+0000] {spark_submit.py:634} INFO - 24/12/09 14:14:36 INFO MemoryStore: Block broadcast_0 stored as values in memory (estimated size 5.5 KiB, free 434.4 MiB)
[2024-12-09T14:14:36.606+0000] {spark_submit.py:634} INFO - 24/12/09 14:14:36 INFO MemoryStore: Block broadcast_0_piece0 stored as bytes in memory (estimated size 3.2 KiB, free 434.4 MiB)
[2024-12-09T14:14:36.612+0000] {spark_submit.py:634} INFO - 24/12/09 14:14:36 INFO BlockManagerInfo: Added broadcast_0_piece0 in memory on 2a892a3469ec:40849 (size: 3.2 KiB, free: 434.4 MiB)
[2024-12-09T14:14:36.644+0000] {spark_submit.py:634} INFO - 24/12/09 14:14:36 INFO SparkContext: Created broadcast 0 from broadcast at DAGScheduler.scala:1585
[2024-12-09T14:14:36.709+0000] {spark_submit.py:634} INFO - 24/12/09 14:14:36 INFO DAGScheduler: Submitting 2 missing tasks from ShuffleMapStage 0 (MapPartitionsRDD[2] at map at wordcount.scala:11) (first 15 tasks are for partitions Vector(0, 1))
[2024-12-09T14:14:36.719+0000] {spark_submit.py:634} INFO - 24/12/09 14:14:36 INFO TaskSchedulerImpl: Adding task set 0.0 with 2 tasks resource profile 0
[2024-12-09T14:14:39.155+0000] {spark_submit.py:634} INFO - 24/12/09 14:14:39 INFO StandaloneSchedulerBackend$StandaloneDriverEndpoint: Registered executor NettyRpcEndpointRef(spark-client://Executor) (172.18.0.7:40760) with ID 0,  ResourceProfileId 0
[2024-12-09T14:14:39.231+0000] {spark_submit.py:634} INFO - 24/12/09 14:14:39 INFO BlockManagerMasterEndpoint: Registering block manager 172.18.0.7:36677 with 434.4 MiB RAM, BlockManagerId(0, 172.18.0.7, 36677, None)
[2024-12-09T14:14:39.367+0000] {spark_submit.py:634} INFO - 24/12/09 14:14:39 INFO TaskSetManager: Starting task 0.0 in stage 0.0 (TID 0) (172.18.0.7, executor 0, partition 0, PROCESS_LOCAL, 9198 bytes)
[2024-12-09T14:14:39.372+0000] {spark_submit.py:634} INFO - 24/12/09 14:14:39 INFO TaskSetManager: Starting task 1.0 in stage 0.0 (TID 1) (172.18.0.7, executor 0, partition 1, PROCESS_LOCAL, 9213 bytes)
[2024-12-09T14:14:39.707+0000] {spark_submit.py:634} INFO - 24/12/09 14:14:39 INFO BlockManagerInfo: Added broadcast_0_piece0 in memory on 172.18.0.7:36677 (size: 3.2 KiB, free: 434.4 MiB)
[2024-12-09T14:14:40.578+0000] {spark_submit.py:634} INFO - 24/12/09 14:14:40 INFO TaskSetManager: Finished task 0.0 in stage 0.0 (TID 0) in 1230 ms on 172.18.0.7 (executor 0) (1/2)
[2024-12-09T14:14:40.587+0000] {spark_submit.py:634} INFO - 24/12/09 14:14:40 INFO TaskSetManager: Finished task 1.0 in stage 0.0 (TID 1) in 1209 ms on 172.18.0.7 (executor 0) (2/2)
[2024-12-09T14:14:40.587+0000] {spark_submit.py:634} INFO - 24/12/09 14:14:40 INFO TaskSchedulerImpl: Removed TaskSet 0.0, whose tasks have all completed, from pool
[2024-12-09T14:14:40.602+0000] {spark_submit.py:634} INFO - 24/12/09 14:14:40 INFO DAGScheduler: ShuffleMapStage 0 (map at wordcount.scala:11) finished in 4.253 s
[2024-12-09T14:14:40.604+0000] {spark_submit.py:634} INFO - 24/12/09 14:14:40 INFO DAGScheduler: looking for newly runnable stages
[2024-12-09T14:14:40.607+0000] {spark_submit.py:634} INFO - 24/12/09 14:14:40 INFO DAGScheduler: running: Set()
[2024-12-09T14:14:40.608+0000] {spark_submit.py:634} INFO - 24/12/09 14:14:40 INFO DAGScheduler: waiting: Set(ResultStage 1)
[2024-12-09T14:14:40.611+0000] {spark_submit.py:634} INFO - 24/12/09 14:14:40 INFO DAGScheduler: failed: Set()
[2024-12-09T14:14:40.616+0000] {spark_submit.py:634} INFO - 24/12/09 14:14:40 INFO DAGScheduler: Submitting ResultStage 1 (ShuffledRDD[3] at reduceByKey at wordcount.scala:12), which has no missing parents
[2024-12-09T14:14:40.634+0000] {spark_submit.py:634} INFO - 24/12/09 14:14:40 INFO MemoryStore: Block broadcast_1 stored as values in memory (estimated size 5.2 KiB, free 434.4 MiB)
[2024-12-09T14:14:40.655+0000] {spark_submit.py:634} INFO - 24/12/09 14:14:40 INFO MemoryStore: Block broadcast_1_piece0 stored as bytes in memory (estimated size 3.1 KiB, free 434.4 MiB)
[2024-12-09T14:14:40.657+0000] {spark_submit.py:634} INFO - 24/12/09 14:14:40 INFO BlockManagerInfo: Added broadcast_1_piece0 in memory on 2a892a3469ec:40849 (size: 3.1 KiB, free: 434.4 MiB)
[2024-12-09T14:14:40.660+0000] {spark_submit.py:634} INFO - 24/12/09 14:14:40 INFO SparkContext: Created broadcast 1 from broadcast at DAGScheduler.scala:1585
[2024-12-09T14:14:40.665+0000] {spark_submit.py:634} INFO - 24/12/09 14:14:40 INFO DAGScheduler: Submitting 2 missing tasks from ResultStage 1 (ShuffledRDD[3] at reduceByKey at wordcount.scala:12) (first 15 tasks are for partitions Vector(0, 1))
[2024-12-09T14:14:40.666+0000] {spark_submit.py:634} INFO - 24/12/09 14:14:40 INFO TaskSchedulerImpl: Adding task set 1.0 with 2 tasks resource profile 0
[2024-12-09T14:14:40.677+0000] {spark_submit.py:634} INFO - 24/12/09 14:14:40 INFO TaskSetManager: Starting task 0.0 in stage 1.0 (TID 2) (172.18.0.7, executor 0, partition 0, NODE_LOCAL, 9003 bytes)
[2024-12-09T14:14:40.677+0000] {spark_submit.py:634} INFO - 24/12/09 14:14:40 INFO TaskSetManager: Starting task 1.0 in stage 1.0 (TID 3) (172.18.0.7, executor 0, partition 1, NODE_LOCAL, 9003 bytes)
[2024-12-09T14:14:40.723+0000] {spark_submit.py:634} INFO - 24/12/09 14:14:40 INFO BlockManagerInfo: Added broadcast_1_piece0 in memory on 172.18.0.7:36677 (size: 3.1 KiB, free: 434.4 MiB)
[2024-12-09T14:14:40.794+0000] {spark_submit.py:634} INFO - 24/12/09 14:14:40 INFO MapOutputTrackerMasterEndpoint: Asked to send map output locations for shuffle 0 to 172.18.0.7:40760
[2024-12-09T14:14:40.862+0000] {spark_submit.py:634} INFO - 24/12/09 14:14:40 INFO BlockManagerInfo: Removed broadcast_0_piece0 on 2a892a3469ec:40849 in memory (size: 3.2 KiB, free: 434.4 MiB)
[2024-12-09T14:14:40.872+0000] {spark_submit.py:634} INFO - 24/12/09 14:14:40 INFO BlockManagerInfo: Removed broadcast_0_piece0 on 172.18.0.7:36677 in memory (size: 3.2 KiB, free: 434.4 MiB)
[2024-12-09T14:14:41.010+0000] {spark_submit.py:634} INFO - 24/12/09 14:14:41 INFO TaskSetManager: Finished task 1.0 in stage 1.0 (TID 3) in 332 ms on 172.18.0.7 (executor 0) (1/2)
[2024-12-09T14:14:41.016+0000] {spark_submit.py:634} INFO - 24/12/09 14:14:41 INFO TaskSetManager: Finished task 0.0 in stage 1.0 (TID 2) in 343 ms on 172.18.0.7 (executor 0) (2/2)
[2024-12-09T14:14:41.017+0000] {spark_submit.py:634} INFO - 24/12/09 14:14:41 INFO TaskSchedulerImpl: Removed TaskSet 1.0, whose tasks have all completed, from pool
[2024-12-09T14:14:41.018+0000] {spark_submit.py:634} INFO - 24/12/09 14:14:41 INFO DAGScheduler: ResultStage 1 (collect at wordcount.scala:14) finished in 0.387 s
[2024-12-09T14:14:41.023+0000] {spark_submit.py:634} INFO - 24/12/09 14:14:41 INFO DAGScheduler: Job 0 is finished. Cancelling potential speculative or zombie tasks for this job
[2024-12-09T14:14:41.027+0000] {spark_submit.py:634} INFO - 24/12/09 14:14:41 INFO TaskSchedulerImpl: Killing all running tasks in stage 1: Stage finished
[2024-12-09T14:14:41.030+0000] {spark_submit.py:634} INFO - 24/12/09 14:14:41 INFO DAGScheduler: Job 0 finished: collect at wordcount.scala:14, took 5.832372 s
[2024-12-09T14:14:41.040+0000] {spark_submit.py:634} INFO - (Hello,5)
[2024-12-09T14:14:41.041+0000] {spark_submit.py:634} INFO - (Yusuf,1)
[2024-12-09T14:14:41.048+0000] {spark_submit.py:634} INFO - (World,1)
[2024-12-09T14:14:41.049+0000] {spark_submit.py:634} INFO - (Scala,1)
[2024-12-09T14:14:41.051+0000] {spark_submit.py:634} INFO - (Docker,1)
[2024-12-09T14:14:41.052+0000] {spark_submit.py:634} INFO - (spark,1)
[2024-12-09T14:14:41.052+0000] {spark_submit.py:634} INFO - 24/12/09 14:14:41 INFO SparkContext: SparkContext is stopping with exitCode 0.
[2024-12-09T14:14:41.065+0000] {spark_submit.py:634} INFO - 24/12/09 14:14:41 INFO SparkUI: Stopped Spark web UI at http://2a892a3469ec:4040
[2024-12-09T14:14:41.073+0000] {spark_submit.py:634} INFO - 24/12/09 14:14:41 INFO StandaloneSchedulerBackend: Shutting down all executors
[2024-12-09T14:14:41.074+0000] {spark_submit.py:634} INFO - 24/12/09 14:14:41 INFO StandaloneSchedulerBackend$StandaloneDriverEndpoint: Asking each executor to shut down
[2024-12-09T14:14:41.105+0000] {spark_submit.py:634} INFO - 24/12/09 14:14:41 INFO MapOutputTrackerMasterEndpoint: MapOutputTrackerMasterEndpoint stopped!
[2024-12-09T14:14:41.157+0000] {spark_submit.py:634} INFO - 24/12/09 14:14:41 INFO MemoryStore: MemoryStore cleared
[2024-12-09T14:14:41.163+0000] {spark_submit.py:634} INFO - 24/12/09 14:14:41 INFO BlockManager: BlockManager stopped
[2024-12-09T14:14:41.169+0000] {spark_submit.py:634} INFO - 24/12/09 14:14:41 INFO BlockManagerMaster: BlockManagerMaster stopped
[2024-12-09T14:14:41.177+0000] {spark_submit.py:634} INFO - 24/12/09 14:14:41 INFO OutputCommitCoordinator$OutputCommitCoordinatorEndpoint: OutputCommitCoordinator stopped!
[2024-12-09T14:14:41.201+0000] {spark_submit.py:634} INFO - 24/12/09 14:14:41 INFO SparkContext: Successfully stopped SparkContext
[2024-12-09T14:14:41.205+0000] {spark_submit.py:634} INFO - 24/12/09 14:14:41 INFO ShutdownHookManager: Shutdown hook called
[2024-12-09T14:14:41.206+0000] {spark_submit.py:634} INFO - 24/12/09 14:14:41 INFO ShutdownHookManager: Deleting directory /tmp/spark-8dd9cbf6-e26f-48f8-856a-3fde15f63978
[2024-12-09T14:14:41.219+0000] {spark_submit.py:634} INFO - 24/12/09 14:14:41 INFO ShutdownHookManager: Deleting directory /tmp/spark-9880054d-8c26-42c5-a7cb-0ce105e900f0
[2024-12-09T14:14:41.304+0000] {taskinstance.py:340} INFO - ::group::Post task execution logs
[2024-12-09T14:14:41.305+0000] {taskinstance.py:352} INFO - Marking task as SUCCESS. dag_id=sparking_flow, task_id=scala_job, run_id=manual__2024-12-09T14:14:23.541060+00:00, execution_date=20241209T141423, start_date=20241209T141425, end_date=20241209T141441
[2024-12-09T14:14:41.357+0000] {local_task_job_runner.py:266} INFO - Task exited with return code 0
[2024-12-09T14:14:41.375+0000] {taskinstance.py:3895} INFO - 0 downstream tasks scheduled from follow-on schedule check
[2024-12-09T14:14:41.376+0000] {local_task_job_runner.py:245} INFO - ::endgroup::
