[2024-12-09T10:33:28.465+0000] {local_task_job_runner.py:123} INFO - ::group::Pre task execution logs
[2024-12-09T10:33:28.480+0000] {taskinstance.py:2613} INFO - Dependencies all met for dep_context=non-requeueable deps ti=<TaskInstance: sparking_flow.scala_job manual__2024-12-09T10:33:27.018522+00:00 [queued]>
[2024-12-09T10:33:28.487+0000] {taskinstance.py:2613} INFO - Dependencies all met for dep_context=requeueable deps ti=<TaskInstance: sparking_flow.scala_job manual__2024-12-09T10:33:27.018522+00:00 [queued]>
[2024-12-09T10:33:28.488+0000] {taskinstance.py:2866} INFO - Starting attempt 1 of 1
[2024-12-09T10:33:28.498+0000] {taskinstance.py:2889} INFO - Executing <Task(SparkSubmitOperator): scala_job> on 2024-12-09 10:33:27.018522+00:00
[2024-12-09T10:33:28.505+0000] {logging_mixin.py:190} WARNING - /home/***/.local/lib/python3.12/site-packages/***/task/task_runner/standard_task_runner.py:70 DeprecationWarning: This process (pid=185) is multi-threaded, use of fork() may lead to deadlocks in the child.
[2024-12-09T10:33:28.507+0000] {standard_task_runner.py:72} INFO - Started process 190 to run task
[2024-12-09T10:33:28.505+0000] {standard_task_runner.py:104} INFO - Running: ['***', 'tasks', 'run', 'sparking_flow', 'scala_job', 'manual__2024-12-09T10:33:27.018522+00:00', '--job-id', '325', '--raw', '--subdir', 'DAGS_FOLDER/spark_***.py', '--cfg-path', '/tmp/tmpacpp600m']
[2024-12-09T10:33:28.510+0000] {standard_task_runner.py:105} INFO - Job 325: Subtask scala_job
[2024-12-09T10:33:28.554+0000] {task_command.py:467} INFO - Running <TaskInstance: sparking_flow.scala_job manual__2024-12-09T10:33:27.018522+00:00 [running]> on host 2a892a3469ec
[2024-12-09T10:33:28.624+0000] {taskinstance.py:3132} INFO - Exporting env vars: AIRFLOW_CTX_DAG_OWNER='Yusuf Ganiyu' AIRFLOW_CTX_DAG_ID='sparking_flow' AIRFLOW_CTX_TASK_ID='scala_job' AIRFLOW_CTX_EXECUTION_DATE='2024-12-09T10:33:27.018522+00:00' AIRFLOW_CTX_TRY_NUMBER='1' AIRFLOW_CTX_DAG_RUN_ID='manual__2024-12-09T10:33:27.018522+00:00'
[2024-12-09T10:33:28.625+0000] {taskinstance.py:731} INFO - ::endgroup::
[2024-12-09T10:33:28.647+0000] {base.py:84} INFO - Retrieving connection 'spark-conn'
[2024-12-09T10:33:28.648+0000] {spark_submit.py:473} INFO - Spark-Submit cmd: spark-submit --master spark://sparkingflow-spark-master-1:7077 --name arrow-spark --deploy-mode client jobs/scala/target/scala-2.12/word-count_2.12-0.1.jar
[2024-12-09T10:33:31.346+0000] {spark_submit.py:634} INFO - 24/12/09 10:33:31 WARN NativeCodeLoader: Unable to load native-hadoop library for your platform... using builtin-java classes where applicable
[2024-12-09T10:33:31.663+0000] {spark_submit.py:634} INFO - 24/12/09 10:33:31 INFO SparkContext: Running Spark version 3.5.3
[2024-12-09T10:33:31.666+0000] {spark_submit.py:634} INFO - 24/12/09 10:33:31 INFO SparkContext: OS info Linux, 6.10.14-linuxkit, aarch64
[2024-12-09T10:33:31.666+0000] {spark_submit.py:634} INFO - 24/12/09 10:33:31 INFO SparkContext: Java version 17.0.13
[2024-12-09T10:33:31.699+0000] {spark_submit.py:634} INFO - 24/12/09 10:33:31 INFO ResourceUtils: ==============================================================
[2024-12-09T10:33:31.701+0000] {spark_submit.py:634} INFO - 24/12/09 10:33:31 INFO ResourceUtils: No custom resources configured for spark.driver.
[2024-12-09T10:33:31.702+0000] {spark_submit.py:634} INFO - 24/12/09 10:33:31 INFO ResourceUtils: ==============================================================
[2024-12-09T10:33:31.702+0000] {spark_submit.py:634} INFO - 24/12/09 10:33:31 INFO SparkContext: Submitted application: Word Count
[2024-12-09T10:33:31.731+0000] {spark_submit.py:634} INFO - 24/12/09 10:33:31 INFO ResourceProfile: Default ResourceProfile created, executor resources: Map(memory -> name: memory, amount: 1024, script: , vendor: , offHeap -> name: offHeap, amount: 0, script: , vendor: ), task resources: Map(cpus -> name: cpus, amount: 1.0)
[2024-12-09T10:33:31.744+0000] {spark_submit.py:634} INFO - 24/12/09 10:33:31 INFO ResourceProfile: Limiting resource is cpu
[2024-12-09T10:33:31.746+0000] {spark_submit.py:634} INFO - 24/12/09 10:33:31 INFO ResourceProfileManager: Added ResourceProfile id: 0
[2024-12-09T10:33:31.808+0000] {spark_submit.py:634} INFO - 24/12/09 10:33:31 INFO SecurityManager: Changing view acls to: ***
[2024-12-09T10:33:31.809+0000] {spark_submit.py:634} INFO - 24/12/09 10:33:31 INFO SecurityManager: Changing modify acls to: ***
[2024-12-09T10:33:31.809+0000] {spark_submit.py:634} INFO - 24/12/09 10:33:31 INFO SecurityManager: Changing view acls groups to:
[2024-12-09T10:33:31.810+0000] {spark_submit.py:634} INFO - 24/12/09 10:33:31 INFO SecurityManager: Changing modify acls groups to:
[2024-12-09T10:33:31.810+0000] {spark_submit.py:634} INFO - 24/12/09 10:33:31 INFO SecurityManager: SecurityManager: authentication disabled; ui acls disabled; users with view permissions: ***; groups with view permissions: EMPTY; users with modify permissions: ***; groups with modify permissions: EMPTY
[2024-12-09T10:33:32.111+0000] {spark_submit.py:634} INFO - 24/12/09 10:33:32 INFO Utils: Successfully started service 'sparkDriver' on port 37397.
[2024-12-09T10:33:32.143+0000] {spark_submit.py:634} INFO - 24/12/09 10:33:32 INFO SparkEnv: Registering MapOutputTracker
[2024-12-09T10:33:32.185+0000] {spark_submit.py:634} INFO - 24/12/09 10:33:32 INFO SparkEnv: Registering BlockManagerMaster
[2024-12-09T10:33:32.210+0000] {spark_submit.py:634} INFO - 24/12/09 10:33:32 INFO BlockManagerMasterEndpoint: Using org.apache.spark.storage.DefaultTopologyMapper for getting topology information
[2024-12-09T10:33:32.211+0000] {spark_submit.py:634} INFO - 24/12/09 10:33:32 INFO BlockManagerMasterEndpoint: BlockManagerMasterEndpoint up
[2024-12-09T10:33:32.215+0000] {spark_submit.py:634} INFO - 24/12/09 10:33:32 INFO SparkEnv: Registering BlockManagerMasterHeartbeat
[2024-12-09T10:33:32.245+0000] {spark_submit.py:634} INFO - 24/12/09 10:33:32 INFO DiskBlockManager: Created local directory at /tmp/blockmgr-dceb822d-3a15-48f7-9487-411d0d797cbc
[2024-12-09T10:33:32.266+0000] {spark_submit.py:634} INFO - 24/12/09 10:33:32 INFO MemoryStore: MemoryStore started with capacity 434.4 MiB
[2024-12-09T10:33:32.286+0000] {spark_submit.py:634} INFO - 24/12/09 10:33:32 INFO SparkEnv: Registering OutputCommitCoordinator
[2024-12-09T10:33:32.452+0000] {spark_submit.py:634} INFO - 24/12/09 10:33:32 INFO JettyUtils: Start Jetty 0.0.0.0:4040 for SparkUI
[2024-12-09T10:33:32.508+0000] {spark_submit.py:634} INFO - 24/12/09 10:33:32 WARN Utils: Service 'SparkUI' could not bind on port 4040. Attempting port 4041.
[2024-12-09T10:33:32.515+0000] {spark_submit.py:634} INFO - 24/12/09 10:33:32 INFO Utils: Successfully started service 'SparkUI' on port 4041.
[2024-12-09T10:33:32.551+0000] {spark_submit.py:634} INFO - 24/12/09 10:33:32 INFO SparkContext: Added JAR file:/opt/***/jobs/scala/target/scala-2.12/word-count_2.12-0.1.jar at spark://2a892a3469ec:37397/jars/word-count_2.12-0.1.jar with timestamp 1733740411647
[2024-12-09T10:33:32.654+0000] {spark_submit.py:634} INFO - 24/12/09 10:33:32 INFO StandaloneAppClient$ClientEndpoint: Connecting to master spark://spark-master:7077...
[2024-12-09T10:33:32.719+0000] {spark_submit.py:634} INFO - 24/12/09 10:33:32 INFO TransportClientFactory: Successfully created connection to spark-master/172.18.0.5:7077 after 36 ms (0 ms spent in bootstraps)
[2024-12-09T10:33:32.978+0000] {spark_submit.py:634} INFO - 24/12/09 10:33:32 INFO StandaloneSchedulerBackend: Connected to Spark cluster with app ID app-20241209103332-0000
[2024-12-09T10:33:32.994+0000] {spark_submit.py:634} INFO - 24/12/09 10:33:32 INFO Utils: Successfully started service 'org.apache.spark.network.netty.NettyBlockTransferService' on port 39591.
[2024-12-09T10:33:32.995+0000] {spark_submit.py:634} INFO - 24/12/09 10:33:32 INFO NettyBlockTransferService: Server created on 2a892a3469ec:39591
[2024-12-09T10:33:33.000+0000] {spark_submit.py:634} INFO - 24/12/09 10:33:32 INFO BlockManager: Using org.apache.spark.storage.RandomBlockReplicationPolicy for block replication policy
[2024-12-09T10:33:33.007+0000] {spark_submit.py:634} INFO - 24/12/09 10:33:33 INFO BlockManagerMaster: Registering BlockManager BlockManagerId(driver, 2a892a3469ec, 39591, None)
[2024-12-09T10:33:33.011+0000] {spark_submit.py:634} INFO - 24/12/09 10:33:33 INFO BlockManagerMasterEndpoint: Registering block manager 2a892a3469ec:39591 with 434.4 MiB RAM, BlockManagerId(driver, 2a892a3469ec, 39591, None)
[2024-12-09T10:33:33.016+0000] {spark_submit.py:634} INFO - 24/12/09 10:33:33 INFO BlockManagerMaster: Registered BlockManager BlockManagerId(driver, 2a892a3469ec, 39591, None)
[2024-12-09T10:33:33.018+0000] {spark_submit.py:634} INFO - 24/12/09 10:33:33 INFO BlockManager: Initialized BlockManager: BlockManagerId(driver, 2a892a3469ec, 39591, None)
[2024-12-09T10:33:33.023+0000] {spark_submit.py:634} INFO - 24/12/09 10:33:33 INFO StandaloneAppClient$ClientEndpoint: Executor added: app-20241209103332-0000/0 on worker-20241209103309-172.18.0.7-44393 (172.18.0.7:44393) with 2 core(s)
[2024-12-09T10:33:33.032+0000] {spark_submit.py:634} INFO - 24/12/09 10:33:33 INFO StandaloneSchedulerBackend: Granted executor ID app-20241209103332-0000/0 on hostPort 172.18.0.7:44393 with 2 core(s), 1024.0 MiB RAM
[2024-12-09T10:33:33.363+0000] {spark_submit.py:634} INFO - 24/12/09 10:33:33 INFO StandaloneAppClient$ClientEndpoint: Executor updated: app-20241209103332-0000/0 is now RUNNING
[2024-12-09T10:33:33.424+0000] {spark_submit.py:634} INFO - 24/12/09 10:33:33 INFO StandaloneSchedulerBackend: SchedulerBackend is ready for scheduling beginning after reached minRegisteredResourcesRatio: 0.0
[2024-12-09T10:33:35.020+0000] {spark_submit.py:634} INFO - 24/12/09 10:33:35 INFO SparkContext: Starting job: collect at wordcount.scala:14
[2024-12-09T10:33:35.715+0000] {spark_submit.py:634} INFO - 24/12/09 10:33:35 INFO DAGScheduler: Registering RDD 2 (map at wordcount.scala:11) as input to shuffle 0
[2024-12-09T10:33:35.724+0000] {spark_submit.py:634} INFO - 24/12/09 10:33:35 INFO DAGScheduler: Got job 0 (collect at wordcount.scala:14) with 2 output partitions
[2024-12-09T10:33:35.726+0000] {spark_submit.py:634} INFO - 24/12/09 10:33:35 INFO DAGScheduler: Final stage: ResultStage 1 (collect at wordcount.scala:14)
[2024-12-09T10:33:35.728+0000] {spark_submit.py:634} INFO - 24/12/09 10:33:35 INFO DAGScheduler: Parents of final stage: List(ShuffleMapStage 0)
[2024-12-09T10:33:35.729+0000] {spark_submit.py:634} INFO - 24/12/09 10:33:35 INFO DAGScheduler: Missing parents: List(ShuffleMapStage 0)
[2024-12-09T10:33:35.746+0000] {spark_submit.py:634} INFO - 24/12/09 10:33:35 INFO DAGScheduler: Submitting ShuffleMapStage 0 (MapPartitionsRDD[2] at map at wordcount.scala:11), which has no missing parents
[2024-12-09T10:33:35.931+0000] {spark_submit.py:634} INFO - 24/12/09 10:33:35 INFO MemoryStore: Block broadcast_0 stored as values in memory (estimated size 5.5 KiB, free 434.4 MiB)
[2024-12-09T10:33:35.976+0000] {spark_submit.py:634} INFO - 24/12/09 10:33:35 INFO MemoryStore: Block broadcast_0_piece0 stored as bytes in memory (estimated size 3.2 KiB, free 434.4 MiB)
[2024-12-09T10:33:35.985+0000] {spark_submit.py:634} INFO - 24/12/09 10:33:35 INFO BlockManagerInfo: Added broadcast_0_piece0 in memory on 2a892a3469ec:39591 (size: 3.2 KiB, free: 434.4 MiB)
[2024-12-09T10:33:35.993+0000] {spark_submit.py:634} INFO - 24/12/09 10:33:35 INFO SparkContext: Created broadcast 0 from broadcast at DAGScheduler.scala:1585
[2024-12-09T10:33:36.024+0000] {spark_submit.py:634} INFO - 24/12/09 10:33:36 INFO DAGScheduler: Submitting 2 missing tasks from ShuffleMapStage 0 (MapPartitionsRDD[2] at map at wordcount.scala:11) (first 15 tasks are for partitions Vector(0, 1))
[2024-12-09T10:33:36.026+0000] {spark_submit.py:634} INFO - 24/12/09 10:33:36 INFO TaskSchedulerImpl: Adding task set 0.0 with 2 tasks resource profile 0
[2024-12-09T10:33:37.886+0000] {spark_submit.py:634} INFO - 24/12/09 10:33:37 INFO StandaloneSchedulerBackend$StandaloneDriverEndpoint: Registered executor NettyRpcEndpointRef(spark-client://Executor) (172.18.0.7:37238) with ID 0,  ResourceProfileId 0
[2024-12-09T10:33:37.959+0000] {spark_submit.py:634} INFO - 24/12/09 10:33:37 INFO BlockManagerMasterEndpoint: Registering block manager 172.18.0.7:37051 with 434.4 MiB RAM, BlockManagerId(0, 172.18.0.7, 37051, None)
[2024-12-09T10:33:38.087+0000] {spark_submit.py:634} INFO - 24/12/09 10:33:38 INFO TaskSetManager: Starting task 0.0 in stage 0.0 (TID 0) (172.18.0.7, executor 0, partition 0, PROCESS_LOCAL, 9198 bytes)
[2024-12-09T10:33:38.095+0000] {spark_submit.py:634} INFO - 24/12/09 10:33:38 INFO TaskSetManager: Starting task 1.0 in stage 0.0 (TID 1) (172.18.0.7, executor 0, partition 1, PROCESS_LOCAL, 9213 bytes)
[2024-12-09T10:33:38.415+0000] {spark_submit.py:634} INFO - 24/12/09 10:33:38 INFO BlockManagerInfo: Added broadcast_0_piece0 in memory on 172.18.0.7:37051 (size: 3.2 KiB, free: 434.4 MiB)
[2024-12-09T10:33:39.101+0000] {spark_submit.py:634} INFO - 24/12/09 10:33:39 INFO TaskSetManager: Finished task 0.0 in stage 0.0 (TID 0) in 1027 ms on 172.18.0.7 (executor 0) (1/2)
[2024-12-09T10:33:39.102+0000] {spark_submit.py:634} INFO - 24/12/09 10:33:39 INFO TaskSetManager: Finished task 1.0 in stage 0.0 (TID 1) in 1012 ms on 172.18.0.7 (executor 0) (2/2)
[2024-12-09T10:33:39.103+0000] {spark_submit.py:634} INFO - 24/12/09 10:33:39 INFO TaskSchedulerImpl: Removed TaskSet 0.0, whose tasks have all completed, from pool
[2024-12-09T10:33:39.113+0000] {spark_submit.py:634} INFO - 24/12/09 10:33:39 INFO DAGScheduler: ShuffleMapStage 0 (map at wordcount.scala:11) finished in 3.309 s
[2024-12-09T10:33:39.115+0000] {spark_submit.py:634} INFO - 24/12/09 10:33:39 INFO DAGScheduler: looking for newly runnable stages
[2024-12-09T10:33:39.116+0000] {spark_submit.py:634} INFO - 24/12/09 10:33:39 INFO DAGScheduler: running: Set()
[2024-12-09T10:33:39.116+0000] {spark_submit.py:634} INFO - 24/12/09 10:33:39 INFO DAGScheduler: waiting: Set(ResultStage 1)
[2024-12-09T10:33:39.117+0000] {spark_submit.py:634} INFO - 24/12/09 10:33:39 INFO DAGScheduler: failed: Set()
[2024-12-09T10:33:39.118+0000] {spark_submit.py:634} INFO - 24/12/09 10:33:39 INFO DAGScheduler: Submitting ResultStage 1 (ShuffledRDD[3] at reduceByKey at wordcount.scala:12), which has no missing parents
[2024-12-09T10:33:39.130+0000] {spark_submit.py:634} INFO - 24/12/09 10:33:39 INFO MemoryStore: Block broadcast_1 stored as values in memory (estimated size 5.2 KiB, free 434.4 MiB)
[2024-12-09T10:33:39.158+0000] {spark_submit.py:634} INFO - 24/12/09 10:33:39 INFO MemoryStore: Block broadcast_1_piece0 stored as bytes in memory (estimated size 3.1 KiB, free 434.4 MiB)
[2024-12-09T10:33:39.159+0000] {spark_submit.py:634} INFO - 24/12/09 10:33:39 INFO BlockManagerInfo: Added broadcast_1_piece0 in memory on 2a892a3469ec:39591 (size: 3.1 KiB, free: 434.4 MiB)
[2024-12-09T10:33:39.160+0000] {spark_submit.py:634} INFO - 24/12/09 10:33:39 INFO SparkContext: Created broadcast 1 from broadcast at DAGScheduler.scala:1585
[2024-12-09T10:33:39.168+0000] {spark_submit.py:634} INFO - 24/12/09 10:33:39 INFO DAGScheduler: Submitting 2 missing tasks from ResultStage 1 (ShuffledRDD[3] at reduceByKey at wordcount.scala:12) (first 15 tasks are for partitions Vector(0, 1))
[2024-12-09T10:33:39.169+0000] {spark_submit.py:634} INFO - 24/12/09 10:33:39 INFO TaskSchedulerImpl: Adding task set 1.0 with 2 tasks resource profile 0
[2024-12-09T10:33:39.181+0000] {spark_submit.py:634} INFO - 24/12/09 10:33:39 INFO TaskSetManager: Starting task 0.0 in stage 1.0 (TID 2) (172.18.0.7, executor 0, partition 0, NODE_LOCAL, 9003 bytes)
[2024-12-09T10:33:39.182+0000] {spark_submit.py:634} INFO - 24/12/09 10:33:39 INFO TaskSetManager: Starting task 1.0 in stage 1.0 (TID 3) (172.18.0.7, executor 0, partition 1, NODE_LOCAL, 9003 bytes)
[2024-12-09T10:33:39.214+0000] {spark_submit.py:634} INFO - 24/12/09 10:33:39 INFO BlockManagerInfo: Added broadcast_1_piece0 in memory on 172.18.0.7:37051 (size: 3.1 KiB, free: 434.4 MiB)
[2024-12-09T10:33:39.277+0000] {spark_submit.py:634} INFO - 24/12/09 10:33:39 INFO MapOutputTrackerMasterEndpoint: Asked to send map output locations for shuffle 0 to 172.18.0.7:37238
[2024-12-09T10:33:39.321+0000] {spark_submit.py:634} INFO - 24/12/09 10:33:39 INFO BlockManagerInfo: Removed broadcast_0_piece0 on 2a892a3469ec:39591 in memory (size: 3.2 KiB, free: 434.4 MiB)
[2024-12-09T10:33:39.333+0000] {spark_submit.py:634} INFO - 24/12/09 10:33:39 INFO BlockManagerInfo: Removed broadcast_0_piece0 on 172.18.0.7:37051 in memory (size: 3.2 KiB, free: 434.4 MiB)
[2024-12-09T10:33:39.466+0000] {spark_submit.py:634} INFO - 24/12/09 10:33:39 INFO TaskSetManager: Finished task 1.0 in stage 1.0 (TID 3) in 283 ms on 172.18.0.7 (executor 0) (1/2)
[2024-12-09T10:33:39.467+0000] {spark_submit.py:634} INFO - 24/12/09 10:33:39 INFO TaskSetManager: Finished task 0.0 in stage 1.0 (TID 2) in 287 ms on 172.18.0.7 (executor 0) (2/2)
[2024-12-09T10:33:39.468+0000] {spark_submit.py:634} INFO - 24/12/09 10:33:39 INFO TaskSchedulerImpl: Removed TaskSet 1.0, whose tasks have all completed, from pool
[2024-12-09T10:33:39.471+0000] {spark_submit.py:634} INFO - 24/12/09 10:33:39 INFO DAGScheduler: ResultStage 1 (collect at wordcount.scala:14) finished in 0.343 s
[2024-12-09T10:33:39.474+0000] {spark_submit.py:634} INFO - 24/12/09 10:33:39 INFO DAGScheduler: Job 0 is finished. Cancelling potential speculative or zombie tasks for this job
[2024-12-09T10:33:39.475+0000] {spark_submit.py:634} INFO - 24/12/09 10:33:39 INFO TaskSchedulerImpl: Killing all running tasks in stage 1: Stage finished
[2024-12-09T10:33:39.478+0000] {spark_submit.py:634} INFO - 24/12/09 10:33:39 INFO DAGScheduler: Job 0 finished: collect at wordcount.scala:14, took 4.457946 s
[2024-12-09T10:33:39.485+0000] {spark_submit.py:634} INFO - (Hello,5)
[2024-12-09T10:33:39.486+0000] {spark_submit.py:634} INFO - (Yusuf,1)
[2024-12-09T10:33:39.488+0000] {spark_submit.py:634} INFO - (World,1)
[2024-12-09T10:33:39.488+0000] {spark_submit.py:634} INFO - (Scala,1)
[2024-12-09T10:33:39.489+0000] {spark_submit.py:634} INFO - (Docker,1)
[2024-12-09T10:33:39.489+0000] {spark_submit.py:634} INFO - (spark,1)
[2024-12-09T10:33:39.489+0000] {spark_submit.py:634} INFO - 24/12/09 10:33:39 INFO SparkContext: SparkContext is stopping with exitCode 0.
[2024-12-09T10:33:39.507+0000] {spark_submit.py:634} INFO - 24/12/09 10:33:39 INFO SparkUI: Stopped Spark web UI at http://2a892a3469ec:4041
[2024-12-09T10:33:39.511+0000] {spark_submit.py:634} INFO - 24/12/09 10:33:39 INFO StandaloneSchedulerBackend: Shutting down all executors
[2024-12-09T10:33:39.512+0000] {spark_submit.py:634} INFO - 24/12/09 10:33:39 INFO StandaloneSchedulerBackend$StandaloneDriverEndpoint: Asking each executor to shut down
[2024-12-09T10:33:39.535+0000] {spark_submit.py:634} INFO - 24/12/09 10:33:39 INFO MapOutputTrackerMasterEndpoint: MapOutputTrackerMasterEndpoint stopped!
[2024-12-09T10:33:39.562+0000] {spark_submit.py:634} INFO - 24/12/09 10:33:39 INFO MemoryStore: MemoryStore cleared
[2024-12-09T10:33:39.565+0000] {spark_submit.py:634} INFO - 24/12/09 10:33:39 INFO BlockManager: BlockManager stopped
[2024-12-09T10:33:39.568+0000] {spark_submit.py:634} INFO - 24/12/09 10:33:39 INFO BlockManagerMaster: BlockManagerMaster stopped
[2024-12-09T10:33:39.572+0000] {spark_submit.py:634} INFO - 24/12/09 10:33:39 INFO OutputCommitCoordinator$OutputCommitCoordinatorEndpoint: OutputCommitCoordinator stopped!
[2024-12-09T10:33:39.604+0000] {spark_submit.py:634} INFO - 24/12/09 10:33:39 INFO SparkContext: Successfully stopped SparkContext
[2024-12-09T10:33:39.611+0000] {spark_submit.py:634} INFO - 24/12/09 10:33:39 INFO ShutdownHookManager: Shutdown hook called
[2024-12-09T10:33:39.614+0000] {spark_submit.py:634} INFO - 24/12/09 10:33:39 INFO ShutdownHookManager: Deleting directory /tmp/spark-ae380074-5b1c-45c0-a48f-f1fec58dda06
[2024-12-09T10:33:39.623+0000] {spark_submit.py:634} INFO - 24/12/09 10:33:39 INFO ShutdownHookManager: Deleting directory /tmp/spark-11156855-74a1-440a-bde5-3aed51a77916
[2024-12-09T10:33:39.729+0000] {taskinstance.py:340} INFO - ::group::Post task execution logs
[2024-12-09T10:33:39.730+0000] {taskinstance.py:352} INFO - Marking task as SUCCESS. dag_id=sparking_flow, task_id=scala_job, run_id=manual__2024-12-09T10:33:27.018522+00:00, execution_date=20241209T103327, start_date=20241209T103328, end_date=20241209T103339
[2024-12-09T10:33:39.773+0000] {local_task_job_runner.py:266} INFO - Task exited with return code 0
[2024-12-09T10:33:39.812+0000] {taskinstance.py:3895} INFO - 0 downstream tasks scheduled from follow-on schedule check
[2024-12-09T10:33:39.813+0000] {local_task_job_runner.py:245} INFO - ::endgroup::
