[2024-12-09T14:46:37.368+0000] {local_task_job_runner.py:123} INFO - ::group::Pre task execution logs
[2024-12-09T14:46:37.390+0000] {taskinstance.py:2613} INFO - Dependencies all met for dep_context=non-requeueable deps ti=<TaskInstance: sparking_flow.scala_job manual__2024-12-09T14:46:36.084755+00:00 [queued]>
[2024-12-09T14:46:37.402+0000] {taskinstance.py:2613} INFO - Dependencies all met for dep_context=requeueable deps ti=<TaskInstance: sparking_flow.scala_job manual__2024-12-09T14:46:36.084755+00:00 [queued]>
[2024-12-09T14:46:37.403+0000] {taskinstance.py:2866} INFO - Starting attempt 1 of 1
[2024-12-09T14:46:37.423+0000] {taskinstance.py:2889} INFO - Executing <Task(SparkSubmitOperator): scala_job> on 2024-12-09 14:46:36.084755+00:00
[2024-12-09T14:46:37.433+0000] {logging_mixin.py:190} WARNING - /home/***/.local/lib/python3.12/site-packages/***/task/task_runner/standard_task_runner.py:70 DeprecationWarning: This process (pid=186) is multi-threaded, use of fork() may lead to deadlocks in the child.
[2024-12-09T14:46:37.433+0000] {standard_task_runner.py:104} INFO - Running: ['***', 'tasks', 'run', 'sparking_flow', 'scala_job', 'manual__2024-12-09T14:46:36.084755+00:00', '--job-id', '499', '--raw', '--subdir', 'DAGS_FOLDER/spark_***.py', '--cfg-path', '/tmp/tmpn9shnpg1']
[2024-12-09T14:46:37.438+0000] {standard_task_runner.py:72} INFO - Started process 190 to run task
[2024-12-09T14:46:37.438+0000] {standard_task_runner.py:105} INFO - Job 499: Subtask scala_job
[2024-12-09T14:46:37.513+0000] {task_command.py:467} INFO - Running <TaskInstance: sparking_flow.scala_job manual__2024-12-09T14:46:36.084755+00:00 [running]> on host 2a892a3469ec
[2024-12-09T14:46:37.651+0000] {taskinstance.py:3132} INFO - Exporting env vars: AIRFLOW_CTX_DAG_OWNER='Yusuf Ganiyu' AIRFLOW_CTX_DAG_ID='sparking_flow' AIRFLOW_CTX_TASK_ID='scala_job' AIRFLOW_CTX_EXECUTION_DATE='2024-12-09T14:46:36.084755+00:00' AIRFLOW_CTX_TRY_NUMBER='1' AIRFLOW_CTX_DAG_RUN_ID='manual__2024-12-09T14:46:36.084755+00:00'
[2024-12-09T14:46:37.652+0000] {taskinstance.py:731} INFO - ::endgroup::
[2024-12-09T14:46:37.685+0000] {base.py:84} INFO - Retrieving connection 'spark-conn'
[2024-12-09T14:46:37.688+0000] {spark_submit.py:473} INFO - Spark-Submit cmd: spark-submit --master spark://sparkingflow-spark-master-1:7077 --name arrow-spark --deploy-mode client jobs/scala/target/scala-2.12/word-count_2.12-0.1.jar
[2024-12-09T14:46:42.367+0000] {spark_submit.py:634} INFO - 24/12/09 14:46:42 WARN NativeCodeLoader: Unable to load native-hadoop library for your platform... using builtin-java classes where applicable
[2024-12-09T14:46:43.043+0000] {spark_submit.py:634} INFO - 24/12/09 14:46:43 INFO SparkContext: Running Spark version 3.5.3
[2024-12-09T14:46:43.044+0000] {spark_submit.py:634} INFO - 24/12/09 14:46:43 INFO SparkContext: OS info Linux, 6.10.14-linuxkit, aarch64
[2024-12-09T14:46:43.046+0000] {spark_submit.py:634} INFO - 24/12/09 14:46:43 INFO SparkContext: Java version 17.0.13
[2024-12-09T14:46:43.088+0000] {spark_submit.py:634} INFO - 24/12/09 14:46:43 INFO ResourceUtils: ==============================================================
[2024-12-09T14:46:43.089+0000] {spark_submit.py:634} INFO - 24/12/09 14:46:43 INFO ResourceUtils: No custom resources configured for spark.driver.
[2024-12-09T14:46:43.089+0000] {spark_submit.py:634} INFO - 24/12/09 14:46:43 INFO ResourceUtils: ==============================================================
[2024-12-09T14:46:43.090+0000] {spark_submit.py:634} INFO - 24/12/09 14:46:43 INFO SparkContext: Submitted application: Word Count
[2024-12-09T14:46:43.130+0000] {spark_submit.py:634} INFO - 24/12/09 14:46:43 INFO ResourceProfile: Default ResourceProfile created, executor resources: Map(memory -> name: memory, amount: 1024, script: , vendor: , offHeap -> name: offHeap, amount: 0, script: , vendor: ), task resources: Map(cpus -> name: cpus, amount: 1.0)
[2024-12-09T14:46:43.144+0000] {spark_submit.py:634} INFO - 24/12/09 14:46:43 INFO ResourceProfile: Limiting resource is cpu
[2024-12-09T14:46:43.145+0000] {spark_submit.py:634} INFO - 24/12/09 14:46:43 INFO ResourceProfileManager: Added ResourceProfile id: 0
[2024-12-09T14:46:43.214+0000] {spark_submit.py:634} INFO - 24/12/09 14:46:43 INFO SecurityManager: Changing view acls to: ***
[2024-12-09T14:46:43.215+0000] {spark_submit.py:634} INFO - 24/12/09 14:46:43 INFO SecurityManager: Changing modify acls to: ***
[2024-12-09T14:46:43.216+0000] {spark_submit.py:634} INFO - 24/12/09 14:46:43 INFO SecurityManager: Changing view acls groups to:
[2024-12-09T14:46:43.216+0000] {spark_submit.py:634} INFO - 24/12/09 14:46:43 INFO SecurityManager: Changing modify acls groups to:
[2024-12-09T14:46:43.219+0000] {spark_submit.py:634} INFO - 24/12/09 14:46:43 INFO SecurityManager: SecurityManager: authentication disabled; ui acls disabled; users with view permissions: ***; groups with view permissions: EMPTY; users with modify permissions: ***; groups with modify permissions: EMPTY
[2024-12-09T14:46:43.610+0000] {spark_submit.py:634} INFO - 24/12/09 14:46:43 INFO Utils: Successfully started service 'sparkDriver' on port 39593.
[2024-12-09T14:46:43.656+0000] {spark_submit.py:634} INFO - 24/12/09 14:46:43 INFO SparkEnv: Registering MapOutputTracker
[2024-12-09T14:46:43.748+0000] {spark_submit.py:634} INFO - 24/12/09 14:46:43 INFO SparkEnv: Registering BlockManagerMaster
[2024-12-09T14:46:43.768+0000] {spark_submit.py:634} INFO - 24/12/09 14:46:43 INFO BlockManagerMasterEndpoint: Using org.apache.spark.storage.DefaultTopologyMapper for getting topology information
[2024-12-09T14:46:43.769+0000] {spark_submit.py:634} INFO - 24/12/09 14:46:43 INFO BlockManagerMasterEndpoint: BlockManagerMasterEndpoint up
[2024-12-09T14:46:43.774+0000] {spark_submit.py:634} INFO - 24/12/09 14:46:43 INFO SparkEnv: Registering BlockManagerMasterHeartbeat
[2024-12-09T14:46:43.814+0000] {spark_submit.py:634} INFO - 24/12/09 14:46:43 INFO DiskBlockManager: Created local directory at /tmp/blockmgr-c77b6b93-2297-47dc-bc3b-6504ab1889f5
[2024-12-09T14:46:43.835+0000] {spark_submit.py:634} INFO - 24/12/09 14:46:43 INFO MemoryStore: MemoryStore started with capacity 434.4 MiB
[2024-12-09T14:46:43.860+0000] {spark_submit.py:634} INFO - 24/12/09 14:46:43 INFO SparkEnv: Registering OutputCommitCoordinator
[2024-12-09T14:46:44.079+0000] {spark_submit.py:634} INFO - 24/12/09 14:46:44 INFO JettyUtils: Start Jetty 0.0.0.0:4040 for SparkUI
[2024-12-09T14:46:44.165+0000] {spark_submit.py:634} INFO - 24/12/09 14:46:44 WARN Utils: Service 'SparkUI' could not bind on port 4040. Attempting port 4041.
[2024-12-09T14:46:44.181+0000] {spark_submit.py:634} INFO - 24/12/09 14:46:44 INFO Utils: Successfully started service 'SparkUI' on port 4041.
[2024-12-09T14:46:44.249+0000] {spark_submit.py:634} INFO - 24/12/09 14:46:44 INFO SparkContext: Added JAR file:/opt/***/jobs/scala/target/scala-2.12/word-count_2.12-0.1.jar at spark://2a892a3469ec:39593/jars/word-count_2.12-0.1.jar with timestamp 1733755603027
[2024-12-09T14:46:44.596+0000] {spark_submit.py:634} INFO - 24/12/09 14:46:44 INFO StandaloneAppClient$ClientEndpoint: Connecting to master spark://spark-master:7077...
[2024-12-09T14:46:44.727+0000] {spark_submit.py:634} INFO - 24/12/09 14:46:44 INFO TransportClientFactory: Successfully created connection to spark-master/172.18.0.5:7077 after 50 ms (0 ms spent in bootstraps)
[2024-12-09T14:46:45.133+0000] {spark_submit.py:634} INFO - 24/12/09 14:46:45 INFO StandaloneSchedulerBackend: Connected to Spark cluster with app ID app-20241209144645-0000
[2024-12-09T14:46:45.164+0000] {spark_submit.py:634} INFO - 24/12/09 14:46:45 INFO Utils: Successfully started service 'org.apache.spark.network.netty.NettyBlockTransferService' on port 43931.
[2024-12-09T14:46:45.169+0000] {spark_submit.py:634} INFO - 24/12/09 14:46:45 INFO NettyBlockTransferService: Server created on 2a892a3469ec:43931
[2024-12-09T14:46:45.180+0000] {spark_submit.py:634} INFO - 24/12/09 14:46:45 INFO BlockManager: Using org.apache.spark.storage.RandomBlockReplicationPolicy for block replication policy
[2024-12-09T14:46:45.198+0000] {spark_submit.py:634} INFO - 24/12/09 14:46:45 INFO BlockManagerMaster: Registering BlockManager BlockManagerId(driver, 2a892a3469ec, 43931, None)
[2024-12-09T14:46:45.206+0000] {spark_submit.py:634} INFO - 24/12/09 14:46:45 INFO BlockManagerMasterEndpoint: Registering block manager 2a892a3469ec:43931 with 434.4 MiB RAM, BlockManagerId(driver, 2a892a3469ec, 43931, None)
[2024-12-09T14:46:45.211+0000] {spark_submit.py:634} INFO - 24/12/09 14:46:45 INFO BlockManagerMaster: Registered BlockManager BlockManagerId(driver, 2a892a3469ec, 43931, None)
[2024-12-09T14:46:45.215+0000] {spark_submit.py:634} INFO - 24/12/09 14:46:45 INFO BlockManager: Initialized BlockManager: BlockManagerId(driver, 2a892a3469ec, 43931, None)
[2024-12-09T14:46:45.272+0000] {spark_submit.py:634} INFO - 24/12/09 14:46:45 INFO StandaloneAppClient$ClientEndpoint: Executor added: app-20241209144645-0000/0 on worker-20241209144606-172.18.0.7-43999 (172.18.0.7:43999) with 2 core(s)
[2024-12-09T14:46:45.298+0000] {spark_submit.py:634} INFO - 24/12/09 14:46:45 INFO StandaloneSchedulerBackend: Granted executor ID app-20241209144645-0000/0 on hostPort 172.18.0.7:43999 with 2 core(s), 1024.0 MiB RAM
[2024-12-09T14:46:45.826+0000] {spark_submit.py:634} INFO - 24/12/09 14:46:45 INFO StandaloneAppClient$ClientEndpoint: Executor updated: app-20241209144645-0000/0 is now RUNNING
[2024-12-09T14:46:45.863+0000] {spark_submit.py:634} INFO - 24/12/09 14:46:45 INFO StandaloneSchedulerBackend: SchedulerBackend is ready for scheduling beginning after reached minRegisteredResourcesRatio: 0.0
[2024-12-09T14:46:46.868+0000] {spark_submit.py:634} INFO - 24/12/09 14:46:46 INFO SparkContext: Starting job: collect at wordcount.scala:14
[2024-12-09T14:46:47.594+0000] {spark_submit.py:634} INFO - 24/12/09 14:46:47 INFO DAGScheduler: Registering RDD 2 (map at wordcount.scala:11) as input to shuffle 0
[2024-12-09T14:46:47.600+0000] {spark_submit.py:634} INFO - 24/12/09 14:46:47 INFO DAGScheduler: Got job 0 (collect at wordcount.scala:14) with 2 output partitions
[2024-12-09T14:46:47.601+0000] {spark_submit.py:634} INFO - 24/12/09 14:46:47 INFO DAGScheduler: Final stage: ResultStage 1 (collect at wordcount.scala:14)
[2024-12-09T14:46:47.601+0000] {spark_submit.py:634} INFO - 24/12/09 14:46:47 INFO DAGScheduler: Parents of final stage: List(ShuffleMapStage 0)
[2024-12-09T14:46:47.604+0000] {spark_submit.py:634} INFO - 24/12/09 14:46:47 INFO DAGScheduler: Missing parents: List(ShuffleMapStage 0)
[2024-12-09T14:46:47.613+0000] {spark_submit.py:634} INFO - 24/12/09 14:46:47 INFO DAGScheduler: Submitting ShuffleMapStage 0 (MapPartitionsRDD[2] at map at wordcount.scala:11), which has no missing parents
[2024-12-09T14:46:47.766+0000] {spark_submit.py:634} INFO - 24/12/09 14:46:47 INFO MemoryStore: Block broadcast_0 stored as values in memory (estimated size 5.5 KiB, free 434.4 MiB)
[2024-12-09T14:46:47.805+0000] {spark_submit.py:634} INFO - 24/12/09 14:46:47 INFO MemoryStore: Block broadcast_0_piece0 stored as bytes in memory (estimated size 3.2 KiB, free 434.4 MiB)
[2024-12-09T14:46:47.809+0000] {spark_submit.py:634} INFO - 24/12/09 14:46:47 INFO BlockManagerInfo: Added broadcast_0_piece0 in memory on 2a892a3469ec:43931 (size: 3.2 KiB, free: 434.4 MiB)
[2024-12-09T14:46:47.813+0000] {spark_submit.py:634} INFO - 24/12/09 14:46:47 INFO SparkContext: Created broadcast 0 from broadcast at DAGScheduler.scala:1585
[2024-12-09T14:46:47.847+0000] {spark_submit.py:634} INFO - 24/12/09 14:46:47 INFO DAGScheduler: Submitting 2 missing tasks from ShuffleMapStage 0 (MapPartitionsRDD[2] at map at wordcount.scala:11) (first 15 tasks are for partitions Vector(0, 1))
[2024-12-09T14:46:47.848+0000] {spark_submit.py:634} INFO - 24/12/09 14:46:47 INFO TaskSchedulerImpl: Adding task set 0.0 with 2 tasks resource profile 0
[2024-12-09T14:46:49.791+0000] {spark_submit.py:634} INFO - 24/12/09 14:46:49 INFO StandaloneSchedulerBackend$StandaloneDriverEndpoint: Registered executor NettyRpcEndpointRef(spark-client://Executor) (172.18.0.7:49010) with ID 0,  ResourceProfileId 0
[2024-12-09T14:46:49.902+0000] {spark_submit.py:634} INFO - 24/12/09 14:46:49 INFO BlockManagerMasterEndpoint: Registering block manager 172.18.0.7:35537 with 434.4 MiB RAM, BlockManagerId(0, 172.18.0.7, 35537, None)
[2024-12-09T14:46:50.096+0000] {spark_submit.py:634} INFO - 24/12/09 14:46:50 INFO TaskSetManager: Starting task 0.0 in stage 0.0 (TID 0) (172.18.0.7, executor 0, partition 0, PROCESS_LOCAL, 9198 bytes)
[2024-12-09T14:46:50.102+0000] {spark_submit.py:634} INFO - 24/12/09 14:46:50 INFO TaskSetManager: Starting task 1.0 in stage 0.0 (TID 1) (172.18.0.7, executor 0, partition 1, PROCESS_LOCAL, 9213 bytes)
[2024-12-09T14:46:50.480+0000] {spark_submit.py:634} INFO - 24/12/09 14:46:50 INFO BlockManagerInfo: Added broadcast_0_piece0 in memory on 172.18.0.7:35537 (size: 3.2 KiB, free: 434.4 MiB)
[2024-12-09T14:46:51.225+0000] {spark_submit.py:634} INFO - 24/12/09 14:46:51 INFO TaskSetManager: Finished task 1.0 in stage 0.0 (TID 1) in 1123 ms on 172.18.0.7 (executor 0) (1/2)
[2024-12-09T14:46:51.229+0000] {spark_submit.py:634} INFO - 24/12/09 14:46:51 INFO TaskSetManager: Finished task 0.0 in stage 0.0 (TID 0) in 1157 ms on 172.18.0.7 (executor 0) (2/2)
[2024-12-09T14:46:51.230+0000] {spark_submit.py:634} INFO - 24/12/09 14:46:51 INFO TaskSchedulerImpl: Removed TaskSet 0.0, whose tasks have all completed, from pool
[2024-12-09T14:46:51.243+0000] {spark_submit.py:634} INFO - 24/12/09 14:46:51 INFO DAGScheduler: ShuffleMapStage 0 (map at wordcount.scala:11) finished in 3.569 s
[2024-12-09T14:46:51.244+0000] {spark_submit.py:634} INFO - 24/12/09 14:46:51 INFO DAGScheduler: looking for newly runnable stages
[2024-12-09T14:46:51.248+0000] {spark_submit.py:634} INFO - 24/12/09 14:46:51 INFO DAGScheduler: running: Set()
[2024-12-09T14:46:51.249+0000] {spark_submit.py:634} INFO - 24/12/09 14:46:51 INFO DAGScheduler: waiting: Set(ResultStage 1)
[2024-12-09T14:46:51.249+0000] {spark_submit.py:634} INFO - 24/12/09 14:46:51 INFO DAGScheduler: failed: Set()
[2024-12-09T14:46:51.250+0000] {spark_submit.py:634} INFO - 24/12/09 14:46:51 INFO DAGScheduler: Submitting ResultStage 1 (ShuffledRDD[3] at reduceByKey at wordcount.scala:12), which has no missing parents
[2024-12-09T14:46:51.265+0000] {spark_submit.py:634} INFO - 24/12/09 14:46:51 INFO MemoryStore: Block broadcast_1 stored as values in memory (estimated size 5.2 KiB, free 434.4 MiB)
[2024-12-09T14:46:51.269+0000] {spark_submit.py:634} INFO - 24/12/09 14:46:51 INFO MemoryStore: Block broadcast_1_piece0 stored as bytes in memory (estimated size 3.1 KiB, free 434.4 MiB)
[2024-12-09T14:46:51.270+0000] {spark_submit.py:634} INFO - 24/12/09 14:46:51 INFO BlockManagerInfo: Added broadcast_1_piece0 in memory on 2a892a3469ec:43931 (size: 3.1 KiB, free: 434.4 MiB)
[2024-12-09T14:46:51.271+0000] {spark_submit.py:634} INFO - 24/12/09 14:46:51 INFO SparkContext: Created broadcast 1 from broadcast at DAGScheduler.scala:1585
[2024-12-09T14:46:51.274+0000] {spark_submit.py:634} INFO - 24/12/09 14:46:51 INFO DAGScheduler: Submitting 2 missing tasks from ResultStage 1 (ShuffledRDD[3] at reduceByKey at wordcount.scala:12) (first 15 tasks are for partitions Vector(0, 1))
[2024-12-09T14:46:51.274+0000] {spark_submit.py:634} INFO - 24/12/09 14:46:51 INFO TaskSchedulerImpl: Adding task set 1.0 with 2 tasks resource profile 0
[2024-12-09T14:46:51.281+0000] {spark_submit.py:634} INFO - 24/12/09 14:46:51 INFO TaskSetManager: Starting task 0.0 in stage 1.0 (TID 2) (172.18.0.7, executor 0, partition 0, NODE_LOCAL, 9003 bytes)
[2024-12-09T14:46:51.284+0000] {spark_submit.py:634} INFO - 24/12/09 14:46:51 INFO TaskSetManager: Starting task 1.0 in stage 1.0 (TID 3) (172.18.0.7, executor 0, partition 1, NODE_LOCAL, 9003 bytes)
[2024-12-09T14:46:51.311+0000] {spark_submit.py:634} INFO - 24/12/09 14:46:51 INFO BlockManagerInfo: Added broadcast_1_piece0 in memory on 172.18.0.7:35537 (size: 3.1 KiB, free: 434.4 MiB)
[2024-12-09T14:46:51.391+0000] {spark_submit.py:634} INFO - 24/12/09 14:46:51 INFO MapOutputTrackerMasterEndpoint: Asked to send map output locations for shuffle 0 to 172.18.0.7:49010
[2024-12-09T14:46:51.547+0000] {spark_submit.py:634} INFO - 24/12/09 14:46:51 INFO TaskSetManager: Finished task 0.0 in stage 1.0 (TID 2) in 268 ms on 172.18.0.7 (executor 0) (1/2)
[2024-12-09T14:46:51.552+0000] {spark_submit.py:634} INFO - 24/12/09 14:46:51 INFO TaskSetManager: Finished task 1.0 in stage 1.0 (TID 3) in 267 ms on 172.18.0.7 (executor 0) (2/2)
[2024-12-09T14:46:51.553+0000] {spark_submit.py:634} INFO - 24/12/09 14:46:51 INFO TaskSchedulerImpl: Removed TaskSet 1.0, whose tasks have all completed, from pool
[2024-12-09T14:46:51.558+0000] {spark_submit.py:634} INFO - 24/12/09 14:46:51 INFO DAGScheduler: ResultStage 1 (collect at wordcount.scala:14) finished in 0.294 s
[2024-12-09T14:46:51.559+0000] {spark_submit.py:634} INFO - 24/12/09 14:46:51 INFO DAGScheduler: Job 0 is finished. Cancelling potential speculative or zombie tasks for this job
[2024-12-09T14:46:51.561+0000] {spark_submit.py:634} INFO - 24/12/09 14:46:51 INFO TaskSchedulerImpl: Killing all running tasks in stage 1: Stage finished
[2024-12-09T14:46:51.565+0000] {spark_submit.py:634} INFO - 24/12/09 14:46:51 INFO DAGScheduler: Job 0 finished: collect at wordcount.scala:14, took 4.694479 s
[2024-12-09T14:46:51.576+0000] {spark_submit.py:634} INFO - (Hello,5)
[2024-12-09T14:46:51.581+0000] {spark_submit.py:634} INFO - (Yusuf,1)
[2024-12-09T14:46:51.586+0000] {spark_submit.py:634} INFO - (World,1)
[2024-12-09T14:46:51.588+0000] {spark_submit.py:634} INFO - (Scala,1)
[2024-12-09T14:46:51.589+0000] {spark_submit.py:634} INFO - (Docker,1)
[2024-12-09T14:46:51.591+0000] {spark_submit.py:634} INFO - (spark,1)
[2024-12-09T14:46:51.593+0000] {spark_submit.py:634} INFO - 24/12/09 14:46:51 INFO SparkContext: SparkContext is stopping with exitCode 0.
[2024-12-09T14:46:51.611+0000] {spark_submit.py:634} INFO - 24/12/09 14:46:51 INFO SparkUI: Stopped Spark web UI at http://2a892a3469ec:4041
[2024-12-09T14:46:51.625+0000] {spark_submit.py:634} INFO - 24/12/09 14:46:51 INFO StandaloneSchedulerBackend: Shutting down all executors
[2024-12-09T14:46:51.626+0000] {spark_submit.py:634} INFO - 24/12/09 14:46:51 INFO StandaloneSchedulerBackend$StandaloneDriverEndpoint: Asking each executor to shut down
[2024-12-09T14:46:51.711+0000] {spark_submit.py:634} INFO - 24/12/09 14:46:51 INFO MapOutputTrackerMasterEndpoint: MapOutputTrackerMasterEndpoint stopped!
[2024-12-09T14:46:51.767+0000] {spark_submit.py:634} INFO - 24/12/09 14:46:51 INFO MemoryStore: MemoryStore cleared
[2024-12-09T14:46:51.769+0000] {spark_submit.py:634} INFO - 24/12/09 14:46:51 INFO BlockManager: BlockManager stopped
[2024-12-09T14:46:51.787+0000] {spark_submit.py:634} INFO - 24/12/09 14:46:51 INFO BlockManagerMaster: BlockManagerMaster stopped
[2024-12-09T14:46:51.791+0000] {spark_submit.py:634} INFO - 24/12/09 14:46:51 INFO OutputCommitCoordinator$OutputCommitCoordinatorEndpoint: OutputCommitCoordinator stopped!
[2024-12-09T14:46:51.827+0000] {spark_submit.py:634} INFO - 24/12/09 14:46:51 INFO SparkContext: Successfully stopped SparkContext
[2024-12-09T14:46:51.831+0000] {spark_submit.py:634} INFO - 24/12/09 14:46:51 INFO ShutdownHookManager: Shutdown hook called
[2024-12-09T14:46:51.832+0000] {spark_submit.py:634} INFO - 24/12/09 14:46:51 INFO ShutdownHookManager: Deleting directory /tmp/spark-a1bde5a1-6d17-4762-8aa2-0d5c829b1930
[2024-12-09T14:46:51.838+0000] {spark_submit.py:634} INFO - 24/12/09 14:46:51 INFO ShutdownHookManager: Deleting directory /tmp/spark-8aff98fd-50b3-4afa-8d39-f539e1ec621e
[2024-12-09T14:46:52.068+0000] {taskinstance.py:340} INFO - ::group::Post task execution logs
[2024-12-09T14:46:52.069+0000] {taskinstance.py:352} INFO - Marking task as SUCCESS. dag_id=sparking_flow, task_id=scala_job, run_id=manual__2024-12-09T14:46:36.084755+00:00, execution_date=20241209T144636, start_date=20241209T144637, end_date=20241209T144652
[2024-12-09T14:46:52.131+0000] {local_task_job_runner.py:266} INFO - Task exited with return code 0
[2024-12-09T14:46:52.175+0000] {taskinstance.py:3895} INFO - 0 downstream tasks scheduled from follow-on schedule check
[2024-12-09T14:46:52.179+0000] {local_task_job_runner.py:245} INFO - ::endgroup::
