[2024-12-08T16:58:01.484+0000] {local_task_job_runner.py:123} INFO - ::group::Pre task execution logs
[2024-12-08T16:58:01.507+0000] {taskinstance.py:2613} INFO - Dependencies all met for dep_context=non-requeueable deps ti=<TaskInstance: sparking_flow.scala_job manual__2024-12-08T16:57:59.546508+00:00 [queued]>
[2024-12-08T16:58:01.515+0000] {taskinstance.py:2613} INFO - Dependencies all met for dep_context=requeueable deps ti=<TaskInstance: sparking_flow.scala_job manual__2024-12-08T16:57:59.546508+00:00 [queued]>
[2024-12-08T16:58:01.516+0000] {taskinstance.py:2866} INFO - Starting attempt 1 of 1
[2024-12-08T16:58:01.531+0000] {taskinstance.py:2889} INFO - Executing <Task(SparkSubmitOperator): scala_job> on 2024-12-08 16:57:59.546508+00:00
[2024-12-08T16:58:01.540+0000] {logging_mixin.py:190} WARNING - /home/***/.local/lib/python3.12/site-packages/***/task/task_runner/standard_task_runner.py:70 DeprecationWarning: This process (pid=186) is multi-threaded, use of fork() may lead to deadlocks in the child.
[2024-12-08T16:58:01.541+0000] {standard_task_runner.py:72} INFO - Started process 191 to run task
[2024-12-08T16:58:01.540+0000] {standard_task_runner.py:104} INFO - Running: ['***', 'tasks', 'run', 'sparking_flow', 'scala_job', 'manual__2024-12-08T16:57:59.546508+00:00', '--job-id', '228', '--raw', '--subdir', 'DAGS_FOLDER/spark_***.py', '--cfg-path', '/tmp/tmpv9gnedwk']
[2024-12-08T16:58:01.544+0000] {standard_task_runner.py:105} INFO - Job 228: Subtask scala_job
[2024-12-08T16:58:01.590+0000] {task_command.py:467} INFO - Running <TaskInstance: sparking_flow.scala_job manual__2024-12-08T16:57:59.546508+00:00 [running]> on host 2a892a3469ec
[2024-12-08T16:58:01.746+0000] {taskinstance.py:3132} INFO - Exporting env vars: AIRFLOW_CTX_DAG_OWNER='Yusuf Ganiyu' AIRFLOW_CTX_DAG_ID='sparking_flow' AIRFLOW_CTX_TASK_ID='scala_job' AIRFLOW_CTX_EXECUTION_DATE='2024-12-08T16:57:59.546508+00:00' AIRFLOW_CTX_TRY_NUMBER='1' AIRFLOW_CTX_DAG_RUN_ID='manual__2024-12-08T16:57:59.546508+00:00'
[2024-12-08T16:58:01.747+0000] {taskinstance.py:731} INFO - ::endgroup::
[2024-12-08T16:58:01.772+0000] {base.py:84} INFO - Retrieving connection 'spark-conn'
[2024-12-08T16:58:01.773+0000] {spark_submit.py:473} INFO - Spark-Submit cmd: spark-submit --master spark://sparkingflow-spark-master-1:7077 --name arrow-spark --deploy-mode client jobs/scala/target/scala-2.12/word-count_2.12-0.1.jar
[2024-12-08T16:58:05.060+0000] {spark_submit.py:634} INFO - 24/12/08 16:58:05 WARN NativeCodeLoader: Unable to load native-hadoop library for your platform... using builtin-java classes where applicable
[2024-12-08T16:58:05.436+0000] {spark_submit.py:634} INFO - 24/12/08 16:58:05 INFO SparkContext: Running Spark version 3.5.3
[2024-12-08T16:58:05.438+0000] {spark_submit.py:634} INFO - 24/12/08 16:58:05 INFO SparkContext: OS info Linux, 6.10.14-linuxkit, aarch64
[2024-12-08T16:58:05.439+0000] {spark_submit.py:634} INFO - 24/12/08 16:58:05 INFO SparkContext: Java version 17.0.13
[2024-12-08T16:58:05.480+0000] {spark_submit.py:634} INFO - 24/12/08 16:58:05 INFO ResourceUtils: ==============================================================
[2024-12-08T16:58:05.484+0000] {spark_submit.py:634} INFO - 24/12/08 16:58:05 INFO ResourceUtils: No custom resources configured for spark.driver.
[2024-12-08T16:58:05.485+0000] {spark_submit.py:634} INFO - 24/12/08 16:58:05 INFO ResourceUtils: ==============================================================
[2024-12-08T16:58:05.485+0000] {spark_submit.py:634} INFO - 24/12/08 16:58:05 INFO SparkContext: Submitted application: Word Count
[2024-12-08T16:58:05.511+0000] {spark_submit.py:634} INFO - 24/12/08 16:58:05 INFO ResourceProfile: Default ResourceProfile created, executor resources: Map(memory -> name: memory, amount: 1024, script: , vendor: , offHeap -> name: offHeap, amount: 0, script: , vendor: ), task resources: Map(cpus -> name: cpus, amount: 1.0)
[2024-12-08T16:58:05.525+0000] {spark_submit.py:634} INFO - 24/12/08 16:58:05 INFO ResourceProfile: Limiting resource is cpu
[2024-12-08T16:58:05.526+0000] {spark_submit.py:634} INFO - 24/12/08 16:58:05 INFO ResourceProfileManager: Added ResourceProfile id: 0
[2024-12-08T16:58:05.593+0000] {spark_submit.py:634} INFO - 24/12/08 16:58:05 INFO SecurityManager: Changing view acls to: ***
[2024-12-08T16:58:05.595+0000] {spark_submit.py:634} INFO - 24/12/08 16:58:05 INFO SecurityManager: Changing modify acls to: ***
[2024-12-08T16:58:05.598+0000] {spark_submit.py:634} INFO - 24/12/08 16:58:05 INFO SecurityManager: Changing view acls groups to:
[2024-12-08T16:58:05.598+0000] {spark_submit.py:634} INFO - 24/12/08 16:58:05 INFO SecurityManager: Changing modify acls groups to:
[2024-12-08T16:58:05.599+0000] {spark_submit.py:634} INFO - 24/12/08 16:58:05 INFO SecurityManager: SecurityManager: authentication disabled; ui acls disabled; users with view permissions: ***; groups with view permissions: EMPTY; users with modify permissions: ***; groups with modify permissions: EMPTY
[2024-12-08T16:58:06.015+0000] {spark_submit.py:634} INFO - 24/12/08 16:58:06 INFO Utils: Successfully started service 'sparkDriver' on port 38585.
[2024-12-08T16:58:06.057+0000] {spark_submit.py:634} INFO - 24/12/08 16:58:06 INFO SparkEnv: Registering MapOutputTracker
[2024-12-08T16:58:06.109+0000] {spark_submit.py:634} INFO - 24/12/08 16:58:06 INFO SparkEnv: Registering BlockManagerMaster
[2024-12-08T16:58:06.132+0000] {spark_submit.py:634} INFO - 24/12/08 16:58:06 INFO BlockManagerMasterEndpoint: Using org.apache.spark.storage.DefaultTopologyMapper for getting topology information
[2024-12-08T16:58:06.133+0000] {spark_submit.py:634} INFO - 24/12/08 16:58:06 INFO BlockManagerMasterEndpoint: BlockManagerMasterEndpoint up
[2024-12-08T16:58:06.139+0000] {spark_submit.py:634} INFO - 24/12/08 16:58:06 INFO SparkEnv: Registering BlockManagerMasterHeartbeat
[2024-12-08T16:58:06.167+0000] {spark_submit.py:634} INFO - 24/12/08 16:58:06 INFO DiskBlockManager: Created local directory at /tmp/blockmgr-8808096b-b11f-447c-81a9-5409ea2b8b52
[2024-12-08T16:58:06.191+0000] {spark_submit.py:634} INFO - 24/12/08 16:58:06 INFO MemoryStore: MemoryStore started with capacity 434.4 MiB
[2024-12-08T16:58:06.247+0000] {spark_submit.py:634} INFO - 24/12/08 16:58:06 INFO SparkEnv: Registering OutputCommitCoordinator
[2024-12-08T16:58:06.432+0000] {spark_submit.py:634} INFO - 24/12/08 16:58:06 INFO JettyUtils: Start Jetty 0.0.0.0:4040 for SparkUI
[2024-12-08T16:58:06.517+0000] {spark_submit.py:634} INFO - 24/12/08 16:58:06 WARN Utils: Service 'SparkUI' could not bind on port 4040. Attempting port 4041.
[2024-12-08T16:58:06.536+0000] {spark_submit.py:634} INFO - 24/12/08 16:58:06 INFO Utils: Successfully started service 'SparkUI' on port 4041.
[2024-12-08T16:58:06.634+0000] {spark_submit.py:634} INFO - 24/12/08 16:58:06 INFO SparkContext: Added JAR file:/opt/***/jobs/scala/target/scala-2.12/word-count_2.12-0.1.jar at spark://2a892a3469ec:38585/jars/word-count_2.12-0.1.jar with timestamp 1733677085420
[2024-12-08T16:58:06.787+0000] {spark_submit.py:634} INFO - 24/12/08 16:58:06 INFO StandaloneAppClient$ClientEndpoint: Connecting to master spark://spark-master:7077...
[2024-12-08T16:58:06.894+0000] {spark_submit.py:634} INFO - 24/12/08 16:58:06 INFO TransportClientFactory: Successfully created connection to spark-master/172.18.0.5:7077 after 67 ms (0 ms spent in bootstraps)
[2024-12-08T16:58:07.244+0000] {spark_submit.py:634} INFO - 24/12/08 16:58:07 INFO StandaloneSchedulerBackend: Connected to Spark cluster with app ID app-20241208165807-0000
[2024-12-08T16:58:07.266+0000] {spark_submit.py:634} INFO - 24/12/08 16:58:07 INFO Utils: Successfully started service 'org.apache.spark.network.netty.NettyBlockTransferService' on port 44005.
[2024-12-08T16:58:07.267+0000] {spark_submit.py:634} INFO - 24/12/08 16:58:07 INFO NettyBlockTransferService: Server created on 2a892a3469ec:44005
[2024-12-08T16:58:07.272+0000] {spark_submit.py:634} INFO - 24/12/08 16:58:07 INFO BlockManager: Using org.apache.spark.storage.RandomBlockReplicationPolicy for block replication policy
[2024-12-08T16:58:07.291+0000] {spark_submit.py:634} INFO - 24/12/08 16:58:07 INFO BlockManagerMaster: Registering BlockManager BlockManagerId(driver, 2a892a3469ec, 44005, None)
[2024-12-08T16:58:07.294+0000] {spark_submit.py:634} INFO - 24/12/08 16:58:07 INFO StandaloneAppClient$ClientEndpoint: Executor added: app-20241208165807-0000/0 on worker-20241208165743-172.18.0.7-46561 (172.18.0.7:46561) with 2 core(s)
[2024-12-08T16:58:07.298+0000] {spark_submit.py:634} INFO - 24/12/08 16:58:07 INFO StandaloneSchedulerBackend: Granted executor ID app-20241208165807-0000/0 on hostPort 172.18.0.7:46561 with 2 core(s), 1024.0 MiB RAM
[2024-12-08T16:58:07.300+0000] {spark_submit.py:634} INFO - 24/12/08 16:58:07 INFO BlockManagerMasterEndpoint: Registering block manager 2a892a3469ec:44005 with 434.4 MiB RAM, BlockManagerId(driver, 2a892a3469ec, 44005, None)
[2024-12-08T16:58:07.306+0000] {spark_submit.py:634} INFO - 24/12/08 16:58:07 INFO BlockManagerMaster: Registered BlockManager BlockManagerId(driver, 2a892a3469ec, 44005, None)
[2024-12-08T16:58:07.307+0000] {spark_submit.py:634} INFO - 24/12/08 16:58:07 INFO BlockManager: Initialized BlockManager: BlockManagerId(driver, 2a892a3469ec, 44005, None)
[2024-12-08T16:58:07.724+0000] {spark_submit.py:634} INFO - 24/12/08 16:58:07 INFO StandaloneSchedulerBackend: SchedulerBackend is ready for scheduling beginning after reached minRegisteredResourcesRatio: 0.0
[2024-12-08T16:58:07.739+0000] {spark_submit.py:634} INFO - 24/12/08 16:58:07 INFO StandaloneAppClient$ClientEndpoint: Executor updated: app-20241208165807-0000/0 is now RUNNING
[2024-12-08T16:58:08.580+0000] {spark_submit.py:634} INFO - 24/12/08 16:58:08 INFO SparkContext: Starting job: collect at wordcount.scala:14
[2024-12-08T16:58:09.098+0000] {spark_submit.py:634} INFO - 24/12/08 16:58:09 INFO DAGScheduler: Registering RDD 2 (map at wordcount.scala:11) as input to shuffle 0
[2024-12-08T16:58:09.109+0000] {spark_submit.py:634} INFO - 24/12/08 16:58:09 INFO DAGScheduler: Got job 0 (collect at wordcount.scala:14) with 2 output partitions
[2024-12-08T16:58:09.111+0000] {spark_submit.py:634} INFO - 24/12/08 16:58:09 INFO DAGScheduler: Final stage: ResultStage 1 (collect at wordcount.scala:14)
[2024-12-08T16:58:09.113+0000] {spark_submit.py:634} INFO - 24/12/08 16:58:09 INFO DAGScheduler: Parents of final stage: List(ShuffleMapStage 0)
[2024-12-08T16:58:09.116+0000] {spark_submit.py:634} INFO - 24/12/08 16:58:09 INFO DAGScheduler: Missing parents: List(ShuffleMapStage 0)
[2024-12-08T16:58:09.120+0000] {spark_submit.py:634} INFO - 24/12/08 16:58:09 INFO DAGScheduler: Submitting ShuffleMapStage 0 (MapPartitionsRDD[2] at map at wordcount.scala:11), which has no missing parents
[2024-12-08T16:58:09.268+0000] {spark_submit.py:634} INFO - 24/12/08 16:58:09 INFO MemoryStore: Block broadcast_0 stored as values in memory (estimated size 5.5 KiB, free 434.4 MiB)
[2024-12-08T16:58:09.313+0000] {spark_submit.py:634} INFO - 24/12/08 16:58:09 INFO MemoryStore: Block broadcast_0_piece0 stored as bytes in memory (estimated size 3.2 KiB, free 434.4 MiB)
[2024-12-08T16:58:09.315+0000] {spark_submit.py:634} INFO - 24/12/08 16:58:09 INFO BlockManagerInfo: Added broadcast_0_piece0 in memory on 2a892a3469ec:44005 (size: 3.2 KiB, free: 434.4 MiB)
[2024-12-08T16:58:09.326+0000] {spark_submit.py:634} INFO - 24/12/08 16:58:09 INFO SparkContext: Created broadcast 0 from broadcast at DAGScheduler.scala:1585
[2024-12-08T16:58:09.363+0000] {spark_submit.py:634} INFO - 24/12/08 16:58:09 INFO DAGScheduler: Submitting 2 missing tasks from ShuffleMapStage 0 (MapPartitionsRDD[2] at map at wordcount.scala:11) (first 15 tasks are for partitions Vector(0, 1))
[2024-12-08T16:58:09.364+0000] {spark_submit.py:634} INFO - 24/12/08 16:58:09 INFO TaskSchedulerImpl: Adding task set 0.0 with 2 tasks resource profile 0
[2024-12-08T16:58:10.633+0000] {spark_submit.py:634} INFO - 24/12/08 16:58:10 INFO StandaloneSchedulerBackend$StandaloneDriverEndpoint: Registered executor NettyRpcEndpointRef(spark-client://Executor) (172.18.0.7:60074) with ID 0,  ResourceProfileId 0
[2024-12-08T16:58:10.685+0000] {spark_submit.py:634} INFO - 24/12/08 16:58:10 INFO BlockManagerMasterEndpoint: Registering block manager 172.18.0.7:36831 with 434.4 MiB RAM, BlockManagerId(0, 172.18.0.7, 36831, None)
[2024-12-08T16:58:10.757+0000] {spark_submit.py:634} INFO - 24/12/08 16:58:10 INFO TaskSetManager: Starting task 0.0 in stage 0.0 (TID 0) (172.18.0.7, executor 0, partition 0, PROCESS_LOCAL, 9198 bytes)
[2024-12-08T16:58:10.759+0000] {spark_submit.py:634} INFO - 24/12/08 16:58:10 INFO TaskSetManager: Starting task 1.0 in stage 0.0 (TID 1) (172.18.0.7, executor 0, partition 1, PROCESS_LOCAL, 9213 bytes)
[2024-12-08T16:58:10.926+0000] {spark_submit.py:634} INFO - 24/12/08 16:58:10 INFO BlockManagerInfo: Added broadcast_0_piece0 in memory on 172.18.0.7:36831 (size: 3.2 KiB, free: 434.4 MiB)
[2024-12-08T16:58:11.371+0000] {spark_submit.py:634} INFO - 24/12/08 16:58:11 INFO TaskSetManager: Finished task 1.0 in stage 0.0 (TID 1) in 611 ms on 172.18.0.7 (executor 0) (1/2)
[2024-12-08T16:58:11.372+0000] {spark_submit.py:634} INFO - 24/12/08 16:58:11 INFO TaskSetManager: Finished task 0.0 in stage 0.0 (TID 0) in 623 ms on 172.18.0.7 (executor 0) (2/2)
[2024-12-08T16:58:11.372+0000] {spark_submit.py:634} INFO - 24/12/08 16:58:11 INFO TaskSchedulerImpl: Removed TaskSet 0.0, whose tasks have all completed, from pool
[2024-12-08T16:58:11.379+0000] {spark_submit.py:634} INFO - 24/12/08 16:58:11 INFO DAGScheduler: ShuffleMapStage 0 (map at wordcount.scala:11) finished in 2.227 s
[2024-12-08T16:58:11.382+0000] {spark_submit.py:634} INFO - 24/12/08 16:58:11 INFO DAGScheduler: looking for newly runnable stages
[2024-12-08T16:58:11.383+0000] {spark_submit.py:634} INFO - 24/12/08 16:58:11 INFO DAGScheduler: running: Set()
[2024-12-08T16:58:11.383+0000] {spark_submit.py:634} INFO - 24/12/08 16:58:11 INFO DAGScheduler: waiting: Set(ResultStage 1)
[2024-12-08T16:58:11.383+0000] {spark_submit.py:634} INFO - 24/12/08 16:58:11 INFO DAGScheduler: failed: Set()
[2024-12-08T16:58:11.383+0000] {spark_submit.py:634} INFO - 24/12/08 16:58:11 INFO DAGScheduler: Submitting ResultStage 1 (ShuffledRDD[3] at reduceByKey at wordcount.scala:12), which has no missing parents
[2024-12-08T16:58:11.390+0000] {spark_submit.py:634} INFO - 24/12/08 16:58:11 INFO MemoryStore: Block broadcast_1 stored as values in memory (estimated size 5.2 KiB, free 434.4 MiB)
[2024-12-08T16:58:11.399+0000] {spark_submit.py:634} INFO - 24/12/08 16:58:11 INFO MemoryStore: Block broadcast_1_piece0 stored as bytes in memory (estimated size 3.1 KiB, free 434.4 MiB)
[2024-12-08T16:58:11.400+0000] {spark_submit.py:634} INFO - 24/12/08 16:58:11 INFO BlockManagerInfo: Added broadcast_1_piece0 in memory on 2a892a3469ec:44005 (size: 3.1 KiB, free: 434.4 MiB)
[2024-12-08T16:58:11.403+0000] {spark_submit.py:634} INFO - 24/12/08 16:58:11 INFO SparkContext: Created broadcast 1 from broadcast at DAGScheduler.scala:1585
[2024-12-08T16:58:11.403+0000] {spark_submit.py:634} INFO - 24/12/08 16:58:11 INFO DAGScheduler: Submitting 2 missing tasks from ResultStage 1 (ShuffledRDD[3] at reduceByKey at wordcount.scala:12) (first 15 tasks are for partitions Vector(0, 1))
[2024-12-08T16:58:11.403+0000] {spark_submit.py:634} INFO - 24/12/08 16:58:11 INFO TaskSchedulerImpl: Adding task set 1.0 with 2 tasks resource profile 0
[2024-12-08T16:58:11.406+0000] {spark_submit.py:634} INFO - 24/12/08 16:58:11 INFO TaskSetManager: Starting task 0.0 in stage 1.0 (TID 2) (172.18.0.7, executor 0, partition 0, NODE_LOCAL, 9003 bytes)
[2024-12-08T16:58:11.407+0000] {spark_submit.py:634} INFO - 24/12/08 16:58:11 INFO TaskSetManager: Starting task 1.0 in stage 1.0 (TID 3) (172.18.0.7, executor 0, partition 1, NODE_LOCAL, 9003 bytes)
[2024-12-08T16:58:11.432+0000] {spark_submit.py:634} INFO - 24/12/08 16:58:11 INFO BlockManagerInfo: Added broadcast_1_piece0 in memory on 172.18.0.7:36831 (size: 3.1 KiB, free: 434.4 MiB)
[2024-12-08T16:58:11.478+0000] {spark_submit.py:634} INFO - 24/12/08 16:58:11 INFO MapOutputTrackerMasterEndpoint: Asked to send map output locations for shuffle 0 to 172.18.0.7:60074
[2024-12-08T16:58:11.509+0000] {spark_submit.py:634} INFO - 24/12/08 16:58:11 INFO BlockManagerInfo: Removed broadcast_0_piece0 on 2a892a3469ec:44005 in memory (size: 3.2 KiB, free: 434.4 MiB)
[2024-12-08T16:58:11.525+0000] {spark_submit.py:634} INFO - 24/12/08 16:58:11 INFO BlockManagerInfo: Removed broadcast_0_piece0 on 172.18.0.7:36831 in memory (size: 3.2 KiB, free: 434.4 MiB)
[2024-12-08T16:58:11.633+0000] {spark_submit.py:634} INFO - 24/12/08 16:58:11 INFO TaskSetManager: Finished task 0.0 in stage 1.0 (TID 2) in 228 ms on 172.18.0.7 (executor 0) (1/2)
[2024-12-08T16:58:11.633+0000] {spark_submit.py:634} INFO - 24/12/08 16:58:11 INFO TaskSetManager: Finished task 1.0 in stage 1.0 (TID 3) in 227 ms on 172.18.0.7 (executor 0) (2/2)
[2024-12-08T16:58:11.633+0000] {spark_submit.py:634} INFO - 24/12/08 16:58:11 INFO TaskSchedulerImpl: Removed TaskSet 1.0, whose tasks have all completed, from pool
[2024-12-08T16:58:11.635+0000] {spark_submit.py:634} INFO - 24/12/08 16:58:11 INFO DAGScheduler: ResultStage 1 (collect at wordcount.scala:14) finished in 0.247 s
[2024-12-08T16:58:11.637+0000] {spark_submit.py:634} INFO - 24/12/08 16:58:11 INFO DAGScheduler: Job 0 is finished. Cancelling potential speculative or zombie tasks for this job
[2024-12-08T16:58:11.638+0000] {spark_submit.py:634} INFO - 24/12/08 16:58:11 INFO TaskSchedulerImpl: Killing all running tasks in stage 1: Stage finished
[2024-12-08T16:58:11.640+0000] {spark_submit.py:634} INFO - 24/12/08 16:58:11 INFO DAGScheduler: Job 0 finished: collect at wordcount.scala:14, took 3.055434 s
[2024-12-08T16:58:11.643+0000] {spark_submit.py:634} INFO - (Hello,5)
[2024-12-08T16:58:11.643+0000] {spark_submit.py:634} INFO - (Yusuf,1)
[2024-12-08T16:58:11.643+0000] {spark_submit.py:634} INFO - (World,1)
[2024-12-08T16:58:11.644+0000] {spark_submit.py:634} INFO - (Scala,1)
[2024-12-08T16:58:11.644+0000] {spark_submit.py:634} INFO - (Docker,1)
[2024-12-08T16:58:11.644+0000] {spark_submit.py:634} INFO - (spark,1)
[2024-12-08T16:58:11.645+0000] {spark_submit.py:634} INFO - 24/12/08 16:58:11 INFO SparkContext: SparkContext is stopping with exitCode 0.
[2024-12-08T16:58:11.652+0000] {spark_submit.py:634} INFO - 24/12/08 16:58:11 INFO SparkUI: Stopped Spark web UI at http://2a892a3469ec:4041
[2024-12-08T16:58:11.655+0000] {spark_submit.py:634} INFO - 24/12/08 16:58:11 INFO StandaloneSchedulerBackend: Shutting down all executors
[2024-12-08T16:58:11.656+0000] {spark_submit.py:634} INFO - 24/12/08 16:58:11 INFO StandaloneSchedulerBackend$StandaloneDriverEndpoint: Asking each executor to shut down
[2024-12-08T16:58:11.672+0000] {spark_submit.py:634} INFO - 24/12/08 16:58:11 INFO MapOutputTrackerMasterEndpoint: MapOutputTrackerMasterEndpoint stopped!
[2024-12-08T16:58:11.695+0000] {spark_submit.py:634} INFO - 24/12/08 16:58:11 INFO MemoryStore: MemoryStore cleared
[2024-12-08T16:58:11.697+0000] {spark_submit.py:634} INFO - 24/12/08 16:58:11 INFO BlockManager: BlockManager stopped
[2024-12-08T16:58:11.703+0000] {spark_submit.py:634} INFO - 24/12/08 16:58:11 INFO BlockManagerMaster: BlockManagerMaster stopped
[2024-12-08T16:58:11.707+0000] {spark_submit.py:634} INFO - 24/12/08 16:58:11 INFO OutputCommitCoordinator$OutputCommitCoordinatorEndpoint: OutputCommitCoordinator stopped!
[2024-12-08T16:58:11.735+0000] {spark_submit.py:634} INFO - 24/12/08 16:58:11 INFO SparkContext: Successfully stopped SparkContext
[2024-12-08T16:58:11.740+0000] {spark_submit.py:634} INFO - 24/12/08 16:58:11 INFO ShutdownHookManager: Shutdown hook called
[2024-12-08T16:58:11.740+0000] {spark_submit.py:634} INFO - 24/12/08 16:58:11 INFO ShutdownHookManager: Deleting directory /tmp/spark-15710e0c-f59c-49e6-b67f-5a0f23698ab1
[2024-12-08T16:58:11.749+0000] {spark_submit.py:634} INFO - 24/12/08 16:58:11 INFO ShutdownHookManager: Deleting directory /tmp/spark-cd957fe7-3508-4186-85e5-1db44866b894
[2024-12-08T16:58:11.818+0000] {taskinstance.py:340} INFO - ::group::Post task execution logs
[2024-12-08T16:58:11.820+0000] {taskinstance.py:352} INFO - Marking task as SUCCESS. dag_id=sparking_flow, task_id=scala_job, run_id=manual__2024-12-08T16:57:59.546508+00:00, execution_date=20241208T165759, start_date=20241208T165801, end_date=20241208T165811
[2024-12-08T16:58:11.864+0000] {local_task_job_runner.py:266} INFO - Task exited with return code 0
[2024-12-08T16:58:11.883+0000] {taskinstance.py:3895} INFO - 0 downstream tasks scheduled from follow-on schedule check
[2024-12-08T16:58:11.884+0000] {local_task_job_runner.py:245} INFO - ::endgroup::
