[2024-12-09T14:05:15.730+0000] {local_task_job_runner.py:123} INFO - ::group::Pre task execution logs
[2024-12-09T14:05:15.751+0000] {taskinstance.py:2613} INFO - Dependencies all met for dep_context=non-requeueable deps ti=<TaskInstance: sparking_flow.scala_job manual__2024-12-09T14:05:12.986891+00:00 [queued]>
[2024-12-09T14:05:15.762+0000] {taskinstance.py:2613} INFO - Dependencies all met for dep_context=requeueable deps ti=<TaskInstance: sparking_flow.scala_job manual__2024-12-09T14:05:12.986891+00:00 [queued]>
[2024-12-09T14:05:15.763+0000] {taskinstance.py:2866} INFO - Starting attempt 1 of 1
[2024-12-09T14:05:15.778+0000] {taskinstance.py:2889} INFO - Executing <Task(SparkSubmitOperator): scala_job> on 2024-12-09 14:05:12.986891+00:00
[2024-12-09T14:05:15.792+0000] {logging_mixin.py:190} WARNING - /home/***/.local/lib/python3.12/site-packages/***/task/task_runner/standard_task_runner.py:70 DeprecationWarning: This process (pid=694) is multi-threaded, use of fork() may lead to deadlocks in the child.
[2024-12-09T14:05:15.793+0000] {standard_task_runner.py:72} INFO - Started process 698 to run task
[2024-12-09T14:05:15.792+0000] {standard_task_runner.py:104} INFO - Running: ['***', 'tasks', 'run', 'sparking_flow', 'scala_job', 'manual__2024-12-09T14:05:12.986891+00:00', '--job-id', '486', '--raw', '--subdir', 'DAGS_FOLDER/spark_***.py', '--cfg-path', '/tmp/tmp7xzq0jzb']
[2024-12-09T14:05:15.796+0000] {standard_task_runner.py:105} INFO - Job 486: Subtask scala_job
[2024-12-09T14:05:15.873+0000] {task_command.py:467} INFO - Running <TaskInstance: sparking_flow.scala_job manual__2024-12-09T14:05:12.986891+00:00 [running]> on host 2a892a3469ec
[2024-12-09T14:05:15.992+0000] {taskinstance.py:3132} INFO - Exporting env vars: AIRFLOW_CTX_DAG_OWNER='Yusuf Ganiyu' AIRFLOW_CTX_DAG_ID='sparking_flow' AIRFLOW_CTX_TASK_ID='scala_job' AIRFLOW_CTX_EXECUTION_DATE='2024-12-09T14:05:12.986891+00:00' AIRFLOW_CTX_TRY_NUMBER='1' AIRFLOW_CTX_DAG_RUN_ID='manual__2024-12-09T14:05:12.986891+00:00'
[2024-12-09T14:05:15.994+0000] {taskinstance.py:731} INFO - ::endgroup::
[2024-12-09T14:05:16.029+0000] {base.py:84} INFO - Retrieving connection 'spark-conn'
[2024-12-09T14:05:16.030+0000] {spark_submit.py:473} INFO - Spark-Submit cmd: spark-submit --master spark://sparkingflow-spark-master-1:7077 --name arrow-spark --deploy-mode client jobs/scala/target/scala-2.12/word-count_2.12-0.1.jar
[2024-12-09T14:05:18.962+0000] {spark_submit.py:634} INFO - 24/12/09 14:05:18 WARN NativeCodeLoader: Unable to load native-hadoop library for your platform... using builtin-java classes where applicable
[2024-12-09T14:05:19.319+0000] {spark_submit.py:634} INFO - 24/12/09 14:05:19 INFO SparkContext: Running Spark version 3.5.3
[2024-12-09T14:05:19.320+0000] {spark_submit.py:634} INFO - 24/12/09 14:05:19 INFO SparkContext: OS info Linux, 6.10.14-linuxkit, aarch64
[2024-12-09T14:05:19.320+0000] {spark_submit.py:634} INFO - 24/12/09 14:05:19 INFO SparkContext: Java version 17.0.13
[2024-12-09T14:05:19.377+0000] {spark_submit.py:634} INFO - 24/12/09 14:05:19 INFO ResourceUtils: ==============================================================
[2024-12-09T14:05:19.378+0000] {spark_submit.py:634} INFO - 24/12/09 14:05:19 INFO ResourceUtils: No custom resources configured for spark.driver.
[2024-12-09T14:05:19.380+0000] {spark_submit.py:634} INFO - 24/12/09 14:05:19 INFO ResourceUtils: ==============================================================
[2024-12-09T14:05:19.381+0000] {spark_submit.py:634} INFO - 24/12/09 14:05:19 INFO SparkContext: Submitted application: Word Count
[2024-12-09T14:05:19.420+0000] {spark_submit.py:634} INFO - 24/12/09 14:05:19 INFO ResourceProfile: Default ResourceProfile created, executor resources: Map(memory -> name: memory, amount: 1024, script: , vendor: , offHeap -> name: offHeap, amount: 0, script: , vendor: ), task resources: Map(cpus -> name: cpus, amount: 1.0)
[2024-12-09T14:05:19.432+0000] {spark_submit.py:634} INFO - 24/12/09 14:05:19 INFO ResourceProfile: Limiting resource is cpu
[2024-12-09T14:05:19.433+0000] {spark_submit.py:634} INFO - 24/12/09 14:05:19 INFO ResourceProfileManager: Added ResourceProfile id: 0
[2024-12-09T14:05:19.502+0000] {spark_submit.py:634} INFO - 24/12/09 14:05:19 INFO SecurityManager: Changing view acls to: ***
[2024-12-09T14:05:19.506+0000] {spark_submit.py:634} INFO - 24/12/09 14:05:19 INFO SecurityManager: Changing modify acls to: ***
[2024-12-09T14:05:19.507+0000] {spark_submit.py:634} INFO - 24/12/09 14:05:19 INFO SecurityManager: Changing view acls groups to:
[2024-12-09T14:05:19.509+0000] {spark_submit.py:634} INFO - 24/12/09 14:05:19 INFO SecurityManager: Changing modify acls groups to:
[2024-12-09T14:05:19.509+0000] {spark_submit.py:634} INFO - 24/12/09 14:05:19 INFO SecurityManager: SecurityManager: authentication disabled; ui acls disabled; users with view permissions: ***; groups with view permissions: EMPTY; users with modify permissions: ***; groups with modify permissions: EMPTY
[2024-12-09T14:05:19.850+0000] {spark_submit.py:634} INFO - 24/12/09 14:05:19 INFO Utils: Successfully started service 'sparkDriver' on port 33639.
[2024-12-09T14:05:19.898+0000] {spark_submit.py:634} INFO - 24/12/09 14:05:19 INFO SparkEnv: Registering MapOutputTracker
[2024-12-09T14:05:19.969+0000] {spark_submit.py:634} INFO - 24/12/09 14:05:19 INFO SparkEnv: Registering BlockManagerMaster
[2024-12-09T14:05:19.998+0000] {spark_submit.py:634} INFO - 24/12/09 14:05:19 INFO BlockManagerMasterEndpoint: Using org.apache.spark.storage.DefaultTopologyMapper for getting topology information
[2024-12-09T14:05:20.001+0000] {spark_submit.py:634} INFO - 24/12/09 14:05:19 INFO BlockManagerMasterEndpoint: BlockManagerMasterEndpoint up
[2024-12-09T14:05:20.010+0000] {spark_submit.py:634} INFO - 24/12/09 14:05:20 INFO SparkEnv: Registering BlockManagerMasterHeartbeat
[2024-12-09T14:05:20.054+0000] {spark_submit.py:634} INFO - 24/12/09 14:05:20 INFO DiskBlockManager: Created local directory at /tmp/blockmgr-5ef7fcd9-52a8-431c-b8fc-04d48da04ee2
[2024-12-09T14:05:20.096+0000] {spark_submit.py:634} INFO - 24/12/09 14:05:20 INFO MemoryStore: MemoryStore started with capacity 434.4 MiB
[2024-12-09T14:05:20.134+0000] {spark_submit.py:634} INFO - 24/12/09 14:05:20 INFO SparkEnv: Registering OutputCommitCoordinator
[2024-12-09T14:05:20.422+0000] {spark_submit.py:634} INFO - 24/12/09 14:05:20 INFO JettyUtils: Start Jetty 0.0.0.0:4040 for SparkUI
[2024-12-09T14:05:20.542+0000] {spark_submit.py:634} INFO - 24/12/09 14:05:20 INFO Utils: Successfully started service 'SparkUI' on port 4040.
[2024-12-09T14:05:20.600+0000] {spark_submit.py:634} INFO - 24/12/09 14:05:20 INFO SparkContext: Added JAR file:/opt/***/jobs/scala/target/scala-2.12/word-count_2.12-0.1.jar at spark://2a892a3469ec:33639/jars/word-count_2.12-0.1.jar with timestamp 1733753119302
[2024-12-09T14:05:20.795+0000] {spark_submit.py:634} INFO - 24/12/09 14:05:20 INFO StandaloneAppClient$ClientEndpoint: Connecting to master spark://spark-master:7077...
[2024-12-09T14:05:20.960+0000] {spark_submit.py:634} INFO - 24/12/09 14:05:20 INFO TransportClientFactory: Successfully created connection to spark-master/172.18.0.5:7077 after 101 ms (0 ms spent in bootstraps)
[2024-12-09T14:05:21.420+0000] {spark_submit.py:634} INFO - 24/12/09 14:05:21 INFO StandaloneSchedulerBackend: Connected to Spark cluster with app ID app-20241209140521-0000
[2024-12-09T14:05:21.442+0000] {spark_submit.py:634} INFO - 24/12/09 14:05:21 INFO Utils: Successfully started service 'org.apache.spark.network.netty.NettyBlockTransferService' on port 41195.
[2024-12-09T14:05:21.443+0000] {spark_submit.py:634} INFO - 24/12/09 14:05:21 INFO NettyBlockTransferService: Server created on 2a892a3469ec:41195
[2024-12-09T14:05:21.447+0000] {spark_submit.py:634} INFO - 24/12/09 14:05:21 INFO BlockManager: Using org.apache.spark.storage.RandomBlockReplicationPolicy for block replication policy
[2024-12-09T14:05:21.459+0000] {spark_submit.py:634} INFO - 24/12/09 14:05:21 INFO BlockManagerMaster: Registering BlockManager BlockManagerId(driver, 2a892a3469ec, 41195, None)
[2024-12-09T14:05:21.466+0000] {spark_submit.py:634} INFO - 24/12/09 14:05:21 INFO BlockManagerMasterEndpoint: Registering block manager 2a892a3469ec:41195 with 434.4 MiB RAM, BlockManagerId(driver, 2a892a3469ec, 41195, None)
[2024-12-09T14:05:21.470+0000] {spark_submit.py:634} INFO - 24/12/09 14:05:21 INFO BlockManagerMaster: Registered BlockManager BlockManagerId(driver, 2a892a3469ec, 41195, None)
[2024-12-09T14:05:21.482+0000] {spark_submit.py:634} INFO - 24/12/09 14:05:21 INFO BlockManager: Initialized BlockManager: BlockManagerId(driver, 2a892a3469ec, 41195, None)
[2024-12-09T14:05:21.489+0000] {spark_submit.py:634} INFO - 24/12/09 14:05:21 INFO StandaloneAppClient$ClientEndpoint: Executor added: app-20241209140521-0000/0 on worker-20241209140508-172.18.0.7-34947 (172.18.0.7:34947) with 2 core(s)
[2024-12-09T14:05:21.493+0000] {spark_submit.py:634} INFO - 24/12/09 14:05:21 INFO StandaloneSchedulerBackend: Granted executor ID app-20241209140521-0000/0 on hostPort 172.18.0.7:34947 with 2 core(s), 1024.0 MiB RAM
[2024-12-09T14:05:22.093+0000] {spark_submit.py:634} INFO - 24/12/09 14:05:22 INFO StandaloneAppClient$ClientEndpoint: Executor updated: app-20241209140521-0000/0 is now RUNNING
[2024-12-09T14:05:22.127+0000] {spark_submit.py:634} INFO - 24/12/09 14:05:22 INFO StandaloneSchedulerBackend: SchedulerBackend is ready for scheduling beginning after reached minRegisteredResourcesRatio: 0.0
[2024-12-09T14:05:23.171+0000] {spark_submit.py:634} INFO - 24/12/09 14:05:23 INFO SparkContext: Starting job: collect at wordcount.scala:14
[2024-12-09T14:05:23.942+0000] {spark_submit.py:634} INFO - 24/12/09 14:05:23 INFO DAGScheduler: Registering RDD 2 (map at wordcount.scala:11) as input to shuffle 0
[2024-12-09T14:05:23.952+0000] {spark_submit.py:634} INFO - 24/12/09 14:05:23 INFO DAGScheduler: Got job 0 (collect at wordcount.scala:14) with 2 output partitions
[2024-12-09T14:05:23.954+0000] {spark_submit.py:634} INFO - 24/12/09 14:05:23 INFO DAGScheduler: Final stage: ResultStage 1 (collect at wordcount.scala:14)
[2024-12-09T14:05:23.963+0000] {spark_submit.py:634} INFO - 24/12/09 14:05:23 INFO DAGScheduler: Parents of final stage: List(ShuffleMapStage 0)
[2024-12-09T14:05:23.964+0000] {spark_submit.py:634} INFO - 24/12/09 14:05:23 INFO DAGScheduler: Missing parents: List(ShuffleMapStage 0)
[2024-12-09T14:05:23.980+0000] {spark_submit.py:634} INFO - 24/12/09 14:05:23 INFO DAGScheduler: Submitting ShuffleMapStage 0 (MapPartitionsRDD[2] at map at wordcount.scala:11), which has no missing parents
[2024-12-09T14:05:24.173+0000] {spark_submit.py:634} INFO - 24/12/09 14:05:24 INFO MemoryStore: Block broadcast_0 stored as values in memory (estimated size 5.5 KiB, free 434.4 MiB)
[2024-12-09T14:05:24.255+0000] {spark_submit.py:634} INFO - 24/12/09 14:05:24 INFO MemoryStore: Block broadcast_0_piece0 stored as bytes in memory (estimated size 3.2 KiB, free 434.4 MiB)
[2024-12-09T14:05:24.261+0000] {spark_submit.py:634} INFO - 24/12/09 14:05:24 INFO BlockManagerInfo: Added broadcast_0_piece0 in memory on 2a892a3469ec:41195 (size: 3.2 KiB, free: 434.4 MiB)
[2024-12-09T14:05:24.269+0000] {spark_submit.py:634} INFO - 24/12/09 14:05:24 INFO SparkContext: Created broadcast 0 from broadcast at DAGScheduler.scala:1585
[2024-12-09T14:05:24.366+0000] {spark_submit.py:634} INFO - 24/12/09 14:05:24 INFO DAGScheduler: Submitting 2 missing tasks from ShuffleMapStage 0 (MapPartitionsRDD[2] at map at wordcount.scala:11) (first 15 tasks are for partitions Vector(0, 1))
[2024-12-09T14:05:24.408+0000] {spark_submit.py:634} INFO - 24/12/09 14:05:24 INFO TaskSchedulerImpl: Adding task set 0.0 with 2 tasks resource profile 0
[2024-12-09T14:05:28.261+0000] {spark_submit.py:634} INFO - 24/12/09 14:05:28 INFO StandaloneSchedulerBackend$StandaloneDriverEndpoint: Registered executor NettyRpcEndpointRef(spark-client://Executor) (172.18.0.7:52546) with ID 0,  ResourceProfileId 0
[2024-12-09T14:05:28.403+0000] {spark_submit.py:634} INFO - 24/12/09 14:05:28 INFO BlockManagerMasterEndpoint: Registering block manager 172.18.0.7:33765 with 434.4 MiB RAM, BlockManagerId(0, 172.18.0.7, 33765, None)
[2024-12-09T14:05:28.602+0000] {spark_submit.py:634} INFO - 24/12/09 14:05:28 INFO TaskSetManager: Starting task 0.0 in stage 0.0 (TID 0) (172.18.0.7, executor 0, partition 0, PROCESS_LOCAL, 9198 bytes)
[2024-12-09T14:05:28.609+0000] {spark_submit.py:634} INFO - 24/12/09 14:05:28 INFO TaskSetManager: Starting task 1.0 in stage 0.0 (TID 1) (172.18.0.7, executor 0, partition 1, PROCESS_LOCAL, 9213 bytes)
[2024-12-09T14:05:28.957+0000] {spark_submit.py:634} INFO - 24/12/09 14:05:28 INFO BlockManagerInfo: Added broadcast_0_piece0 in memory on 172.18.0.7:33765 (size: 3.2 KiB, free: 434.4 MiB)
[2024-12-09T14:05:29.685+0000] {spark_submit.py:634} INFO - 24/12/09 14:05:29 INFO TaskSetManager: Finished task 0.0 in stage 0.0 (TID 0) in 1103 ms on 172.18.0.7 (executor 0) (1/2)
[2024-12-09T14:05:29.687+0000] {spark_submit.py:634} INFO - 24/12/09 14:05:29 INFO TaskSetManager: Finished task 1.0 in stage 0.0 (TID 1) in 1081 ms on 172.18.0.7 (executor 0) (2/2)
[2024-12-09T14:05:29.689+0000] {spark_submit.py:634} INFO - 24/12/09 14:05:29 INFO TaskSchedulerImpl: Removed TaskSet 0.0, whose tasks have all completed, from pool
[2024-12-09T14:05:29.704+0000] {spark_submit.py:634} INFO - 24/12/09 14:05:29 INFO DAGScheduler: ShuffleMapStage 0 (map at wordcount.scala:11) finished in 5.679 s
[2024-12-09T14:05:29.705+0000] {spark_submit.py:634} INFO - 24/12/09 14:05:29 INFO DAGScheduler: looking for newly runnable stages
[2024-12-09T14:05:29.706+0000] {spark_submit.py:634} INFO - 24/12/09 14:05:29 INFO DAGScheduler: running: Set()
[2024-12-09T14:05:29.707+0000] {spark_submit.py:634} INFO - 24/12/09 14:05:29 INFO DAGScheduler: waiting: Set(ResultStage 1)
[2024-12-09T14:05:29.707+0000] {spark_submit.py:634} INFO - 24/12/09 14:05:29 INFO DAGScheduler: failed: Set()
[2024-12-09T14:05:29.713+0000] {spark_submit.py:634} INFO - 24/12/09 14:05:29 INFO DAGScheduler: Submitting ResultStage 1 (ShuffledRDD[3] at reduceByKey at wordcount.scala:12), which has no missing parents
[2024-12-09T14:05:29.730+0000] {spark_submit.py:634} INFO - 24/12/09 14:05:29 INFO MemoryStore: Block broadcast_1 stored as values in memory (estimated size 5.2 KiB, free 434.4 MiB)
[2024-12-09T14:05:29.735+0000] {spark_submit.py:634} INFO - 24/12/09 14:05:29 INFO MemoryStore: Block broadcast_1_piece0 stored as bytes in memory (estimated size 3.1 KiB, free 434.4 MiB)
[2024-12-09T14:05:29.736+0000] {spark_submit.py:634} INFO - 24/12/09 14:05:29 INFO BlockManagerInfo: Added broadcast_1_piece0 in memory on 2a892a3469ec:41195 (size: 3.1 KiB, free: 434.4 MiB)
[2024-12-09T14:05:29.737+0000] {spark_submit.py:634} INFO - 24/12/09 14:05:29 INFO SparkContext: Created broadcast 1 from broadcast at DAGScheduler.scala:1585
[2024-12-09T14:05:29.741+0000] {spark_submit.py:634} INFO - 24/12/09 14:05:29 INFO DAGScheduler: Submitting 2 missing tasks from ResultStage 1 (ShuffledRDD[3] at reduceByKey at wordcount.scala:12) (first 15 tasks are for partitions Vector(0, 1))
[2024-12-09T14:05:29.742+0000] {spark_submit.py:634} INFO - 24/12/09 14:05:29 INFO TaskSchedulerImpl: Adding task set 1.0 with 2 tasks resource profile 0
[2024-12-09T14:05:29.752+0000] {spark_submit.py:634} INFO - 24/12/09 14:05:29 INFO TaskSetManager: Starting task 0.0 in stage 1.0 (TID 2) (172.18.0.7, executor 0, partition 0, NODE_LOCAL, 9003 bytes)
[2024-12-09T14:05:29.753+0000] {spark_submit.py:634} INFO - 24/12/09 14:05:29 INFO TaskSetManager: Starting task 1.0 in stage 1.0 (TID 3) (172.18.0.7, executor 0, partition 1, NODE_LOCAL, 9003 bytes)
[2024-12-09T14:05:29.791+0000] {spark_submit.py:634} INFO - 24/12/09 14:05:29 INFO BlockManagerInfo: Added broadcast_1_piece0 in memory on 172.18.0.7:33765 (size: 3.1 KiB, free: 434.4 MiB)
[2024-12-09T14:05:29.891+0000] {spark_submit.py:634} INFO - 24/12/09 14:05:29 INFO MapOutputTrackerMasterEndpoint: Asked to send map output locations for shuffle 0 to 172.18.0.7:52546
[2024-12-09T14:05:30.045+0000] {spark_submit.py:634} INFO - 24/12/09 14:05:30 INFO TaskSetManager: Finished task 1.0 in stage 1.0 (TID 3) in 293 ms on 172.18.0.7 (executor 0) (1/2)
[2024-12-09T14:05:30.046+0000] {spark_submit.py:634} INFO - 24/12/09 14:05:30 INFO TaskSetManager: Finished task 0.0 in stage 1.0 (TID 2) in 299 ms on 172.18.0.7 (executor 0) (2/2)
[2024-12-09T14:05:30.047+0000] {spark_submit.py:634} INFO - 24/12/09 14:05:30 INFO TaskSchedulerImpl: Removed TaskSet 1.0, whose tasks have all completed, from pool
[2024-12-09T14:05:30.050+0000] {spark_submit.py:634} INFO - 24/12/09 14:05:30 INFO DAGScheduler: ResultStage 1 (collect at wordcount.scala:14) finished in 0.323 s
[2024-12-09T14:05:30.053+0000] {spark_submit.py:634} INFO - 24/12/09 14:05:30 INFO DAGScheduler: Job 0 is finished. Cancelling potential speculative or zombie tasks for this job
[2024-12-09T14:05:30.054+0000] {spark_submit.py:634} INFO - 24/12/09 14:05:30 INFO TaskSchedulerImpl: Killing all running tasks in stage 1: Stage finished
[2024-12-09T14:05:30.056+0000] {spark_submit.py:634} INFO - 24/12/09 14:05:30 INFO DAGScheduler: Job 0 finished: collect at wordcount.scala:14, took 6.885009 s
[2024-12-09T14:05:30.062+0000] {spark_submit.py:634} INFO - (Hello,5)
[2024-12-09T14:05:30.063+0000] {spark_submit.py:634} INFO - (Yusuf,1)
[2024-12-09T14:05:30.064+0000] {spark_submit.py:634} INFO - (World,1)
[2024-12-09T14:05:30.065+0000] {spark_submit.py:634} INFO - (Scala,1)
[2024-12-09T14:05:30.066+0000] {spark_submit.py:634} INFO - (Docker,1)
[2024-12-09T14:05:30.067+0000] {spark_submit.py:634} INFO - (spark,1)
[2024-12-09T14:05:30.067+0000] {spark_submit.py:634} INFO - 24/12/09 14:05:30 INFO SparkContext: SparkContext is stopping with exitCode 0.
[2024-12-09T14:05:30.081+0000] {spark_submit.py:634} INFO - 24/12/09 14:05:30 INFO SparkUI: Stopped Spark web UI at http://2a892a3469ec:4040
[2024-12-09T14:05:30.085+0000] {spark_submit.py:634} INFO - 24/12/09 14:05:30 INFO StandaloneSchedulerBackend: Shutting down all executors
[2024-12-09T14:05:30.087+0000] {spark_submit.py:634} INFO - 24/12/09 14:05:30 INFO StandaloneSchedulerBackend$StandaloneDriverEndpoint: Asking each executor to shut down
[2024-12-09T14:05:30.114+0000] {spark_submit.py:634} INFO - 24/12/09 14:05:30 INFO MapOutputTrackerMasterEndpoint: MapOutputTrackerMasterEndpoint stopped!
[2024-12-09T14:05:30.198+0000] {spark_submit.py:634} INFO - 24/12/09 14:05:30 INFO MemoryStore: MemoryStore cleared
[2024-12-09T14:05:30.199+0000] {spark_submit.py:634} INFO - 24/12/09 14:05:30 INFO BlockManager: BlockManager stopped
[2024-12-09T14:05:30.205+0000] {spark_submit.py:634} INFO - 24/12/09 14:05:30 INFO BlockManagerMaster: BlockManagerMaster stopped
[2024-12-09T14:05:30.207+0000] {spark_submit.py:634} INFO - 24/12/09 14:05:30 INFO OutputCommitCoordinator$OutputCommitCoordinatorEndpoint: OutputCommitCoordinator stopped!
[2024-12-09T14:05:30.224+0000] {spark_submit.py:634} INFO - 24/12/09 14:05:30 INFO SparkContext: Successfully stopped SparkContext
[2024-12-09T14:05:30.231+0000] {spark_submit.py:634} INFO - 24/12/09 14:05:30 INFO ShutdownHookManager: Shutdown hook called
[2024-12-09T14:05:30.232+0000] {spark_submit.py:634} INFO - 24/12/09 14:05:30 INFO ShutdownHookManager: Deleting directory /tmp/spark-dbbf6e61-598e-4c77-bb44-e18cff87d0d9
[2024-12-09T14:05:30.239+0000] {spark_submit.py:634} INFO - 24/12/09 14:05:30 INFO ShutdownHookManager: Deleting directory /tmp/spark-1cbc576e-670e-4116-991d-97a2e7bf2568
[2024-12-09T14:05:30.319+0000] {taskinstance.py:340} INFO - ::group::Post task execution logs
[2024-12-09T14:05:30.320+0000] {taskinstance.py:352} INFO - Marking task as SUCCESS. dag_id=sparking_flow, task_id=scala_job, run_id=manual__2024-12-09T14:05:12.986891+00:00, execution_date=20241209T140512, start_date=20241209T140515, end_date=20241209T140530
[2024-12-09T14:05:30.384+0000] {local_task_job_runner.py:266} INFO - Task exited with return code 0
[2024-12-09T14:05:30.415+0000] {taskinstance.py:3895} INFO - 0 downstream tasks scheduled from follow-on schedule check
[2024-12-09T14:05:30.417+0000] {local_task_job_runner.py:245} INFO - ::endgroup::
