[2024-12-08T16:24:00.192+0000] {local_task_job_runner.py:123} INFO - ::group::Pre task execution logs
[2024-12-08T16:24:00.206+0000] {taskinstance.py:2613} INFO - Dependencies all met for dep_context=non-requeueable deps ti=<TaskInstance: sparking_flow.java_job manual__2024-12-08T16:23:58.008678+00:00 [queued]>
[2024-12-08T16:24:00.213+0000] {taskinstance.py:2613} INFO - Dependencies all met for dep_context=requeueable deps ti=<TaskInstance: sparking_flow.java_job manual__2024-12-08T16:23:58.008678+00:00 [queued]>
[2024-12-08T16:24:00.214+0000] {taskinstance.py:2866} INFO - Starting attempt 1 of 1
[2024-12-08T16:24:00.224+0000] {taskinstance.py:2889} INFO - Executing <Task(SparkSubmitOperator): java_job> on 2024-12-08 16:23:58.008678+00:00
[2024-12-08T16:24:00.231+0000] {logging_mixin.py:190} WARNING - /home/***/.local/lib/python3.12/site-packages/***/task/task_runner/standard_task_runner.py:70 DeprecationWarning: This process (pid=186) is multi-threaded, use of fork() may lead to deadlocks in the child.
[2024-12-08T16:24:00.232+0000] {standard_task_runner.py:72} INFO - Started process 189 to run task
[2024-12-08T16:24:00.231+0000] {standard_task_runner.py:104} INFO - Running: ['***', 'tasks', 'run', 'sparking_flow', 'java_job', 'manual__2024-12-08T16:23:58.008678+00:00', '--job-id', '203', '--raw', '--subdir', 'DAGS_FOLDER/spark_***.py', '--cfg-path', '/tmp/tmp1kyduhzh']
[2024-12-08T16:24:00.235+0000] {standard_task_runner.py:105} INFO - Job 203: Subtask java_job
[2024-12-08T16:24:00.294+0000] {task_command.py:467} INFO - Running <TaskInstance: sparking_flow.java_job manual__2024-12-08T16:23:58.008678+00:00 [running]> on host 2a892a3469ec
[2024-12-08T16:24:00.378+0000] {taskinstance.py:3132} INFO - Exporting env vars: AIRFLOW_CTX_DAG_OWNER='Yusuf Ganiyu' AIRFLOW_CTX_DAG_ID='sparking_flow' AIRFLOW_CTX_TASK_ID='java_job' AIRFLOW_CTX_EXECUTION_DATE='2024-12-08T16:23:58.008678+00:00' AIRFLOW_CTX_TRY_NUMBER='1' AIRFLOW_CTX_DAG_RUN_ID='manual__2024-12-08T16:23:58.008678+00:00'
[2024-12-08T16:24:00.381+0000] {taskinstance.py:731} INFO - ::endgroup::
[2024-12-08T16:24:00.403+0000] {base.py:84} INFO - Retrieving connection 'spark-conn'
[2024-12-08T16:24:00.404+0000] {spark_submit.py:473} INFO - Spark-Submit cmd: spark-submit --master spark://sparkingflow-spark-master-1:7077 --name arrow-spark --class com.airscholar.spark.WordCountJob --deploy-mode client jobs/java/spark-job/target/spark-job-1.0-SNAPSHOT.jar
[2024-12-08T16:24:03.187+0000] {spark_submit.py:634} INFO - 24/12/08 16:24:03 INFO SparkContext: Running Spark version 3.5.3
[2024-12-08T16:24:03.193+0000] {spark_submit.py:634} INFO - 24/12/08 16:24:03 INFO SparkContext: OS info Linux, 6.10.14-linuxkit, aarch64
[2024-12-08T16:24:03.194+0000] {spark_submit.py:634} INFO - 24/12/08 16:24:03 INFO SparkContext: Java version 17.0.13
[2024-12-08T16:24:03.281+0000] {spark_submit.py:634} INFO - 24/12/08 16:24:03 WARN NativeCodeLoader: Unable to load native-hadoop library for your platform... using builtin-java classes where applicable
[2024-12-08T16:24:03.471+0000] {spark_submit.py:634} INFO - 24/12/08 16:24:03 INFO ResourceUtils: ==============================================================
[2024-12-08T16:24:03.475+0000] {spark_submit.py:634} INFO - 24/12/08 16:24:03 INFO ResourceUtils: No custom resources configured for spark.driver.
[2024-12-08T16:24:03.477+0000] {spark_submit.py:634} INFO - 24/12/08 16:24:03 INFO ResourceUtils: ==============================================================
[2024-12-08T16:24:03.480+0000] {spark_submit.py:634} INFO - 24/12/08 16:24:03 INFO SparkContext: Submitted application: Word Count Job
[2024-12-08T16:24:03.579+0000] {spark_submit.py:634} INFO - 24/12/08 16:24:03 INFO ResourceProfile: Default ResourceProfile created, executor resources: Map(cores -> name: cores, amount: 1, script: , vendor: , memory -> name: memory, amount: 1024, script: , vendor: , offHeap -> name: offHeap, amount: 0, script: , vendor: ), task resources: Map(cpus -> name: cpus, amount: 1.0)
[2024-12-08T16:24:03.597+0000] {spark_submit.py:634} INFO - 24/12/08 16:24:03 INFO ResourceProfile: Limiting resource is cpu
[2024-12-08T16:24:03.600+0000] {spark_submit.py:634} INFO - 24/12/08 16:24:03 INFO ResourceProfileManager: Added ResourceProfile id: 0
[2024-12-08T16:24:03.699+0000] {spark_submit.py:634} INFO - 24/12/08 16:24:03 INFO SecurityManager: Changing view acls to: ***
[2024-12-08T16:24:03.703+0000] {spark_submit.py:634} INFO - 24/12/08 16:24:03 INFO SecurityManager: Changing modify acls to: ***
[2024-12-08T16:24:03.703+0000] {spark_submit.py:634} INFO - 24/12/08 16:24:03 INFO SecurityManager: Changing view acls groups to:
[2024-12-08T16:24:03.704+0000] {spark_submit.py:634} INFO - 24/12/08 16:24:03 INFO SecurityManager: Changing modify acls groups to:
[2024-12-08T16:24:03.705+0000] {spark_submit.py:634} INFO - 24/12/08 16:24:03 INFO SecurityManager: SecurityManager: authentication disabled; ui acls disabled; users with view permissions: ***; groups with view permissions: EMPTY; users with modify permissions: ***; groups with modify permissions: EMPTY
[2024-12-08T16:24:04.121+0000] {spark_submit.py:634} INFO - 24/12/08 16:24:04 INFO Utils: Successfully started service 'sparkDriver' on port 36707.
[2024-12-08T16:24:04.169+0000] {spark_submit.py:634} INFO - 24/12/08 16:24:04 INFO SparkEnv: Registering MapOutputTracker
[2024-12-08T16:24:04.235+0000] {spark_submit.py:634} INFO - 24/12/08 16:24:04 INFO SparkEnv: Registering BlockManagerMaster
[2024-12-08T16:24:04.259+0000] {spark_submit.py:634} INFO - 24/12/08 16:24:04 INFO BlockManagerMasterEndpoint: Using org.apache.spark.storage.DefaultTopologyMapper for getting topology information
[2024-12-08T16:24:04.262+0000] {spark_submit.py:634} INFO - 24/12/08 16:24:04 INFO BlockManagerMasterEndpoint: BlockManagerMasterEndpoint up
[2024-12-08T16:24:04.266+0000] {spark_submit.py:634} INFO - 24/12/08 16:24:04 INFO SparkEnv: Registering BlockManagerMasterHeartbeat
[2024-12-08T16:24:04.299+0000] {spark_submit.py:634} INFO - 24/12/08 16:24:04 INFO DiskBlockManager: Created local directory at /tmp/blockmgr-bca5a692-41e2-41ba-ba3b-2948fe707ef4
[2024-12-08T16:24:04.325+0000] {spark_submit.py:634} INFO - 24/12/08 16:24:04 INFO MemoryStore: MemoryStore started with capacity 434.4 MiB
[2024-12-08T16:24:04.375+0000] {spark_submit.py:634} INFO - 24/12/08 16:24:04 INFO SparkEnv: Registering OutputCommitCoordinator
[2024-12-08T16:24:04.586+0000] {spark_submit.py:634} INFO - 24/12/08 16:24:04 INFO JettyUtils: Start Jetty 0.0.0.0:4040 for SparkUI
[2024-12-08T16:24:04.721+0000] {spark_submit.py:634} INFO - 24/12/08 16:24:04 WARN Utils: Service 'SparkUI' could not bind on port 4040. Attempting port 4041.
[2024-12-08T16:24:04.745+0000] {spark_submit.py:634} INFO - 24/12/08 16:24:04 INFO Utils: Successfully started service 'SparkUI' on port 4041.
[2024-12-08T16:24:04.813+0000] {spark_submit.py:634} INFO - 24/12/08 16:24:04 INFO SparkContext: Added JAR file:/opt/***/jobs/java/spark-job/target/spark-job-1.0-SNAPSHOT.jar at spark://2a892a3469ec:36707/jars/spark-job-1.0-SNAPSHOT.jar with timestamp 1733675043167
[2024-12-08T16:24:04.919+0000] {spark_submit.py:634} INFO - 24/12/08 16:24:04 INFO Executor: Starting executor ID driver on host 2a892a3469ec
[2024-12-08T16:24:04.920+0000] {spark_submit.py:634} INFO - 24/12/08 16:24:04 INFO Executor: OS info Linux, 6.10.14-linuxkit, aarch64
[2024-12-08T16:24:04.920+0000] {spark_submit.py:634} INFO - 24/12/08 16:24:04 INFO Executor: Java version 17.0.13
[2024-12-08T16:24:04.930+0000] {spark_submit.py:634} INFO - 24/12/08 16:24:04 INFO Executor: Starting executor with user classpath (userClassPathFirst = false): ''
[2024-12-08T16:24:04.931+0000] {spark_submit.py:634} INFO - 24/12/08 16:24:04 INFO Executor: Created or updated repl class loader org.apache.spark.util.MutableURLClassLoader@135a8c6f for default.
[2024-12-08T16:24:04.978+0000] {spark_submit.py:634} INFO - 24/12/08 16:24:04 INFO Executor: Fetching spark://2a892a3469ec:36707/jars/spark-job-1.0-SNAPSHOT.jar with timestamp 1733675043167
[2024-12-08T16:24:05.084+0000] {spark_submit.py:634} INFO - 24/12/08 16:24:05 INFO TransportClientFactory: Successfully created connection to 2a892a3469ec/172.18.0.4:36707 after 54 ms (0 ms spent in bootstraps)
[2024-12-08T16:24:05.095+0000] {spark_submit.py:634} INFO - 24/12/08 16:24:05 INFO Utils: Fetching spark://2a892a3469ec:36707/jars/spark-job-1.0-SNAPSHOT.jar to /tmp/spark-29c6cc11-382b-4702-9146-e7b8d0fe59ac/userFiles-799450b6-7385-45f8-9599-b3895d4295f4/fetchFileTemp5055065130169943193.tmp
[2024-12-08T16:24:05.132+0000] {spark_submit.py:634} INFO - 24/12/08 16:24:05 INFO Executor: Adding file:/tmp/spark-29c6cc11-382b-4702-9146-e7b8d0fe59ac/userFiles-799450b6-7385-45f8-9599-b3895d4295f4/spark-job-1.0-SNAPSHOT.jar to class loader default
[2024-12-08T16:24:05.141+0000] {spark_submit.py:634} INFO - 24/12/08 16:24:05 INFO Utils: Successfully started service 'org.apache.spark.network.netty.NettyBlockTransferService' on port 37721.
[2024-12-08T16:24:05.142+0000] {spark_submit.py:634} INFO - 24/12/08 16:24:05 INFO NettyBlockTransferService: Server created on 2a892a3469ec:37721
[2024-12-08T16:24:05.144+0000] {spark_submit.py:634} INFO - 24/12/08 16:24:05 INFO BlockManager: Using org.apache.spark.storage.RandomBlockReplicationPolicy for block replication policy
[2024-12-08T16:24:05.150+0000] {spark_submit.py:634} INFO - 24/12/08 16:24:05 INFO BlockManagerMaster: Registering BlockManager BlockManagerId(driver, 2a892a3469ec, 37721, None)
[2024-12-08T16:24:05.156+0000] {spark_submit.py:634} INFO - 24/12/08 16:24:05 INFO BlockManagerMasterEndpoint: Registering block manager 2a892a3469ec:37721 with 434.4 MiB RAM, BlockManagerId(driver, 2a892a3469ec, 37721, None)
[2024-12-08T16:24:05.162+0000] {spark_submit.py:634} INFO - 24/12/08 16:24:05 INFO BlockManagerMaster: Registered BlockManager BlockManagerId(driver, 2a892a3469ec, 37721, None)
[2024-12-08T16:24:05.164+0000] {spark_submit.py:634} INFO - 24/12/08 16:24:05 INFO BlockManager: Initialized BlockManager: BlockManagerId(driver, 2a892a3469ec, 37721, None)
[2024-12-08T16:24:06.224+0000] {spark_submit.py:634} INFO - 24/12/08 16:24:06 INFO SparkContext: Starting job: collect at WordCountJob.java:37
[2024-12-08T16:24:06.257+0000] {spark_submit.py:634} INFO - 24/12/08 16:24:06 INFO DAGScheduler: Registering RDD 2 (mapToPair at WordCountJob.java:33) as input to shuffle 0
[2024-12-08T16:24:06.260+0000] {spark_submit.py:634} INFO - 24/12/08 16:24:06 INFO DAGScheduler: Got job 0 (collect at WordCountJob.java:37) with 1 output partitions
[2024-12-08T16:24:06.262+0000] {spark_submit.py:634} INFO - 24/12/08 16:24:06 INFO DAGScheduler: Final stage: ResultStage 1 (collect at WordCountJob.java:37)
[2024-12-08T16:24:06.263+0000] {spark_submit.py:634} INFO - 24/12/08 16:24:06 INFO DAGScheduler: Parents of final stage: List(ShuffleMapStage 0)
[2024-12-08T16:24:06.267+0000] {spark_submit.py:634} INFO - 24/12/08 16:24:06 INFO DAGScheduler: Missing parents: List(ShuffleMapStage 0)
[2024-12-08T16:24:06.273+0000] {spark_submit.py:634} INFO - 24/12/08 16:24:06 INFO DAGScheduler: Submitting ShuffleMapStage 0 (MapPartitionsRDD[2] at mapToPair at WordCountJob.java:33), which has no missing parents
[2024-12-08T16:24:06.425+0000] {spark_submit.py:634} INFO - 24/12/08 16:24:06 INFO MemoryStore: Block broadcast_0 stored as values in memory (estimated size 6.4 KiB, free 434.4 MiB)
[2024-12-08T16:24:06.474+0000] {spark_submit.py:634} INFO - 24/12/08 16:24:06 INFO MemoryStore: Block broadcast_0_piece0 stored as bytes in memory (estimated size 3.4 KiB, free 434.4 MiB)
[2024-12-08T16:24:06.477+0000] {spark_submit.py:634} INFO - 24/12/08 16:24:06 INFO BlockManagerInfo: Added broadcast_0_piece0 in memory on 2a892a3469ec:37721 (size: 3.4 KiB, free: 434.4 MiB)
[2024-12-08T16:24:06.480+0000] {spark_submit.py:634} INFO - 24/12/08 16:24:06 INFO SparkContext: Created broadcast 0 from broadcast at DAGScheduler.scala:1585
[2024-12-08T16:24:06.506+0000] {spark_submit.py:634} INFO - 24/12/08 16:24:06 INFO DAGScheduler: Submitting 1 missing tasks from ShuffleMapStage 0 (MapPartitionsRDD[2] at mapToPair at WordCountJob.java:33) (first 15 tasks are for partitions Vector(0))
[2024-12-08T16:24:06.507+0000] {spark_submit.py:634} INFO - 24/12/08 16:24:06 INFO TaskSchedulerImpl: Adding task set 0.0 with 1 tasks resource profile 0
[2024-12-08T16:24:06.611+0000] {spark_submit.py:634} INFO - 24/12/08 16:24:06 INFO TaskSetManager: Starting task 0.0 in stage 0.0 (TID 0) (2a892a3469ec, executor driver, partition 0, PROCESS_LOCAL, 9249 bytes)
[2024-12-08T16:24:06.646+0000] {spark_submit.py:634} INFO - 24/12/08 16:24:06 INFO Executor: Running task 0.0 in stage 0.0 (TID 0)
[2024-12-08T16:24:06.823+0000] {spark_submit.py:634} INFO - 24/12/08 16:24:06 INFO Executor: Finished task 0.0 in stage 0.0 (TID 0). 1216 bytes result sent to driver
[2024-12-08T16:24:06.841+0000] {spark_submit.py:634} INFO - 24/12/08 16:24:06 INFO TaskSetManager: Finished task 0.0 in stage 0.0 (TID 0) in 264 ms on 2a892a3469ec (executor driver) (1/1)
[2024-12-08T16:24:06.842+0000] {spark_submit.py:634} INFO - 24/12/08 16:24:06 INFO TaskSchedulerImpl: Removed TaskSet 0.0, whose tasks have all completed, from pool
[2024-12-08T16:24:06.856+0000] {spark_submit.py:634} INFO - 24/12/08 16:24:06 INFO DAGScheduler: ShuffleMapStage 0 (mapToPair at WordCountJob.java:33) finished in 0.562 s
[2024-12-08T16:24:06.857+0000] {spark_submit.py:634} INFO - 24/12/08 16:24:06 INFO DAGScheduler: looking for newly runnable stages
[2024-12-08T16:24:06.861+0000] {spark_submit.py:634} INFO - 24/12/08 16:24:06 INFO DAGScheduler: running: Set()
[2024-12-08T16:24:06.862+0000] {spark_submit.py:634} INFO - 24/12/08 16:24:06 INFO DAGScheduler: waiting: Set(ResultStage 1)
[2024-12-08T16:24:06.862+0000] {spark_submit.py:634} INFO - 24/12/08 16:24:06 INFO DAGScheduler: failed: Set()
[2024-12-08T16:24:06.864+0000] {spark_submit.py:634} INFO - 24/12/08 16:24:06 INFO DAGScheduler: Submitting ResultStage 1 (ShuffledRDD[3] at reduceByKey at WordCountJob.java:34), which has no missing parents
[2024-12-08T16:24:06.876+0000] {spark_submit.py:634} INFO - 24/12/08 16:24:06 INFO MemoryStore: Block broadcast_1 stored as values in memory (estimated size 5.2 KiB, free 434.4 MiB)
[2024-12-08T16:24:06.879+0000] {spark_submit.py:634} INFO - 24/12/08 16:24:06 INFO MemoryStore: Block broadcast_1_piece0 stored as bytes in memory (estimated size 2.9 KiB, free 434.4 MiB)
[2024-12-08T16:24:06.880+0000] {spark_submit.py:634} INFO - 24/12/08 16:24:06 INFO BlockManagerInfo: Added broadcast_1_piece0 in memory on 2a892a3469ec:37721 (size: 2.9 KiB, free: 434.4 MiB)
[2024-12-08T16:24:06.881+0000] {spark_submit.py:634} INFO - 24/12/08 16:24:06 INFO SparkContext: Created broadcast 1 from broadcast at DAGScheduler.scala:1585
[2024-12-08T16:24:06.883+0000] {spark_submit.py:634} INFO - 24/12/08 16:24:06 INFO DAGScheduler: Submitting 1 missing tasks from ResultStage 1 (ShuffledRDD[3] at reduceByKey at WordCountJob.java:34) (first 15 tasks are for partitions Vector(0))
[2024-12-08T16:24:06.884+0000] {spark_submit.py:634} INFO - 24/12/08 16:24:06 INFO TaskSchedulerImpl: Adding task set 1.0 with 1 tasks resource profile 0
[2024-12-08T16:24:06.889+0000] {spark_submit.py:634} INFO - 24/12/08 16:24:06 INFO TaskSetManager: Starting task 0.0 in stage 1.0 (TID 1) (2a892a3469ec, executor driver, partition 0, NODE_LOCAL, 9002 bytes)
[2024-12-08T16:24:06.892+0000] {spark_submit.py:634} INFO - 24/12/08 16:24:06 INFO Executor: Running task 0.0 in stage 1.0 (TID 1)
[2024-12-08T16:24:06.959+0000] {spark_submit.py:634} INFO - 24/12/08 16:24:06 INFO ShuffleBlockFetcherIterator: Getting 1 (189.0 B) non-empty blocks including 1 (189.0 B) local and 0 (0.0 B) host-local and 0 (0.0 B) push-merged-local and 0 (0.0 B) remote blocks
[2024-12-08T16:24:06.967+0000] {spark_submit.py:634} INFO - 24/12/08 16:24:06 INFO ShuffleBlockFetcherIterator: Started 0 remote fetches in 20 ms
[2024-12-08T16:24:06.997+0000] {spark_submit.py:634} INFO - 24/12/08 16:24:06 INFO Executor: Finished task 0.0 in stage 1.0 (TID 1). 2001 bytes result sent to driver
[2024-12-08T16:24:07.002+0000] {spark_submit.py:634} INFO - 24/12/08 16:24:07 INFO TaskSetManager: Finished task 0.0 in stage 1.0 (TID 1) in 116 ms on 2a892a3469ec (executor driver) (1/1)
[2024-12-08T16:24:07.003+0000] {spark_submit.py:634} INFO - 24/12/08 16:24:07 INFO TaskSchedulerImpl: Removed TaskSet 1.0, whose tasks have all completed, from pool
[2024-12-08T16:24:07.005+0000] {spark_submit.py:634} INFO - 24/12/08 16:24:07 INFO DAGScheduler: ResultStage 1 (collect at WordCountJob.java:37) finished in 0.131 s
[2024-12-08T16:24:07.012+0000] {spark_submit.py:634} INFO - 24/12/08 16:24:07 INFO DAGScheduler: Job 0 is finished. Cancelling potential speculative or zombie tasks for this job
[2024-12-08T16:24:07.015+0000] {spark_submit.py:634} INFO - 24/12/08 16:24:07 INFO TaskSchedulerImpl: Killing all running tasks in stage 1: Stage finished
[2024-12-08T16:24:07.018+0000] {spark_submit.py:634} INFO - 24/12/08 16:24:07 INFO DAGScheduler: Job 0 finished: collect at WordCountJob.java:37, took 0.793829 s
[2024-12-08T16:24:07.022+0000] {spark_submit.py:634} INFO - spark: 1
[2024-12-08T16:24:07.023+0000] {spark_submit.py:634} INFO - docker: 1
[2024-12-08T16:24:07.023+0000] {spark_submit.py:634} INFO - Yusuf: 1
[2024-12-08T16:24:07.026+0000] {spark_submit.py:634} INFO - hello: 5
[2024-12-08T16:24:07.027+0000] {spark_submit.py:634} INFO - java: 1
[2024-12-08T16:24:07.027+0000] {spark_submit.py:634} INFO - world: 1
[2024-12-08T16:24:07.028+0000] {spark_submit.py:634} INFO - 24/12/08 16:24:07 INFO SparkContext: SparkContext is stopping with exitCode 0.
[2024-12-08T16:24:07.034+0000] {spark_submit.py:634} INFO - 24/12/08 16:24:07 INFO SparkUI: Stopped Spark web UI at http://2a892a3469ec:4041
[2024-12-08T16:24:07.060+0000] {spark_submit.py:634} INFO - 24/12/08 16:24:07 INFO MapOutputTrackerMasterEndpoint: MapOutputTrackerMasterEndpoint stopped!
[2024-12-08T16:24:07.079+0000] {spark_submit.py:634} INFO - 24/12/08 16:24:07 INFO MemoryStore: MemoryStore cleared
[2024-12-08T16:24:07.079+0000] {spark_submit.py:634} INFO - 24/12/08 16:24:07 INFO BlockManager: BlockManager stopped
[2024-12-08T16:24:07.088+0000] {spark_submit.py:634} INFO - 24/12/08 16:24:07 INFO BlockManagerMaster: BlockManagerMaster stopped
[2024-12-08T16:24:07.090+0000] {spark_submit.py:634} INFO - 24/12/08 16:24:07 INFO OutputCommitCoordinator$OutputCommitCoordinatorEndpoint: OutputCommitCoordinator stopped!
[2024-12-08T16:24:07.101+0000] {spark_submit.py:634} INFO - 24/12/08 16:24:07 INFO SparkContext: Successfully stopped SparkContext
[2024-12-08T16:24:07.104+0000] {spark_submit.py:634} INFO - 24/12/08 16:24:07 INFO ShutdownHookManager: Shutdown hook called
[2024-12-08T16:24:07.105+0000] {spark_submit.py:634} INFO - 24/12/08 16:24:07 INFO ShutdownHookManager: Deleting directory /tmp/spark-29c6cc11-382b-4702-9146-e7b8d0fe59ac
[2024-12-08T16:24:07.110+0000] {spark_submit.py:634} INFO - 24/12/08 16:24:07 INFO ShutdownHookManager: Deleting directory /tmp/spark-2b363019-a474-4ed8-8b47-0ae82ff2a4f1
[2024-12-08T16:24:07.193+0000] {taskinstance.py:340} INFO - ::group::Post task execution logs
[2024-12-08T16:24:07.194+0000] {taskinstance.py:352} INFO - Marking task as SUCCESS. dag_id=sparking_flow, task_id=java_job, run_id=manual__2024-12-08T16:23:58.008678+00:00, execution_date=20241208T162358, start_date=20241208T162400, end_date=20241208T162407
[2024-12-08T16:24:07.259+0000] {local_task_job_runner.py:266} INFO - Task exited with return code 0
[2024-12-08T16:24:07.289+0000] {taskinstance.py:3895} INFO - 0 downstream tasks scheduled from follow-on schedule check
[2024-12-08T16:24:07.291+0000] {local_task_job_runner.py:245} INFO - ::endgroup::
