[2024-12-08T14:41:13.646+0000] {local_task_job_runner.py:123} INFO - ::group::Pre task execution logs
[2024-12-08T14:41:13.663+0000] {taskinstance.py:2613} INFO - Dependencies all met for dep_context=non-requeueable deps ti=<TaskInstance: sparking_flow.scala_job manual__2024-12-08T14:41:12.103858+00:00 [queued]>
[2024-12-08T14:41:13.671+0000] {taskinstance.py:2613} INFO - Dependencies all met for dep_context=requeueable deps ti=<TaskInstance: sparking_flow.scala_job manual__2024-12-08T14:41:12.103858+00:00 [queued]>
[2024-12-08T14:41:13.672+0000] {taskinstance.py:2866} INFO - Starting attempt 1 of 1
[2024-12-08T14:41:13.682+0000] {taskinstance.py:2889} INFO - Executing <Task(SparkSubmitOperator): scala_job> on 2024-12-08 14:41:12.103858+00:00
[2024-12-08T14:41:13.688+0000] {logging_mixin.py:190} WARNING - /home/***/.local/lib/python3.12/site-packages/***/task/task_runner/standard_task_runner.py:70 DeprecationWarning: This process (pid=187) is multi-threaded, use of fork() may lead to deadlocks in the child.
[2024-12-08T14:41:13.691+0000] {standard_task_runner.py:72} INFO - Started process 189 to run task
[2024-12-08T14:41:13.689+0000] {standard_task_runner.py:104} INFO - Running: ['***', 'tasks', 'run', 'sparking_flow', 'scala_job', 'manual__2024-12-08T14:41:12.103858+00:00', '--job-id', '169', '--raw', '--subdir', 'DAGS_FOLDER/spark_***.py', '--cfg-path', '/tmp/tmp6e214o4f']
[2024-12-08T14:41:13.693+0000] {standard_task_runner.py:105} INFO - Job 169: Subtask scala_job
[2024-12-08T14:41:13.739+0000] {task_command.py:467} INFO - Running <TaskInstance: sparking_flow.scala_job manual__2024-12-08T14:41:12.103858+00:00 [running]> on host 2a892a3469ec
[2024-12-08T14:41:13.816+0000] {taskinstance.py:3132} INFO - Exporting env vars: AIRFLOW_CTX_DAG_OWNER='Yusuf Ganiyu' AIRFLOW_CTX_DAG_ID='sparking_flow' AIRFLOW_CTX_TASK_ID='scala_job' AIRFLOW_CTX_EXECUTION_DATE='2024-12-08T14:41:12.103858+00:00' AIRFLOW_CTX_TRY_NUMBER='1' AIRFLOW_CTX_DAG_RUN_ID='manual__2024-12-08T14:41:12.103858+00:00'
[2024-12-08T14:41:13.817+0000] {taskinstance.py:731} INFO - ::endgroup::
[2024-12-08T14:41:13.836+0000] {base.py:84} INFO - Retrieving connection 'spark-conn'
[2024-12-08T14:41:13.837+0000] {spark_submit.py:473} INFO - Spark-Submit cmd: spark-submit --master spark://sparkingflow-spark-master-1:7077 --name arrow-spark --deploy-mode client jobs/scala/target/scala-2.12/word-count_2.12-0.1.jar
[2024-12-08T14:41:17.208+0000] {spark_submit.py:634} INFO - 24/12/08 14:41:17 WARN NativeCodeLoader: Unable to load native-hadoop library for your platform... using builtin-java classes where applicable
[2024-12-08T14:41:17.649+0000] {spark_submit.py:634} INFO - 24/12/08 14:41:17 INFO SparkContext: Running Spark version 3.5.3
[2024-12-08T14:41:17.650+0000] {spark_submit.py:634} INFO - 24/12/08 14:41:17 INFO SparkContext: OS info Linux, 6.10.14-linuxkit, aarch64
[2024-12-08T14:41:17.651+0000] {spark_submit.py:634} INFO - 24/12/08 14:41:17 INFO SparkContext: Java version 17.0.13
[2024-12-08T14:41:17.689+0000] {spark_submit.py:634} INFO - 24/12/08 14:41:17 INFO ResourceUtils: ==============================================================
[2024-12-08T14:41:17.690+0000] {spark_submit.py:634} INFO - 24/12/08 14:41:17 INFO ResourceUtils: No custom resources configured for spark.driver.
[2024-12-08T14:41:17.691+0000] {spark_submit.py:634} INFO - 24/12/08 14:41:17 INFO ResourceUtils: ==============================================================
[2024-12-08T14:41:17.692+0000] {spark_submit.py:634} INFO - 24/12/08 14:41:17 INFO SparkContext: Submitted application: Word Count
[2024-12-08T14:41:17.728+0000] {spark_submit.py:634} INFO - 24/12/08 14:41:17 INFO ResourceProfile: Default ResourceProfile created, executor resources: Map(memory -> name: memory, amount: 1024, script: , vendor: , offHeap -> name: offHeap, amount: 0, script: , vendor: ), task resources: Map(cpus -> name: cpus, amount: 1.0)
[2024-12-08T14:41:17.737+0000] {spark_submit.py:634} INFO - 24/12/08 14:41:17 INFO ResourceProfile: Limiting resource is cpu
[2024-12-08T14:41:17.738+0000] {spark_submit.py:634} INFO - 24/12/08 14:41:17 INFO ResourceProfileManager: Added ResourceProfile id: 0
[2024-12-08T14:41:17.800+0000] {spark_submit.py:634} INFO - 24/12/08 14:41:17 INFO SecurityManager: Changing view acls to: ***
[2024-12-08T14:41:17.801+0000] {spark_submit.py:634} INFO - 24/12/08 14:41:17 INFO SecurityManager: Changing modify acls to: ***
[2024-12-08T14:41:17.805+0000] {spark_submit.py:634} INFO - 24/12/08 14:41:17 INFO SecurityManager: Changing view acls groups to:
[2024-12-08T14:41:17.806+0000] {spark_submit.py:634} INFO - 24/12/08 14:41:17 INFO SecurityManager: Changing modify acls groups to:
[2024-12-08T14:41:17.806+0000] {spark_submit.py:634} INFO - 24/12/08 14:41:17 INFO SecurityManager: SecurityManager: authentication disabled; ui acls disabled; users with view permissions: ***; groups with view permissions: EMPTY; users with modify permissions: ***; groups with modify permissions: EMPTY
[2024-12-08T14:41:18.099+0000] {spark_submit.py:634} INFO - 24/12/08 14:41:18 INFO Utils: Successfully started service 'sparkDriver' on port 39091.
[2024-12-08T14:41:18.128+0000] {spark_submit.py:634} INFO - 24/12/08 14:41:18 INFO SparkEnv: Registering MapOutputTracker
[2024-12-08T14:41:18.166+0000] {spark_submit.py:634} INFO - 24/12/08 14:41:18 INFO SparkEnv: Registering BlockManagerMaster
[2024-12-08T14:41:18.184+0000] {spark_submit.py:634} INFO - 24/12/08 14:41:18 INFO BlockManagerMasterEndpoint: Using org.apache.spark.storage.DefaultTopologyMapper for getting topology information
[2024-12-08T14:41:18.185+0000] {spark_submit.py:634} INFO - 24/12/08 14:41:18 INFO BlockManagerMasterEndpoint: BlockManagerMasterEndpoint up
[2024-12-08T14:41:18.189+0000] {spark_submit.py:634} INFO - 24/12/08 14:41:18 INFO SparkEnv: Registering BlockManagerMasterHeartbeat
[2024-12-08T14:41:18.221+0000] {spark_submit.py:634} INFO - 24/12/08 14:41:18 INFO DiskBlockManager: Created local directory at /tmp/blockmgr-454cebd8-339c-4d07-bc63-5dd72a76e66d
[2024-12-08T14:41:18.245+0000] {spark_submit.py:634} INFO - 24/12/08 14:41:18 INFO MemoryStore: MemoryStore started with capacity 434.4 MiB
[2024-12-08T14:41:18.298+0000] {spark_submit.py:634} INFO - 24/12/08 14:41:18 INFO SparkEnv: Registering OutputCommitCoordinator
[2024-12-08T14:41:18.417+0000] {spark_submit.py:634} INFO - 24/12/08 14:41:18 INFO JettyUtils: Start Jetty 0.0.0.0:4040 for SparkUI
[2024-12-08T14:41:18.484+0000] {spark_submit.py:634} INFO - 24/12/08 14:41:18 WARN Utils: Service 'SparkUI' could not bind on port 4040. Attempting port 4041.
[2024-12-08T14:41:18.497+0000] {spark_submit.py:634} INFO - 24/12/08 14:41:18 INFO Utils: Successfully started service 'SparkUI' on port 4041.
[2024-12-08T14:41:18.555+0000] {spark_submit.py:634} INFO - 24/12/08 14:41:18 INFO SparkContext: Added JAR file:/opt/***/jobs/scala/target/scala-2.12/word-count_2.12-0.1.jar at spark://2a892a3469ec:39091/jars/word-count_2.12-0.1.jar with timestamp 1733668877635
[2024-12-08T14:41:18.706+0000] {spark_submit.py:634} INFO - 24/12/08 14:41:18 INFO StandaloneAppClient$ClientEndpoint: Connecting to master spark://spark-master:7077...
[2024-12-08T14:41:18.829+0000] {spark_submit.py:634} INFO - 24/12/08 14:41:18 INFO TransportClientFactory: Successfully created connection to spark-master/172.18.0.5:7077 after 65 ms (0 ms spent in bootstraps)
[2024-12-08T14:41:19.061+0000] {spark_submit.py:634} INFO - 24/12/08 14:41:19 INFO StandaloneSchedulerBackend: Connected to Spark cluster with app ID app-20241208144119-0000
[2024-12-08T14:41:19.090+0000] {spark_submit.py:634} INFO - 24/12/08 14:41:19 INFO Utils: Successfully started service 'org.apache.spark.network.netty.NettyBlockTransferService' on port 37205.
[2024-12-08T14:41:19.090+0000] {spark_submit.py:634} INFO - 24/12/08 14:41:19 INFO NettyBlockTransferService: Server created on 2a892a3469ec:37205
[2024-12-08T14:41:19.091+0000] {spark_submit.py:634} INFO - 24/12/08 14:41:19 INFO BlockManager: Using org.apache.spark.storage.RandomBlockReplicationPolicy for block replication policy
[2024-12-08T14:41:19.102+0000] {spark_submit.py:634} INFO - 24/12/08 14:41:19 INFO BlockManagerMaster: Registering BlockManager BlockManagerId(driver, 2a892a3469ec, 37205, None)
[2024-12-08T14:41:19.112+0000] {spark_submit.py:634} INFO - 24/12/08 14:41:19 INFO BlockManagerMasterEndpoint: Registering block manager 2a892a3469ec:37205 with 434.4 MiB RAM, BlockManagerId(driver, 2a892a3469ec, 37205, None)
[2024-12-08T14:41:19.124+0000] {spark_submit.py:634} INFO - 24/12/08 14:41:19 INFO BlockManagerMaster: Registered BlockManager BlockManagerId(driver, 2a892a3469ec, 37205, None)
[2024-12-08T14:41:19.130+0000] {spark_submit.py:634} INFO - 24/12/08 14:41:19 INFO StandaloneAppClient$ClientEndpoint: Executor added: app-20241208144119-0000/0 on worker-20241208144057-172.18.0.7-40405 (172.18.0.7:40405) with 2 core(s)
[2024-12-08T14:41:19.131+0000] {spark_submit.py:634} INFO - 24/12/08 14:41:19 INFO BlockManager: Initialized BlockManager: BlockManagerId(driver, 2a892a3469ec, 37205, None)
[2024-12-08T14:41:19.131+0000] {spark_submit.py:634} INFO - 24/12/08 14:41:19 INFO StandaloneSchedulerBackend: Granted executor ID app-20241208144119-0000/0 on hostPort 172.18.0.7:40405 with 2 core(s), 1024.0 MiB RAM
[2024-12-08T14:41:19.478+0000] {spark_submit.py:634} INFO - 24/12/08 14:41:19 INFO StandaloneAppClient$ClientEndpoint: Executor updated: app-20241208144119-0000/0 is now RUNNING
[2024-12-08T14:41:19.575+0000] {spark_submit.py:634} INFO - 24/12/08 14:41:19 INFO StandaloneSchedulerBackend: SchedulerBackend is ready for scheduling beginning after reached minRegisteredResourcesRatio: 0.0
[2024-12-08T14:41:20.446+0000] {spark_submit.py:634} INFO - 24/12/08 14:41:20 INFO SparkContext: Starting job: collect at wordcount.scala:14
[2024-12-08T14:41:21.330+0000] {spark_submit.py:634} INFO - 24/12/08 14:41:21 INFO DAGScheduler: Registering RDD 2 (map at wordcount.scala:11) as input to shuffle 0
[2024-12-08T14:41:21.346+0000] {spark_submit.py:634} INFO - 24/12/08 14:41:21 INFO DAGScheduler: Got job 0 (collect at wordcount.scala:14) with 2 output partitions
[2024-12-08T14:41:21.347+0000] {spark_submit.py:634} INFO - 24/12/08 14:41:21 INFO DAGScheduler: Final stage: ResultStage 1 (collect at wordcount.scala:14)
[2024-12-08T14:41:21.347+0000] {spark_submit.py:634} INFO - 24/12/08 14:41:21 INFO DAGScheduler: Parents of final stage: List(ShuffleMapStage 0)
[2024-12-08T14:41:21.348+0000] {spark_submit.py:634} INFO - 24/12/08 14:41:21 INFO DAGScheduler: Missing parents: List(ShuffleMapStage 0)
[2024-12-08T14:41:21.355+0000] {spark_submit.py:634} INFO - 24/12/08 14:41:21 INFO DAGScheduler: Submitting ShuffleMapStage 0 (MapPartitionsRDD[2] at map at wordcount.scala:11), which has no missing parents
[2024-12-08T14:41:21.485+0000] {spark_submit.py:634} INFO - 24/12/08 14:41:21 INFO MemoryStore: Block broadcast_0 stored as values in memory (estimated size 5.5 KiB, free 434.4 MiB)
[2024-12-08T14:41:21.566+0000] {spark_submit.py:634} INFO - 24/12/08 14:41:21 INFO MemoryStore: Block broadcast_0_piece0 stored as bytes in memory (estimated size 3.2 KiB, free 434.4 MiB)
[2024-12-08T14:41:21.567+0000] {spark_submit.py:634} INFO - 24/12/08 14:41:21 INFO BlockManagerInfo: Added broadcast_0_piece0 in memory on 2a892a3469ec:37205 (size: 3.2 KiB, free: 434.4 MiB)
[2024-12-08T14:41:21.574+0000] {spark_submit.py:634} INFO - 24/12/08 14:41:21 INFO SparkContext: Created broadcast 0 from broadcast at DAGScheduler.scala:1585
[2024-12-08T14:41:21.607+0000] {spark_submit.py:634} INFO - 24/12/08 14:41:21 INFO DAGScheduler: Submitting 2 missing tasks from ShuffleMapStage 0 (MapPartitionsRDD[2] at map at wordcount.scala:11) (first 15 tasks are for partitions Vector(0, 1))
[2024-12-08T14:41:21.607+0000] {spark_submit.py:634} INFO - 24/12/08 14:41:21 INFO TaskSchedulerImpl: Adding task set 0.0 with 2 tasks resource profile 0
[2024-12-08T14:41:22.874+0000] {spark_submit.py:634} INFO - 24/12/08 14:41:22 INFO StandaloneSchedulerBackend$StandaloneDriverEndpoint: Registered executor NettyRpcEndpointRef(spark-client://Executor) (172.18.0.7:40498) with ID 0,  ResourceProfileId 0
[2024-12-08T14:41:22.948+0000] {spark_submit.py:634} INFO - 24/12/08 14:41:22 INFO BlockManagerMasterEndpoint: Registering block manager 172.18.0.7:42801 with 434.4 MiB RAM, BlockManagerId(0, 172.18.0.7, 42801, None)
[2024-12-08T14:41:23.023+0000] {spark_submit.py:634} INFO - 24/12/08 14:41:23 INFO TaskSetManager: Starting task 0.0 in stage 0.0 (TID 0) (172.18.0.7, executor 0, partition 0, PROCESS_LOCAL, 9198 bytes)
[2024-12-08T14:41:23.026+0000] {spark_submit.py:634} INFO - 24/12/08 14:41:23 INFO TaskSetManager: Starting task 1.0 in stage 0.0 (TID 1) (172.18.0.7, executor 0, partition 1, PROCESS_LOCAL, 9213 bytes)
[2024-12-08T14:41:23.193+0000] {spark_submit.py:634} INFO - 24/12/08 14:41:23 INFO BlockManagerInfo: Added broadcast_0_piece0 in memory on 172.18.0.7:42801 (size: 3.2 KiB, free: 434.4 MiB)
[2024-12-08T14:41:23.604+0000] {spark_submit.py:634} INFO - 24/12/08 14:41:23 INFO TaskSetManager: Finished task 0.0 in stage 0.0 (TID 0) in 589 ms on 172.18.0.7 (executor 0) (1/2)
[2024-12-08T14:41:23.606+0000] {spark_submit.py:634} INFO - 24/12/08 14:41:23 INFO TaskSetManager: Finished task 1.0 in stage 0.0 (TID 1) in 580 ms on 172.18.0.7 (executor 0) (2/2)
[2024-12-08T14:41:23.607+0000] {spark_submit.py:634} INFO - 24/12/08 14:41:23 INFO TaskSchedulerImpl: Removed TaskSet 0.0, whose tasks have all completed, from pool
[2024-12-08T14:41:23.613+0000] {spark_submit.py:634} INFO - 24/12/08 14:41:23 INFO DAGScheduler: ShuffleMapStage 0 (map at wordcount.scala:11) finished in 2.222 s
[2024-12-08T14:41:23.614+0000] {spark_submit.py:634} INFO - 24/12/08 14:41:23 INFO DAGScheduler: looking for newly runnable stages
[2024-12-08T14:41:23.614+0000] {spark_submit.py:634} INFO - 24/12/08 14:41:23 INFO DAGScheduler: running: Set()
[2024-12-08T14:41:23.615+0000] {spark_submit.py:634} INFO - 24/12/08 14:41:23 INFO DAGScheduler: waiting: Set(ResultStage 1)
[2024-12-08T14:41:23.616+0000] {spark_submit.py:634} INFO - 24/12/08 14:41:23 INFO DAGScheduler: failed: Set()
[2024-12-08T14:41:23.617+0000] {spark_submit.py:634} INFO - 24/12/08 14:41:23 INFO DAGScheduler: Submitting ResultStage 1 (ShuffledRDD[3] at reduceByKey at wordcount.scala:12), which has no missing parents
[2024-12-08T14:41:23.625+0000] {spark_submit.py:634} INFO - 24/12/08 14:41:23 INFO MemoryStore: Block broadcast_1 stored as values in memory (estimated size 5.2 KiB, free 434.4 MiB)
[2024-12-08T14:41:23.633+0000] {spark_submit.py:634} INFO - 24/12/08 14:41:23 INFO MemoryStore: Block broadcast_1_piece0 stored as bytes in memory (estimated size 3.1 KiB, free 434.4 MiB)
[2024-12-08T14:41:23.633+0000] {spark_submit.py:634} INFO - 24/12/08 14:41:23 INFO BlockManagerInfo: Added broadcast_1_piece0 in memory on 2a892a3469ec:37205 (size: 3.1 KiB, free: 434.4 MiB)
[2024-12-08T14:41:23.634+0000] {spark_submit.py:634} INFO - 24/12/08 14:41:23 INFO SparkContext: Created broadcast 1 from broadcast at DAGScheduler.scala:1585
[2024-12-08T14:41:23.635+0000] {spark_submit.py:634} INFO - 24/12/08 14:41:23 INFO DAGScheduler: Submitting 2 missing tasks from ResultStage 1 (ShuffledRDD[3] at reduceByKey at wordcount.scala:12) (first 15 tasks are for partitions Vector(0, 1))
[2024-12-08T14:41:23.636+0000] {spark_submit.py:634} INFO - 24/12/08 14:41:23 INFO TaskSchedulerImpl: Adding task set 1.0 with 2 tasks resource profile 0
[2024-12-08T14:41:23.640+0000] {spark_submit.py:634} INFO - 24/12/08 14:41:23 INFO TaskSetManager: Starting task 0.0 in stage 1.0 (TID 2) (172.18.0.7, executor 0, partition 0, NODE_LOCAL, 9003 bytes)
[2024-12-08T14:41:23.640+0000] {spark_submit.py:634} INFO - 24/12/08 14:41:23 INFO TaskSetManager: Starting task 1.0 in stage 1.0 (TID 3) (172.18.0.7, executor 0, partition 1, NODE_LOCAL, 9003 bytes)
[2024-12-08T14:41:23.668+0000] {spark_submit.py:634} INFO - 24/12/08 14:41:23 INFO BlockManagerInfo: Added broadcast_1_piece0 in memory on 172.18.0.7:42801 (size: 3.1 KiB, free: 434.4 MiB)
[2024-12-08T14:41:23.725+0000] {spark_submit.py:634} INFO - 24/12/08 14:41:23 INFO MapOutputTrackerMasterEndpoint: Asked to send map output locations for shuffle 0 to 172.18.0.7:40498
[2024-12-08T14:41:23.759+0000] {spark_submit.py:634} INFO - 24/12/08 14:41:23 INFO BlockManagerInfo: Removed broadcast_0_piece0 on 2a892a3469ec:37205 in memory (size: 3.2 KiB, free: 434.4 MiB)
[2024-12-08T14:41:23.775+0000] {spark_submit.py:634} INFO - 24/12/08 14:41:23 INFO BlockManagerInfo: Removed broadcast_0_piece0 on 172.18.0.7:42801 in memory (size: 3.2 KiB, free: 434.4 MiB)
[2024-12-08T14:41:23.894+0000] {spark_submit.py:634} INFO - 24/12/08 14:41:23 INFO TaskSetManager: Finished task 1.0 in stage 1.0 (TID 3) in 249 ms on 172.18.0.7 (executor 0) (1/2)
[2024-12-08T14:41:23.897+0000] {spark_submit.py:634} INFO - 24/12/08 14:41:23 INFO TaskSetManager: Finished task 0.0 in stage 1.0 (TID 2) in 255 ms on 172.18.0.7 (executor 0) (2/2)
[2024-12-08T14:41:23.897+0000] {spark_submit.py:634} INFO - 24/12/08 14:41:23 INFO TaskSchedulerImpl: Removed TaskSet 1.0, whose tasks have all completed, from pool
[2024-12-08T14:41:23.897+0000] {spark_submit.py:634} INFO - 24/12/08 14:41:23 INFO DAGScheduler: ResultStage 1 (collect at wordcount.scala:14) finished in 0.273 s
[2024-12-08T14:41:23.902+0000] {spark_submit.py:634} INFO - 24/12/08 14:41:23 INFO DAGScheduler: Job 0 is finished. Cancelling potential speculative or zombie tasks for this job
[2024-12-08T14:41:23.902+0000] {spark_submit.py:634} INFO - 24/12/08 14:41:23 INFO TaskSchedulerImpl: Killing all running tasks in stage 1: Stage finished
[2024-12-08T14:41:23.910+0000] {spark_submit.py:634} INFO - 24/12/08 14:41:23 INFO DAGScheduler: Job 0 finished: collect at wordcount.scala:14, took 3.456924 s
[2024-12-08T14:41:23.913+0000] {spark_submit.py:634} INFO - (Hello,5)
[2024-12-08T14:41:23.914+0000] {spark_submit.py:634} INFO - (Yusuf,1)
[2024-12-08T14:41:23.915+0000] {spark_submit.py:634} INFO - (World,1)
[2024-12-08T14:41:23.915+0000] {spark_submit.py:634} INFO - (Scala,1)
[2024-12-08T14:41:23.915+0000] {spark_submit.py:634} INFO - (Docker,1)
[2024-12-08T14:41:23.916+0000] {spark_submit.py:634} INFO - (spark,1)
[2024-12-08T14:41:23.917+0000] {spark_submit.py:634} INFO - 24/12/08 14:41:23 INFO SparkContext: SparkContext is stopping with exitCode 0.
[2024-12-08T14:41:23.932+0000] {spark_submit.py:634} INFO - 24/12/08 14:41:23 INFO SparkUI: Stopped Spark web UI at http://2a892a3469ec:4041
[2024-12-08T14:41:23.942+0000] {spark_submit.py:634} INFO - 24/12/08 14:41:23 INFO StandaloneSchedulerBackend: Shutting down all executors
[2024-12-08T14:41:23.943+0000] {spark_submit.py:634} INFO - 24/12/08 14:41:23 INFO StandaloneSchedulerBackend$StandaloneDriverEndpoint: Asking each executor to shut down
[2024-12-08T14:41:23.982+0000] {spark_submit.py:634} INFO - 24/12/08 14:41:23 INFO MapOutputTrackerMasterEndpoint: MapOutputTrackerMasterEndpoint stopped!
[2024-12-08T14:41:24.007+0000] {spark_submit.py:634} INFO - 24/12/08 14:41:24 INFO MemoryStore: MemoryStore cleared
[2024-12-08T14:41:24.012+0000] {spark_submit.py:634} INFO - 24/12/08 14:41:24 INFO BlockManager: BlockManager stopped
[2024-12-08T14:41:24.021+0000] {spark_submit.py:634} INFO - 24/12/08 14:41:24 INFO BlockManagerMaster: BlockManagerMaster stopped
[2024-12-08T14:41:24.023+0000] {spark_submit.py:634} INFO - 24/12/08 14:41:24 INFO OutputCommitCoordinator$OutputCommitCoordinatorEndpoint: OutputCommitCoordinator stopped!
[2024-12-08T14:41:24.047+0000] {spark_submit.py:634} INFO - 24/12/08 14:41:24 INFO SparkContext: Successfully stopped SparkContext
[2024-12-08T14:41:24.051+0000] {spark_submit.py:634} INFO - 24/12/08 14:41:24 INFO ShutdownHookManager: Shutdown hook called
[2024-12-08T14:41:24.052+0000] {spark_submit.py:634} INFO - 24/12/08 14:41:24 INFO ShutdownHookManager: Deleting directory /tmp/spark-53f73f83-565f-427b-9563-a335032c2a98
[2024-12-08T14:41:24.058+0000] {spark_submit.py:634} INFO - 24/12/08 14:41:24 INFO ShutdownHookManager: Deleting directory /tmp/spark-f1ff1aab-ce4a-48ae-9ca9-c296734618b2
[2024-12-08T14:41:24.137+0000] {taskinstance.py:340} INFO - ::group::Post task execution logs
[2024-12-08T14:41:24.138+0000] {taskinstance.py:352} INFO - Marking task as SUCCESS. dag_id=sparking_flow, task_id=scala_job, run_id=manual__2024-12-08T14:41:12.103858+00:00, execution_date=20241208T144112, start_date=20241208T144113, end_date=20241208T144124
[2024-12-08T14:41:24.171+0000] {local_task_job_runner.py:266} INFO - Task exited with return code 0
[2024-12-08T14:41:24.187+0000] {taskinstance.py:3895} INFO - 0 downstream tasks scheduled from follow-on schedule check
[2024-12-08T14:41:24.188+0000] {local_task_job_runner.py:245} INFO - ::endgroup::
