[2024-12-05T01:17:44.056+0000] {processor.py:186} INFO - Started process (PID=1031) to work on /opt/airflow/dags/spark_airflow.py
[2024-12-05T01:17:44.059+0000] {processor.py:914} INFO - Processing file /opt/airflow/dags/spark_airflow.py for tasks to queue
[2024-12-05T01:17:44.070+0000] {logging_mixin.py:190} INFO - [2024-12-05T01:17:44.068+0000] {dagbag.py:588} INFO - Filling up the DagBag from /opt/airflow/dags/spark_airflow.py
[2024-12-05T01:17:44.102+0000] {processor.py:925} INFO - DAG(s) 'sparking_flow' retrieved from /opt/airflow/dags/spark_airflow.py
[2024-12-05T01:17:44.332+0000] {logging_mixin.py:190} INFO - [2024-12-05T01:17:44.332+0000] {dag.py:3239} INFO - Sync 1 DAGs
[2024-12-05T01:17:44.357+0000] {logging_mixin.py:190} INFO - [2024-12-05T01:17:44.357+0000] {dag.py:4180} INFO - Setting next_dagrun for sparking_flow to 2024-12-05 00:00:00+00:00, run_after=2024-12-06 00:00:00+00:00
[2024-12-05T01:17:44.380+0000] {processor.py:208} INFO - Processing /opt/airflow/dags/spark_airflow.py took 0.341 seconds
[2024-12-05T05:30:14.789+0000] {processor.py:186} INFO - Started process (PID=1484) to work on /opt/airflow/dags/spark_airflow.py
[2024-12-05T05:30:14.791+0000] {processor.py:914} INFO - Processing file /opt/airflow/dags/spark_airflow.py for tasks to queue
[2024-12-05T05:30:14.806+0000] {logging_mixin.py:190} INFO - [2024-12-05T05:30:14.805+0000] {dagbag.py:588} INFO - Filling up the DagBag from /opt/airflow/dags/spark_airflow.py
[2024-12-05T05:30:14.844+0000] {processor.py:925} INFO - DAG(s) 'sparking_flow' retrieved from /opt/airflow/dags/spark_airflow.py
[2024-12-05T05:30:14.898+0000] {logging_mixin.py:190} INFO - [2024-12-05T05:30:14.898+0000] {dag.py:3239} INFO - Sync 1 DAGs
[2024-12-05T05:30:14.934+0000] {logging_mixin.py:190} INFO - [2024-12-05T05:30:14.934+0000] {dag.py:4180} INFO - Setting next_dagrun for sparking_flow to 2024-12-05 00:00:00+00:00, run_after=2024-12-06 00:00:00+00:00
[2024-12-05T05:30:14.952+0000] {processor.py:208} INFO - Processing /opt/airflow/dags/spark_airflow.py took 0.178 seconds
[2024-12-05T08:02:03.498+0000] {processor.py:186} INFO - Started process (PID=1489) to work on /opt/airflow/dags/spark_airflow.py
[2024-12-05T08:02:03.500+0000] {processor.py:914} INFO - Processing file /opt/airflow/dags/spark_airflow.py for tasks to queue
[2024-12-05T08:02:03.510+0000] {logging_mixin.py:190} INFO - [2024-12-05T08:02:03.509+0000] {dagbag.py:588} INFO - Filling up the DagBag from /opt/airflow/dags/spark_airflow.py
[2024-12-05T08:02:03.537+0000] {processor.py:925} INFO - DAG(s) 'sparking_flow' retrieved from /opt/airflow/dags/spark_airflow.py
[2024-12-05T08:02:03.587+0000] {logging_mixin.py:190} INFO - [2024-12-05T08:02:03.586+0000] {dag.py:3239} INFO - Sync 1 DAGs
[2024-12-05T08:02:03.620+0000] {logging_mixin.py:190} INFO - [2024-12-05T08:02:03.620+0000] {dag.py:4180} INFO - Setting next_dagrun for sparking_flow to 2024-12-05 00:00:00+00:00, run_after=2024-12-06 00:00:00+00:00
[2024-12-05T08:02:03.636+0000] {processor.py:208} INFO - Processing /opt/airflow/dags/spark_airflow.py took 0.165 seconds
[2024-12-05T10:04:07.732+0000] {processor.py:186} INFO - Started process (PID=1494) to work on /opt/airflow/dags/spark_airflow.py
[2024-12-05T10:04:07.734+0000] {processor.py:914} INFO - Processing file /opt/airflow/dags/spark_airflow.py for tasks to queue
[2024-12-05T10:04:07.740+0000] {logging_mixin.py:190} INFO - [2024-12-05T10:04:07.739+0000] {dagbag.py:588} INFO - Filling up the DagBag from /opt/airflow/dags/spark_airflow.py
[2024-12-05T10:04:07.774+0000] {processor.py:925} INFO - DAG(s) 'sparking_flow' retrieved from /opt/airflow/dags/spark_airflow.py
[2024-12-05T10:04:07.931+0000] {logging_mixin.py:190} INFO - [2024-12-05T10:04:07.931+0000] {dag.py:3239} INFO - Sync 1 DAGs
[2024-12-05T10:04:07.967+0000] {logging_mixin.py:190} INFO - [2024-12-05T10:04:07.966+0000] {dag.py:4180} INFO - Setting next_dagrun for sparking_flow to 2024-12-05 00:00:00+00:00, run_after=2024-12-06 00:00:00+00:00
[2024-12-05T10:04:08.017+0000] {processor.py:208} INFO - Processing /opt/airflow/dags/spark_airflow.py took 0.298 seconds
[2024-12-05T12:06:03.316+0000] {processor.py:186} INFO - Started process (PID=1499) to work on /opt/airflow/dags/spark_airflow.py
[2024-12-05T12:06:03.318+0000] {processor.py:914} INFO - Processing file /opt/airflow/dags/spark_airflow.py for tasks to queue
[2024-12-05T12:06:03.326+0000] {logging_mixin.py:190} INFO - [2024-12-05T12:06:03.325+0000] {dagbag.py:588} INFO - Filling up the DagBag from /opt/airflow/dags/spark_airflow.py
[2024-12-05T12:06:03.362+0000] {processor.py:925} INFO - DAG(s) 'sparking_flow' retrieved from /opt/airflow/dags/spark_airflow.py
[2024-12-05T12:06:03.405+0000] {logging_mixin.py:190} INFO - [2024-12-05T12:06:03.405+0000] {dag.py:3239} INFO - Sync 1 DAGs
[2024-12-05T12:06:03.442+0000] {logging_mixin.py:190} INFO - [2024-12-05T12:06:03.441+0000] {dag.py:4180} INFO - Setting next_dagrun for sparking_flow to 2024-12-05 00:00:00+00:00, run_after=2024-12-06 00:00:00+00:00
[2024-12-05T12:06:03.456+0000] {processor.py:208} INFO - Processing /opt/airflow/dags/spark_airflow.py took 0.161 seconds
[2024-12-05T15:09:00.510+0000] {processor.py:186} INFO - Started process (PID=1504) to work on /opt/airflow/dags/spark_airflow.py
[2024-12-05T15:09:00.512+0000] {processor.py:914} INFO - Processing file /opt/airflow/dags/spark_airflow.py for tasks to queue
[2024-12-05T15:09:00.522+0000] {logging_mixin.py:190} INFO - [2024-12-05T15:09:00.522+0000] {dagbag.py:588} INFO - Filling up the DagBag from /opt/airflow/dags/spark_airflow.py
[2024-12-05T15:09:00.552+0000] {processor.py:925} INFO - DAG(s) 'sparking_flow' retrieved from /opt/airflow/dags/spark_airflow.py
[2024-12-05T15:09:00.598+0000] {logging_mixin.py:190} INFO - [2024-12-05T15:09:00.598+0000] {dag.py:3239} INFO - Sync 1 DAGs
[2024-12-05T15:09:00.625+0000] {logging_mixin.py:190} INFO - [2024-12-05T15:09:00.625+0000] {dag.py:4180} INFO - Setting next_dagrun for sparking_flow to 2024-12-05 00:00:00+00:00, run_after=2024-12-06 00:00:00+00:00
[2024-12-05T15:09:00.646+0000] {processor.py:208} INFO - Processing /opt/airflow/dags/spark_airflow.py took 0.149 seconds
[2024-12-05T17:11:10.097+0000] {processor.py:186} INFO - Started process (PID=1509) to work on /opt/airflow/dags/spark_airflow.py
[2024-12-05T17:11:10.099+0000] {processor.py:914} INFO - Processing file /opt/airflow/dags/spark_airflow.py for tasks to queue
[2024-12-05T17:11:10.122+0000] {logging_mixin.py:190} INFO - [2024-12-05T17:11:10.121+0000] {dagbag.py:588} INFO - Filling up the DagBag from /opt/airflow/dags/spark_airflow.py
[2024-12-05T17:11:10.165+0000] {processor.py:925} INFO - DAG(s) 'sparking_flow' retrieved from /opt/airflow/dags/spark_airflow.py
[2024-12-05T17:11:10.217+0000] {logging_mixin.py:190} INFO - [2024-12-05T17:11:10.217+0000] {dag.py:3239} INFO - Sync 1 DAGs
[2024-12-05T17:11:10.250+0000] {logging_mixin.py:190} INFO - [2024-12-05T17:11:10.250+0000] {dag.py:4180} INFO - Setting next_dagrun for sparking_flow to 2024-12-05 00:00:00+00:00, run_after=2024-12-06 00:00:00+00:00
[2024-12-05T17:11:10.274+0000] {processor.py:208} INFO - Processing /opt/airflow/dags/spark_airflow.py took 0.193 seconds
[2024-12-05T18:12:07.488+0000] {processor.py:186} INFO - Started process (PID=1514) to work on /opt/airflow/dags/spark_airflow.py
[2024-12-05T18:12:07.490+0000] {processor.py:914} INFO - Processing file /opt/airflow/dags/spark_airflow.py for tasks to queue
[2024-12-05T18:12:07.496+0000] {logging_mixin.py:190} INFO - [2024-12-05T18:12:07.495+0000] {dagbag.py:588} INFO - Filling up the DagBag from /opt/airflow/dags/spark_airflow.py
[2024-12-05T18:12:07.537+0000] {processor.py:925} INFO - DAG(s) 'sparking_flow' retrieved from /opt/airflow/dags/spark_airflow.py
[2024-12-05T18:12:07.593+0000] {logging_mixin.py:190} INFO - [2024-12-05T18:12:07.593+0000] {dag.py:3239} INFO - Sync 1 DAGs
[2024-12-05T18:12:07.638+0000] {logging_mixin.py:190} INFO - [2024-12-05T18:12:07.638+0000] {dag.py:4180} INFO - Setting next_dagrun for sparking_flow to 2024-12-05 00:00:00+00:00, run_after=2024-12-06 00:00:00+00:00
[2024-12-05T18:12:07.659+0000] {processor.py:208} INFO - Processing /opt/airflow/dags/spark_airflow.py took 0.188 seconds
[2024-12-05T22:16:02.606+0000] {processor.py:186} INFO - Started process (PID=1519) to work on /opt/airflow/dags/spark_airflow.py
[2024-12-05T22:16:02.607+0000] {processor.py:914} INFO - Processing file /opt/airflow/dags/spark_airflow.py for tasks to queue
[2024-12-05T22:16:02.615+0000] {logging_mixin.py:190} INFO - [2024-12-05T22:16:02.614+0000] {dagbag.py:588} INFO - Filling up the DagBag from /opt/airflow/dags/spark_airflow.py
[2024-12-05T22:16:02.654+0000] {processor.py:925} INFO - DAG(s) 'sparking_flow' retrieved from /opt/airflow/dags/spark_airflow.py
[2024-12-05T22:16:02.705+0000] {logging_mixin.py:190} INFO - [2024-12-05T22:16:02.705+0000] {dag.py:3239} INFO - Sync 1 DAGs
[2024-12-05T22:16:02.735+0000] {logging_mixin.py:190} INFO - [2024-12-05T22:16:02.735+0000] {dag.py:4180} INFO - Setting next_dagrun for sparking_flow to 2024-12-05 00:00:00+00:00, run_after=2024-12-06 00:00:00+00:00
[2024-12-05T22:16:02.750+0000] {processor.py:208} INFO - Processing /opt/airflow/dags/spark_airflow.py took 0.163 seconds
[2024-12-05T23:17:06.911+0000] {processor.py:186} INFO - Started process (PID=1524) to work on /opt/airflow/dags/spark_airflow.py
[2024-12-05T23:17:06.914+0000] {processor.py:914} INFO - Processing file /opt/airflow/dags/spark_airflow.py for tasks to queue
[2024-12-05T23:17:06.920+0000] {logging_mixin.py:190} INFO - [2024-12-05T23:17:06.919+0000] {dagbag.py:588} INFO - Filling up the DagBag from /opt/airflow/dags/spark_airflow.py
[2024-12-05T23:17:06.950+0000] {processor.py:925} INFO - DAG(s) 'sparking_flow' retrieved from /opt/airflow/dags/spark_airflow.py
[2024-12-05T23:17:07.001+0000] {logging_mixin.py:190} INFO - [2024-12-05T23:17:07.000+0000] {dag.py:3239} INFO - Sync 1 DAGs
[2024-12-05T23:17:07.038+0000] {logging_mixin.py:190} INFO - [2024-12-05T23:17:07.037+0000] {dag.py:4180} INFO - Setting next_dagrun for sparking_flow to 2024-12-05 00:00:00+00:00, run_after=2024-12-06 00:00:00+00:00
[2024-12-05T23:17:07.055+0000] {processor.py:208} INFO - Processing /opt/airflow/dags/spark_airflow.py took 0.165 seconds
