[2024-12-09T19:09:38.954+0000] {local_task_job_runner.py:123} INFO - ::group::Pre task execution logs
[2024-12-09T19:09:38.975+0000] {taskinstance.py:2613} INFO - Dependencies all met for dep_context=non-requeueable deps ti=<TaskInstance: sparking_flow.java_job manual__2024-12-09T19:09:36.458125+00:00 [queued]>
[2024-12-09T19:09:38.984+0000] {taskinstance.py:2613} INFO - Dependencies all met for dep_context=requeueable deps ti=<TaskInstance: sparking_flow.java_job manual__2024-12-09T19:09:36.458125+00:00 [queued]>
[2024-12-09T19:09:38.986+0000] {taskinstance.py:2866} INFO - Starting attempt 1 of 1
[2024-12-09T19:09:39.002+0000] {taskinstance.py:2889} INFO - Executing <Task(SparkSubmitOperator): java_job> on 2024-12-09 19:09:36.458125+00:00
[2024-12-09T19:09:39.010+0000] {logging_mixin.py:190} WARNING - /home/***/.local/lib/python3.12/site-packages/***/task/task_runner/standard_task_runner.py:70 DeprecationWarning: This process (pid=188) is multi-threaded, use of fork() may lead to deadlocks in the child.
[2024-12-09T19:09:39.011+0000] {standard_task_runner.py:72} INFO - Started process 191 to run task
[2024-12-09T19:09:39.010+0000] {standard_task_runner.py:104} INFO - Running: ['***', 'tasks', 'run', 'sparking_flow', 'java_job', 'manual__2024-12-09T19:09:36.458125+00:00', '--job-id', '612', '--raw', '--subdir', 'DAGS_FOLDER/spark_***.py', '--cfg-path', '/tmp/tmp_mw2fivw']
[2024-12-09T19:09:39.013+0000] {standard_task_runner.py:105} INFO - Job 612: Subtask java_job
[2024-12-09T19:09:39.083+0000] {task_command.py:467} INFO - Running <TaskInstance: sparking_flow.java_job manual__2024-12-09T19:09:36.458125+00:00 [running]> on host 203ed93171f9
[2024-12-09T19:09:39.216+0000] {taskinstance.py:3132} INFO - Exporting env vars: AIRFLOW_CTX_DAG_OWNER='Yusuf Ganiyu' AIRFLOW_CTX_DAG_ID='sparking_flow' AIRFLOW_CTX_TASK_ID='java_job' AIRFLOW_CTX_EXECUTION_DATE='2024-12-09T19:09:36.458125+00:00' AIRFLOW_CTX_TRY_NUMBER='1' AIRFLOW_CTX_DAG_RUN_ID='manual__2024-12-09T19:09:36.458125+00:00'
[2024-12-09T19:09:39.220+0000] {taskinstance.py:731} INFO - ::endgroup::
[2024-12-09T19:09:39.469+0000] {base.py:84} INFO - Retrieving connection 'spark-conn'
[2024-12-09T19:09:39.470+0000] {spark_submit.py:473} INFO - Spark-Submit cmd: spark-submit --master spark://sparkingflow-spark-master-1:7077 --name arrow-spark --class com.airscholar.spark.WordCountJob --deploy-mode client jobs/java/spark-job/target/spark-job-1.0-SNAPSHOT.jar
[2024-12-09T19:09:43.753+0000] {spark_submit.py:634} INFO - 24/12/09 19:09:43 INFO SparkContext: Running Spark version 3.5.3
[2024-12-09T19:09:43.777+0000] {spark_submit.py:634} INFO - 24/12/09 19:09:43 INFO SparkContext: OS info Linux, 6.10.14-linuxkit, aarch64
[2024-12-09T19:09:43.778+0000] {spark_submit.py:634} INFO - 24/12/09 19:09:43 INFO SparkContext: Java version 17.0.13
[2024-12-09T19:09:43.905+0000] {spark_submit.py:634} INFO - 24/12/09 19:09:43 WARN NativeCodeLoader: Unable to load native-hadoop library for your platform... using builtin-java classes where applicable
[2024-12-09T19:09:44.157+0000] {spark_submit.py:634} INFO - 24/12/09 19:09:44 INFO ResourceUtils: ==============================================================
[2024-12-09T19:09:44.161+0000] {spark_submit.py:634} INFO - 24/12/09 19:09:44 INFO ResourceUtils: No custom resources configured for spark.driver.
[2024-12-09T19:09:44.166+0000] {spark_submit.py:634} INFO - 24/12/09 19:09:44 INFO ResourceUtils: ==============================================================
[2024-12-09T19:09:44.168+0000] {spark_submit.py:634} INFO - 24/12/09 19:09:44 INFO SparkContext: Submitted application: Word Count Job
[2024-12-09T19:09:44.205+0000] {spark_submit.py:634} INFO - 24/12/09 19:09:44 INFO ResourceProfile: Default ResourceProfile created, executor resources: Map(cores -> name: cores, amount: 1, script: , vendor: , memory -> name: memory, amount: 1024, script: , vendor: , offHeap -> name: offHeap, amount: 0, script: , vendor: ), task resources: Map(cpus -> name: cpus, amount: 1.0)
[2024-12-09T19:09:44.223+0000] {spark_submit.py:634} INFO - 24/12/09 19:09:44 INFO ResourceProfile: Limiting resource is cpu
[2024-12-09T19:09:44.224+0000] {spark_submit.py:634} INFO - 24/12/09 19:09:44 INFO ResourceProfileManager: Added ResourceProfile id: 0
[2024-12-09T19:09:44.317+0000] {spark_submit.py:634} INFO - 24/12/09 19:09:44 INFO SecurityManager: Changing view acls to: root
[2024-12-09T19:09:44.319+0000] {spark_submit.py:634} INFO - 24/12/09 19:09:44 INFO SecurityManager: Changing modify acls to: root
[2024-12-09T19:09:44.320+0000] {spark_submit.py:634} INFO - 24/12/09 19:09:44 INFO SecurityManager: Changing view acls groups to:
[2024-12-09T19:09:44.322+0000] {spark_submit.py:634} INFO - 24/12/09 19:09:44 INFO SecurityManager: Changing modify acls groups to:
[2024-12-09T19:09:44.324+0000] {spark_submit.py:634} INFO - 24/12/09 19:09:44 INFO SecurityManager: SecurityManager: authentication disabled; ui acls disabled; users with view permissions: root; groups with view permissions: EMPTY; users with modify permissions: root; groups with modify permissions: EMPTY
[2024-12-09T19:09:44.706+0000] {spark_submit.py:634} INFO - 24/12/09 19:09:44 INFO Utils: Successfully started service 'sparkDriver' on port 33711.
[2024-12-09T19:09:44.750+0000] {spark_submit.py:634} INFO - 24/12/09 19:09:44 INFO SparkEnv: Registering MapOutputTracker
[2024-12-09T19:09:44.795+0000] {spark_submit.py:634} INFO - 24/12/09 19:09:44 INFO SparkEnv: Registering BlockManagerMaster
[2024-12-09T19:09:44.831+0000] {spark_submit.py:634} INFO - 24/12/09 19:09:44 INFO BlockManagerMasterEndpoint: Using org.apache.spark.storage.DefaultTopologyMapper for getting topology information
[2024-12-09T19:09:44.834+0000] {spark_submit.py:634} INFO - 24/12/09 19:09:44 INFO BlockManagerMasterEndpoint: BlockManagerMasterEndpoint up
[2024-12-09T19:09:44.851+0000] {spark_submit.py:634} INFO - 24/12/09 19:09:44 INFO SparkEnv: Registering BlockManagerMasterHeartbeat
[2024-12-09T19:09:44.879+0000] {spark_submit.py:634} INFO - 24/12/09 19:09:44 INFO DiskBlockManager: Created local directory at /tmp/blockmgr-c49815e4-2db4-46e9-b6c4-83fda7d7ea0d
[2024-12-09T19:09:44.906+0000] {spark_submit.py:634} INFO - 24/12/09 19:09:44 INFO MemoryStore: MemoryStore started with capacity 434.4 MiB
[2024-12-09T19:09:44.927+0000] {spark_submit.py:634} INFO - 24/12/09 19:09:44 INFO SparkEnv: Registering OutputCommitCoordinator
[2024-12-09T19:09:45.141+0000] {spark_submit.py:634} INFO - 24/12/09 19:09:45 INFO JettyUtils: Start Jetty 0.0.0.0:4040 for SparkUI
[2024-12-09T19:09:45.227+0000] {spark_submit.py:634} INFO - 24/12/09 19:09:45 INFO Utils: Successfully started service 'SparkUI' on port 4040.
[2024-12-09T19:09:45.281+0000] {spark_submit.py:634} INFO - 24/12/09 19:09:45 INFO SparkContext: Added JAR file:/opt/***/jobs/java/spark-job/target/spark-job-1.0-SNAPSHOT.jar at spark://203ed93171f9:33711/jars/spark-job-1.0-SNAPSHOT.jar with timestamp 1733771383723
[2024-12-09T19:09:45.418+0000] {spark_submit.py:634} INFO - 24/12/09 19:09:45 INFO Executor: Starting executor ID driver on host 203ed93171f9
[2024-12-09T19:09:45.420+0000] {spark_submit.py:634} INFO - 24/12/09 19:09:45 INFO Executor: OS info Linux, 6.10.14-linuxkit, aarch64
[2024-12-09T19:09:45.421+0000] {spark_submit.py:634} INFO - 24/12/09 19:09:45 INFO Executor: Java version 17.0.13
[2024-12-09T19:09:45.433+0000] {spark_submit.py:634} INFO - 24/12/09 19:09:45 INFO Executor: Starting executor with user classpath (userClassPathFirst = false): ''
[2024-12-09T19:09:45.434+0000] {spark_submit.py:634} INFO - 24/12/09 19:09:45 INFO Executor: Created or updated repl class loader org.apache.spark.util.MutableURLClassLoader@4a8e6e89 for default.
[2024-12-09T19:09:45.453+0000] {spark_submit.py:634} INFO - 24/12/09 19:09:45 INFO Executor: Fetching spark://203ed93171f9:33711/jars/spark-job-1.0-SNAPSHOT.jar with timestamp 1733771383723
[2024-12-09T19:09:45.559+0000] {spark_submit.py:634} INFO - 24/12/09 19:09:45 INFO TransportClientFactory: Successfully created connection to 203ed93171f9/172.18.0.5:33711 after 59 ms (0 ms spent in bootstraps)
[2024-12-09T19:09:45.568+0000] {spark_submit.py:634} INFO - 24/12/09 19:09:45 INFO Utils: Fetching spark://203ed93171f9:33711/jars/spark-job-1.0-SNAPSHOT.jar to /tmp/spark-b26cb905-e820-4182-86c6-3b4d64cbd39a/userFiles-8f67a924-5d69-4180-bcdd-035d811a8645/fetchFileTemp17646595448521574741.tmp
[2024-12-09T19:09:45.617+0000] {spark_submit.py:634} INFO - 24/12/09 19:09:45 INFO Executor: Adding file:/tmp/spark-b26cb905-e820-4182-86c6-3b4d64cbd39a/userFiles-8f67a924-5d69-4180-bcdd-035d811a8645/spark-job-1.0-SNAPSHOT.jar to class loader default
[2024-12-09T19:09:45.632+0000] {spark_submit.py:634} INFO - 24/12/09 19:09:45 INFO Utils: Successfully started service 'org.apache.spark.network.netty.NettyBlockTransferService' on port 44831.
[2024-12-09T19:09:45.634+0000] {spark_submit.py:634} INFO - 24/12/09 19:09:45 INFO NettyBlockTransferService: Server created on 203ed93171f9:44831
[2024-12-09T19:09:45.637+0000] {spark_submit.py:634} INFO - 24/12/09 19:09:45 INFO BlockManager: Using org.apache.spark.storage.RandomBlockReplicationPolicy for block replication policy
[2024-12-09T19:09:45.649+0000] {spark_submit.py:634} INFO - 24/12/09 19:09:45 INFO BlockManagerMaster: Registering BlockManager BlockManagerId(driver, 203ed93171f9, 44831, None)
[2024-12-09T19:09:45.653+0000] {spark_submit.py:634} INFO - 24/12/09 19:09:45 INFO BlockManagerMasterEndpoint: Registering block manager 203ed93171f9:44831 with 434.4 MiB RAM, BlockManagerId(driver, 203ed93171f9, 44831, None)
[2024-12-09T19:09:45.658+0000] {spark_submit.py:634} INFO - 24/12/09 19:09:45 INFO BlockManagerMaster: Registered BlockManager BlockManagerId(driver, 203ed93171f9, 44831, None)
[2024-12-09T19:09:45.658+0000] {spark_submit.py:634} INFO - 24/12/09 19:09:45 INFO BlockManager: Initialized BlockManager: BlockManagerId(driver, 203ed93171f9, 44831, None)
[2024-12-09T19:09:47.032+0000] {spark_submit.py:634} INFO - 24/12/09 19:09:47 INFO SparkContext: Starting job: collect at WordCountJob.java:37
[2024-12-09T19:09:47.093+0000] {spark_submit.py:634} INFO - 24/12/09 19:09:47 INFO DAGScheduler: Registering RDD 2 (mapToPair at WordCountJob.java:33) as input to shuffle 0
[2024-12-09T19:09:47.101+0000] {spark_submit.py:634} INFO - 24/12/09 19:09:47 INFO DAGScheduler: Got job 0 (collect at WordCountJob.java:37) with 1 output partitions
[2024-12-09T19:09:47.111+0000] {spark_submit.py:634} INFO - 24/12/09 19:09:47 INFO DAGScheduler: Final stage: ResultStage 1 (collect at WordCountJob.java:37)
[2024-12-09T19:09:47.115+0000] {spark_submit.py:634} INFO - 24/12/09 19:09:47 INFO DAGScheduler: Parents of final stage: List(ShuffleMapStage 0)
[2024-12-09T19:09:47.118+0000] {spark_submit.py:634} INFO - 24/12/09 19:09:47 INFO DAGScheduler: Missing parents: List(ShuffleMapStage 0)
[2024-12-09T19:09:47.118+0000] {spark_submit.py:634} INFO - 24/12/09 19:09:47 INFO DAGScheduler: Submitting ShuffleMapStage 0 (MapPartitionsRDD[2] at mapToPair at WordCountJob.java:33), which has no missing parents
[2024-12-09T19:09:47.356+0000] {spark_submit.py:634} INFO - 24/12/09 19:09:47 INFO MemoryStore: Block broadcast_0 stored as values in memory (estimated size 6.4 KiB, free 434.4 MiB)
[2024-12-09T19:09:47.409+0000] {spark_submit.py:634} INFO - 24/12/09 19:09:47 INFO MemoryStore: Block broadcast_0_piece0 stored as bytes in memory (estimated size 3.4 KiB, free 434.4 MiB)
[2024-12-09T19:09:47.412+0000] {spark_submit.py:634} INFO - 24/12/09 19:09:47 INFO BlockManagerInfo: Added broadcast_0_piece0 in memory on 203ed93171f9:44831 (size: 3.4 KiB, free: 434.4 MiB)
[2024-12-09T19:09:47.422+0000] {spark_submit.py:634} INFO - 24/12/09 19:09:47 INFO SparkContext: Created broadcast 0 from broadcast at DAGScheduler.scala:1585
[2024-12-09T19:09:47.476+0000] {spark_submit.py:634} INFO - 24/12/09 19:09:47 INFO DAGScheduler: Submitting 1 missing tasks from ShuffleMapStage 0 (MapPartitionsRDD[2] at mapToPair at WordCountJob.java:33) (first 15 tasks are for partitions Vector(0))
[2024-12-09T19:09:47.478+0000] {spark_submit.py:634} INFO - 24/12/09 19:09:47 INFO TaskSchedulerImpl: Adding task set 0.0 with 1 tasks resource profile 0
[2024-12-09T19:09:47.584+0000] {spark_submit.py:634} INFO - 24/12/09 19:09:47 INFO TaskSetManager: Starting task 0.0 in stage 0.0 (TID 0) (203ed93171f9, executor driver, partition 0, PROCESS_LOCAL, 9249 bytes)
[2024-12-09T19:09:47.619+0000] {spark_submit.py:634} INFO - 24/12/09 19:09:47 INFO Executor: Running task 0.0 in stage 0.0 (TID 0)
[2024-12-09T19:09:47.977+0000] {spark_submit.py:634} INFO - 24/12/09 19:09:47 INFO Executor: Finished task 0.0 in stage 0.0 (TID 0). 1216 bytes result sent to driver
[2024-12-09T19:09:48.022+0000] {spark_submit.py:634} INFO - 24/12/09 19:09:48 INFO TaskSetManager: Finished task 0.0 in stage 0.0 (TID 0) in 478 ms on 203ed93171f9 (executor driver) (1/1)
[2024-12-09T19:09:48.030+0000] {spark_submit.py:634} INFO - 24/12/09 19:09:48 INFO TaskSchedulerImpl: Removed TaskSet 0.0, whose tasks have all completed, from pool
[2024-12-09T19:09:48.057+0000] {spark_submit.py:634} INFO - 24/12/09 19:09:48 INFO DAGScheduler: ShuffleMapStage 0 (mapToPair at WordCountJob.java:33) finished in 0.866 s
[2024-12-09T19:09:48.066+0000] {spark_submit.py:634} INFO - 24/12/09 19:09:48 INFO DAGScheduler: looking for newly runnable stages
[2024-12-09T19:09:48.066+0000] {spark_submit.py:634} INFO - 24/12/09 19:09:48 INFO DAGScheduler: running: Set()
[2024-12-09T19:09:48.067+0000] {spark_submit.py:634} INFO - 24/12/09 19:09:48 INFO DAGScheduler: waiting: Set(ResultStage 1)
[2024-12-09T19:09:48.067+0000] {spark_submit.py:634} INFO - 24/12/09 19:09:48 INFO DAGScheduler: failed: Set()
[2024-12-09T19:09:48.068+0000] {spark_submit.py:634} INFO - 24/12/09 19:09:48 INFO DAGScheduler: Submitting ResultStage 1 (ShuffledRDD[3] at reduceByKey at WordCountJob.java:34), which has no missing parents
[2024-12-09T19:09:48.106+0000] {spark_submit.py:634} INFO - 24/12/09 19:09:48 INFO MemoryStore: Block broadcast_1 stored as values in memory (estimated size 5.2 KiB, free 434.4 MiB)
[2024-12-09T19:09:48.112+0000] {spark_submit.py:634} INFO - 24/12/09 19:09:48 INFO MemoryStore: Block broadcast_1_piece0 stored as bytes in memory (estimated size 2.9 KiB, free 434.4 MiB)
[2024-12-09T19:09:48.114+0000] {spark_submit.py:634} INFO - 24/12/09 19:09:48 INFO BlockManagerInfo: Added broadcast_1_piece0 in memory on 203ed93171f9:44831 (size: 2.9 KiB, free: 434.4 MiB)
[2024-12-09T19:09:48.115+0000] {spark_submit.py:634} INFO - 24/12/09 19:09:48 INFO SparkContext: Created broadcast 1 from broadcast at DAGScheduler.scala:1585
[2024-12-09T19:09:48.119+0000] {spark_submit.py:634} INFO - 24/12/09 19:09:48 INFO DAGScheduler: Submitting 1 missing tasks from ResultStage 1 (ShuffledRDD[3] at reduceByKey at WordCountJob.java:34) (first 15 tasks are for partitions Vector(0))
[2024-12-09T19:09:48.121+0000] {spark_submit.py:634} INFO - 24/12/09 19:09:48 INFO TaskSchedulerImpl: Adding task set 1.0 with 1 tasks resource profile 0
[2024-12-09T19:09:48.131+0000] {spark_submit.py:634} INFO - 24/12/09 19:09:48 INFO TaskSetManager: Starting task 0.0 in stage 1.0 (TID 1) (203ed93171f9, executor driver, partition 0, NODE_LOCAL, 9002 bytes)
[2024-12-09T19:09:48.134+0000] {spark_submit.py:634} INFO - 24/12/09 19:09:48 INFO Executor: Running task 0.0 in stage 1.0 (TID 1)
[2024-12-09T19:09:48.234+0000] {spark_submit.py:634} INFO - 24/12/09 19:09:48 INFO ShuffleBlockFetcherIterator: Getting 1 (189.0 B) non-empty blocks including 1 (189.0 B) local and 0 (0.0 B) host-local and 0 (0.0 B) push-merged-local and 0 (0.0 B) remote blocks
[2024-12-09T19:09:48.245+0000] {spark_submit.py:634} INFO - 24/12/09 19:09:48 INFO ShuffleBlockFetcherIterator: Started 0 remote fetches in 31 ms
[2024-12-09T19:09:48.312+0000] {spark_submit.py:634} INFO - 24/12/09 19:09:48 INFO Executor: Finished task 0.0 in stage 1.0 (TID 1). 1958 bytes result sent to driver
[2024-12-09T19:09:48.326+0000] {spark_submit.py:634} INFO - 24/12/09 19:09:48 INFO TaskSetManager: Finished task 0.0 in stage 1.0 (TID 1) in 191 ms on 203ed93171f9 (executor driver) (1/1)
[2024-12-09T19:09:48.329+0000] {spark_submit.py:634} INFO - 24/12/09 19:09:48 INFO TaskSchedulerImpl: Removed TaskSet 1.0, whose tasks have all completed, from pool
[2024-12-09T19:09:48.333+0000] {spark_submit.py:634} INFO - 24/12/09 19:09:48 INFO DAGScheduler: ResultStage 1 (collect at WordCountJob.java:37) finished in 0.220 s
[2024-12-09T19:09:48.334+0000] {spark_submit.py:634} INFO - 24/12/09 19:09:48 INFO DAGScheduler: Job 0 is finished. Cancelling potential speculative or zombie tasks for this job
[2024-12-09T19:09:48.334+0000] {spark_submit.py:634} INFO - 24/12/09 19:09:48 INFO TaskSchedulerImpl: Killing all running tasks in stage 1: Stage finished
[2024-12-09T19:09:48.334+0000] {spark_submit.py:634} INFO - 24/12/09 19:09:48 INFO DAGScheduler: Job 0 finished: collect at WordCountJob.java:37, took 1.298438 s
[2024-12-09T19:09:48.338+0000] {spark_submit.py:634} INFO - spark: 1
[2024-12-09T19:09:48.339+0000] {spark_submit.py:634} INFO - docker: 1
[2024-12-09T19:09:48.339+0000] {spark_submit.py:634} INFO - Yusuf: 1
[2024-12-09T19:09:48.341+0000] {spark_submit.py:634} INFO - hello: 5
[2024-12-09T19:09:48.341+0000] {spark_submit.py:634} INFO - java: 1
[2024-12-09T19:09:48.342+0000] {spark_submit.py:634} INFO - world: 1
[2024-12-09T19:09:48.343+0000] {spark_submit.py:634} INFO - 24/12/09 19:09:48 INFO SparkContext: SparkContext is stopping with exitCode 0.
[2024-12-09T19:09:48.370+0000] {spark_submit.py:634} INFO - 24/12/09 19:09:48 INFO SparkUI: Stopped Spark web UI at http://203ed93171f9:4040
[2024-12-09T19:09:48.390+0000] {spark_submit.py:634} INFO - 24/12/09 19:09:48 INFO MapOutputTrackerMasterEndpoint: MapOutputTrackerMasterEndpoint stopped!
[2024-12-09T19:09:48.426+0000] {spark_submit.py:634} INFO - 24/12/09 19:09:48 INFO MemoryStore: MemoryStore cleared
[2024-12-09T19:09:48.427+0000] {spark_submit.py:634} INFO - 24/12/09 19:09:48 INFO BlockManager: BlockManager stopped
[2024-12-09T19:09:48.449+0000] {spark_submit.py:634} INFO - 24/12/09 19:09:48 INFO BlockManagerMaster: BlockManagerMaster stopped
[2024-12-09T19:09:48.462+0000] {spark_submit.py:634} INFO - 24/12/09 19:09:48 INFO OutputCommitCoordinator$OutputCommitCoordinatorEndpoint: OutputCommitCoordinator stopped!
[2024-12-09T19:09:48.492+0000] {spark_submit.py:634} INFO - 24/12/09 19:09:48 INFO SparkContext: Successfully stopped SparkContext
[2024-12-09T19:09:48.522+0000] {spark_submit.py:634} INFO - 24/12/09 19:09:48 INFO ShutdownHookManager: Shutdown hook called
[2024-12-09T19:09:48.535+0000] {spark_submit.py:634} INFO - 24/12/09 19:09:48 INFO ShutdownHookManager: Deleting directory /tmp/spark-b26cb905-e820-4182-86c6-3b4d64cbd39a
[2024-12-09T19:09:48.564+0000] {spark_submit.py:634} INFO - 24/12/09 19:09:48 INFO ShutdownHookManager: Deleting directory /tmp/spark-87330db6-9f8b-4260-9901-58aaf5d8db11
[2024-12-09T19:09:48.691+0000] {taskinstance.py:340} INFO - ::group::Post task execution logs
[2024-12-09T19:09:48.694+0000] {taskinstance.py:352} INFO - Marking task as SUCCESS. dag_id=sparking_flow, task_id=java_job, run_id=manual__2024-12-09T19:09:36.458125+00:00, execution_date=20241209T190936, start_date=20241209T190938, end_date=20241209T190948
[2024-12-09T19:09:48.786+0000] {local_task_job_runner.py:266} INFO - Task exited with return code 0
[2024-12-09T19:09:48.883+0000] {taskinstance.py:3895} INFO - 0 downstream tasks scheduled from follow-on schedule check
[2024-12-09T19:09:48.891+0000] {local_task_job_runner.py:245} INFO - ::endgroup::
