[2024-12-03T01:16:31.573+0000] {local_task_job_runner.py:123} INFO - ::group::Pre task execution logs
[2024-12-03T01:16:31.589+0000] {taskinstance.py:2613} INFO - Dependencies all met for dep_context=non-requeueable deps ti=<TaskInstance: sparking_flow.python_job scheduled__2024-12-02T00:00:00+00:00 [queued]>
[2024-12-03T01:16:31.595+0000] {taskinstance.py:2613} INFO - Dependencies all met for dep_context=requeueable deps ti=<TaskInstance: sparking_flow.python_job scheduled__2024-12-02T00:00:00+00:00 [queued]>
[2024-12-03T01:16:31.596+0000] {taskinstance.py:2866} INFO - Starting attempt 1 of 1
[2024-12-03T01:16:31.606+0000] {taskinstance.py:2889} INFO - Executing <Task(SparkSubmitOperator): python_job> on 2024-12-02 00:00:00+00:00
[2024-12-03T01:16:31.614+0000] {logging_mixin.py:190} WARNING - /home/***/.local/lib/python3.12/site-packages/***/task/task_runner/standard_task_runner.py:70 DeprecationWarning: This process (pid=2431) is multi-threaded, use of fork() may lead to deadlocks in the child.
[2024-12-03T01:16:31.614+0000] {standard_task_runner.py:104} INFO - Running: ['***', 'tasks', 'run', 'sparking_flow', 'python_job', 'scheduled__2024-12-02T00:00:00+00:00', '--job-id', '58', '--raw', '--subdir', 'DAGS_FOLDER/spark_***.py', '--cfg-path', '/tmp/tmpzgu_e049']
[2024-12-03T01:16:31.616+0000] {standard_task_runner.py:72} INFO - Started process 2436 to run task
[2024-12-03T01:16:31.617+0000] {standard_task_runner.py:105} INFO - Job 58: Subtask python_job
[2024-12-03T01:16:31.668+0000] {task_command.py:467} INFO - Running <TaskInstance: sparking_flow.python_job scheduled__2024-12-02T00:00:00+00:00 [running]> on host 53f207c7dacd
[2024-12-03T01:16:31.740+0000] {taskinstance.py:3132} INFO - Exporting env vars: AIRFLOW_CTX_DAG_OWNER='Yusuf Ganiyu' AIRFLOW_CTX_DAG_ID='sparking_flow' AIRFLOW_CTX_TASK_ID='python_job' AIRFLOW_CTX_EXECUTION_DATE='2024-12-02T00:00:00+00:00' AIRFLOW_CTX_TRY_NUMBER='1' AIRFLOW_CTX_DAG_RUN_ID='scheduled__2024-12-02T00:00:00+00:00'
[2024-12-03T01:16:31.742+0000] {taskinstance.py:731} INFO - ::endgroup::
[2024-12-03T01:16:31.762+0000] {base.py:84} INFO - Retrieving connection 'spark-conn'
[2024-12-03T01:16:31.764+0000] {spark_submit.py:473} INFO - Spark-Submit cmd: spark-submit --master spark://sparkingflow-spark-master-1:7077 --name arrow-spark --deploy-mode client jobs/python/wordcountjob.py
[2024-12-03T01:16:36.866+0000] {spark_submit.py:634} INFO - 24/12/03 01:16:36 INFO SparkContext: Running Spark version 3.5.3
[2024-12-03T01:16:36.885+0000] {spark_submit.py:634} INFO - 24/12/03 01:16:36 INFO SparkContext: OS info Linux, 6.6.31-linuxkit, aarch64
[2024-12-03T01:16:36.896+0000] {spark_submit.py:634} INFO - 24/12/03 01:16:36 INFO SparkContext: Java version 17.0.13
[2024-12-03T01:16:36.983+0000] {spark_submit.py:634} INFO - 24/12/03 01:16:36 WARN NativeCodeLoader: Unable to load native-hadoop library for your platform... using builtin-java classes where applicable
[2024-12-03T01:16:37.110+0000] {spark_submit.py:634} INFO - 24/12/03 01:16:37 INFO ResourceUtils: ==============================================================
[2024-12-03T01:16:37.112+0000] {spark_submit.py:634} INFO - 24/12/03 01:16:37 INFO ResourceUtils: No custom resources configured for spark.driver.
[2024-12-03T01:16:37.113+0000] {spark_submit.py:634} INFO - 24/12/03 01:16:37 INFO ResourceUtils: ==============================================================
[2024-12-03T01:16:37.118+0000] {spark_submit.py:634} INFO - 24/12/03 01:16:37 INFO SparkContext: Submitted application: PythonWordCount
[2024-12-03T01:16:37.161+0000] {spark_submit.py:634} INFO - 24/12/03 01:16:37 INFO ResourceProfile: Default ResourceProfile created, executor resources: Map(memory -> name: memory, amount: 1024, script: , vendor: , offHeap -> name: offHeap, amount: 0, script: , vendor: ), task resources: Map(cpus -> name: cpus, amount: 1.0)
[2024-12-03T01:16:37.179+0000] {spark_submit.py:634} INFO - 24/12/03 01:16:37 INFO ResourceProfile: Limiting resource is cpu
[2024-12-03T01:16:37.180+0000] {spark_submit.py:634} INFO - 24/12/03 01:16:37 INFO ResourceProfileManager: Added ResourceProfile id: 0
[2024-12-03T01:16:37.287+0000] {spark_submit.py:634} INFO - 24/12/03 01:16:37 INFO SecurityManager: Changing view acls to: ***
[2024-12-03T01:16:37.290+0000] {spark_submit.py:634} INFO - 24/12/03 01:16:37 INFO SecurityManager: Changing modify acls to: ***
[2024-12-03T01:16:37.292+0000] {spark_submit.py:634} INFO - 24/12/03 01:16:37 INFO SecurityManager: Changing view acls groups to:
[2024-12-03T01:16:37.293+0000] {spark_submit.py:634} INFO - 24/12/03 01:16:37 INFO SecurityManager: Changing modify acls groups to:
[2024-12-03T01:16:37.298+0000] {spark_submit.py:634} INFO - 24/12/03 01:16:37 INFO SecurityManager: SecurityManager: authentication disabled; ui acls disabled; users with view permissions: ***; groups with view permissions: EMPTY; users with modify permissions: ***; groups with modify permissions: EMPTY
[2024-12-03T01:16:37.749+0000] {spark_submit.py:634} INFO - 24/12/03 01:16:37 INFO Utils: Successfully started service 'sparkDriver' on port 40953.
[2024-12-03T01:16:37.796+0000] {spark_submit.py:634} INFO - 24/12/03 01:16:37 INFO SparkEnv: Registering MapOutputTracker
[2024-12-03T01:16:37.848+0000] {spark_submit.py:634} INFO - 24/12/03 01:16:37 INFO SparkEnv: Registering BlockManagerMaster
[2024-12-03T01:16:37.874+0000] {spark_submit.py:634} INFO - 24/12/03 01:16:37 INFO BlockManagerMasterEndpoint: Using org.apache.spark.storage.DefaultTopologyMapper for getting topology information
[2024-12-03T01:16:37.876+0000] {spark_submit.py:634} INFO - 24/12/03 01:16:37 INFO BlockManagerMasterEndpoint: BlockManagerMasterEndpoint up
[2024-12-03T01:16:37.880+0000] {spark_submit.py:634} INFO - 24/12/03 01:16:37 INFO SparkEnv: Registering BlockManagerMasterHeartbeat
[2024-12-03T01:16:37.903+0000] {spark_submit.py:634} INFO - 24/12/03 01:16:37 INFO DiskBlockManager: Created local directory at /tmp/blockmgr-71b8800c-edcc-4ccd-9714-fe351f906eb6
[2024-12-03T01:16:37.923+0000] {spark_submit.py:634} INFO - 24/12/03 01:16:37 INFO MemoryStore: MemoryStore started with capacity 434.4 MiB
[2024-12-03T01:16:37.944+0000] {spark_submit.py:634} INFO - 24/12/03 01:16:37 INFO SparkEnv: Registering OutputCommitCoordinator
[2024-12-03T01:16:38.201+0000] {spark_submit.py:634} INFO - 24/12/03 01:16:38 INFO JettyUtils: Start Jetty 0.0.0.0:4040 for SparkUI
[2024-12-03T01:16:38.334+0000] {spark_submit.py:634} INFO - 24/12/03 01:16:38 WARN Utils: Service 'SparkUI' could not bind on port 4040. Attempting port 4041.
[2024-12-03T01:16:38.340+0000] {spark_submit.py:634} INFO - 24/12/03 01:16:38 WARN Utils: Service 'SparkUI' could not bind on port 4041. Attempting port 4042.
[2024-12-03T01:16:38.402+0000] {spark_submit.py:634} INFO - 24/12/03 01:16:38 INFO Utils: Successfully started service 'SparkUI' on port 4042.
[2024-12-03T01:16:38.955+0000] {spark_submit.py:634} INFO - 24/12/03 01:16:38 INFO StandaloneAppClient$ClientEndpoint: Connecting to master spark://sparkingflow-spark-master-1:7077...
[2024-12-03T01:16:39.066+0000] {spark_submit.py:634} INFO - 24/12/03 01:16:39 INFO TransportClientFactory: Successfully created connection to sparkingflow-spark-master-1/172.18.0.2:7077 after 57 ms (0 ms spent in bootstraps)
[2024-12-03T01:16:39.504+0000] {spark_submit.py:634} INFO - 24/12/03 01:16:39 INFO StandaloneSchedulerBackend: Connected to Spark cluster with app ID app-20241203011639-0007
[2024-12-03T01:16:39.539+0000] {spark_submit.py:634} INFO - 24/12/03 01:16:39 INFO Utils: Successfully started service 'org.apache.spark.network.netty.NettyBlockTransferService' on port 35789.
[2024-12-03T01:16:39.542+0000] {spark_submit.py:634} INFO - 24/12/03 01:16:39 INFO NettyBlockTransferService: Server created on 53f207c7dacd:35789
[2024-12-03T01:16:39.550+0000] {spark_submit.py:634} INFO - 24/12/03 01:16:39 INFO BlockManager: Using org.apache.spark.storage.RandomBlockReplicationPolicy for block replication policy
[2024-12-03T01:16:39.569+0000] {spark_submit.py:634} INFO - 24/12/03 01:16:39 INFO BlockManagerMaster: Registering BlockManager BlockManagerId(driver, 53f207c7dacd, 35789, None)
[2024-12-03T01:16:39.577+0000] {spark_submit.py:634} INFO - 24/12/03 01:16:39 INFO BlockManagerMasterEndpoint: Registering block manager 53f207c7dacd:35789 with 434.4 MiB RAM, BlockManagerId(driver, 53f207c7dacd, 35789, None)
[2024-12-03T01:16:39.579+0000] {spark_submit.py:634} INFO - 24/12/03 01:16:39 INFO BlockManagerMaster: Registered BlockManager BlockManagerId(driver, 53f207c7dacd, 35789, None)
[2024-12-03T01:16:39.582+0000] {spark_submit.py:634} INFO - 24/12/03 01:16:39 INFO BlockManager: Initialized BlockManager: BlockManagerId(driver, 53f207c7dacd, 35789, None)
[2024-12-03T01:16:39.999+0000] {spark_submit.py:634} INFO - 24/12/03 01:16:39 INFO StandaloneSchedulerBackend: SchedulerBackend is ready for scheduling beginning after reached minRegisteredResourcesRatio: 0.0
[2024-12-03T01:16:40.796+0000] {spark_submit.py:634} INFO - 24/12/03 01:16:40 INFO SparkContext: Starting job: collect at /opt/***/jobs/python/wordcountjob.py:11
[2024-12-03T01:16:40.823+0000] {spark_submit.py:634} INFO - 24/12/03 01:16:40 INFO DAGScheduler: Registering RDD 2 (reduceByKey at /opt/***/jobs/python/wordcountjob.py:9) as input to shuffle 0
[2024-12-03T01:16:40.827+0000] {spark_submit.py:634} INFO - 24/12/03 01:16:40 INFO DAGScheduler: Got job 0 (collect at /opt/***/jobs/python/wordcountjob.py:11) with 2 output partitions
[2024-12-03T01:16:40.828+0000] {spark_submit.py:634} INFO - 24/12/03 01:16:40 INFO DAGScheduler: Final stage: ResultStage 1 (collect at /opt/***/jobs/python/wordcountjob.py:11)
[2024-12-03T01:16:40.829+0000] {spark_submit.py:634} INFO - 24/12/03 01:16:40 INFO DAGScheduler: Parents of final stage: List(ShuffleMapStage 0)
[2024-12-03T01:16:40.830+0000] {spark_submit.py:634} INFO - 24/12/03 01:16:40 INFO DAGScheduler: Missing parents: List(ShuffleMapStage 0)
[2024-12-03T01:16:40.834+0000] {spark_submit.py:634} INFO - 24/12/03 01:16:40 INFO DAGScheduler: Submitting ShuffleMapStage 0 (PairwiseRDD[2] at reduceByKey at /opt/***/jobs/python/wordcountjob.py:9), which has no missing parents
[2024-12-03T01:16:40.918+0000] {spark_submit.py:634} INFO - 24/12/03 01:16:40 INFO MemoryStore: Block broadcast_0 stored as values in memory (estimated size 10.9 KiB, free 434.4 MiB)
[2024-12-03T01:16:40.952+0000] {spark_submit.py:634} INFO - 24/12/03 01:16:40 INFO MemoryStore: Block broadcast_0_piece0 stored as bytes in memory (estimated size 7.0 KiB, free 434.4 MiB)
[2024-12-03T01:16:40.955+0000] {spark_submit.py:634} INFO - 24/12/03 01:16:40 INFO BlockManagerInfo: Added broadcast_0_piece0 in memory on 53f207c7dacd:35789 (size: 7.0 KiB, free: 434.4 MiB)
[2024-12-03T01:16:40.959+0000] {spark_submit.py:634} INFO - 24/12/03 01:16:40 INFO SparkContext: Created broadcast 0 from broadcast at DAGScheduler.scala:1585
[2024-12-03T01:16:40.972+0000] {spark_submit.py:634} INFO - 24/12/03 01:16:40 INFO DAGScheduler: Submitting 2 missing tasks from ShuffleMapStage 0 (PairwiseRDD[2] at reduceByKey at /opt/***/jobs/python/wordcountjob.py:9) (first 15 tasks are for partitions Vector(0, 1))
[2024-12-03T01:16:40.973+0000] {spark_submit.py:634} INFO - 24/12/03 01:16:40 INFO TaskSchedulerImpl: Adding task set 0.0 with 2 tasks resource profile 0
[2024-12-03T01:16:42.590+0000] {spark_submit.py:634} INFO - 24/12/03 01:16:42 INFO StandaloneAppClient$ClientEndpoint: Executor added: app-20241203011639-0007/0 on worker-20241202210502-172.18.0.5-43523 (172.18.0.5:43523) with 2 core(s)
[2024-12-03T01:16:42.596+0000] {spark_submit.py:634} INFO - 24/12/03 01:16:42 INFO StandaloneSchedulerBackend: Granted executor ID app-20241203011639-0007/0 on hostPort 172.18.0.5:43523 with 2 core(s), 1024.0 MiB RAM
[2024-12-03T01:16:42.667+0000] {spark_submit.py:634} INFO - 24/12/03 01:16:42 INFO StandaloneAppClient$ClientEndpoint: Executor updated: app-20241203011639-0007/0 is now RUNNING
[2024-12-03T01:16:44.972+0000] {spark_submit.py:634} INFO - 24/12/03 01:16:44 INFO StandaloneSchedulerBackend$StandaloneDriverEndpoint: Registered executor NettyRpcEndpointRef(spark-client://Executor) (172.18.0.5:33746) with ID 0,  ResourceProfileId 0
[2024-12-03T01:16:45.025+0000] {spark_submit.py:634} INFO - 24/12/03 01:16:45 INFO BlockManagerMasterEndpoint: Registering block manager 172.18.0.5:41687 with 434.4 MiB RAM, BlockManagerId(0, 172.18.0.5, 41687, None)
[2024-12-03T01:16:45.084+0000] {spark_submit.py:634} INFO - 24/12/03 01:16:45 INFO TaskSetManager: Starting task 0.0 in stage 0.0 (TID 0) (172.18.0.5, executor 0, partition 0, PROCESS_LOCAL, 9039 bytes)
[2024-12-03T01:16:45.091+0000] {spark_submit.py:634} INFO - 24/12/03 01:16:45 INFO TaskSetManager: Starting task 1.0 in stage 0.0 (TID 1) (172.18.0.5, executor 0, partition 1, PROCESS_LOCAL, 9072 bytes)
[2024-12-03T01:16:45.323+0000] {spark_submit.py:634} INFO - 24/12/03 01:16:45 INFO BlockManagerInfo: Added broadcast_0_piece0 in memory on 172.18.0.5:41687 (size: 7.0 KiB, free: 434.4 MiB)
[2024-12-03T01:16:46.467+0000] {spark_submit.py:634} INFO - 24/12/03 01:16:46 INFO TaskSetManager: Finished task 1.0 in stage 0.0 (TID 1) in 1377 ms on 172.18.0.5 (executor 0) (1/2)
[2024-12-03T01:16:46.468+0000] {spark_submit.py:634} INFO - 24/12/03 01:16:46 INFO TaskSetManager: Finished task 0.0 in stage 0.0 (TID 0) in 1401 ms on 172.18.0.5 (executor 0) (2/2)
[2024-12-03T01:16:46.469+0000] {spark_submit.py:634} INFO - 24/12/03 01:16:46 INFO TaskSchedulerImpl: Removed TaskSet 0.0, whose tasks have all completed, from pool
[2024-12-03T01:16:46.476+0000] {spark_submit.py:634} INFO - 24/12/03 01:16:46 INFO PythonAccumulatorV2: Connected to AccumulatorServer at host: 127.0.0.1 port: 56409
[2024-12-03T01:16:46.483+0000] {spark_submit.py:634} INFO - 24/12/03 01:16:46 INFO DAGScheduler: ShuffleMapStage 0 (reduceByKey at /opt/***/jobs/python/wordcountjob.py:9) finished in 5.636 s
[2024-12-03T01:16:46.486+0000] {spark_submit.py:634} INFO - 24/12/03 01:16:46 INFO DAGScheduler: looking for newly runnable stages
[2024-12-03T01:16:46.486+0000] {spark_submit.py:634} INFO - 24/12/03 01:16:46 INFO DAGScheduler: running: Set()
[2024-12-03T01:16:46.486+0000] {spark_submit.py:634} INFO - 24/12/03 01:16:46 INFO DAGScheduler: waiting: Set(ResultStage 1)
[2024-12-03T01:16:46.487+0000] {spark_submit.py:634} INFO - 24/12/03 01:16:46 INFO DAGScheduler: failed: Set()
[2024-12-03T01:16:46.488+0000] {spark_submit.py:634} INFO - 24/12/03 01:16:46 INFO DAGScheduler: Submitting ResultStage 1 (PythonRDD[5] at collect at /opt/***/jobs/python/wordcountjob.py:11), which has no missing parents
[2024-12-03T01:16:46.504+0000] {spark_submit.py:634} INFO - 24/12/03 01:16:46 INFO MemoryStore: Block broadcast_1 stored as values in memory (estimated size 10.0 KiB, free 434.4 MiB)
[2024-12-03T01:16:46.516+0000] {spark_submit.py:634} INFO - 24/12/03 01:16:46 INFO MemoryStore: Block broadcast_1_piece0 stored as bytes in memory (estimated size 6.0 KiB, free 434.4 MiB)
[2024-12-03T01:16:46.517+0000] {spark_submit.py:634} INFO - 24/12/03 01:16:46 INFO BlockManagerInfo: Added broadcast_1_piece0 in memory on 53f207c7dacd:35789 (size: 6.0 KiB, free: 434.4 MiB)
[2024-12-03T01:16:46.518+0000] {spark_submit.py:634} INFO - 24/12/03 01:16:46 INFO SparkContext: Created broadcast 1 from broadcast at DAGScheduler.scala:1585
[2024-12-03T01:16:46.519+0000] {spark_submit.py:634} INFO - 24/12/03 01:16:46 INFO DAGScheduler: Submitting 2 missing tasks from ResultStage 1 (PythonRDD[5] at collect at /opt/***/jobs/python/wordcountjob.py:11) (first 15 tasks are for partitions Vector(0, 1))
[2024-12-03T01:16:46.520+0000] {spark_submit.py:634} INFO - 24/12/03 01:16:46 INFO TaskSchedulerImpl: Adding task set 1.0 with 2 tasks resource profile 0
[2024-12-03T01:16:46.528+0000] {spark_submit.py:634} INFO - 24/12/03 01:16:46 INFO TaskSetManager: Starting task 0.0 in stage 1.0 (TID 2) (172.18.0.5, executor 0, partition 0, NODE_LOCAL, 8821 bytes)
[2024-12-03T01:16:46.529+0000] {spark_submit.py:634} INFO - 24/12/03 01:16:46 INFO TaskSetManager: Starting task 1.0 in stage 1.0 (TID 3) (172.18.0.5, executor 0, partition 1, NODE_LOCAL, 8821 bytes)
[2024-12-03T01:16:46.555+0000] {spark_submit.py:634} INFO - 24/12/03 01:16:46 INFO BlockManagerInfo: Added broadcast_1_piece0 in memory on 172.18.0.5:41687 (size: 6.0 KiB, free: 434.4 MiB)
[2024-12-03T01:16:46.629+0000] {spark_submit.py:634} INFO - 24/12/03 01:16:46 INFO MapOutputTrackerMasterEndpoint: Asked to send map output locations for shuffle 0 to 172.18.0.5:33746
[2024-12-03T01:16:46.671+0000] {spark_submit.py:634} INFO - 24/12/03 01:16:46 INFO BlockManagerInfo: Removed broadcast_0_piece0 on 53f207c7dacd:35789 in memory (size: 7.0 KiB, free: 434.4 MiB)
[2024-12-03T01:16:46.682+0000] {spark_submit.py:634} INFO - 24/12/03 01:16:46 INFO BlockManagerInfo: Removed broadcast_0_piece0 on 172.18.0.5:41687 in memory (size: 7.0 KiB, free: 434.4 MiB)
[2024-12-03T01:16:46.838+0000] {spark_submit.py:634} INFO - 24/12/03 01:16:46 INFO TaskSetManager: Finished task 0.0 in stage 1.0 (TID 2) in 313 ms on 172.18.0.5 (executor 0) (1/2)
[2024-12-03T01:16:46.840+0000] {spark_submit.py:634} INFO - 24/12/03 01:16:46 INFO TaskSetManager: Finished task 1.0 in stage 1.0 (TID 3) in 311 ms on 172.18.0.5 (executor 0) (2/2)
[2024-12-03T01:16:46.841+0000] {spark_submit.py:634} INFO - 24/12/03 01:16:46 INFO TaskSchedulerImpl: Removed TaskSet 1.0, whose tasks have all completed, from pool
[2024-12-03T01:16:46.843+0000] {spark_submit.py:634} INFO - 24/12/03 01:16:46 INFO DAGScheduler: ResultStage 1 (collect at /opt/***/jobs/python/wordcountjob.py:11) finished in 0.341 s
[2024-12-03T01:16:46.846+0000] {spark_submit.py:634} INFO - 24/12/03 01:16:46 INFO DAGScheduler: Job 0 is finished. Cancelling potential speculative or zombie tasks for this job
[2024-12-03T01:16:46.846+0000] {spark_submit.py:634} INFO - 24/12/03 01:16:46 INFO TaskSchedulerImpl: Killing all running tasks in stage 1: Stage finished
[2024-12-03T01:16:46.848+0000] {spark_submit.py:634} INFO - 24/12/03 01:16:46 INFO DAGScheduler: Job 0 finished: collect at /opt/***/jobs/python/wordcountjob.py:11, took 6.051751 s
[2024-12-03T01:16:46.879+0000] {spark_submit.py:634} INFO - Python 1
[2024-12-03T01:16:46.880+0000] {spark_submit.py:634} INFO - Airflow 1
[2024-12-03T01:16:46.880+0000] {spark_submit.py:634} INFO - Docker 1
[2024-12-03T01:16:46.881+0000] {spark_submit.py:634} INFO - and 1
[2024-12-03T01:16:46.882+0000] {spark_submit.py:634} INFO - Yusuf 1
[2024-12-03T01:16:46.882+0000] {spark_submit.py:634} INFO - Hello 5
[2024-12-03T01:16:46.883+0000] {spark_submit.py:634} INFO - Spark 1
[2024-12-03T01:16:46.883+0000] {spark_submit.py:634} INFO - 24/12/03 01:16:46 INFO SparkContext: SparkContext is stopping with exitCode 0.
[2024-12-03T01:16:46.896+0000] {spark_submit.py:634} INFO - 24/12/03 01:16:46 INFO SparkUI: Stopped Spark web UI at http://53f207c7dacd:4042
[2024-12-03T01:16:46.901+0000] {spark_submit.py:634} INFO - 24/12/03 01:16:46 INFO StandaloneSchedulerBackend: Shutting down all executors
[2024-12-03T01:16:46.902+0000] {spark_submit.py:634} INFO - 24/12/03 01:16:46 INFO StandaloneSchedulerBackend$StandaloneDriverEndpoint: Asking each executor to shut down
[2024-12-03T01:16:46.927+0000] {spark_submit.py:634} INFO - 24/12/03 01:16:46 INFO MapOutputTrackerMasterEndpoint: MapOutputTrackerMasterEndpoint stopped!
[2024-12-03T01:16:46.984+0000] {spark_submit.py:634} INFO - 24/12/03 01:16:46 INFO MemoryStore: MemoryStore cleared
[2024-12-03T01:16:46.988+0000] {spark_submit.py:634} INFO - 24/12/03 01:16:46 INFO BlockManager: BlockManager stopped
[2024-12-03T01:16:46.989+0000] {spark_submit.py:634} INFO - 24/12/03 01:16:46 INFO BlockManagerMaster: BlockManagerMaster stopped
[2024-12-03T01:16:46.992+0000] {spark_submit.py:634} INFO - 24/12/03 01:16:46 INFO OutputCommitCoordinator$OutputCommitCoordinatorEndpoint: OutputCommitCoordinator stopped!
[2024-12-03T01:16:47.006+0000] {spark_submit.py:634} INFO - 24/12/03 01:16:47 INFO SparkContext: Successfully stopped SparkContext
[2024-12-03T01:16:47.931+0000] {spark_submit.py:634} INFO - 24/12/03 01:16:47 INFO ShutdownHookManager: Shutdown hook called
[2024-12-03T01:16:47.936+0000] {spark_submit.py:634} INFO - 24/12/03 01:16:47 INFO ShutdownHookManager: Deleting directory /tmp/spark-b609162c-eb6a-4117-a1b0-d3583e2034ac
[2024-12-03T01:16:47.940+0000] {spark_submit.py:634} INFO - 24/12/03 01:16:47 INFO ShutdownHookManager: Deleting directory /tmp/spark-09058e84-d885-457b-be26-88ef6739f4b6
[2024-12-03T01:16:47.943+0000] {spark_submit.py:634} INFO - 24/12/03 01:16:47 INFO ShutdownHookManager: Deleting directory /tmp/spark-b609162c-eb6a-4117-a1b0-d3583e2034ac/pyspark-30b4f4df-1a91-4f25-b1f8-a605c72a32db
[2024-12-03T01:16:48.024+0000] {taskinstance.py:340} INFO - ::group::Post task execution logs
[2024-12-03T01:16:48.025+0000] {taskinstance.py:352} INFO - Marking task as SUCCESS. dag_id=sparking_flow, task_id=python_job, run_id=scheduled__2024-12-02T00:00:00+00:00, execution_date=20241202T000000, start_date=20241203T011631, end_date=20241203T011648
[2024-12-03T01:16:48.081+0000] {local_task_job_runner.py:266} INFO - Task exited with return code 0
[2024-12-03T01:16:48.116+0000] {taskinstance.py:3895} INFO - 1 downstream tasks scheduled from follow-on schedule check
[2024-12-03T01:16:48.117+0000] {local_task_job_runner.py:245} INFO - ::endgroup::
