[2024-12-02T21:10:48.264+0000] {local_task_job_runner.py:123} INFO - ::group::Pre task execution logs
[2024-12-02T21:10:48.278+0000] {taskinstance.py:2613} INFO - Dependencies all met for dep_context=non-requeueable deps ti=<TaskInstance: sparking_flow.python_job manual__2024-12-02T21:10:46.778274+00:00 [queued]>
[2024-12-02T21:10:48.285+0000] {taskinstance.py:2613} INFO - Dependencies all met for dep_context=requeueable deps ti=<TaskInstance: sparking_flow.python_job manual__2024-12-02T21:10:46.778274+00:00 [queued]>
[2024-12-02T21:10:48.287+0000] {taskinstance.py:2866} INFO - Starting attempt 1 of 1
[2024-12-02T21:10:48.298+0000] {taskinstance.py:2889} INFO - Executing <Task(SparkSubmitOperator): python_job> on 2024-12-02 21:10:46.778274+00:00
[2024-12-02T21:10:48.333+0000] {logging_mixin.py:190} WARNING - /home/***/.local/lib/python3.12/site-packages/***/task/task_runner/standard_task_runner.py:70 DeprecationWarning: This process (pid=1931) is multi-threaded, use of fork() may lead to deadlocks in the child.
[2024-12-02T21:10:48.308+0000] {standard_task_runner.py:104} INFO - Running: ['***', 'tasks', 'run', 'sparking_flow', 'python_job', 'manual__2024-12-02T21:10:46.778274+00:00', '--job-id', '53', '--raw', '--subdir', 'DAGS_FOLDER/spark_***.py', '--cfg-path', '/tmp/tmp6y0x47x3']
[2024-12-02T21:10:48.351+0000] {standard_task_runner.py:72} INFO - Started process 1935 to run task
[2024-12-02T21:10:48.351+0000] {standard_task_runner.py:105} INFO - Job 53: Subtask python_job
[2024-12-02T21:10:48.408+0000] {task_command.py:467} INFO - Running <TaskInstance: sparking_flow.python_job manual__2024-12-02T21:10:46.778274+00:00 [running]> on host 53f207c7dacd
[2024-12-02T21:10:48.469+0000] {taskinstance.py:3132} INFO - Exporting env vars: AIRFLOW_CTX_DAG_OWNER='Yusuf Ganiyu' AIRFLOW_CTX_DAG_ID='sparking_flow' AIRFLOW_CTX_TASK_ID='python_job' AIRFLOW_CTX_EXECUTION_DATE='2024-12-02T21:10:46.778274+00:00' AIRFLOW_CTX_TRY_NUMBER='1' AIRFLOW_CTX_DAG_RUN_ID='manual__2024-12-02T21:10:46.778274+00:00'
[2024-12-02T21:10:48.470+0000] {taskinstance.py:731} INFO - ::endgroup::
[2024-12-02T21:10:48.488+0000] {base.py:84} INFO - Retrieving connection 'spark-conn'
[2024-12-02T21:10:48.489+0000] {spark_submit.py:473} INFO - Spark-Submit cmd: spark-submit --master spark://sparkingflow-spark-master-1:7077 --name arrow-spark --deploy-mode client jobs/python/wordcountjob.py
[2024-12-02T21:10:53.550+0000] {spark_submit.py:634} INFO - 24/12/02 21:10:53 INFO SparkContext: Running Spark version 3.5.3
[2024-12-02T21:10:53.562+0000] {spark_submit.py:634} INFO - 24/12/02 21:10:53 INFO SparkContext: OS info Linux, 6.6.31-linuxkit, aarch64
[2024-12-02T21:10:53.563+0000] {spark_submit.py:634} INFO - 24/12/02 21:10:53 INFO SparkContext: Java version 17.0.13
[2024-12-02T21:10:53.691+0000] {spark_submit.py:634} INFO - 24/12/02 21:10:53 WARN NativeCodeLoader: Unable to load native-hadoop library for your platform... using builtin-java classes where applicable
[2024-12-02T21:10:53.842+0000] {spark_submit.py:634} INFO - 24/12/02 21:10:53 INFO ResourceUtils: ==============================================================
[2024-12-02T21:10:53.843+0000] {spark_submit.py:634} INFO - 24/12/02 21:10:53 INFO ResourceUtils: No custom resources configured for spark.driver.
[2024-12-02T21:10:53.844+0000] {spark_submit.py:634} INFO - 24/12/02 21:10:53 INFO ResourceUtils: ==============================================================
[2024-12-02T21:10:53.844+0000] {spark_submit.py:634} INFO - 24/12/02 21:10:53 INFO SparkContext: Submitted application: PythonWordCount
[2024-12-02T21:10:53.889+0000] {spark_submit.py:634} INFO - 24/12/02 21:10:53 INFO ResourceProfile: Default ResourceProfile created, executor resources: Map(memory -> name: memory, amount: 1024, script: , vendor: , offHeap -> name: offHeap, amount: 0, script: , vendor: ), task resources: Map(cpus -> name: cpus, amount: 1.0)
[2024-12-02T21:10:53.902+0000] {spark_submit.py:634} INFO - 24/12/02 21:10:53 INFO ResourceProfile: Limiting resource is cpu
[2024-12-02T21:10:53.903+0000] {spark_submit.py:634} INFO - 24/12/02 21:10:53 INFO ResourceProfileManager: Added ResourceProfile id: 0
[2024-12-02T21:10:53.997+0000] {spark_submit.py:634} INFO - 24/12/02 21:10:53 INFO SecurityManager: Changing view acls to: ***
[2024-12-02T21:10:54.001+0000] {spark_submit.py:634} INFO - 24/12/02 21:10:53 INFO SecurityManager: Changing modify acls to: ***
[2024-12-02T21:10:54.007+0000] {spark_submit.py:634} INFO - 24/12/02 21:10:54 INFO SecurityManager: Changing view acls groups to:
[2024-12-02T21:10:54.008+0000] {spark_submit.py:634} INFO - 24/12/02 21:10:54 INFO SecurityManager: Changing modify acls groups to:
[2024-12-02T21:10:54.009+0000] {spark_submit.py:634} INFO - 24/12/02 21:10:54 INFO SecurityManager: SecurityManager: authentication disabled; ui acls disabled; users with view permissions: ***; groups with view permissions: EMPTY; users with modify permissions: ***; groups with modify permissions: EMPTY
[2024-12-02T21:10:54.429+0000] {spark_submit.py:634} INFO - 24/12/02 21:10:54 INFO Utils: Successfully started service 'sparkDriver' on port 41593.
[2024-12-02T21:10:54.480+0000] {spark_submit.py:634} INFO - 24/12/02 21:10:54 INFO SparkEnv: Registering MapOutputTracker
[2024-12-02T21:10:54.541+0000] {spark_submit.py:634} INFO - 24/12/02 21:10:54 INFO SparkEnv: Registering BlockManagerMaster
[2024-12-02T21:10:54.572+0000] {spark_submit.py:634} INFO - 24/12/02 21:10:54 INFO BlockManagerMasterEndpoint: Using org.apache.spark.storage.DefaultTopologyMapper for getting topology information
[2024-12-02T21:10:54.574+0000] {spark_submit.py:634} INFO - 24/12/02 21:10:54 INFO BlockManagerMasterEndpoint: BlockManagerMasterEndpoint up
[2024-12-02T21:10:54.582+0000] {spark_submit.py:634} INFO - 24/12/02 21:10:54 INFO SparkEnv: Registering BlockManagerMasterHeartbeat
[2024-12-02T21:10:54.611+0000] {spark_submit.py:634} INFO - 24/12/02 21:10:54 INFO DiskBlockManager: Created local directory at /tmp/blockmgr-87431879-e4f4-4054-9d70-a99c9fa199e6
[2024-12-02T21:10:54.635+0000] {spark_submit.py:634} INFO - 24/12/02 21:10:54 INFO MemoryStore: MemoryStore started with capacity 434.4 MiB
[2024-12-02T21:10:54.658+0000] {spark_submit.py:634} INFO - 24/12/02 21:10:54 INFO SparkEnv: Registering OutputCommitCoordinator
[2024-12-02T21:10:54.833+0000] {spark_submit.py:634} INFO - 24/12/02 21:10:54 INFO JettyUtils: Start Jetty 0.0.0.0:4040 for SparkUI
[2024-12-02T21:10:54.961+0000] {spark_submit.py:634} INFO - 24/12/02 21:10:54 WARN Utils: Service 'SparkUI' could not bind on port 4040. Attempting port 4041.
[2024-12-02T21:10:54.963+0000] {spark_submit.py:634} INFO - 24/12/02 21:10:54 WARN Utils: Service 'SparkUI' could not bind on port 4041. Attempting port 4042.
[2024-12-02T21:10:55.003+0000] {spark_submit.py:634} INFO - 24/12/02 21:10:54 INFO Utils: Successfully started service 'SparkUI' on port 4042.
[2024-12-02T21:10:55.332+0000] {spark_submit.py:634} INFO - 24/12/02 21:10:55 INFO StandaloneAppClient$ClientEndpoint: Connecting to master spark://sparkingflow-spark-master-1:7077...
[2024-12-02T21:10:55.453+0000] {spark_submit.py:634} INFO - 24/12/02 21:10:55 INFO TransportClientFactory: Successfully created connection to sparkingflow-spark-master-1/172.18.0.2:7077 after 59 ms (0 ms spent in bootstraps)
[2024-12-02T21:10:55.656+0000] {spark_submit.py:634} INFO - 24/12/02 21:10:55 INFO StandaloneSchedulerBackend: Connected to Spark cluster with app ID app-20241202211055-0005
[2024-12-02T21:10:55.696+0000] {spark_submit.py:634} INFO - 24/12/02 21:10:55 INFO Utils: Successfully started service 'org.apache.spark.network.netty.NettyBlockTransferService' on port 34825.
[2024-12-02T21:10:55.698+0000] {spark_submit.py:634} INFO - 24/12/02 21:10:55 INFO NettyBlockTransferService: Server created on 53f207c7dacd:34825
[2024-12-02T21:10:55.702+0000] {spark_submit.py:634} INFO - 24/12/02 21:10:55 INFO BlockManager: Using org.apache.spark.storage.RandomBlockReplicationPolicy for block replication policy
[2024-12-02T21:10:55.718+0000] {spark_submit.py:634} INFO - 24/12/02 21:10:55 INFO BlockManagerMaster: Registering BlockManager BlockManagerId(driver, 53f207c7dacd, 34825, None)
[2024-12-02T21:10:55.727+0000] {spark_submit.py:634} INFO - 24/12/02 21:10:55 INFO BlockManagerMasterEndpoint: Registering block manager 53f207c7dacd:34825 with 434.4 MiB RAM, BlockManagerId(driver, 53f207c7dacd, 34825, None)
[2024-12-02T21:10:55.735+0000] {spark_submit.py:634} INFO - 24/12/02 21:10:55 INFO BlockManagerMaster: Registered BlockManager BlockManagerId(driver, 53f207c7dacd, 34825, None)
[2024-12-02T21:10:55.737+0000] {spark_submit.py:634} INFO - 24/12/02 21:10:55 INFO BlockManager: Initialized BlockManager: BlockManagerId(driver, 53f207c7dacd, 34825, None)
[2024-12-02T21:10:56.133+0000] {spark_submit.py:634} INFO - 24/12/02 21:10:56 INFO StandaloneSchedulerBackend: SchedulerBackend is ready for scheduling beginning after reached minRegisteredResourcesRatio: 0.0
[2024-12-02T21:10:56.825+0000] {spark_submit.py:634} INFO - 24/12/02 21:10:56 INFO SparkContext: Starting job: collect at /opt/***/jobs/python/wordcountjob.py:11
[2024-12-02T21:10:56.854+0000] {spark_submit.py:634} INFO - 24/12/02 21:10:56 INFO DAGScheduler: Registering RDD 2 (reduceByKey at /opt/***/jobs/python/wordcountjob.py:9) as input to shuffle 0
[2024-12-02T21:10:56.860+0000] {spark_submit.py:634} INFO - 24/12/02 21:10:56 INFO DAGScheduler: Got job 0 (collect at /opt/***/jobs/python/wordcountjob.py:11) with 2 output partitions
[2024-12-02T21:10:56.860+0000] {spark_submit.py:634} INFO - 24/12/02 21:10:56 INFO DAGScheduler: Final stage: ResultStage 1 (collect at /opt/***/jobs/python/wordcountjob.py:11)
[2024-12-02T21:10:56.861+0000] {spark_submit.py:634} INFO - 24/12/02 21:10:56 INFO DAGScheduler: Parents of final stage: List(ShuffleMapStage 0)
[2024-12-02T21:10:56.862+0000] {spark_submit.py:634} INFO - 24/12/02 21:10:56 INFO DAGScheduler: Missing parents: List(ShuffleMapStage 0)
[2024-12-02T21:10:56.867+0000] {spark_submit.py:634} INFO - 24/12/02 21:10:56 INFO DAGScheduler: Submitting ShuffleMapStage 0 (PairwiseRDD[2] at reduceByKey at /opt/***/jobs/python/wordcountjob.py:9), which has no missing parents
[2024-12-02T21:10:56.956+0000] {spark_submit.py:634} INFO - 24/12/02 21:10:56 INFO MemoryStore: Block broadcast_0 stored as values in memory (estimated size 10.9 KiB, free 434.4 MiB)
[2024-12-02T21:10:56.998+0000] {spark_submit.py:634} INFO - 24/12/02 21:10:56 INFO MemoryStore: Block broadcast_0_piece0 stored as bytes in memory (estimated size 7.0 KiB, free 434.4 MiB)
[2024-12-02T21:10:57.000+0000] {spark_submit.py:634} INFO - 24/12/02 21:10:57 INFO BlockManagerInfo: Added broadcast_0_piece0 in memory on 53f207c7dacd:34825 (size: 7.0 KiB, free: 434.4 MiB)
[2024-12-02T21:10:57.004+0000] {spark_submit.py:634} INFO - 24/12/02 21:10:57 INFO SparkContext: Created broadcast 0 from broadcast at DAGScheduler.scala:1585
[2024-12-02T21:10:57.019+0000] {spark_submit.py:634} INFO - 24/12/02 21:10:57 INFO DAGScheduler: Submitting 2 missing tasks from ShuffleMapStage 0 (PairwiseRDD[2] at reduceByKey at /opt/***/jobs/python/wordcountjob.py:9) (first 15 tasks are for partitions Vector(0, 1))
[2024-12-02T21:10:57.022+0000] {spark_submit.py:634} INFO - 24/12/02 21:10:57 INFO TaskSchedulerImpl: Adding task set 0.0 with 2 tasks resource profile 0
[2024-12-02T21:10:58.860+0000] {spark_submit.py:634} INFO - 24/12/02 21:10:58 INFO StandaloneAppClient$ClientEndpoint: Executor added: app-20241202211055-0005/0 on worker-20241202210502-172.18.0.5-43523 (172.18.0.5:43523) with 2 core(s)
[2024-12-02T21:10:58.862+0000] {spark_submit.py:634} INFO - 24/12/02 21:10:58 INFO StandaloneSchedulerBackend: Granted executor ID app-20241202211055-0005/0 on hostPort 172.18.0.5:43523 with 2 core(s), 1024.0 MiB RAM
[2024-12-02T21:10:58.920+0000] {spark_submit.py:634} INFO - 24/12/02 21:10:58 INFO StandaloneAppClient$ClientEndpoint: Executor updated: app-20241202211055-0005/0 is now RUNNING
[2024-12-02T21:11:00.829+0000] {spark_submit.py:634} INFO - 24/12/02 21:11:00 INFO StandaloneSchedulerBackend$StandaloneDriverEndpoint: Registered executor NettyRpcEndpointRef(spark-client://Executor) (172.18.0.5:36566) with ID 0,  ResourceProfileId 0
[2024-12-02T21:11:00.901+0000] {spark_submit.py:634} INFO - 24/12/02 21:11:00 INFO BlockManagerMasterEndpoint: Registering block manager 172.18.0.5:45335 with 434.4 MiB RAM, BlockManagerId(0, 172.18.0.5, 45335, None)
[2024-12-02T21:11:00.954+0000] {spark_submit.py:634} INFO - 24/12/02 21:11:00 INFO TaskSetManager: Starting task 0.0 in stage 0.0 (TID 0) (172.18.0.5, executor 0, partition 0, PROCESS_LOCAL, 9039 bytes)
[2024-12-02T21:11:00.958+0000] {spark_submit.py:634} INFO - 24/12/02 21:11:00 INFO TaskSetManager: Starting task 1.0 in stage 0.0 (TID 1) (172.18.0.5, executor 0, partition 1, PROCESS_LOCAL, 9072 bytes)
[2024-12-02T21:11:01.151+0000] {spark_submit.py:634} INFO - 24/12/02 21:11:01 INFO BlockManagerInfo: Added broadcast_0_piece0 in memory on 172.18.0.5:45335 (size: 7.0 KiB, free: 434.4 MiB)
[2024-12-02T21:11:02.342+0000] {spark_submit.py:634} INFO - 24/12/02 21:11:02 INFO TaskSetManager: Finished task 0.0 in stage 0.0 (TID 0) in 1400 ms on 172.18.0.5 (executor 0) (1/2)
[2024-12-02T21:11:02.343+0000] {spark_submit.py:634} INFO - 24/12/02 21:11:02 INFO TaskSetManager: Finished task 1.0 in stage 0.0 (TID 1) in 1385 ms on 172.18.0.5 (executor 0) (2/2)
[2024-12-02T21:11:02.344+0000] {spark_submit.py:634} INFO - 24/12/02 21:11:02 INFO TaskSchedulerImpl: Removed TaskSet 0.0, whose tasks have all completed, from pool
[2024-12-02T21:11:02.350+0000] {spark_submit.py:634} INFO - 24/12/02 21:11:02 INFO PythonAccumulatorV2: Connected to AccumulatorServer at host: 127.0.0.1 port: 38667
[2024-12-02T21:11:02.356+0000] {spark_submit.py:634} INFO - 24/12/02 21:11:02 INFO DAGScheduler: ShuffleMapStage 0 (reduceByKey at /opt/***/jobs/python/wordcountjob.py:9) finished in 5.471 s
[2024-12-02T21:11:02.359+0000] {spark_submit.py:634} INFO - 24/12/02 21:11:02 INFO DAGScheduler: looking for newly runnable stages
[2024-12-02T21:11:02.360+0000] {spark_submit.py:634} INFO - 24/12/02 21:11:02 INFO DAGScheduler: running: Set()
[2024-12-02T21:11:02.360+0000] {spark_submit.py:634} INFO - 24/12/02 21:11:02 INFO DAGScheduler: waiting: Set(ResultStage 1)
[2024-12-02T21:11:02.361+0000] {spark_submit.py:634} INFO - 24/12/02 21:11:02 INFO DAGScheduler: failed: Set()
[2024-12-02T21:11:02.361+0000] {spark_submit.py:634} INFO - 24/12/02 21:11:02 INFO DAGScheduler: Submitting ResultStage 1 (PythonRDD[5] at collect at /opt/***/jobs/python/wordcountjob.py:11), which has no missing parents
[2024-12-02T21:11:02.370+0000] {spark_submit.py:634} INFO - 24/12/02 21:11:02 INFO MemoryStore: Block broadcast_1 stored as values in memory (estimated size 10.0 KiB, free 434.4 MiB)
[2024-12-02T21:11:02.384+0000] {spark_submit.py:634} INFO - 24/12/02 21:11:02 INFO MemoryStore: Block broadcast_1_piece0 stored as bytes in memory (estimated size 6.0 KiB, free 434.4 MiB)
[2024-12-02T21:11:02.385+0000] {spark_submit.py:634} INFO - 24/12/02 21:11:02 INFO BlockManagerInfo: Added broadcast_1_piece0 in memory on 53f207c7dacd:34825 (size: 6.0 KiB, free: 434.4 MiB)
[2024-12-02T21:11:02.385+0000] {spark_submit.py:634} INFO - 24/12/02 21:11:02 INFO SparkContext: Created broadcast 1 from broadcast at DAGScheduler.scala:1585
[2024-12-02T21:11:02.387+0000] {spark_submit.py:634} INFO - 24/12/02 21:11:02 INFO DAGScheduler: Submitting 2 missing tasks from ResultStage 1 (PythonRDD[5] at collect at /opt/***/jobs/python/wordcountjob.py:11) (first 15 tasks are for partitions Vector(0, 1))
[2024-12-02T21:11:02.388+0000] {spark_submit.py:634} INFO - 24/12/02 21:11:02 INFO TaskSchedulerImpl: Adding task set 1.0 with 2 tasks resource profile 0
[2024-12-02T21:11:02.394+0000] {spark_submit.py:634} INFO - 24/12/02 21:11:02 INFO TaskSetManager: Starting task 0.0 in stage 1.0 (TID 2) (172.18.0.5, executor 0, partition 0, NODE_LOCAL, 8821 bytes)
[2024-12-02T21:11:02.397+0000] {spark_submit.py:634} INFO - 24/12/02 21:11:02 INFO TaskSetManager: Starting task 1.0 in stage 1.0 (TID 3) (172.18.0.5, executor 0, partition 1, NODE_LOCAL, 8821 bytes)
[2024-12-02T21:11:02.420+0000] {spark_submit.py:634} INFO - 24/12/02 21:11:02 INFO BlockManagerInfo: Added broadcast_1_piece0 in memory on 172.18.0.5:45335 (size: 6.0 KiB, free: 434.4 MiB)
[2024-12-02T21:11:02.490+0000] {spark_submit.py:634} INFO - 24/12/02 21:11:02 INFO MapOutputTrackerMasterEndpoint: Asked to send map output locations for shuffle 0 to 172.18.0.5:36566
[2024-12-02T21:11:02.514+0000] {spark_submit.py:634} INFO - 24/12/02 21:11:02 INFO BlockManagerInfo: Removed broadcast_0_piece0 on 53f207c7dacd:34825 in memory (size: 7.0 KiB, free: 434.4 MiB)
[2024-12-02T21:11:02.523+0000] {spark_submit.py:634} INFO - 24/12/02 21:11:02 INFO BlockManagerInfo: Removed broadcast_0_piece0 on 172.18.0.5:45335 in memory (size: 7.0 KiB, free: 434.4 MiB)
[2024-12-02T21:11:02.667+0000] {spark_submit.py:634} INFO - 24/12/02 21:11:02 INFO TaskSetManager: Finished task 1.0 in stage 1.0 (TID 3) in 271 ms on 172.18.0.5 (executor 0) (1/2)
[2024-12-02T21:11:02.668+0000] {spark_submit.py:634} INFO - 24/12/02 21:11:02 INFO TaskSetManager: Finished task 0.0 in stage 1.0 (TID 2) in 275 ms on 172.18.0.5 (executor 0) (2/2)
[2024-12-02T21:11:02.669+0000] {spark_submit.py:634} INFO - 24/12/02 21:11:02 INFO TaskSchedulerImpl: Removed TaskSet 1.0, whose tasks have all completed, from pool
[2024-12-02T21:11:02.672+0000] {spark_submit.py:634} INFO - 24/12/02 21:11:02 INFO DAGScheduler: ResultStage 1 (collect at /opt/***/jobs/python/wordcountjob.py:11) finished in 0.304 s
[2024-12-02T21:11:02.676+0000] {spark_submit.py:634} INFO - 24/12/02 21:11:02 INFO DAGScheduler: Job 0 is finished. Cancelling potential speculative or zombie tasks for this job
[2024-12-02T21:11:02.677+0000] {spark_submit.py:634} INFO - 24/12/02 21:11:02 INFO TaskSchedulerImpl: Killing all running tasks in stage 1: Stage finished
[2024-12-02T21:11:02.680+0000] {spark_submit.py:634} INFO - 24/12/02 21:11:02 INFO DAGScheduler: Job 0 finished: collect at /opt/***/jobs/python/wordcountjob.py:11, took 5.854171 s
[2024-12-02T21:11:02.712+0000] {spark_submit.py:634} INFO - Python 1
[2024-12-02T21:11:02.712+0000] {spark_submit.py:634} INFO - Airflow 1
[2024-12-02T21:11:02.713+0000] {spark_submit.py:634} INFO - Docker 1
[2024-12-02T21:11:02.713+0000] {spark_submit.py:634} INFO - and 1
[2024-12-02T21:11:02.713+0000] {spark_submit.py:634} INFO - Yusuf 1
[2024-12-02T21:11:02.713+0000] {spark_submit.py:634} INFO - Hello 5
[2024-12-02T21:11:02.714+0000] {spark_submit.py:634} INFO - Spark 1
[2024-12-02T21:11:02.714+0000] {spark_submit.py:634} INFO - 24/12/02 21:11:02 INFO SparkContext: SparkContext is stopping with exitCode 0.
[2024-12-02T21:11:02.722+0000] {spark_submit.py:634} INFO - 24/12/02 21:11:02 INFO SparkUI: Stopped Spark web UI at http://53f207c7dacd:4042
[2024-12-02T21:11:02.725+0000] {spark_submit.py:634} INFO - 24/12/02 21:11:02 INFO StandaloneSchedulerBackend: Shutting down all executors
[2024-12-02T21:11:02.725+0000] {spark_submit.py:634} INFO - 24/12/02 21:11:02 INFO StandaloneSchedulerBackend$StandaloneDriverEndpoint: Asking each executor to shut down
[2024-12-02T21:11:02.754+0000] {spark_submit.py:634} INFO - 24/12/02 21:11:02 INFO MapOutputTrackerMasterEndpoint: MapOutputTrackerMasterEndpoint stopped!
[2024-12-02T21:11:02.781+0000] {spark_submit.py:634} INFO - 24/12/02 21:11:02 INFO MemoryStore: MemoryStore cleared
[2024-12-02T21:11:02.782+0000] {spark_submit.py:634} INFO - 24/12/02 21:11:02 INFO BlockManager: BlockManager stopped
[2024-12-02T21:11:02.785+0000] {spark_submit.py:634} INFO - 24/12/02 21:11:02 INFO BlockManagerMaster: BlockManagerMaster stopped
[2024-12-02T21:11:02.788+0000] {spark_submit.py:634} INFO - 24/12/02 21:11:02 INFO OutputCommitCoordinator$OutputCommitCoordinatorEndpoint: OutputCommitCoordinator stopped!
[2024-12-02T21:11:02.801+0000] {spark_submit.py:634} INFO - 24/12/02 21:11:02 INFO SparkContext: Successfully stopped SparkContext
[2024-12-02T21:11:03.739+0000] {spark_submit.py:634} INFO - 24/12/02 21:11:03 INFO ShutdownHookManager: Shutdown hook called
[2024-12-02T21:11:03.740+0000] {spark_submit.py:634} INFO - 24/12/02 21:11:03 INFO ShutdownHookManager: Deleting directory /tmp/spark-8137faf2-3cfa-4346-bfb4-452d8616fe44
[2024-12-02T21:11:03.743+0000] {spark_submit.py:634} INFO - 24/12/02 21:11:03 INFO ShutdownHookManager: Deleting directory /tmp/spark-1d39eda3-4b80-420d-ba9d-2a3d807225eb/pyspark-d6add4fc-72e5-4dba-a12c-6535fca2c64c
[2024-12-02T21:11:03.746+0000] {spark_submit.py:634} INFO - 24/12/02 21:11:03 INFO ShutdownHookManager: Deleting directory /tmp/spark-1d39eda3-4b80-420d-ba9d-2a3d807225eb
[2024-12-02T21:11:03.801+0000] {taskinstance.py:340} INFO - ::group::Post task execution logs
[2024-12-02T21:11:03.801+0000] {taskinstance.py:352} INFO - Marking task as SUCCESS. dag_id=sparking_flow, task_id=python_job, run_id=manual__2024-12-02T21:10:46.778274+00:00, execution_date=20241202T211046, start_date=20241202T211048, end_date=20241202T211103
[2024-12-02T21:11:03.857+0000] {local_task_job_runner.py:266} INFO - Task exited with return code 0
[2024-12-02T21:11:03.888+0000] {taskinstance.py:3895} INFO - 1 downstream tasks scheduled from follow-on schedule check
[2024-12-02T21:11:03.889+0000] {local_task_job_runner.py:245} INFO - ::endgroup::
