[2024-12-06T00:18:04.541+0000] {local_task_job_runner.py:123} INFO - ::group::Pre task execution logs
[2024-12-06T00:18:04.590+0000] {taskinstance.py:2613} INFO - Dependencies all met for dep_context=non-requeueable deps ti=<TaskInstance: sparking_flow.scala_job scheduled__2024-12-05T00:00:00+00:00 [queued]>
[2024-12-06T00:18:04.606+0000] {taskinstance.py:2613} INFO - Dependencies all met for dep_context=requeueable deps ti=<TaskInstance: sparking_flow.scala_job scheduled__2024-12-05T00:00:00+00:00 [queued]>
[2024-12-06T00:18:04.607+0000] {taskinstance.py:2866} INFO - Starting attempt 1 of 1
[2024-12-06T00:18:04.638+0000] {taskinstance.py:2889} INFO - Executing <Task(SparkSubmitOperator): scala_job> on 2024-12-05 00:00:00+00:00
[2024-12-06T00:18:04.673+0000] {logging_mixin.py:190} WARNING - /home/***/.local/lib/python3.12/site-packages/***/task/task_runner/standard_task_runner.py:70 DeprecationWarning: This process (pid=1538) is multi-threaded, use of fork() may lead to deadlocks in the child.
[2024-12-06T00:18:04.676+0000] {standard_task_runner.py:72} INFO - Started process 1541 to run task
[2024-12-06T00:18:04.681+0000] {standard_task_runner.py:104} INFO - Running: ['***', 'tasks', 'run', 'sparking_flow', 'scala_job', 'scheduled__2024-12-05T00:00:00+00:00', '--job-id', '127', '--raw', '--subdir', 'DAGS_FOLDER/spark_***.py', '--cfg-path', '/tmp/tmpo0r9r12n']
[2024-12-06T00:18:04.695+0000] {standard_task_runner.py:105} INFO - Job 127: Subtask scala_job
[2024-12-06T00:18:04.902+0000] {task_command.py:467} INFO - Running <TaskInstance: sparking_flow.scala_job scheduled__2024-12-05T00:00:00+00:00 [running]> on host 2a892a3469ec
[2024-12-06T00:18:05.064+0000] {taskinstance.py:3132} INFO - Exporting env vars: AIRFLOW_CTX_DAG_OWNER='Yusuf Ganiyu' AIRFLOW_CTX_DAG_ID='sparking_flow' AIRFLOW_CTX_TASK_ID='scala_job' AIRFLOW_CTX_EXECUTION_DATE='2024-12-05T00:00:00+00:00' AIRFLOW_CTX_TRY_NUMBER='1' AIRFLOW_CTX_DAG_RUN_ID='scheduled__2024-12-05T00:00:00+00:00'
[2024-12-06T00:18:05.066+0000] {taskinstance.py:731} INFO - ::endgroup::
[2024-12-06T00:18:05.100+0000] {base.py:84} INFO - Retrieving connection 'spark-conn'
[2024-12-06T00:18:05.101+0000] {spark_submit.py:473} INFO - Spark-Submit cmd: spark-submit --master spark://sparkingflow-spark-master-1:7077 --name arrow-spark --deploy-mode client jobs/scala/target/scala-2.12/word-count_2.12-0.1.jar
[2024-12-06T00:18:08.417+0000] {spark_submit.py:634} INFO - 24/12/06 00:18:08 WARN NativeCodeLoader: Unable to load native-hadoop library for your platform... using builtin-java classes where applicable
[2024-12-06T00:18:08.782+0000] {spark_submit.py:634} INFO - 24/12/06 00:18:08 INFO SparkContext: Running Spark version 3.5.3
[2024-12-06T00:18:08.786+0000] {spark_submit.py:634} INFO - 24/12/06 00:18:08 INFO SparkContext: OS info Linux, 6.10.14-linuxkit, aarch64
[2024-12-06T00:18:08.787+0000] {spark_submit.py:634} INFO - 24/12/06 00:18:08 INFO SparkContext: Java version 17.0.13
[2024-12-06T00:18:08.834+0000] {spark_submit.py:634} INFO - 24/12/06 00:18:08 INFO ResourceUtils: ==============================================================
[2024-12-06T00:18:08.835+0000] {spark_submit.py:634} INFO - 24/12/06 00:18:08 INFO ResourceUtils: No custom resources configured for spark.driver.
[2024-12-06T00:18:08.835+0000] {spark_submit.py:634} INFO - 24/12/06 00:18:08 INFO ResourceUtils: ==============================================================
[2024-12-06T00:18:08.836+0000] {spark_submit.py:634} INFO - 24/12/06 00:18:08 INFO SparkContext: Submitted application: Word Count
[2024-12-06T00:18:08.866+0000] {spark_submit.py:634} INFO - 24/12/06 00:18:08 INFO ResourceProfile: Default ResourceProfile created, executor resources: Map(memory -> name: memory, amount: 1024, script: , vendor: , offHeap -> name: offHeap, amount: 0, script: , vendor: ), task resources: Map(cpus -> name: cpus, amount: 1.0)
[2024-12-06T00:18:08.878+0000] {spark_submit.py:634} INFO - 24/12/06 00:18:08 INFO ResourceProfile: Limiting resource is cpu
[2024-12-06T00:18:08.879+0000] {spark_submit.py:634} INFO - 24/12/06 00:18:08 INFO ResourceProfileManager: Added ResourceProfile id: 0
[2024-12-06T00:18:08.941+0000] {spark_submit.py:634} INFO - 24/12/06 00:18:08 INFO SecurityManager: Changing view acls to: ***
[2024-12-06T00:18:08.945+0000] {spark_submit.py:634} INFO - 24/12/06 00:18:08 INFO SecurityManager: Changing modify acls to: ***
[2024-12-06T00:18:08.946+0000] {spark_submit.py:634} INFO - 24/12/06 00:18:08 INFO SecurityManager: Changing view acls groups to:
[2024-12-06T00:18:08.946+0000] {spark_submit.py:634} INFO - 24/12/06 00:18:08 INFO SecurityManager: Changing modify acls groups to:
[2024-12-06T00:18:08.947+0000] {spark_submit.py:634} INFO - 24/12/06 00:18:08 INFO SecurityManager: SecurityManager: authentication disabled; ui acls disabled; users with view permissions: ***; groups with view permissions: EMPTY; users with modify permissions: ***; groups with modify permissions: EMPTY
[2024-12-06T00:18:09.234+0000] {spark_submit.py:634} INFO - 24/12/06 00:18:09 INFO Utils: Successfully started service 'sparkDriver' on port 38413.
[2024-12-06T00:18:09.260+0000] {spark_submit.py:634} INFO - 24/12/06 00:18:09 INFO SparkEnv: Registering MapOutputTracker
[2024-12-06T00:18:09.296+0000] {spark_submit.py:634} INFO - 24/12/06 00:18:09 INFO SparkEnv: Registering BlockManagerMaster
[2024-12-06T00:18:09.314+0000] {spark_submit.py:634} INFO - 24/12/06 00:18:09 INFO BlockManagerMasterEndpoint: Using org.apache.spark.storage.DefaultTopologyMapper for getting topology information
[2024-12-06T00:18:09.314+0000] {spark_submit.py:634} INFO - 24/12/06 00:18:09 INFO BlockManagerMasterEndpoint: BlockManagerMasterEndpoint up
[2024-12-06T00:18:09.318+0000] {spark_submit.py:634} INFO - 24/12/06 00:18:09 INFO SparkEnv: Registering BlockManagerMasterHeartbeat
[2024-12-06T00:18:09.339+0000] {spark_submit.py:634} INFO - 24/12/06 00:18:09 INFO DiskBlockManager: Created local directory at /tmp/blockmgr-554f8ed6-06ae-49bf-81c0-26ccbfa81cff
[2024-12-06T00:18:09.364+0000] {spark_submit.py:634} INFO - 24/12/06 00:18:09 INFO MemoryStore: MemoryStore started with capacity 434.4 MiB
[2024-12-06T00:18:09.403+0000] {spark_submit.py:634} INFO - 24/12/06 00:18:09 INFO SparkEnv: Registering OutputCommitCoordinator
[2024-12-06T00:18:09.561+0000] {spark_submit.py:634} INFO - 24/12/06 00:18:09 INFO JettyUtils: Start Jetty 0.0.0.0:4040 for SparkUI
[2024-12-06T00:18:09.639+0000] {spark_submit.py:634} INFO - 24/12/06 00:18:09 WARN Utils: Service 'SparkUI' could not bind on port 4040. Attempting port 4041.
[2024-12-06T00:18:09.653+0000] {spark_submit.py:634} INFO - 24/12/06 00:18:09 INFO Utils: Successfully started service 'SparkUI' on port 4041.
[2024-12-06T00:18:09.698+0000] {spark_submit.py:634} INFO - 24/12/06 00:18:09 INFO SparkContext: Added JAR file:/opt/***/jobs/scala/target/scala-2.12/word-count_2.12-0.1.jar at spark://2a892a3469ec:38413/jars/word-count_2.12-0.1.jar with timestamp 1733444288773
[2024-12-06T00:18:09.910+0000] {spark_submit.py:634} INFO - 24/12/06 00:18:09 INFO StandaloneAppClient$ClientEndpoint: Connecting to master spark://spark-master:7077...
[2024-12-06T00:18:09.973+0000] {spark_submit.py:634} INFO - 24/12/06 00:18:09 INFO TransportClientFactory: Successfully created connection to spark-master/172.18.0.4:7077 after 29 ms (0 ms spent in bootstraps)
[2024-12-06T00:18:10.107+0000] {spark_submit.py:634} INFO - 24/12/06 00:18:10 INFO StandaloneSchedulerBackend: Connected to Spark cluster with app ID app-20241206001810-0004
[2024-12-06T00:18:10.113+0000] {spark_submit.py:634} INFO - 24/12/06 00:18:10 INFO StandaloneAppClient$ClientEndpoint: Executor added: app-20241206001810-0004/0 on worker-20241204170210-172.18.0.6-42515 (172.18.0.6:42515) with 2 core(s)
[2024-12-06T00:18:10.126+0000] {spark_submit.py:634} INFO - 24/12/06 00:18:10 INFO StandaloneSchedulerBackend: Granted executor ID app-20241206001810-0004/0 on hostPort 172.18.0.6:42515 with 2 core(s), 1024.0 MiB RAM
[2024-12-06T00:18:10.134+0000] {spark_submit.py:634} INFO - 24/12/06 00:18:10 INFO Utils: Successfully started service 'org.apache.spark.network.netty.NettyBlockTransferService' on port 39485.
[2024-12-06T00:18:10.135+0000] {spark_submit.py:634} INFO - 24/12/06 00:18:10 INFO NettyBlockTransferService: Server created on 2a892a3469ec:39485
[2024-12-06T00:18:10.138+0000] {spark_submit.py:634} INFO - 24/12/06 00:18:10 INFO BlockManager: Using org.apache.spark.storage.RandomBlockReplicationPolicy for block replication policy
[2024-12-06T00:18:10.150+0000] {spark_submit.py:634} INFO - 24/12/06 00:18:10 INFO BlockManagerMaster: Registering BlockManager BlockManagerId(driver, 2a892a3469ec, 39485, None)
[2024-12-06T00:18:10.156+0000] {spark_submit.py:634} INFO - 24/12/06 00:18:10 INFO BlockManagerMasterEndpoint: Registering block manager 2a892a3469ec:39485 with 434.4 MiB RAM, BlockManagerId(driver, 2a892a3469ec, 39485, None)
[2024-12-06T00:18:10.159+0000] {spark_submit.py:634} INFO - 24/12/06 00:18:10 INFO BlockManagerMaster: Registered BlockManager BlockManagerId(driver, 2a892a3469ec, 39485, None)
[2024-12-06T00:18:10.161+0000] {spark_submit.py:634} INFO - 24/12/06 00:18:10 INFO BlockManager: Initialized BlockManager: BlockManagerId(driver, 2a892a3469ec, 39485, None)
[2024-12-06T00:18:10.246+0000] {spark_submit.py:634} INFO - 24/12/06 00:18:10 INFO StandaloneAppClient$ClientEndpoint: Executor updated: app-20241206001810-0004/0 is now RUNNING
[2024-12-06T00:18:10.659+0000] {spark_submit.py:634} INFO - 24/12/06 00:18:10 INFO StandaloneSchedulerBackend: SchedulerBackend is ready for scheduling beginning after reached minRegisteredResourcesRatio: 0.0
[2024-12-06T00:18:11.932+0000] {spark_submit.py:634} INFO - 24/12/06 00:18:11 INFO SparkContext: Starting job: collect at wordcount.scala:14
[2024-12-06T00:18:12.938+0000] {spark_submit.py:634} INFO - 24/12/06 00:18:12 INFO DAGScheduler: Registering RDD 2 (map at wordcount.scala:11) as input to shuffle 0
[2024-12-06T00:18:12.964+0000] {spark_submit.py:634} INFO - 24/12/06 00:18:12 INFO DAGScheduler: Got job 0 (collect at wordcount.scala:14) with 2 output partitions
[2024-12-06T00:18:12.968+0000] {spark_submit.py:634} INFO - 24/12/06 00:18:12 INFO DAGScheduler: Final stage: ResultStage 1 (collect at wordcount.scala:14)
[2024-12-06T00:18:12.985+0000] {spark_submit.py:634} INFO - 24/12/06 00:18:12 INFO DAGScheduler: Parents of final stage: List(ShuffleMapStage 0)
[2024-12-06T00:18:12.988+0000] {spark_submit.py:634} INFO - 24/12/06 00:18:12 INFO DAGScheduler: Missing parents: List(ShuffleMapStage 0)
[2024-12-06T00:18:12.991+0000] {spark_submit.py:634} INFO - 24/12/06 00:18:12 INFO DAGScheduler: Submitting ShuffleMapStage 0 (MapPartitionsRDD[2] at map at wordcount.scala:11), which has no missing parents
[2024-12-06T00:18:13.242+0000] {spark_submit.py:634} INFO - 24/12/06 00:18:13 INFO MemoryStore: Block broadcast_0 stored as values in memory (estimated size 5.5 KiB, free 434.4 MiB)
[2024-12-06T00:18:13.367+0000] {spark_submit.py:634} INFO - 24/12/06 00:18:13 INFO MemoryStore: Block broadcast_0_piece0 stored as bytes in memory (estimated size 3.2 KiB, free 434.4 MiB)
[2024-12-06T00:18:13.408+0000] {spark_submit.py:634} INFO - 24/12/06 00:18:13 INFO BlockManagerInfo: Added broadcast_0_piece0 in memory on 2a892a3469ec:39485 (size: 3.2 KiB, free: 434.4 MiB)
[2024-12-06T00:18:13.414+0000] {spark_submit.py:634} INFO - 24/12/06 00:18:13 INFO SparkContext: Created broadcast 0 from broadcast at DAGScheduler.scala:1585
[2024-12-06T00:18:13.543+0000] {spark_submit.py:634} INFO - 24/12/06 00:18:13 INFO DAGScheduler: Submitting 2 missing tasks from ShuffleMapStage 0 (MapPartitionsRDD[2] at map at wordcount.scala:11) (first 15 tasks are for partitions Vector(0, 1))
[2024-12-06T00:18:13.557+0000] {spark_submit.py:634} INFO - 24/12/06 00:18:13 INFO TaskSchedulerImpl: Adding task set 0.0 with 2 tasks resource profile 0
[2024-12-06T00:18:16.745+0000] {spark_submit.py:634} INFO - 24/12/06 00:18:16 INFO StandaloneSchedulerBackend$StandaloneDriverEndpoint: Registered executor NettyRpcEndpointRef(spark-client://Executor) (172.18.0.6:41152) with ID 0,  ResourceProfileId 0
[2024-12-06T00:18:16.958+0000] {spark_submit.py:634} INFO - 24/12/06 00:18:16 INFO BlockManagerMasterEndpoint: Registering block manager 172.18.0.6:44129 with 434.4 MiB RAM, BlockManagerId(0, 172.18.0.6, 44129, None)
[2024-12-06T00:18:17.191+0000] {spark_submit.py:634} INFO - 24/12/06 00:18:17 INFO TaskSetManager: Starting task 0.0 in stage 0.0 (TID 0) (172.18.0.6, executor 0, partition 0, PROCESS_LOCAL, 9198 bytes)
[2024-12-06T00:18:17.200+0000] {spark_submit.py:634} INFO - 24/12/06 00:18:17 INFO TaskSetManager: Starting task 1.0 in stage 0.0 (TID 1) (172.18.0.6, executor 0, partition 1, PROCESS_LOCAL, 9213 bytes)
[2024-12-06T00:18:17.515+0000] {spark_submit.py:634} INFO - 24/12/06 00:18:17 INFO BlockManagerInfo: Added broadcast_0_piece0 in memory on 172.18.0.6:44129 (size: 3.2 KiB, free: 434.4 MiB)
[2024-12-06T00:18:18.273+0000] {spark_submit.py:634} INFO - 24/12/06 00:18:18 INFO TaskSetManager: Finished task 1.0 in stage 0.0 (TID 1) in 1070 ms on 172.18.0.6 (executor 0) (1/2)
[2024-12-06T00:18:18.276+0000] {spark_submit.py:634} INFO - 24/12/06 00:18:18 INFO TaskSetManager: Finished task 0.0 in stage 0.0 (TID 0) in 1104 ms on 172.18.0.6 (executor 0) (2/2)
[2024-12-06T00:18:18.279+0000] {spark_submit.py:634} INFO - 24/12/06 00:18:18 INFO TaskSchedulerImpl: Removed TaskSet 0.0, whose tasks have all completed, from pool
[2024-12-06T00:18:18.287+0000] {spark_submit.py:634} INFO - 24/12/06 00:18:18 INFO DAGScheduler: ShuffleMapStage 0 (map at wordcount.scala:11) finished in 5.236 s
[2024-12-06T00:18:18.288+0000] {spark_submit.py:634} INFO - 24/12/06 00:18:18 INFO DAGScheduler: looking for newly runnable stages
[2024-12-06T00:18:18.288+0000] {spark_submit.py:634} INFO - 24/12/06 00:18:18 INFO DAGScheduler: running: Set()
[2024-12-06T00:18:18.289+0000] {spark_submit.py:634} INFO - 24/12/06 00:18:18 INFO DAGScheduler: waiting: Set(ResultStage 1)
[2024-12-06T00:18:18.289+0000] {spark_submit.py:634} INFO - 24/12/06 00:18:18 INFO DAGScheduler: failed: Set()
[2024-12-06T00:18:18.295+0000] {spark_submit.py:634} INFO - 24/12/06 00:18:18 INFO DAGScheduler: Submitting ResultStage 1 (ShuffledRDD[3] at reduceByKey at wordcount.scala:12), which has no missing parents
[2024-12-06T00:18:18.310+0000] {spark_submit.py:634} INFO - 24/12/06 00:18:18 INFO MemoryStore: Block broadcast_1 stored as values in memory (estimated size 5.2 KiB, free 434.4 MiB)
[2024-12-06T00:18:18.319+0000] {spark_submit.py:634} INFO - 24/12/06 00:18:18 INFO MemoryStore: Block broadcast_1_piece0 stored as bytes in memory (estimated size 3.1 KiB, free 434.4 MiB)
[2024-12-06T00:18:18.322+0000] {spark_submit.py:634} INFO - 24/12/06 00:18:18 INFO BlockManagerInfo: Added broadcast_1_piece0 in memory on 2a892a3469ec:39485 (size: 3.1 KiB, free: 434.4 MiB)
[2024-12-06T00:18:18.323+0000] {spark_submit.py:634} INFO - 24/12/06 00:18:18 INFO SparkContext: Created broadcast 1 from broadcast at DAGScheduler.scala:1585
[2024-12-06T00:18:18.326+0000] {spark_submit.py:634} INFO - 24/12/06 00:18:18 INFO DAGScheduler: Submitting 2 missing tasks from ResultStage 1 (ShuffledRDD[3] at reduceByKey at wordcount.scala:12) (first 15 tasks are for partitions Vector(0, 1))
[2024-12-06T00:18:18.327+0000] {spark_submit.py:634} INFO - 24/12/06 00:18:18 INFO TaskSchedulerImpl: Adding task set 1.0 with 2 tasks resource profile 0
[2024-12-06T00:18:18.337+0000] {spark_submit.py:634} INFO - 24/12/06 00:18:18 INFO TaskSetManager: Starting task 0.0 in stage 1.0 (TID 2) (172.18.0.6, executor 0, partition 0, NODE_LOCAL, 9003 bytes)
[2024-12-06T00:18:18.338+0000] {spark_submit.py:634} INFO - 24/12/06 00:18:18 INFO TaskSetManager: Starting task 1.0 in stage 1.0 (TID 3) (172.18.0.6, executor 0, partition 1, NODE_LOCAL, 9003 bytes)
[2024-12-06T00:18:18.367+0000] {spark_submit.py:634} INFO - 24/12/06 00:18:18 INFO BlockManagerInfo: Added broadcast_1_piece0 in memory on 172.18.0.6:44129 (size: 3.1 KiB, free: 434.4 MiB)
[2024-12-06T00:18:18.449+0000] {spark_submit.py:634} INFO - 24/12/06 00:18:18 INFO MapOutputTrackerMasterEndpoint: Asked to send map output locations for shuffle 0 to 172.18.0.6:41152
[2024-12-06T00:18:18.616+0000] {spark_submit.py:634} INFO - 24/12/06 00:18:18 INFO TaskSetManager: Finished task 1.0 in stage 1.0 (TID 3) in 278 ms on 172.18.0.6 (executor 0) (1/2)
[2024-12-06T00:18:18.617+0000] {spark_submit.py:634} INFO - 24/12/06 00:18:18 INFO TaskSetManager: Finished task 0.0 in stage 1.0 (TID 2) in 285 ms on 172.18.0.6 (executor 0) (2/2)
[2024-12-06T00:18:18.618+0000] {spark_submit.py:634} INFO - 24/12/06 00:18:18 INFO TaskSchedulerImpl: Removed TaskSet 1.0, whose tasks have all completed, from pool
[2024-12-06T00:18:18.622+0000] {spark_submit.py:634} INFO - 24/12/06 00:18:18 INFO DAGScheduler: ResultStage 1 (collect at wordcount.scala:14) finished in 0.313 s
[2024-12-06T00:18:18.628+0000] {spark_submit.py:634} INFO - 24/12/06 00:18:18 INFO DAGScheduler: Job 0 is finished. Cancelling potential speculative or zombie tasks for this job
[2024-12-06T00:18:18.629+0000] {spark_submit.py:634} INFO - 24/12/06 00:18:18 INFO TaskSchedulerImpl: Killing all running tasks in stage 1: Stage finished
[2024-12-06T00:18:18.631+0000] {spark_submit.py:634} INFO - 24/12/06 00:18:18 INFO DAGScheduler: Job 0 finished: collect at wordcount.scala:14, took 6.699182 s
[2024-12-06T00:18:18.638+0000] {spark_submit.py:634} INFO - (Hello,5)
[2024-12-06T00:18:18.639+0000] {spark_submit.py:634} INFO - (Yusuf,1)
[2024-12-06T00:18:18.639+0000] {spark_submit.py:634} INFO - (World,1)
[2024-12-06T00:18:18.640+0000] {spark_submit.py:634} INFO - (Scala,1)
[2024-12-06T00:18:18.640+0000] {spark_submit.py:634} INFO - (Docker,1)
[2024-12-06T00:18:18.641+0000] {spark_submit.py:634} INFO - (spark,1)
[2024-12-06T00:18:18.641+0000] {spark_submit.py:634} INFO - 24/12/06 00:18:18 INFO SparkContext: SparkContext is stopping with exitCode 0.
[2024-12-06T00:18:18.662+0000] {spark_submit.py:634} INFO - 24/12/06 00:18:18 INFO SparkUI: Stopped Spark web UI at http://2a892a3469ec:4041
[2024-12-06T00:18:18.669+0000] {spark_submit.py:634} INFO - 24/12/06 00:18:18 INFO StandaloneSchedulerBackend: Shutting down all executors
[2024-12-06T00:18:18.671+0000] {spark_submit.py:634} INFO - 24/12/06 00:18:18 INFO StandaloneSchedulerBackend$StandaloneDriverEndpoint: Asking each executor to shut down
[2024-12-06T00:18:18.698+0000] {spark_submit.py:634} INFO - 24/12/06 00:18:18 INFO MapOutputTrackerMasterEndpoint: MapOutputTrackerMasterEndpoint stopped!
[2024-12-06T00:18:18.757+0000] {spark_submit.py:634} INFO - 24/12/06 00:18:18 INFO MemoryStore: MemoryStore cleared
[2024-12-06T00:18:18.760+0000] {spark_submit.py:634} INFO - 24/12/06 00:18:18 INFO BlockManager: BlockManager stopped
[2024-12-06T00:18:18.797+0000] {spark_submit.py:634} INFO - 24/12/06 00:18:18 INFO BlockManagerMaster: BlockManagerMaster stopped
[2024-12-06T00:18:18.805+0000] {spark_submit.py:634} INFO - 24/12/06 00:18:18 INFO OutputCommitCoordinator$OutputCommitCoordinatorEndpoint: OutputCommitCoordinator stopped!
[2024-12-06T00:18:18.847+0000] {spark_submit.py:634} INFO - 24/12/06 00:18:18 INFO SparkContext: Successfully stopped SparkContext
[2024-12-06T00:18:18.861+0000] {spark_submit.py:634} INFO - 24/12/06 00:18:18 INFO ShutdownHookManager: Shutdown hook called
[2024-12-06T00:18:18.862+0000] {spark_submit.py:634} INFO - 24/12/06 00:18:18 INFO ShutdownHookManager: Deleting directory /tmp/spark-6bed1061-e596-481b-819b-d9e377989f78
[2024-12-06T00:18:18.869+0000] {spark_submit.py:634} INFO - 24/12/06 00:18:18 INFO ShutdownHookManager: Deleting directory /tmp/spark-5e5524ed-dfeb-4a69-a171-692c09e2aba9
[2024-12-06T00:18:18.975+0000] {taskinstance.py:340} INFO - ::group::Post task execution logs
[2024-12-06T00:18:18.977+0000] {taskinstance.py:352} INFO - Marking task as SUCCESS. dag_id=sparking_flow, task_id=scala_job, run_id=scheduled__2024-12-05T00:00:00+00:00, execution_date=20241205T000000, start_date=20241206T001804, end_date=20241206T001818
[2024-12-06T00:18:19.043+0000] {local_task_job_runner.py:266} INFO - Task exited with return code 0
[2024-12-06T00:18:19.109+0000] {taskinstance.py:3895} INFO - 0 downstream tasks scheduled from follow-on schedule check
[2024-12-06T00:18:19.111+0000] {local_task_job_runner.py:245} INFO - ::endgroup::
