[2024-12-09T12:33:07.681+0000] {local_task_job_runner.py:123} INFO - ::group::Pre task execution logs
[2024-12-09T12:33:07.969+0000] {taskinstance.py:2613} INFO - Dependencies all met for dep_context=non-requeueable deps ti=<TaskInstance: sparking_flow.python_job manual__2024-12-09T12:33:05.853461+00:00 [queued]>
[2024-12-09T12:33:07.996+0000] {taskinstance.py:2613} INFO - Dependencies all met for dep_context=requeueable deps ti=<TaskInstance: sparking_flow.python_job manual__2024-12-09T12:33:05.853461+00:00 [queued]>
[2024-12-09T12:33:07.999+0000] {taskinstance.py:2866} INFO - Starting attempt 1 of 1
[2024-12-09T12:33:08.018+0000] {taskinstance.py:2889} INFO - Executing <Task(SparkSubmitOperator): python_job> on 2024-12-09 12:33:05.853461+00:00
[2024-12-09T12:33:08.041+0000] {logging_mixin.py:190} WARNING - /home/***/.local/lib/python3.12/site-packages/***/task/task_runner/standard_task_runner.py:70 DeprecationWarning: This process (pid=185) is multi-threaded, use of fork() may lead to deadlocks in the child.
[2024-12-09T12:33:08.045+0000] {standard_task_runner.py:72} INFO - Started process 188 to run task
[2024-12-09T12:33:08.039+0000] {standard_task_runner.py:104} INFO - Running: ['***', 'tasks', 'run', 'sparking_flow', 'python_job', 'manual__2024-12-09T12:33:05.853461+00:00', '--job-id', '415', '--raw', '--subdir', 'DAGS_FOLDER/spark_***.py', '--cfg-path', '/tmp/tmp7z52j1i9']
[2024-12-09T12:33:08.047+0000] {standard_task_runner.py:105} INFO - Job 415: Subtask python_job
[2024-12-09T12:33:08.136+0000] {task_command.py:467} INFO - Running <TaskInstance: sparking_flow.python_job manual__2024-12-09T12:33:05.853461+00:00 [running]> on host 2a892a3469ec
[2024-12-09T12:33:08.258+0000] {taskinstance.py:3132} INFO - Exporting env vars: AIRFLOW_CTX_DAG_OWNER='Yusuf Ganiyu' AIRFLOW_CTX_DAG_ID='sparking_flow' AIRFLOW_CTX_TASK_ID='python_job' AIRFLOW_CTX_EXECUTION_DATE='2024-12-09T12:33:05.853461+00:00' AIRFLOW_CTX_TRY_NUMBER='1' AIRFLOW_CTX_DAG_RUN_ID='manual__2024-12-09T12:33:05.853461+00:00'
[2024-12-09T12:33:08.260+0000] {taskinstance.py:731} INFO - ::endgroup::
[2024-12-09T12:33:08.305+0000] {base.py:84} INFO - Retrieving connection 'spark-conn'
[2024-12-09T12:33:08.307+0000] {spark_submit.py:473} INFO - Spark-Submit cmd: spark-submit --master spark://sparkingflow-spark-master-1:7077 --name arrow-spark --deploy-mode client jobs/python/wordcountjob.py
[2024-12-09T12:33:14.286+0000] {spark_submit.py:634} INFO - 24/12/09 12:33:14 INFO SparkContext: Running Spark version 3.5.3
[2024-12-09T12:33:14.307+0000] {spark_submit.py:634} INFO - 24/12/09 12:33:14 INFO SparkContext: OS info Linux, 6.10.14-linuxkit, aarch64
[2024-12-09T12:33:14.308+0000] {spark_submit.py:634} INFO - 24/12/09 12:33:14 INFO SparkContext: Java version 17.0.13
[2024-12-09T12:33:14.487+0000] {spark_submit.py:634} INFO - 24/12/09 12:33:14 WARN NativeCodeLoader: Unable to load native-hadoop library for your platform... using builtin-java classes where applicable
[2024-12-09T12:33:14.800+0000] {spark_submit.py:634} INFO - 24/12/09 12:33:14 INFO ResourceUtils: ==============================================================
[2024-12-09T12:33:14.804+0000] {spark_submit.py:634} INFO - 24/12/09 12:33:14 INFO ResourceUtils: No custom resources configured for spark.driver.
[2024-12-09T12:33:14.815+0000] {spark_submit.py:634} INFO - 24/12/09 12:33:14 INFO ResourceUtils: ==============================================================
[2024-12-09T12:33:14.822+0000] {spark_submit.py:634} INFO - 24/12/09 12:33:14 INFO SparkContext: Submitted application: CSVReadExample
[2024-12-09T12:33:14.891+0000] {spark_submit.py:634} INFO - 24/12/09 12:33:14 INFO ResourceProfile: Default ResourceProfile created, executor resources: Map(memory -> name: memory, amount: 1024, script: , vendor: , offHeap -> name: offHeap, amount: 0, script: , vendor: ), task resources: Map(cpus -> name: cpus, amount: 1.0)
[2024-12-09T12:33:14.905+0000] {spark_submit.py:634} INFO - 24/12/09 12:33:14 INFO ResourceProfile: Limiting resource is cpu
[2024-12-09T12:33:14.908+0000] {spark_submit.py:634} INFO - 24/12/09 12:33:14 INFO ResourceProfileManager: Added ResourceProfile id: 0
[2024-12-09T12:33:15.050+0000] {spark_submit.py:634} INFO - 24/12/09 12:33:15 INFO SecurityManager: Changing view acls to: ***
[2024-12-09T12:33:15.061+0000] {spark_submit.py:634} INFO - 24/12/09 12:33:15 INFO SecurityManager: Changing modify acls to: ***
[2024-12-09T12:33:15.062+0000] {spark_submit.py:634} INFO - 24/12/09 12:33:15 INFO SecurityManager: Changing view acls groups to:
[2024-12-09T12:33:15.081+0000] {spark_submit.py:634} INFO - 24/12/09 12:33:15 INFO SecurityManager: Changing modify acls groups to:
[2024-12-09T12:33:15.084+0000] {spark_submit.py:634} INFO - 24/12/09 12:33:15 INFO SecurityManager: SecurityManager: authentication disabled; ui acls disabled; users with view permissions: ***; groups with view permissions: EMPTY; users with modify permissions: ***; groups with modify permissions: EMPTY
[2024-12-09T12:33:15.948+0000] {spark_submit.py:634} INFO - 24/12/09 12:33:15 INFO Utils: Successfully started service 'sparkDriver' on port 43981.
[2024-12-09T12:33:16.084+0000] {spark_submit.py:634} INFO - 24/12/09 12:33:16 INFO SparkEnv: Registering MapOutputTracker
[2024-12-09T12:33:16.272+0000] {spark_submit.py:634} INFO - 24/12/09 12:33:16 INFO SparkEnv: Registering BlockManagerMaster
[2024-12-09T12:33:16.486+0000] {spark_submit.py:634} INFO - 24/12/09 12:33:16 INFO BlockManagerMasterEndpoint: Using org.apache.spark.storage.DefaultTopologyMapper for getting topology information
[2024-12-09T12:33:16.495+0000] {spark_submit.py:634} INFO - 24/12/09 12:33:16 INFO BlockManagerMasterEndpoint: BlockManagerMasterEndpoint up
[2024-12-09T12:33:16.522+0000] {spark_submit.py:634} INFO - 24/12/09 12:33:16 INFO SparkEnv: Registering BlockManagerMasterHeartbeat
[2024-12-09T12:33:16.649+0000] {spark_submit.py:634} INFO - 24/12/09 12:33:16 INFO DiskBlockManager: Created local directory at /tmp/blockmgr-e9f59caa-9d2b-488e-b25c-d89053849e3f
[2024-12-09T12:33:16.697+0000] {spark_submit.py:634} INFO - 24/12/09 12:33:16 INFO MemoryStore: MemoryStore started with capacity 434.4 MiB
[2024-12-09T12:33:16.760+0000] {spark_submit.py:634} INFO - 24/12/09 12:33:16 INFO SparkEnv: Registering OutputCommitCoordinator
[2024-12-09T12:33:17.240+0000] {spark_submit.py:634} INFO - 24/12/09 12:33:17 INFO JettyUtils: Start Jetty 0.0.0.0:4040 for SparkUI
[2024-12-09T12:33:17.442+0000] {spark_submit.py:634} INFO - 24/12/09 12:33:17 WARN Utils: Service 'SparkUI' could not bind on port 4040. Attempting port 4041.
[2024-12-09T12:33:17.446+0000] {spark_submit.py:634} INFO - 24/12/09 12:33:17 WARN Utils: Service 'SparkUI' could not bind on port 4041. Attempting port 4042.
[2024-12-09T12:33:17.475+0000] {spark_submit.py:634} INFO - 24/12/09 12:33:17 INFO Utils: Successfully started service 'SparkUI' on port 4042.
[2024-12-09T12:33:17.839+0000] {spark_submit.py:634} INFO - 24/12/09 12:33:17 INFO StandaloneAppClient$ClientEndpoint: Connecting to master spark://sparkingflow-spark-master-1:7077...
[2024-12-09T12:33:18.013+0000] {spark_submit.py:634} INFO - 24/12/09 12:33:18 INFO TransportClientFactory: Successfully created connection to sparkingflow-spark-master-1/172.18.0.5:7077 after 76 ms (0 ms spent in bootstraps)
[2024-12-09T12:33:18.324+0000] {spark_submit.py:634} INFO - 24/12/09 12:33:18 INFO StandaloneSchedulerBackend: Connected to Spark cluster with app ID app-20241209123318-0001
[2024-12-09T12:33:18.386+0000] {spark_submit.py:634} INFO - 24/12/09 12:33:18 INFO Utils: Successfully started service 'org.apache.spark.network.netty.NettyBlockTransferService' on port 43017.
[2024-12-09T12:33:18.387+0000] {spark_submit.py:634} INFO - 24/12/09 12:33:18 INFO NettyBlockTransferService: Server created on 2a892a3469ec:43017
[2024-12-09T12:33:18.391+0000] {spark_submit.py:634} INFO - 24/12/09 12:33:18 INFO BlockManager: Using org.apache.spark.storage.RandomBlockReplicationPolicy for block replication policy
[2024-12-09T12:33:18.411+0000] {spark_submit.py:634} INFO - 24/12/09 12:33:18 INFO BlockManagerMaster: Registering BlockManager BlockManagerId(driver, 2a892a3469ec, 43017, None)
[2024-12-09T12:33:18.420+0000] {spark_submit.py:634} INFO - 24/12/09 12:33:18 INFO BlockManagerMasterEndpoint: Registering block manager 2a892a3469ec:43017 with 434.4 MiB RAM, BlockManagerId(driver, 2a892a3469ec, 43017, None)
[2024-12-09T12:33:18.424+0000] {spark_submit.py:634} INFO - 24/12/09 12:33:18 INFO BlockManagerMaster: Registered BlockManager BlockManagerId(driver, 2a892a3469ec, 43017, None)
[2024-12-09T12:33:18.426+0000] {spark_submit.py:634} INFO - 24/12/09 12:33:18 INFO BlockManager: Initialized BlockManager: BlockManagerId(driver, 2a892a3469ec, 43017, None)
[2024-12-09T12:33:18.784+0000] {spark_submit.py:634} INFO - 24/12/09 12:33:18 INFO StandaloneSchedulerBackend: SchedulerBackend is ready for scheduling beginning after reached minRegisteredResourcesRatio: 0.0
[2024-12-09T12:33:19.050+0000] {spark_submit.py:634} INFO - file_path /temp/test1234.csv
[2024-12-09T12:33:19.178+0000] {spark_submit.py:634} INFO - 24/12/09 12:33:19 INFO SharedState: Setting hive.metastore.warehouse.dir ('null') to the value of spark.sql.warehouse.dir.
[2024-12-09T12:33:19.189+0000] {spark_submit.py:634} INFO - 24/12/09 12:33:19 INFO SharedState: Warehouse path is 'file:/opt/***/spark-warehouse'.
[2024-12-09T12:33:21.055+0000] {spark_submit.py:634} INFO - Traceback (most recent call last):
[2024-12-09T12:33:21.061+0000] {spark_submit.py:634} INFO - File "/opt/***/jobs/python/wordcountjob.py", line 42, in <module>
[2024-12-09T12:33:21.064+0000] {spark_submit.py:634} INFO - df = spark.read.format("csv").option("header","false").load('file:///'+file_path)
[2024-12-09T12:33:21.065+0000] {spark_submit.py:634} INFO - ^^^^^^^^^^^^^^^^^^^^^^^^^^^^^^^^^^^^^^^^^^^^^^^^^^^^^^^^^^^^^^^^^^^^^^^^^^^^
[2024-12-09T12:33:21.065+0000] {spark_submit.py:634} INFO - File "/home/***/.local/lib/python3.12/site-packages/pyspark/python/lib/pyspark.zip/pyspark/sql/readwriter.py", line 307, in load
[2024-12-09T12:33:21.066+0000] {spark_submit.py:634} INFO - File "/home/***/.local/lib/python3.12/site-packages/pyspark/python/lib/py4j-0.10.9.7-src.zip/py4j/java_gateway.py", line 1322, in __call__
[2024-12-09T12:33:21.067+0000] {spark_submit.py:634} INFO - File "/home/***/.local/lib/python3.12/site-packages/pyspark/python/lib/pyspark.zip/pyspark/errors/exceptions/captured.py", line 185, in deco
[2024-12-09T12:33:21.085+0000] {spark_submit.py:634} INFO - pyspark.errors.exceptions.captured.AnalysisException: [PATH_NOT_FOUND] Path does not exist: file:/temp/test1234.csv.
[2024-12-09T12:33:21.203+0000] {spark_submit.py:634} INFO - 24/12/09 12:33:21 INFO SparkContext: Invoking stop() from shutdown hook
[2024-12-09T12:33:21.204+0000] {spark_submit.py:634} INFO - 24/12/09 12:33:21 INFO SparkContext: SparkContext is stopping with exitCode 0.
[2024-12-09T12:33:21.217+0000] {spark_submit.py:634} INFO - 24/12/09 12:33:21 INFO SparkUI: Stopped Spark web UI at http://2a892a3469ec:4042
[2024-12-09T12:33:21.224+0000] {spark_submit.py:634} INFO - 24/12/09 12:33:21 INFO StandaloneSchedulerBackend: Shutting down all executors
[2024-12-09T12:33:21.230+0000] {spark_submit.py:634} INFO - 24/12/09 12:33:21 INFO StandaloneSchedulerBackend$StandaloneDriverEndpoint: Asking each executor to shut down
[2024-12-09T12:33:21.256+0000] {spark_submit.py:634} INFO - 24/12/09 12:33:21 INFO MapOutputTrackerMasterEndpoint: MapOutputTrackerMasterEndpoint stopped!
[2024-12-09T12:33:21.298+0000] {spark_submit.py:634} INFO - 24/12/09 12:33:21 INFO MemoryStore: MemoryStore cleared
[2024-12-09T12:33:21.299+0000] {spark_submit.py:634} INFO - 24/12/09 12:33:21 INFO BlockManager: BlockManager stopped
[2024-12-09T12:33:21.309+0000] {spark_submit.py:634} INFO - 24/12/09 12:33:21 INFO BlockManagerMaster: BlockManagerMaster stopped
[2024-12-09T12:33:21.315+0000] {spark_submit.py:634} INFO - 24/12/09 12:33:21 INFO OutputCommitCoordinator$OutputCommitCoordinatorEndpoint: OutputCommitCoordinator stopped!
[2024-12-09T12:33:21.340+0000] {spark_submit.py:634} INFO - 24/12/09 12:33:21 INFO SparkContext: Successfully stopped SparkContext
[2024-12-09T12:33:21.342+0000] {spark_submit.py:634} INFO - 24/12/09 12:33:21 INFO ShutdownHookManager: Shutdown hook called
[2024-12-09T12:33:21.343+0000] {spark_submit.py:634} INFO - 24/12/09 12:33:21 INFO ShutdownHookManager: Deleting directory /tmp/spark-e00dd7f9-0a82-492a-afc5-c49088ccea94
[2024-12-09T12:33:21.351+0000] {spark_submit.py:634} INFO - 24/12/09 12:33:21 INFO ShutdownHookManager: Deleting directory /tmp/spark-7d1e333a-6bf9-4be1-899a-00d255c1f3f6
[2024-12-09T12:33:21.356+0000] {spark_submit.py:634} INFO - 24/12/09 12:33:21 INFO ShutdownHookManager: Deleting directory /tmp/spark-7d1e333a-6bf9-4be1-899a-00d255c1f3f6/pyspark-2fcad5a7-2d9b-4d32-b2b2-8dce7bb4be14
[2024-12-09T12:33:21.455+0000] {taskinstance.py:3311} ERROR - Task failed with exception
Traceback (most recent call last):
  File "/home/airflow/.local/lib/python3.12/site-packages/airflow/models/taskinstance.py", line 767, in _execute_task
    result = _execute_callable(context=context, **execute_callable_kwargs)
             ^^^^^^^^^^^^^^^^^^^^^^^^^^^^^^^^^^^^^^^^^^^^^^^^^^^^^^^^^^^^^
  File "/home/airflow/.local/lib/python3.12/site-packages/airflow/models/taskinstance.py", line 733, in _execute_callable
    return ExecutionCallableRunner(
           ^^^^^^^^^^^^^^^^^^^^^^^^
  File "/home/airflow/.local/lib/python3.12/site-packages/airflow/utils/operator_helpers.py", line 252, in run
    return self.func(*args, **kwargs)
           ^^^^^^^^^^^^^^^^^^^^^^^^^^
  File "/home/airflow/.local/lib/python3.12/site-packages/airflow/models/baseoperator.py", line 417, in wrapper
    return func(self, *args, **kwargs)
           ^^^^^^^^^^^^^^^^^^^^^^^^^^^
  File "/home/airflow/.local/lib/python3.12/site-packages/airflow/providers/apache/spark/operators/spark_submit.py", line 176, in execute
    self._hook.submit(self.application)
  File "/home/airflow/.local/lib/python3.12/site-packages/airflow/providers/apache/spark/hooks/spark_submit.py", line 560, in submit
    raise AirflowException(
airflow.exceptions.AirflowException: Cannot execute: spark-submit --master spark://sparkingflow-spark-master-1:7077 --name arrow-spark --deploy-mode client jobs/python/wordcountjob.py. Error code is: 1.
[2024-12-09T12:33:21.471+0000] {taskinstance.py:1225} INFO - Marking task as FAILED. dag_id=sparking_flow, task_id=python_job, run_id=manual__2024-12-09T12:33:05.853461+00:00, execution_date=20241209T123305, start_date=20241209T123307, end_date=20241209T123321
[2024-12-09T12:33:21.508+0000] {taskinstance.py:340} INFO - ::group::Post task execution logs
[2024-12-09T12:33:21.512+0000] {standard_task_runner.py:124} ERROR - Failed to execute job 415 for task python_job (Cannot execute: spark-submit --master spark://sparkingflow-spark-master-1:7077 --name arrow-spark --deploy-mode client jobs/python/wordcountjob.py. Error code is: 1.; 188)
Traceback (most recent call last):
  File "/home/airflow/.local/lib/python3.12/site-packages/airflow/task/task_runner/standard_task_runner.py", line 117, in _start_by_fork
    ret = args.func(args, dag=self.dag)
          ^^^^^^^^^^^^^^^^^^^^^^^^^^^^^
  File "/home/airflow/.local/lib/python3.12/site-packages/airflow/cli/cli_config.py", line 49, in command
    return func(*args, **kwargs)
           ^^^^^^^^^^^^^^^^^^^^^
  File "/home/airflow/.local/lib/python3.12/site-packages/airflow/utils/cli.py", line 116, in wrapper
    return f(*args, **kwargs)
           ^^^^^^^^^^^^^^^^^^
  File "/home/airflow/.local/lib/python3.12/site-packages/airflow/cli/commands/task_command.py", line 483, in task_run
    task_return_code = _run_task_by_selected_method(args, _dag, ti)
                       ^^^^^^^^^^^^^^^^^^^^^^^^^^^^^^^^^^^^^^^^^^^^
  File "/home/airflow/.local/lib/python3.12/site-packages/airflow/cli/commands/task_command.py", line 256, in _run_task_by_selected_method
    return _run_raw_task(args, ti)
           ^^^^^^^^^^^^^^^^^^^^^^^
  File "/home/airflow/.local/lib/python3.12/site-packages/airflow/cli/commands/task_command.py", line 341, in _run_raw_task
    return ti._run_raw_task(
           ^^^^^^^^^^^^^^^^^
  File "/home/airflow/.local/lib/python3.12/site-packages/airflow/utils/session.py", line 97, in wrapper
    return func(*args, session=session, **kwargs)
           ^^^^^^^^^^^^^^^^^^^^^^^^^^^^^^^^^^^^^^
  File "/home/airflow/.local/lib/python3.12/site-packages/airflow/models/taskinstance.py", line 3005, in _run_raw_task
    return _run_raw_task(
           ^^^^^^^^^^^^^^
  File "/home/airflow/.local/lib/python3.12/site-packages/airflow/models/taskinstance.py", line 273, in _run_raw_task
    TaskInstance._execute_task_with_callbacks(
  File "/home/airflow/.local/lib/python3.12/site-packages/airflow/models/taskinstance.py", line 3159, in _execute_task_with_callbacks
    result = self._execute_task(context, task_orig)
             ^^^^^^^^^^^^^^^^^^^^^^^^^^^^^^^^^^^^^^
  File "/home/airflow/.local/lib/python3.12/site-packages/airflow/models/taskinstance.py", line 3183, in _execute_task
    return _execute_task(self, context, task_orig)
           ^^^^^^^^^^^^^^^^^^^^^^^^^^^^^^^^^^^^^^^
  File "/home/airflow/.local/lib/python3.12/site-packages/airflow/models/taskinstance.py", line 767, in _execute_task
    result = _execute_callable(context=context, **execute_callable_kwargs)
             ^^^^^^^^^^^^^^^^^^^^^^^^^^^^^^^^^^^^^^^^^^^^^^^^^^^^^^^^^^^^^
  File "/home/airflow/.local/lib/python3.12/site-packages/airflow/models/taskinstance.py", line 733, in _execute_callable
    return ExecutionCallableRunner(
           ^^^^^^^^^^^^^^^^^^^^^^^^
  File "/home/airflow/.local/lib/python3.12/site-packages/airflow/utils/operator_helpers.py", line 252, in run
    return self.func(*args, **kwargs)
           ^^^^^^^^^^^^^^^^^^^^^^^^^^
  File "/home/airflow/.local/lib/python3.12/site-packages/airflow/models/baseoperator.py", line 417, in wrapper
    return func(self, *args, **kwargs)
           ^^^^^^^^^^^^^^^^^^^^^^^^^^^
  File "/home/airflow/.local/lib/python3.12/site-packages/airflow/providers/apache/spark/operators/spark_submit.py", line 176, in execute
    self._hook.submit(self.application)
  File "/home/airflow/.local/lib/python3.12/site-packages/airflow/providers/apache/spark/hooks/spark_submit.py", line 560, in submit
    raise AirflowException(
airflow.exceptions.AirflowException: Cannot execute: spark-submit --master spark://sparkingflow-spark-master-1:7077 --name arrow-spark --deploy-mode client jobs/python/wordcountjob.py. Error code is: 1.
[2024-12-09T12:33:21.549+0000] {local_task_job_runner.py:266} INFO - Task exited with return code 1
[2024-12-09T12:33:21.643+0000] {taskinstance.py:3895} INFO - 0 downstream tasks scheduled from follow-on schedule check
[2024-12-09T12:33:21.649+0000] {local_task_job_runner.py:245} INFO - ::endgroup::
