[2024-12-04T17:02:29.172+0000] {local_task_job_runner.py:123} INFO - ::group::Pre task execution logs
[2024-12-04T17:02:29.184+0000] {taskinstance.py:2613} INFO - Dependencies all met for dep_context=non-requeueable deps ti=<TaskInstance: sparking_flow.java_job manual__2024-12-04T17:02:27.498210+00:00 [queued]>
[2024-12-04T17:02:29.190+0000] {taskinstance.py:2613} INFO - Dependencies all met for dep_context=requeueable deps ti=<TaskInstance: sparking_flow.java_job manual__2024-12-04T17:02:27.498210+00:00 [queued]>
[2024-12-04T17:02:29.191+0000] {taskinstance.py:2866} INFO - Starting attempt 1 of 1
[2024-12-04T17:02:29.201+0000] {taskinstance.py:2889} INFO - Executing <Task(SparkSubmitOperator): java_job> on 2024-12-04 17:02:27.498210+00:00
[2024-12-04T17:02:29.208+0000] {logging_mixin.py:190} WARNING - /home/***/.local/lib/python3.12/site-packages/***/task/task_runner/standard_task_runner.py:70 DeprecationWarning: This process (pid=186) is multi-threaded, use of fork() may lead to deadlocks in the child.
[2024-12-04T17:02:29.211+0000] {standard_task_runner.py:72} INFO - Started process 190 to run task
[2024-12-04T17:02:29.209+0000] {standard_task_runner.py:104} INFO - Running: ['***', 'tasks', 'run', 'sparking_flow', 'java_job', 'manual__2024-12-04T17:02:27.498210+00:00', '--job-id', '120', '--raw', '--subdir', 'DAGS_FOLDER/spark_***.py', '--cfg-path', '/tmp/tmppioid8oe']
[2024-12-04T17:02:29.212+0000] {standard_task_runner.py:105} INFO - Job 120: Subtask java_job
[2024-12-04T17:02:29.266+0000] {task_command.py:467} INFO - Running <TaskInstance: sparking_flow.java_job manual__2024-12-04T17:02:27.498210+00:00 [running]> on host 2a892a3469ec
[2024-12-04T17:02:29.343+0000] {taskinstance.py:3132} INFO - Exporting env vars: AIRFLOW_CTX_DAG_OWNER='Yusuf Ganiyu' AIRFLOW_CTX_DAG_ID='sparking_flow' AIRFLOW_CTX_TASK_ID='java_job' AIRFLOW_CTX_EXECUTION_DATE='2024-12-04T17:02:27.498210+00:00' AIRFLOW_CTX_TRY_NUMBER='1' AIRFLOW_CTX_DAG_RUN_ID='manual__2024-12-04T17:02:27.498210+00:00'
[2024-12-04T17:02:29.345+0000] {taskinstance.py:731} INFO - ::endgroup::
[2024-12-04T17:02:29.368+0000] {base.py:84} INFO - Retrieving connection 'spark-conn'
[2024-12-04T17:02:29.369+0000] {spark_submit.py:473} INFO - Spark-Submit cmd: spark-submit --master spark://sparkingflow-spark-master-1:7077 --name arrow-spark --class com.airscholar.spark.WordCountJob --deploy-mode client jobs/java/spark-job/target/spark-job-1.0-SNAPSHOT.jar
[2024-12-04T17:02:33.658+0000] {spark_submit.py:634} INFO - 24/12/04 17:02:33 INFO SparkContext: Running Spark version 3.5.3
[2024-12-04T17:02:33.670+0000] {spark_submit.py:634} INFO - 24/12/04 17:02:33 INFO SparkContext: OS info Linux, 6.10.14-linuxkit, aarch64
[2024-12-04T17:02:33.670+0000] {spark_submit.py:634} INFO - 24/12/04 17:02:33 INFO SparkContext: Java version 17.0.13
[2024-12-04T17:02:33.860+0000] {spark_submit.py:634} INFO - 24/12/04 17:02:33 WARN NativeCodeLoader: Unable to load native-hadoop library for your platform... using builtin-java classes where applicable
[2024-12-04T17:02:34.073+0000] {spark_submit.py:634} INFO - 24/12/04 17:02:34 INFO ResourceUtils: ==============================================================
[2024-12-04T17:02:34.075+0000] {spark_submit.py:634} INFO - 24/12/04 17:02:34 INFO ResourceUtils: No custom resources configured for spark.driver.
[2024-12-04T17:02:34.077+0000] {spark_submit.py:634} INFO - 24/12/04 17:02:34 INFO ResourceUtils: ==============================================================
[2024-12-04T17:02:34.079+0000] {spark_submit.py:634} INFO - 24/12/04 17:02:34 INFO SparkContext: Submitted application: Word Count Job
[2024-12-04T17:02:34.114+0000] {spark_submit.py:634} INFO - 24/12/04 17:02:34 INFO ResourceProfile: Default ResourceProfile created, executor resources: Map(cores -> name: cores, amount: 1, script: , vendor: , memory -> name: memory, amount: 1024, script: , vendor: , offHeap -> name: offHeap, amount: 0, script: , vendor: ), task resources: Map(cpus -> name: cpus, amount: 1.0)
[2024-12-04T17:02:34.129+0000] {spark_submit.py:634} INFO - 24/12/04 17:02:34 INFO ResourceProfile: Limiting resource is cpu
[2024-12-04T17:02:34.130+0000] {spark_submit.py:634} INFO - 24/12/04 17:02:34 INFO ResourceProfileManager: Added ResourceProfile id: 0
[2024-12-04T17:02:34.229+0000] {spark_submit.py:634} INFO - 24/12/04 17:02:34 INFO SecurityManager: Changing view acls to: ***
[2024-12-04T17:02:34.231+0000] {spark_submit.py:634} INFO - 24/12/04 17:02:34 INFO SecurityManager: Changing modify acls to: ***
[2024-12-04T17:02:34.236+0000] {spark_submit.py:634} INFO - 24/12/04 17:02:34 INFO SecurityManager: Changing view acls groups to:
[2024-12-04T17:02:34.237+0000] {spark_submit.py:634} INFO - 24/12/04 17:02:34 INFO SecurityManager: Changing modify acls groups to:
[2024-12-04T17:02:34.239+0000] {spark_submit.py:634} INFO - 24/12/04 17:02:34 INFO SecurityManager: SecurityManager: authentication disabled; ui acls disabled; users with view permissions: ***; groups with view permissions: EMPTY; users with modify permissions: ***; groups with modify permissions: EMPTY
[2024-12-04T17:02:34.643+0000] {spark_submit.py:634} INFO - 24/12/04 17:02:34 INFO Utils: Successfully started service 'sparkDriver' on port 32911.
[2024-12-04T17:02:34.701+0000] {spark_submit.py:634} INFO - 24/12/04 17:02:34 INFO SparkEnv: Registering MapOutputTracker
[2024-12-04T17:02:34.751+0000] {spark_submit.py:634} INFO - 24/12/04 17:02:34 INFO SparkEnv: Registering BlockManagerMaster
[2024-12-04T17:02:34.781+0000] {spark_submit.py:634} INFO - 24/12/04 17:02:34 INFO BlockManagerMasterEndpoint: Using org.apache.spark.storage.DefaultTopologyMapper for getting topology information
[2024-12-04T17:02:34.782+0000] {spark_submit.py:634} INFO - 24/12/04 17:02:34 INFO BlockManagerMasterEndpoint: BlockManagerMasterEndpoint up
[2024-12-04T17:02:34.787+0000] {spark_submit.py:634} INFO - 24/12/04 17:02:34 INFO SparkEnv: Registering BlockManagerMasterHeartbeat
[2024-12-04T17:02:34.816+0000] {spark_submit.py:634} INFO - 24/12/04 17:02:34 INFO DiskBlockManager: Created local directory at /tmp/blockmgr-a8066dc4-0d28-42d2-a46f-1498d1d8a0d4
[2024-12-04T17:02:34.838+0000] {spark_submit.py:634} INFO - 24/12/04 17:02:34 INFO MemoryStore: MemoryStore started with capacity 434.4 MiB
[2024-12-04T17:02:34.857+0000] {spark_submit.py:634} INFO - 24/12/04 17:02:34 INFO SparkEnv: Registering OutputCommitCoordinator
[2024-12-04T17:02:35.093+0000] {spark_submit.py:634} INFO - 24/12/04 17:02:35 INFO JettyUtils: Start Jetty 0.0.0.0:4040 for SparkUI
[2024-12-04T17:02:35.166+0000] {spark_submit.py:634} INFO - 24/12/04 17:02:35 INFO Utils: Successfully started service 'SparkUI' on port 4040.
[2024-12-04T17:02:35.210+0000] {spark_submit.py:634} INFO - 24/12/04 17:02:35 INFO SparkContext: Added JAR file:/opt/***/jobs/java/spark-job/target/spark-job-1.0-SNAPSHOT.jar at spark://2a892a3469ec:32911/jars/spark-job-1.0-SNAPSHOT.jar with timestamp 1733331753637
[2024-12-04T17:02:35.299+0000] {spark_submit.py:634} INFO - 24/12/04 17:02:35 INFO Executor: Starting executor ID driver on host 2a892a3469ec
[2024-12-04T17:02:35.300+0000] {spark_submit.py:634} INFO - 24/12/04 17:02:35 INFO Executor: OS info Linux, 6.10.14-linuxkit, aarch64
[2024-12-04T17:02:35.300+0000] {spark_submit.py:634} INFO - 24/12/04 17:02:35 INFO Executor: Java version 17.0.13
[2024-12-04T17:02:35.310+0000] {spark_submit.py:634} INFO - 24/12/04 17:02:35 INFO Executor: Starting executor with user classpath (userClassPathFirst = false): ''
[2024-12-04T17:02:35.311+0000] {spark_submit.py:634} INFO - 24/12/04 17:02:35 INFO Executor: Created or updated repl class loader org.apache.spark.util.MutableURLClassLoader@63d5874f for default.
[2024-12-04T17:02:35.356+0000] {spark_submit.py:634} INFO - 24/12/04 17:02:35 INFO Executor: Fetching spark://2a892a3469ec:32911/jars/spark-job-1.0-SNAPSHOT.jar with timestamp 1733331753637
[2024-12-04T17:02:35.471+0000] {spark_submit.py:634} INFO - 24/12/04 17:02:35 INFO TransportClientFactory: Successfully created connection to 2a892a3469ec/172.18.0.5:32911 after 48 ms (0 ms spent in bootstraps)
[2024-12-04T17:02:35.488+0000] {spark_submit.py:634} INFO - 24/12/04 17:02:35 INFO Utils: Fetching spark://2a892a3469ec:32911/jars/spark-job-1.0-SNAPSHOT.jar to /tmp/spark-be6ac52a-9703-4617-80b4-85b8c80b1099/userFiles-37fc7125-e840-4d49-bd6f-ec6637442a88/fetchFileTemp8704074404149989349.tmp
[2024-12-04T17:02:35.562+0000] {spark_submit.py:634} INFO - 24/12/04 17:02:35 INFO Executor: Adding file:/tmp/spark-be6ac52a-9703-4617-80b4-85b8c80b1099/userFiles-37fc7125-e840-4d49-bd6f-ec6637442a88/spark-job-1.0-SNAPSHOT.jar to class loader default
[2024-12-04T17:02:35.572+0000] {spark_submit.py:634} INFO - 24/12/04 17:02:35 INFO Utils: Successfully started service 'org.apache.spark.network.netty.NettyBlockTransferService' on port 40597.
[2024-12-04T17:02:35.572+0000] {spark_submit.py:634} INFO - 24/12/04 17:02:35 INFO NettyBlockTransferService: Server created on 2a892a3469ec:40597
[2024-12-04T17:02:35.575+0000] {spark_submit.py:634} INFO - 24/12/04 17:02:35 INFO BlockManager: Using org.apache.spark.storage.RandomBlockReplicationPolicy for block replication policy
[2024-12-04T17:02:35.587+0000] {spark_submit.py:634} INFO - 24/12/04 17:02:35 INFO BlockManagerMaster: Registering BlockManager BlockManagerId(driver, 2a892a3469ec, 40597, None)
[2024-12-04T17:02:35.592+0000] {spark_submit.py:634} INFO - 24/12/04 17:02:35 INFO BlockManagerMasterEndpoint: Registering block manager 2a892a3469ec:40597 with 434.4 MiB RAM, BlockManagerId(driver, 2a892a3469ec, 40597, None)
[2024-12-04T17:02:35.595+0000] {spark_submit.py:634} INFO - 24/12/04 17:02:35 INFO BlockManagerMaster: Registered BlockManager BlockManagerId(driver, 2a892a3469ec, 40597, None)
[2024-12-04T17:02:35.597+0000] {spark_submit.py:634} INFO - 24/12/04 17:02:35 INFO BlockManager: Initialized BlockManager: BlockManagerId(driver, 2a892a3469ec, 40597, None)
[2024-12-04T17:02:37.157+0000] {spark_submit.py:634} INFO - 24/12/04 17:02:37 INFO SparkContext: Starting job: collect at WordCountJob.java:37
[2024-12-04T17:02:37.236+0000] {spark_submit.py:634} INFO - 24/12/04 17:02:37 INFO DAGScheduler: Registering RDD 2 (mapToPair at WordCountJob.java:33) as input to shuffle 0
[2024-12-04T17:02:37.245+0000] {spark_submit.py:634} INFO - 24/12/04 17:02:37 INFO DAGScheduler: Got job 0 (collect at WordCountJob.java:37) with 1 output partitions
[2024-12-04T17:02:37.246+0000] {spark_submit.py:634} INFO - 24/12/04 17:02:37 INFO DAGScheduler: Final stage: ResultStage 1 (collect at WordCountJob.java:37)
[2024-12-04T17:02:37.247+0000] {spark_submit.py:634} INFO - 24/12/04 17:02:37 INFO DAGScheduler: Parents of final stage: List(ShuffleMapStage 0)
[2024-12-04T17:02:37.249+0000] {spark_submit.py:634} INFO - 24/12/04 17:02:37 INFO DAGScheduler: Missing parents: List(ShuffleMapStage 0)
[2024-12-04T17:02:37.331+0000] {spark_submit.py:634} INFO - 24/12/04 17:02:37 INFO DAGScheduler: Submitting ShuffleMapStage 0 (MapPartitionsRDD[2] at mapToPair at WordCountJob.java:33), which has no missing parents
[2024-12-04T17:02:37.579+0000] {spark_submit.py:634} INFO - 24/12/04 17:02:37 INFO MemoryStore: Block broadcast_0 stored as values in memory (estimated size 6.4 KiB, free 434.4 MiB)
[2024-12-04T17:02:37.685+0000] {spark_submit.py:634} INFO - 24/12/04 17:02:37 INFO MemoryStore: Block broadcast_0_piece0 stored as bytes in memory (estimated size 3.4 KiB, free 434.4 MiB)
[2024-12-04T17:02:37.692+0000] {spark_submit.py:634} INFO - 24/12/04 17:02:37 INFO BlockManagerInfo: Added broadcast_0_piece0 in memory on 2a892a3469ec:40597 (size: 3.4 KiB, free: 434.4 MiB)
[2024-12-04T17:02:37.717+0000] {spark_submit.py:634} INFO - 24/12/04 17:02:37 INFO SparkContext: Created broadcast 0 from broadcast at DAGScheduler.scala:1585
[2024-12-04T17:02:37.773+0000] {spark_submit.py:634} INFO - 24/12/04 17:02:37 INFO DAGScheduler: Submitting 1 missing tasks from ShuffleMapStage 0 (MapPartitionsRDD[2] at mapToPair at WordCountJob.java:33) (first 15 tasks are for partitions Vector(0))
[2024-12-04T17:02:37.775+0000] {spark_submit.py:634} INFO - 24/12/04 17:02:37 INFO TaskSchedulerImpl: Adding task set 0.0 with 1 tasks resource profile 0
[2024-12-04T17:02:37.898+0000] {spark_submit.py:634} INFO - 24/12/04 17:02:37 INFO TaskSetManager: Starting task 0.0 in stage 0.0 (TID 0) (2a892a3469ec, executor driver, partition 0, PROCESS_LOCAL, 9249 bytes)
[2024-12-04T17:02:37.931+0000] {spark_submit.py:634} INFO - 24/12/04 17:02:37 INFO Executor: Running task 0.0 in stage 0.0 (TID 0)
[2024-12-04T17:02:38.286+0000] {spark_submit.py:634} INFO - 24/12/04 17:02:38 INFO Executor: Finished task 0.0 in stage 0.0 (TID 0). 1259 bytes result sent to driver
[2024-12-04T17:02:38.311+0000] {spark_submit.py:634} INFO - 24/12/04 17:02:38 INFO TaskSetManager: Finished task 0.0 in stage 0.0 (TID 0) in 457 ms on 2a892a3469ec (executor driver) (1/1)
[2024-12-04T17:02:38.315+0000] {spark_submit.py:634} INFO - 24/12/04 17:02:38 INFO TaskSchedulerImpl: Removed TaskSet 0.0, whose tasks have all completed, from pool
[2024-12-04T17:02:38.330+0000] {spark_submit.py:634} INFO - 24/12/04 17:02:38 INFO DAGScheduler: ShuffleMapStage 0 (mapToPair at WordCountJob.java:33) finished in 0.949 s
[2024-12-04T17:02:38.336+0000] {spark_submit.py:634} INFO - 24/12/04 17:02:38 INFO DAGScheduler: looking for newly runnable stages
[2024-12-04T17:02:38.339+0000] {spark_submit.py:634} INFO - 24/12/04 17:02:38 INFO DAGScheduler: running: Set()
[2024-12-04T17:02:38.340+0000] {spark_submit.py:634} INFO - 24/12/04 17:02:38 INFO DAGScheduler: waiting: Set(ResultStage 1)
[2024-12-04T17:02:38.343+0000] {spark_submit.py:634} INFO - 24/12/04 17:02:38 INFO DAGScheduler: failed: Set()
[2024-12-04T17:02:38.347+0000] {spark_submit.py:634} INFO - 24/12/04 17:02:38 INFO DAGScheduler: Submitting ResultStage 1 (ShuffledRDD[3] at reduceByKey at WordCountJob.java:34), which has no missing parents
[2024-12-04T17:02:38.373+0000] {spark_submit.py:634} INFO - 24/12/04 17:02:38 INFO MemoryStore: Block broadcast_1 stored as values in memory (estimated size 5.2 KiB, free 434.4 MiB)
[2024-12-04T17:02:38.378+0000] {spark_submit.py:634} INFO - 24/12/04 17:02:38 INFO MemoryStore: Block broadcast_1_piece0 stored as bytes in memory (estimated size 2.9 KiB, free 434.4 MiB)
[2024-12-04T17:02:38.380+0000] {spark_submit.py:634} INFO - 24/12/04 17:02:38 INFO BlockManagerInfo: Added broadcast_1_piece0 in memory on 2a892a3469ec:40597 (size: 2.9 KiB, free: 434.4 MiB)
[2024-12-04T17:02:38.383+0000] {spark_submit.py:634} INFO - 24/12/04 17:02:38 INFO SparkContext: Created broadcast 1 from broadcast at DAGScheduler.scala:1585
[2024-12-04T17:02:38.390+0000] {spark_submit.py:634} INFO - 24/12/04 17:02:38 INFO DAGScheduler: Submitting 1 missing tasks from ResultStage 1 (ShuffledRDD[3] at reduceByKey at WordCountJob.java:34) (first 15 tasks are for partitions Vector(0))
[2024-12-04T17:02:38.404+0000] {spark_submit.py:634} INFO - 24/12/04 17:02:38 INFO TaskSchedulerImpl: Adding task set 1.0 with 1 tasks resource profile 0
[2024-12-04T17:02:38.412+0000] {spark_submit.py:634} INFO - 24/12/04 17:02:38 INFO TaskSetManager: Starting task 0.0 in stage 1.0 (TID 1) (2a892a3469ec, executor driver, partition 0, NODE_LOCAL, 9002 bytes)
[2024-12-04T17:02:38.416+0000] {spark_submit.py:634} INFO - 24/12/04 17:02:38 INFO Executor: Running task 0.0 in stage 1.0 (TID 1)
[2024-12-04T17:02:38.622+0000] {spark_submit.py:634} INFO - 24/12/04 17:02:38 INFO ShuffleBlockFetcherIterator: Getting 1 (189.0 B) non-empty blocks including 1 (189.0 B) local and 0 (0.0 B) host-local and 0 (0.0 B) push-merged-local and 0 (0.0 B) remote blocks
[2024-12-04T17:02:38.629+0000] {spark_submit.py:634} INFO - 24/12/04 17:02:38 INFO ShuffleBlockFetcherIterator: Started 0 remote fetches in 41 ms
[2024-12-04T17:02:38.682+0000] {spark_submit.py:634} INFO - 24/12/04 17:02:38 INFO Executor: Finished task 0.0 in stage 1.0 (TID 1). 2001 bytes result sent to driver
[2024-12-04T17:02:38.706+0000] {spark_submit.py:634} INFO - 24/12/04 17:02:38 INFO TaskSetManager: Finished task 0.0 in stage 1.0 (TID 1) in 304 ms on 2a892a3469ec (executor driver) (1/1)
[2024-12-04T17:02:38.710+0000] {spark_submit.py:634} INFO - 24/12/04 17:02:38 INFO TaskSchedulerImpl: Removed TaskSet 1.0, whose tasks have all completed, from pool
[2024-12-04T17:02:38.715+0000] {spark_submit.py:634} INFO - 24/12/04 17:02:38 INFO DAGScheduler: ResultStage 1 (collect at WordCountJob.java:37) finished in 0.345 s
[2024-12-04T17:02:38.721+0000] {spark_submit.py:634} INFO - 24/12/04 17:02:38 INFO DAGScheduler: Job 0 is finished. Cancelling potential speculative or zombie tasks for this job
[2024-12-04T17:02:38.724+0000] {spark_submit.py:634} INFO - 24/12/04 17:02:38 INFO TaskSchedulerImpl: Killing all running tasks in stage 1: Stage finished
[2024-12-04T17:02:38.729+0000] {spark_submit.py:634} INFO - 24/12/04 17:02:38 INFO DAGScheduler: Job 0 finished: collect at WordCountJob.java:37, took 1.572863 s
[2024-12-04T17:02:38.737+0000] {spark_submit.py:634} INFO - spark: 1
[2024-12-04T17:02:38.738+0000] {spark_submit.py:634} INFO - docker: 1
[2024-12-04T17:02:38.743+0000] {spark_submit.py:634} INFO - Yusuf: 1
[2024-12-04T17:02:38.745+0000] {spark_submit.py:634} INFO - hello: 5
[2024-12-04T17:02:38.746+0000] {spark_submit.py:634} INFO - java: 1
[2024-12-04T17:02:38.746+0000] {spark_submit.py:634} INFO - world: 1
[2024-12-04T17:02:38.749+0000] {spark_submit.py:634} INFO - 24/12/04 17:02:38 INFO SparkContext: SparkContext is stopping with exitCode 0.
[2024-12-04T17:02:38.789+0000] {spark_submit.py:634} INFO - 24/12/04 17:02:38 INFO SparkUI: Stopped Spark web UI at http://2a892a3469ec:4040
[2024-12-04T17:02:38.829+0000] {spark_submit.py:634} INFO - 24/12/04 17:02:38 INFO MapOutputTrackerMasterEndpoint: MapOutputTrackerMasterEndpoint stopped!
[2024-12-04T17:02:38.904+0000] {spark_submit.py:634} INFO - 24/12/04 17:02:38 INFO MemoryStore: MemoryStore cleared
[2024-12-04T17:02:38.905+0000] {spark_submit.py:634} INFO - 24/12/04 17:02:38 INFO BlockManager: BlockManager stopped
[2024-12-04T17:02:38.913+0000] {spark_submit.py:634} INFO - 24/12/04 17:02:38 INFO BlockManagerMaster: BlockManagerMaster stopped
[2024-12-04T17:02:38.918+0000] {spark_submit.py:634} INFO - 24/12/04 17:02:38 INFO OutputCommitCoordinator$OutputCommitCoordinatorEndpoint: OutputCommitCoordinator stopped!
[2024-12-04T17:02:38.941+0000] {spark_submit.py:634} INFO - 24/12/04 17:02:38 INFO SparkContext: Successfully stopped SparkContext
[2024-12-04T17:02:38.946+0000] {spark_submit.py:634} INFO - 24/12/04 17:02:38 INFO ShutdownHookManager: Shutdown hook called
[2024-12-04T17:02:38.947+0000] {spark_submit.py:634} INFO - 24/12/04 17:02:38 INFO ShutdownHookManager: Deleting directory /tmp/spark-be6ac52a-9703-4617-80b4-85b8c80b1099
[2024-12-04T17:02:38.954+0000] {spark_submit.py:634} INFO - 24/12/04 17:02:38 INFO ShutdownHookManager: Deleting directory /tmp/spark-0f945871-f609-4cfe-afe4-4b064394904a
[2024-12-04T17:02:39.086+0000] {taskinstance.py:340} INFO - ::group::Post task execution logs
[2024-12-04T17:02:39.087+0000] {taskinstance.py:352} INFO - Marking task as SUCCESS. dag_id=sparking_flow, task_id=java_job, run_id=manual__2024-12-04T17:02:27.498210+00:00, execution_date=20241204T170227, start_date=20241204T170229, end_date=20241204T170239
[2024-12-04T17:02:39.160+0000] {local_task_job_runner.py:266} INFO - Task exited with return code 0
[2024-12-04T17:02:39.216+0000] {taskinstance.py:3895} INFO - 0 downstream tasks scheduled from follow-on schedule check
[2024-12-04T17:02:39.218+0000] {local_task_job_runner.py:245} INFO - ::endgroup::
[2024-12-04T17:02:39.220+0000] {standard_task_runner.py:217} INFO - Process not found (most likely exited), stop collecting metrics
