[2024-12-02T20:52:29.076+0000] {local_task_job_runner.py:123} INFO - ::group::Pre task execution logs
[2024-12-02T20:52:29.092+0000] {taskinstance.py:2613} INFO - Dependencies all met for dep_context=non-requeueable deps ti=<TaskInstance: sparking_flow.scala_job manual__2024-12-02T20:52:27.530012+00:00 [queued]>
[2024-12-02T20:52:29.099+0000] {taskinstance.py:2613} INFO - Dependencies all met for dep_context=requeueable deps ti=<TaskInstance: sparking_flow.scala_job manual__2024-12-02T20:52:27.530012+00:00 [queued]>
[2024-12-02T20:52:29.099+0000] {taskinstance.py:2866} INFO - Starting attempt 1 of 1
[2024-12-02T20:52:29.109+0000] {taskinstance.py:2889} INFO - Executing <Task(SparkSubmitOperator): scala_job> on 2024-12-02 20:52:27.530012+00:00
[2024-12-02T20:52:29.113+0000] {standard_task_runner.py:72} INFO - Started process 194 to run task
[2024-12-02T20:52:29.119+0000] {standard_task_runner.py:104} INFO - Running: ['***', 'tasks', 'run', 'sparking_flow', 'scala_job', 'manual__2024-12-02T20:52:27.530012+00:00', '--job-id', '25', '--raw', '--subdir', 'DAGS_FOLDER/spark_***.py', '--cfg-path', '/tmp/tmpbu5756y8']
[2024-12-02T20:52:29.122+0000] {standard_task_runner.py:105} INFO - Job 25: Subtask scala_job
[2024-12-02T20:52:29.173+0000] {task_command.py:467} INFO - Running <TaskInstance: sparking_flow.scala_job manual__2024-12-02T20:52:27.530012+00:00 [running]> on host 070c47e27cca
[2024-12-02T20:52:29.244+0000] {taskinstance.py:3132} INFO - Exporting env vars: AIRFLOW_CTX_DAG_OWNER='Yusuf Ganiyu' AIRFLOW_CTX_DAG_ID='sparking_flow' AIRFLOW_CTX_TASK_ID='scala_job' AIRFLOW_CTX_EXECUTION_DATE='2024-12-02T20:52:27.530012+00:00' AIRFLOW_CTX_TRY_NUMBER='1' AIRFLOW_CTX_DAG_RUN_ID='manual__2024-12-02T20:52:27.530012+00:00'
[2024-12-02T20:52:29.245+0000] {taskinstance.py:731} INFO - ::endgroup::
[2024-12-02T20:52:29.265+0000] {base.py:84} INFO - Retrieving connection 'spark-conn'
[2024-12-02T20:52:29.267+0000] {spark_submit.py:473} INFO - Spark-Submit cmd: spark-submit --master spark://spark-master-1:7077 --name arrow-spark --deploy-mode client jobs/scala/target/scala-2.12/word-count_2.12-0.1.jar
[2024-12-02T20:52:31.805+0000] {spark_submit.py:634} INFO - 24/12/02 20:52:31 WARN NativeCodeLoader: Unable to load native-hadoop library for your platform... using builtin-java classes where applicable
[2024-12-02T20:52:32.218+0000] {spark_submit.py:634} INFO - 24/12/02 20:52:32 INFO SparkContext: Running Spark version 3.5.3
[2024-12-02T20:52:32.221+0000] {spark_submit.py:634} INFO - 24/12/02 20:52:32 INFO SparkContext: OS info Linux, 6.6.31-linuxkit, aarch64
[2024-12-02T20:52:32.223+0000] {spark_submit.py:634} INFO - 24/12/02 20:52:32 INFO SparkContext: Java version 17.0.13
[2024-12-02T20:52:32.293+0000] {spark_submit.py:634} INFO - 24/12/02 20:52:32 INFO ResourceUtils: ==============================================================
[2024-12-02T20:52:32.295+0000] {spark_submit.py:634} INFO - 24/12/02 20:52:32 INFO ResourceUtils: No custom resources configured for spark.driver.
[2024-12-02T20:52:32.296+0000] {spark_submit.py:634} INFO - 24/12/02 20:52:32 INFO ResourceUtils: ==============================================================
[2024-12-02T20:52:32.297+0000] {spark_submit.py:634} INFO - 24/12/02 20:52:32 INFO SparkContext: Submitted application: Word Count
[2024-12-02T20:52:32.342+0000] {spark_submit.py:634} INFO - 24/12/02 20:52:32 INFO ResourceProfile: Default ResourceProfile created, executor resources: Map(memory -> name: memory, amount: 1024, script: , vendor: , offHeap -> name: offHeap, amount: 0, script: , vendor: ), task resources: Map(cpus -> name: cpus, amount: 1.0)
[2024-12-02T20:52:32.353+0000] {spark_submit.py:634} INFO - 24/12/02 20:52:32 INFO ResourceProfile: Limiting resource is cpu
[2024-12-02T20:52:32.354+0000] {spark_submit.py:634} INFO - 24/12/02 20:52:32 INFO ResourceProfileManager: Added ResourceProfile id: 0
[2024-12-02T20:52:32.429+0000] {spark_submit.py:634} INFO - 24/12/02 20:52:32 INFO SecurityManager: Changing view acls to: ***
[2024-12-02T20:52:32.430+0000] {spark_submit.py:634} INFO - 24/12/02 20:52:32 INFO SecurityManager: Changing modify acls to: ***
[2024-12-02T20:52:32.431+0000] {spark_submit.py:634} INFO - 24/12/02 20:52:32 INFO SecurityManager: Changing view acls groups to:
[2024-12-02T20:52:32.432+0000] {spark_submit.py:634} INFO - 24/12/02 20:52:32 INFO SecurityManager: Changing modify acls groups to:
[2024-12-02T20:52:32.432+0000] {spark_submit.py:634} INFO - 24/12/02 20:52:32 INFO SecurityManager: SecurityManager: authentication disabled; ui acls disabled; users with view permissions: ***; groups with view permissions: EMPTY; users with modify permissions: ***; groups with modify permissions: EMPTY
[2024-12-02T20:52:32.681+0000] {spark_submit.py:634} INFO - 24/12/02 20:52:32 INFO Utils: Successfully started service 'sparkDriver' on port 34599.
[2024-12-02T20:52:32.722+0000] {spark_submit.py:634} INFO - 24/12/02 20:52:32 INFO SparkEnv: Registering MapOutputTracker
[2024-12-02T20:52:32.779+0000] {spark_submit.py:634} INFO - 24/12/02 20:52:32 INFO SparkEnv: Registering BlockManagerMaster
[2024-12-02T20:52:32.800+0000] {spark_submit.py:634} INFO - 24/12/02 20:52:32 INFO BlockManagerMasterEndpoint: Using org.apache.spark.storage.DefaultTopologyMapper for getting topology information
[2024-12-02T20:52:32.801+0000] {spark_submit.py:634} INFO - 24/12/02 20:52:32 INFO BlockManagerMasterEndpoint: BlockManagerMasterEndpoint up
[2024-12-02T20:52:32.805+0000] {spark_submit.py:634} INFO - 24/12/02 20:52:32 INFO SparkEnv: Registering BlockManagerMasterHeartbeat
[2024-12-02T20:52:32.834+0000] {spark_submit.py:634} INFO - 24/12/02 20:52:32 INFO DiskBlockManager: Created local directory at /tmp/blockmgr-fe7c2db5-4624-4544-aff4-340238695d20
[2024-12-02T20:52:32.849+0000] {spark_submit.py:634} INFO - 24/12/02 20:52:32 INFO MemoryStore: MemoryStore started with capacity 434.4 MiB
[2024-12-02T20:52:32.864+0000] {spark_submit.py:634} INFO - 24/12/02 20:52:32 INFO SparkEnv: Registering OutputCommitCoordinator
[2024-12-02T20:52:33.078+0000] {spark_submit.py:634} INFO - 24/12/02 20:52:33 INFO JettyUtils: Start Jetty 0.0.0.0:4040 for SparkUI
[2024-12-02T20:52:33.158+0000] {spark_submit.py:634} INFO - 24/12/02 20:52:33 INFO Utils: Successfully started service 'SparkUI' on port 4040.
[2024-12-02T20:52:33.209+0000] {spark_submit.py:634} INFO - 24/12/02 20:52:33 INFO SparkContext: Added JAR file:/opt/***/jobs/scala/target/scala-2.12/word-count_2.12-0.1.jar at spark://070c47e27cca:34599/jars/word-count_2.12-0.1.jar with timestamp 1733172752198
[2024-12-02T20:52:33.362+0000] {spark_submit.py:634} INFO - 24/12/02 20:52:33 INFO StandaloneAppClient$ClientEndpoint: Connecting to master spark://spark-master:7077...
[2024-12-02T20:52:33.466+0000] {spark_submit.py:634} INFO - 24/12/02 20:52:33 INFO TransportClientFactory: Successfully created connection to spark-master/172.18.0.3:7077 after 54 ms (0 ms spent in bootstraps)
[2024-12-02T20:52:33.769+0000] {spark_submit.py:634} INFO - 24/12/02 20:52:33 INFO StandaloneSchedulerBackend: Connected to Spark cluster with app ID app-20241202205233-0000
[2024-12-02T20:52:33.790+0000] {spark_submit.py:634} INFO - 24/12/02 20:52:33 INFO Utils: Successfully started service 'org.apache.spark.network.netty.NettyBlockTransferService' on port 43175.
[2024-12-02T20:52:33.796+0000] {spark_submit.py:634} INFO - 24/12/02 20:52:33 INFO NettyBlockTransferService: Server created on 070c47e27cca:43175
[2024-12-02T20:52:33.797+0000] {spark_submit.py:634} INFO - 24/12/02 20:52:33 INFO BlockManager: Using org.apache.spark.storage.RandomBlockReplicationPolicy for block replication policy
[2024-12-02T20:52:33.805+0000] {spark_submit.py:634} INFO - 24/12/02 20:52:33 INFO BlockManagerMaster: Registering BlockManager BlockManagerId(driver, 070c47e27cca, 43175, None)
[2024-12-02T20:52:33.825+0000] {spark_submit.py:634} INFO - 24/12/02 20:52:33 INFO BlockManagerMasterEndpoint: Registering block manager 070c47e27cca:43175 with 434.4 MiB RAM, BlockManagerId(driver, 070c47e27cca, 43175, None)
[2024-12-02T20:52:33.829+0000] {spark_submit.py:634} INFO - 24/12/02 20:52:33 INFO BlockManagerMaster: Registered BlockManager BlockManagerId(driver, 070c47e27cca, 43175, None)
[2024-12-02T20:52:33.833+0000] {spark_submit.py:634} INFO - 24/12/02 20:52:33 INFO BlockManager: Initialized BlockManager: BlockManagerId(driver, 070c47e27cca, 43175, None)
[2024-12-02T20:52:33.834+0000] {spark_submit.py:634} INFO - 24/12/02 20:52:33 INFO StandaloneAppClient$ClientEndpoint: Executor added: app-20241202205233-0000/0 on worker-20241202205132-172.18.0.4-41841 (172.18.0.4:41841) with 2 core(s)
[2024-12-02T20:52:33.835+0000] {spark_submit.py:634} INFO - 24/12/02 20:52:33 INFO StandaloneSchedulerBackend: Granted executor ID app-20241202205233-0000/0 on hostPort 172.18.0.4:41841 with 2 core(s), 1024.0 MiB RAM
[2024-12-02T20:52:34.438+0000] {spark_submit.py:634} INFO - 24/12/02 20:52:34 INFO StandaloneAppClient$ClientEndpoint: Executor updated: app-20241202205233-0000/0 is now RUNNING
[2024-12-02T20:52:34.502+0000] {spark_submit.py:634} INFO - 24/12/02 20:52:34 INFO StandaloneSchedulerBackend: SchedulerBackend is ready for scheduling beginning after reached minRegisteredResourcesRatio: 0.0
[2024-12-02T20:52:35.319+0000] {spark_submit.py:634} INFO - 24/12/02 20:52:35 INFO SparkContext: Starting job: collect at wordcount.scala:14
[2024-12-02T20:52:35.801+0000] {spark_submit.py:634} INFO - 24/12/02 20:52:35 INFO DAGScheduler: Registering RDD 2 (map at wordcount.scala:11) as input to shuffle 0
[2024-12-02T20:52:35.807+0000] {spark_submit.py:634} INFO - 24/12/02 20:52:35 INFO DAGScheduler: Got job 0 (collect at wordcount.scala:14) with 2 output partitions
[2024-12-02T20:52:35.808+0000] {spark_submit.py:634} INFO - 24/12/02 20:52:35 INFO DAGScheduler: Final stage: ResultStage 1 (collect at wordcount.scala:14)
[2024-12-02T20:52:35.809+0000] {spark_submit.py:634} INFO - 24/12/02 20:52:35 INFO DAGScheduler: Parents of final stage: List(ShuffleMapStage 0)
[2024-12-02T20:52:35.814+0000] {spark_submit.py:634} INFO - 24/12/02 20:52:35 INFO DAGScheduler: Missing parents: List(ShuffleMapStage 0)
[2024-12-02T20:52:35.818+0000] {spark_submit.py:634} INFO - 24/12/02 20:52:35 INFO DAGScheduler: Submitting ShuffleMapStage 0 (MapPartitionsRDD[2] at map at wordcount.scala:11), which has no missing parents
[2024-12-02T20:52:35.901+0000] {spark_submit.py:634} INFO - 24/12/02 20:52:35 INFO MemoryStore: Block broadcast_0 stored as values in memory (estimated size 5.5 KiB, free 434.4 MiB)
[2024-12-02T20:52:35.945+0000] {spark_submit.py:634} INFO - 24/12/02 20:52:35 INFO MemoryStore: Block broadcast_0_piece0 stored as bytes in memory (estimated size 3.2 KiB, free 434.4 MiB)
[2024-12-02T20:52:35.952+0000] {spark_submit.py:634} INFO - 24/12/02 20:52:35 INFO BlockManagerInfo: Added broadcast_0_piece0 in memory on 070c47e27cca:43175 (size: 3.2 KiB, free: 434.4 MiB)
[2024-12-02T20:52:35.965+0000] {spark_submit.py:634} INFO - 24/12/02 20:52:35 INFO SparkContext: Created broadcast 0 from broadcast at DAGScheduler.scala:1585
[2024-12-02T20:52:36.001+0000] {spark_submit.py:634} INFO - 24/12/02 20:52:35 INFO DAGScheduler: Submitting 2 missing tasks from ShuffleMapStage 0 (MapPartitionsRDD[2] at map at wordcount.scala:11) (first 15 tasks are for partitions Vector(0, 1))
[2024-12-02T20:52:36.001+0000] {spark_submit.py:634} INFO - 24/12/02 20:52:36 INFO TaskSchedulerImpl: Adding task set 0.0 with 2 tasks resource profile 0
[2024-12-02T20:52:37.524+0000] {spark_submit.py:634} INFO - 24/12/02 20:52:37 INFO StandaloneSchedulerBackend$StandaloneDriverEndpoint: Registered executor NettyRpcEndpointRef(spark-client://Executor) (172.18.0.4:55456) with ID 0,  ResourceProfileId 0
[2024-12-02T20:52:37.573+0000] {spark_submit.py:634} INFO - 24/12/02 20:52:37 INFO BlockManagerMasterEndpoint: Registering block manager 172.18.0.4:39583 with 434.4 MiB RAM, BlockManagerId(0, 172.18.0.4, 39583, None)
[2024-12-02T20:52:37.658+0000] {spark_submit.py:634} INFO - 24/12/02 20:52:37 INFO TaskSetManager: Starting task 0.0 in stage 0.0 (TID 0) (172.18.0.4, executor 0, partition 0, PROCESS_LOCAL, 9198 bytes)
[2024-12-02T20:52:37.662+0000] {spark_submit.py:634} INFO - 24/12/02 20:52:37 INFO TaskSetManager: Starting task 1.0 in stage 0.0 (TID 1) (172.18.0.4, executor 0, partition 1, PROCESS_LOCAL, 9213 bytes)
[2024-12-02T20:52:37.852+0000] {spark_submit.py:634} INFO - 24/12/02 20:52:37 INFO BlockManagerInfo: Added broadcast_0_piece0 in memory on 172.18.0.4:39583 (size: 3.2 KiB, free: 434.4 MiB)
[2024-12-02T20:52:38.306+0000] {spark_submit.py:634} INFO - 24/12/02 20:52:38 INFO TaskSetManager: Finished task 1.0 in stage 0.0 (TID 1) in 643 ms on 172.18.0.4 (executor 0) (1/2)
[2024-12-02T20:52:38.307+0000] {spark_submit.py:634} INFO - 24/12/02 20:52:38 INFO TaskSetManager: Finished task 0.0 in stage 0.0 (TID 0) in 659 ms on 172.18.0.4 (executor 0) (2/2)
[2024-12-02T20:52:38.308+0000] {spark_submit.py:634} INFO - 24/12/02 20:52:38 INFO TaskSchedulerImpl: Removed TaskSet 0.0, whose tasks have all completed, from pool
[2024-12-02T20:52:38.314+0000] {spark_submit.py:634} INFO - 24/12/02 20:52:38 INFO DAGScheduler: ShuffleMapStage 0 (map at wordcount.scala:11) finished in 2.477 s
[2024-12-02T20:52:38.315+0000] {spark_submit.py:634} INFO - 24/12/02 20:52:38 INFO DAGScheduler: looking for newly runnable stages
[2024-12-02T20:52:38.316+0000] {spark_submit.py:634} INFO - 24/12/02 20:52:38 INFO DAGScheduler: running: Set()
[2024-12-02T20:52:38.316+0000] {spark_submit.py:634} INFO - 24/12/02 20:52:38 INFO DAGScheduler: waiting: Set(ResultStage 1)
[2024-12-02T20:52:38.317+0000] {spark_submit.py:634} INFO - 24/12/02 20:52:38 INFO DAGScheduler: failed: Set()
[2024-12-02T20:52:38.318+0000] {spark_submit.py:634} INFO - 24/12/02 20:52:38 INFO DAGScheduler: Submitting ResultStage 1 (ShuffledRDD[3] at reduceByKey at wordcount.scala:12), which has no missing parents
[2024-12-02T20:52:38.326+0000] {spark_submit.py:634} INFO - 24/12/02 20:52:38 INFO MemoryStore: Block broadcast_1 stored as values in memory (estimated size 5.2 KiB, free 434.4 MiB)
[2024-12-02T20:52:38.335+0000] {spark_submit.py:634} INFO - 24/12/02 20:52:38 INFO MemoryStore: Block broadcast_1_piece0 stored as bytes in memory (estimated size 3.1 KiB, free 434.4 MiB)
[2024-12-02T20:52:38.337+0000] {spark_submit.py:634} INFO - 24/12/02 20:52:38 INFO BlockManagerInfo: Added broadcast_1_piece0 in memory on 070c47e27cca:43175 (size: 3.1 KiB, free: 434.4 MiB)
[2024-12-02T20:52:38.341+0000] {spark_submit.py:634} INFO - 24/12/02 20:52:38 INFO SparkContext: Created broadcast 1 from broadcast at DAGScheduler.scala:1585
[2024-12-02T20:52:38.343+0000] {spark_submit.py:634} INFO - 24/12/02 20:52:38 INFO DAGScheduler: Submitting 2 missing tasks from ResultStage 1 (ShuffledRDD[3] at reduceByKey at wordcount.scala:12) (first 15 tasks are for partitions Vector(0, 1))
[2024-12-02T20:52:38.345+0000] {spark_submit.py:634} INFO - 24/12/02 20:52:38 INFO TaskSchedulerImpl: Adding task set 1.0 with 2 tasks resource profile 0
[2024-12-02T20:52:38.363+0000] {spark_submit.py:634} INFO - 24/12/02 20:52:38 INFO TaskSetManager: Starting task 0.0 in stage 1.0 (TID 2) (172.18.0.4, executor 0, partition 0, NODE_LOCAL, 9003 bytes)
[2024-12-02T20:52:38.364+0000] {spark_submit.py:634} INFO - 24/12/02 20:52:38 INFO TaskSetManager: Starting task 1.0 in stage 1.0 (TID 3) (172.18.0.4, executor 0, partition 1, NODE_LOCAL, 9003 bytes)
[2024-12-02T20:52:38.385+0000] {spark_submit.py:634} INFO - 24/12/02 20:52:38 INFO BlockManagerInfo: Added broadcast_1_piece0 in memory on 172.18.0.4:39583 (size: 3.1 KiB, free: 434.4 MiB)
[2024-12-02T20:52:38.433+0000] {spark_submit.py:634} INFO - 24/12/02 20:52:38 INFO MapOutputTrackerMasterEndpoint: Asked to send map output locations for shuffle 0 to 172.18.0.4:55456
[2024-12-02T20:52:38.464+0000] {spark_submit.py:634} INFO - 24/12/02 20:52:38 INFO BlockManagerInfo: Removed broadcast_0_piece0 on 070c47e27cca:43175 in memory (size: 3.2 KiB, free: 434.4 MiB)
[2024-12-02T20:52:38.467+0000] {spark_submit.py:634} INFO - 24/12/02 20:52:38 INFO BlockManagerInfo: Removed broadcast_0_piece0 on 172.18.0.4:39583 in memory (size: 3.2 KiB, free: 434.4 MiB)
[2024-12-02T20:52:38.549+0000] {spark_submit.py:634} INFO - 24/12/02 20:52:38 INFO TaskSetManager: Finished task 1.0 in stage 1.0 (TID 3) in 186 ms on 172.18.0.4 (executor 0) (1/2)
[2024-12-02T20:52:38.551+0000] {spark_submit.py:634} INFO - 24/12/02 20:52:38 INFO TaskSetManager: Finished task 0.0 in stage 1.0 (TID 2) in 197 ms on 172.18.0.4 (executor 0) (2/2)
[2024-12-02T20:52:38.554+0000] {spark_submit.py:634} INFO - 24/12/02 20:52:38 INFO TaskSchedulerImpl: Removed TaskSet 1.0, whose tasks have all completed, from pool
[2024-12-02T20:52:38.555+0000] {spark_submit.py:634} INFO - 24/12/02 20:52:38 INFO DAGScheduler: ResultStage 1 (collect at wordcount.scala:14) finished in 0.228 s
[2024-12-02T20:52:38.555+0000] {spark_submit.py:634} INFO - 24/12/02 20:52:38 INFO DAGScheduler: Job 0 is finished. Cancelling potential speculative or zombie tasks for this job
[2024-12-02T20:52:38.556+0000] {spark_submit.py:634} INFO - 24/12/02 20:52:38 INFO TaskSchedulerImpl: Killing all running tasks in stage 1: Stage finished
[2024-12-02T20:52:38.558+0000] {spark_submit.py:634} INFO - 24/12/02 20:52:38 INFO DAGScheduler: Job 0 finished: collect at wordcount.scala:14, took 3.238761 s
[2024-12-02T20:52:38.563+0000] {spark_submit.py:634} INFO - (Hello,5)
[2024-12-02T20:52:38.566+0000] {spark_submit.py:634} INFO - (Yusuf,1)
[2024-12-02T20:52:38.566+0000] {spark_submit.py:634} INFO - (World,1)
[2024-12-02T20:52:38.567+0000] {spark_submit.py:634} INFO - (Scala,1)
[2024-12-02T20:52:38.567+0000] {spark_submit.py:634} INFO - (Docker,1)
[2024-12-02T20:52:38.567+0000] {spark_submit.py:634} INFO - (spark,1)
[2024-12-02T20:52:38.568+0000] {spark_submit.py:634} INFO - 24/12/02 20:52:38 INFO SparkContext: SparkContext is stopping with exitCode 0.
[2024-12-02T20:52:38.571+0000] {spark_submit.py:634} INFO - 24/12/02 20:52:38 INFO SparkUI: Stopped Spark web UI at http://070c47e27cca:4040
[2024-12-02T20:52:38.573+0000] {spark_submit.py:634} INFO - 24/12/02 20:52:38 INFO StandaloneSchedulerBackend: Shutting down all executors
[2024-12-02T20:52:38.573+0000] {spark_submit.py:634} INFO - 24/12/02 20:52:38 INFO StandaloneSchedulerBackend$StandaloneDriverEndpoint: Asking each executor to shut down
[2024-12-02T20:52:38.590+0000] {spark_submit.py:634} INFO - 24/12/02 20:52:38 INFO MapOutputTrackerMasterEndpoint: MapOutputTrackerMasterEndpoint stopped!
[2024-12-02T20:52:38.607+0000] {spark_submit.py:634} INFO - 24/12/02 20:52:38 INFO MemoryStore: MemoryStore cleared
[2024-12-02T20:52:38.608+0000] {spark_submit.py:634} INFO - 24/12/02 20:52:38 INFO BlockManager: BlockManager stopped
[2024-12-02T20:52:38.611+0000] {spark_submit.py:634} INFO - 24/12/02 20:52:38 INFO BlockManagerMaster: BlockManagerMaster stopped
[2024-12-02T20:52:38.614+0000] {spark_submit.py:634} INFO - 24/12/02 20:52:38 INFO OutputCommitCoordinator$OutputCommitCoordinatorEndpoint: OutputCommitCoordinator stopped!
[2024-12-02T20:52:38.629+0000] {spark_submit.py:634} INFO - 24/12/02 20:52:38 INFO SparkContext: Successfully stopped SparkContext
[2024-12-02T20:52:38.631+0000] {spark_submit.py:634} INFO - 24/12/02 20:52:38 INFO ShutdownHookManager: Shutdown hook called
[2024-12-02T20:52:38.632+0000] {spark_submit.py:634} INFO - 24/12/02 20:52:38 INFO ShutdownHookManager: Deleting directory /tmp/spark-0cb9e7da-67e9-49d4-af42-75b957c859fc
[2024-12-02T20:52:38.635+0000] {spark_submit.py:634} INFO - 24/12/02 20:52:38 INFO ShutdownHookManager: Deleting directory /tmp/spark-2407c48b-bd63-4cad-b38d-228f4cf68a24
[2024-12-02T20:52:38.686+0000] {taskinstance.py:340} INFO - ::group::Post task execution logs
[2024-12-02T20:52:38.687+0000] {taskinstance.py:352} INFO - Marking task as SUCCESS. dag_id=sparking_flow, task_id=scala_job, run_id=manual__2024-12-02T20:52:27.530012+00:00, execution_date=20241202T205227, start_date=20241202T205229, end_date=20241202T205238
[2024-12-02T20:52:38.729+0000] {local_task_job_runner.py:266} INFO - Task exited with return code 0
[2024-12-02T20:52:38.749+0000] {taskinstance.py:3895} INFO - 0 downstream tasks scheduled from follow-on schedule check
[2024-12-02T20:52:38.750+0000] {local_task_job_runner.py:245} INFO - ::endgroup::
