[2024-12-09T13:03:45.762+0000] {local_task_job_runner.py:123} INFO - ::group::Pre task execution logs
[2024-12-09T13:03:45.791+0000] {taskinstance.py:2613} INFO - Dependencies all met for dep_context=non-requeueable deps ti=<TaskInstance: sparking_flow.java_job manual__2024-12-09T13:03:43.447734+00:00 [queued]>
[2024-12-09T13:03:45.806+0000] {taskinstance.py:2613} INFO - Dependencies all met for dep_context=requeueable deps ti=<TaskInstance: sparking_flow.java_job manual__2024-12-09T13:03:43.447734+00:00 [queued]>
[2024-12-09T13:03:45.810+0000] {taskinstance.py:2866} INFO - Starting attempt 1 of 1
[2024-12-09T13:03:45.835+0000] {taskinstance.py:2889} INFO - Executing <Task(SparkSubmitOperator): java_job> on 2024-12-09 13:03:43.447734+00:00
[2024-12-09T13:03:45.846+0000] {logging_mixin.py:190} WARNING - /home/***/.local/lib/python3.12/site-packages/***/task/task_runner/standard_task_runner.py:70 DeprecationWarning: This process (pid=185) is multi-threaded, use of fork() may lead to deadlocks in the child.
[2024-12-09T13:03:45.847+0000] {standard_task_runner.py:72} INFO - Started process 188 to run task
[2024-12-09T13:03:45.846+0000] {standard_task_runner.py:104} INFO - Running: ['***', 'tasks', 'run', 'sparking_flow', 'java_job', 'manual__2024-12-09T13:03:43.447734+00:00', '--job-id', '459', '--raw', '--subdir', 'DAGS_FOLDER/spark_***.py', '--cfg-path', '/tmp/tmpbc0jybvr']
[2024-12-09T13:03:45.850+0000] {standard_task_runner.py:105} INFO - Job 459: Subtask java_job
[2024-12-09T13:03:45.913+0000] {task_command.py:467} INFO - Running <TaskInstance: sparking_flow.java_job manual__2024-12-09T13:03:43.447734+00:00 [running]> on host 2a892a3469ec
[2024-12-09T13:03:46.000+0000] {taskinstance.py:3132} INFO - Exporting env vars: AIRFLOW_CTX_DAG_OWNER='Yusuf Ganiyu' AIRFLOW_CTX_DAG_ID='sparking_flow' AIRFLOW_CTX_TASK_ID='java_job' AIRFLOW_CTX_EXECUTION_DATE='2024-12-09T13:03:43.447734+00:00' AIRFLOW_CTX_TRY_NUMBER='1' AIRFLOW_CTX_DAG_RUN_ID='manual__2024-12-09T13:03:43.447734+00:00'
[2024-12-09T13:03:46.001+0000] {taskinstance.py:731} INFO - ::endgroup::
[2024-12-09T13:03:46.026+0000] {base.py:84} INFO - Retrieving connection 'spark-conn'
[2024-12-09T13:03:46.027+0000] {spark_submit.py:473} INFO - Spark-Submit cmd: spark-submit --master spark://sparkingflow-spark-master-1:7077 --name arrow-spark --class com.airscholar.spark.WordCountJob --deploy-mode client jobs/java/spark-job/target/spark-job-1.0-SNAPSHOT.jar
[2024-12-09T13:03:50.004+0000] {spark_submit.py:634} INFO - 24/12/09 13:03:49 INFO SparkContext: Running Spark version 3.5.3
[2024-12-09T13:03:50.013+0000] {spark_submit.py:634} INFO - 24/12/09 13:03:50 INFO SparkContext: OS info Linux, 6.10.14-linuxkit, aarch64
[2024-12-09T13:03:50.016+0000] {spark_submit.py:634} INFO - 24/12/09 13:03:50 INFO SparkContext: Java version 17.0.13
[2024-12-09T13:03:50.187+0000] {spark_submit.py:634} INFO - 24/12/09 13:03:50 WARN NativeCodeLoader: Unable to load native-hadoop library for your platform... using builtin-java classes where applicable
[2024-12-09T13:03:50.460+0000] {spark_submit.py:634} INFO - 24/12/09 13:03:50 INFO ResourceUtils: ==============================================================
[2024-12-09T13:03:50.465+0000] {spark_submit.py:634} INFO - 24/12/09 13:03:50 INFO ResourceUtils: No custom resources configured for spark.driver.
[2024-12-09T13:03:50.466+0000] {spark_submit.py:634} INFO - 24/12/09 13:03:50 INFO ResourceUtils: ==============================================================
[2024-12-09T13:03:50.466+0000] {spark_submit.py:634} INFO - 24/12/09 13:03:50 INFO SparkContext: Submitted application: Word Count Job
[2024-12-09T13:03:50.545+0000] {spark_submit.py:634} INFO - 24/12/09 13:03:50 INFO ResourceProfile: Default ResourceProfile created, executor resources: Map(cores -> name: cores, amount: 1, script: , vendor: , memory -> name: memory, amount: 1024, script: , vendor: , offHeap -> name: offHeap, amount: 0, script: , vendor: ), task resources: Map(cpus -> name: cpus, amount: 1.0)
[2024-12-09T13:03:50.564+0000] {spark_submit.py:634} INFO - 24/12/09 13:03:50 INFO ResourceProfile: Limiting resource is cpu
[2024-12-09T13:03:50.575+0000] {spark_submit.py:634} INFO - 24/12/09 13:03:50 INFO ResourceProfileManager: Added ResourceProfile id: 0
[2024-12-09T13:03:50.710+0000] {spark_submit.py:634} INFO - 24/12/09 13:03:50 INFO SecurityManager: Changing view acls to: ***
[2024-12-09T13:03:50.716+0000] {spark_submit.py:634} INFO - 24/12/09 13:03:50 INFO SecurityManager: Changing modify acls to: ***
[2024-12-09T13:03:50.717+0000] {spark_submit.py:634} INFO - 24/12/09 13:03:50 INFO SecurityManager: Changing view acls groups to:
[2024-12-09T13:03:50.718+0000] {spark_submit.py:634} INFO - 24/12/09 13:03:50 INFO SecurityManager: Changing modify acls groups to:
[2024-12-09T13:03:50.720+0000] {spark_submit.py:634} INFO - 24/12/09 13:03:50 INFO SecurityManager: SecurityManager: authentication disabled; ui acls disabled; users with view permissions: ***; groups with view permissions: EMPTY; users with modify permissions: ***; groups with modify permissions: EMPTY
[2024-12-09T13:03:51.429+0000] {spark_submit.py:634} INFO - 24/12/09 13:03:51 INFO Utils: Successfully started service 'sparkDriver' on port 41743.
[2024-12-09T13:03:51.482+0000] {spark_submit.py:634} INFO - 24/12/09 13:03:51 INFO SparkEnv: Registering MapOutputTracker
[2024-12-09T13:03:51.586+0000] {spark_submit.py:634} INFO - 24/12/09 13:03:51 INFO SparkEnv: Registering BlockManagerMaster
[2024-12-09T13:03:51.637+0000] {spark_submit.py:634} INFO - 24/12/09 13:03:51 INFO BlockManagerMasterEndpoint: Using org.apache.spark.storage.DefaultTopologyMapper for getting topology information
[2024-12-09T13:03:51.639+0000] {spark_submit.py:634} INFO - 24/12/09 13:03:51 INFO BlockManagerMasterEndpoint: BlockManagerMasterEndpoint up
[2024-12-09T13:03:51.646+0000] {spark_submit.py:634} INFO - 24/12/09 13:03:51 INFO SparkEnv: Registering BlockManagerMasterHeartbeat
[2024-12-09T13:03:51.684+0000] {spark_submit.py:634} INFO - 24/12/09 13:03:51 INFO DiskBlockManager: Created local directory at /tmp/blockmgr-2f8033a6-4e77-4edf-891f-9083548d1a97
[2024-12-09T13:03:51.703+0000] {spark_submit.py:634} INFO - 24/12/09 13:03:51 INFO MemoryStore: MemoryStore started with capacity 434.4 MiB
[2024-12-09T13:03:51.726+0000] {spark_submit.py:634} INFO - 24/12/09 13:03:51 INFO SparkEnv: Registering OutputCommitCoordinator
[2024-12-09T13:03:51.928+0000] {spark_submit.py:634} INFO - 24/12/09 13:03:51 INFO JettyUtils: Start Jetty 0.0.0.0:4040 for SparkUI
[2024-12-09T13:03:52.070+0000] {spark_submit.py:634} INFO - 24/12/09 13:03:52 INFO Utils: Successfully started service 'SparkUI' on port 4040.
[2024-12-09T13:03:52.132+0000] {spark_submit.py:634} INFO - 24/12/09 13:03:52 INFO SparkContext: Added JAR file:/opt/***/jobs/java/spark-job/target/spark-job-1.0-SNAPSHOT.jar at spark://2a892a3469ec:41743/jars/spark-job-1.0-SNAPSHOT.jar with timestamp 1733749429974
[2024-12-09T13:03:52.237+0000] {spark_submit.py:634} INFO - 24/12/09 13:03:52 INFO Executor: Starting executor ID driver on host 2a892a3469ec
[2024-12-09T13:03:52.239+0000] {spark_submit.py:634} INFO - 24/12/09 13:03:52 INFO Executor: OS info Linux, 6.10.14-linuxkit, aarch64
[2024-12-09T13:03:52.239+0000] {spark_submit.py:634} INFO - 24/12/09 13:03:52 INFO Executor: Java version 17.0.13
[2024-12-09T13:03:52.249+0000] {spark_submit.py:634} INFO - 24/12/09 13:03:52 INFO Executor: Starting executor with user classpath (userClassPathFirst = false): ''
[2024-12-09T13:03:52.249+0000] {spark_submit.py:634} INFO - 24/12/09 13:03:52 INFO Executor: Created or updated repl class loader org.apache.spark.util.MutableURLClassLoader@38f77cd9 for default.
[2024-12-09T13:03:52.274+0000] {spark_submit.py:634} INFO - 24/12/09 13:03:52 INFO Executor: Fetching spark://2a892a3469ec:41743/jars/spark-job-1.0-SNAPSHOT.jar with timestamp 1733749429974
[2024-12-09T13:03:52.389+0000] {spark_submit.py:634} INFO - 24/12/09 13:03:52 INFO TransportClientFactory: Successfully created connection to 2a892a3469ec/172.18.0.4:41743 after 59 ms (0 ms spent in bootstraps)
[2024-12-09T13:03:52.398+0000] {spark_submit.py:634} INFO - 24/12/09 13:03:52 INFO Utils: Fetching spark://2a892a3469ec:41743/jars/spark-job-1.0-SNAPSHOT.jar to /tmp/spark-a1cf8404-6ae1-4c48-bc56-ce7fd1f663ce/userFiles-ded182b3-e284-4c69-8aee-1318415ae815/fetchFileTemp9232682820848367282.tmp
[2024-12-09T13:03:52.454+0000] {spark_submit.py:634} INFO - 24/12/09 13:03:52 INFO Executor: Adding file:/tmp/spark-a1cf8404-6ae1-4c48-bc56-ce7fd1f663ce/userFiles-ded182b3-e284-4c69-8aee-1318415ae815/spark-job-1.0-SNAPSHOT.jar to class loader default
[2024-12-09T13:03:52.465+0000] {spark_submit.py:634} INFO - 24/12/09 13:03:52 INFO Utils: Successfully started service 'org.apache.spark.network.netty.NettyBlockTransferService' on port 36335.
[2024-12-09T13:03:52.466+0000] {spark_submit.py:634} INFO - 24/12/09 13:03:52 INFO NettyBlockTransferService: Server created on 2a892a3469ec:36335
[2024-12-09T13:03:52.468+0000] {spark_submit.py:634} INFO - 24/12/09 13:03:52 INFO BlockManager: Using org.apache.spark.storage.RandomBlockReplicationPolicy for block replication policy
[2024-12-09T13:03:52.478+0000] {spark_submit.py:634} INFO - 24/12/09 13:03:52 INFO BlockManagerMaster: Registering BlockManager BlockManagerId(driver, 2a892a3469ec, 36335, None)
[2024-12-09T13:03:52.484+0000] {spark_submit.py:634} INFO - 24/12/09 13:03:52 INFO BlockManagerMasterEndpoint: Registering block manager 2a892a3469ec:36335 with 434.4 MiB RAM, BlockManagerId(driver, 2a892a3469ec, 36335, None)
[2024-12-09T13:03:52.488+0000] {spark_submit.py:634} INFO - 24/12/09 13:03:52 INFO BlockManagerMaster: Registered BlockManager BlockManagerId(driver, 2a892a3469ec, 36335, None)
[2024-12-09T13:03:52.490+0000] {spark_submit.py:634} INFO - 24/12/09 13:03:52 INFO BlockManager: Initialized BlockManager: BlockManagerId(driver, 2a892a3469ec, 36335, None)
[2024-12-09T13:03:53.934+0000] {spark_submit.py:634} INFO - 24/12/09 13:03:53 INFO SparkContext: Starting job: collect at WordCountJob.java:37
[2024-12-09T13:03:54.004+0000] {spark_submit.py:634} INFO - 24/12/09 13:03:54 INFO DAGScheduler: Registering RDD 2 (mapToPair at WordCountJob.java:33) as input to shuffle 0
[2024-12-09T13:03:54.017+0000] {spark_submit.py:634} INFO - 24/12/09 13:03:54 INFO DAGScheduler: Got job 0 (collect at WordCountJob.java:37) with 1 output partitions
[2024-12-09T13:03:54.017+0000] {spark_submit.py:634} INFO - 24/12/09 13:03:54 INFO DAGScheduler: Final stage: ResultStage 1 (collect at WordCountJob.java:37)
[2024-12-09T13:03:54.019+0000] {spark_submit.py:634} INFO - 24/12/09 13:03:54 INFO DAGScheduler: Parents of final stage: List(ShuffleMapStage 0)
[2024-12-09T13:03:54.023+0000] {spark_submit.py:634} INFO - 24/12/09 13:03:54 INFO DAGScheduler: Missing parents: List(ShuffleMapStage 0)
[2024-12-09T13:03:54.034+0000] {spark_submit.py:634} INFO - 24/12/09 13:03:54 INFO DAGScheduler: Submitting ShuffleMapStage 0 (MapPartitionsRDD[2] at mapToPair at WordCountJob.java:33), which has no missing parents
[2024-12-09T13:03:54.332+0000] {spark_submit.py:634} INFO - 24/12/09 13:03:54 INFO MemoryStore: Block broadcast_0 stored as values in memory (estimated size 6.4 KiB, free 434.4 MiB)
[2024-12-09T13:03:54.453+0000] {spark_submit.py:634} INFO - 24/12/09 13:03:54 INFO MemoryStore: Block broadcast_0_piece0 stored as bytes in memory (estimated size 3.4 KiB, free 434.4 MiB)
[2024-12-09T13:03:54.458+0000] {spark_submit.py:634} INFO - 24/12/09 13:03:54 INFO BlockManagerInfo: Added broadcast_0_piece0 in memory on 2a892a3469ec:36335 (size: 3.4 KiB, free: 434.4 MiB)
[2024-12-09T13:03:54.464+0000] {spark_submit.py:634} INFO - 24/12/09 13:03:54 INFO SparkContext: Created broadcast 0 from broadcast at DAGScheduler.scala:1585
[2024-12-09T13:03:54.518+0000] {spark_submit.py:634} INFO - 24/12/09 13:03:54 INFO DAGScheduler: Submitting 1 missing tasks from ShuffleMapStage 0 (MapPartitionsRDD[2] at mapToPair at WordCountJob.java:33) (first 15 tasks are for partitions Vector(0))
[2024-12-09T13:03:54.519+0000] {spark_submit.py:634} INFO - 24/12/09 13:03:54 INFO TaskSchedulerImpl: Adding task set 0.0 with 1 tasks resource profile 0
[2024-12-09T13:03:54.629+0000] {spark_submit.py:634} INFO - 24/12/09 13:03:54 INFO TaskSetManager: Starting task 0.0 in stage 0.0 (TID 0) (2a892a3469ec, executor driver, partition 0, PROCESS_LOCAL, 9249 bytes)
[2024-12-09T13:03:54.668+0000] {spark_submit.py:634} INFO - 24/12/09 13:03:54 INFO Executor: Running task 0.0 in stage 0.0 (TID 0)
[2024-12-09T13:03:54.917+0000] {spark_submit.py:634} INFO - 24/12/09 13:03:54 INFO Executor: Finished task 0.0 in stage 0.0 (TID 0). 1216 bytes result sent to driver
[2024-12-09T13:03:54.948+0000] {spark_submit.py:634} INFO - 24/12/09 13:03:54 INFO TaskSetManager: Finished task 0.0 in stage 0.0 (TID 0) in 367 ms on 2a892a3469ec (executor driver) (1/1)
[2024-12-09T13:03:54.953+0000] {spark_submit.py:634} INFO - 24/12/09 13:03:54 INFO TaskSchedulerImpl: Removed TaskSet 0.0, whose tasks have all completed, from pool
[2024-12-09T13:03:54.991+0000] {spark_submit.py:634} INFO - 24/12/09 13:03:54 INFO DAGScheduler: ShuffleMapStage 0 (mapToPair at WordCountJob.java:33) finished in 0.909 s
[2024-12-09T13:03:54.993+0000] {spark_submit.py:634} INFO - 24/12/09 13:03:54 INFO DAGScheduler: looking for newly runnable stages
[2024-12-09T13:03:54.994+0000] {spark_submit.py:634} INFO - 24/12/09 13:03:54 INFO DAGScheduler: running: Set()
[2024-12-09T13:03:54.997+0000] {spark_submit.py:634} INFO - 24/12/09 13:03:54 INFO DAGScheduler: waiting: Set(ResultStage 1)
[2024-12-09T13:03:55.006+0000] {spark_submit.py:634} INFO - 24/12/09 13:03:54 INFO DAGScheduler: failed: Set()
[2024-12-09T13:03:55.010+0000] {spark_submit.py:634} INFO - 24/12/09 13:03:55 INFO DAGScheduler: Submitting ResultStage 1 (ShuffledRDD[3] at reduceByKey at WordCountJob.java:34), which has no missing parents
[2024-12-09T13:03:55.110+0000] {spark_submit.py:634} INFO - 24/12/09 13:03:55 INFO MemoryStore: Block broadcast_1 stored as values in memory (estimated size 5.2 KiB, free 434.4 MiB)
[2024-12-09T13:03:55.174+0000] {spark_submit.py:634} INFO - 24/12/09 13:03:55 INFO MemoryStore: Block broadcast_1_piece0 stored as bytes in memory (estimated size 2.9 KiB, free 434.4 MiB)
[2024-12-09T13:03:55.175+0000] {spark_submit.py:634} INFO - 24/12/09 13:03:55 INFO BlockManagerInfo: Added broadcast_1_piece0 in memory on 2a892a3469ec:36335 (size: 2.9 KiB, free: 434.4 MiB)
[2024-12-09T13:03:55.176+0000] {spark_submit.py:634} INFO - 24/12/09 13:03:55 INFO SparkContext: Created broadcast 1 from broadcast at DAGScheduler.scala:1585
[2024-12-09T13:03:55.178+0000] {spark_submit.py:634} INFO - 24/12/09 13:03:55 INFO DAGScheduler: Submitting 1 missing tasks from ResultStage 1 (ShuffledRDD[3] at reduceByKey at WordCountJob.java:34) (first 15 tasks are for partitions Vector(0))
[2024-12-09T13:03:55.186+0000] {spark_submit.py:634} INFO - 24/12/09 13:03:55 INFO TaskSchedulerImpl: Adding task set 1.0 with 1 tasks resource profile 0
[2024-12-09T13:03:55.189+0000] {spark_submit.py:634} INFO - 24/12/09 13:03:55 INFO TaskSetManager: Starting task 0.0 in stage 1.0 (TID 1) (2a892a3469ec, executor driver, partition 0, NODE_LOCAL, 9002 bytes)
[2024-12-09T13:03:55.192+0000] {spark_submit.py:634} INFO - 24/12/09 13:03:55 INFO Executor: Running task 0.0 in stage 1.0 (TID 1)
[2024-12-09T13:03:55.275+0000] {spark_submit.py:634} INFO - 24/12/09 13:03:55 INFO ShuffleBlockFetcherIterator: Getting 1 (189.0 B) non-empty blocks including 1 (189.0 B) local and 0 (0.0 B) host-local and 0 (0.0 B) push-merged-local and 0 (0.0 B) remote blocks
[2024-12-09T13:03:55.281+0000] {spark_submit.py:634} INFO - 24/12/09 13:03:55 INFO ShuffleBlockFetcherIterator: Started 0 remote fetches in 22 ms
[2024-12-09T13:03:55.322+0000] {spark_submit.py:634} INFO - 24/12/09 13:03:55 INFO Executor: Finished task 0.0 in stage 1.0 (TID 1). 1958 bytes result sent to driver
[2024-12-09T13:03:55.327+0000] {spark_submit.py:634} INFO - 24/12/09 13:03:55 INFO TaskSetManager: Finished task 0.0 in stage 1.0 (TID 1) in 155 ms on 2a892a3469ec (executor driver) (1/1)
[2024-12-09T13:03:55.328+0000] {spark_submit.py:634} INFO - 24/12/09 13:03:55 INFO TaskSchedulerImpl: Removed TaskSet 1.0, whose tasks have all completed, from pool
[2024-12-09T13:03:55.331+0000] {spark_submit.py:634} INFO - 24/12/09 13:03:55 INFO DAGScheduler: ResultStage 1 (collect at WordCountJob.java:37) finished in 0.229 s
[2024-12-09T13:03:55.337+0000] {spark_submit.py:634} INFO - 24/12/09 13:03:55 INFO DAGScheduler: Job 0 is finished. Cancelling potential speculative or zombie tasks for this job
[2024-12-09T13:03:55.337+0000] {spark_submit.py:634} INFO - 24/12/09 13:03:55 INFO TaskSchedulerImpl: Killing all running tasks in stage 1: Stage finished
[2024-12-09T13:03:55.342+0000] {spark_submit.py:634} INFO - 24/12/09 13:03:55 INFO DAGScheduler: Job 0 finished: collect at WordCountJob.java:37, took 1.409685 s
[2024-12-09T13:03:55.349+0000] {spark_submit.py:634} INFO - spark: 1
[2024-12-09T13:03:55.350+0000] {spark_submit.py:634} INFO - docker: 1
[2024-12-09T13:03:55.351+0000] {spark_submit.py:634} INFO - Yusuf: 1
[2024-12-09T13:03:55.352+0000] {spark_submit.py:634} INFO - hello: 5
[2024-12-09T13:03:55.353+0000] {spark_submit.py:634} INFO - java: 1
[2024-12-09T13:03:55.353+0000] {spark_submit.py:634} INFO - world: 1
[2024-12-09T13:03:55.356+0000] {spark_submit.py:634} INFO - 24/12/09 13:03:55 INFO SparkContext: SparkContext is stopping with exitCode 0.
[2024-12-09T13:03:55.387+0000] {spark_submit.py:634} INFO - 24/12/09 13:03:55 INFO SparkUI: Stopped Spark web UI at http://2a892a3469ec:4040
[2024-12-09T13:03:55.414+0000] {spark_submit.py:634} INFO - 24/12/09 13:03:55 INFO MapOutputTrackerMasterEndpoint: MapOutputTrackerMasterEndpoint stopped!
[2024-12-09T13:03:55.454+0000] {spark_submit.py:634} INFO - 24/12/09 13:03:55 INFO MemoryStore: MemoryStore cleared
[2024-12-09T13:03:55.459+0000] {spark_submit.py:634} INFO - 24/12/09 13:03:55 INFO BlockManager: BlockManager stopped
[2024-12-09T13:03:55.472+0000] {spark_submit.py:634} INFO - 24/12/09 13:03:55 INFO BlockManagerMaster: BlockManagerMaster stopped
[2024-12-09T13:03:55.491+0000] {spark_submit.py:634} INFO - 24/12/09 13:03:55 INFO OutputCommitCoordinator$OutputCommitCoordinatorEndpoint: OutputCommitCoordinator stopped!
[2024-12-09T13:03:55.509+0000] {spark_submit.py:634} INFO - 24/12/09 13:03:55 INFO SparkContext: Successfully stopped SparkContext
[2024-12-09T13:03:55.513+0000] {spark_submit.py:634} INFO - 24/12/09 13:03:55 INFO ShutdownHookManager: Shutdown hook called
[2024-12-09T13:03:55.516+0000] {spark_submit.py:634} INFO - 24/12/09 13:03:55 INFO ShutdownHookManager: Deleting directory /tmp/spark-ce6fe1e6-3958-45f9-a3aa-c83d6a6b8322
[2024-12-09T13:03:55.527+0000] {spark_submit.py:634} INFO - 24/12/09 13:03:55 INFO ShutdownHookManager: Deleting directory /tmp/spark-a1cf8404-6ae1-4c48-bc56-ce7fd1f663ce
[2024-12-09T13:03:55.722+0000] {taskinstance.py:340} INFO - ::group::Post task execution logs
[2024-12-09T13:03:55.723+0000] {taskinstance.py:352} INFO - Marking task as SUCCESS. dag_id=sparking_flow, task_id=java_job, run_id=manual__2024-12-09T13:03:43.447734+00:00, execution_date=20241209T130343, start_date=20241209T130345, end_date=20241209T130355
[2024-12-09T13:03:55.795+0000] {local_task_job_runner.py:266} INFO - Task exited with return code 0
[2024-12-09T13:03:55.864+0000] {standard_task_runner.py:217} INFO - Process not found (most likely exited), stop collecting metrics
[2024-12-09T13:03:55.879+0000] {taskinstance.py:3895} INFO - 0 downstream tasks scheduled from follow-on schedule check
[2024-12-09T13:03:55.883+0000] {local_task_job_runner.py:245} INFO - ::endgroup::
