[2024-12-09T15:04:41.102+0000] {local_task_job_runner.py:123} INFO - ::group::Pre task execution logs
[2024-12-09T15:04:41.128+0000] {taskinstance.py:2613} INFO - Dependencies all met for dep_context=non-requeueable deps ti=<TaskInstance: sparking_flow.python_job manual__2024-12-09T15:04:38.744438+00:00 [queued]>
[2024-12-09T15:04:41.140+0000] {taskinstance.py:2613} INFO - Dependencies all met for dep_context=requeueable deps ti=<TaskInstance: sparking_flow.python_job manual__2024-12-09T15:04:38.744438+00:00 [queued]>
[2024-12-09T15:04:41.141+0000] {taskinstance.py:2866} INFO - Starting attempt 1 of 1
[2024-12-09T15:04:41.168+0000] {taskinstance.py:2889} INFO - Executing <Task(SparkSubmitOperator): python_job> on 2024-12-09 15:04:38.744438+00:00
[2024-12-09T15:04:41.178+0000] {logging_mixin.py:190} WARNING - /home/***/.local/lib/python3.12/site-packages/***/task/task_runner/standard_task_runner.py:70 DeprecationWarning: This process (pid=186) is multi-threaded, use of fork() may lead to deadlocks in the child.
[2024-12-09T15:04:41.183+0000] {standard_task_runner.py:72} INFO - Started process 190 to run task
[2024-12-09T15:04:41.177+0000] {standard_task_runner.py:104} INFO - Running: ['***', 'tasks', 'run', 'sparking_flow', 'python_job', 'manual__2024-12-09T15:04:38.744438+00:00', '--job-id', '514', '--raw', '--subdir', 'DAGS_FOLDER/spark_***.py', '--cfg-path', '/tmp/tmpamhptxpt']
[2024-12-09T15:04:41.186+0000] {standard_task_runner.py:105} INFO - Job 514: Subtask python_job
[2024-12-09T15:04:41.269+0000] {task_command.py:467} INFO - Running <TaskInstance: sparking_flow.python_job manual__2024-12-09T15:04:38.744438+00:00 [running]> on host 2a892a3469ec
[2024-12-09T15:04:41.475+0000] {taskinstance.py:3132} INFO - Exporting env vars: AIRFLOW_CTX_DAG_OWNER='Yusuf Ganiyu' AIRFLOW_CTX_DAG_ID='sparking_flow' AIRFLOW_CTX_TASK_ID='python_job' AIRFLOW_CTX_EXECUTION_DATE='2024-12-09T15:04:38.744438+00:00' AIRFLOW_CTX_TRY_NUMBER='1' AIRFLOW_CTX_DAG_RUN_ID='manual__2024-12-09T15:04:38.744438+00:00'
[2024-12-09T15:04:41.478+0000] {taskinstance.py:731} INFO - ::endgroup::
[2024-12-09T15:04:41.514+0000] {base.py:84} INFO - Retrieving connection 'spark-conn'
[2024-12-09T15:04:41.515+0000] {spark_submit.py:473} INFO - Spark-Submit cmd: spark-submit --master spark://sparkingflow-spark-master-1:7077 --name arrow-spark --deploy-mode client jobs/python/wordcountjob.py
[2024-12-09T15:04:47.550+0000] {spark_submit.py:634} INFO - Downloading to: /tmp/tmpi_hm1om9/test1234.csv
[2024-12-09T15:04:47.818+0000] {spark_submit.py:634} INFO - 24/12/09 15:04:47 INFO SparkContext: Running Spark version 3.5.3
[2024-12-09T15:04:47.823+0000] {spark_submit.py:634} INFO - 24/12/09 15:04:47 INFO SparkContext: OS info Linux, 6.10.14-linuxkit, aarch64
[2024-12-09T15:04:47.826+0000] {spark_submit.py:634} INFO - 24/12/09 15:04:47 INFO SparkContext: Java version 17.0.13
[2024-12-09T15:04:47.979+0000] {spark_submit.py:634} INFO - 24/12/09 15:04:47 WARN NativeCodeLoader: Unable to load native-hadoop library for your platform... using builtin-java classes where applicable
[2024-12-09T15:04:48.267+0000] {spark_submit.py:634} INFO - 24/12/09 15:04:48 INFO ResourceUtils: ==============================================================
[2024-12-09T15:04:48.269+0000] {spark_submit.py:634} INFO - 24/12/09 15:04:48 INFO ResourceUtils: No custom resources configured for spark.driver.
[2024-12-09T15:04:48.275+0000] {spark_submit.py:634} INFO - 24/12/09 15:04:48 INFO ResourceUtils: ==============================================================
[2024-12-09T15:04:48.276+0000] {spark_submit.py:634} INFO - 24/12/09 15:04:48 INFO SparkContext: Submitted application: CSVReadExample
[2024-12-09T15:04:48.342+0000] {spark_submit.py:634} INFO - 24/12/09 15:04:48 INFO ResourceProfile: Default ResourceProfile created, executor resources: Map(memory -> name: memory, amount: 1024, script: , vendor: , offHeap -> name: offHeap, amount: 0, script: , vendor: ), task resources: Map(cpus -> name: cpus, amount: 1.0)
[2024-12-09T15:04:48.386+0000] {spark_submit.py:634} INFO - 24/12/09 15:04:48 INFO ResourceProfile: Limiting resource is cpu
[2024-12-09T15:04:48.391+0000] {spark_submit.py:634} INFO - 24/12/09 15:04:48 INFO ResourceProfileManager: Added ResourceProfile id: 0
[2024-12-09T15:04:48.499+0000] {spark_submit.py:634} INFO - 24/12/09 15:04:48 INFO SecurityManager: Changing view acls to: ***
[2024-12-09T15:04:48.503+0000] {spark_submit.py:634} INFO - 24/12/09 15:04:48 INFO SecurityManager: Changing modify acls to: ***
[2024-12-09T15:04:48.507+0000] {spark_submit.py:634} INFO - 24/12/09 15:04:48 INFO SecurityManager: Changing view acls groups to:
[2024-12-09T15:04:48.512+0000] {spark_submit.py:634} INFO - 24/12/09 15:04:48 INFO SecurityManager: Changing modify acls groups to:
[2024-12-09T15:04:48.515+0000] {spark_submit.py:634} INFO - 24/12/09 15:04:48 INFO SecurityManager: SecurityManager: authentication disabled; ui acls disabled; users with view permissions: ***; groups with view permissions: EMPTY; users with modify permissions: ***; groups with modify permissions: EMPTY
[2024-12-09T15:04:49.054+0000] {spark_submit.py:634} INFO - 24/12/09 15:04:49 INFO Utils: Successfully started service 'sparkDriver' on port 37125.
[2024-12-09T15:04:49.131+0000] {spark_submit.py:634} INFO - 24/12/09 15:04:49 INFO SparkEnv: Registering MapOutputTracker
[2024-12-09T15:04:49.220+0000] {spark_submit.py:634} INFO - 24/12/09 15:04:49 INFO SparkEnv: Registering BlockManagerMaster
[2024-12-09T15:04:49.252+0000] {spark_submit.py:634} INFO - 24/12/09 15:04:49 INFO BlockManagerMasterEndpoint: Using org.apache.spark.storage.DefaultTopologyMapper for getting topology information
[2024-12-09T15:04:49.256+0000] {spark_submit.py:634} INFO - 24/12/09 15:04:49 INFO BlockManagerMasterEndpoint: BlockManagerMasterEndpoint up
[2024-12-09T15:04:49.267+0000] {spark_submit.py:634} INFO - 24/12/09 15:04:49 INFO SparkEnv: Registering BlockManagerMasterHeartbeat
[2024-12-09T15:04:49.340+0000] {spark_submit.py:634} INFO - 24/12/09 15:04:49 INFO DiskBlockManager: Created local directory at /tmp/blockmgr-63f65bb2-f1c8-494a-abe7-b5f1d99cf5fa
[2024-12-09T15:04:49.388+0000] {spark_submit.py:634} INFO - 24/12/09 15:04:49 INFO MemoryStore: MemoryStore started with capacity 434.4 MiB
[2024-12-09T15:04:49.432+0000] {spark_submit.py:634} INFO - 24/12/09 15:04:49 INFO SparkEnv: Registering OutputCommitCoordinator
[2024-12-09T15:04:49.757+0000] {spark_submit.py:634} INFO - 24/12/09 15:04:49 INFO JettyUtils: Start Jetty 0.0.0.0:4040 for SparkUI
[2024-12-09T15:04:49.989+0000] {spark_submit.py:634} INFO - 24/12/09 15:04:49 WARN Utils: Service 'SparkUI' could not bind on port 4040. Attempting port 4041.
[2024-12-09T15:04:49.993+0000] {spark_submit.py:634} INFO - 24/12/09 15:04:49 WARN Utils: Service 'SparkUI' could not bind on port 4041. Attempting port 4042.
[2024-12-09T15:04:50.021+0000] {spark_submit.py:634} INFO - 24/12/09 15:04:50 INFO Utils: Successfully started service 'SparkUI' on port 4042.
[2024-12-09T15:04:50.594+0000] {spark_submit.py:634} INFO - 24/12/09 15:04:50 INFO StandaloneAppClient$ClientEndpoint: Connecting to master spark://sparkingflow-spark-master-1:7077...
[2024-12-09T15:04:50.925+0000] {spark_submit.py:634} INFO - 24/12/09 15:04:50 INFO TransportClientFactory: Successfully created connection to sparkingflow-spark-master-1/172.18.0.5:7077 after 134 ms (0 ms spent in bootstraps)
[2024-12-09T15:04:51.456+0000] {spark_submit.py:634} INFO - 24/12/09 15:04:51 INFO StandaloneSchedulerBackend: Connected to Spark cluster with app ID app-20241209150451-0001
[2024-12-09T15:04:51.514+0000] {spark_submit.py:634} INFO - 24/12/09 15:04:51 INFO Utils: Successfully started service 'org.apache.spark.network.netty.NettyBlockTransferService' on port 44351.
[2024-12-09T15:04:51.516+0000] {spark_submit.py:634} INFO - 24/12/09 15:04:51 INFO NettyBlockTransferService: Server created on 2a892a3469ec:44351
[2024-12-09T15:04:51.532+0000] {spark_submit.py:634} INFO - 24/12/09 15:04:51 INFO BlockManager: Using org.apache.spark.storage.RandomBlockReplicationPolicy for block replication policy
[2024-12-09T15:04:51.557+0000] {spark_submit.py:634} INFO - 24/12/09 15:04:51 INFO BlockManagerMaster: Registering BlockManager BlockManagerId(driver, 2a892a3469ec, 44351, None)
[2024-12-09T15:04:51.569+0000] {spark_submit.py:634} INFO - 24/12/09 15:04:51 INFO BlockManagerMasterEndpoint: Registering block manager 2a892a3469ec:44351 with 434.4 MiB RAM, BlockManagerId(driver, 2a892a3469ec, 44351, None)
[2024-12-09T15:04:51.586+0000] {spark_submit.py:634} INFO - 24/12/09 15:04:51 INFO BlockManagerMaster: Registered BlockManager BlockManagerId(driver, 2a892a3469ec, 44351, None)
[2024-12-09T15:04:51.587+0000] {spark_submit.py:634} INFO - 24/12/09 15:04:51 INFO BlockManager: Initialized BlockManager: BlockManagerId(driver, 2a892a3469ec, 44351, None)
[2024-12-09T15:04:52.101+0000] {spark_submit.py:634} INFO - 24/12/09 15:04:52 INFO StandaloneSchedulerBackend: SchedulerBackend is ready for scheduling beginning after reached minRegisteredResourcesRatio: 0.0
[2024-12-09T15:04:52.616+0000] {spark_submit.py:634} INFO - 24/12/09 15:04:52 INFO SparkContext: Added file /tmp/tmpi_hm1om9/test1234.csv at spark://2a892a3469ec:37125/files/test1234.csv with timestamp 1733756692614
[2024-12-09T15:04:52.618+0000] {spark_submit.py:634} INFO - 24/12/09 15:04:52 INFO Utils: Copying /tmp/tmpi_hm1om9/test1234.csv to /tmp/spark-ff88b878-8e20-4a61-8ff2-07fb087bcde0/userFiles-1222f930-fd0d-4c73-b036-c39dd7239986/test1234.csv
[2024-12-09T15:04:52.650+0000] {spark_submit.py:634} INFO - Local File Path: /tmp/tmpi_hm1om9/test1234.csv
[2024-12-09T15:04:52.651+0000] {spark_submit.py:634} INFO - Distributed File Path: /tmp/spark-ff88b878-8e20-4a61-8ff2-07fb087bcde0/userFiles-1222f930-fd0d-4c73-b036-c39dd7239986/test1234.csv
[2024-12-09T15:04:52.666+0000] {spark_submit.py:634} INFO - 24/12/09 15:04:52 INFO SharedState: Setting hive.metastore.warehouse.dir ('null') to the value of spark.sql.warehouse.dir.
[2024-12-09T15:04:52.668+0000] {spark_submit.py:634} INFO - 24/12/09 15:04:52 INFO SharedState: Warehouse path is 'file:/opt/***/spark-warehouse'.
[2024-12-09T15:04:54.461+0000] {spark_submit.py:634} INFO - 24/12/09 15:04:54 INFO InMemoryFileIndex: It took 60 ms to list leaf files for 1 paths.
[2024-12-09T15:04:54.527+0000] {spark_submit.py:634} INFO - 24/12/09 15:04:54 WARN ParseMode: OVERRIDE is not a valid parse mode. Using PERMISSIVE.
[2024-12-09T15:04:54.645+0000] {spark_submit.py:634} INFO - 24/12/09 15:04:54 INFO MemoryStore: Block broadcast_0 stored as values in memory (estimated size 200.2 KiB, free 434.2 MiB)
[2024-12-09T15:04:54.710+0000] {spark_submit.py:634} INFO - 24/12/09 15:04:54 INFO MemoryStore: Block broadcast_0_piece0 stored as bytes in memory (estimated size 34.4 KiB, free 434.2 MiB)
[2024-12-09T15:04:54.713+0000] {spark_submit.py:634} INFO - 24/12/09 15:04:54 INFO BlockManagerInfo: Added broadcast_0_piece0 in memory on 2a892a3469ec:44351 (size: 34.4 KiB, free: 434.4 MiB)
[2024-12-09T15:04:54.719+0000] {spark_submit.py:634} INFO - 24/12/09 15:04:54 INFO SparkContext: Created broadcast 0 from csv at NativeMethodAccessorImpl.java:0
[2024-12-09T15:04:55.281+0000] {spark_submit.py:634} INFO - 24/12/09 15:04:55 INFO FileInputFormat: Total input files to process : 1
[2024-12-09T15:04:55.284+0000] {spark_submit.py:634} INFO - 24/12/09 15:04:55 INFO FileInputFormat: Total input files to process : 1
[2024-12-09T15:04:55.388+0000] {spark_submit.py:634} INFO - 24/12/09 15:04:55 INFO SparkContext: Starting job: csv at NativeMethodAccessorImpl.java:0
[2024-12-09T15:04:55.417+0000] {spark_submit.py:634} INFO - 24/12/09 15:04:55 INFO DAGScheduler: Got job 0 (csv at NativeMethodAccessorImpl.java:0) with 1 output partitions
[2024-12-09T15:04:55.419+0000] {spark_submit.py:634} INFO - 24/12/09 15:04:55 INFO DAGScheduler: Final stage: ResultStage 0 (csv at NativeMethodAccessorImpl.java:0)
[2024-12-09T15:04:55.423+0000] {spark_submit.py:634} INFO - 24/12/09 15:04:55 INFO DAGScheduler: Parents of final stage: List()
[2024-12-09T15:04:55.424+0000] {spark_submit.py:634} INFO - 24/12/09 15:04:55 INFO DAGScheduler: Missing parents: List()
[2024-12-09T15:04:55.426+0000] {spark_submit.py:634} INFO - 24/12/09 15:04:55 INFO DAGScheduler: Submitting ResultStage 0 (MapPartitionsRDD[2] at csv at NativeMethodAccessorImpl.java:0), which has no missing parents
[2024-12-09T15:04:55.460+0000] {spark_submit.py:634} INFO - 24/12/09 15:04:55 INFO MemoryStore: Block broadcast_1 stored as values in memory (estimated size 7.6 KiB, free 434.2 MiB)
[2024-12-09T15:04:55.462+0000] {spark_submit.py:634} INFO - 24/12/09 15:04:55 INFO MemoryStore: Block broadcast_1_piece0 stored as bytes in memory (estimated size 4.4 KiB, free 434.2 MiB)
[2024-12-09T15:04:55.465+0000] {spark_submit.py:634} INFO - 24/12/09 15:04:55 INFO BlockManagerInfo: Added broadcast_1_piece0 in memory on 2a892a3469ec:44351 (size: 4.4 KiB, free: 434.4 MiB)
[2024-12-09T15:04:55.466+0000] {spark_submit.py:634} INFO - 24/12/09 15:04:55 INFO SparkContext: Created broadcast 1 from broadcast at DAGScheduler.scala:1585
[2024-12-09T15:04:55.490+0000] {spark_submit.py:634} INFO - 24/12/09 15:04:55 INFO DAGScheduler: Submitting 1 missing tasks from ResultStage 0 (MapPartitionsRDD[2] at csv at NativeMethodAccessorImpl.java:0) (first 15 tasks are for partitions Vector(0))
[2024-12-09T15:04:55.491+0000] {spark_submit.py:634} INFO - 24/12/09 15:04:55 INFO TaskSchedulerImpl: Adding task set 0.0 with 1 tasks resource profile 0
[2024-12-09T15:04:57.225+0000] {spark_submit.py:634} INFO - 24/12/09 15:04:57 INFO StandaloneAppClient$ClientEndpoint: Executor added: app-20241209150451-0001/0 on worker-20241209150405-172.18.0.7-43407 (172.18.0.7:43407) with 2 core(s)
[2024-12-09T15:04:57.231+0000] {spark_submit.py:634} INFO - 24/12/09 15:04:57 INFO StandaloneSchedulerBackend: Granted executor ID app-20241209150451-0001/0 on hostPort 172.18.0.7:43407 with 2 core(s), 1024.0 MiB RAM
[2024-12-09T15:04:57.283+0000] {spark_submit.py:634} INFO - 24/12/09 15:04:57 INFO StandaloneAppClient$ClientEndpoint: Executor updated: app-20241209150451-0001/0 is now RUNNING
[2024-12-09T15:05:00.667+0000] {spark_submit.py:634} INFO - 24/12/09 15:05:00 INFO StandaloneSchedulerBackend$StandaloneDriverEndpoint: Registered executor NettyRpcEndpointRef(spark-client://Executor) (172.18.0.7:60798) with ID 0,  ResourceProfileId 0
[2024-12-09T15:05:00.755+0000] {spark_submit.py:634} INFO - 24/12/09 15:05:00 INFO BlockManagerMasterEndpoint: Registering block manager 172.18.0.7:37987 with 434.4 MiB RAM, BlockManagerId(0, 172.18.0.7, 37987, None)
[2024-12-09T15:05:00.857+0000] {spark_submit.py:634} INFO - 24/12/09 15:05:00 INFO TaskSetManager: Starting task 0.0 in stage 0.0 (TID 0) (172.18.0.7, executor 0, partition 0, PROCESS_LOCAL, 9382 bytes)
[2024-12-09T15:05:01.221+0000] {spark_submit.py:634} INFO - 24/12/09 15:05:01 INFO BlockManagerInfo: Added broadcast_1_piece0 in memory on 172.18.0.7:37987 (size: 4.4 KiB, free: 434.4 MiB)
[2024-12-09T15:05:01.512+0000] {spark_submit.py:634} INFO - 24/12/09 15:05:01 INFO BlockManagerInfo: Added broadcast_0_piece0 in memory on 172.18.0.7:37987 (size: 34.4 KiB, free: 434.4 MiB)
[2024-12-09T15:05:01.815+0000] {spark_submit.py:634} INFO - 24/12/09 15:05:01 WARN TaskSetManager: Lost task 0.0 in stage 0.0 (TID 0) (172.18.0.7 executor 0): java.io.FileNotFoundException: File file:/tmp/spark-ff88b878-8e20-4a61-8ff2-07fb087bcde0/userFiles-1222f930-fd0d-4c73-b036-c39dd7239986/test1234.csv does not exist
[2024-12-09T15:05:01.816+0000] {spark_submit.py:634} INFO - at org.apache.hadoop.fs.RawLocalFileSystem.deprecatedGetFileStatus(RawLocalFileSystem.java:779)
[2024-12-09T15:05:01.816+0000] {spark_submit.py:634} INFO - at org.apache.hadoop.fs.RawLocalFileSystem.getFileLinkStatusInternal(RawLocalFileSystem.java:1100)
[2024-12-09T15:05:01.817+0000] {spark_submit.py:634} INFO - at org.apache.hadoop.fs.RawLocalFileSystem.getFileStatus(RawLocalFileSystem.java:769)
[2024-12-09T15:05:01.817+0000] {spark_submit.py:634} INFO - at org.apache.hadoop.fs.FilterFileSystem.getFileStatus(FilterFileSystem.java:462)
[2024-12-09T15:05:01.817+0000] {spark_submit.py:634} INFO - at org.apache.hadoop.fs.ChecksumFileSystem$ChecksumFSInputChecker.<init>(ChecksumFileSystem.java:160)
[2024-12-09T15:05:01.818+0000] {spark_submit.py:634} INFO - at org.apache.hadoop.fs.ChecksumFileSystem.open(ChecksumFileSystem.java:372)
[2024-12-09T15:05:01.818+0000] {spark_submit.py:634} INFO - at org.apache.hadoop.fs.FileSystem.open(FileSystem.java:976)
[2024-12-09T15:05:01.818+0000] {spark_submit.py:634} INFO - at org.apache.spark.sql.execution.datasources.CodecStreams$.createInputStream(CodecStreams.scala:40)
[2024-12-09T15:05:01.819+0000] {spark_submit.py:634} INFO - at org.apache.spark.sql.execution.datasources.CodecStreams$.createInputStreamWithCloseResource(CodecStreams.scala:52)
[2024-12-09T15:05:01.820+0000] {spark_submit.py:634} INFO - at org.apache.spark.sql.execution.datasources.csv.MultiLineCSVDataSource$.$anonfun$infer$1(CSVDataSource.scala:195)
[2024-12-09T15:05:01.820+0000] {spark_submit.py:634} INFO - at scala.collection.Iterator$$anon$11.nextCur(Iterator.scala:486)
[2024-12-09T15:05:01.821+0000] {spark_submit.py:634} INFO - at scala.collection.Iterator$$anon$11.hasNext(Iterator.scala:492)
[2024-12-09T15:05:01.821+0000] {spark_submit.py:634} INFO - at scala.collection.Iterator$SliceIterator.hasNext(Iterator.scala:268)
[2024-12-09T15:05:01.822+0000] {spark_submit.py:634} INFO - at scala.collection.Iterator.foreach(Iterator.scala:943)
[2024-12-09T15:05:01.822+0000] {spark_submit.py:634} INFO - at scala.collection.Iterator.foreach$(Iterator.scala:943)
[2024-12-09T15:05:01.823+0000] {spark_submit.py:634} INFO - at scala.collection.AbstractIterator.foreach(Iterator.scala:1431)
[2024-12-09T15:05:01.823+0000] {spark_submit.py:634} INFO - at scala.collection.generic.Growable.$plus$plus$eq(Growable.scala:62)
[2024-12-09T15:05:01.824+0000] {spark_submit.py:634} INFO - at scala.collection.generic.Growable.$plus$plus$eq$(Growable.scala:53)
[2024-12-09T15:05:01.824+0000] {spark_submit.py:634} INFO - at scala.collection.mutable.ArrayBuffer.$plus$plus$eq(ArrayBuffer.scala:105)
[2024-12-09T15:05:01.825+0000] {spark_submit.py:634} INFO - at scala.collection.mutable.ArrayBuffer.$plus$plus$eq(ArrayBuffer.scala:49)
[2024-12-09T15:05:01.825+0000] {spark_submit.py:634} INFO - at scala.collection.TraversableOnce.to(TraversableOnce.scala:366)
[2024-12-09T15:05:01.825+0000] {spark_submit.py:634} INFO - at scala.collection.TraversableOnce.to$(TraversableOnce.scala:364)
[2024-12-09T15:05:01.827+0000] {spark_submit.py:634} INFO - at scala.collection.AbstractIterator.to(Iterator.scala:1431)
[2024-12-09T15:05:01.827+0000] {spark_submit.py:634} INFO - at scala.collection.TraversableOnce.toBuffer(TraversableOnce.scala:358)
[2024-12-09T15:05:01.829+0000] {spark_submit.py:634} INFO - at scala.collection.TraversableOnce.toBuffer$(TraversableOnce.scala:358)
[2024-12-09T15:05:01.829+0000] {spark_submit.py:634} INFO - at scala.collection.AbstractIterator.toBuffer(Iterator.scala:1431)
[2024-12-09T15:05:01.830+0000] {spark_submit.py:634} INFO - at scala.collection.TraversableOnce.toArray(TraversableOnce.scala:345)
[2024-12-09T15:05:01.830+0000] {spark_submit.py:634} INFO - at scala.collection.TraversableOnce.toArray$(TraversableOnce.scala:339)
[2024-12-09T15:05:01.831+0000] {spark_submit.py:634} INFO - at scala.collection.AbstractIterator.toArray(Iterator.scala:1431)
[2024-12-09T15:05:01.831+0000] {spark_submit.py:634} INFO - at org.apache.spark.rdd.RDD.$anonfun$take$2(RDD.scala:1492)
[2024-12-09T15:05:01.834+0000] {spark_submit.py:634} INFO - at org.apache.spark.SparkContext.$anonfun$runJob$5(SparkContext.scala:2433)
[2024-12-09T15:05:01.838+0000] {spark_submit.py:634} INFO - at org.apache.spark.scheduler.ResultTask.runTask(ResultTask.scala:93)
[2024-12-09T15:05:01.839+0000] {spark_submit.py:634} INFO - at org.apache.spark.TaskContext.runTaskWithListeners(TaskContext.scala:166)
[2024-12-09T15:05:01.841+0000] {spark_submit.py:634} INFO - at org.apache.spark.scheduler.Task.run(Task.scala:141)
[2024-12-09T15:05:01.841+0000] {spark_submit.py:634} INFO - at org.apache.spark.executor.Executor$TaskRunner.$anonfun$run$4(Executor.scala:620)
[2024-12-09T15:05:01.842+0000] {spark_submit.py:634} INFO - at org.apache.spark.util.SparkErrorUtils.tryWithSafeFinally(SparkErrorUtils.scala:64)
[2024-12-09T15:05:01.842+0000] {spark_submit.py:634} INFO - at org.apache.spark.util.SparkErrorUtils.tryWithSafeFinally$(SparkErrorUtils.scala:61)
[2024-12-09T15:05:01.842+0000] {spark_submit.py:634} INFO - at org.apache.spark.util.Utils$.tryWithSafeFinally(Utils.scala:94)
[2024-12-09T15:05:01.843+0000] {spark_submit.py:634} INFO - at org.apache.spark.executor.Executor$TaskRunner.run(Executor.scala:623)
[2024-12-09T15:05:01.843+0000] {spark_submit.py:634} INFO - at java.base/java.util.concurrent.ThreadPoolExecutor.runWorker(ThreadPoolExecutor.java:1136)
[2024-12-09T15:05:01.843+0000] {spark_submit.py:634} INFO - at java.base/java.util.concurrent.ThreadPoolExecutor$Worker.run(ThreadPoolExecutor.java:635)
[2024-12-09T15:05:01.844+0000] {spark_submit.py:634} INFO - at java.base/java.lang.Thread.run(Thread.java:840)
[2024-12-09T15:05:01.844+0000] {spark_submit.py:634} INFO - 
[2024-12-09T15:05:01.844+0000] {spark_submit.py:634} INFO - 24/12/09 15:05:01 INFO TaskSetManager: Starting task 0.1 in stage 0.0 (TID 1) (172.18.0.7, executor 0, partition 0, PROCESS_LOCAL, 9382 bytes)
[2024-12-09T15:05:01.887+0000] {spark_submit.py:634} INFO - 24/12/09 15:05:01 INFO TaskSetManager: Lost task 0.1 in stage 0.0 (TID 1) on 172.18.0.7, executor 0: java.io.FileNotFoundException (File file:/tmp/spark-ff88b878-8e20-4a61-8ff2-07fb087bcde0/userFiles-1222f930-fd0d-4c73-b036-c39dd7239986/test1234.csv does not exist) [duplicate 1]
[2024-12-09T15:05:01.889+0000] {spark_submit.py:634} INFO - 24/12/09 15:05:01 INFO TaskSetManager: Starting task 0.2 in stage 0.0 (TID 2) (172.18.0.7, executor 0, partition 0, PROCESS_LOCAL, 9382 bytes)
[2024-12-09T15:05:01.928+0000] {spark_submit.py:634} INFO - 24/12/09 15:05:01 INFO TaskSetManager: Lost task 0.2 in stage 0.0 (TID 2) on 172.18.0.7, executor 0: java.io.FileNotFoundException (File file:/tmp/spark-ff88b878-8e20-4a61-8ff2-07fb087bcde0/userFiles-1222f930-fd0d-4c73-b036-c39dd7239986/test1234.csv does not exist) [duplicate 2]
[2024-12-09T15:05:01.930+0000] {spark_submit.py:634} INFO - 24/12/09 15:05:01 INFO TaskSetManager: Starting task 0.3 in stage 0.0 (TID 3) (172.18.0.7, executor 0, partition 0, PROCESS_LOCAL, 9382 bytes)
[2024-12-09T15:05:01.974+0000] {spark_submit.py:634} INFO - 24/12/09 15:05:01 INFO TaskSetManager: Lost task 0.3 in stage 0.0 (TID 3) on 172.18.0.7, executor 0: java.io.FileNotFoundException (File file:/tmp/spark-ff88b878-8e20-4a61-8ff2-07fb087bcde0/userFiles-1222f930-fd0d-4c73-b036-c39dd7239986/test1234.csv does not exist) [duplicate 3]
[2024-12-09T15:05:01.975+0000] {spark_submit.py:634} INFO - 24/12/09 15:05:01 ERROR TaskSetManager: Task 0 in stage 0.0 failed 4 times; aborting job
[2024-12-09T15:05:01.978+0000] {spark_submit.py:634} INFO - 24/12/09 15:05:01 INFO TaskSchedulerImpl: Removed TaskSet 0.0, whose tasks have all completed, from pool
[2024-12-09T15:05:01.979+0000] {spark_submit.py:634} INFO - 24/12/09 15:05:01 INFO TaskSchedulerImpl: Cancelling stage 0
[2024-12-09T15:05:01.980+0000] {spark_submit.py:634} INFO - 24/12/09 15:05:01 INFO TaskSchedulerImpl: Killing all running tasks in stage 0: Stage cancelled: Job aborted due to stage failure: Task 0 in stage 0.0 failed 4 times, most recent failure: Lost task 0.3 in stage 0.0 (TID 3) (172.18.0.7 executor 0): java.io.FileNotFoundException: File file:/tmp/spark-ff88b878-8e20-4a61-8ff2-07fb087bcde0/userFiles-1222f930-fd0d-4c73-b036-c39dd7239986/test1234.csv does not exist
[2024-12-09T15:05:01.980+0000] {spark_submit.py:634} INFO - at org.apache.hadoop.fs.RawLocalFileSystem.deprecatedGetFileStatus(RawLocalFileSystem.java:779)
[2024-12-09T15:05:01.980+0000] {spark_submit.py:634} INFO - at org.apache.hadoop.fs.RawLocalFileSystem.getFileLinkStatusInternal(RawLocalFileSystem.java:1100)
[2024-12-09T15:05:01.981+0000] {spark_submit.py:634} INFO - at org.apache.hadoop.fs.RawLocalFileSystem.getFileStatus(RawLocalFileSystem.java:769)
[2024-12-09T15:05:01.981+0000] {spark_submit.py:634} INFO - at org.apache.hadoop.fs.FilterFileSystem.getFileStatus(FilterFileSystem.java:462)
[2024-12-09T15:05:01.981+0000] {spark_submit.py:634} INFO - at org.apache.hadoop.fs.ChecksumFileSystem$ChecksumFSInputChecker.<init>(ChecksumFileSystem.java:160)
[2024-12-09T15:05:01.981+0000] {spark_submit.py:634} INFO - at org.apache.hadoop.fs.ChecksumFileSystem.open(ChecksumFileSystem.java:372)
[2024-12-09T15:05:01.982+0000] {spark_submit.py:634} INFO - at org.apache.hadoop.fs.FileSystem.open(FileSystem.java:976)
[2024-12-09T15:05:01.982+0000] {spark_submit.py:634} INFO - at org.apache.spark.sql.execution.datasources.CodecStreams$.createInputStream(CodecStreams.scala:40)
[2024-12-09T15:05:01.982+0000] {spark_submit.py:634} INFO - at org.apache.spark.sql.execution.datasources.CodecStreams$.createInputStreamWithCloseResource(CodecStreams.scala:52)
[2024-12-09T15:05:01.983+0000] {spark_submit.py:634} INFO - at org.apache.spark.sql.execution.datasources.csv.MultiLineCSVDataSource$.$anonfun$infer$1(CSVDataSource.scala:195)
[2024-12-09T15:05:01.983+0000] {spark_submit.py:634} INFO - at scala.collection.Iterator$$anon$11.nextCur(Iterator.scala:486)
[2024-12-09T15:05:01.984+0000] {spark_submit.py:634} INFO - at scala.collection.Iterator$$anon$11.hasNext(Iterator.scala:492)
[2024-12-09T15:05:01.984+0000] {spark_submit.py:634} INFO - at scala.collection.Iterator$SliceIterator.hasNext(Iterator.scala:268)
[2024-12-09T15:05:01.985+0000] {spark_submit.py:634} INFO - at scala.collection.Iterator.foreach(Iterator.scala:943)
[2024-12-09T15:05:01.985+0000] {spark_submit.py:634} INFO - at scala.collection.Iterator.foreach$(Iterator.scala:943)
[2024-12-09T15:05:01.985+0000] {spark_submit.py:634} INFO - at scala.collection.AbstractIterator.foreach(Iterator.scala:1431)
[2024-12-09T15:05:01.986+0000] {spark_submit.py:634} INFO - at scala.collection.generic.Growable.$plus$plus$eq(Growable.scala:62)
[2024-12-09T15:05:01.986+0000] {spark_submit.py:634} INFO - at scala.collection.generic.Growable.$plus$plus$eq$(Growable.scala:53)
[2024-12-09T15:05:01.986+0000] {spark_submit.py:634} INFO - at scala.collection.mutable.ArrayBuffer.$plus$plus$eq(ArrayBuffer.scala:105)
[2024-12-09T15:05:01.987+0000] {spark_submit.py:634} INFO - at scala.collection.mutable.ArrayBuffer.$plus$plus$eq(ArrayBuffer.scala:49)
[2024-12-09T15:05:01.987+0000] {spark_submit.py:634} INFO - at scala.collection.TraversableOnce.to(TraversableOnce.scala:366)
[2024-12-09T15:05:01.987+0000] {spark_submit.py:634} INFO - at scala.collection.TraversableOnce.to$(TraversableOnce.scala:364)
[2024-12-09T15:05:01.987+0000] {spark_submit.py:634} INFO - at scala.collection.AbstractIterator.to(Iterator.scala:1431)
[2024-12-09T15:05:01.988+0000] {spark_submit.py:634} INFO - at scala.collection.TraversableOnce.toBuffer(TraversableOnce.scala:358)
[2024-12-09T15:05:01.988+0000] {spark_submit.py:634} INFO - at scala.collection.TraversableOnce.toBuffer$(TraversableOnce.scala:358)
[2024-12-09T15:05:01.988+0000] {spark_submit.py:634} INFO - at scala.collection.AbstractIterator.toBuffer(Iterator.scala:1431)
[2024-12-09T15:05:01.988+0000] {spark_submit.py:634} INFO - at scala.collection.TraversableOnce.toArray(TraversableOnce.scala:345)
[2024-12-09T15:05:01.989+0000] {spark_submit.py:634} INFO - at scala.collection.TraversableOnce.toArray$(TraversableOnce.scala:339)
[2024-12-09T15:05:01.989+0000] {spark_submit.py:634} INFO - at scala.collection.AbstractIterator.toArray(Iterator.scala:1431)
[2024-12-09T15:05:01.989+0000] {spark_submit.py:634} INFO - at org.apache.spark.rdd.RDD.$anonfun$take$2(RDD.scala:1492)
[2024-12-09T15:05:01.990+0000] {spark_submit.py:634} INFO - at org.apache.spark.SparkContext.$anonfun$runJob$5(SparkContext.scala:2433)
[2024-12-09T15:05:01.990+0000] {spark_submit.py:634} INFO - at org.apache.spark.scheduler.ResultTask.runTask(ResultTask.scala:93)
[2024-12-09T15:05:01.991+0000] {spark_submit.py:634} INFO - at org.apache.spark.TaskContext.runTaskWithListeners(TaskContext.scala:166)
[2024-12-09T15:05:01.991+0000] {spark_submit.py:634} INFO - at org.apache.spark.scheduler.Task.run(Task.scala:141)
[2024-12-09T15:05:01.992+0000] {spark_submit.py:634} INFO - at org.apache.spark.executor.Executor$TaskRunner.$anonfun$run$4(Executor.scala:620)
[2024-12-09T15:05:01.992+0000] {spark_submit.py:634} INFO - at org.apache.spark.util.SparkErrorUtils.tryWithSafeFinally(SparkErrorUtils.scala:64)
[2024-12-09T15:05:01.992+0000] {spark_submit.py:634} INFO - at org.apache.spark.util.SparkErrorUtils.tryWithSafeFinally$(SparkErrorUtils.scala:61)
[2024-12-09T15:05:01.993+0000] {spark_submit.py:634} INFO - at org.apache.spark.util.Utils$.tryWithSafeFinally(Utils.scala:94)
[2024-12-09T15:05:01.993+0000] {spark_submit.py:634} INFO - at org.apache.spark.executor.Executor$TaskRunner.run(Executor.scala:623)
[2024-12-09T15:05:01.994+0000] {spark_submit.py:634} INFO - at java.base/java.util.concurrent.ThreadPoolExecutor.runWorker(ThreadPoolExecutor.java:1136)
[2024-12-09T15:05:01.994+0000] {spark_submit.py:634} INFO - at java.base/java.util.concurrent.ThreadPoolExecutor$Worker.run(ThreadPoolExecutor.java:635)
[2024-12-09T15:05:01.994+0000] {spark_submit.py:634} INFO - at java.base/java.lang.Thread.run(Thread.java:840)
[2024-12-09T15:05:01.995+0000] {spark_submit.py:634} INFO - 
[2024-12-09T15:05:01.995+0000] {spark_submit.py:634} INFO - Driver stacktrace:
[2024-12-09T15:05:01.995+0000] {spark_submit.py:634} INFO - 24/12/09 15:05:01 INFO DAGScheduler: ResultStage 0 (csv at NativeMethodAccessorImpl.java:0) failed in 6.526 s due to Job aborted due to stage failure: Task 0 in stage 0.0 failed 4 times, most recent failure: Lost task 0.3 in stage 0.0 (TID 3) (172.18.0.7 executor 0): java.io.FileNotFoundException: File file:/tmp/spark-ff88b878-8e20-4a61-8ff2-07fb087bcde0/userFiles-1222f930-fd0d-4c73-b036-c39dd7239986/test1234.csv does not exist
[2024-12-09T15:05:01.995+0000] {spark_submit.py:634} INFO - at org.apache.hadoop.fs.RawLocalFileSystem.deprecatedGetFileStatus(RawLocalFileSystem.java:779)
[2024-12-09T15:05:01.996+0000] {spark_submit.py:634} INFO - at org.apache.hadoop.fs.RawLocalFileSystem.getFileLinkStatusInternal(RawLocalFileSystem.java:1100)
[2024-12-09T15:05:01.996+0000] {spark_submit.py:634} INFO - at org.apache.hadoop.fs.RawLocalFileSystem.getFileStatus(RawLocalFileSystem.java:769)
[2024-12-09T15:05:01.996+0000] {spark_submit.py:634} INFO - at org.apache.hadoop.fs.FilterFileSystem.getFileStatus(FilterFileSystem.java:462)
[2024-12-09T15:05:01.997+0000] {spark_submit.py:634} INFO - at org.apache.hadoop.fs.ChecksumFileSystem$ChecksumFSInputChecker.<init>(ChecksumFileSystem.java:160)
[2024-12-09T15:05:01.997+0000] {spark_submit.py:634} INFO - at org.apache.hadoop.fs.ChecksumFileSystem.open(ChecksumFileSystem.java:372)
[2024-12-09T15:05:01.997+0000] {spark_submit.py:634} INFO - at org.apache.hadoop.fs.FileSystem.open(FileSystem.java:976)
[2024-12-09T15:05:01.997+0000] {spark_submit.py:634} INFO - at org.apache.spark.sql.execution.datasources.CodecStreams$.createInputStream(CodecStreams.scala:40)
[2024-12-09T15:05:01.998+0000] {spark_submit.py:634} INFO - at org.apache.spark.sql.execution.datasources.CodecStreams$.createInputStreamWithCloseResource(CodecStreams.scala:52)
[2024-12-09T15:05:01.998+0000] {spark_submit.py:634} INFO - at org.apache.spark.sql.execution.datasources.csv.MultiLineCSVDataSource$.$anonfun$infer$1(CSVDataSource.scala:195)
[2024-12-09T15:05:01.998+0000] {spark_submit.py:634} INFO - at scala.collection.Iterator$$anon$11.nextCur(Iterator.scala:486)
[2024-12-09T15:05:01.998+0000] {spark_submit.py:634} INFO - at scala.collection.Iterator$$anon$11.hasNext(Iterator.scala:492)
[2024-12-09T15:05:01.999+0000] {spark_submit.py:634} INFO - at scala.collection.Iterator$SliceIterator.hasNext(Iterator.scala:268)
[2024-12-09T15:05:01.999+0000] {spark_submit.py:634} INFO - at scala.collection.Iterator.foreach(Iterator.scala:943)
[2024-12-09T15:05:01.999+0000] {spark_submit.py:634} INFO - at scala.collection.Iterator.foreach$(Iterator.scala:943)
[2024-12-09T15:05:01.999+0000] {spark_submit.py:634} INFO - at scala.collection.AbstractIterator.foreach(Iterator.scala:1431)
[2024-12-09T15:05:02.000+0000] {spark_submit.py:634} INFO - at scala.collection.generic.Growable.$plus$plus$eq(Growable.scala:62)
[2024-12-09T15:05:02.000+0000] {spark_submit.py:634} INFO - at scala.collection.generic.Growable.$plus$plus$eq$(Growable.scala:53)
[2024-12-09T15:05:02.000+0000] {spark_submit.py:634} INFO - at scala.collection.mutable.ArrayBuffer.$plus$plus$eq(ArrayBuffer.scala:105)
[2024-12-09T15:05:02.002+0000] {spark_submit.py:634} INFO - at scala.collection.mutable.ArrayBuffer.$plus$plus$eq(ArrayBuffer.scala:49)
[2024-12-09T15:05:02.002+0000] {spark_submit.py:634} INFO - at scala.collection.TraversableOnce.to(TraversableOnce.scala:366)
[2024-12-09T15:05:02.003+0000] {spark_submit.py:634} INFO - at scala.collection.TraversableOnce.to$(TraversableOnce.scala:364)
[2024-12-09T15:05:02.003+0000] {spark_submit.py:634} INFO - at scala.collection.AbstractIterator.to(Iterator.scala:1431)
[2024-12-09T15:05:02.003+0000] {spark_submit.py:634} INFO - at scala.collection.TraversableOnce.toBuffer(TraversableOnce.scala:358)
[2024-12-09T15:05:02.004+0000] {spark_submit.py:634} INFO - at scala.collection.TraversableOnce.toBuffer$(TraversableOnce.scala:358)
[2024-12-09T15:05:02.004+0000] {spark_submit.py:634} INFO - at scala.collection.AbstractIterator.toBuffer(Iterator.scala:1431)
[2024-12-09T15:05:02.005+0000] {spark_submit.py:634} INFO - at scala.collection.TraversableOnce.toArray(TraversableOnce.scala:345)
[2024-12-09T15:05:02.005+0000] {spark_submit.py:634} INFO - at scala.collection.TraversableOnce.toArray$(TraversableOnce.scala:339)
[2024-12-09T15:05:02.006+0000] {spark_submit.py:634} INFO - at scala.collection.AbstractIterator.toArray(Iterator.scala:1431)
[2024-12-09T15:05:02.006+0000] {spark_submit.py:634} INFO - at org.apache.spark.rdd.RDD.$anonfun$take$2(RDD.scala:1492)
[2024-12-09T15:05:02.006+0000] {spark_submit.py:634} INFO - at org.apache.spark.SparkContext.$anonfun$runJob$5(SparkContext.scala:2433)
[2024-12-09T15:05:02.007+0000] {spark_submit.py:634} INFO - at org.apache.spark.scheduler.ResultTask.runTask(ResultTask.scala:93)
[2024-12-09T15:05:02.007+0000] {spark_submit.py:634} INFO - at org.apache.spark.TaskContext.runTaskWithListeners(TaskContext.scala:166)
[2024-12-09T15:05:02.007+0000] {spark_submit.py:634} INFO - at org.apache.spark.scheduler.Task.run(Task.scala:141)
[2024-12-09T15:05:02.007+0000] {spark_submit.py:634} INFO - at org.apache.spark.executor.Executor$TaskRunner.$anonfun$run$4(Executor.scala:620)
[2024-12-09T15:05:02.008+0000] {spark_submit.py:634} INFO - at org.apache.spark.util.SparkErrorUtils.tryWithSafeFinally(SparkErrorUtils.scala:64)
[2024-12-09T15:05:02.008+0000] {spark_submit.py:634} INFO - at org.apache.spark.util.SparkErrorUtils.tryWithSafeFinally$(SparkErrorUtils.scala:61)
[2024-12-09T15:05:02.008+0000] {spark_submit.py:634} INFO - at org.apache.spark.util.Utils$.tryWithSafeFinally(Utils.scala:94)
[2024-12-09T15:05:02.009+0000] {spark_submit.py:634} INFO - at org.apache.spark.executor.Executor$TaskRunner.run(Executor.scala:623)
[2024-12-09T15:05:02.009+0000] {spark_submit.py:634} INFO - at java.base/java.util.concurrent.ThreadPoolExecutor.runWorker(ThreadPoolExecutor.java:1136)
[2024-12-09T15:05:02.010+0000] {spark_submit.py:634} INFO - at java.base/java.util.concurrent.ThreadPoolExecutor$Worker.run(ThreadPoolExecutor.java:635)
[2024-12-09T15:05:02.010+0000] {spark_submit.py:634} INFO - at java.base/java.lang.Thread.run(Thread.java:840)
[2024-12-09T15:05:02.010+0000] {spark_submit.py:634} INFO - 
[2024-12-09T15:05:02.010+0000] {spark_submit.py:634} INFO - Driver stacktrace:
[2024-12-09T15:05:02.011+0000] {spark_submit.py:634} INFO - 24/12/09 15:05:01 INFO DAGScheduler: Job 0 failed: csv at NativeMethodAccessorImpl.java:0, took 6.600375 s
[2024-12-09T15:05:02.126+0000] {spark_submit.py:634} INFO - Traceback (most recent call last):
[2024-12-09T15:05:02.126+0000] {spark_submit.py:634} INFO - File "/opt/***/jobs/python/wordcountjob.py", line 38, in <module>
[2024-12-09T15:05:02.128+0000] {spark_submit.py:634} INFO - df = spark.read.option("multiLine", True).option("mode", "OVERRIDE").csv("file://"+SparkFiles.get(file_name))
[2024-12-09T15:05:02.129+0000] {spark_submit.py:634} INFO - ^^^^^^^^^^^^^^^^^^^^^^^^^^^^^^^^^^^^^^^^^^^^^^^^^^^^^^^^^^^^^^^^^^^^^^^^^^^^^^^^^^^^^^^^^^^^^^^^^^^^^^^^
[2024-12-09T15:05:02.129+0000] {spark_submit.py:634} INFO - File "/home/***/.local/lib/python3.12/site-packages/pyspark/python/lib/pyspark.zip/pyspark/sql/readwriter.py", line 740, in csv
[2024-12-09T15:05:02.130+0000] {spark_submit.py:634} INFO - File "/home/***/.local/lib/python3.12/site-packages/pyspark/python/lib/py4j-0.10.9.7-src.zip/py4j/java_gateway.py", line 1322, in __call__
[2024-12-09T15:05:02.130+0000] {spark_submit.py:634} INFO - File "/home/***/.local/lib/python3.12/site-packages/pyspark/python/lib/pyspark.zip/pyspark/errors/exceptions/captured.py", line 179, in deco
[2024-12-09T15:05:02.130+0000] {spark_submit.py:634} INFO - File "/home/***/.local/lib/python3.12/site-packages/pyspark/python/lib/py4j-0.10.9.7-src.zip/py4j/protocol.py", line 326, in get_return_value
[2024-12-09T15:05:02.174+0000] {spark_submit.py:634} INFO - py4j.protocol.Py4JJavaError: An error occurred while calling o27.csv.
[2024-12-09T15:05:02.176+0000] {spark_submit.py:634} INFO - : org.apache.spark.SparkException: Job aborted due to stage failure: Task 0 in stage 0.0 failed 4 times, most recent failure: Lost task 0.3 in stage 0.0 (TID 3) (172.18.0.7 executor 0): java.io.FileNotFoundException: File file:/tmp/spark-ff88b878-8e20-4a61-8ff2-07fb087bcde0/userFiles-1222f930-fd0d-4c73-b036-c39dd7239986/test1234.csv does not exist
[2024-12-09T15:05:02.177+0000] {spark_submit.py:634} INFO - at org.apache.hadoop.fs.RawLocalFileSystem.deprecatedGetFileStatus(RawLocalFileSystem.java:779)
[2024-12-09T15:05:02.180+0000] {spark_submit.py:634} INFO - at org.apache.hadoop.fs.RawLocalFileSystem.getFileLinkStatusInternal(RawLocalFileSystem.java:1100)
[2024-12-09T15:05:02.180+0000] {spark_submit.py:634} INFO - at org.apache.hadoop.fs.RawLocalFileSystem.getFileStatus(RawLocalFileSystem.java:769)
[2024-12-09T15:05:02.180+0000] {spark_submit.py:634} INFO - at org.apache.hadoop.fs.FilterFileSystem.getFileStatus(FilterFileSystem.java:462)
[2024-12-09T15:05:02.181+0000] {spark_submit.py:634} INFO - at org.apache.hadoop.fs.ChecksumFileSystem$ChecksumFSInputChecker.<init>(ChecksumFileSystem.java:160)
[2024-12-09T15:05:02.181+0000] {spark_submit.py:634} INFO - at org.apache.hadoop.fs.ChecksumFileSystem.open(ChecksumFileSystem.java:372)
[2024-12-09T15:05:02.181+0000] {spark_submit.py:634} INFO - at org.apache.hadoop.fs.FileSystem.open(FileSystem.java:976)
[2024-12-09T15:05:02.182+0000] {spark_submit.py:634} INFO - at org.apache.spark.sql.execution.datasources.CodecStreams$.createInputStream(CodecStreams.scala:40)
[2024-12-09T15:05:02.182+0000] {spark_submit.py:634} INFO - at org.apache.spark.sql.execution.datasources.CodecStreams$.createInputStreamWithCloseResource(CodecStreams.scala:52)
[2024-12-09T15:05:02.183+0000] {spark_submit.py:634} INFO - at org.apache.spark.sql.execution.datasources.csv.MultiLineCSVDataSource$.$anonfun$infer$1(CSVDataSource.scala:195)
[2024-12-09T15:05:02.183+0000] {spark_submit.py:634} INFO - at scala.collection.Iterator$$anon$11.nextCur(Iterator.scala:486)
[2024-12-09T15:05:02.183+0000] {spark_submit.py:634} INFO - at scala.collection.Iterator$$anon$11.hasNext(Iterator.scala:492)
[2024-12-09T15:05:02.184+0000] {spark_submit.py:634} INFO - at scala.collection.Iterator$SliceIterator.hasNext(Iterator.scala:268)
[2024-12-09T15:05:02.189+0000] {spark_submit.py:634} INFO - at scala.collection.Iterator.foreach(Iterator.scala:943)
[2024-12-09T15:05:02.190+0000] {spark_submit.py:634} INFO - at scala.collection.Iterator.foreach$(Iterator.scala:943)
[2024-12-09T15:05:02.193+0000] {spark_submit.py:634} INFO - at scala.collection.AbstractIterator.foreach(Iterator.scala:1431)
[2024-12-09T15:05:02.195+0000] {spark_submit.py:634} INFO - at scala.collection.generic.Growable.$plus$plus$eq(Growable.scala:62)
[2024-12-09T15:05:02.196+0000] {spark_submit.py:634} INFO - at scala.collection.generic.Growable.$plus$plus$eq$(Growable.scala:53)
[2024-12-09T15:05:02.197+0000] {spark_submit.py:634} INFO - at scala.collection.mutable.ArrayBuffer.$plus$plus$eq(ArrayBuffer.scala:105)
[2024-12-09T15:05:02.197+0000] {spark_submit.py:634} INFO - at scala.collection.mutable.ArrayBuffer.$plus$plus$eq(ArrayBuffer.scala:49)
[2024-12-09T15:05:02.197+0000] {spark_submit.py:634} INFO - at scala.collection.TraversableOnce.to(TraversableOnce.scala:366)
[2024-12-09T15:05:02.197+0000] {spark_submit.py:634} INFO - at scala.collection.TraversableOnce.to$(TraversableOnce.scala:364)
[2024-12-09T15:05:02.197+0000] {spark_submit.py:634} INFO - at scala.collection.AbstractIterator.to(Iterator.scala:1431)
[2024-12-09T15:05:02.197+0000] {spark_submit.py:634} INFO - at scala.collection.TraversableOnce.toBuffer(TraversableOnce.scala:358)
[2024-12-09T15:05:02.198+0000] {spark_submit.py:634} INFO - at scala.collection.TraversableOnce.toBuffer$(TraversableOnce.scala:358)
[2024-12-09T15:05:02.198+0000] {spark_submit.py:634} INFO - at scala.collection.AbstractIterator.toBuffer(Iterator.scala:1431)
[2024-12-09T15:05:02.198+0000] {spark_submit.py:634} INFO - at scala.collection.TraversableOnce.toArray(TraversableOnce.scala:345)
[2024-12-09T15:05:02.198+0000] {spark_submit.py:634} INFO - at scala.collection.TraversableOnce.toArray$(TraversableOnce.scala:339)
[2024-12-09T15:05:02.198+0000] {spark_submit.py:634} INFO - at scala.collection.AbstractIterator.toArray(Iterator.scala:1431)
[2024-12-09T15:05:02.198+0000] {spark_submit.py:634} INFO - at org.apache.spark.rdd.RDD.$anonfun$take$2(RDD.scala:1492)
[2024-12-09T15:05:02.198+0000] {spark_submit.py:634} INFO - at org.apache.spark.SparkContext.$anonfun$runJob$5(SparkContext.scala:2433)
[2024-12-09T15:05:02.198+0000] {spark_submit.py:634} INFO - at org.apache.spark.scheduler.ResultTask.runTask(ResultTask.scala:93)
[2024-12-09T15:05:02.199+0000] {spark_submit.py:634} INFO - at org.apache.spark.TaskContext.runTaskWithListeners(TaskContext.scala:166)
[2024-12-09T15:05:02.199+0000] {spark_submit.py:634} INFO - at org.apache.spark.scheduler.Task.run(Task.scala:141)
[2024-12-09T15:05:02.199+0000] {spark_submit.py:634} INFO - at org.apache.spark.executor.Executor$TaskRunner.$anonfun$run$4(Executor.scala:620)
[2024-12-09T15:05:02.199+0000] {spark_submit.py:634} INFO - at org.apache.spark.util.SparkErrorUtils.tryWithSafeFinally(SparkErrorUtils.scala:64)
[2024-12-09T15:05:02.199+0000] {spark_submit.py:634} INFO - at org.apache.spark.util.SparkErrorUtils.tryWithSafeFinally$(SparkErrorUtils.scala:61)
[2024-12-09T15:05:02.199+0000] {spark_submit.py:634} INFO - at org.apache.spark.util.Utils$.tryWithSafeFinally(Utils.scala:94)
[2024-12-09T15:05:02.199+0000] {spark_submit.py:634} INFO - at org.apache.spark.executor.Executor$TaskRunner.run(Executor.scala:623)
[2024-12-09T15:05:02.199+0000] {spark_submit.py:634} INFO - at java.base/java.util.concurrent.ThreadPoolExecutor.runWorker(ThreadPoolExecutor.java:1136)
[2024-12-09T15:05:02.200+0000] {spark_submit.py:634} INFO - at java.base/java.util.concurrent.ThreadPoolExecutor$Worker.run(ThreadPoolExecutor.java:635)
[2024-12-09T15:05:02.203+0000] {spark_submit.py:634} INFO - at java.base/java.lang.Thread.run(Thread.java:840)
[2024-12-09T15:05:02.203+0000] {spark_submit.py:634} INFO - 
[2024-12-09T15:05:02.203+0000] {spark_submit.py:634} INFO - Driver stacktrace:
[2024-12-09T15:05:02.203+0000] {spark_submit.py:634} INFO - at org.apache.spark.scheduler.DAGScheduler.failJobAndIndependentStages(DAGScheduler.scala:2856)
[2024-12-09T15:05:02.203+0000] {spark_submit.py:634} INFO - at org.apache.spark.scheduler.DAGScheduler.$anonfun$abortStage$2(DAGScheduler.scala:2792)
[2024-12-09T15:05:02.203+0000] {spark_submit.py:634} INFO - at org.apache.spark.scheduler.DAGScheduler.$anonfun$abortStage$2$adapted(DAGScheduler.scala:2791)
[2024-12-09T15:05:02.204+0000] {spark_submit.py:634} INFO - at scala.collection.mutable.ResizableArray.foreach(ResizableArray.scala:62)
[2024-12-09T15:05:02.204+0000] {spark_submit.py:634} INFO - at scala.collection.mutable.ResizableArray.foreach$(ResizableArray.scala:55)
[2024-12-09T15:05:02.204+0000] {spark_submit.py:634} INFO - at scala.collection.mutable.ArrayBuffer.foreach(ArrayBuffer.scala:49)
[2024-12-09T15:05:02.204+0000] {spark_submit.py:634} INFO - at org.apache.spark.scheduler.DAGScheduler.abortStage(DAGScheduler.scala:2791)
[2024-12-09T15:05:02.204+0000] {spark_submit.py:634} INFO - at org.apache.spark.scheduler.DAGScheduler.$anonfun$handleTaskSetFailed$1(DAGScheduler.scala:1247)
[2024-12-09T15:05:02.204+0000] {spark_submit.py:634} INFO - at org.apache.spark.scheduler.DAGScheduler.$anonfun$handleTaskSetFailed$1$adapted(DAGScheduler.scala:1247)
[2024-12-09T15:05:02.204+0000] {spark_submit.py:634} INFO - at scala.Option.foreach(Option.scala:407)
[2024-12-09T15:05:02.204+0000] {spark_submit.py:634} INFO - at org.apache.spark.scheduler.DAGScheduler.handleTaskSetFailed(DAGScheduler.scala:1247)
[2024-12-09T15:05:02.205+0000] {spark_submit.py:634} INFO - at org.apache.spark.scheduler.DAGSchedulerEventProcessLoop.doOnReceive(DAGScheduler.scala:3060)
[2024-12-09T15:05:02.205+0000] {spark_submit.py:634} INFO - at org.apache.spark.scheduler.DAGSchedulerEventProcessLoop.onReceive(DAGScheduler.scala:2994)
[2024-12-09T15:05:02.205+0000] {spark_submit.py:634} INFO - at org.apache.spark.scheduler.DAGSchedulerEventProcessLoop.onReceive(DAGScheduler.scala:2983)
[2024-12-09T15:05:02.205+0000] {spark_submit.py:634} INFO - at org.apache.spark.util.EventLoop$$anon$1.run(EventLoop.scala:49)
[2024-12-09T15:05:02.205+0000] {spark_submit.py:634} INFO - at org.apache.spark.scheduler.DAGScheduler.runJob(DAGScheduler.scala:989)
[2024-12-09T15:05:02.205+0000] {spark_submit.py:634} INFO - at org.apache.spark.SparkContext.runJob(SparkContext.scala:2393)
[2024-12-09T15:05:02.205+0000] {spark_submit.py:634} INFO - at org.apache.spark.SparkContext.runJob(SparkContext.scala:2414)
[2024-12-09T15:05:02.205+0000] {spark_submit.py:634} INFO - at org.apache.spark.SparkContext.runJob(SparkContext.scala:2433)
[2024-12-09T15:05:02.205+0000] {spark_submit.py:634} INFO - at org.apache.spark.rdd.RDD.$anonfun$take$1(RDD.scala:1492)
[2024-12-09T15:05:02.206+0000] {spark_submit.py:634} INFO - at org.apache.spark.rdd.RDDOperationScope$.withScope(RDDOperationScope.scala:151)
[2024-12-09T15:05:02.206+0000] {spark_submit.py:634} INFO - at org.apache.spark.rdd.RDDOperationScope$.withScope(RDDOperationScope.scala:112)
[2024-12-09T15:05:02.206+0000] {spark_submit.py:634} INFO - at org.apache.spark.rdd.RDD.withScope(RDD.scala:410)
[2024-12-09T15:05:02.206+0000] {spark_submit.py:634} INFO - at org.apache.spark.rdd.RDD.take(RDD.scala:1465)
[2024-12-09T15:05:02.206+0000] {spark_submit.py:634} INFO - at org.apache.spark.sql.execution.datasources.csv.MultiLineCSVDataSource$.infer(CSVDataSource.scala:199)
[2024-12-09T15:05:02.206+0000] {spark_submit.py:634} INFO - at org.apache.spark.sql.execution.datasources.csv.CSVDataSource.inferSchema(CSVDataSource.scala:64)
[2024-12-09T15:05:02.206+0000] {spark_submit.py:634} INFO - at org.apache.spark.sql.execution.datasources.csv.CSVFileFormat.inferSchema(CSVFileFormat.scala:62)
[2024-12-09T15:05:02.206+0000] {spark_submit.py:634} INFO - at org.apache.spark.sql.execution.datasources.DataSource.$anonfun$getOrInferFileFormatSchema$11(DataSource.scala:208)
[2024-12-09T15:05:02.207+0000] {spark_submit.py:634} INFO - at scala.Option.orElse(Option.scala:447)
[2024-12-09T15:05:02.207+0000] {spark_submit.py:634} INFO - at org.apache.spark.sql.execution.datasources.DataSource.getOrInferFileFormatSchema(DataSource.scala:205)
[2024-12-09T15:05:02.207+0000] {spark_submit.py:634} INFO - at org.apache.spark.sql.execution.datasources.DataSource.resolveRelation(DataSource.scala:407)
[2024-12-09T15:05:02.207+0000] {spark_submit.py:634} INFO - at org.apache.spark.sql.DataFrameReader.loadV1Source(DataFrameReader.scala:229)
[2024-12-09T15:05:02.207+0000] {spark_submit.py:634} INFO - at org.apache.spark.sql.DataFrameReader.$anonfun$load$2(DataFrameReader.scala:211)
[2024-12-09T15:05:02.208+0000] {spark_submit.py:634} INFO - at scala.Option.getOrElse(Option.scala:189)
[2024-12-09T15:05:02.209+0000] {spark_submit.py:634} INFO - at org.apache.spark.sql.DataFrameReader.load(DataFrameReader.scala:211)
[2024-12-09T15:05:02.211+0000] {spark_submit.py:634} INFO - at org.apache.spark.sql.DataFrameReader.csv(DataFrameReader.scala:538)
[2024-12-09T15:05:02.213+0000] {spark_submit.py:634} INFO - at java.base/jdk.internal.reflect.NativeMethodAccessorImpl.invoke0(Native Method)
[2024-12-09T15:05:02.213+0000] {spark_submit.py:634} INFO - at java.base/jdk.internal.reflect.NativeMethodAccessorImpl.invoke(NativeMethodAccessorImpl.java:77)
[2024-12-09T15:05:02.213+0000] {spark_submit.py:634} INFO - at java.base/jdk.internal.reflect.DelegatingMethodAccessorImpl.invoke(DelegatingMethodAccessorImpl.java:43)
[2024-12-09T15:05:02.213+0000] {spark_submit.py:634} INFO - at java.base/java.lang.reflect.Method.invoke(Method.java:569)
[2024-12-09T15:05:02.213+0000] {spark_submit.py:634} INFO - at py4j.reflection.MethodInvoker.invoke(MethodInvoker.java:244)
[2024-12-09T15:05:02.213+0000] {spark_submit.py:634} INFO - at py4j.reflection.ReflectionEngine.invoke(ReflectionEngine.java:374)
[2024-12-09T15:05:02.214+0000] {spark_submit.py:634} INFO - at py4j.Gateway.invoke(Gateway.java:282)
[2024-12-09T15:05:02.214+0000] {spark_submit.py:634} INFO - at py4j.commands.AbstractCommand.invokeMethod(AbstractCommand.java:132)
[2024-12-09T15:05:02.214+0000] {spark_submit.py:634} INFO - at py4j.commands.CallCommand.execute(CallCommand.java:79)
[2024-12-09T15:05:02.214+0000] {spark_submit.py:634} INFO - at py4j.ClientServerConnection.waitForCommands(ClientServerConnection.java:182)
[2024-12-09T15:05:02.214+0000] {spark_submit.py:634} INFO - at py4j.ClientServerConnection.run(ClientServerConnection.java:106)
[2024-12-09T15:05:02.214+0000] {spark_submit.py:634} INFO - at java.base/java.lang.Thread.run(Thread.java:840)
[2024-12-09T15:05:02.214+0000] {spark_submit.py:634} INFO - Caused by: java.io.FileNotFoundException: File file:/tmp/spark-ff88b878-8e20-4a61-8ff2-07fb087bcde0/userFiles-1222f930-fd0d-4c73-b036-c39dd7239986/test1234.csv does not exist
[2024-12-09T15:05:02.214+0000] {spark_submit.py:634} INFO - at org.apache.hadoop.fs.RawLocalFileSystem.deprecatedGetFileStatus(RawLocalFileSystem.java:779)
[2024-12-09T15:05:02.214+0000] {spark_submit.py:634} INFO - at org.apache.hadoop.fs.RawLocalFileSystem.getFileLinkStatusInternal(RawLocalFileSystem.java:1100)
[2024-12-09T15:05:02.215+0000] {spark_submit.py:634} INFO - at org.apache.hadoop.fs.RawLocalFileSystem.getFileStatus(RawLocalFileSystem.java:769)
[2024-12-09T15:05:02.215+0000] {spark_submit.py:634} INFO - at org.apache.hadoop.fs.FilterFileSystem.getFileStatus(FilterFileSystem.java:462)
[2024-12-09T15:05:02.215+0000] {spark_submit.py:634} INFO - at org.apache.hadoop.fs.ChecksumFileSystem$ChecksumFSInputChecker.<init>(ChecksumFileSystem.java:160)
[2024-12-09T15:05:02.215+0000] {spark_submit.py:634} INFO - at org.apache.hadoop.fs.ChecksumFileSystem.open(ChecksumFileSystem.java:372)
[2024-12-09T15:05:02.215+0000] {spark_submit.py:634} INFO - at org.apache.hadoop.fs.FileSystem.open(FileSystem.java:976)
[2024-12-09T15:05:02.217+0000] {spark_submit.py:634} INFO - at org.apache.spark.sql.execution.datasources.CodecStreams$.createInputStream(CodecStreams.scala:40)
[2024-12-09T15:05:02.218+0000] {spark_submit.py:634} INFO - at org.apache.spark.sql.execution.datasources.CodecStreams$.createInputStreamWithCloseResource(CodecStreams.scala:52)
[2024-12-09T15:05:02.218+0000] {spark_submit.py:634} INFO - at org.apache.spark.sql.execution.datasources.csv.MultiLineCSVDataSource$.$anonfun$infer$1(CSVDataSource.scala:195)
[2024-12-09T15:05:02.218+0000] {spark_submit.py:634} INFO - at scala.collection.Iterator$$anon$11.nextCur(Iterator.scala:486)
[2024-12-09T15:05:02.218+0000] {spark_submit.py:634} INFO - at scala.collection.Iterator$$anon$11.hasNext(Iterator.scala:492)
[2024-12-09T15:05:02.218+0000] {spark_submit.py:634} INFO - at scala.collection.Iterator$SliceIterator.hasNext(Iterator.scala:268)
[2024-12-09T15:05:02.218+0000] {spark_submit.py:634} INFO - at scala.collection.Iterator.foreach(Iterator.scala:943)
[2024-12-09T15:05:02.219+0000] {spark_submit.py:634} INFO - at scala.collection.Iterator.foreach$(Iterator.scala:943)
[2024-12-09T15:05:02.220+0000] {spark_submit.py:634} INFO - at scala.collection.AbstractIterator.foreach(Iterator.scala:1431)
[2024-12-09T15:05:02.221+0000] {spark_submit.py:634} INFO - at scala.collection.generic.Growable.$plus$plus$eq(Growable.scala:62)
[2024-12-09T15:05:02.222+0000] {spark_submit.py:634} INFO - at scala.collection.generic.Growable.$plus$plus$eq$(Growable.scala:53)
[2024-12-09T15:05:02.222+0000] {spark_submit.py:634} INFO - at scala.collection.mutable.ArrayBuffer.$plus$plus$eq(ArrayBuffer.scala:105)
[2024-12-09T15:05:02.222+0000] {spark_submit.py:634} INFO - at scala.collection.mutable.ArrayBuffer.$plus$plus$eq(ArrayBuffer.scala:49)
[2024-12-09T15:05:02.222+0000] {spark_submit.py:634} INFO - at scala.collection.TraversableOnce.to(TraversableOnce.scala:366)
[2024-12-09T15:05:02.223+0000] {spark_submit.py:634} INFO - at scala.collection.TraversableOnce.to$(TraversableOnce.scala:364)
[2024-12-09T15:05:02.223+0000] {spark_submit.py:634} INFO - at scala.collection.AbstractIterator.to(Iterator.scala:1431)
[2024-12-09T15:05:02.223+0000] {spark_submit.py:634} INFO - at scala.collection.TraversableOnce.toBuffer(TraversableOnce.scala:358)
[2024-12-09T15:05:02.223+0000] {spark_submit.py:634} INFO - at scala.collection.TraversableOnce.toBuffer$(TraversableOnce.scala:358)
[2024-12-09T15:05:02.223+0000] {spark_submit.py:634} INFO - at scala.collection.AbstractIterator.toBuffer(Iterator.scala:1431)
[2024-12-09T15:05:02.223+0000] {spark_submit.py:634} INFO - at scala.collection.TraversableOnce.toArray(TraversableOnce.scala:345)
[2024-12-09T15:05:02.224+0000] {spark_submit.py:634} INFO - at scala.collection.TraversableOnce.toArray$(TraversableOnce.scala:339)
[2024-12-09T15:05:02.224+0000] {spark_submit.py:634} INFO - at scala.collection.AbstractIterator.toArray(Iterator.scala:1431)
[2024-12-09T15:05:02.224+0000] {spark_submit.py:634} INFO - at org.apache.spark.rdd.RDD.$anonfun$take$2(RDD.scala:1492)
[2024-12-09T15:05:02.224+0000] {spark_submit.py:634} INFO - at org.apache.spark.SparkContext.$anonfun$runJob$5(SparkContext.scala:2433)
[2024-12-09T15:05:02.224+0000] {spark_submit.py:634} INFO - at org.apache.spark.scheduler.ResultTask.runTask(ResultTask.scala:93)
[2024-12-09T15:05:02.224+0000] {spark_submit.py:634} INFO - at org.apache.spark.TaskContext.runTaskWithListeners(TaskContext.scala:166)
[2024-12-09T15:05:02.224+0000] {spark_submit.py:634} INFO - at org.apache.spark.scheduler.Task.run(Task.scala:141)
[2024-12-09T15:05:02.224+0000] {spark_submit.py:634} INFO - at org.apache.spark.executor.Executor$TaskRunner.$anonfun$run$4(Executor.scala:620)
[2024-12-09T15:05:02.225+0000] {spark_submit.py:634} INFO - at org.apache.spark.util.SparkErrorUtils.tryWithSafeFinally(SparkErrorUtils.scala:64)
[2024-12-09T15:05:02.225+0000] {spark_submit.py:634} INFO - at org.apache.spark.util.SparkErrorUtils.tryWithSafeFinally$(SparkErrorUtils.scala:61)
[2024-12-09T15:05:02.225+0000] {spark_submit.py:634} INFO - at org.apache.spark.util.Utils$.tryWithSafeFinally(Utils.scala:94)
[2024-12-09T15:05:02.225+0000] {spark_submit.py:634} INFO - at org.apache.spark.executor.Executor$TaskRunner.run(Executor.scala:623)
[2024-12-09T15:05:02.225+0000] {spark_submit.py:634} INFO - at java.base/java.util.concurrent.ThreadPoolExecutor.runWorker(ThreadPoolExecutor.java:1136)
[2024-12-09T15:05:02.225+0000] {spark_submit.py:634} INFO - at java.base/java.util.concurrent.ThreadPoolExecutor$Worker.run(ThreadPoolExecutor.java:635)
[2024-12-09T15:05:02.225+0000] {spark_submit.py:634} INFO - ... 1 more
[2024-12-09T15:05:02.225+0000] {spark_submit.py:634} INFO - 
[2024-12-09T15:05:02.256+0000] {spark_submit.py:634} INFO - 24/12/09 15:05:02 INFO SparkContext: Invoking stop() from shutdown hook
[2024-12-09T15:05:02.257+0000] {spark_submit.py:634} INFO - 24/12/09 15:05:02 INFO SparkContext: SparkContext is stopping with exitCode 0.
[2024-12-09T15:05:02.268+0000] {spark_submit.py:634} INFO - 24/12/09 15:05:02 INFO SparkUI: Stopped Spark web UI at http://2a892a3469ec:4042
[2024-12-09T15:05:02.271+0000] {spark_submit.py:634} INFO - 24/12/09 15:05:02 INFO StandaloneSchedulerBackend: Shutting down all executors
[2024-12-09T15:05:02.272+0000] {spark_submit.py:634} INFO - 24/12/09 15:05:02 INFO StandaloneSchedulerBackend$StandaloneDriverEndpoint: Asking each executor to shut down
[2024-12-09T15:05:02.301+0000] {spark_submit.py:634} INFO - 24/12/09 15:05:02 INFO MapOutputTrackerMasterEndpoint: MapOutputTrackerMasterEndpoint stopped!
[2024-12-09T15:05:02.342+0000] {spark_submit.py:634} INFO - 24/12/09 15:05:02 INFO MemoryStore: MemoryStore cleared
[2024-12-09T15:05:02.343+0000] {spark_submit.py:634} INFO - 24/12/09 15:05:02 INFO BlockManager: BlockManager stopped
[2024-12-09T15:05:02.352+0000] {spark_submit.py:634} INFO - 24/12/09 15:05:02 INFO BlockManagerMaster: BlockManagerMaster stopped
[2024-12-09T15:05:02.355+0000] {spark_submit.py:634} INFO - 24/12/09 15:05:02 INFO OutputCommitCoordinator$OutputCommitCoordinatorEndpoint: OutputCommitCoordinator stopped!
[2024-12-09T15:05:02.375+0000] {spark_submit.py:634} INFO - 24/12/09 15:05:02 INFO SparkContext: Successfully stopped SparkContext
[2024-12-09T15:05:02.376+0000] {spark_submit.py:634} INFO - 24/12/09 15:05:02 INFO ShutdownHookManager: Shutdown hook called
[2024-12-09T15:05:02.377+0000] {spark_submit.py:634} INFO - 24/12/09 15:05:02 INFO ShutdownHookManager: Deleting directory /tmp/spark-dfb9200a-11a6-4dce-b97a-10adf7a5117b
[2024-12-09T15:05:02.393+0000] {spark_submit.py:634} INFO - 24/12/09 15:05:02 INFO ShutdownHookManager: Deleting directory /tmp/spark-ff88b878-8e20-4a61-8ff2-07fb087bcde0/pyspark-d11ebeff-e9cd-4eb0-b936-aea3b7ed6323
[2024-12-09T15:05:02.404+0000] {spark_submit.py:634} INFO - 24/12/09 15:05:02 INFO ShutdownHookManager: Deleting directory /tmp/spark-ff88b878-8e20-4a61-8ff2-07fb087bcde0
[2024-12-09T15:05:02.486+0000] {taskinstance.py:3311} ERROR - Task failed with exception
Traceback (most recent call last):
  File "/home/airflow/.local/lib/python3.12/site-packages/airflow/models/taskinstance.py", line 767, in _execute_task
    result = _execute_callable(context=context, **execute_callable_kwargs)
             ^^^^^^^^^^^^^^^^^^^^^^^^^^^^^^^^^^^^^^^^^^^^^^^^^^^^^^^^^^^^^
  File "/home/airflow/.local/lib/python3.12/site-packages/airflow/models/taskinstance.py", line 733, in _execute_callable
    return ExecutionCallableRunner(
           ^^^^^^^^^^^^^^^^^^^^^^^^
  File "/home/airflow/.local/lib/python3.12/site-packages/airflow/utils/operator_helpers.py", line 252, in run
    return self.func(*args, **kwargs)
           ^^^^^^^^^^^^^^^^^^^^^^^^^^
  File "/home/airflow/.local/lib/python3.12/site-packages/airflow/models/baseoperator.py", line 417, in wrapper
    return func(self, *args, **kwargs)
           ^^^^^^^^^^^^^^^^^^^^^^^^^^^
  File "/home/airflow/.local/lib/python3.12/site-packages/airflow/providers/apache/spark/operators/spark_submit.py", line 176, in execute
    self._hook.submit(self.application)
  File "/home/airflow/.local/lib/python3.12/site-packages/airflow/providers/apache/spark/hooks/spark_submit.py", line 560, in submit
    raise AirflowException(
airflow.exceptions.AirflowException: Cannot execute: spark-submit --master spark://sparkingflow-spark-master-1:7077 --name arrow-spark --deploy-mode client jobs/python/wordcountjob.py. Error code is: 1.
[2024-12-09T15:05:02.503+0000] {taskinstance.py:1225} INFO - Marking task as FAILED. dag_id=sparking_flow, task_id=python_job, run_id=manual__2024-12-09T15:04:38.744438+00:00, execution_date=20241209T150438, start_date=20241209T150441, end_date=20241209T150502
[2024-12-09T15:05:02.531+0000] {taskinstance.py:340} INFO - ::group::Post task execution logs
[2024-12-09T15:05:02.532+0000] {standard_task_runner.py:124} ERROR - Failed to execute job 514 for task python_job (Cannot execute: spark-submit --master spark://sparkingflow-spark-master-1:7077 --name arrow-spark --deploy-mode client jobs/python/wordcountjob.py. Error code is: 1.; 190)
Traceback (most recent call last):
  File "/home/airflow/.local/lib/python3.12/site-packages/airflow/task/task_runner/standard_task_runner.py", line 117, in _start_by_fork
    ret = args.func(args, dag=self.dag)
          ^^^^^^^^^^^^^^^^^^^^^^^^^^^^^
  File "/home/airflow/.local/lib/python3.12/site-packages/airflow/cli/cli_config.py", line 49, in command
    return func(*args, **kwargs)
           ^^^^^^^^^^^^^^^^^^^^^
  File "/home/airflow/.local/lib/python3.12/site-packages/airflow/utils/cli.py", line 116, in wrapper
    return f(*args, **kwargs)
           ^^^^^^^^^^^^^^^^^^
  File "/home/airflow/.local/lib/python3.12/site-packages/airflow/cli/commands/task_command.py", line 483, in task_run
    task_return_code = _run_task_by_selected_method(args, _dag, ti)
                       ^^^^^^^^^^^^^^^^^^^^^^^^^^^^^^^^^^^^^^^^^^^^
  File "/home/airflow/.local/lib/python3.12/site-packages/airflow/cli/commands/task_command.py", line 256, in _run_task_by_selected_method
    return _run_raw_task(args, ti)
           ^^^^^^^^^^^^^^^^^^^^^^^
  File "/home/airflow/.local/lib/python3.12/site-packages/airflow/cli/commands/task_command.py", line 341, in _run_raw_task
    return ti._run_raw_task(
           ^^^^^^^^^^^^^^^^^
  File "/home/airflow/.local/lib/python3.12/site-packages/airflow/utils/session.py", line 97, in wrapper
    return func(*args, session=session, **kwargs)
           ^^^^^^^^^^^^^^^^^^^^^^^^^^^^^^^^^^^^^^
  File "/home/airflow/.local/lib/python3.12/site-packages/airflow/models/taskinstance.py", line 3005, in _run_raw_task
    return _run_raw_task(
           ^^^^^^^^^^^^^^
  File "/home/airflow/.local/lib/python3.12/site-packages/airflow/models/taskinstance.py", line 273, in _run_raw_task
    TaskInstance._execute_task_with_callbacks(
  File "/home/airflow/.local/lib/python3.12/site-packages/airflow/models/taskinstance.py", line 3159, in _execute_task_with_callbacks
    result = self._execute_task(context, task_orig)
             ^^^^^^^^^^^^^^^^^^^^^^^^^^^^^^^^^^^^^^
  File "/home/airflow/.local/lib/python3.12/site-packages/airflow/models/taskinstance.py", line 3183, in _execute_task
    return _execute_task(self, context, task_orig)
           ^^^^^^^^^^^^^^^^^^^^^^^^^^^^^^^^^^^^^^^
  File "/home/airflow/.local/lib/python3.12/site-packages/airflow/models/taskinstance.py", line 767, in _execute_task
    result = _execute_callable(context=context, **execute_callable_kwargs)
             ^^^^^^^^^^^^^^^^^^^^^^^^^^^^^^^^^^^^^^^^^^^^^^^^^^^^^^^^^^^^^
  File "/home/airflow/.local/lib/python3.12/site-packages/airflow/models/taskinstance.py", line 733, in _execute_callable
    return ExecutionCallableRunner(
           ^^^^^^^^^^^^^^^^^^^^^^^^
  File "/home/airflow/.local/lib/python3.12/site-packages/airflow/utils/operator_helpers.py", line 252, in run
    return self.func(*args, **kwargs)
           ^^^^^^^^^^^^^^^^^^^^^^^^^^
  File "/home/airflow/.local/lib/python3.12/site-packages/airflow/models/baseoperator.py", line 417, in wrapper
    return func(self, *args, **kwargs)
           ^^^^^^^^^^^^^^^^^^^^^^^^^^^
  File "/home/airflow/.local/lib/python3.12/site-packages/airflow/providers/apache/spark/operators/spark_submit.py", line 176, in execute
    self._hook.submit(self.application)
  File "/home/airflow/.local/lib/python3.12/site-packages/airflow/providers/apache/spark/hooks/spark_submit.py", line 560, in submit
    raise AirflowException(
airflow.exceptions.AirflowException: Cannot execute: spark-submit --master spark://sparkingflow-spark-master-1:7077 --name arrow-spark --deploy-mode client jobs/python/wordcountjob.py. Error code is: 1.
[2024-12-09T15:05:02.556+0000] {local_task_job_runner.py:266} INFO - Task exited with return code 1
[2024-12-09T15:05:02.600+0000] {taskinstance.py:3895} INFO - 0 downstream tasks scheduled from follow-on schedule check
[2024-12-09T15:05:02.604+0000] {local_task_job_runner.py:245} INFO - ::endgroup::
