[2024-12-09T18:05:04.289+0000] {local_task_job_runner.py:123} INFO - ::group::Pre task execution logs
[2024-12-09T18:05:04.309+0000] {taskinstance.py:2613} INFO - Dependencies all met for dep_context=non-requeueable deps ti=<TaskInstance: sparking_flow.java_job manual__2024-12-09T18:05:02.056552+00:00 [queued]>
[2024-12-09T18:05:04.322+0000] {taskinstance.py:2613} INFO - Dependencies all met for dep_context=requeueable deps ti=<TaskInstance: sparking_flow.java_job manual__2024-12-09T18:05:02.056552+00:00 [queued]>
[2024-12-09T18:05:04.322+0000] {taskinstance.py:2866} INFO - Starting attempt 1 of 1
[2024-12-09T18:05:04.338+0000] {taskinstance.py:2889} INFO - Executing <Task(SparkSubmitOperator): java_job> on 2024-12-09 18:05:02.056552+00:00
[2024-12-09T18:05:04.345+0000] {logging_mixin.py:190} WARNING - /home/***/.local/lib/python3.12/site-packages/***/task/task_runner/standard_task_runner.py:70 DeprecationWarning: This process (pid=186) is multi-threaded, use of fork() may lead to deadlocks in the child.
[2024-12-09T18:05:04.347+0000] {standard_task_runner.py:72} INFO - Started process 192 to run task
[2024-12-09T18:05:04.347+0000] {standard_task_runner.py:104} INFO - Running: ['***', 'tasks', 'run', 'sparking_flow', 'java_job', 'manual__2024-12-09T18:05:02.056552+00:00', '--job-id', '590', '--raw', '--subdir', 'DAGS_FOLDER/spark_***.py', '--cfg-path', '/tmp/tmpes0qfvjt']
[2024-12-09T18:05:04.351+0000] {standard_task_runner.py:105} INFO - Job 590: Subtask java_job
[2024-12-09T18:05:04.412+0000] {task_command.py:467} INFO - Running <TaskInstance: sparking_flow.java_job manual__2024-12-09T18:05:02.056552+00:00 [running]> on host 2a892a3469ec
[2024-12-09T18:05:04.548+0000] {taskinstance.py:3132} INFO - Exporting env vars: AIRFLOW_CTX_DAG_OWNER='Yusuf Ganiyu' AIRFLOW_CTX_DAG_ID='sparking_flow' AIRFLOW_CTX_TASK_ID='java_job' AIRFLOW_CTX_EXECUTION_DATE='2024-12-09T18:05:02.056552+00:00' AIRFLOW_CTX_TRY_NUMBER='1' AIRFLOW_CTX_DAG_RUN_ID='manual__2024-12-09T18:05:02.056552+00:00'
[2024-12-09T18:05:04.550+0000] {taskinstance.py:731} INFO - ::endgroup::
[2024-12-09T18:05:04.585+0000] {base.py:84} INFO - Retrieving connection 'spark-conn'
[2024-12-09T18:05:04.586+0000] {spark_submit.py:473} INFO - Spark-Submit cmd: spark-submit --master spark://sparkingflow-spark-master-1:7077 --name arrow-spark --class com.airscholar.spark.WordCountJob --deploy-mode client jobs/java/spark-job/target/spark-job-1.0-SNAPSHOT.jar
[2024-12-09T18:05:09.389+0000] {spark_submit.py:634} INFO - 24/12/09 18:05:09 INFO SparkContext: Running Spark version 3.5.3
[2024-12-09T18:05:09.401+0000] {spark_submit.py:634} INFO - 24/12/09 18:05:09 INFO SparkContext: OS info Linux, 6.10.14-linuxkit, aarch64
[2024-12-09T18:05:09.403+0000] {spark_submit.py:634} INFO - 24/12/09 18:05:09 INFO SparkContext: Java version 17.0.13
[2024-12-09T18:05:09.512+0000] {spark_submit.py:634} INFO - 24/12/09 18:05:09 WARN NativeCodeLoader: Unable to load native-hadoop library for your platform... using builtin-java classes where applicable
[2024-12-09T18:05:09.654+0000] {spark_submit.py:634} INFO - 24/12/09 18:05:09 INFO ResourceUtils: ==============================================================
[2024-12-09T18:05:09.657+0000] {spark_submit.py:634} INFO - 24/12/09 18:05:09 INFO ResourceUtils: No custom resources configured for spark.driver.
[2024-12-09T18:05:09.658+0000] {spark_submit.py:634} INFO - 24/12/09 18:05:09 INFO ResourceUtils: ==============================================================
[2024-12-09T18:05:09.659+0000] {spark_submit.py:634} INFO - 24/12/09 18:05:09 INFO SparkContext: Submitted application: Word Count Job
[2024-12-09T18:05:09.692+0000] {spark_submit.py:634} INFO - 24/12/09 18:05:09 INFO ResourceProfile: Default ResourceProfile created, executor resources: Map(cores -> name: cores, amount: 1, script: , vendor: , memory -> name: memory, amount: 1024, script: , vendor: , offHeap -> name: offHeap, amount: 0, script: , vendor: ), task resources: Map(cpus -> name: cpus, amount: 1.0)
[2024-12-09T18:05:09.705+0000] {spark_submit.py:634} INFO - 24/12/09 18:05:09 INFO ResourceProfile: Limiting resource is cpu
[2024-12-09T18:05:09.709+0000] {spark_submit.py:634} INFO - 24/12/09 18:05:09 INFO ResourceProfileManager: Added ResourceProfile id: 0
[2024-12-09T18:05:09.793+0000] {spark_submit.py:634} INFO - 24/12/09 18:05:09 INFO SecurityManager: Changing view acls to: ***
[2024-12-09T18:05:09.795+0000] {spark_submit.py:634} INFO - 24/12/09 18:05:09 INFO SecurityManager: Changing modify acls to: ***
[2024-12-09T18:05:09.796+0000] {spark_submit.py:634} INFO - 24/12/09 18:05:09 INFO SecurityManager: Changing view acls groups to:
[2024-12-09T18:05:09.800+0000] {spark_submit.py:634} INFO - 24/12/09 18:05:09 INFO SecurityManager: Changing modify acls groups to:
[2024-12-09T18:05:09.801+0000] {spark_submit.py:634} INFO - 24/12/09 18:05:09 INFO SecurityManager: SecurityManager: authentication disabled; ui acls disabled; users with view permissions: ***; groups with view permissions: EMPTY; users with modify permissions: ***; groups with modify permissions: EMPTY
[2024-12-09T18:05:10.138+0000] {spark_submit.py:634} INFO - 24/12/09 18:05:10 INFO Utils: Successfully started service 'sparkDriver' on port 37023.
[2024-12-09T18:05:10.177+0000] {spark_submit.py:634} INFO - 24/12/09 18:05:10 INFO SparkEnv: Registering MapOutputTracker
[2024-12-09T18:05:10.233+0000] {spark_submit.py:634} INFO - 24/12/09 18:05:10 INFO SparkEnv: Registering BlockManagerMaster
[2024-12-09T18:05:10.262+0000] {spark_submit.py:634} INFO - 24/12/09 18:05:10 INFO BlockManagerMasterEndpoint: Using org.apache.spark.storage.DefaultTopologyMapper for getting topology information
[2024-12-09T18:05:10.264+0000] {spark_submit.py:634} INFO - 24/12/09 18:05:10 INFO BlockManagerMasterEndpoint: BlockManagerMasterEndpoint up
[2024-12-09T18:05:10.270+0000] {spark_submit.py:634} INFO - 24/12/09 18:05:10 INFO SparkEnv: Registering BlockManagerMasterHeartbeat
[2024-12-09T18:05:10.307+0000] {spark_submit.py:634} INFO - 24/12/09 18:05:10 INFO DiskBlockManager: Created local directory at /tmp/blockmgr-3eacbd86-bf0e-4660-bbfb-60352c6722b5
[2024-12-09T18:05:10.332+0000] {spark_submit.py:634} INFO - 24/12/09 18:05:10 INFO MemoryStore: MemoryStore started with capacity 434.4 MiB
[2024-12-09T18:05:10.353+0000] {spark_submit.py:634} INFO - 24/12/09 18:05:10 INFO SparkEnv: Registering OutputCommitCoordinator
[2024-12-09T18:05:10.557+0000] {spark_submit.py:634} INFO - 24/12/09 18:05:10 INFO JettyUtils: Start Jetty 0.0.0.0:4040 for SparkUI
[2024-12-09T18:05:10.645+0000] {spark_submit.py:634} INFO - 24/12/09 18:05:10 INFO Utils: Successfully started service 'SparkUI' on port 4040.
[2024-12-09T18:05:10.694+0000] {spark_submit.py:634} INFO - 24/12/09 18:05:10 INFO SparkContext: Added JAR file:/opt/***/jobs/java/spark-job/target/spark-job-1.0-SNAPSHOT.jar at spark://2a892a3469ec:37023/jars/spark-job-1.0-SNAPSHOT.jar with timestamp 1733767509366
[2024-12-09T18:05:10.770+0000] {spark_submit.py:634} INFO - 24/12/09 18:05:10 INFO Executor: Starting executor ID driver on host 2a892a3469ec
[2024-12-09T18:05:10.771+0000] {spark_submit.py:634} INFO - 24/12/09 18:05:10 INFO Executor: OS info Linux, 6.10.14-linuxkit, aarch64
[2024-12-09T18:05:10.772+0000] {spark_submit.py:634} INFO - 24/12/09 18:05:10 INFO Executor: Java version 17.0.13
[2024-12-09T18:05:10.779+0000] {spark_submit.py:634} INFO - 24/12/09 18:05:10 INFO Executor: Starting executor with user classpath (userClassPathFirst = false): ''
[2024-12-09T18:05:10.781+0000] {spark_submit.py:634} INFO - 24/12/09 18:05:10 INFO Executor: Created or updated repl class loader org.apache.spark.util.MutableURLClassLoader@63d5874f for default.
[2024-12-09T18:05:10.820+0000] {spark_submit.py:634} INFO - 24/12/09 18:05:10 INFO Executor: Fetching spark://2a892a3469ec:37023/jars/spark-job-1.0-SNAPSHOT.jar with timestamp 1733767509366
[2024-12-09T18:05:10.903+0000] {spark_submit.py:634} INFO - 24/12/09 18:05:10 INFO TransportClientFactory: Successfully created connection to 2a892a3469ec/172.18.0.5:37023 after 49 ms (0 ms spent in bootstraps)
[2024-12-09T18:05:10.909+0000] {spark_submit.py:634} INFO - 24/12/09 18:05:10 INFO Utils: Fetching spark://2a892a3469ec:37023/jars/spark-job-1.0-SNAPSHOT.jar to /tmp/spark-173ce024-c9bd-4deb-b12a-8f4e641177e3/userFiles-f92528bc-279f-46b6-bfb8-87d82c0bddb3/fetchFileTemp17917166067434670482.tmp
[2024-12-09T18:05:10.955+0000] {spark_submit.py:634} INFO - 24/12/09 18:05:10 INFO Executor: Adding file:/tmp/spark-173ce024-c9bd-4deb-b12a-8f4e641177e3/userFiles-f92528bc-279f-46b6-bfb8-87d82c0bddb3/spark-job-1.0-SNAPSHOT.jar to class loader default
[2024-12-09T18:05:10.966+0000] {spark_submit.py:634} INFO - 24/12/09 18:05:10 INFO Utils: Successfully started service 'org.apache.spark.network.netty.NettyBlockTransferService' on port 38357.
[2024-12-09T18:05:10.967+0000] {spark_submit.py:634} INFO - 24/12/09 18:05:10 INFO NettyBlockTransferService: Server created on 2a892a3469ec:38357
[2024-12-09T18:05:10.969+0000] {spark_submit.py:634} INFO - 24/12/09 18:05:10 INFO BlockManager: Using org.apache.spark.storage.RandomBlockReplicationPolicy for block replication policy
[2024-12-09T18:05:10.976+0000] {spark_submit.py:634} INFO - 24/12/09 18:05:10 INFO BlockManagerMaster: Registering BlockManager BlockManagerId(driver, 2a892a3469ec, 38357, None)
[2024-12-09T18:05:10.981+0000] {spark_submit.py:634} INFO - 24/12/09 18:05:10 INFO BlockManagerMasterEndpoint: Registering block manager 2a892a3469ec:38357 with 434.4 MiB RAM, BlockManagerId(driver, 2a892a3469ec, 38357, None)
[2024-12-09T18:05:10.989+0000] {spark_submit.py:634} INFO - 24/12/09 18:05:10 INFO BlockManagerMaster: Registered BlockManager BlockManagerId(driver, 2a892a3469ec, 38357, None)
[2024-12-09T18:05:10.990+0000] {spark_submit.py:634} INFO - 24/12/09 18:05:10 INFO BlockManager: Initialized BlockManager: BlockManagerId(driver, 2a892a3469ec, 38357, None)
[2024-12-09T18:05:12.627+0000] {spark_submit.py:634} INFO - 24/12/09 18:05:12 INFO SparkContext: Starting job: collect at WordCountJob.java:37
[2024-12-09T18:05:12.810+0000] {spark_submit.py:634} INFO - 24/12/09 18:05:12 INFO DAGScheduler: Registering RDD 2 (mapToPair at WordCountJob.java:33) as input to shuffle 0
[2024-12-09T18:05:12.828+0000] {spark_submit.py:634} INFO - 24/12/09 18:05:12 INFO DAGScheduler: Got job 0 (collect at WordCountJob.java:37) with 1 output partitions
[2024-12-09T18:05:12.897+0000] {spark_submit.py:634} INFO - 24/12/09 18:05:12 INFO DAGScheduler: Final stage: ResultStage 1 (collect at WordCountJob.java:37)
[2024-12-09T18:05:12.900+0000] {spark_submit.py:634} INFO - 24/12/09 18:05:12 INFO DAGScheduler: Parents of final stage: List(ShuffleMapStage 0)
[2024-12-09T18:05:12.932+0000] {spark_submit.py:634} INFO - 24/12/09 18:05:12 INFO DAGScheduler: Missing parents: List(ShuffleMapStage 0)
[2024-12-09T18:05:12.953+0000] {spark_submit.py:634} INFO - 24/12/09 18:05:12 INFO DAGScheduler: Submitting ShuffleMapStage 0 (MapPartitionsRDD[2] at mapToPair at WordCountJob.java:33), which has no missing parents
[2024-12-09T18:05:13.304+0000] {spark_submit.py:634} INFO - 24/12/09 18:05:13 INFO MemoryStore: Block broadcast_0 stored as values in memory (estimated size 6.4 KiB, free 434.4 MiB)
[2024-12-09T18:05:13.405+0000] {spark_submit.py:634} INFO - 24/12/09 18:05:13 INFO MemoryStore: Block broadcast_0_piece0 stored as bytes in memory (estimated size 3.4 KiB, free 434.4 MiB)
[2024-12-09T18:05:13.411+0000] {spark_submit.py:634} INFO - 24/12/09 18:05:13 INFO BlockManagerInfo: Added broadcast_0_piece0 in memory on 2a892a3469ec:38357 (size: 3.4 KiB, free: 434.4 MiB)
[2024-12-09T18:05:13.424+0000] {spark_submit.py:634} INFO - 24/12/09 18:05:13 INFO SparkContext: Created broadcast 0 from broadcast at DAGScheduler.scala:1585
[2024-12-09T18:05:13.512+0000] {spark_submit.py:634} INFO - 24/12/09 18:05:13 INFO DAGScheduler: Submitting 1 missing tasks from ShuffleMapStage 0 (MapPartitionsRDD[2] at mapToPair at WordCountJob.java:33) (first 15 tasks are for partitions Vector(0))
[2024-12-09T18:05:13.515+0000] {spark_submit.py:634} INFO - 24/12/09 18:05:13 INFO TaskSchedulerImpl: Adding task set 0.0 with 1 tasks resource profile 0
[2024-12-09T18:05:13.709+0000] {spark_submit.py:634} INFO - 24/12/09 18:05:13 INFO TaskSetManager: Starting task 0.0 in stage 0.0 (TID 0) (2a892a3469ec, executor driver, partition 0, PROCESS_LOCAL, 9249 bytes)
[2024-12-09T18:05:13.754+0000] {spark_submit.py:634} INFO - 24/12/09 18:05:13 INFO Executor: Running task 0.0 in stage 0.0 (TID 0)
[2024-12-09T18:05:14.117+0000] {spark_submit.py:634} INFO - 24/12/09 18:05:14 INFO Executor: Finished task 0.0 in stage 0.0 (TID 0). 1216 bytes result sent to driver
[2024-12-09T18:05:14.138+0000] {spark_submit.py:634} INFO - 24/12/09 18:05:14 INFO TaskSetManager: Finished task 0.0 in stage 0.0 (TID 0) in 499 ms on 2a892a3469ec (executor driver) (1/1)
[2024-12-09T18:05:14.142+0000] {spark_submit.py:634} INFO - 24/12/09 18:05:14 INFO TaskSchedulerImpl: Removed TaskSet 0.0, whose tasks have all completed, from pool
[2024-12-09T18:05:14.162+0000] {spark_submit.py:634} INFO - 24/12/09 18:05:14 INFO DAGScheduler: ShuffleMapStage 0 (mapToPair at WordCountJob.java:33) finished in 1.121 s
[2024-12-09T18:05:14.164+0000] {spark_submit.py:634} INFO - 24/12/09 18:05:14 INFO DAGScheduler: looking for newly runnable stages
[2024-12-09T18:05:14.183+0000] {spark_submit.py:634} INFO - 24/12/09 18:05:14 INFO DAGScheduler: running: Set()
[2024-12-09T18:05:14.187+0000] {spark_submit.py:634} INFO - 24/12/09 18:05:14 INFO DAGScheduler: waiting: Set(ResultStage 1)
[2024-12-09T18:05:14.209+0000] {spark_submit.py:634} INFO - 24/12/09 18:05:14 INFO DAGScheduler: failed: Set()
[2024-12-09T18:05:14.218+0000] {spark_submit.py:634} INFO - 24/12/09 18:05:14 INFO DAGScheduler: Submitting ResultStage 1 (ShuffledRDD[3] at reduceByKey at WordCountJob.java:34), which has no missing parents
[2024-12-09T18:05:14.224+0000] {spark_submit.py:634} INFO - 24/12/09 18:05:14 INFO MemoryStore: Block broadcast_1 stored as values in memory (estimated size 5.2 KiB, free 434.4 MiB)
[2024-12-09T18:05:14.287+0000] {spark_submit.py:634} INFO - 24/12/09 18:05:14 INFO MemoryStore: Block broadcast_1_piece0 stored as bytes in memory (estimated size 2.9 KiB, free 434.4 MiB)
[2024-12-09T18:05:14.295+0000] {spark_submit.py:634} INFO - 24/12/09 18:05:14 INFO BlockManagerInfo: Added broadcast_1_piece0 in memory on 2a892a3469ec:38357 (size: 2.9 KiB, free: 434.4 MiB)
[2024-12-09T18:05:14.299+0000] {spark_submit.py:634} INFO - 24/12/09 18:05:14 INFO SparkContext: Created broadcast 1 from broadcast at DAGScheduler.scala:1585
[2024-12-09T18:05:14.302+0000] {spark_submit.py:634} INFO - 24/12/09 18:05:14 INFO DAGScheduler: Submitting 1 missing tasks from ResultStage 1 (ShuffledRDD[3] at reduceByKey at WordCountJob.java:34) (first 15 tasks are for partitions Vector(0))
[2024-12-09T18:05:14.303+0000] {spark_submit.py:634} INFO - 24/12/09 18:05:14 INFO TaskSchedulerImpl: Adding task set 1.0 with 1 tasks resource profile 0
[2024-12-09T18:05:14.326+0000] {spark_submit.py:634} INFO - 24/12/09 18:05:14 INFO TaskSetManager: Starting task 0.0 in stage 1.0 (TID 1) (2a892a3469ec, executor driver, partition 0, NODE_LOCAL, 9002 bytes)
[2024-12-09T18:05:14.341+0000] {spark_submit.py:634} INFO - 24/12/09 18:05:14 INFO Executor: Running task 0.0 in stage 1.0 (TID 1)
[2024-12-09T18:05:14.469+0000] {spark_submit.py:634} INFO - 24/12/09 18:05:14 INFO ShuffleBlockFetcherIterator: Getting 1 (189.0 B) non-empty blocks including 1 (189.0 B) local and 0 (0.0 B) host-local and 0 (0.0 B) push-merged-local and 0 (0.0 B) remote blocks
[2024-12-09T18:05:14.469+0000] {spark_submit.py:634} INFO - 24/12/09 18:05:14 INFO ShuffleBlockFetcherIterator: Started 0 remote fetches in 22 ms
[2024-12-09T18:05:14.542+0000] {spark_submit.py:634} INFO - 24/12/09 18:05:14 INFO Executor: Finished task 0.0 in stage 1.0 (TID 1). 1958 bytes result sent to driver
[2024-12-09T18:05:14.601+0000] {spark_submit.py:634} INFO - 24/12/09 18:05:14 INFO TaskSetManager: Finished task 0.0 in stage 1.0 (TID 1) in 288 ms on 2a892a3469ec (executor driver) (1/1)
[2024-12-09T18:05:14.616+0000] {spark_submit.py:634} INFO - 24/12/09 18:05:14 INFO TaskSchedulerImpl: Removed TaskSet 1.0, whose tasks have all completed, from pool
[2024-12-09T18:05:14.621+0000] {spark_submit.py:634} INFO - 24/12/09 18:05:14 INFO DAGScheduler: ResultStage 1 (collect at WordCountJob.java:37) finished in 0.397 s
[2024-12-09T18:05:14.634+0000] {spark_submit.py:634} INFO - 24/12/09 18:05:14 INFO DAGScheduler: Job 0 is finished. Cancelling potential speculative or zombie tasks for this job
[2024-12-09T18:05:14.638+0000] {spark_submit.py:634} INFO - 24/12/09 18:05:14 INFO TaskSchedulerImpl: Killing all running tasks in stage 1: Stage finished
[2024-12-09T18:05:14.654+0000] {spark_submit.py:634} INFO - 24/12/09 18:05:14 INFO DAGScheduler: Job 0 finished: collect at WordCountJob.java:37, took 2.026937 s
[2024-12-09T18:05:14.655+0000] {spark_submit.py:634} INFO - spark: 1
[2024-12-09T18:05:14.657+0000] {spark_submit.py:634} INFO - docker: 1
[2024-12-09T18:05:14.659+0000] {spark_submit.py:634} INFO - Yusuf: 1
[2024-12-09T18:05:14.661+0000] {spark_submit.py:634} INFO - hello: 5
[2024-12-09T18:05:14.662+0000] {spark_submit.py:634} INFO - java: 1
[2024-12-09T18:05:14.662+0000] {spark_submit.py:634} INFO - world: 1
[2024-12-09T18:05:14.669+0000] {spark_submit.py:634} INFO - 24/12/09 18:05:14 INFO SparkContext: SparkContext is stopping with exitCode 0.
[2024-12-09T18:05:14.682+0000] {spark_submit.py:634} INFO - 24/12/09 18:05:14 INFO SparkUI: Stopped Spark web UI at http://2a892a3469ec:4040
[2024-12-09T18:05:14.709+0000] {spark_submit.py:634} INFO - 24/12/09 18:05:14 INFO MapOutputTrackerMasterEndpoint: MapOutputTrackerMasterEndpoint stopped!
[2024-12-09T18:05:14.795+0000] {spark_submit.py:634} INFO - 24/12/09 18:05:14 INFO MemoryStore: MemoryStore cleared
[2024-12-09T18:05:14.800+0000] {spark_submit.py:634} INFO - 24/12/09 18:05:14 INFO BlockManager: BlockManager stopped
[2024-12-09T18:05:14.819+0000] {spark_submit.py:634} INFO - 24/12/09 18:05:14 INFO BlockManagerMaster: BlockManagerMaster stopped
[2024-12-09T18:05:14.823+0000] {spark_submit.py:634} INFO - 24/12/09 18:05:14 INFO OutputCommitCoordinator$OutputCommitCoordinatorEndpoint: OutputCommitCoordinator stopped!
[2024-12-09T18:05:14.858+0000] {spark_submit.py:634} INFO - 24/12/09 18:05:14 INFO SparkContext: Successfully stopped SparkContext
[2024-12-09T18:05:14.900+0000] {spark_submit.py:634} INFO - 24/12/09 18:05:14 INFO ShutdownHookManager: Shutdown hook called
[2024-12-09T18:05:14.905+0000] {spark_submit.py:634} INFO - 24/12/09 18:05:14 INFO ShutdownHookManager: Deleting directory /tmp/spark-173ce024-c9bd-4deb-b12a-8f4e641177e3
[2024-12-09T18:05:14.924+0000] {spark_submit.py:634} INFO - 24/12/09 18:05:14 INFO ShutdownHookManager: Deleting directory /tmp/spark-0030e4c8-c3cf-4eff-94df-6df0e511dc37
[2024-12-09T18:05:15.061+0000] {taskinstance.py:340} INFO - ::group::Post task execution logs
[2024-12-09T18:05:15.062+0000] {taskinstance.py:352} INFO - Marking task as SUCCESS. dag_id=sparking_flow, task_id=java_job, run_id=manual__2024-12-09T18:05:02.056552+00:00, execution_date=20241209T180502, start_date=20241209T180504, end_date=20241209T180515
[2024-12-09T18:05:15.130+0000] {local_task_job_runner.py:266} INFO - Task exited with return code 0
[2024-12-09T18:05:15.179+0000] {taskinstance.py:3895} INFO - 0 downstream tasks scheduled from follow-on schedule check
[2024-12-09T18:05:15.184+0000] {local_task_job_runner.py:245} INFO - ::endgroup::
