[2024-12-08T21:48:00.382+0000] {local_task_job_runner.py:123} INFO - ::group::Pre task execution logs
[2024-12-08T21:48:00.397+0000] {taskinstance.py:2613} INFO - Dependencies all met for dep_context=non-requeueable deps ti=<TaskInstance: sparking_flow.scala_job manual__2024-12-08T21:47:58.708477+00:00 [queued]>
[2024-12-08T21:48:00.403+0000] {taskinstance.py:2613} INFO - Dependencies all met for dep_context=requeueable deps ti=<TaskInstance: sparking_flow.scala_job manual__2024-12-08T21:47:58.708477+00:00 [queued]>
[2024-12-08T21:48:00.404+0000] {taskinstance.py:2866} INFO - Starting attempt 1 of 1
[2024-12-08T21:48:00.420+0000] {taskinstance.py:2889} INFO - Executing <Task(SparkSubmitOperator): scala_job> on 2024-12-08 21:47:58.708477+00:00
[2024-12-08T21:48:00.429+0000] {logging_mixin.py:190} WARNING - /home/***/.local/lib/python3.12/site-packages/***/task/task_runner/standard_task_runner.py:70 DeprecationWarning: This process (pid=184) is multi-threaded, use of fork() may lead to deadlocks in the child.
[2024-12-08T21:48:00.428+0000] {standard_task_runner.py:104} INFO - Running: ['***', 'tasks', 'run', 'sparking_flow', 'scala_job', 'manual__2024-12-08T21:47:58.708477+00:00', '--job-id', '277', '--raw', '--subdir', 'DAGS_FOLDER/spark_***.py', '--cfg-path', '/tmp/tmpe_kyps22']
[2024-12-08T21:48:00.432+0000] {standard_task_runner.py:72} INFO - Started process 188 to run task
[2024-12-08T21:48:00.432+0000] {standard_task_runner.py:105} INFO - Job 277: Subtask scala_job
[2024-12-08T21:48:00.484+0000] {task_command.py:467} INFO - Running <TaskInstance: sparking_flow.scala_job manual__2024-12-08T21:47:58.708477+00:00 [running]> on host 2a892a3469ec
[2024-12-08T21:48:00.562+0000] {taskinstance.py:3132} INFO - Exporting env vars: AIRFLOW_CTX_DAG_OWNER='Yusuf Ganiyu' AIRFLOW_CTX_DAG_ID='sparking_flow' AIRFLOW_CTX_TASK_ID='scala_job' AIRFLOW_CTX_EXECUTION_DATE='2024-12-08T21:47:58.708477+00:00' AIRFLOW_CTX_TRY_NUMBER='1' AIRFLOW_CTX_DAG_RUN_ID='manual__2024-12-08T21:47:58.708477+00:00'
[2024-12-08T21:48:00.563+0000] {taskinstance.py:731} INFO - ::endgroup::
[2024-12-08T21:48:00.583+0000] {base.py:84} INFO - Retrieving connection 'spark-conn'
[2024-12-08T21:48:00.584+0000] {spark_submit.py:473} INFO - Spark-Submit cmd: spark-submit --master spark://sparkingflow-spark-master-1:7077 --name arrow-spark --deploy-mode client jobs/scala/target/scala-2.12/word-count_2.12-0.1.jar
[2024-12-08T21:48:03.209+0000] {spark_submit.py:634} INFO - 24/12/08 21:48:03 WARN NativeCodeLoader: Unable to load native-hadoop library for your platform... using builtin-java classes where applicable
[2024-12-08T21:48:03.539+0000] {spark_submit.py:634} INFO - 24/12/08 21:48:03 INFO SparkContext: Running Spark version 3.5.3
[2024-12-08T21:48:03.539+0000] {spark_submit.py:634} INFO - 24/12/08 21:48:03 INFO SparkContext: OS info Linux, 6.10.14-linuxkit, aarch64
[2024-12-08T21:48:03.542+0000] {spark_submit.py:634} INFO - 24/12/08 21:48:03 INFO SparkContext: Java version 17.0.13
[2024-12-08T21:48:03.572+0000] {spark_submit.py:634} INFO - 24/12/08 21:48:03 INFO ResourceUtils: ==============================================================
[2024-12-08T21:48:03.574+0000] {spark_submit.py:634} INFO - 24/12/08 21:48:03 INFO ResourceUtils: No custom resources configured for spark.driver.
[2024-12-08T21:48:03.574+0000] {spark_submit.py:634} INFO - 24/12/08 21:48:03 INFO ResourceUtils: ==============================================================
[2024-12-08T21:48:03.575+0000] {spark_submit.py:634} INFO - 24/12/08 21:48:03 INFO SparkContext: Submitted application: Word Count
[2024-12-08T21:48:03.607+0000] {spark_submit.py:634} INFO - 24/12/08 21:48:03 INFO ResourceProfile: Default ResourceProfile created, executor resources: Map(memory -> name: memory, amount: 1024, script: , vendor: , offHeap -> name: offHeap, amount: 0, script: , vendor: ), task resources: Map(cpus -> name: cpus, amount: 1.0)
[2024-12-08T21:48:03.620+0000] {spark_submit.py:634} INFO - 24/12/08 21:48:03 INFO ResourceProfile: Limiting resource is cpu
[2024-12-08T21:48:03.628+0000] {spark_submit.py:634} INFO - 24/12/08 21:48:03 INFO ResourceProfileManager: Added ResourceProfile id: 0
[2024-12-08T21:48:03.696+0000] {spark_submit.py:634} INFO - 24/12/08 21:48:03 INFO SecurityManager: Changing view acls to: ***
[2024-12-08T21:48:03.699+0000] {spark_submit.py:634} INFO - 24/12/08 21:48:03 INFO SecurityManager: Changing modify acls to: ***
[2024-12-08T21:48:03.699+0000] {spark_submit.py:634} INFO - 24/12/08 21:48:03 INFO SecurityManager: Changing view acls groups to:
[2024-12-08T21:48:03.700+0000] {spark_submit.py:634} INFO - 24/12/08 21:48:03 INFO SecurityManager: Changing modify acls groups to:
[2024-12-08T21:48:03.700+0000] {spark_submit.py:634} INFO - 24/12/08 21:48:03 INFO SecurityManager: SecurityManager: authentication disabled; ui acls disabled; users with view permissions: ***; groups with view permissions: EMPTY; users with modify permissions: ***; groups with modify permissions: EMPTY
[2024-12-08T21:48:03.961+0000] {spark_submit.py:634} INFO - 24/12/08 21:48:03 INFO Utils: Successfully started service 'sparkDriver' on port 33127.
[2024-12-08T21:48:03.991+0000] {spark_submit.py:634} INFO - 24/12/08 21:48:03 INFO SparkEnv: Registering MapOutputTracker
[2024-12-08T21:48:04.032+0000] {spark_submit.py:634} INFO - 24/12/08 21:48:04 INFO SparkEnv: Registering BlockManagerMaster
[2024-12-08T21:48:04.052+0000] {spark_submit.py:634} INFO - 24/12/08 21:48:04 INFO BlockManagerMasterEndpoint: Using org.apache.spark.storage.DefaultTopologyMapper for getting topology information
[2024-12-08T21:48:04.053+0000] {spark_submit.py:634} INFO - 24/12/08 21:48:04 INFO BlockManagerMasterEndpoint: BlockManagerMasterEndpoint up
[2024-12-08T21:48:04.058+0000] {spark_submit.py:634} INFO - 24/12/08 21:48:04 INFO SparkEnv: Registering BlockManagerMasterHeartbeat
[2024-12-08T21:48:04.084+0000] {spark_submit.py:634} INFO - 24/12/08 21:48:04 INFO DiskBlockManager: Created local directory at /tmp/blockmgr-c129e172-015f-407b-9e95-cdd05c2559db
[2024-12-08T21:48:04.106+0000] {spark_submit.py:634} INFO - 24/12/08 21:48:04 INFO MemoryStore: MemoryStore started with capacity 434.4 MiB
[2024-12-08T21:48:04.124+0000] {spark_submit.py:634} INFO - 24/12/08 21:48:04 INFO SparkEnv: Registering OutputCommitCoordinator
[2024-12-08T21:48:04.299+0000] {spark_submit.py:634} INFO - 24/12/08 21:48:04 INFO JettyUtils: Start Jetty 0.0.0.0:4040 for SparkUI
[2024-12-08T21:48:04.395+0000] {spark_submit.py:634} INFO - 24/12/08 21:48:04 WARN Utils: Service 'SparkUI' could not bind on port 4040. Attempting port 4041.
[2024-12-08T21:48:04.405+0000] {spark_submit.py:634} INFO - 24/12/08 21:48:04 INFO Utils: Successfully started service 'SparkUI' on port 4041.
[2024-12-08T21:48:04.438+0000] {spark_submit.py:634} INFO - 24/12/08 21:48:04 INFO SparkContext: Added JAR file:/opt/***/jobs/scala/target/scala-2.12/word-count_2.12-0.1.jar at spark://2a892a3469ec:33127/jars/word-count_2.12-0.1.jar with timestamp 1733694483524
[2024-12-08T21:48:04.549+0000] {spark_submit.py:634} INFO - 24/12/08 21:48:04 INFO StandaloneAppClient$ClientEndpoint: Connecting to master spark://spark-master:7077...
[2024-12-08T21:48:04.605+0000] {spark_submit.py:634} INFO - 24/12/08 21:48:04 INFO TransportClientFactory: Successfully created connection to spark-master/172.18.0.5:7077 after 29 ms (0 ms spent in bootstraps)
[2024-12-08T21:48:04.885+0000] {spark_submit.py:634} INFO - 24/12/08 21:48:04 INFO StandaloneSchedulerBackend: Connected to Spark cluster with app ID app-20241208214804-0000
[2024-12-08T21:48:04.902+0000] {spark_submit.py:634} INFO - 24/12/08 21:48:04 INFO Utils: Successfully started service 'org.apache.spark.network.netty.NettyBlockTransferService' on port 34619.
[2024-12-08T21:48:04.904+0000] {spark_submit.py:634} INFO - 24/12/08 21:48:04 INFO NettyBlockTransferService: Server created on 2a892a3469ec:34619
[2024-12-08T21:48:04.906+0000] {spark_submit.py:634} INFO - 24/12/08 21:48:04 INFO BlockManager: Using org.apache.spark.storage.RandomBlockReplicationPolicy for block replication policy
[2024-12-08T21:48:04.917+0000] {spark_submit.py:634} INFO - 24/12/08 21:48:04 INFO BlockManagerMaster: Registering BlockManager BlockManagerId(driver, 2a892a3469ec, 34619, None)
[2024-12-08T21:48:04.929+0000] {spark_submit.py:634} INFO - 24/12/08 21:48:04 INFO BlockManagerMasterEndpoint: Registering block manager 2a892a3469ec:34619 with 434.4 MiB RAM, BlockManagerId(driver, 2a892a3469ec, 34619, None)
[2024-12-08T21:48:04.933+0000] {spark_submit.py:634} INFO - 24/12/08 21:48:04 INFO BlockManagerMaster: Registered BlockManager BlockManagerId(driver, 2a892a3469ec, 34619, None)
[2024-12-08T21:48:04.940+0000] {spark_submit.py:634} INFO - 24/12/08 21:48:04 INFO BlockManager: Initialized BlockManager: BlockManagerId(driver, 2a892a3469ec, 34619, None)
[2024-12-08T21:48:04.944+0000] {spark_submit.py:634} INFO - 24/12/08 21:48:04 INFO StandaloneAppClient$ClientEndpoint: Executor added: app-20241208214804-0000/0 on worker-20241208214741-172.18.0.7-43841 (172.18.0.7:43841) with 2 core(s)
[2024-12-08T21:48:04.953+0000] {spark_submit.py:634} INFO - 24/12/08 21:48:04 INFO StandaloneSchedulerBackend: Granted executor ID app-20241208214804-0000/0 on hostPort 172.18.0.7:43841 with 2 core(s), 1024.0 MiB RAM
[2024-12-08T21:48:05.235+0000] {spark_submit.py:634} INFO - 24/12/08 21:48:05 INFO StandaloneAppClient$ClientEndpoint: Executor updated: app-20241208214804-0000/0 is now RUNNING
[2024-12-08T21:48:05.277+0000] {spark_submit.py:634} INFO - 24/12/08 21:48:05 INFO StandaloneSchedulerBackend: SchedulerBackend is ready for scheduling beginning after reached minRegisteredResourcesRatio: 0.0
[2024-12-08T21:48:06.440+0000] {spark_submit.py:634} INFO - 24/12/08 21:48:06 INFO SparkContext: Starting job: collect at wordcount.scala:14
[2024-12-08T21:48:07.217+0000] {spark_submit.py:634} INFO - 24/12/08 21:48:07 INFO DAGScheduler: Registering RDD 2 (map at wordcount.scala:11) as input to shuffle 0
[2024-12-08T21:48:07.228+0000] {spark_submit.py:634} INFO - 24/12/08 21:48:07 INFO DAGScheduler: Got job 0 (collect at wordcount.scala:14) with 2 output partitions
[2024-12-08T21:48:07.230+0000] {spark_submit.py:634} INFO - 24/12/08 21:48:07 INFO DAGScheduler: Final stage: ResultStage 1 (collect at wordcount.scala:14)
[2024-12-08T21:48:07.230+0000] {spark_submit.py:634} INFO - 24/12/08 21:48:07 INFO DAGScheduler: Parents of final stage: List(ShuffleMapStage 0)
[2024-12-08T21:48:07.233+0000] {spark_submit.py:634} INFO - 24/12/08 21:48:07 INFO DAGScheduler: Missing parents: List(ShuffleMapStage 0)
[2024-12-08T21:48:07.254+0000] {spark_submit.py:634} INFO - 24/12/08 21:48:07 INFO DAGScheduler: Submitting ShuffleMapStage 0 (MapPartitionsRDD[2] at map at wordcount.scala:11), which has no missing parents
[2024-12-08T21:48:07.413+0000] {spark_submit.py:634} INFO - 24/12/08 21:48:07 INFO MemoryStore: Block broadcast_0 stored as values in memory (estimated size 5.5 KiB, free 434.4 MiB)
[2024-12-08T21:48:07.453+0000] {spark_submit.py:634} INFO - 24/12/08 21:48:07 INFO MemoryStore: Block broadcast_0_piece0 stored as bytes in memory (estimated size 3.2 KiB, free 434.4 MiB)
[2024-12-08T21:48:07.458+0000] {spark_submit.py:634} INFO - 24/12/08 21:48:07 INFO BlockManagerInfo: Added broadcast_0_piece0 in memory on 2a892a3469ec:34619 (size: 3.2 KiB, free: 434.4 MiB)
[2024-12-08T21:48:07.469+0000] {spark_submit.py:634} INFO - 24/12/08 21:48:07 INFO SparkContext: Created broadcast 0 from broadcast at DAGScheduler.scala:1585
[2024-12-08T21:48:07.501+0000] {spark_submit.py:634} INFO - 24/12/08 21:48:07 INFO DAGScheduler: Submitting 2 missing tasks from ShuffleMapStage 0 (MapPartitionsRDD[2] at map at wordcount.scala:11) (first 15 tasks are for partitions Vector(0, 1))
[2024-12-08T21:48:07.503+0000] {spark_submit.py:634} INFO - 24/12/08 21:48:07 INFO TaskSchedulerImpl: Adding task set 0.0 with 2 tasks resource profile 0
[2024-12-08T21:48:09.093+0000] {spark_submit.py:634} INFO - 24/12/08 21:48:09 INFO StandaloneSchedulerBackend$StandaloneDriverEndpoint: Registered executor NettyRpcEndpointRef(spark-client://Executor) (172.18.0.7:42286) with ID 0,  ResourceProfileId 0
[2024-12-08T21:48:09.268+0000] {spark_submit.py:634} INFO - 24/12/08 21:48:09 INFO BlockManagerMasterEndpoint: Registering block manager 172.18.0.7:41507 with 434.4 MiB RAM, BlockManagerId(0, 172.18.0.7, 41507, None)
[2024-12-08T21:48:09.542+0000] {spark_submit.py:634} INFO - 24/12/08 21:48:09 INFO TaskSetManager: Starting task 0.0 in stage 0.0 (TID 0) (172.18.0.7, executor 0, partition 0, PROCESS_LOCAL, 9198 bytes)
[2024-12-08T21:48:09.550+0000] {spark_submit.py:634} INFO - 24/12/08 21:48:09 INFO TaskSetManager: Starting task 1.0 in stage 0.0 (TID 1) (172.18.0.7, executor 0, partition 1, PROCESS_LOCAL, 9213 bytes)
[2024-12-08T21:48:09.968+0000] {spark_submit.py:634} INFO - 24/12/08 21:48:09 INFO BlockManagerInfo: Added broadcast_0_piece0 in memory on 172.18.0.7:41507 (size: 3.2 KiB, free: 434.4 MiB)
[2024-12-08T21:48:10.675+0000] {spark_submit.py:634} INFO - 24/12/08 21:48:10 INFO TaskSetManager: Finished task 0.0 in stage 0.0 (TID 0) in 1159 ms on 172.18.0.7 (executor 0) (1/2)
[2024-12-08T21:48:10.678+0000] {spark_submit.py:634} INFO - 24/12/08 21:48:10 INFO TaskSetManager: Finished task 1.0 in stage 0.0 (TID 1) in 1129 ms on 172.18.0.7 (executor 0) (2/2)
[2024-12-08T21:48:10.680+0000] {spark_submit.py:634} INFO - 24/12/08 21:48:10 INFO TaskSchedulerImpl: Removed TaskSet 0.0, whose tasks have all completed, from pool
[2024-12-08T21:48:10.695+0000] {spark_submit.py:634} INFO - 24/12/08 21:48:10 INFO DAGScheduler: ShuffleMapStage 0 (map at wordcount.scala:11) finished in 3.398 s
[2024-12-08T21:48:10.696+0000] {spark_submit.py:634} INFO - 24/12/08 21:48:10 INFO DAGScheduler: looking for newly runnable stages
[2024-12-08T21:48:10.697+0000] {spark_submit.py:634} INFO - 24/12/08 21:48:10 INFO DAGScheduler: running: Set()
[2024-12-08T21:48:10.697+0000] {spark_submit.py:634} INFO - 24/12/08 21:48:10 INFO DAGScheduler: waiting: Set(ResultStage 1)
[2024-12-08T21:48:10.698+0000] {spark_submit.py:634} INFO - 24/12/08 21:48:10 INFO DAGScheduler: failed: Set()
[2024-12-08T21:48:10.703+0000] {spark_submit.py:634} INFO - 24/12/08 21:48:10 INFO DAGScheduler: Submitting ResultStage 1 (ShuffledRDD[3] at reduceByKey at wordcount.scala:12), which has no missing parents
[2024-12-08T21:48:10.720+0000] {spark_submit.py:634} INFO - 24/12/08 21:48:10 INFO MemoryStore: Block broadcast_1 stored as values in memory (estimated size 5.2 KiB, free 434.4 MiB)
[2024-12-08T21:48:10.727+0000] {spark_submit.py:634} INFO - 24/12/08 21:48:10 INFO MemoryStore: Block broadcast_1_piece0 stored as bytes in memory (estimated size 3.1 KiB, free 434.4 MiB)
[2024-12-08T21:48:10.728+0000] {spark_submit.py:634} INFO - 24/12/08 21:48:10 INFO BlockManagerInfo: Added broadcast_1_piece0 in memory on 2a892a3469ec:34619 (size: 3.1 KiB, free: 434.4 MiB)
[2024-12-08T21:48:10.730+0000] {spark_submit.py:634} INFO - 24/12/08 21:48:10 INFO SparkContext: Created broadcast 1 from broadcast at DAGScheduler.scala:1585
[2024-12-08T21:48:10.733+0000] {spark_submit.py:634} INFO - 24/12/08 21:48:10 INFO DAGScheduler: Submitting 2 missing tasks from ResultStage 1 (ShuffledRDD[3] at reduceByKey at wordcount.scala:12) (first 15 tasks are for partitions Vector(0, 1))
[2024-12-08T21:48:10.737+0000] {spark_submit.py:634} INFO - 24/12/08 21:48:10 INFO TaskSchedulerImpl: Adding task set 1.0 with 2 tasks resource profile 0
[2024-12-08T21:48:10.743+0000] {spark_submit.py:634} INFO - 24/12/08 21:48:10 INFO TaskSetManager: Starting task 0.0 in stage 1.0 (TID 2) (172.18.0.7, executor 0, partition 0, NODE_LOCAL, 9003 bytes)
[2024-12-08T21:48:10.744+0000] {spark_submit.py:634} INFO - 24/12/08 21:48:10 INFO TaskSetManager: Starting task 1.0 in stage 1.0 (TID 3) (172.18.0.7, executor 0, partition 1, NODE_LOCAL, 9003 bytes)
[2024-12-08T21:48:10.787+0000] {spark_submit.py:634} INFO - 24/12/08 21:48:10 INFO BlockManagerInfo: Added broadcast_1_piece0 in memory on 172.18.0.7:41507 (size: 3.1 KiB, free: 434.4 MiB)
[2024-12-08T21:48:10.866+0000] {spark_submit.py:634} INFO - 24/12/08 21:48:10 INFO MapOutputTrackerMasterEndpoint: Asked to send map output locations for shuffle 0 to 172.18.0.7:42286
[2024-12-08T21:48:10.933+0000] {spark_submit.py:634} INFO - 24/12/08 21:48:10 INFO BlockManagerInfo: Removed broadcast_0_piece0 on 2a892a3469ec:34619 in memory (size: 3.2 KiB, free: 434.4 MiB)
[2024-12-08T21:48:10.944+0000] {spark_submit.py:634} INFO - 24/12/08 21:48:10 INFO BlockManagerInfo: Removed broadcast_0_piece0 on 172.18.0.7:41507 in memory (size: 3.2 KiB, free: 434.4 MiB)
[2024-12-08T21:48:11.126+0000] {spark_submit.py:634} INFO - 24/12/08 21:48:11 INFO TaskSetManager: Finished task 0.0 in stage 1.0 (TID 2) in 381 ms on 172.18.0.7 (executor 0) (1/2)
[2024-12-08T21:48:11.127+0000] {spark_submit.py:634} INFO - 24/12/08 21:48:11 INFO TaskSetManager: Finished task 1.0 in stage 1.0 (TID 3) in 380 ms on 172.18.0.7 (executor 0) (2/2)
[2024-12-08T21:48:11.128+0000] {spark_submit.py:634} INFO - 24/12/08 21:48:11 INFO TaskSchedulerImpl: Removed TaskSet 1.0, whose tasks have all completed, from pool
[2024-12-08T21:48:11.132+0000] {spark_submit.py:634} INFO - 24/12/08 21:48:11 INFO DAGScheduler: ResultStage 1 (collect at wordcount.scala:14) finished in 0.414 s
[2024-12-08T21:48:11.136+0000] {spark_submit.py:634} INFO - 24/12/08 21:48:11 INFO DAGScheduler: Job 0 is finished. Cancelling potential speculative or zombie tasks for this job
[2024-12-08T21:48:11.137+0000] {spark_submit.py:634} INFO - 24/12/08 21:48:11 INFO TaskSchedulerImpl: Killing all running tasks in stage 1: Stage finished
[2024-12-08T21:48:11.140+0000] {spark_submit.py:634} INFO - 24/12/08 21:48:11 INFO DAGScheduler: Job 0 finished: collect at wordcount.scala:14, took 4.694115 s
[2024-12-08T21:48:11.150+0000] {spark_submit.py:634} INFO - (Hello,5)
[2024-12-08T21:48:11.150+0000] {spark_submit.py:634} INFO - (Yusuf,1)
[2024-12-08T21:48:11.151+0000] {spark_submit.py:634} INFO - (World,1)
[2024-12-08T21:48:11.151+0000] {spark_submit.py:634} INFO - (Scala,1)
[2024-12-08T21:48:11.151+0000] {spark_submit.py:634} INFO - (Docker,1)
[2024-12-08T21:48:11.155+0000] {spark_submit.py:634} INFO - (spark,1)
[2024-12-08T21:48:11.156+0000] {spark_submit.py:634} INFO - 24/12/08 21:48:11 INFO SparkContext: SparkContext is stopping with exitCode 0.
[2024-12-08T21:48:11.164+0000] {spark_submit.py:634} INFO - 24/12/08 21:48:11 INFO SparkUI: Stopped Spark web UI at http://2a892a3469ec:4041
[2024-12-08T21:48:11.170+0000] {spark_submit.py:634} INFO - 24/12/08 21:48:11 INFO StandaloneSchedulerBackend: Shutting down all executors
[2024-12-08T21:48:11.171+0000] {spark_submit.py:634} INFO - 24/12/08 21:48:11 INFO StandaloneSchedulerBackend$StandaloneDriverEndpoint: Asking each executor to shut down
[2024-12-08T21:48:11.202+0000] {spark_submit.py:634} INFO - 24/12/08 21:48:11 INFO MapOutputTrackerMasterEndpoint: MapOutputTrackerMasterEndpoint stopped!
[2024-12-08T21:48:11.242+0000] {spark_submit.py:634} INFO - 24/12/08 21:48:11 INFO MemoryStore: MemoryStore cleared
[2024-12-08T21:48:11.243+0000] {spark_submit.py:634} INFO - 24/12/08 21:48:11 INFO BlockManager: BlockManager stopped
[2024-12-08T21:48:11.249+0000] {spark_submit.py:634} INFO - 24/12/08 21:48:11 INFO BlockManagerMaster: BlockManagerMaster stopped
[2024-12-08T21:48:11.253+0000] {spark_submit.py:634} INFO - 24/12/08 21:48:11 INFO OutputCommitCoordinator$OutputCommitCoordinatorEndpoint: OutputCommitCoordinator stopped!
[2024-12-08T21:48:11.284+0000] {spark_submit.py:634} INFO - 24/12/08 21:48:11 INFO SparkContext: Successfully stopped SparkContext
[2024-12-08T21:48:11.298+0000] {spark_submit.py:634} INFO - 24/12/08 21:48:11 INFO ShutdownHookManager: Shutdown hook called
[2024-12-08T21:48:11.299+0000] {spark_submit.py:634} INFO - 24/12/08 21:48:11 INFO ShutdownHookManager: Deleting directory /tmp/spark-1812db55-1b43-4a73-8566-79b2b35cee42
[2024-12-08T21:48:11.308+0000] {spark_submit.py:634} INFO - 24/12/08 21:48:11 INFO ShutdownHookManager: Deleting directory /tmp/spark-d8046691-2c84-456d-8a8c-d57e490fb2fa
[2024-12-08T21:48:11.434+0000] {taskinstance.py:340} INFO - ::group::Post task execution logs
[2024-12-08T21:48:11.435+0000] {taskinstance.py:352} INFO - Marking task as SUCCESS. dag_id=sparking_flow, task_id=scala_job, run_id=manual__2024-12-08T21:47:58.708477+00:00, execution_date=20241208T214758, start_date=20241208T214800, end_date=20241208T214811
[2024-12-08T21:48:11.471+0000] {local_task_job_runner.py:266} INFO - Task exited with return code 0
[2024-12-08T21:48:11.507+0000] {taskinstance.py:3895} INFO - 0 downstream tasks scheduled from follow-on schedule check
[2024-12-08T21:48:11.510+0000] {local_task_job_runner.py:245} INFO - ::endgroup::
