[2024-12-02T21:05:44.885+0000] {local_task_job_runner.py:123} INFO - ::group::Pre task execution logs
[2024-12-02T21:05:44.904+0000] {taskinstance.py:2613} INFO - Dependencies all met for dep_context=non-requeueable deps ti=<TaskInstance: sparking_flow.scala_job manual__2024-12-02T21:05:43.136271+00:00 [queued]>
[2024-12-02T21:05:44.911+0000] {taskinstance.py:2613} INFO - Dependencies all met for dep_context=requeueable deps ti=<TaskInstance: sparking_flow.scala_job manual__2024-12-02T21:05:43.136271+00:00 [queued]>
[2024-12-02T21:05:44.912+0000] {taskinstance.py:2866} INFO - Starting attempt 1 of 1
[2024-12-02T21:05:44.923+0000] {taskinstance.py:2889} INFO - Executing <Task(SparkSubmitOperator): scala_job> on 2024-12-02 21:05:43.136271+00:00
[2024-12-02T21:05:44.934+0000] {logging_mixin.py:190} WARNING - /home/***/.local/lib/python3.12/site-packages/***/task/task_runner/standard_task_runner.py:70 DeprecationWarning: This process (pid=185) is multi-threaded, use of fork() may lead to deadlocks in the child.
[2024-12-02T21:05:44.936+0000] {standard_task_runner.py:72} INFO - Started process 190 to run task
[2024-12-02T21:05:44.935+0000] {standard_task_runner.py:104} INFO - Running: ['***', 'tasks', 'run', 'sparking_flow', 'scala_job', 'manual__2024-12-02T21:05:43.136271+00:00', '--job-id', '38', '--raw', '--subdir', 'DAGS_FOLDER/spark_***.py', '--cfg-path', '/tmp/tmprnammzmi']
[2024-12-02T21:05:44.938+0000] {standard_task_runner.py:105} INFO - Job 38: Subtask scala_job
[2024-12-02T21:05:44.979+0000] {task_command.py:467} INFO - Running <TaskInstance: sparking_flow.scala_job manual__2024-12-02T21:05:43.136271+00:00 [running]> on host 53f207c7dacd
[2024-12-02T21:05:45.060+0000] {taskinstance.py:3132} INFO - Exporting env vars: AIRFLOW_CTX_DAG_OWNER='Yusuf Ganiyu' AIRFLOW_CTX_DAG_ID='sparking_flow' AIRFLOW_CTX_TASK_ID='scala_job' AIRFLOW_CTX_EXECUTION_DATE='2024-12-02T21:05:43.136271+00:00' AIRFLOW_CTX_TRY_NUMBER='1' AIRFLOW_CTX_DAG_RUN_ID='manual__2024-12-02T21:05:43.136271+00:00'
[2024-12-02T21:05:45.062+0000] {taskinstance.py:731} INFO - ::endgroup::
[2024-12-02T21:05:45.090+0000] {base.py:84} INFO - Retrieving connection 'spark-conn'
[2024-12-02T21:05:45.091+0000] {spark_submit.py:473} INFO - Spark-Submit cmd: spark-submit --master spark://172.18.0.3:7077 --name arrow-spark --deploy-mode client jobs/scala/target/scala-2.12/word-count_2.12-0.1.jar
[2024-12-02T21:05:47.927+0000] {spark_submit.py:634} INFO - 24/12/02 21:05:47 WARN NativeCodeLoader: Unable to load native-hadoop library for your platform... using builtin-java classes where applicable
[2024-12-02T21:05:48.265+0000] {spark_submit.py:634} INFO - 24/12/02 21:05:48 INFO SparkContext: Running Spark version 3.5.3
[2024-12-02T21:05:48.267+0000] {spark_submit.py:634} INFO - 24/12/02 21:05:48 INFO SparkContext: OS info Linux, 6.6.31-linuxkit, aarch64
[2024-12-02T21:05:48.267+0000] {spark_submit.py:634} INFO - 24/12/02 21:05:48 INFO SparkContext: Java version 17.0.13
[2024-12-02T21:05:48.300+0000] {spark_submit.py:634} INFO - 24/12/02 21:05:48 INFO ResourceUtils: ==============================================================
[2024-12-02T21:05:48.301+0000] {spark_submit.py:634} INFO - 24/12/02 21:05:48 INFO ResourceUtils: No custom resources configured for spark.driver.
[2024-12-02T21:05:48.301+0000] {spark_submit.py:634} INFO - 24/12/02 21:05:48 INFO ResourceUtils: ==============================================================
[2024-12-02T21:05:48.303+0000] {spark_submit.py:634} INFO - 24/12/02 21:05:48 INFO SparkContext: Submitted application: Word Count
[2024-12-02T21:05:48.333+0000] {spark_submit.py:634} INFO - 24/12/02 21:05:48 INFO ResourceProfile: Default ResourceProfile created, executor resources: Map(memory -> name: memory, amount: 1024, script: , vendor: , offHeap -> name: offHeap, amount: 0, script: , vendor: ), task resources: Map(cpus -> name: cpus, amount: 1.0)
[2024-12-02T21:05:48.344+0000] {spark_submit.py:634} INFO - 24/12/02 21:05:48 INFO ResourceProfile: Limiting resource is cpu
[2024-12-02T21:05:48.345+0000] {spark_submit.py:634} INFO - 24/12/02 21:05:48 INFO ResourceProfileManager: Added ResourceProfile id: 0
[2024-12-02T21:05:48.403+0000] {spark_submit.py:634} INFO - 24/12/02 21:05:48 INFO SecurityManager: Changing view acls to: ***
[2024-12-02T21:05:48.406+0000] {spark_submit.py:634} INFO - 24/12/02 21:05:48 INFO SecurityManager: Changing modify acls to: ***
[2024-12-02T21:05:48.408+0000] {spark_submit.py:634} INFO - 24/12/02 21:05:48 INFO SecurityManager: Changing view acls groups to:
[2024-12-02T21:05:48.414+0000] {spark_submit.py:634} INFO - 24/12/02 21:05:48 INFO SecurityManager: Changing modify acls groups to:
[2024-12-02T21:05:48.419+0000] {spark_submit.py:634} INFO - 24/12/02 21:05:48 INFO SecurityManager: SecurityManager: authentication disabled; ui acls disabled; users with view permissions: ***; groups with view permissions: EMPTY; users with modify permissions: ***; groups with modify permissions: EMPTY
[2024-12-02T21:05:48.716+0000] {spark_submit.py:634} INFO - 24/12/02 21:05:48 INFO Utils: Successfully started service 'sparkDriver' on port 42107.
[2024-12-02T21:05:48.778+0000] {spark_submit.py:634} INFO - 24/12/02 21:05:48 INFO SparkEnv: Registering MapOutputTracker
[2024-12-02T21:05:48.831+0000] {spark_submit.py:634} INFO - 24/12/02 21:05:48 INFO SparkEnv: Registering BlockManagerMaster
[2024-12-02T21:05:48.849+0000] {spark_submit.py:634} INFO - 24/12/02 21:05:48 INFO BlockManagerMasterEndpoint: Using org.apache.spark.storage.DefaultTopologyMapper for getting topology information
[2024-12-02T21:05:48.850+0000] {spark_submit.py:634} INFO - 24/12/02 21:05:48 INFO BlockManagerMasterEndpoint: BlockManagerMasterEndpoint up
[2024-12-02T21:05:48.854+0000] {spark_submit.py:634} INFO - 24/12/02 21:05:48 INFO SparkEnv: Registering BlockManagerMasterHeartbeat
[2024-12-02T21:05:48.878+0000] {spark_submit.py:634} INFO - 24/12/02 21:05:48 INFO DiskBlockManager: Created local directory at /tmp/blockmgr-0021f9b6-9283-4079-ae31-5ffa63a9f47d
[2024-12-02T21:05:48.894+0000] {spark_submit.py:634} INFO - 24/12/02 21:05:48 INFO MemoryStore: MemoryStore started with capacity 434.4 MiB
[2024-12-02T21:05:48.915+0000] {spark_submit.py:634} INFO - 24/12/02 21:05:48 INFO SparkEnv: Registering OutputCommitCoordinator
[2024-12-02T21:05:49.201+0000] {spark_submit.py:634} INFO - 24/12/02 21:05:49 INFO JettyUtils: Start Jetty 0.0.0.0:4040 for SparkUI
[2024-12-02T21:05:49.300+0000] {spark_submit.py:634} INFO - 24/12/02 21:05:49 INFO Utils: Successfully started service 'SparkUI' on port 4040.
[2024-12-02T21:05:49.389+0000] {spark_submit.py:634} INFO - 24/12/02 21:05:49 INFO SparkContext: Added JAR file:/opt/***/jobs/scala/target/scala-2.12/word-count_2.12-0.1.jar at spark://53f207c7dacd:42107/jars/word-count_2.12-0.1.jar with timestamp 1733173548254
[2024-12-02T21:05:49.555+0000] {spark_submit.py:634} INFO - 24/12/02 21:05:49 INFO StandaloneAppClient$ClientEndpoint: Connecting to master spark://spark-master:7077...
[2024-12-02T21:05:49.675+0000] {spark_submit.py:634} INFO - 24/12/02 21:05:49 INFO TransportClientFactory: Successfully created connection to spark-master/172.18.0.2:7077 after 54 ms (0 ms spent in bootstraps)
[2024-12-02T21:05:50.181+0000] {spark_submit.py:634} INFO - 24/12/02 21:05:50 INFO StandaloneSchedulerBackend: Connected to Spark cluster with app ID app-20241202210550-0000
[2024-12-02T21:05:50.202+0000] {spark_submit.py:634} INFO - 24/12/02 21:05:50 INFO Utils: Successfully started service 'org.apache.spark.network.netty.NettyBlockTransferService' on port 35701.
[2024-12-02T21:05:50.203+0000] {spark_submit.py:634} INFO - 24/12/02 21:05:50 INFO NettyBlockTransferService: Server created on 53f207c7dacd:35701
[2024-12-02T21:05:50.207+0000] {spark_submit.py:634} INFO - 24/12/02 21:05:50 INFO BlockManager: Using org.apache.spark.storage.RandomBlockReplicationPolicy for block replication policy
[2024-12-02T21:05:50.219+0000] {spark_submit.py:634} INFO - 24/12/02 21:05:50 INFO BlockManagerMaster: Registering BlockManager BlockManagerId(driver, 53f207c7dacd, 35701, None)
[2024-12-02T21:05:50.229+0000] {spark_submit.py:634} INFO - 24/12/02 21:05:50 INFO StandaloneAppClient$ClientEndpoint: Executor added: app-20241202210550-0000/0 on worker-20241202210502-172.18.0.5-43523 (172.18.0.5:43523) with 2 core(s)
[2024-12-02T21:05:50.232+0000] {spark_submit.py:634} INFO - 24/12/02 21:05:50 INFO BlockManagerMasterEndpoint: Registering block manager 53f207c7dacd:35701 with 434.4 MiB RAM, BlockManagerId(driver, 53f207c7dacd, 35701, None)
[2024-12-02T21:05:50.233+0000] {spark_submit.py:634} INFO - 24/12/02 21:05:50 INFO StandaloneSchedulerBackend: Granted executor ID app-20241202210550-0000/0 on hostPort 172.18.0.5:43523 with 2 core(s), 1024.0 MiB RAM
[2024-12-02T21:05:50.237+0000] {spark_submit.py:634} INFO - 24/12/02 21:05:50 INFO BlockManagerMaster: Registered BlockManager BlockManagerId(driver, 53f207c7dacd, 35701, None)
[2024-12-02T21:05:50.238+0000] {spark_submit.py:634} INFO - 24/12/02 21:05:50 INFO BlockManager: Initialized BlockManager: BlockManagerId(driver, 53f207c7dacd, 35701, None)
[2024-12-02T21:05:50.771+0000] {spark_submit.py:634} INFO - 24/12/02 21:05:50 INFO StandaloneSchedulerBackend: SchedulerBackend is ready for scheduling beginning after reached minRegisteredResourcesRatio: 0.0
[2024-12-02T21:05:50.790+0000] {spark_submit.py:634} INFO - 24/12/02 21:05:50 INFO StandaloneAppClient$ClientEndpoint: Executor updated: app-20241202210550-0000/0 is now RUNNING
[2024-12-02T21:05:51.768+0000] {spark_submit.py:634} INFO - 24/12/02 21:05:51 INFO SparkContext: Starting job: collect at wordcount.scala:14
[2024-12-02T21:05:52.361+0000] {spark_submit.py:634} INFO - 24/12/02 21:05:52 INFO DAGScheduler: Registering RDD 2 (map at wordcount.scala:11) as input to shuffle 0
[2024-12-02T21:05:52.366+0000] {spark_submit.py:634} INFO - 24/12/02 21:05:52 INFO DAGScheduler: Got job 0 (collect at wordcount.scala:14) with 2 output partitions
[2024-12-02T21:05:52.367+0000] {spark_submit.py:634} INFO - 24/12/02 21:05:52 INFO DAGScheduler: Final stage: ResultStage 1 (collect at wordcount.scala:14)
[2024-12-02T21:05:52.368+0000] {spark_submit.py:634} INFO - 24/12/02 21:05:52 INFO DAGScheduler: Parents of final stage: List(ShuffleMapStage 0)
[2024-12-02T21:05:52.371+0000] {spark_submit.py:634} INFO - 24/12/02 21:05:52 INFO DAGScheduler: Missing parents: List(ShuffleMapStage 0)
[2024-12-02T21:05:52.374+0000] {spark_submit.py:634} INFO - 24/12/02 21:05:52 INFO DAGScheduler: Submitting ShuffleMapStage 0 (MapPartitionsRDD[2] at map at wordcount.scala:11), which has no missing parents
[2024-12-02T21:05:52.508+0000] {spark_submit.py:634} INFO - 24/12/02 21:05:52 INFO MemoryStore: Block broadcast_0 stored as values in memory (estimated size 5.5 KiB, free 434.4 MiB)
[2024-12-02T21:05:52.544+0000] {spark_submit.py:634} INFO - 24/12/02 21:05:52 INFO MemoryStore: Block broadcast_0_piece0 stored as bytes in memory (estimated size 3.2 KiB, free 434.4 MiB)
[2024-12-02T21:05:52.548+0000] {spark_submit.py:634} INFO - 24/12/02 21:05:52 INFO BlockManagerInfo: Added broadcast_0_piece0 in memory on 53f207c7dacd:35701 (size: 3.2 KiB, free: 434.4 MiB)
[2024-12-02T21:05:52.553+0000] {spark_submit.py:634} INFO - 24/12/02 21:05:52 INFO SparkContext: Created broadcast 0 from broadcast at DAGScheduler.scala:1585
[2024-12-02T21:05:52.584+0000] {spark_submit.py:634} INFO - 24/12/02 21:05:52 INFO DAGScheduler: Submitting 2 missing tasks from ShuffleMapStage 0 (MapPartitionsRDD[2] at map at wordcount.scala:11) (first 15 tasks are for partitions Vector(0, 1))
[2024-12-02T21:05:52.588+0000] {spark_submit.py:634} INFO - 24/12/02 21:05:52 INFO TaskSchedulerImpl: Adding task set 0.0 with 2 tasks resource profile 0
[2024-12-02T21:05:54.212+0000] {spark_submit.py:634} INFO - 24/12/02 21:05:54 INFO StandaloneSchedulerBackend$StandaloneDriverEndpoint: Registered executor NettyRpcEndpointRef(spark-client://Executor) (172.18.0.5:47402) with ID 0,  ResourceProfileId 0
[2024-12-02T21:05:54.262+0000] {spark_submit.py:634} INFO - 24/12/02 21:05:54 INFO BlockManagerMasterEndpoint: Registering block manager 172.18.0.5:35163 with 434.4 MiB RAM, BlockManagerId(0, 172.18.0.5, 35163, None)
[2024-12-02T21:05:54.348+0000] {spark_submit.py:634} INFO - 24/12/02 21:05:54 INFO TaskSetManager: Starting task 0.0 in stage 0.0 (TID 0) (172.18.0.5, executor 0, partition 0, PROCESS_LOCAL, 9198 bytes)
[2024-12-02T21:05:54.351+0000] {spark_submit.py:634} INFO - 24/12/02 21:05:54 INFO TaskSetManager: Starting task 1.0 in stage 0.0 (TID 1) (172.18.0.5, executor 0, partition 1, PROCESS_LOCAL, 9213 bytes)
[2024-12-02T21:05:54.548+0000] {spark_submit.py:634} INFO - 24/12/02 21:05:54 INFO BlockManagerInfo: Added broadcast_0_piece0 in memory on 172.18.0.5:35163 (size: 3.2 KiB, free: 434.4 MiB)
[2024-12-02T21:05:54.977+0000] {spark_submit.py:634} INFO - 24/12/02 21:05:54 INFO TaskSetManager: Finished task 1.0 in stage 0.0 (TID 1) in 626 ms on 172.18.0.5 (executor 0) (1/2)
[2024-12-02T21:05:54.978+0000] {spark_submit.py:634} INFO - 24/12/02 21:05:54 INFO TaskSetManager: Finished task 0.0 in stage 0.0 (TID 0) in 639 ms on 172.18.0.5 (executor 0) (2/2)
[2024-12-02T21:05:54.978+0000] {spark_submit.py:634} INFO - 24/12/02 21:05:54 INFO TaskSchedulerImpl: Removed TaskSet 0.0, whose tasks have all completed, from pool
[2024-12-02T21:05:54.984+0000] {spark_submit.py:634} INFO - 24/12/02 21:05:54 INFO DAGScheduler: ShuffleMapStage 0 (map at wordcount.scala:11) finished in 2.586 s
[2024-12-02T21:05:54.985+0000] {spark_submit.py:634} INFO - 24/12/02 21:05:54 INFO DAGScheduler: looking for newly runnable stages
[2024-12-02T21:05:54.985+0000] {spark_submit.py:634} INFO - 24/12/02 21:05:54 INFO DAGScheduler: running: Set()
[2024-12-02T21:05:54.986+0000] {spark_submit.py:634} INFO - 24/12/02 21:05:54 INFO DAGScheduler: waiting: Set(ResultStage 1)
[2024-12-02T21:05:54.987+0000] {spark_submit.py:634} INFO - 24/12/02 21:05:54 INFO DAGScheduler: failed: Set()
[2024-12-02T21:05:54.988+0000] {spark_submit.py:634} INFO - 24/12/02 21:05:54 INFO DAGScheduler: Submitting ResultStage 1 (ShuffledRDD[3] at reduceByKey at wordcount.scala:12), which has no missing parents
[2024-12-02T21:05:54.996+0000] {spark_submit.py:634} INFO - 24/12/02 21:05:54 INFO MemoryStore: Block broadcast_1 stored as values in memory (estimated size 5.2 KiB, free 434.4 MiB)
[2024-12-02T21:05:55.008+0000] {spark_submit.py:634} INFO - 24/12/02 21:05:55 INFO MemoryStore: Block broadcast_1_piece0 stored as bytes in memory (estimated size 3.1 KiB, free 434.4 MiB)
[2024-12-02T21:05:55.009+0000] {spark_submit.py:634} INFO - 24/12/02 21:05:55 INFO BlockManagerInfo: Added broadcast_1_piece0 in memory on 53f207c7dacd:35701 (size: 3.1 KiB, free: 434.4 MiB)
[2024-12-02T21:05:55.010+0000] {spark_submit.py:634} INFO - 24/12/02 21:05:55 INFO SparkContext: Created broadcast 1 from broadcast at DAGScheduler.scala:1585
[2024-12-02T21:05:55.012+0000] {spark_submit.py:634} INFO - 24/12/02 21:05:55 INFO DAGScheduler: Submitting 2 missing tasks from ResultStage 1 (ShuffledRDD[3] at reduceByKey at wordcount.scala:12) (first 15 tasks are for partitions Vector(0, 1))
[2024-12-02T21:05:55.012+0000] {spark_submit.py:634} INFO - 24/12/02 21:05:55 INFO TaskSchedulerImpl: Adding task set 1.0 with 2 tasks resource profile 0
[2024-12-02T21:05:55.016+0000] {spark_submit.py:634} INFO - 24/12/02 21:05:55 INFO TaskSetManager: Starting task 0.0 in stage 1.0 (TID 2) (172.18.0.5, executor 0, partition 0, NODE_LOCAL, 9003 bytes)
[2024-12-02T21:05:55.017+0000] {spark_submit.py:634} INFO - 24/12/02 21:05:55 INFO TaskSetManager: Starting task 1.0 in stage 1.0 (TID 3) (172.18.0.5, executor 0, partition 1, NODE_LOCAL, 9003 bytes)
[2024-12-02T21:05:55.037+0000] {spark_submit.py:634} INFO - 24/12/02 21:05:55 INFO BlockManagerInfo: Added broadcast_1_piece0 in memory on 172.18.0.5:35163 (size: 3.1 KiB, free: 434.4 MiB)
[2024-12-02T21:05:55.089+0000] {spark_submit.py:634} INFO - 24/12/02 21:05:55 INFO MapOutputTrackerMasterEndpoint: Asked to send map output locations for shuffle 0 to 172.18.0.5:47402
[2024-12-02T21:05:55.118+0000] {spark_submit.py:634} INFO - 24/12/02 21:05:55 INFO BlockManagerInfo: Removed broadcast_0_piece0 on 53f207c7dacd:35701 in memory (size: 3.2 KiB, free: 434.4 MiB)
[2024-12-02T21:05:55.135+0000] {spark_submit.py:634} INFO - 24/12/02 21:05:55 INFO BlockManagerInfo: Removed broadcast_0_piece0 on 172.18.0.5:35163 in memory (size: 3.2 KiB, free: 434.4 MiB)
[2024-12-02T21:05:55.210+0000] {spark_submit.py:634} INFO - 24/12/02 21:05:55 INFO TaskSetManager: Finished task 1.0 in stage 1.0 (TID 3) in 194 ms on 172.18.0.5 (executor 0) (1/2)
[2024-12-02T21:05:55.211+0000] {spark_submit.py:634} INFO - 24/12/02 21:05:55 INFO TaskSetManager: Finished task 0.0 in stage 1.0 (TID 2) in 196 ms on 172.18.0.5 (executor 0) (2/2)
[2024-12-02T21:05:55.212+0000] {spark_submit.py:634} INFO - 24/12/02 21:05:55 INFO TaskSchedulerImpl: Removed TaskSet 1.0, whose tasks have all completed, from pool
[2024-12-02T21:05:55.213+0000] {spark_submit.py:634} INFO - 24/12/02 21:05:55 INFO DAGScheduler: ResultStage 1 (collect at wordcount.scala:14) finished in 0.218 s
[2024-12-02T21:05:55.215+0000] {spark_submit.py:634} INFO - 24/12/02 21:05:55 INFO DAGScheduler: Job 0 is finished. Cancelling potential speculative or zombie tasks for this job
[2024-12-02T21:05:55.215+0000] {spark_submit.py:634} INFO - 24/12/02 21:05:55 INFO TaskSchedulerImpl: Killing all running tasks in stage 1: Stage finished
[2024-12-02T21:05:55.216+0000] {spark_submit.py:634} INFO - 24/12/02 21:05:55 INFO DAGScheduler: Job 0 finished: collect at wordcount.scala:14, took 3.448713 s
[2024-12-02T21:05:55.220+0000] {spark_submit.py:634} INFO - (Hello,5)
[2024-12-02T21:05:55.221+0000] {spark_submit.py:634} INFO - (Yusuf,1)
[2024-12-02T21:05:55.221+0000] {spark_submit.py:634} INFO - (World,1)
[2024-12-02T21:05:55.222+0000] {spark_submit.py:634} INFO - (Scala,1)
[2024-12-02T21:05:55.222+0000] {spark_submit.py:634} INFO - (Docker,1)
[2024-12-02T21:05:55.222+0000] {spark_submit.py:634} INFO - (spark,1)
[2024-12-02T21:05:55.223+0000] {spark_submit.py:634} INFO - 24/12/02 21:05:55 INFO SparkContext: SparkContext is stopping with exitCode 0.
[2024-12-02T21:05:55.229+0000] {spark_submit.py:634} INFO - 24/12/02 21:05:55 INFO SparkUI: Stopped Spark web UI at http://53f207c7dacd:4040
[2024-12-02T21:05:55.232+0000] {spark_submit.py:634} INFO - 24/12/02 21:05:55 INFO StandaloneSchedulerBackend: Shutting down all executors
[2024-12-02T21:05:55.232+0000] {spark_submit.py:634} INFO - 24/12/02 21:05:55 INFO StandaloneSchedulerBackend$StandaloneDriverEndpoint: Asking each executor to shut down
[2024-12-02T21:05:55.256+0000] {spark_submit.py:634} INFO - 24/12/02 21:05:55 INFO MapOutputTrackerMasterEndpoint: MapOutputTrackerMasterEndpoint stopped!
[2024-12-02T21:05:55.274+0000] {spark_submit.py:634} INFO - 24/12/02 21:05:55 INFO MemoryStore: MemoryStore cleared
[2024-12-02T21:05:55.278+0000] {spark_submit.py:634} INFO - 24/12/02 21:05:55 INFO BlockManager: BlockManager stopped
[2024-12-02T21:05:55.279+0000] {spark_submit.py:634} INFO - 24/12/02 21:05:55 INFO BlockManagerMaster: BlockManagerMaster stopped
[2024-12-02T21:05:55.281+0000] {spark_submit.py:634} INFO - 24/12/02 21:05:55 INFO OutputCommitCoordinator$OutputCommitCoordinatorEndpoint: OutputCommitCoordinator stopped!
[2024-12-02T21:05:55.294+0000] {spark_submit.py:634} INFO - 24/12/02 21:05:55 INFO SparkContext: Successfully stopped SparkContext
[2024-12-02T21:05:55.309+0000] {spark_submit.py:634} INFO - 24/12/02 21:05:55 INFO ShutdownHookManager: Shutdown hook called
[2024-12-02T21:05:55.311+0000] {spark_submit.py:634} INFO - 24/12/02 21:05:55 INFO ShutdownHookManager: Deleting directory /tmp/spark-c065f195-0002-4a57-9e58-4d23a589d2f0
[2024-12-02T21:05:55.320+0000] {spark_submit.py:634} INFO - 24/12/02 21:05:55 INFO ShutdownHookManager: Deleting directory /tmp/spark-25737871-1411-404f-9b90-f5b67e2cdb6e
[2024-12-02T21:05:55.393+0000] {taskinstance.py:340} INFO - ::group::Post task execution logs
[2024-12-02T21:05:55.394+0000] {taskinstance.py:352} INFO - Marking task as SUCCESS. dag_id=sparking_flow, task_id=scala_job, run_id=manual__2024-12-02T21:05:43.136271+00:00, execution_date=20241202T210543, start_date=20241202T210544, end_date=20241202T210555
[2024-12-02T21:05:55.422+0000] {local_task_job_runner.py:266} INFO - Task exited with return code 0
[2024-12-02T21:05:55.441+0000] {taskinstance.py:3895} INFO - 0 downstream tasks scheduled from follow-on schedule check
[2024-12-02T21:05:55.442+0000] {local_task_job_runner.py:245} INFO - ::endgroup::
