[2024-12-09T10:53:32.978+0000] {local_task_job_runner.py:123} INFO - ::group::Pre task execution logs
[2024-12-09T10:53:33.004+0000] {taskinstance.py:2613} INFO - Dependencies all met for dep_context=non-requeueable deps ti=<TaskInstance: sparking_flow.java_job manual__2024-12-09T10:53:31.152312+00:00 [queued]>
[2024-12-09T10:53:33.017+0000] {taskinstance.py:2613} INFO - Dependencies all met for dep_context=requeueable deps ti=<TaskInstance: sparking_flow.java_job manual__2024-12-09T10:53:31.152312+00:00 [queued]>
[2024-12-09T10:53:33.017+0000] {taskinstance.py:2866} INFO - Starting attempt 1 of 1
[2024-12-09T10:53:33.032+0000] {taskinstance.py:2889} INFO - Executing <Task(SparkSubmitOperator): java_job> on 2024-12-09 10:53:31.152312+00:00
[2024-12-09T10:53:33.040+0000] {logging_mixin.py:190} WARNING - /home/***/.local/lib/python3.12/site-packages/***/task/task_runner/standard_task_runner.py:70 DeprecationWarning: This process (pid=186) is multi-threaded, use of fork() may lead to deadlocks in the child.
[2024-12-09T10:53:33.042+0000] {standard_task_runner.py:72} INFO - Started process 191 to run task
[2024-12-09T10:53:33.041+0000] {standard_task_runner.py:104} INFO - Running: ['***', 'tasks', 'run', 'sparking_flow', 'java_job', 'manual__2024-12-09T10:53:31.152312+00:00', '--job-id', '340', '--raw', '--subdir', 'DAGS_FOLDER/spark_***.py', '--cfg-path', '/tmp/tmp487p4o7f']
[2024-12-09T10:53:33.047+0000] {standard_task_runner.py:105} INFO - Job 340: Subtask java_job
[2024-12-09T10:53:33.103+0000] {task_command.py:467} INFO - Running <TaskInstance: sparking_flow.java_job manual__2024-12-09T10:53:31.152312+00:00 [running]> on host 2a892a3469ec
[2024-12-09T10:53:33.192+0000] {taskinstance.py:3132} INFO - Exporting env vars: AIRFLOW_CTX_DAG_OWNER='Yusuf Ganiyu' AIRFLOW_CTX_DAG_ID='sparking_flow' AIRFLOW_CTX_TASK_ID='java_job' AIRFLOW_CTX_EXECUTION_DATE='2024-12-09T10:53:31.152312+00:00' AIRFLOW_CTX_TRY_NUMBER='1' AIRFLOW_CTX_DAG_RUN_ID='manual__2024-12-09T10:53:31.152312+00:00'
[2024-12-09T10:53:33.193+0000] {taskinstance.py:731} INFO - ::endgroup::
[2024-12-09T10:53:33.215+0000] {base.py:84} INFO - Retrieving connection 'spark-conn'
[2024-12-09T10:53:33.216+0000] {spark_submit.py:473} INFO - Spark-Submit cmd: spark-submit --master spark://sparkingflow-spark-master-1:7077 --name arrow-spark --class com.airscholar.spark.WordCountJob --deploy-mode client jobs/java/spark-job/target/spark-job-1.0-SNAPSHOT.jar
[2024-12-09T10:53:36.129+0000] {spark_submit.py:634} INFO - 24/12/09 10:53:36 INFO SparkContext: Running Spark version 3.5.3
[2024-12-09T10:53:36.132+0000] {spark_submit.py:634} INFO - 24/12/09 10:53:36 INFO SparkContext: OS info Linux, 6.10.14-linuxkit, aarch64
[2024-12-09T10:53:36.133+0000] {spark_submit.py:634} INFO - 24/12/09 10:53:36 INFO SparkContext: Java version 17.0.13
[2024-12-09T10:53:36.231+0000] {spark_submit.py:634} INFO - 24/12/09 10:53:36 WARN NativeCodeLoader: Unable to load native-hadoop library for your platform... using builtin-java classes where applicable
[2024-12-09T10:53:36.356+0000] {spark_submit.py:634} INFO - 24/12/09 10:53:36 INFO ResourceUtils: ==============================================================
[2024-12-09T10:53:36.361+0000] {spark_submit.py:634} INFO - 24/12/09 10:53:36 INFO ResourceUtils: No custom resources configured for spark.driver.
[2024-12-09T10:53:36.361+0000] {spark_submit.py:634} INFO - 24/12/09 10:53:36 INFO ResourceUtils: ==============================================================
[2024-12-09T10:53:36.362+0000] {spark_submit.py:634} INFO - 24/12/09 10:53:36 INFO SparkContext: Submitted application: Word Count Job
[2024-12-09T10:53:36.388+0000] {spark_submit.py:634} INFO - 24/12/09 10:53:36 INFO ResourceProfile: Default ResourceProfile created, executor resources: Map(cores -> name: cores, amount: 1, script: , vendor: , memory -> name: memory, amount: 1024, script: , vendor: , offHeap -> name: offHeap, amount: 0, script: , vendor: ), task resources: Map(cpus -> name: cpus, amount: 1.0)
[2024-12-09T10:53:36.401+0000] {spark_submit.py:634} INFO - 24/12/09 10:53:36 INFO ResourceProfile: Limiting resource is cpu
[2024-12-09T10:53:36.402+0000] {spark_submit.py:634} INFO - 24/12/09 10:53:36 INFO ResourceProfileManager: Added ResourceProfile id: 0
[2024-12-09T10:53:36.469+0000] {spark_submit.py:634} INFO - 24/12/09 10:53:36 INFO SecurityManager: Changing view acls to: ***
[2024-12-09T10:53:36.470+0000] {spark_submit.py:634} INFO - 24/12/09 10:53:36 INFO SecurityManager: Changing modify acls to: ***
[2024-12-09T10:53:36.470+0000] {spark_submit.py:634} INFO - 24/12/09 10:53:36 INFO SecurityManager: Changing view acls groups to:
[2024-12-09T10:53:36.471+0000] {spark_submit.py:634} INFO - 24/12/09 10:53:36 INFO SecurityManager: Changing modify acls groups to:
[2024-12-09T10:53:36.472+0000] {spark_submit.py:634} INFO - 24/12/09 10:53:36 INFO SecurityManager: SecurityManager: authentication disabled; ui acls disabled; users with view permissions: ***; groups with view permissions: EMPTY; users with modify permissions: ***; groups with modify permissions: EMPTY
[2024-12-09T10:53:36.781+0000] {spark_submit.py:634} INFO - 24/12/09 10:53:36 INFO Utils: Successfully started service 'sparkDriver' on port 44455.
[2024-12-09T10:53:36.817+0000] {spark_submit.py:634} INFO - 24/12/09 10:53:36 INFO SparkEnv: Registering MapOutputTracker
[2024-12-09T10:53:36.866+0000] {spark_submit.py:634} INFO - 24/12/09 10:53:36 INFO SparkEnv: Registering BlockManagerMaster
[2024-12-09T10:53:36.886+0000] {spark_submit.py:634} INFO - 24/12/09 10:53:36 INFO BlockManagerMasterEndpoint: Using org.apache.spark.storage.DefaultTopologyMapper for getting topology information
[2024-12-09T10:53:36.887+0000] {spark_submit.py:634} INFO - 24/12/09 10:53:36 INFO BlockManagerMasterEndpoint: BlockManagerMasterEndpoint up
[2024-12-09T10:53:36.892+0000] {spark_submit.py:634} INFO - 24/12/09 10:53:36 INFO SparkEnv: Registering BlockManagerMasterHeartbeat
[2024-12-09T10:53:36.921+0000] {spark_submit.py:634} INFO - 24/12/09 10:53:36 INFO DiskBlockManager: Created local directory at /tmp/blockmgr-fc2fc69b-ef54-4189-916e-8da929ef3a96
[2024-12-09T10:53:36.938+0000] {spark_submit.py:634} INFO - 24/12/09 10:53:36 INFO MemoryStore: MemoryStore started with capacity 434.4 MiB
[2024-12-09T10:53:36.957+0000] {spark_submit.py:634} INFO - 24/12/09 10:53:36 INFO SparkEnv: Registering OutputCommitCoordinator
[2024-12-09T10:53:37.193+0000] {spark_submit.py:634} INFO - 24/12/09 10:53:37 INFO JettyUtils: Start Jetty 0.0.0.0:4040 for SparkUI
[2024-12-09T10:53:37.308+0000] {spark_submit.py:634} INFO - 24/12/09 10:53:37 INFO Utils: Successfully started service 'SparkUI' on port 4040.
[2024-12-09T10:53:37.383+0000] {spark_submit.py:634} INFO - 24/12/09 10:53:37 INFO SparkContext: Added JAR file:/opt/***/jobs/java/spark-job/target/spark-job-1.0-SNAPSHOT.jar at spark://2a892a3469ec:44455/jars/spark-job-1.0-SNAPSHOT.jar with timestamp 1733741616116
[2024-12-09T10:53:37.483+0000] {spark_submit.py:634} INFO - 24/12/09 10:53:37 INFO Executor: Starting executor ID driver on host 2a892a3469ec
[2024-12-09T10:53:37.484+0000] {spark_submit.py:634} INFO - 24/12/09 10:53:37 INFO Executor: OS info Linux, 6.10.14-linuxkit, aarch64
[2024-12-09T10:53:37.485+0000] {spark_submit.py:634} INFO - 24/12/09 10:53:37 INFO Executor: Java version 17.0.13
[2024-12-09T10:53:37.495+0000] {spark_submit.py:634} INFO - 24/12/09 10:53:37 INFO Executor: Starting executor with user classpath (userClassPathFirst = false): ''
[2024-12-09T10:53:37.497+0000] {spark_submit.py:634} INFO - 24/12/09 10:53:37 INFO Executor: Created or updated repl class loader org.apache.spark.util.MutableURLClassLoader@38f77cd9 for default.
[2024-12-09T10:53:37.532+0000] {spark_submit.py:634} INFO - 24/12/09 10:53:37 INFO Executor: Fetching spark://2a892a3469ec:44455/jars/spark-job-1.0-SNAPSHOT.jar with timestamp 1733741616116
[2024-12-09T10:53:37.616+0000] {spark_submit.py:634} INFO - 24/12/09 10:53:37 INFO TransportClientFactory: Successfully created connection to 2a892a3469ec/172.18.0.4:44455 after 36 ms (0 ms spent in bootstraps)
[2024-12-09T10:53:37.625+0000] {spark_submit.py:634} INFO - 24/12/09 10:53:37 INFO Utils: Fetching spark://2a892a3469ec:44455/jars/spark-job-1.0-SNAPSHOT.jar to /tmp/spark-550eab17-97e9-42ec-b6c4-3d88fbc3166b/userFiles-5a12a830-8ccd-481e-b5b3-dc9684c830d2/fetchFileTemp699103340313149178.tmp
[2024-12-09T10:53:37.666+0000] {spark_submit.py:634} INFO - 24/12/09 10:53:37 INFO Executor: Adding file:/tmp/spark-550eab17-97e9-42ec-b6c4-3d88fbc3166b/userFiles-5a12a830-8ccd-481e-b5b3-dc9684c830d2/spark-job-1.0-SNAPSHOT.jar to class loader default
[2024-12-09T10:53:37.677+0000] {spark_submit.py:634} INFO - 24/12/09 10:53:37 INFO Utils: Successfully started service 'org.apache.spark.network.netty.NettyBlockTransferService' on port 39019.
[2024-12-09T10:53:37.677+0000] {spark_submit.py:634} INFO - 24/12/09 10:53:37 INFO NettyBlockTransferService: Server created on 2a892a3469ec:39019
[2024-12-09T10:53:37.678+0000] {spark_submit.py:634} INFO - 24/12/09 10:53:37 INFO BlockManager: Using org.apache.spark.storage.RandomBlockReplicationPolicy for block replication policy
[2024-12-09T10:53:37.684+0000] {spark_submit.py:634} INFO - 24/12/09 10:53:37 INFO BlockManagerMaster: Registering BlockManager BlockManagerId(driver, 2a892a3469ec, 39019, None)
[2024-12-09T10:53:37.687+0000] {spark_submit.py:634} INFO - 24/12/09 10:53:37 INFO BlockManagerMasterEndpoint: Registering block manager 2a892a3469ec:39019 with 434.4 MiB RAM, BlockManagerId(driver, 2a892a3469ec, 39019, None)
[2024-12-09T10:53:37.691+0000] {spark_submit.py:634} INFO - 24/12/09 10:53:37 INFO BlockManagerMaster: Registered BlockManager BlockManagerId(driver, 2a892a3469ec, 39019, None)
[2024-12-09T10:53:37.692+0000] {spark_submit.py:634} INFO - 24/12/09 10:53:37 INFO BlockManager: Initialized BlockManager: BlockManagerId(driver, 2a892a3469ec, 39019, None)
[2024-12-09T10:53:38.755+0000] {spark_submit.py:634} INFO - 24/12/09 10:53:38 INFO SparkContext: Starting job: collect at WordCountJob.java:37
[2024-12-09T10:53:38.786+0000] {spark_submit.py:634} INFO - 24/12/09 10:53:38 INFO DAGScheduler: Registering RDD 2 (mapToPair at WordCountJob.java:33) as input to shuffle 0
[2024-12-09T10:53:38.794+0000] {spark_submit.py:634} INFO - 24/12/09 10:53:38 INFO DAGScheduler: Got job 0 (collect at WordCountJob.java:37) with 1 output partitions
[2024-12-09T10:53:38.795+0000] {spark_submit.py:634} INFO - 24/12/09 10:53:38 INFO DAGScheduler: Final stage: ResultStage 1 (collect at WordCountJob.java:37)
[2024-12-09T10:53:38.795+0000] {spark_submit.py:634} INFO - 24/12/09 10:53:38 INFO DAGScheduler: Parents of final stage: List(ShuffleMapStage 0)
[2024-12-09T10:53:38.796+0000] {spark_submit.py:634} INFO - 24/12/09 10:53:38 INFO DAGScheduler: Missing parents: List(ShuffleMapStage 0)
[2024-12-09T10:53:38.799+0000] {spark_submit.py:634} INFO - 24/12/09 10:53:38 INFO DAGScheduler: Submitting ShuffleMapStage 0 (MapPartitionsRDD[2] at mapToPair at WordCountJob.java:33), which has no missing parents
[2024-12-09T10:53:38.937+0000] {spark_submit.py:634} INFO - 24/12/09 10:53:38 INFO MemoryStore: Block broadcast_0 stored as values in memory (estimated size 6.4 KiB, free 434.4 MiB)
[2024-12-09T10:53:38.972+0000] {spark_submit.py:634} INFO - 24/12/09 10:53:38 INFO MemoryStore: Block broadcast_0_piece0 stored as bytes in memory (estimated size 3.4 KiB, free 434.4 MiB)
[2024-12-09T10:53:38.975+0000] {spark_submit.py:634} INFO - 24/12/09 10:53:38 INFO BlockManagerInfo: Added broadcast_0_piece0 in memory on 2a892a3469ec:39019 (size: 3.4 KiB, free: 434.4 MiB)
[2024-12-09T10:53:38.979+0000] {spark_submit.py:634} INFO - 24/12/09 10:53:38 INFO SparkContext: Created broadcast 0 from broadcast at DAGScheduler.scala:1585
[2024-12-09T10:53:39.022+0000] {spark_submit.py:634} INFO - 24/12/09 10:53:39 INFO DAGScheduler: Submitting 1 missing tasks from ShuffleMapStage 0 (MapPartitionsRDD[2] at mapToPair at WordCountJob.java:33) (first 15 tasks are for partitions Vector(0))
[2024-12-09T10:53:39.025+0000] {spark_submit.py:634} INFO - 24/12/09 10:53:39 INFO TaskSchedulerImpl: Adding task set 0.0 with 1 tasks resource profile 0
[2024-12-09T10:53:39.094+0000] {spark_submit.py:634} INFO - 24/12/09 10:53:39 INFO TaskSetManager: Starting task 0.0 in stage 0.0 (TID 0) (2a892a3469ec, executor driver, partition 0, PROCESS_LOCAL, 9249 bytes)
[2024-12-09T10:53:39.113+0000] {spark_submit.py:634} INFO - 24/12/09 10:53:39 INFO Executor: Running task 0.0 in stage 0.0 (TID 0)
[2024-12-09T10:53:39.320+0000] {spark_submit.py:634} INFO - 24/12/09 10:53:39 INFO Executor: Finished task 0.0 in stage 0.0 (TID 0). 1216 bytes result sent to driver
[2024-12-09T10:53:39.341+0000] {spark_submit.py:634} INFO - 24/12/09 10:53:39 INFO TaskSetManager: Finished task 0.0 in stage 0.0 (TID 0) in 273 ms on 2a892a3469ec (executor driver) (1/1)
[2024-12-09T10:53:39.345+0000] {spark_submit.py:634} INFO - 24/12/09 10:53:39 INFO TaskSchedulerImpl: Removed TaskSet 0.0, whose tasks have all completed, from pool
[2024-12-09T10:53:39.351+0000] {spark_submit.py:634} INFO - 24/12/09 10:53:39 INFO DAGScheduler: ShuffleMapStage 0 (mapToPair at WordCountJob.java:33) finished in 0.531 s
[2024-12-09T10:53:39.354+0000] {spark_submit.py:634} INFO - 24/12/09 10:53:39 INFO DAGScheduler: looking for newly runnable stages
[2024-12-09T10:53:39.355+0000] {spark_submit.py:634} INFO - 24/12/09 10:53:39 INFO DAGScheduler: running: Set()
[2024-12-09T10:53:39.363+0000] {spark_submit.py:634} INFO - 24/12/09 10:53:39 INFO DAGScheduler: waiting: Set(ResultStage 1)
[2024-12-09T10:53:39.367+0000] {spark_submit.py:634} INFO - 24/12/09 10:53:39 INFO DAGScheduler: failed: Set()
[2024-12-09T10:53:39.374+0000] {spark_submit.py:634} INFO - 24/12/09 10:53:39 INFO DAGScheduler: Submitting ResultStage 1 (ShuffledRDD[3] at reduceByKey at WordCountJob.java:34), which has no missing parents
[2024-12-09T10:53:39.395+0000] {spark_submit.py:634} INFO - 24/12/09 10:53:39 INFO MemoryStore: Block broadcast_1 stored as values in memory (estimated size 5.2 KiB, free 434.4 MiB)
[2024-12-09T10:53:39.400+0000] {spark_submit.py:634} INFO - 24/12/09 10:53:39 INFO MemoryStore: Block broadcast_1_piece0 stored as bytes in memory (estimated size 2.9 KiB, free 434.4 MiB)
[2024-12-09T10:53:39.401+0000] {spark_submit.py:634} INFO - 24/12/09 10:53:39 INFO BlockManagerInfo: Added broadcast_1_piece0 in memory on 2a892a3469ec:39019 (size: 2.9 KiB, free: 434.4 MiB)
[2024-12-09T10:53:39.403+0000] {spark_submit.py:634} INFO - 24/12/09 10:53:39 INFO SparkContext: Created broadcast 1 from broadcast at DAGScheduler.scala:1585
[2024-12-09T10:53:39.407+0000] {spark_submit.py:634} INFO - 24/12/09 10:53:39 INFO DAGScheduler: Submitting 1 missing tasks from ResultStage 1 (ShuffledRDD[3] at reduceByKey at WordCountJob.java:34) (first 15 tasks are for partitions Vector(0))
[2024-12-09T10:53:39.408+0000] {spark_submit.py:634} INFO - 24/12/09 10:53:39 INFO TaskSchedulerImpl: Adding task set 1.0 with 1 tasks resource profile 0
[2024-12-09T10:53:39.421+0000] {spark_submit.py:634} INFO - 24/12/09 10:53:39 INFO TaskSetManager: Starting task 0.0 in stage 1.0 (TID 1) (2a892a3469ec, executor driver, partition 0, NODE_LOCAL, 9002 bytes)
[2024-12-09T10:53:39.424+0000] {spark_submit.py:634} INFO - 24/12/09 10:53:39 INFO Executor: Running task 0.0 in stage 1.0 (TID 1)
[2024-12-09T10:53:39.489+0000] {spark_submit.py:634} INFO - 24/12/09 10:53:39 INFO ShuffleBlockFetcherIterator: Getting 1 (189.0 B) non-empty blocks including 1 (189.0 B) local and 0 (0.0 B) host-local and 0 (0.0 B) push-merged-local and 0 (0.0 B) remote blocks
[2024-12-09T10:53:39.495+0000] {spark_submit.py:634} INFO - 24/12/09 10:53:39 INFO ShuffleBlockFetcherIterator: Started 0 remote fetches in 16 ms
[2024-12-09T10:53:39.526+0000] {spark_submit.py:634} INFO - 24/12/09 10:53:39 INFO Executor: Finished task 0.0 in stage 1.0 (TID 1). 1958 bytes result sent to driver
[2024-12-09T10:53:39.538+0000] {spark_submit.py:634} INFO - 24/12/09 10:53:39 INFO TaskSetManager: Finished task 0.0 in stage 1.0 (TID 1) in 123 ms on 2a892a3469ec (executor driver) (1/1)
[2024-12-09T10:53:39.540+0000] {spark_submit.py:634} INFO - 24/12/09 10:53:39 INFO TaskSchedulerImpl: Removed TaskSet 1.0, whose tasks have all completed, from pool
[2024-12-09T10:53:39.541+0000] {spark_submit.py:634} INFO - 24/12/09 10:53:39 INFO DAGScheduler: ResultStage 1 (collect at WordCountJob.java:37) finished in 0.151 s
[2024-12-09T10:53:39.547+0000] {spark_submit.py:634} INFO - 24/12/09 10:53:39 INFO DAGScheduler: Job 0 is finished. Cancelling potential speculative or zombie tasks for this job
[2024-12-09T10:53:39.548+0000] {spark_submit.py:634} INFO - 24/12/09 10:53:39 INFO TaskSchedulerImpl: Killing all running tasks in stage 1: Stage finished
[2024-12-09T10:53:39.553+0000] {spark_submit.py:634} INFO - 24/12/09 10:53:39 INFO DAGScheduler: Job 0 finished: collect at WordCountJob.java:37, took 0.799579 s
[2024-12-09T10:53:39.558+0000] {spark_submit.py:634} INFO - spark: 1
[2024-12-09T10:53:39.559+0000] {spark_submit.py:634} INFO - docker: 1
[2024-12-09T10:53:39.559+0000] {spark_submit.py:634} INFO - Yusuf: 1
[2024-12-09T10:53:39.560+0000] {spark_submit.py:634} INFO - hello: 5
[2024-12-09T10:53:39.560+0000] {spark_submit.py:634} INFO - java: 1
[2024-12-09T10:53:39.561+0000] {spark_submit.py:634} INFO - world: 1
[2024-12-09T10:53:39.562+0000] {spark_submit.py:634} INFO - 24/12/09 10:53:39 INFO SparkContext: SparkContext is stopping with exitCode 0.
[2024-12-09T10:53:39.581+0000] {spark_submit.py:634} INFO - 24/12/09 10:53:39 INFO SparkUI: Stopped Spark web UI at http://2a892a3469ec:4040
[2024-12-09T10:53:39.601+0000] {spark_submit.py:634} INFO - 24/12/09 10:53:39 INFO MapOutputTrackerMasterEndpoint: MapOutputTrackerMasterEndpoint stopped!
[2024-12-09T10:53:39.622+0000] {spark_submit.py:634} INFO - 24/12/09 10:53:39 INFO MemoryStore: MemoryStore cleared
[2024-12-09T10:53:39.622+0000] {spark_submit.py:634} INFO - 24/12/09 10:53:39 INFO BlockManager: BlockManager stopped
[2024-12-09T10:53:39.628+0000] {spark_submit.py:634} INFO - 24/12/09 10:53:39 INFO BlockManagerMaster: BlockManagerMaster stopped
[2024-12-09T10:53:39.630+0000] {spark_submit.py:634} INFO - 24/12/09 10:53:39 INFO OutputCommitCoordinator$OutputCommitCoordinatorEndpoint: OutputCommitCoordinator stopped!
[2024-12-09T10:53:39.643+0000] {spark_submit.py:634} INFO - 24/12/09 10:53:39 INFO SparkContext: Successfully stopped SparkContext
[2024-12-09T10:53:39.648+0000] {spark_submit.py:634} INFO - 24/12/09 10:53:39 INFO ShutdownHookManager: Shutdown hook called
[2024-12-09T10:53:39.649+0000] {spark_submit.py:634} INFO - 24/12/09 10:53:39 INFO ShutdownHookManager: Deleting directory /tmp/spark-71a77cec-83f9-4ea5-a515-f93c33c1e67e
[2024-12-09T10:53:39.655+0000] {spark_submit.py:634} INFO - 24/12/09 10:53:39 INFO ShutdownHookManager: Deleting directory /tmp/spark-550eab17-97e9-42ec-b6c4-3d88fbc3166b
[2024-12-09T10:53:39.747+0000] {taskinstance.py:340} INFO - ::group::Post task execution logs
[2024-12-09T10:53:39.748+0000] {taskinstance.py:352} INFO - Marking task as SUCCESS. dag_id=sparking_flow, task_id=java_job, run_id=manual__2024-12-09T10:53:31.152312+00:00, execution_date=20241209T105331, start_date=20241209T105333, end_date=20241209T105339
[2024-12-09T10:53:39.795+0000] {local_task_job_runner.py:266} INFO - Task exited with return code 0
[2024-12-09T10:53:39.824+0000] {taskinstance.py:3895} INFO - 0 downstream tasks scheduled from follow-on schedule check
[2024-12-09T10:53:39.826+0000] {local_task_job_runner.py:245} INFO - ::endgroup::
