[2024-12-08T21:40:13.595+0000] {local_task_job_runner.py:123} INFO - ::group::Pre task execution logs
[2024-12-08T21:40:13.607+0000] {taskinstance.py:2613} INFO - Dependencies all met for dep_context=non-requeueable deps ti=<TaskInstance: sparking_flow.java_job manual__2024-12-08T21:40:11.545590+00:00 [queued]>
[2024-12-08T21:40:13.612+0000] {taskinstance.py:2613} INFO - Dependencies all met for dep_context=requeueable deps ti=<TaskInstance: sparking_flow.java_job manual__2024-12-08T21:40:11.545590+00:00 [queued]>
[2024-12-08T21:40:13.613+0000] {taskinstance.py:2866} INFO - Starting attempt 1 of 1
[2024-12-08T21:40:13.623+0000] {taskinstance.py:2889} INFO - Executing <Task(SparkSubmitOperator): java_job> on 2024-12-08 21:40:11.545590+00:00
[2024-12-08T21:40:13.631+0000] {logging_mixin.py:190} WARNING - /home/***/.local/lib/python3.12/site-packages/***/task/task_runner/standard_task_runner.py:70 DeprecationWarning: This process (pid=186) is multi-threaded, use of fork() may lead to deadlocks in the child.
[2024-12-08T21:40:13.632+0000] {standard_task_runner.py:72} INFO - Started process 190 to run task
[2024-12-08T21:40:13.630+0000] {standard_task_runner.py:104} INFO - Running: ['***', 'tasks', 'run', 'sparking_flow', 'java_job', 'manual__2024-12-08T21:40:11.545590+00:00', '--job-id', '272', '--raw', '--subdir', 'DAGS_FOLDER/spark_***.py', '--cfg-path', '/tmp/tmpv_nyc3qk']
[2024-12-08T21:40:13.634+0000] {standard_task_runner.py:105} INFO - Job 272: Subtask java_job
[2024-12-08T21:40:13.680+0000] {task_command.py:467} INFO - Running <TaskInstance: sparking_flow.java_job manual__2024-12-08T21:40:11.545590+00:00 [running]> on host 2a892a3469ec
[2024-12-08T21:40:13.761+0000] {taskinstance.py:3132} INFO - Exporting env vars: AIRFLOW_CTX_DAG_OWNER='Yusuf Ganiyu' AIRFLOW_CTX_DAG_ID='sparking_flow' AIRFLOW_CTX_TASK_ID='java_job' AIRFLOW_CTX_EXECUTION_DATE='2024-12-08T21:40:11.545590+00:00' AIRFLOW_CTX_TRY_NUMBER='1' AIRFLOW_CTX_DAG_RUN_ID='manual__2024-12-08T21:40:11.545590+00:00'
[2024-12-08T21:40:13.761+0000] {taskinstance.py:731} INFO - ::endgroup::
[2024-12-08T21:40:13.785+0000] {base.py:84} INFO - Retrieving connection 'spark-conn'
[2024-12-08T21:40:13.786+0000] {spark_submit.py:473} INFO - Spark-Submit cmd: spark-submit --master spark://sparkingflow-spark-master-1:7077 --name arrow-spark --class com.airscholar.spark.WordCountJob --deploy-mode client jobs/java/spark-job/target/spark-job-1.0-SNAPSHOT.jar
[2024-12-08T21:40:16.938+0000] {spark_submit.py:634} INFO - 24/12/08 21:40:16 INFO SparkContext: Running Spark version 3.5.3
[2024-12-08T21:40:16.940+0000] {spark_submit.py:634} INFO - 24/12/08 21:40:16 INFO SparkContext: OS info Linux, 6.10.14-linuxkit, aarch64
[2024-12-08T21:40:16.941+0000] {spark_submit.py:634} INFO - 24/12/08 21:40:16 INFO SparkContext: Java version 17.0.13
[2024-12-08T21:40:17.080+0000] {spark_submit.py:634} INFO - 24/12/08 21:40:17 WARN NativeCodeLoader: Unable to load native-hadoop library for your platform... using builtin-java classes where applicable
[2024-12-08T21:40:17.218+0000] {spark_submit.py:634} INFO - 24/12/08 21:40:17 INFO ResourceUtils: ==============================================================
[2024-12-08T21:40:17.219+0000] {spark_submit.py:634} INFO - 24/12/08 21:40:17 INFO ResourceUtils: No custom resources configured for spark.driver.
[2024-12-08T21:40:17.219+0000] {spark_submit.py:634} INFO - 24/12/08 21:40:17 INFO ResourceUtils: ==============================================================
[2024-12-08T21:40:17.220+0000] {spark_submit.py:634} INFO - 24/12/08 21:40:17 INFO SparkContext: Submitted application: Word Count Job
[2024-12-08T21:40:17.249+0000] {spark_submit.py:634} INFO - 24/12/08 21:40:17 INFO ResourceProfile: Default ResourceProfile created, executor resources: Map(cores -> name: cores, amount: 1, script: , vendor: , memory -> name: memory, amount: 1024, script: , vendor: , offHeap -> name: offHeap, amount: 0, script: , vendor: ), task resources: Map(cpus -> name: cpus, amount: 1.0)
[2024-12-08T21:40:17.259+0000] {spark_submit.py:634} INFO - 24/12/08 21:40:17 INFO ResourceProfile: Limiting resource is cpu
[2024-12-08T21:40:17.260+0000] {spark_submit.py:634} INFO - 24/12/08 21:40:17 INFO ResourceProfileManager: Added ResourceProfile id: 0
[2024-12-08T21:40:17.354+0000] {spark_submit.py:634} INFO - 24/12/08 21:40:17 INFO SecurityManager: Changing view acls to: ***
[2024-12-08T21:40:17.356+0000] {spark_submit.py:634} INFO - 24/12/08 21:40:17 INFO SecurityManager: Changing modify acls to: ***
[2024-12-08T21:40:17.357+0000] {spark_submit.py:634} INFO - 24/12/08 21:40:17 INFO SecurityManager: Changing view acls groups to:
[2024-12-08T21:40:17.358+0000] {spark_submit.py:634} INFO - 24/12/08 21:40:17 INFO SecurityManager: Changing modify acls groups to:
[2024-12-08T21:40:17.358+0000] {spark_submit.py:634} INFO - 24/12/08 21:40:17 INFO SecurityManager: SecurityManager: authentication disabled; ui acls disabled; users with view permissions: ***; groups with view permissions: EMPTY; users with modify permissions: ***; groups with modify permissions: EMPTY
[2024-12-08T21:40:17.688+0000] {spark_submit.py:634} INFO - 24/12/08 21:40:17 INFO Utils: Successfully started service 'sparkDriver' on port 39593.
[2024-12-08T21:40:17.732+0000] {spark_submit.py:634} INFO - 24/12/08 21:40:17 INFO SparkEnv: Registering MapOutputTracker
[2024-12-08T21:40:17.788+0000] {spark_submit.py:634} INFO - 24/12/08 21:40:17 INFO SparkEnv: Registering BlockManagerMaster
[2024-12-08T21:40:17.817+0000] {spark_submit.py:634} INFO - 24/12/08 21:40:17 INFO BlockManagerMasterEndpoint: Using org.apache.spark.storage.DefaultTopologyMapper for getting topology information
[2024-12-08T21:40:17.818+0000] {spark_submit.py:634} INFO - 24/12/08 21:40:17 INFO BlockManagerMasterEndpoint: BlockManagerMasterEndpoint up
[2024-12-08T21:40:17.825+0000] {spark_submit.py:634} INFO - 24/12/08 21:40:17 INFO SparkEnv: Registering BlockManagerMasterHeartbeat
[2024-12-08T21:40:17.854+0000] {spark_submit.py:634} INFO - 24/12/08 21:40:17 INFO DiskBlockManager: Created local directory at /tmp/blockmgr-63842729-5186-4d4f-9601-b762abb918d7
[2024-12-08T21:40:17.872+0000] {spark_submit.py:634} INFO - 24/12/08 21:40:17 INFO MemoryStore: MemoryStore started with capacity 434.4 MiB
[2024-12-08T21:40:17.891+0000] {spark_submit.py:634} INFO - 24/12/08 21:40:17 INFO SparkEnv: Registering OutputCommitCoordinator
[2024-12-08T21:40:18.172+0000] {spark_submit.py:634} INFO - 24/12/08 21:40:18 INFO JettyUtils: Start Jetty 0.0.0.0:4040 for SparkUI
[2024-12-08T21:40:18.315+0000] {spark_submit.py:634} INFO - 24/12/08 21:40:18 INFO Utils: Successfully started service 'SparkUI' on port 4040.
[2024-12-08T21:40:18.412+0000] {spark_submit.py:634} INFO - 24/12/08 21:40:18 INFO SparkContext: Added JAR file:/opt/***/jobs/java/spark-job/target/spark-job-1.0-SNAPSHOT.jar at spark://2a892a3469ec:39593/jars/spark-job-1.0-SNAPSHOT.jar with timestamp 1733694016915
[2024-12-08T21:40:18.507+0000] {spark_submit.py:634} INFO - 24/12/08 21:40:18 INFO Executor: Starting executor ID driver on host 2a892a3469ec
[2024-12-08T21:40:18.508+0000] {spark_submit.py:634} INFO - 24/12/08 21:40:18 INFO Executor: OS info Linux, 6.10.14-linuxkit, aarch64
[2024-12-08T21:40:18.508+0000] {spark_submit.py:634} INFO - 24/12/08 21:40:18 INFO Executor: Java version 17.0.13
[2024-12-08T21:40:18.519+0000] {spark_submit.py:634} INFO - 24/12/08 21:40:18 INFO Executor: Starting executor with user classpath (userClassPathFirst = false): ''
[2024-12-08T21:40:18.524+0000] {spark_submit.py:634} INFO - 24/12/08 21:40:18 INFO Executor: Created or updated repl class loader org.apache.spark.util.MutableURLClassLoader@63d5874f for default.
[2024-12-08T21:40:18.560+0000] {spark_submit.py:634} INFO - 24/12/08 21:40:18 INFO Executor: Fetching spark://2a892a3469ec:39593/jars/spark-job-1.0-SNAPSHOT.jar with timestamp 1733694016915
[2024-12-08T21:40:18.668+0000] {spark_submit.py:634} INFO - 24/12/08 21:40:18 INFO TransportClientFactory: Successfully created connection to 2a892a3469ec/172.18.0.4:39593 after 56 ms (0 ms spent in bootstraps)
[2024-12-08T21:40:18.682+0000] {spark_submit.py:634} INFO - 24/12/08 21:40:18 INFO Utils: Fetching spark://2a892a3469ec:39593/jars/spark-job-1.0-SNAPSHOT.jar to /tmp/spark-b03939ac-6660-4a95-a5de-0e6c757139ad/userFiles-79e69fec-df44-4201-a64e-9994eb2f607c/fetchFileTemp1897276819600335151.tmp
[2024-12-08T21:40:18.761+0000] {spark_submit.py:634} INFO - 24/12/08 21:40:18 INFO Executor: Adding file:/tmp/spark-b03939ac-6660-4a95-a5de-0e6c757139ad/userFiles-79e69fec-df44-4201-a64e-9994eb2f607c/spark-job-1.0-SNAPSHOT.jar to class loader default
[2024-12-08T21:40:18.772+0000] {spark_submit.py:634} INFO - 24/12/08 21:40:18 INFO Utils: Successfully started service 'org.apache.spark.network.netty.NettyBlockTransferService' on port 35853.
[2024-12-08T21:40:18.773+0000] {spark_submit.py:634} INFO - 24/12/08 21:40:18 INFO NettyBlockTransferService: Server created on 2a892a3469ec:35853
[2024-12-08T21:40:18.775+0000] {spark_submit.py:634} INFO - 24/12/08 21:40:18 INFO BlockManager: Using org.apache.spark.storage.RandomBlockReplicationPolicy for block replication policy
[2024-12-08T21:40:18.783+0000] {spark_submit.py:634} INFO - 24/12/08 21:40:18 INFO BlockManagerMaster: Registering BlockManager BlockManagerId(driver, 2a892a3469ec, 35853, None)
[2024-12-08T21:40:18.788+0000] {spark_submit.py:634} INFO - 24/12/08 21:40:18 INFO BlockManagerMasterEndpoint: Registering block manager 2a892a3469ec:35853 with 434.4 MiB RAM, BlockManagerId(driver, 2a892a3469ec, 35853, None)
[2024-12-08T21:40:18.791+0000] {spark_submit.py:634} INFO - 24/12/08 21:40:18 INFO BlockManagerMaster: Registered BlockManager BlockManagerId(driver, 2a892a3469ec, 35853, None)
[2024-12-08T21:40:18.791+0000] {spark_submit.py:634} INFO - 24/12/08 21:40:18 INFO BlockManager: Initialized BlockManager: BlockManagerId(driver, 2a892a3469ec, 35853, None)
[2024-12-08T21:40:19.949+0000] {spark_submit.py:634} INFO - 24/12/08 21:40:19 INFO SparkContext: Starting job: collect at WordCountJob.java:37
[2024-12-08T21:40:20.086+0000] {spark_submit.py:634} INFO - 24/12/08 21:40:20 INFO DAGScheduler: Registering RDD 2 (mapToPair at WordCountJob.java:33) as input to shuffle 0
[2024-12-08T21:40:20.092+0000] {spark_submit.py:634} INFO - 24/12/08 21:40:20 INFO DAGScheduler: Got job 0 (collect at WordCountJob.java:37) with 1 output partitions
[2024-12-08T21:40:20.095+0000] {spark_submit.py:634} INFO - 24/12/08 21:40:20 INFO DAGScheduler: Final stage: ResultStage 1 (collect at WordCountJob.java:37)
[2024-12-08T21:40:20.096+0000] {spark_submit.py:634} INFO - 24/12/08 21:40:20 INFO DAGScheduler: Parents of final stage: List(ShuffleMapStage 0)
[2024-12-08T21:40:20.097+0000] {spark_submit.py:634} INFO - 24/12/08 21:40:20 INFO DAGScheduler: Missing parents: List(ShuffleMapStage 0)
[2024-12-08T21:40:20.104+0000] {spark_submit.py:634} INFO - 24/12/08 21:40:20 INFO DAGScheduler: Submitting ShuffleMapStage 0 (MapPartitionsRDD[2] at mapToPair at WordCountJob.java:33), which has no missing parents
[2024-12-08T21:40:20.331+0000] {spark_submit.py:634} INFO - 24/12/08 21:40:20 INFO MemoryStore: Block broadcast_0 stored as values in memory (estimated size 6.4 KiB, free 434.4 MiB)
[2024-12-08T21:40:20.383+0000] {spark_submit.py:634} INFO - 24/12/08 21:40:20 INFO MemoryStore: Block broadcast_0_piece0 stored as bytes in memory (estimated size 3.4 KiB, free 434.4 MiB)
[2024-12-08T21:40:20.387+0000] {spark_submit.py:634} INFO - 24/12/08 21:40:20 INFO BlockManagerInfo: Added broadcast_0_piece0 in memory on 2a892a3469ec:35853 (size: 3.4 KiB, free: 434.4 MiB)
[2024-12-08T21:40:20.393+0000] {spark_submit.py:634} INFO - 24/12/08 21:40:20 INFO SparkContext: Created broadcast 0 from broadcast at DAGScheduler.scala:1585
[2024-12-08T21:40:20.429+0000] {spark_submit.py:634} INFO - 24/12/08 21:40:20 INFO DAGScheduler: Submitting 1 missing tasks from ShuffleMapStage 0 (MapPartitionsRDD[2] at mapToPair at WordCountJob.java:33) (first 15 tasks are for partitions Vector(0))
[2024-12-08T21:40:20.433+0000] {spark_submit.py:634} INFO - 24/12/08 21:40:20 INFO TaskSchedulerImpl: Adding task set 0.0 with 1 tasks resource profile 0
[2024-12-08T21:40:20.566+0000] {spark_submit.py:634} INFO - 24/12/08 21:40:20 INFO TaskSetManager: Starting task 0.0 in stage 0.0 (TID 0) (2a892a3469ec, executor driver, partition 0, PROCESS_LOCAL, 9249 bytes)
[2024-12-08T21:40:20.610+0000] {spark_submit.py:634} INFO - 24/12/08 21:40:20 INFO Executor: Running task 0.0 in stage 0.0 (TID 0)
[2024-12-08T21:40:20.925+0000] {spark_submit.py:634} INFO - 24/12/08 21:40:20 INFO Executor: Finished task 0.0 in stage 0.0 (TID 0). 1216 bytes result sent to driver
[2024-12-08T21:40:20.949+0000] {spark_submit.py:634} INFO - 24/12/08 21:40:20 INFO TaskSetManager: Finished task 0.0 in stage 0.0 (TID 0) in 443 ms on 2a892a3469ec (executor driver) (1/1)
[2024-12-08T21:40:20.954+0000] {spark_submit.py:634} INFO - 24/12/08 21:40:20 INFO TaskSchedulerImpl: Removed TaskSet 0.0, whose tasks have all completed, from pool
[2024-12-08T21:40:20.966+0000] {spark_submit.py:634} INFO - 24/12/08 21:40:20 INFO DAGScheduler: ShuffleMapStage 0 (mapToPair at WordCountJob.java:33) finished in 0.784 s
[2024-12-08T21:40:20.968+0000] {spark_submit.py:634} INFO - 24/12/08 21:40:20 INFO DAGScheduler: looking for newly runnable stages
[2024-12-08T21:40:20.971+0000] {spark_submit.py:634} INFO - 24/12/08 21:40:20 INFO DAGScheduler: running: Set()
[2024-12-08T21:40:20.971+0000] {spark_submit.py:634} INFO - 24/12/08 21:40:20 INFO DAGScheduler: waiting: Set(ResultStage 1)
[2024-12-08T21:40:20.972+0000] {spark_submit.py:634} INFO - 24/12/08 21:40:20 INFO DAGScheduler: failed: Set()
[2024-12-08T21:40:20.974+0000] {spark_submit.py:634} INFO - 24/12/08 21:40:20 INFO DAGScheduler: Submitting ResultStage 1 (ShuffledRDD[3] at reduceByKey at WordCountJob.java:34), which has no missing parents
[2024-12-08T21:40:21.001+0000] {spark_submit.py:634} INFO - 24/12/08 21:40:21 INFO MemoryStore: Block broadcast_1 stored as values in memory (estimated size 5.2 KiB, free 434.4 MiB)
[2024-12-08T21:40:21.037+0000] {spark_submit.py:634} INFO - 24/12/08 21:40:21 INFO MemoryStore: Block broadcast_1_piece0 stored as bytes in memory (estimated size 2.9 KiB, free 434.4 MiB)
[2024-12-08T21:40:21.039+0000] {spark_submit.py:634} INFO - 24/12/08 21:40:21 INFO BlockManagerInfo: Added broadcast_1_piece0 in memory on 2a892a3469ec:35853 (size: 2.9 KiB, free: 434.4 MiB)
[2024-12-08T21:40:21.043+0000] {spark_submit.py:634} INFO - 24/12/08 21:40:21 INFO SparkContext: Created broadcast 1 from broadcast at DAGScheduler.scala:1585
[2024-12-08T21:40:21.046+0000] {spark_submit.py:634} INFO - 24/12/08 21:40:21 INFO DAGScheduler: Submitting 1 missing tasks from ResultStage 1 (ShuffledRDD[3] at reduceByKey at WordCountJob.java:34) (first 15 tasks are for partitions Vector(0))
[2024-12-08T21:40:21.048+0000] {spark_submit.py:634} INFO - 24/12/08 21:40:21 INFO TaskSchedulerImpl: Adding task set 1.0 with 1 tasks resource profile 0
[2024-12-08T21:40:21.061+0000] {spark_submit.py:634} INFO - 24/12/08 21:40:21 INFO TaskSetManager: Starting task 0.0 in stage 1.0 (TID 1) (2a892a3469ec, executor driver, partition 0, NODE_LOCAL, 9002 bytes)
[2024-12-08T21:40:21.064+0000] {spark_submit.py:634} INFO - 24/12/08 21:40:21 INFO Executor: Running task 0.0 in stage 1.0 (TID 1)
[2024-12-08T21:40:21.151+0000] {spark_submit.py:634} INFO - 24/12/08 21:40:21 INFO ShuffleBlockFetcherIterator: Getting 1 (189.0 B) non-empty blocks including 1 (189.0 B) local and 0 (0.0 B) host-local and 0 (0.0 B) push-merged-local and 0 (0.0 B) remote blocks
[2024-12-08T21:40:21.153+0000] {spark_submit.py:634} INFO - 24/12/08 21:40:21 INFO ShuffleBlockFetcherIterator: Started 0 remote fetches in 19 ms
[2024-12-08T21:40:21.182+0000] {spark_submit.py:634} INFO - 24/12/08 21:40:21 INFO Executor: Finished task 0.0 in stage 1.0 (TID 1). 2001 bytes result sent to driver
[2024-12-08T21:40:21.198+0000] {spark_submit.py:634} INFO - 24/12/08 21:40:21 INFO TaskSetManager: Finished task 0.0 in stage 1.0 (TID 1) in 144 ms on 2a892a3469ec (executor driver) (1/1)
[2024-12-08T21:40:21.199+0000] {spark_submit.py:634} INFO - 24/12/08 21:40:21 INFO TaskSchedulerImpl: Removed TaskSet 1.0, whose tasks have all completed, from pool
[2024-12-08T21:40:21.207+0000] {spark_submit.py:634} INFO - 24/12/08 21:40:21 INFO DAGScheduler: ResultStage 1 (collect at WordCountJob.java:37) finished in 0.204 s
[2024-12-08T21:40:21.215+0000] {spark_submit.py:634} INFO - 24/12/08 21:40:21 INFO DAGScheduler: Job 0 is finished. Cancelling potential speculative or zombie tasks for this job
[2024-12-08T21:40:21.217+0000] {spark_submit.py:634} INFO - 24/12/08 21:40:21 INFO TaskSchedulerImpl: Killing all running tasks in stage 1: Stage finished
[2024-12-08T21:40:21.224+0000] {spark_submit.py:634} INFO - 24/12/08 21:40:21 INFO DAGScheduler: Job 0 finished: collect at WordCountJob.java:37, took 1.268304 s
[2024-12-08T21:40:21.225+0000] {spark_submit.py:634} INFO - spark: 1
[2024-12-08T21:40:21.225+0000] {spark_submit.py:634} INFO - docker: 1
[2024-12-08T21:40:21.225+0000] {spark_submit.py:634} INFO - Yusuf: 1
[2024-12-08T21:40:21.225+0000] {spark_submit.py:634} INFO - hello: 5
[2024-12-08T21:40:21.226+0000] {spark_submit.py:634} INFO - java: 1
[2024-12-08T21:40:21.226+0000] {spark_submit.py:634} INFO - world: 1
[2024-12-08T21:40:21.227+0000] {spark_submit.py:634} INFO - 24/12/08 21:40:21 INFO SparkContext: SparkContext is stopping with exitCode 0.
[2024-12-08T21:40:21.243+0000] {spark_submit.py:634} INFO - 24/12/08 21:40:21 INFO SparkUI: Stopped Spark web UI at http://2a892a3469ec:4040
[2024-12-08T21:40:21.271+0000] {spark_submit.py:634} INFO - 24/12/08 21:40:21 INFO MapOutputTrackerMasterEndpoint: MapOutputTrackerMasterEndpoint stopped!
[2024-12-08T21:40:21.367+0000] {spark_submit.py:634} INFO - 24/12/08 21:40:21 INFO MemoryStore: MemoryStore cleared
[2024-12-08T21:40:21.373+0000] {spark_submit.py:634} INFO - 24/12/08 21:40:21 INFO BlockManager: BlockManager stopped
[2024-12-08T21:40:21.446+0000] {spark_submit.py:634} INFO - 24/12/08 21:40:21 INFO BlockManagerMaster: BlockManagerMaster stopped
[2024-12-08T21:40:21.456+0000] {spark_submit.py:634} INFO - 24/12/08 21:40:21 INFO OutputCommitCoordinator$OutputCommitCoordinatorEndpoint: OutputCommitCoordinator stopped!
[2024-12-08T21:40:21.509+0000] {spark_submit.py:634} INFO - 24/12/08 21:40:21 INFO SparkContext: Successfully stopped SparkContext
[2024-12-08T21:40:21.531+0000] {spark_submit.py:634} INFO - 24/12/08 21:40:21 INFO ShutdownHookManager: Shutdown hook called
[2024-12-08T21:40:21.536+0000] {spark_submit.py:634} INFO - 24/12/08 21:40:21 INFO ShutdownHookManager: Deleting directory /tmp/spark-f7f19e56-8b96-4fa4-a838-8ce9e653b5e5
[2024-12-08T21:40:21.550+0000] {spark_submit.py:634} INFO - 24/12/08 21:40:21 INFO ShutdownHookManager: Deleting directory /tmp/spark-b03939ac-6660-4a95-a5de-0e6c757139ad
[2024-12-08T21:40:21.715+0000] {taskinstance.py:340} INFO - ::group::Post task execution logs
[2024-12-08T21:40:21.718+0000] {taskinstance.py:352} INFO - Marking task as SUCCESS. dag_id=sparking_flow, task_id=java_job, run_id=manual__2024-12-08T21:40:11.545590+00:00, execution_date=20241208T214011, start_date=20241208T214013, end_date=20241208T214021
[2024-12-08T21:40:21.792+0000] {local_task_job_runner.py:266} INFO - Task exited with return code 0
[2024-12-08T21:40:21.881+0000] {taskinstance.py:3895} INFO - 0 downstream tasks scheduled from follow-on schedule check
[2024-12-08T21:40:21.886+0000] {local_task_job_runner.py:245} INFO - ::endgroup::
