[2024-12-09T11:50:40.588+0000] {local_task_job_runner.py:123} INFO - ::group::Pre task execution logs
[2024-12-09T11:50:40.604+0000] {taskinstance.py:2613} INFO - Dependencies all met for dep_context=non-requeueable deps ti=<TaskInstance: sparking_flow.java_job manual__2024-12-09T11:50:39.236065+00:00 [queued]>
[2024-12-09T11:50:40.611+0000] {taskinstance.py:2613} INFO - Dependencies all met for dep_context=requeueable deps ti=<TaskInstance: sparking_flow.java_job manual__2024-12-09T11:50:39.236065+00:00 [queued]>
[2024-12-09T11:50:40.612+0000] {taskinstance.py:2866} INFO - Starting attempt 1 of 1
[2024-12-09T11:50:40.624+0000] {taskinstance.py:2889} INFO - Executing <Task(SparkSubmitOperator): java_job> on 2024-12-09 11:50:39.236065+00:00
[2024-12-09T11:50:40.630+0000] {logging_mixin.py:190} WARNING - /home/***/.local/lib/python3.12/site-packages/***/task/task_runner/standard_task_runner.py:70 DeprecationWarning: This process (pid=186) is multi-threaded, use of fork() may lead to deadlocks in the child.
[2024-12-09T11:50:40.630+0000] {standard_task_runner.py:104} INFO - Running: ['***', 'tasks', 'run', 'sparking_flow', 'java_job', 'manual__2024-12-09T11:50:39.236065+00:00', '--job-id', '371', '--raw', '--subdir', 'DAGS_FOLDER/spark_***.py', '--cfg-path', '/tmp/tmp5kwcf7ux']
[2024-12-09T11:50:40.632+0000] {standard_task_runner.py:72} INFO - Started process 189 to run task
[2024-12-09T11:50:40.632+0000] {standard_task_runner.py:105} INFO - Job 371: Subtask java_job
[2024-12-09T11:50:40.679+0000] {task_command.py:467} INFO - Running <TaskInstance: sparking_flow.java_job manual__2024-12-09T11:50:39.236065+00:00 [running]> on host 2a892a3469ec
[2024-12-09T11:50:40.753+0000] {taskinstance.py:3132} INFO - Exporting env vars: AIRFLOW_CTX_DAG_OWNER='Yusuf Ganiyu' AIRFLOW_CTX_DAG_ID='sparking_flow' AIRFLOW_CTX_TASK_ID='java_job' AIRFLOW_CTX_EXECUTION_DATE='2024-12-09T11:50:39.236065+00:00' AIRFLOW_CTX_TRY_NUMBER='1' AIRFLOW_CTX_DAG_RUN_ID='manual__2024-12-09T11:50:39.236065+00:00'
[2024-12-09T11:50:40.754+0000] {taskinstance.py:731} INFO - ::endgroup::
[2024-12-09T11:50:40.775+0000] {base.py:84} INFO - Retrieving connection 'spark-conn'
[2024-12-09T11:50:40.776+0000] {spark_submit.py:473} INFO - Spark-Submit cmd: spark-submit --master spark://sparkingflow-spark-master-1:7077 --name arrow-spark --class com.airscholar.spark.WordCountJob --deploy-mode client jobs/java/spark-job/target/spark-job-1.0-SNAPSHOT.jar
[2024-12-09T11:50:43.722+0000] {spark_submit.py:634} INFO - 24/12/09 11:50:43 INFO SparkContext: Running Spark version 3.5.3
[2024-12-09T11:50:43.724+0000] {spark_submit.py:634} INFO - 24/12/09 11:50:43 INFO SparkContext: OS info Linux, 6.10.14-linuxkit, aarch64
[2024-12-09T11:50:43.728+0000] {spark_submit.py:634} INFO - 24/12/09 11:50:43 INFO SparkContext: Java version 17.0.13
[2024-12-09T11:50:43.819+0000] {spark_submit.py:634} INFO - 24/12/09 11:50:43 WARN NativeCodeLoader: Unable to load native-hadoop library for your platform... using builtin-java classes where applicable
[2024-12-09T11:50:43.952+0000] {spark_submit.py:634} INFO - 24/12/09 11:50:43 INFO ResourceUtils: ==============================================================
[2024-12-09T11:50:43.953+0000] {spark_submit.py:634} INFO - 24/12/09 11:50:43 INFO ResourceUtils: No custom resources configured for spark.driver.
[2024-12-09T11:50:43.954+0000] {spark_submit.py:634} INFO - 24/12/09 11:50:43 INFO ResourceUtils: ==============================================================
[2024-12-09T11:50:43.955+0000] {spark_submit.py:634} INFO - 24/12/09 11:50:43 INFO SparkContext: Submitted application: Word Count Job
[2024-12-09T11:50:43.988+0000] {spark_submit.py:634} INFO - 24/12/09 11:50:43 INFO ResourceProfile: Default ResourceProfile created, executor resources: Map(cores -> name: cores, amount: 1, script: , vendor: , memory -> name: memory, amount: 1024, script: , vendor: , offHeap -> name: offHeap, amount: 0, script: , vendor: ), task resources: Map(cpus -> name: cpus, amount: 1.0)
[2024-12-09T11:50:43.999+0000] {spark_submit.py:634} INFO - 24/12/09 11:50:43 INFO ResourceProfile: Limiting resource is cpu
[2024-12-09T11:50:44.000+0000] {spark_submit.py:634} INFO - 24/12/09 11:50:43 INFO ResourceProfileManager: Added ResourceProfile id: 0
[2024-12-09T11:50:44.066+0000] {spark_submit.py:634} INFO - 24/12/09 11:50:44 INFO SecurityManager: Changing view acls to: ***
[2024-12-09T11:50:44.067+0000] {spark_submit.py:634} INFO - 24/12/09 11:50:44 INFO SecurityManager: Changing modify acls to: ***
[2024-12-09T11:50:44.067+0000] {spark_submit.py:634} INFO - 24/12/09 11:50:44 INFO SecurityManager: Changing view acls groups to:
[2024-12-09T11:50:44.068+0000] {spark_submit.py:634} INFO - 24/12/09 11:50:44 INFO SecurityManager: Changing modify acls groups to:
[2024-12-09T11:50:44.068+0000] {spark_submit.py:634} INFO - 24/12/09 11:50:44 INFO SecurityManager: SecurityManager: authentication disabled; ui acls disabled; users with view permissions: ***; groups with view permissions: EMPTY; users with modify permissions: ***; groups with modify permissions: EMPTY
[2024-12-09T11:50:44.366+0000] {spark_submit.py:634} INFO - 24/12/09 11:50:44 INFO Utils: Successfully started service 'sparkDriver' on port 37085.
[2024-12-09T11:50:44.424+0000] {spark_submit.py:634} INFO - 24/12/09 11:50:44 INFO SparkEnv: Registering MapOutputTracker
[2024-12-09T11:50:44.467+0000] {spark_submit.py:634} INFO - 24/12/09 11:50:44 INFO SparkEnv: Registering BlockManagerMaster
[2024-12-09T11:50:44.493+0000] {spark_submit.py:634} INFO - 24/12/09 11:50:44 INFO BlockManagerMasterEndpoint: Using org.apache.spark.storage.DefaultTopologyMapper for getting topology information
[2024-12-09T11:50:44.494+0000] {spark_submit.py:634} INFO - 24/12/09 11:50:44 INFO BlockManagerMasterEndpoint: BlockManagerMasterEndpoint up
[2024-12-09T11:50:44.495+0000] {spark_submit.py:634} INFO - 24/12/09 11:50:44 INFO SparkEnv: Registering BlockManagerMasterHeartbeat
[2024-12-09T11:50:44.522+0000] {spark_submit.py:634} INFO - 24/12/09 11:50:44 INFO DiskBlockManager: Created local directory at /tmp/blockmgr-924bc7c2-b339-4871-b229-f2dff78ac4ff
[2024-12-09T11:50:44.545+0000] {spark_submit.py:634} INFO - 24/12/09 11:50:44 INFO MemoryStore: MemoryStore started with capacity 434.4 MiB
[2024-12-09T11:50:44.568+0000] {spark_submit.py:634} INFO - 24/12/09 11:50:44 INFO SparkEnv: Registering OutputCommitCoordinator
[2024-12-09T11:50:44.753+0000] {spark_submit.py:634} INFO - 24/12/09 11:50:44 INFO JettyUtils: Start Jetty 0.0.0.0:4040 for SparkUI
[2024-12-09T11:50:44.861+0000] {spark_submit.py:634} INFO - 24/12/09 11:50:44 INFO Utils: Successfully started service 'SparkUI' on port 4040.
[2024-12-09T11:50:44.916+0000] {spark_submit.py:634} INFO - 24/12/09 11:50:44 INFO SparkContext: Added JAR file:/opt/***/jobs/java/spark-job/target/spark-job-1.0-SNAPSHOT.jar at spark://2a892a3469ec:37085/jars/spark-job-1.0-SNAPSHOT.jar with timestamp 1733745043701
[2024-12-09T11:50:45.001+0000] {spark_submit.py:634} INFO - 24/12/09 11:50:45 INFO Executor: Starting executor ID driver on host 2a892a3469ec
[2024-12-09T11:50:45.002+0000] {spark_submit.py:634} INFO - 24/12/09 11:50:45 INFO Executor: OS info Linux, 6.10.14-linuxkit, aarch64
[2024-12-09T11:50:45.004+0000] {spark_submit.py:634} INFO - 24/12/09 11:50:45 INFO Executor: Java version 17.0.13
[2024-12-09T11:50:45.014+0000] {spark_submit.py:634} INFO - 24/12/09 11:50:45 INFO Executor: Starting executor with user classpath (userClassPathFirst = false): ''
[2024-12-09T11:50:45.015+0000] {spark_submit.py:634} INFO - 24/12/09 11:50:45 INFO Executor: Created or updated repl class loader org.apache.spark.util.MutableURLClassLoader@6fbb4061 for default.
[2024-12-09T11:50:45.042+0000] {spark_submit.py:634} INFO - 24/12/09 11:50:45 INFO Executor: Fetching spark://2a892a3469ec:37085/jars/spark-job-1.0-SNAPSHOT.jar with timestamp 1733745043701
[2024-12-09T11:50:45.136+0000] {spark_submit.py:634} INFO - 24/12/09 11:50:45 INFO TransportClientFactory: Successfully created connection to 2a892a3469ec/172.18.0.5:37085 after 47 ms (0 ms spent in bootstraps)
[2024-12-09T11:50:45.150+0000] {spark_submit.py:634} INFO - 24/12/09 11:50:45 INFO Utils: Fetching spark://2a892a3469ec:37085/jars/spark-job-1.0-SNAPSHOT.jar to /tmp/spark-3c26cd7c-f9e6-4321-9764-aa11bbdc2466/userFiles-1b293f93-378a-4887-88da-c1e2734b5e69/fetchFileTemp2771845299084982607.tmp
[2024-12-09T11:50:45.201+0000] {spark_submit.py:634} INFO - 24/12/09 11:50:45 INFO Executor: Adding file:/tmp/spark-3c26cd7c-f9e6-4321-9764-aa11bbdc2466/userFiles-1b293f93-378a-4887-88da-c1e2734b5e69/spark-job-1.0-SNAPSHOT.jar to class loader default
[2024-12-09T11:50:45.210+0000] {spark_submit.py:634} INFO - 24/12/09 11:50:45 INFO Utils: Successfully started service 'org.apache.spark.network.netty.NettyBlockTransferService' on port 42933.
[2024-12-09T11:50:45.210+0000] {spark_submit.py:634} INFO - 24/12/09 11:50:45 INFO NettyBlockTransferService: Server created on 2a892a3469ec:42933
[2024-12-09T11:50:45.212+0000] {spark_submit.py:634} INFO - 24/12/09 11:50:45 INFO BlockManager: Using org.apache.spark.storage.RandomBlockReplicationPolicy for block replication policy
[2024-12-09T11:50:45.219+0000] {spark_submit.py:634} INFO - 24/12/09 11:50:45 INFO BlockManagerMaster: Registering BlockManager BlockManagerId(driver, 2a892a3469ec, 42933, None)
[2024-12-09T11:50:45.223+0000] {spark_submit.py:634} INFO - 24/12/09 11:50:45 INFO BlockManagerMasterEndpoint: Registering block manager 2a892a3469ec:42933 with 434.4 MiB RAM, BlockManagerId(driver, 2a892a3469ec, 42933, None)
[2024-12-09T11:50:45.226+0000] {spark_submit.py:634} INFO - 24/12/09 11:50:45 INFO BlockManagerMaster: Registered BlockManager BlockManagerId(driver, 2a892a3469ec, 42933, None)
[2024-12-09T11:50:45.228+0000] {spark_submit.py:634} INFO - 24/12/09 11:50:45 INFO BlockManager: Initialized BlockManager: BlockManagerId(driver, 2a892a3469ec, 42933, None)
[2024-12-09T11:50:46.652+0000] {spark_submit.py:634} INFO - 24/12/09 11:50:46 INFO SparkContext: Starting job: collect at WordCountJob.java:37
[2024-12-09T11:50:46.732+0000] {spark_submit.py:634} INFO - 24/12/09 11:50:46 INFO DAGScheduler: Registering RDD 2 (mapToPair at WordCountJob.java:33) as input to shuffle 0
[2024-12-09T11:50:46.772+0000] {spark_submit.py:634} INFO - 24/12/09 11:50:46 INFO DAGScheduler: Got job 0 (collect at WordCountJob.java:37) with 1 output partitions
[2024-12-09T11:50:46.773+0000] {spark_submit.py:634} INFO - 24/12/09 11:50:46 INFO DAGScheduler: Final stage: ResultStage 1 (collect at WordCountJob.java:37)
[2024-12-09T11:50:46.775+0000] {spark_submit.py:634} INFO - 24/12/09 11:50:46 INFO DAGScheduler: Parents of final stage: List(ShuffleMapStage 0)
[2024-12-09T11:50:46.783+0000] {spark_submit.py:634} INFO - 24/12/09 11:50:46 INFO DAGScheduler: Missing parents: List(ShuffleMapStage 0)
[2024-12-09T11:50:46.790+0000] {spark_submit.py:634} INFO - 24/12/09 11:50:46 INFO DAGScheduler: Submitting ShuffleMapStage 0 (MapPartitionsRDD[2] at mapToPair at WordCountJob.java:33), which has no missing parents
[2024-12-09T11:50:47.101+0000] {spark_submit.py:634} INFO - 24/12/09 11:50:47 INFO MemoryStore: Block broadcast_0 stored as values in memory (estimated size 6.4 KiB, free 434.4 MiB)
[2024-12-09T11:50:47.196+0000] {spark_submit.py:634} INFO - 24/12/09 11:50:47 INFO MemoryStore: Block broadcast_0_piece0 stored as bytes in memory (estimated size 3.4 KiB, free 434.4 MiB)
[2024-12-09T11:50:47.209+0000] {spark_submit.py:634} INFO - 24/12/09 11:50:47 INFO BlockManagerInfo: Added broadcast_0_piece0 in memory on 2a892a3469ec:42933 (size: 3.4 KiB, free: 434.4 MiB)
[2024-12-09T11:50:47.218+0000] {spark_submit.py:634} INFO - 24/12/09 11:50:47 INFO SparkContext: Created broadcast 0 from broadcast at DAGScheduler.scala:1585
[2024-12-09T11:50:47.271+0000] {spark_submit.py:634} INFO - 24/12/09 11:50:47 INFO DAGScheduler: Submitting 1 missing tasks from ShuffleMapStage 0 (MapPartitionsRDD[2] at mapToPair at WordCountJob.java:33) (first 15 tasks are for partitions Vector(0))
[2024-12-09T11:50:47.275+0000] {spark_submit.py:634} INFO - 24/12/09 11:50:47 INFO TaskSchedulerImpl: Adding task set 0.0 with 1 tasks resource profile 0
[2024-12-09T11:50:47.466+0000] {spark_submit.py:634} INFO - 24/12/09 11:50:47 INFO TaskSetManager: Starting task 0.0 in stage 0.0 (TID 0) (2a892a3469ec, executor driver, partition 0, PROCESS_LOCAL, 9249 bytes)
[2024-12-09T11:50:47.493+0000] {spark_submit.py:634} INFO - 24/12/09 11:50:47 INFO Executor: Running task 0.0 in stage 0.0 (TID 0)
[2024-12-09T11:50:47.831+0000] {spark_submit.py:634} INFO - 24/12/09 11:50:47 INFO Executor: Finished task 0.0 in stage 0.0 (TID 0). 1216 bytes result sent to driver
[2024-12-09T11:50:47.865+0000] {spark_submit.py:634} INFO - 24/12/09 11:50:47 INFO TaskSetManager: Finished task 0.0 in stage 0.0 (TID 0) in 470 ms on 2a892a3469ec (executor driver) (1/1)
[2024-12-09T11:50:47.873+0000] {spark_submit.py:634} INFO - 24/12/09 11:50:47 INFO TaskSchedulerImpl: Removed TaskSet 0.0, whose tasks have all completed, from pool
[2024-12-09T11:50:47.888+0000] {spark_submit.py:634} INFO - 24/12/09 11:50:47 INFO DAGScheduler: ShuffleMapStage 0 (mapToPair at WordCountJob.java:33) finished in 1.038 s
[2024-12-09T11:50:47.889+0000] {spark_submit.py:634} INFO - 24/12/09 11:50:47 INFO DAGScheduler: looking for newly runnable stages
[2024-12-09T11:50:47.890+0000] {spark_submit.py:634} INFO - 24/12/09 11:50:47 INFO DAGScheduler: running: Set()
[2024-12-09T11:50:47.891+0000] {spark_submit.py:634} INFO - 24/12/09 11:50:47 INFO DAGScheduler: waiting: Set(ResultStage 1)
[2024-12-09T11:50:47.892+0000] {spark_submit.py:634} INFO - 24/12/09 11:50:47 INFO DAGScheduler: failed: Set()
[2024-12-09T11:50:47.901+0000] {spark_submit.py:634} INFO - 24/12/09 11:50:47 INFO DAGScheduler: Submitting ResultStage 1 (ShuffledRDD[3] at reduceByKey at WordCountJob.java:34), which has no missing parents
[2024-12-09T11:50:47.918+0000] {spark_submit.py:634} INFO - 24/12/09 11:50:47 INFO MemoryStore: Block broadcast_1 stored as values in memory (estimated size 5.2 KiB, free 434.4 MiB)
[2024-12-09T11:50:47.947+0000] {spark_submit.py:634} INFO - 24/12/09 11:50:47 INFO MemoryStore: Block broadcast_1_piece0 stored as bytes in memory (estimated size 2.9 KiB, free 434.4 MiB)
[2024-12-09T11:50:47.955+0000] {spark_submit.py:634} INFO - 24/12/09 11:50:47 INFO BlockManagerInfo: Added broadcast_1_piece0 in memory on 2a892a3469ec:42933 (size: 2.9 KiB, free: 434.4 MiB)
[2024-12-09T11:50:47.957+0000] {spark_submit.py:634} INFO - 24/12/09 11:50:47 INFO SparkContext: Created broadcast 1 from broadcast at DAGScheduler.scala:1585
[2024-12-09T11:50:47.961+0000] {spark_submit.py:634} INFO - 24/12/09 11:50:47 INFO DAGScheduler: Submitting 1 missing tasks from ResultStage 1 (ShuffledRDD[3] at reduceByKey at WordCountJob.java:34) (first 15 tasks are for partitions Vector(0))
[2024-12-09T11:50:47.964+0000] {spark_submit.py:634} INFO - 24/12/09 11:50:47 INFO TaskSchedulerImpl: Adding task set 1.0 with 1 tasks resource profile 0
[2024-12-09T11:50:47.976+0000] {spark_submit.py:634} INFO - 24/12/09 11:50:47 INFO TaskSetManager: Starting task 0.0 in stage 1.0 (TID 1) (2a892a3469ec, executor driver, partition 0, NODE_LOCAL, 9002 bytes)
[2024-12-09T11:50:47.977+0000] {spark_submit.py:634} INFO - 24/12/09 11:50:47 INFO Executor: Running task 0.0 in stage 1.0 (TID 1)
[2024-12-09T11:50:48.061+0000] {spark_submit.py:634} INFO - 24/12/09 11:50:48 INFO ShuffleBlockFetcherIterator: Getting 1 (189.0 B) non-empty blocks including 1 (189.0 B) local and 0 (0.0 B) host-local and 0 (0.0 B) push-merged-local and 0 (0.0 B) remote blocks
[2024-12-09T11:50:48.062+0000] {spark_submit.py:634} INFO - 24/12/09 11:50:48 INFO ShuffleBlockFetcherIterator: Started 0 remote fetches in 19 ms
[2024-12-09T11:50:48.101+0000] {spark_submit.py:634} INFO - 24/12/09 11:50:48 INFO Executor: Finished task 0.0 in stage 1.0 (TID 1). 1958 bytes result sent to driver
[2024-12-09T11:50:48.107+0000] {spark_submit.py:634} INFO - 24/12/09 11:50:48 INFO TaskSetManager: Finished task 0.0 in stage 1.0 (TID 1) in 138 ms on 2a892a3469ec (executor driver) (1/1)
[2024-12-09T11:50:48.108+0000] {spark_submit.py:634} INFO - 24/12/09 11:50:48 INFO TaskSchedulerImpl: Removed TaskSet 1.0, whose tasks have all completed, from pool
[2024-12-09T11:50:48.109+0000] {spark_submit.py:634} INFO - 24/12/09 11:50:48 INFO DAGScheduler: ResultStage 1 (collect at WordCountJob.java:37) finished in 0.195 s
[2024-12-09T11:50:48.115+0000] {spark_submit.py:634} INFO - 24/12/09 11:50:48 INFO DAGScheduler: Job 0 is finished. Cancelling potential speculative or zombie tasks for this job
[2024-12-09T11:50:48.116+0000] {spark_submit.py:634} INFO - 24/12/09 11:50:48 INFO TaskSchedulerImpl: Killing all running tasks in stage 1: Stage finished
[2024-12-09T11:50:48.120+0000] {spark_submit.py:634} INFO - 24/12/09 11:50:48 INFO DAGScheduler: Job 0 finished: collect at WordCountJob.java:37, took 1.469203 s
[2024-12-09T11:50:48.122+0000] {spark_submit.py:634} INFO - spark: 1
[2024-12-09T11:50:48.122+0000] {spark_submit.py:634} INFO - docker: 1
[2024-12-09T11:50:48.123+0000] {spark_submit.py:634} INFO - Yusuf: 1
[2024-12-09T11:50:48.124+0000] {spark_submit.py:634} INFO - hello: 5
[2024-12-09T11:50:48.124+0000] {spark_submit.py:634} INFO - java: 1
[2024-12-09T11:50:48.125+0000] {spark_submit.py:634} INFO - world: 1
[2024-12-09T11:50:48.125+0000] {spark_submit.py:634} INFO - 24/12/09 11:50:48 INFO SparkContext: SparkContext is stopping with exitCode 0.
[2024-12-09T11:50:48.147+0000] {spark_submit.py:634} INFO - 24/12/09 11:50:48 INFO SparkUI: Stopped Spark web UI at http://2a892a3469ec:4040
[2024-12-09T11:50:48.169+0000] {spark_submit.py:634} INFO - 24/12/09 11:50:48 INFO MapOutputTrackerMasterEndpoint: MapOutputTrackerMasterEndpoint stopped!
[2024-12-09T11:50:48.197+0000] {spark_submit.py:634} INFO - 24/12/09 11:50:48 INFO MemoryStore: MemoryStore cleared
[2024-12-09T11:50:48.203+0000] {spark_submit.py:634} INFO - 24/12/09 11:50:48 INFO BlockManager: BlockManager stopped
[2024-12-09T11:50:48.211+0000] {spark_submit.py:634} INFO - 24/12/09 11:50:48 INFO BlockManagerMaster: BlockManagerMaster stopped
[2024-12-09T11:50:48.220+0000] {spark_submit.py:634} INFO - 24/12/09 11:50:48 INFO OutputCommitCoordinator$OutputCommitCoordinatorEndpoint: OutputCommitCoordinator stopped!
[2024-12-09T11:50:48.230+0000] {spark_submit.py:634} INFO - 24/12/09 11:50:48 INFO SparkContext: Successfully stopped SparkContext
[2024-12-09T11:50:48.234+0000] {spark_submit.py:634} INFO - 24/12/09 11:50:48 INFO ShutdownHookManager: Shutdown hook called
[2024-12-09T11:50:48.235+0000] {spark_submit.py:634} INFO - 24/12/09 11:50:48 INFO ShutdownHookManager: Deleting directory /tmp/spark-55dbf460-64c3-40be-876e-2e814d46bb2f
[2024-12-09T11:50:48.241+0000] {spark_submit.py:634} INFO - 24/12/09 11:50:48 INFO ShutdownHookManager: Deleting directory /tmp/spark-3c26cd7c-f9e6-4321-9764-aa11bbdc2466
[2024-12-09T11:50:48.361+0000] {taskinstance.py:340} INFO - ::group::Post task execution logs
[2024-12-09T11:50:48.364+0000] {taskinstance.py:352} INFO - Marking task as SUCCESS. dag_id=sparking_flow, task_id=java_job, run_id=manual__2024-12-09T11:50:39.236065+00:00, execution_date=20241209T115039, start_date=20241209T115040, end_date=20241209T115048
[2024-12-09T11:50:48.444+0000] {local_task_job_runner.py:266} INFO - Task exited with return code 0
[2024-12-09T11:50:48.516+0000] {taskinstance.py:3895} INFO - 0 downstream tasks scheduled from follow-on schedule check
[2024-12-09T11:50:48.523+0000] {local_task_job_runner.py:245} INFO - ::endgroup::
