[2024-12-04T16:27:26.054+0000] {local_task_job_runner.py:123} INFO - ::group::Pre task execution logs
[2024-12-04T16:27:26.074+0000] {taskinstance.py:2613} INFO - Dependencies all met for dep_context=non-requeueable deps ti=<TaskInstance: sparking_flow.java_job manual__2024-12-04T16:27:24.282172+00:00 [queued]>
[2024-12-04T16:27:26.082+0000] {taskinstance.py:2613} INFO - Dependencies all met for dep_context=requeueable deps ti=<TaskInstance: sparking_flow.java_job manual__2024-12-04T16:27:24.282172+00:00 [queued]>
[2024-12-04T16:27:26.086+0000] {taskinstance.py:2866} INFO - Starting attempt 1 of 1
[2024-12-04T16:27:26.099+0000] {taskinstance.py:2889} INFO - Executing <Task(SparkSubmitOperator): java_job> on 2024-12-04 16:27:24.282172+00:00
[2024-12-04T16:27:26.108+0000] {logging_mixin.py:190} WARNING - /home/***/.local/lib/python3.12/site-packages/***/task/task_runner/standard_task_runner.py:70 DeprecationWarning: This process (pid=192) is multi-threaded, use of fork() may lead to deadlocks in the child.
[2024-12-04T16:27:26.115+0000] {standard_task_runner.py:72} INFO - Started process 194 to run task
[2024-12-04T16:27:26.113+0000] {standard_task_runner.py:104} INFO - Running: ['***', 'tasks', 'run', 'sparking_flow', 'java_job', 'manual__2024-12-04T16:27:24.282172+00:00', '--job-id', '86', '--raw', '--subdir', 'DAGS_FOLDER/spark_***.py', '--cfg-path', '/tmp/tmpfu_fdkv6']
[2024-12-04T16:27:26.116+0000] {standard_task_runner.py:105} INFO - Job 86: Subtask java_job
[2024-12-04T16:27:26.174+0000] {task_command.py:467} INFO - Running <TaskInstance: sparking_flow.java_job manual__2024-12-04T16:27:24.282172+00:00 [running]> on host 2a892a3469ec
[2024-12-04T16:27:26.250+0000] {taskinstance.py:3132} INFO - Exporting env vars: AIRFLOW_CTX_DAG_OWNER='Yusuf Ganiyu' AIRFLOW_CTX_DAG_ID='sparking_flow' AIRFLOW_CTX_TASK_ID='java_job' AIRFLOW_CTX_EXECUTION_DATE='2024-12-04T16:27:24.282172+00:00' AIRFLOW_CTX_TRY_NUMBER='1' AIRFLOW_CTX_DAG_RUN_ID='manual__2024-12-04T16:27:24.282172+00:00'
[2024-12-04T16:27:26.251+0000] {taskinstance.py:731} INFO - ::endgroup::
[2024-12-04T16:27:26.271+0000] {base.py:84} INFO - Retrieving connection 'spark-conn'
[2024-12-04T16:27:26.272+0000] {spark_submit.py:473} INFO - Spark-Submit cmd: spark-submit --master spark://sparkingflow-spark-master-1:7077 --name arrow-spark --class com.airscholar.spark.WordCountJob --deploy-mode client jobs/java/spark-job/target/spark-job-1.0-SNAPSHOT.jar
[2024-12-04T16:27:28.788+0000] {spark_submit.py:634} INFO - 24/12/04 16:27:28 INFO SparkContext: Running Spark version 3.5.3
[2024-12-04T16:27:28.792+0000] {spark_submit.py:634} INFO - 24/12/04 16:27:28 INFO SparkContext: OS info Linux, 6.10.14-linuxkit, aarch64
[2024-12-04T16:27:28.793+0000] {spark_submit.py:634} INFO - 24/12/04 16:27:28 INFO SparkContext: Java version 17.0.13
[2024-12-04T16:27:28.885+0000] {spark_submit.py:634} INFO - 24/12/04 16:27:28 WARN NativeCodeLoader: Unable to load native-hadoop library for your platform... using builtin-java classes where applicable
[2024-12-04T16:27:28.991+0000] {spark_submit.py:634} INFO - 24/12/04 16:27:28 INFO ResourceUtils: ==============================================================
[2024-12-04T16:27:28.992+0000] {spark_submit.py:634} INFO - 24/12/04 16:27:28 INFO ResourceUtils: No custom resources configured for spark.driver.
[2024-12-04T16:27:28.993+0000] {spark_submit.py:634} INFO - 24/12/04 16:27:28 INFO ResourceUtils: ==============================================================
[2024-12-04T16:27:28.994+0000] {spark_submit.py:634} INFO - 24/12/04 16:27:28 INFO SparkContext: Submitted application: Word Count Job
[2024-12-04T16:27:29.017+0000] {spark_submit.py:634} INFO - 24/12/04 16:27:29 INFO ResourceProfile: Default ResourceProfile created, executor resources: Map(cores -> name: cores, amount: 1, script: , vendor: , memory -> name: memory, amount: 1024, script: , vendor: , offHeap -> name: offHeap, amount: 0, script: , vendor: ), task resources: Map(cpus -> name: cpus, amount: 1.0)
[2024-12-04T16:27:29.034+0000] {spark_submit.py:634} INFO - 24/12/04 16:27:29 INFO ResourceProfile: Limiting resource is cpu
[2024-12-04T16:27:29.040+0000] {spark_submit.py:634} INFO - 24/12/04 16:27:29 INFO ResourceProfileManager: Added ResourceProfile id: 0
[2024-12-04T16:27:29.095+0000] {spark_submit.py:634} INFO - 24/12/04 16:27:29 INFO SecurityManager: Changing view acls to: ***
[2024-12-04T16:27:29.096+0000] {spark_submit.py:634} INFO - 24/12/04 16:27:29 INFO SecurityManager: Changing modify acls to: ***
[2024-12-04T16:27:29.096+0000] {spark_submit.py:634} INFO - 24/12/04 16:27:29 INFO SecurityManager: Changing view acls groups to:
[2024-12-04T16:27:29.097+0000] {spark_submit.py:634} INFO - 24/12/04 16:27:29 INFO SecurityManager: Changing modify acls groups to:
[2024-12-04T16:27:29.097+0000] {spark_submit.py:634} INFO - 24/12/04 16:27:29 INFO SecurityManager: SecurityManager: authentication disabled; ui acls disabled; users with view permissions: ***; groups with view permissions: EMPTY; users with modify permissions: ***; groups with modify permissions: EMPTY
[2024-12-04T16:27:29.349+0000] {spark_submit.py:634} INFO - 24/12/04 16:27:29 INFO Utils: Successfully started service 'sparkDriver' on port 39323.
[2024-12-04T16:27:29.385+0000] {spark_submit.py:634} INFO - 24/12/04 16:27:29 INFO SparkEnv: Registering MapOutputTracker
[2024-12-04T16:27:29.427+0000] {spark_submit.py:634} INFO - 24/12/04 16:27:29 INFO SparkEnv: Registering BlockManagerMaster
[2024-12-04T16:27:29.448+0000] {spark_submit.py:634} INFO - 24/12/04 16:27:29 INFO BlockManagerMasterEndpoint: Using org.apache.spark.storage.DefaultTopologyMapper for getting topology information
[2024-12-04T16:27:29.449+0000] {spark_submit.py:634} INFO - 24/12/04 16:27:29 INFO BlockManagerMasterEndpoint: BlockManagerMasterEndpoint up
[2024-12-04T16:27:29.452+0000] {spark_submit.py:634} INFO - 24/12/04 16:27:29 INFO SparkEnv: Registering BlockManagerMasterHeartbeat
[2024-12-04T16:27:29.477+0000] {spark_submit.py:634} INFO - 24/12/04 16:27:29 INFO DiskBlockManager: Created local directory at /tmp/blockmgr-07ba6e21-2c9f-4aa2-92d1-aecdcaf99586
[2024-12-04T16:27:29.495+0000] {spark_submit.py:634} INFO - 24/12/04 16:27:29 INFO MemoryStore: MemoryStore started with capacity 434.4 MiB
[2024-12-04T16:27:29.520+0000] {spark_submit.py:634} INFO - 24/12/04 16:27:29 INFO SparkEnv: Registering OutputCommitCoordinator
[2024-12-04T16:27:29.653+0000] {spark_submit.py:634} INFO - 24/12/04 16:27:29 INFO JettyUtils: Start Jetty 0.0.0.0:4040 for SparkUI
[2024-12-04T16:27:29.776+0000] {spark_submit.py:634} INFO - 24/12/04 16:27:29 INFO Utils: Successfully started service 'SparkUI' on port 4040.
[2024-12-04T16:27:29.836+0000] {spark_submit.py:634} INFO - 24/12/04 16:27:29 INFO SparkContext: Added JAR file:/opt/***/jobs/java/spark-job/target/spark-job-1.0-SNAPSHOT.jar at spark://2a892a3469ec:39323/jars/spark-job-1.0-SNAPSHOT.jar with timestamp 1733329648770
[2024-12-04T16:27:29.908+0000] {spark_submit.py:634} INFO - 24/12/04 16:27:29 INFO Executor: Starting executor ID driver on host 2a892a3469ec
[2024-12-04T16:27:29.909+0000] {spark_submit.py:634} INFO - 24/12/04 16:27:29 INFO Executor: OS info Linux, 6.10.14-linuxkit, aarch64
[2024-12-04T16:27:29.910+0000] {spark_submit.py:634} INFO - 24/12/04 16:27:29 INFO Executor: Java version 17.0.13
[2024-12-04T16:27:29.919+0000] {spark_submit.py:634} INFO - 24/12/04 16:27:29 INFO Executor: Starting executor with user classpath (userClassPathFirst = false): ''
[2024-12-04T16:27:29.920+0000] {spark_submit.py:634} INFO - 24/12/04 16:27:29 INFO Executor: Created or updated repl class loader org.apache.spark.util.MutableURLClassLoader@4a8e6e89 for default.
[2024-12-04T16:27:29.956+0000] {spark_submit.py:634} INFO - 24/12/04 16:27:29 INFO Executor: Fetching spark://2a892a3469ec:39323/jars/spark-job-1.0-SNAPSHOT.jar with timestamp 1733329648770
[2024-12-04T16:27:30.019+0000] {spark_submit.py:634} INFO - 24/12/04 16:27:30 INFO TransportClientFactory: Successfully created connection to 2a892a3469ec/172.18.0.4:39323 after 34 ms (0 ms spent in bootstraps)
[2024-12-04T16:27:30.027+0000] {spark_submit.py:634} INFO - 24/12/04 16:27:30 INFO Utils: Fetching spark://2a892a3469ec:39323/jars/spark-job-1.0-SNAPSHOT.jar to /tmp/spark-fb896bc1-811f-4b35-a07b-1cbbc97b4b03/userFiles-136fab3a-9eb7-4db6-99f4-b6c0bc8a8d6c/fetchFileTemp4112677807333690130.tmp
[2024-12-04T16:27:30.089+0000] {spark_submit.py:634} INFO - 24/12/04 16:27:30 INFO Executor: Adding file:/tmp/spark-fb896bc1-811f-4b35-a07b-1cbbc97b4b03/userFiles-136fab3a-9eb7-4db6-99f4-b6c0bc8a8d6c/spark-job-1.0-SNAPSHOT.jar to class loader default
[2024-12-04T16:27:30.106+0000] {spark_submit.py:634} INFO - 24/12/04 16:27:30 INFO Utils: Successfully started service 'org.apache.spark.network.netty.NettyBlockTransferService' on port 43211.
[2024-12-04T16:27:30.109+0000] {spark_submit.py:634} INFO - 24/12/04 16:27:30 INFO NettyBlockTransferService: Server created on 2a892a3469ec:43211
[2024-12-04T16:27:30.110+0000] {spark_submit.py:634} INFO - 24/12/04 16:27:30 INFO BlockManager: Using org.apache.spark.storage.RandomBlockReplicationPolicy for block replication policy
[2024-12-04T16:27:30.125+0000] {spark_submit.py:634} INFO - 24/12/04 16:27:30 INFO BlockManagerMaster: Registering BlockManager BlockManagerId(driver, 2a892a3469ec, 43211, None)
[2024-12-04T16:27:30.127+0000] {spark_submit.py:634} INFO - 24/12/04 16:27:30 INFO BlockManagerMasterEndpoint: Registering block manager 2a892a3469ec:43211 with 434.4 MiB RAM, BlockManagerId(driver, 2a892a3469ec, 43211, None)
[2024-12-04T16:27:30.128+0000] {spark_submit.py:634} INFO - 24/12/04 16:27:30 INFO BlockManagerMaster: Registered BlockManager BlockManagerId(driver, 2a892a3469ec, 43211, None)
[2024-12-04T16:27:30.128+0000] {spark_submit.py:634} INFO - 24/12/04 16:27:30 INFO BlockManager: Initialized BlockManager: BlockManagerId(driver, 2a892a3469ec, 43211, None)
[2024-12-04T16:27:31.915+0000] {spark_submit.py:634} INFO - 24/12/04 16:27:31 INFO SparkContext: Starting job: collect at WordCountJob.java:37
[2024-12-04T16:27:31.988+0000] {spark_submit.py:634} INFO - 24/12/04 16:27:31 INFO DAGScheduler: Registering RDD 2 (mapToPair at WordCountJob.java:33) as input to shuffle 0
[2024-12-04T16:27:31.998+0000] {spark_submit.py:634} INFO - 24/12/04 16:27:31 INFO DAGScheduler: Got job 0 (collect at WordCountJob.java:37) with 1 output partitions
[2024-12-04T16:27:32.001+0000] {spark_submit.py:634} INFO - 24/12/04 16:27:31 INFO DAGScheduler: Final stage: ResultStage 1 (collect at WordCountJob.java:37)
[2024-12-04T16:27:32.002+0000] {spark_submit.py:634} INFO - 24/12/04 16:27:32 INFO DAGScheduler: Parents of final stage: List(ShuffleMapStage 0)
[2024-12-04T16:27:32.005+0000] {spark_submit.py:634} INFO - 24/12/04 16:27:32 INFO DAGScheduler: Missing parents: List(ShuffleMapStage 0)
[2024-12-04T16:27:32.020+0000] {spark_submit.py:634} INFO - 24/12/04 16:27:32 INFO DAGScheduler: Submitting ShuffleMapStage 0 (MapPartitionsRDD[2] at mapToPair at WordCountJob.java:33), which has no missing parents
[2024-12-04T16:27:32.256+0000] {spark_submit.py:634} INFO - 24/12/04 16:27:32 INFO MemoryStore: Block broadcast_0 stored as values in memory (estimated size 6.4 KiB, free 434.4 MiB)
[2024-12-04T16:27:32.321+0000] {spark_submit.py:634} INFO - 24/12/04 16:27:32 INFO MemoryStore: Block broadcast_0_piece0 stored as bytes in memory (estimated size 3.4 KiB, free 434.4 MiB)
[2024-12-04T16:27:32.323+0000] {spark_submit.py:634} INFO - 24/12/04 16:27:32 INFO BlockManagerInfo: Added broadcast_0_piece0 in memory on 2a892a3469ec:43211 (size: 3.4 KiB, free: 434.4 MiB)
[2024-12-04T16:27:32.329+0000] {spark_submit.py:634} INFO - 24/12/04 16:27:32 INFO SparkContext: Created broadcast 0 from broadcast at DAGScheduler.scala:1585
[2024-12-04T16:27:32.368+0000] {spark_submit.py:634} INFO - 24/12/04 16:27:32 INFO DAGScheduler: Submitting 1 missing tasks from ShuffleMapStage 0 (MapPartitionsRDD[2] at mapToPair at WordCountJob.java:33) (first 15 tasks are for partitions Vector(0))
[2024-12-04T16:27:32.372+0000] {spark_submit.py:634} INFO - 24/12/04 16:27:32 INFO TaskSchedulerImpl: Adding task set 0.0 with 1 tasks resource profile 0
[2024-12-04T16:27:32.505+0000] {spark_submit.py:634} INFO - 24/12/04 16:27:32 INFO TaskSetManager: Starting task 0.0 in stage 0.0 (TID 0) (2a892a3469ec, executor driver, partition 0, PROCESS_LOCAL, 9249 bytes)
[2024-12-04T16:27:32.542+0000] {spark_submit.py:634} INFO - 24/12/04 16:27:32 INFO Executor: Running task 0.0 in stage 0.0 (TID 0)
[2024-12-04T16:27:32.896+0000] {spark_submit.py:634} INFO - 24/12/04 16:27:32 INFO Executor: Finished task 0.0 in stage 0.0 (TID 0). 1216 bytes result sent to driver
[2024-12-04T16:27:32.921+0000] {spark_submit.py:634} INFO - 24/12/04 16:27:32 INFO TaskSetManager: Finished task 0.0 in stage 0.0 (TID 0) in 459 ms on 2a892a3469ec (executor driver) (1/1)
[2024-12-04T16:27:32.925+0000] {spark_submit.py:634} INFO - 24/12/04 16:27:32 INFO TaskSchedulerImpl: Removed TaskSet 0.0, whose tasks have all completed, from pool
[2024-12-04T16:27:32.939+0000] {spark_submit.py:634} INFO - 24/12/04 16:27:32 INFO DAGScheduler: ShuffleMapStage 0 (mapToPair at WordCountJob.java:33) finished in 0.861 s
[2024-12-04T16:27:32.940+0000] {spark_submit.py:634} INFO - 24/12/04 16:27:32 INFO DAGScheduler: looking for newly runnable stages
[2024-12-04T16:27:32.940+0000] {spark_submit.py:634} INFO - 24/12/04 16:27:32 INFO DAGScheduler: running: Set()
[2024-12-04T16:27:32.942+0000] {spark_submit.py:634} INFO - 24/12/04 16:27:32 INFO DAGScheduler: waiting: Set(ResultStage 1)
[2024-12-04T16:27:32.943+0000] {spark_submit.py:634} INFO - 24/12/04 16:27:32 INFO DAGScheduler: failed: Set()
[2024-12-04T16:27:32.954+0000] {spark_submit.py:634} INFO - 24/12/04 16:27:32 INFO DAGScheduler: Submitting ResultStage 1 (ShuffledRDD[3] at reduceByKey at WordCountJob.java:34), which has no missing parents
[2024-12-04T16:27:32.979+0000] {spark_submit.py:634} INFO - 24/12/04 16:27:32 INFO MemoryStore: Block broadcast_1 stored as values in memory (estimated size 5.2 KiB, free 434.4 MiB)
[2024-12-04T16:27:32.981+0000] {spark_submit.py:634} INFO - 24/12/04 16:27:32 INFO MemoryStore: Block broadcast_1_piece0 stored as bytes in memory (estimated size 2.9 KiB, free 434.4 MiB)
[2024-12-04T16:27:32.985+0000] {spark_submit.py:634} INFO - 24/12/04 16:27:32 INFO BlockManagerInfo: Added broadcast_1_piece0 in memory on 2a892a3469ec:43211 (size: 2.9 KiB, free: 434.4 MiB)
[2024-12-04T16:27:32.988+0000] {spark_submit.py:634} INFO - 24/12/04 16:27:32 INFO SparkContext: Created broadcast 1 from broadcast at DAGScheduler.scala:1585
[2024-12-04T16:27:32.989+0000] {spark_submit.py:634} INFO - 24/12/04 16:27:32 INFO DAGScheduler: Submitting 1 missing tasks from ResultStage 1 (ShuffledRDD[3] at reduceByKey at WordCountJob.java:34) (first 15 tasks are for partitions Vector(0))
[2024-12-04T16:27:32.990+0000] {spark_submit.py:634} INFO - 24/12/04 16:27:32 INFO TaskSchedulerImpl: Adding task set 1.0 with 1 tasks resource profile 0
[2024-12-04T16:27:33.002+0000] {spark_submit.py:634} INFO - 24/12/04 16:27:33 INFO TaskSetManager: Starting task 0.0 in stage 1.0 (TID 1) (2a892a3469ec, executor driver, partition 0, NODE_LOCAL, 9002 bytes)
[2024-12-04T16:27:33.007+0000] {spark_submit.py:634} INFO - 24/12/04 16:27:33 INFO Executor: Running task 0.0 in stage 1.0 (TID 1)
[2024-12-04T16:27:33.110+0000] {spark_submit.py:634} INFO - 24/12/04 16:27:33 INFO ShuffleBlockFetcherIterator: Getting 1 (189.0 B) non-empty blocks including 1 (189.0 B) local and 0 (0.0 B) host-local and 0 (0.0 B) push-merged-local and 0 (0.0 B) remote blocks
[2024-12-04T16:27:33.117+0000] {spark_submit.py:634} INFO - 24/12/04 16:27:33 INFO ShuffleBlockFetcherIterator: Started 0 remote fetches in 25 ms
[2024-12-04T16:27:33.170+0000] {spark_submit.py:634} INFO - 24/12/04 16:27:33 INFO Executor: Finished task 0.0 in stage 1.0 (TID 1). 1958 bytes result sent to driver
[2024-12-04T16:27:33.180+0000] {spark_submit.py:634} INFO - 24/12/04 16:27:33 INFO TaskSetManager: Finished task 0.0 in stage 1.0 (TID 1) in 181 ms on 2a892a3469ec (executor driver) (1/1)
[2024-12-04T16:27:33.181+0000] {spark_submit.py:634} INFO - 24/12/04 16:27:33 INFO TaskSchedulerImpl: Removed TaskSet 1.0, whose tasks have all completed, from pool
[2024-12-04T16:27:33.182+0000] {spark_submit.py:634} INFO - 24/12/04 16:27:33 INFO DAGScheduler: ResultStage 1 (collect at WordCountJob.java:37) finished in 0.210 s
[2024-12-04T16:27:33.187+0000] {spark_submit.py:634} INFO - 24/12/04 16:27:33 INFO DAGScheduler: Job 0 is finished. Cancelling potential speculative or zombie tasks for this job
[2024-12-04T16:27:33.188+0000] {spark_submit.py:634} INFO - 24/12/04 16:27:33 INFO TaskSchedulerImpl: Killing all running tasks in stage 1: Stage finished
[2024-12-04T16:27:33.196+0000] {spark_submit.py:634} INFO - 24/12/04 16:27:33 INFO DAGScheduler: Job 0 finished: collect at WordCountJob.java:37, took 1.278468 s
[2024-12-04T16:27:33.199+0000] {spark_submit.py:634} INFO - spark: 1
[2024-12-04T16:27:33.200+0000] {spark_submit.py:634} INFO - docker: 1
[2024-12-04T16:27:33.201+0000] {spark_submit.py:634} INFO - Yusuf: 1
[2024-12-04T16:27:33.202+0000] {spark_submit.py:634} INFO - hello: 5
[2024-12-04T16:27:33.203+0000] {spark_submit.py:634} INFO - java: 1
[2024-12-04T16:27:33.203+0000] {spark_submit.py:634} INFO - world: 1
[2024-12-04T16:27:33.204+0000] {spark_submit.py:634} INFO - 24/12/04 16:27:33 INFO SparkContext: SparkContext is stopping with exitCode 0.
[2024-12-04T16:27:33.230+0000] {spark_submit.py:634} INFO - 24/12/04 16:27:33 INFO SparkUI: Stopped Spark web UI at http://2a892a3469ec:4040
[2024-12-04T16:27:33.247+0000] {spark_submit.py:634} INFO - 24/12/04 16:27:33 INFO MapOutputTrackerMasterEndpoint: MapOutputTrackerMasterEndpoint stopped!
[2024-12-04T16:27:33.295+0000] {spark_submit.py:634} INFO - 24/12/04 16:27:33 INFO MemoryStore: MemoryStore cleared
[2024-12-04T16:27:33.300+0000] {spark_submit.py:634} INFO - 24/12/04 16:27:33 INFO BlockManager: BlockManager stopped
[2024-12-04T16:27:33.310+0000] {spark_submit.py:634} INFO - 24/12/04 16:27:33 INFO BlockManagerMaster: BlockManagerMaster stopped
[2024-12-04T16:27:33.313+0000] {spark_submit.py:634} INFO - 24/12/04 16:27:33 INFO OutputCommitCoordinator$OutputCommitCoordinatorEndpoint: OutputCommitCoordinator stopped!
[2024-12-04T16:27:33.328+0000] {spark_submit.py:634} INFO - 24/12/04 16:27:33 INFO SparkContext: Successfully stopped SparkContext
[2024-12-04T16:27:33.333+0000] {spark_submit.py:634} INFO - 24/12/04 16:27:33 INFO ShutdownHookManager: Shutdown hook called
[2024-12-04T16:27:33.334+0000] {spark_submit.py:634} INFO - 24/12/04 16:27:33 INFO ShutdownHookManager: Deleting directory /tmp/spark-1e60627e-7583-406a-988f-0d1d7b193095
[2024-12-04T16:27:33.343+0000] {spark_submit.py:634} INFO - 24/12/04 16:27:33 INFO ShutdownHookManager: Deleting directory /tmp/spark-fb896bc1-811f-4b35-a07b-1cbbc97b4b03
[2024-12-04T16:27:33.451+0000] {taskinstance.py:340} INFO - ::group::Post task execution logs
[2024-12-04T16:27:33.454+0000] {taskinstance.py:352} INFO - Marking task as SUCCESS. dag_id=sparking_flow, task_id=java_job, run_id=manual__2024-12-04T16:27:24.282172+00:00, execution_date=20241204T162724, start_date=20241204T162726, end_date=20241204T162733
[2024-12-04T16:27:33.508+0000] {local_task_job_runner.py:266} INFO - Task exited with return code 0
[2024-12-04T16:27:33.588+0000] {taskinstance.py:3895} INFO - 0 downstream tasks scheduled from follow-on schedule check
[2024-12-04T16:27:33.594+0000] {local_task_job_runner.py:245} INFO - ::endgroup::
