[2024-12-09T12:57:28.226+0000] {local_task_job_runner.py:123} INFO - ::group::Pre task execution logs
[2024-12-09T12:57:28.248+0000] {taskinstance.py:2613} INFO - Dependencies all met for dep_context=non-requeueable deps ti=<TaskInstance: sparking_flow.scala_job manual__2024-12-09T12:57:26.485696+00:00 [queued]>
[2024-12-09T12:57:28.260+0000] {taskinstance.py:2613} INFO - Dependencies all met for dep_context=requeueable deps ti=<TaskInstance: sparking_flow.scala_job manual__2024-12-09T12:57:26.485696+00:00 [queued]>
[2024-12-09T12:57:28.261+0000] {taskinstance.py:2866} INFO - Starting attempt 1 of 1
[2024-12-09T12:57:28.274+0000] {taskinstance.py:2889} INFO - Executing <Task(SparkSubmitOperator): scala_job> on 2024-12-09 12:57:26.485696+00:00
[2024-12-09T12:57:28.286+0000] {logging_mixin.py:190} WARNING - /home/***/.local/lib/python3.12/site-packages/***/task/task_runner/standard_task_runner.py:70 DeprecationWarning: This process (pid=185) is multi-threaded, use of fork() may lead to deadlocks in the child.
[2024-12-09T12:57:28.285+0000] {standard_task_runner.py:104} INFO - Running: ['***', 'tasks', 'run', 'sparking_flow', 'scala_job', 'manual__2024-12-09T12:57:26.485696+00:00', '--job-id', '445', '--raw', '--subdir', 'DAGS_FOLDER/spark_***.py', '--cfg-path', '/tmp/tmpgvw5omyy']
[2024-12-09T12:57:28.288+0000] {standard_task_runner.py:72} INFO - Started process 190 to run task
[2024-12-09T12:57:28.288+0000] {standard_task_runner.py:105} INFO - Job 445: Subtask scala_job
[2024-12-09T12:57:28.345+0000] {task_command.py:467} INFO - Running <TaskInstance: sparking_flow.scala_job manual__2024-12-09T12:57:26.485696+00:00 [running]> on host 2a892a3469ec
[2024-12-09T12:57:28.434+0000] {taskinstance.py:3132} INFO - Exporting env vars: AIRFLOW_CTX_DAG_OWNER='Yusuf Ganiyu' AIRFLOW_CTX_DAG_ID='sparking_flow' AIRFLOW_CTX_TASK_ID='scala_job' AIRFLOW_CTX_EXECUTION_DATE='2024-12-09T12:57:26.485696+00:00' AIRFLOW_CTX_TRY_NUMBER='1' AIRFLOW_CTX_DAG_RUN_ID='manual__2024-12-09T12:57:26.485696+00:00'
[2024-12-09T12:57:28.435+0000] {taskinstance.py:731} INFO - ::endgroup::
[2024-12-09T12:57:28.458+0000] {base.py:84} INFO - Retrieving connection 'spark-conn'
[2024-12-09T12:57:28.460+0000] {spark_submit.py:473} INFO - Spark-Submit cmd: spark-submit --master spark://sparkingflow-spark-master-1:7077 --name arrow-spark --deploy-mode client jobs/scala/target/scala-2.12/word-count_2.12-0.1.jar
[2024-12-09T12:57:32.480+0000] {spark_submit.py:634} INFO - 24/12/09 12:57:32 WARN NativeCodeLoader: Unable to load native-hadoop library for your platform... using builtin-java classes where applicable
[2024-12-09T12:57:32.866+0000] {spark_submit.py:634} INFO - 24/12/09 12:57:32 INFO SparkContext: Running Spark version 3.5.3
[2024-12-09T12:57:32.868+0000] {spark_submit.py:634} INFO - 24/12/09 12:57:32 INFO SparkContext: OS info Linux, 6.10.14-linuxkit, aarch64
[2024-12-09T12:57:32.869+0000] {spark_submit.py:634} INFO - 24/12/09 12:57:32 INFO SparkContext: Java version 17.0.13
[2024-12-09T12:57:32.905+0000] {spark_submit.py:634} INFO - 24/12/09 12:57:32 INFO ResourceUtils: ==============================================================
[2024-12-09T12:57:32.906+0000] {spark_submit.py:634} INFO - 24/12/09 12:57:32 INFO ResourceUtils: No custom resources configured for spark.driver.
[2024-12-09T12:57:32.907+0000] {spark_submit.py:634} INFO - 24/12/09 12:57:32 INFO ResourceUtils: ==============================================================
[2024-12-09T12:57:32.908+0000] {spark_submit.py:634} INFO - 24/12/09 12:57:32 INFO SparkContext: Submitted application: Word Count
[2024-12-09T12:57:32.945+0000] {spark_submit.py:634} INFO - 24/12/09 12:57:32 INFO ResourceProfile: Default ResourceProfile created, executor resources: Map(memory -> name: memory, amount: 1024, script: , vendor: , offHeap -> name: offHeap, amount: 0, script: , vendor: ), task resources: Map(cpus -> name: cpus, amount: 1.0)
[2024-12-09T12:57:32.959+0000] {spark_submit.py:634} INFO - 24/12/09 12:57:32 INFO ResourceProfile: Limiting resource is cpu
[2024-12-09T12:57:32.960+0000] {spark_submit.py:634} INFO - 24/12/09 12:57:32 INFO ResourceProfileManager: Added ResourceProfile id: 0
[2024-12-09T12:57:33.031+0000] {spark_submit.py:634} INFO - 24/12/09 12:57:33 INFO SecurityManager: Changing view acls to: ***
[2024-12-09T12:57:33.034+0000] {spark_submit.py:634} INFO - 24/12/09 12:57:33 INFO SecurityManager: Changing modify acls to: ***
[2024-12-09T12:57:33.035+0000] {spark_submit.py:634} INFO - 24/12/09 12:57:33 INFO SecurityManager: Changing view acls groups to:
[2024-12-09T12:57:33.040+0000] {spark_submit.py:634} INFO - 24/12/09 12:57:33 INFO SecurityManager: Changing modify acls groups to:
[2024-12-09T12:57:33.041+0000] {spark_submit.py:634} INFO - 24/12/09 12:57:33 INFO SecurityManager: SecurityManager: authentication disabled; ui acls disabled; users with view permissions: ***; groups with view permissions: EMPTY; users with modify permissions: ***; groups with modify permissions: EMPTY
[2024-12-09T12:57:33.660+0000] {spark_submit.py:634} INFO - 24/12/09 12:57:33 INFO Utils: Successfully started service 'sparkDriver' on port 46283.
[2024-12-09T12:57:33.702+0000] {spark_submit.py:634} INFO - 24/12/09 12:57:33 INFO SparkEnv: Registering MapOutputTracker
[2024-12-09T12:57:33.763+0000] {spark_submit.py:634} INFO - 24/12/09 12:57:33 INFO SparkEnv: Registering BlockManagerMaster
[2024-12-09T12:57:33.794+0000] {spark_submit.py:634} INFO - 24/12/09 12:57:33 INFO BlockManagerMasterEndpoint: Using org.apache.spark.storage.DefaultTopologyMapper for getting topology information
[2024-12-09T12:57:33.799+0000] {spark_submit.py:634} INFO - 24/12/09 12:57:33 INFO BlockManagerMasterEndpoint: BlockManagerMasterEndpoint up
[2024-12-09T12:57:33.811+0000] {spark_submit.py:634} INFO - 24/12/09 12:57:33 INFO SparkEnv: Registering BlockManagerMasterHeartbeat
[2024-12-09T12:57:33.864+0000] {spark_submit.py:634} INFO - 24/12/09 12:57:33 INFO DiskBlockManager: Created local directory at /tmp/blockmgr-8f10b0d8-9894-4e44-bb8f-ecf22fd0cdfe
[2024-12-09T12:57:33.889+0000] {spark_submit.py:634} INFO - 24/12/09 12:57:33 INFO MemoryStore: MemoryStore started with capacity 434.4 MiB
[2024-12-09T12:57:33.906+0000] {spark_submit.py:634} INFO - 24/12/09 12:57:33 INFO SparkEnv: Registering OutputCommitCoordinator
[2024-12-09T12:57:34.070+0000] {spark_submit.py:634} INFO - 24/12/09 12:57:34 INFO JettyUtils: Start Jetty 0.0.0.0:4040 for SparkUI
[2024-12-09T12:57:34.149+0000] {spark_submit.py:634} INFO - 24/12/09 12:57:34 WARN Utils: Service 'SparkUI' could not bind on port 4040. Attempting port 4041.
[2024-12-09T12:57:34.159+0000] {spark_submit.py:634} INFO - 24/12/09 12:57:34 INFO Utils: Successfully started service 'SparkUI' on port 4041.
[2024-12-09T12:57:34.215+0000] {spark_submit.py:634} INFO - 24/12/09 12:57:34 INFO SparkContext: Added JAR file:/opt/***/jobs/scala/target/scala-2.12/word-count_2.12-0.1.jar at spark://2a892a3469ec:46283/jars/word-count_2.12-0.1.jar with timestamp 1733749052855
[2024-12-09T12:57:34.377+0000] {spark_submit.py:634} INFO - 24/12/09 12:57:34 INFO StandaloneAppClient$ClientEndpoint: Connecting to master spark://spark-master:7077...
[2024-12-09T12:57:34.450+0000] {spark_submit.py:634} INFO - 24/12/09 12:57:34 INFO TransportClientFactory: Successfully created connection to spark-master/172.18.0.5:7077 after 37 ms (0 ms spent in bootstraps)
[2024-12-09T12:57:34.773+0000] {spark_submit.py:634} INFO - 24/12/09 12:57:34 INFO StandaloneSchedulerBackend: Connected to Spark cluster with app ID app-20241209125734-0000
[2024-12-09T12:57:34.797+0000] {spark_submit.py:634} INFO - 24/12/09 12:57:34 INFO Utils: Successfully started service 'org.apache.spark.network.netty.NettyBlockTransferService' on port 42847.
[2024-12-09T12:57:34.797+0000] {spark_submit.py:634} INFO - 24/12/09 12:57:34 INFO NettyBlockTransferService: Server created on 2a892a3469ec:42847
[2024-12-09T12:57:34.804+0000] {spark_submit.py:634} INFO - 24/12/09 12:57:34 INFO BlockManager: Using org.apache.spark.storage.RandomBlockReplicationPolicy for block replication policy
[2024-12-09T12:57:34.818+0000] {spark_submit.py:634} INFO - 24/12/09 12:57:34 INFO StandaloneAppClient$ClientEndpoint: Executor added: app-20241209125734-0000/0 on worker-20241209125644-172.18.0.7-36915 (172.18.0.7:36915) with 2 core(s)
[2024-12-09T12:57:34.822+0000] {spark_submit.py:634} INFO - 24/12/09 12:57:34 INFO BlockManagerMaster: Registering BlockManager BlockManagerId(driver, 2a892a3469ec, 42847, None)
[2024-12-09T12:57:34.829+0000] {spark_submit.py:634} INFO - 24/12/09 12:57:34 INFO StandaloneSchedulerBackend: Granted executor ID app-20241209125734-0000/0 on hostPort 172.18.0.7:36915 with 2 core(s), 1024.0 MiB RAM
[2024-12-09T12:57:34.836+0000] {spark_submit.py:634} INFO - 24/12/09 12:57:34 INFO BlockManagerMasterEndpoint: Registering block manager 2a892a3469ec:42847 with 434.4 MiB RAM, BlockManagerId(driver, 2a892a3469ec, 42847, None)
[2024-12-09T12:57:34.841+0000] {spark_submit.py:634} INFO - 24/12/09 12:57:34 INFO BlockManagerMaster: Registered BlockManager BlockManagerId(driver, 2a892a3469ec, 42847, None)
[2024-12-09T12:57:34.848+0000] {spark_submit.py:634} INFO - 24/12/09 12:57:34 INFO BlockManager: Initialized BlockManager: BlockManagerId(driver, 2a892a3469ec, 42847, None)
[2024-12-09T12:57:35.305+0000] {spark_submit.py:634} INFO - 24/12/09 12:57:35 INFO StandaloneAppClient$ClientEndpoint: Executor updated: app-20241209125734-0000/0 is now RUNNING
[2024-12-09T12:57:35.423+0000] {spark_submit.py:634} INFO - 24/12/09 12:57:35 INFO StandaloneSchedulerBackend: SchedulerBackend is ready for scheduling beginning after reached minRegisteredResourcesRatio: 0.0
[2024-12-09T12:57:36.858+0000] {spark_submit.py:634} INFO - 24/12/09 12:57:36 INFO SparkContext: Starting job: collect at wordcount.scala:14
[2024-12-09T12:57:37.714+0000] {spark_submit.py:634} INFO - 24/12/09 12:57:37 INFO DAGScheduler: Registering RDD 2 (map at wordcount.scala:11) as input to shuffle 0
[2024-12-09T12:57:37.725+0000] {spark_submit.py:634} INFO - 24/12/09 12:57:37 INFO DAGScheduler: Got job 0 (collect at wordcount.scala:14) with 2 output partitions
[2024-12-09T12:57:37.727+0000] {spark_submit.py:634} INFO - 24/12/09 12:57:37 INFO DAGScheduler: Final stage: ResultStage 1 (collect at wordcount.scala:14)
[2024-12-09T12:57:37.731+0000] {spark_submit.py:634} INFO - 24/12/09 12:57:37 INFO DAGScheduler: Parents of final stage: List(ShuffleMapStage 0)
[2024-12-09T12:57:37.743+0000] {spark_submit.py:634} INFO - 24/12/09 12:57:37 INFO DAGScheduler: Missing parents: List(ShuffleMapStage 0)
[2024-12-09T12:57:37.754+0000] {spark_submit.py:634} INFO - 24/12/09 12:57:37 INFO DAGScheduler: Submitting ShuffleMapStage 0 (MapPartitionsRDD[2] at map at wordcount.scala:11), which has no missing parents
[2024-12-09T12:57:37.984+0000] {spark_submit.py:634} INFO - 24/12/09 12:57:37 INFO MemoryStore: Block broadcast_0 stored as values in memory (estimated size 5.5 KiB, free 434.4 MiB)
[2024-12-09T12:57:38.044+0000] {spark_submit.py:634} INFO - 24/12/09 12:57:38 INFO MemoryStore: Block broadcast_0_piece0 stored as bytes in memory (estimated size 3.2 KiB, free 434.4 MiB)
[2024-12-09T12:57:38.045+0000] {spark_submit.py:634} INFO - 24/12/09 12:57:38 INFO BlockManagerInfo: Added broadcast_0_piece0 in memory on 2a892a3469ec:42847 (size: 3.2 KiB, free: 434.4 MiB)
[2024-12-09T12:57:38.046+0000] {spark_submit.py:634} INFO - 24/12/09 12:57:38 INFO SparkContext: Created broadcast 0 from broadcast at DAGScheduler.scala:1585
[2024-12-09T12:57:38.083+0000] {spark_submit.py:634} INFO - 24/12/09 12:57:38 INFO DAGScheduler: Submitting 2 missing tasks from ShuffleMapStage 0 (MapPartitionsRDD[2] at map at wordcount.scala:11) (first 15 tasks are for partitions Vector(0, 1))
[2024-12-09T12:57:38.084+0000] {spark_submit.py:634} INFO - 24/12/09 12:57:38 INFO TaskSchedulerImpl: Adding task set 0.0 with 2 tasks resource profile 0
[2024-12-09T12:57:41.179+0000] {spark_submit.py:634} INFO - 24/12/09 12:57:41 INFO StandaloneSchedulerBackend$StandaloneDriverEndpoint: Registered executor NettyRpcEndpointRef(spark-client://Executor) (172.18.0.7:38154) with ID 0,  ResourceProfileId 0
[2024-12-09T12:57:41.348+0000] {spark_submit.py:634} INFO - 24/12/09 12:57:41 INFO BlockManagerMasterEndpoint: Registering block manager 172.18.0.7:41487 with 434.4 MiB RAM, BlockManagerId(0, 172.18.0.7, 41487, None)
[2024-12-09T12:57:41.650+0000] {spark_submit.py:634} INFO - 24/12/09 12:57:41 INFO TaskSetManager: Starting task 0.0 in stage 0.0 (TID 0) (172.18.0.7, executor 0, partition 0, PROCESS_LOCAL, 9198 bytes)
[2024-12-09T12:57:41.656+0000] {spark_submit.py:634} INFO - 24/12/09 12:57:41 INFO TaskSetManager: Starting task 1.0 in stage 0.0 (TID 1) (172.18.0.7, executor 0, partition 1, PROCESS_LOCAL, 9213 bytes)
[2024-12-09T12:57:42.033+0000] {spark_submit.py:634} INFO - 24/12/09 12:57:42 INFO BlockManagerInfo: Added broadcast_0_piece0 in memory on 172.18.0.7:41487 (size: 3.2 KiB, free: 434.4 MiB)
[2024-12-09T12:57:42.852+0000] {spark_submit.py:634} INFO - 24/12/09 12:57:42 INFO TaskSetManager: Finished task 0.0 in stage 0.0 (TID 0) in 1239 ms on 172.18.0.7 (executor 0) (1/2)
[2024-12-09T12:57:42.854+0000] {spark_submit.py:634} INFO - 24/12/09 12:57:42 INFO TaskSetManager: Finished task 1.0 in stage 0.0 (TID 1) in 1199 ms on 172.18.0.7 (executor 0) (2/2)
[2024-12-09T12:57:42.855+0000] {spark_submit.py:634} INFO - 24/12/09 12:57:42 INFO TaskSchedulerImpl: Removed TaskSet 0.0, whose tasks have all completed, from pool
[2024-12-09T12:57:42.864+0000] {spark_submit.py:634} INFO - 24/12/09 12:57:42 INFO DAGScheduler: ShuffleMapStage 0 (map at wordcount.scala:11) finished in 5.065 s
[2024-12-09T12:57:42.865+0000] {spark_submit.py:634} INFO - 24/12/09 12:57:42 INFO DAGScheduler: looking for newly runnable stages
[2024-12-09T12:57:42.865+0000] {spark_submit.py:634} INFO - 24/12/09 12:57:42 INFO DAGScheduler: running: Set()
[2024-12-09T12:57:42.865+0000] {spark_submit.py:634} INFO - 24/12/09 12:57:42 INFO DAGScheduler: waiting: Set(ResultStage 1)
[2024-12-09T12:57:42.866+0000] {spark_submit.py:634} INFO - 24/12/09 12:57:42 INFO DAGScheduler: failed: Set()
[2024-12-09T12:57:42.869+0000] {spark_submit.py:634} INFO - 24/12/09 12:57:42 INFO DAGScheduler: Submitting ResultStage 1 (ShuffledRDD[3] at reduceByKey at wordcount.scala:12), which has no missing parents
[2024-12-09T12:57:42.885+0000] {spark_submit.py:634} INFO - 24/12/09 12:57:42 INFO MemoryStore: Block broadcast_1 stored as values in memory (estimated size 5.2 KiB, free 434.4 MiB)
[2024-12-09T12:57:42.915+0000] {spark_submit.py:634} INFO - 24/12/09 12:57:42 INFO MemoryStore: Block broadcast_1_piece0 stored as bytes in memory (estimated size 3.1 KiB, free 434.4 MiB)
[2024-12-09T12:57:42.916+0000] {spark_submit.py:634} INFO - 24/12/09 12:57:42 INFO BlockManagerInfo: Added broadcast_1_piece0 in memory on 2a892a3469ec:42847 (size: 3.1 KiB, free: 434.4 MiB)
[2024-12-09T12:57:42.918+0000] {spark_submit.py:634} INFO - 24/12/09 12:57:42 INFO SparkContext: Created broadcast 1 from broadcast at DAGScheduler.scala:1585
[2024-12-09T12:57:42.921+0000] {spark_submit.py:634} INFO - 24/12/09 12:57:42 INFO DAGScheduler: Submitting 2 missing tasks from ResultStage 1 (ShuffledRDD[3] at reduceByKey at wordcount.scala:12) (first 15 tasks are for partitions Vector(0, 1))
[2024-12-09T12:57:42.921+0000] {spark_submit.py:634} INFO - 24/12/09 12:57:42 INFO TaskSchedulerImpl: Adding task set 1.0 with 2 tasks resource profile 0
[2024-12-09T12:57:42.929+0000] {spark_submit.py:634} INFO - 24/12/09 12:57:42 INFO TaskSetManager: Starting task 0.0 in stage 1.0 (TID 2) (172.18.0.7, executor 0, partition 0, NODE_LOCAL, 9003 bytes)
[2024-12-09T12:57:42.930+0000] {spark_submit.py:634} INFO - 24/12/09 12:57:42 INFO TaskSetManager: Starting task 1.0 in stage 1.0 (TID 3) (172.18.0.7, executor 0, partition 1, NODE_LOCAL, 9003 bytes)
[2024-12-09T12:57:42.969+0000] {spark_submit.py:634} INFO - 24/12/09 12:57:42 INFO BlockManagerInfo: Added broadcast_1_piece0 in memory on 172.18.0.7:41487 (size: 3.1 KiB, free: 434.4 MiB)
[2024-12-09T12:57:43.043+0000] {spark_submit.py:634} INFO - 24/12/09 12:57:43 INFO MapOutputTrackerMasterEndpoint: Asked to send map output locations for shuffle 0 to 172.18.0.7:38154
[2024-12-09T12:57:43.080+0000] {spark_submit.py:634} INFO - 24/12/09 12:57:43 INFO BlockManagerInfo: Removed broadcast_0_piece0 on 2a892a3469ec:42847 in memory (size: 3.2 KiB, free: 434.4 MiB)
[2024-12-09T12:57:43.090+0000] {spark_submit.py:634} INFO - 24/12/09 12:57:43 INFO BlockManagerInfo: Removed broadcast_0_piece0 on 172.18.0.7:41487 in memory (size: 3.2 KiB, free: 434.4 MiB)
[2024-12-09T12:57:43.189+0000] {spark_submit.py:634} INFO - 24/12/09 12:57:43 INFO TaskSetManager: Finished task 1.0 in stage 1.0 (TID 3) in 260 ms on 172.18.0.7 (executor 0) (1/2)
[2024-12-09T12:57:43.192+0000] {spark_submit.py:634} INFO - 24/12/09 12:57:43 INFO TaskSetManager: Finished task 0.0 in stage 1.0 (TID 2) in 267 ms on 172.18.0.7 (executor 0) (2/2)
[2024-12-09T12:57:43.193+0000] {spark_submit.py:634} INFO - 24/12/09 12:57:43 INFO TaskSchedulerImpl: Removed TaskSet 1.0, whose tasks have all completed, from pool
[2024-12-09T12:57:43.195+0000] {spark_submit.py:634} INFO - 24/12/09 12:57:43 INFO DAGScheduler: ResultStage 1 (collect at wordcount.scala:14) finished in 0.314 s
[2024-12-09T12:57:43.198+0000] {spark_submit.py:634} INFO - 24/12/09 12:57:43 INFO DAGScheduler: Job 0 is finished. Cancelling potential speculative or zombie tasks for this job
[2024-12-09T12:57:43.199+0000] {spark_submit.py:634} INFO - 24/12/09 12:57:43 INFO TaskSchedulerImpl: Killing all running tasks in stage 1: Stage finished
[2024-12-09T12:57:43.201+0000] {spark_submit.py:634} INFO - 24/12/09 12:57:43 INFO DAGScheduler: Job 0 finished: collect at wordcount.scala:14, took 6.343652 s
[2024-12-09T12:57:43.206+0000] {spark_submit.py:634} INFO - (Hello,5)
[2024-12-09T12:57:43.208+0000] {spark_submit.py:634} INFO - (Yusuf,1)
[2024-12-09T12:57:43.212+0000] {spark_submit.py:634} INFO - (World,1)
[2024-12-09T12:57:43.212+0000] {spark_submit.py:634} INFO - (Scala,1)
[2024-12-09T12:57:43.213+0000] {spark_submit.py:634} INFO - (Docker,1)
[2024-12-09T12:57:43.214+0000] {spark_submit.py:634} INFO - (spark,1)
[2024-12-09T12:57:43.214+0000] {spark_submit.py:634} INFO - 24/12/09 12:57:43 INFO SparkContext: SparkContext is stopping with exitCode 0.
[2024-12-09T12:57:43.223+0000] {spark_submit.py:634} INFO - 24/12/09 12:57:43 INFO SparkUI: Stopped Spark web UI at http://2a892a3469ec:4041
[2024-12-09T12:57:43.228+0000] {spark_submit.py:634} INFO - 24/12/09 12:57:43 INFO StandaloneSchedulerBackend: Shutting down all executors
[2024-12-09T12:57:43.229+0000] {spark_submit.py:634} INFO - 24/12/09 12:57:43 INFO StandaloneSchedulerBackend$StandaloneDriverEndpoint: Asking each executor to shut down
[2024-12-09T12:57:43.258+0000] {spark_submit.py:634} INFO - 24/12/09 12:57:43 INFO MapOutputTrackerMasterEndpoint: MapOutputTrackerMasterEndpoint stopped!
[2024-12-09T12:57:43.315+0000] {spark_submit.py:634} INFO - 24/12/09 12:57:43 INFO MemoryStore: MemoryStore cleared
[2024-12-09T12:57:43.317+0000] {spark_submit.py:634} INFO - 24/12/09 12:57:43 INFO BlockManager: BlockManager stopped
[2024-12-09T12:57:43.334+0000] {spark_submit.py:634} INFO - 24/12/09 12:57:43 INFO BlockManagerMaster: BlockManagerMaster stopped
[2024-12-09T12:57:43.337+0000] {spark_submit.py:634} INFO - 24/12/09 12:57:43 INFO OutputCommitCoordinator$OutputCommitCoordinatorEndpoint: OutputCommitCoordinator stopped!
[2024-12-09T12:57:43.378+0000] {spark_submit.py:634} INFO - 24/12/09 12:57:43 INFO SparkContext: Successfully stopped SparkContext
[2024-12-09T12:57:43.384+0000] {spark_submit.py:634} INFO - 24/12/09 12:57:43 INFO ShutdownHookManager: Shutdown hook called
[2024-12-09T12:57:43.384+0000] {spark_submit.py:634} INFO - 24/12/09 12:57:43 INFO ShutdownHookManager: Deleting directory /tmp/spark-e0bec605-482a-41ce-be43-f11e5a72af68
[2024-12-09T12:57:43.401+0000] {spark_submit.py:634} INFO - 24/12/09 12:57:43 INFO ShutdownHookManager: Deleting directory /tmp/spark-5fc4296d-2ee5-4017-b670-f638be6b76fa
[2024-12-09T12:57:43.498+0000] {taskinstance.py:340} INFO - ::group::Post task execution logs
[2024-12-09T12:57:43.499+0000] {taskinstance.py:352} INFO - Marking task as SUCCESS. dag_id=sparking_flow, task_id=scala_job, run_id=manual__2024-12-09T12:57:26.485696+00:00, execution_date=20241209T125726, start_date=20241209T125728, end_date=20241209T125743
[2024-12-09T12:57:43.579+0000] {local_task_job_runner.py:266} INFO - Task exited with return code 0
[2024-12-09T12:57:43.612+0000] {taskinstance.py:3895} INFO - 0 downstream tasks scheduled from follow-on schedule check
[2024-12-09T12:57:43.613+0000] {local_task_job_runner.py:245} INFO - ::endgroup::
