[2024-12-09T11:06:43.737+0000] {local_task_job_runner.py:123} INFO - ::group::Pre task execution logs
[2024-12-09T11:06:43.753+0000] {taskinstance.py:2613} INFO - Dependencies all met for dep_context=non-requeueable deps ti=<TaskInstance: sparking_flow.scala_job manual__2024-12-09T11:06:42.359600+00:00 [queued]>
[2024-12-09T11:06:43.764+0000] {taskinstance.py:2613} INFO - Dependencies all met for dep_context=requeueable deps ti=<TaskInstance: sparking_flow.scala_job manual__2024-12-09T11:06:42.359600+00:00 [queued]>
[2024-12-09T11:06:43.765+0000] {taskinstance.py:2866} INFO - Starting attempt 1 of 1
[2024-12-09T11:06:43.777+0000] {taskinstance.py:2889} INFO - Executing <Task(SparkSubmitOperator): scala_job> on 2024-12-09 11:06:42.359600+00:00
[2024-12-09T11:06:43.783+0000] {logging_mixin.py:190} WARNING - /home/***/.local/lib/python3.12/site-packages/***/task/task_runner/standard_task_runner.py:70 DeprecationWarning: This process (pid=185) is multi-threaded, use of fork() may lead to deadlocks in the child.
[2024-12-09T11:06:43.785+0000] {standard_task_runner.py:72} INFO - Started process 189 to run task
[2024-12-09T11:06:43.783+0000] {standard_task_runner.py:104} INFO - Running: ['***', 'tasks', 'run', 'sparking_flow', 'scala_job', 'manual__2024-12-09T11:06:42.359600+00:00', '--job-id', '350', '--raw', '--subdir', 'DAGS_FOLDER/spark_***.py', '--cfg-path', '/tmp/tmpfpl13nwb']
[2024-12-09T11:06:43.786+0000] {standard_task_runner.py:105} INFO - Job 350: Subtask scala_job
[2024-12-09T11:06:43.849+0000] {task_command.py:467} INFO - Running <TaskInstance: sparking_flow.scala_job manual__2024-12-09T11:06:42.359600+00:00 [running]> on host 2a892a3469ec
[2024-12-09T11:06:43.929+0000] {taskinstance.py:3132} INFO - Exporting env vars: AIRFLOW_CTX_DAG_OWNER='Yusuf Ganiyu' AIRFLOW_CTX_DAG_ID='sparking_flow' AIRFLOW_CTX_TASK_ID='scala_job' AIRFLOW_CTX_EXECUTION_DATE='2024-12-09T11:06:42.359600+00:00' AIRFLOW_CTX_TRY_NUMBER='1' AIRFLOW_CTX_DAG_RUN_ID='manual__2024-12-09T11:06:42.359600+00:00'
[2024-12-09T11:06:43.930+0000] {taskinstance.py:731} INFO - ::endgroup::
[2024-12-09T11:06:43.955+0000] {base.py:84} INFO - Retrieving connection 'spark-conn'
[2024-12-09T11:06:43.956+0000] {spark_submit.py:473} INFO - Spark-Submit cmd: spark-submit --master spark://sparkingflow-spark-master-1:7077 --name arrow-spark --deploy-mode client jobs/scala/target/scala-2.12/word-count_2.12-0.1.jar
[2024-12-09T11:06:46.549+0000] {spark_submit.py:634} INFO - 24/12/09 11:06:46 WARN NativeCodeLoader: Unable to load native-hadoop library for your platform... using builtin-java classes where applicable
[2024-12-09T11:06:46.828+0000] {spark_submit.py:634} INFO - 24/12/09 11:06:46 INFO SparkContext: Running Spark version 3.5.3
[2024-12-09T11:06:46.830+0000] {spark_submit.py:634} INFO - 24/12/09 11:06:46 INFO SparkContext: OS info Linux, 6.10.14-linuxkit, aarch64
[2024-12-09T11:06:46.831+0000] {spark_submit.py:634} INFO - 24/12/09 11:06:46 INFO SparkContext: Java version 17.0.13
[2024-12-09T11:06:46.865+0000] {spark_submit.py:634} INFO - 24/12/09 11:06:46 INFO ResourceUtils: ==============================================================
[2024-12-09T11:06:46.866+0000] {spark_submit.py:634} INFO - 24/12/09 11:06:46 INFO ResourceUtils: No custom resources configured for spark.driver.
[2024-12-09T11:06:46.866+0000] {spark_submit.py:634} INFO - 24/12/09 11:06:46 INFO ResourceUtils: ==============================================================
[2024-12-09T11:06:46.869+0000] {spark_submit.py:634} INFO - 24/12/09 11:06:46 INFO SparkContext: Submitted application: Word Count
[2024-12-09T11:06:46.902+0000] {spark_submit.py:634} INFO - 24/12/09 11:06:46 INFO ResourceProfile: Default ResourceProfile created, executor resources: Map(memory -> name: memory, amount: 1024, script: , vendor: , offHeap -> name: offHeap, amount: 0, script: , vendor: ), task resources: Map(cpus -> name: cpus, amount: 1.0)
[2024-12-09T11:06:46.912+0000] {spark_submit.py:634} INFO - 24/12/09 11:06:46 INFO ResourceProfile: Limiting resource is cpu
[2024-12-09T11:06:46.913+0000] {spark_submit.py:634} INFO - 24/12/09 11:06:46 INFO ResourceProfileManager: Added ResourceProfile id: 0
[2024-12-09T11:06:46.966+0000] {spark_submit.py:634} INFO - 24/12/09 11:06:46 INFO SecurityManager: Changing view acls to: ***
[2024-12-09T11:06:46.967+0000] {spark_submit.py:634} INFO - 24/12/09 11:06:46 INFO SecurityManager: Changing modify acls to: ***
[2024-12-09T11:06:46.967+0000] {spark_submit.py:634} INFO - 24/12/09 11:06:46 INFO SecurityManager: Changing view acls groups to:
[2024-12-09T11:06:46.968+0000] {spark_submit.py:634} INFO - 24/12/09 11:06:46 INFO SecurityManager: Changing modify acls groups to:
[2024-12-09T11:06:46.968+0000] {spark_submit.py:634} INFO - 24/12/09 11:06:46 INFO SecurityManager: SecurityManager: authentication disabled; ui acls disabled; users with view permissions: ***; groups with view permissions: EMPTY; users with modify permissions: ***; groups with modify permissions: EMPTY
[2024-12-09T11:06:47.284+0000] {spark_submit.py:634} INFO - 24/12/09 11:06:47 INFO Utils: Successfully started service 'sparkDriver' on port 34127.
[2024-12-09T11:06:47.318+0000] {spark_submit.py:634} INFO - 24/12/09 11:06:47 INFO SparkEnv: Registering MapOutputTracker
[2024-12-09T11:06:47.367+0000] {spark_submit.py:634} INFO - 24/12/09 11:06:47 INFO SparkEnv: Registering BlockManagerMaster
[2024-12-09T11:06:47.398+0000] {spark_submit.py:634} INFO - 24/12/09 11:06:47 INFO BlockManagerMasterEndpoint: Using org.apache.spark.storage.DefaultTopologyMapper for getting topology information
[2024-12-09T11:06:47.399+0000] {spark_submit.py:634} INFO - 24/12/09 11:06:47 INFO BlockManagerMasterEndpoint: BlockManagerMasterEndpoint up
[2024-12-09T11:06:47.404+0000] {spark_submit.py:634} INFO - 24/12/09 11:06:47 INFO SparkEnv: Registering BlockManagerMasterHeartbeat
[2024-12-09T11:06:47.434+0000] {spark_submit.py:634} INFO - 24/12/09 11:06:47 INFO DiskBlockManager: Created local directory at /tmp/blockmgr-5944ee38-9d60-4fcd-8b6e-f02d8ad9b90d
[2024-12-09T11:06:47.463+0000] {spark_submit.py:634} INFO - 24/12/09 11:06:47 INFO MemoryStore: MemoryStore started with capacity 434.4 MiB
[2024-12-09T11:06:47.486+0000] {spark_submit.py:634} INFO - 24/12/09 11:06:47 INFO SparkEnv: Registering OutputCommitCoordinator
[2024-12-09T11:06:47.675+0000] {spark_submit.py:634} INFO - 24/12/09 11:06:47 INFO JettyUtils: Start Jetty 0.0.0.0:4040 for SparkUI
[2024-12-09T11:06:47.751+0000] {spark_submit.py:634} INFO - 24/12/09 11:06:47 WARN Utils: Service 'SparkUI' could not bind on port 4040. Attempting port 4041.
[2024-12-09T11:06:47.761+0000] {spark_submit.py:634} INFO - 24/12/09 11:06:47 INFO Utils: Successfully started service 'SparkUI' on port 4041.
[2024-12-09T11:06:47.795+0000] {spark_submit.py:634} INFO - 24/12/09 11:06:47 INFO SparkContext: Added JAR file:/opt/***/jobs/scala/target/scala-2.12/word-count_2.12-0.1.jar at spark://2a892a3469ec:34127/jars/word-count_2.12-0.1.jar with timestamp 1733742406813
[2024-12-09T11:06:47.913+0000] {spark_submit.py:634} INFO - 24/12/09 11:06:47 INFO StandaloneAppClient$ClientEndpoint: Connecting to master spark://spark-master:7077...
[2024-12-09T11:06:47.990+0000] {spark_submit.py:634} INFO - 24/12/09 11:06:47 INFO TransportClientFactory: Successfully created connection to spark-master/172.18.0.5:7077 after 32 ms (0 ms spent in bootstraps)
[2024-12-09T11:06:48.241+0000] {spark_submit.py:634} INFO - 24/12/09 11:06:48 INFO StandaloneSchedulerBackend: Connected to Spark cluster with app ID app-20241209110648-0000
[2024-12-09T11:06:48.254+0000] {spark_submit.py:634} INFO - 24/12/09 11:06:48 INFO Utils: Successfully started service 'org.apache.spark.network.netty.NettyBlockTransferService' on port 35401.
[2024-12-09T11:06:48.257+0000] {spark_submit.py:634} INFO - 24/12/09 11:06:48 INFO NettyBlockTransferService: Server created on 2a892a3469ec:35401
[2024-12-09T11:06:48.258+0000] {spark_submit.py:634} INFO - 24/12/09 11:06:48 INFO BlockManager: Using org.apache.spark.storage.RandomBlockReplicationPolicy for block replication policy
[2024-12-09T11:06:48.265+0000] {spark_submit.py:634} INFO - 24/12/09 11:06:48 INFO BlockManagerMaster: Registering BlockManager BlockManagerId(driver, 2a892a3469ec, 35401, None)
[2024-12-09T11:06:48.270+0000] {spark_submit.py:634} INFO - 24/12/09 11:06:48 INFO BlockManagerMasterEndpoint: Registering block manager 2a892a3469ec:35401 with 434.4 MiB RAM, BlockManagerId(driver, 2a892a3469ec, 35401, None)
[2024-12-09T11:06:48.276+0000] {spark_submit.py:634} INFO - 24/12/09 11:06:48 INFO BlockManagerMaster: Registered BlockManager BlockManagerId(driver, 2a892a3469ec, 35401, None)
[2024-12-09T11:06:48.286+0000] {spark_submit.py:634} INFO - 24/12/09 11:06:48 INFO StandaloneAppClient$ClientEndpoint: Executor added: app-20241209110648-0000/0 on worker-20241209110602-172.18.0.7-45303 (172.18.0.7:45303) with 2 core(s)
[2024-12-09T11:06:48.290+0000] {spark_submit.py:634} INFO - 24/12/09 11:06:48 INFO BlockManager: Initialized BlockManager: BlockManagerId(driver, 2a892a3469ec, 35401, None)
[2024-12-09T11:06:48.294+0000] {spark_submit.py:634} INFO - 24/12/09 11:06:48 INFO StandaloneSchedulerBackend: Granted executor ID app-20241209110648-0000/0 on hostPort 172.18.0.7:45303 with 2 core(s), 1024.0 MiB RAM
[2024-12-09T11:06:48.571+0000] {spark_submit.py:634} INFO - 24/12/09 11:06:48 INFO StandaloneSchedulerBackend: SchedulerBackend is ready for scheduling beginning after reached minRegisteredResourcesRatio: 0.0
[2024-12-09T11:06:48.623+0000] {spark_submit.py:634} INFO - 24/12/09 11:06:48 INFO StandaloneAppClient$ClientEndpoint: Executor updated: app-20241209110648-0000/0 is now RUNNING
[2024-12-09T11:06:49.360+0000] {spark_submit.py:634} INFO - 24/12/09 11:06:49 INFO SparkContext: Starting job: collect at wordcount.scala:14
[2024-12-09T11:06:49.823+0000] {spark_submit.py:634} INFO - 24/12/09 11:06:49 INFO DAGScheduler: Registering RDD 2 (map at wordcount.scala:11) as input to shuffle 0
[2024-12-09T11:06:49.829+0000] {spark_submit.py:634} INFO - 24/12/09 11:06:49 INFO DAGScheduler: Got job 0 (collect at wordcount.scala:14) with 2 output partitions
[2024-12-09T11:06:49.830+0000] {spark_submit.py:634} INFO - 24/12/09 11:06:49 INFO DAGScheduler: Final stage: ResultStage 1 (collect at wordcount.scala:14)
[2024-12-09T11:06:49.830+0000] {spark_submit.py:634} INFO - 24/12/09 11:06:49 INFO DAGScheduler: Parents of final stage: List(ShuffleMapStage 0)
[2024-12-09T11:06:49.831+0000] {spark_submit.py:634} INFO - 24/12/09 11:06:49 INFO DAGScheduler: Missing parents: List(ShuffleMapStage 0)
[2024-12-09T11:06:49.837+0000] {spark_submit.py:634} INFO - 24/12/09 11:06:49 INFO DAGScheduler: Submitting ShuffleMapStage 0 (MapPartitionsRDD[2] at map at wordcount.scala:11), which has no missing parents
[2024-12-09T11:06:49.952+0000] {spark_submit.py:634} INFO - 24/12/09 11:06:49 INFO MemoryStore: Block broadcast_0 stored as values in memory (estimated size 5.5 KiB, free 434.4 MiB)
[2024-12-09T11:06:49.990+0000] {spark_submit.py:634} INFO - 24/12/09 11:06:49 INFO MemoryStore: Block broadcast_0_piece0 stored as bytes in memory (estimated size 3.2 KiB, free 434.4 MiB)
[2024-12-09T11:06:49.993+0000] {spark_submit.py:634} INFO - 24/12/09 11:06:49 INFO BlockManagerInfo: Added broadcast_0_piece0 in memory on 2a892a3469ec:35401 (size: 3.2 KiB, free: 434.4 MiB)
[2024-12-09T11:06:49.998+0000] {spark_submit.py:634} INFO - 24/12/09 11:06:49 INFO SparkContext: Created broadcast 0 from broadcast at DAGScheduler.scala:1585
[2024-12-09T11:06:50.035+0000] {spark_submit.py:634} INFO - 24/12/09 11:06:50 INFO DAGScheduler: Submitting 2 missing tasks from ShuffleMapStage 0 (MapPartitionsRDD[2] at map at wordcount.scala:11) (first 15 tasks are for partitions Vector(0, 1))
[2024-12-09T11:06:50.037+0000] {spark_submit.py:634} INFO - 24/12/09 11:06:50 INFO TaskSchedulerImpl: Adding task set 0.0 with 2 tasks resource profile 0
[2024-12-09T11:06:51.303+0000] {spark_submit.py:634} INFO - 24/12/09 11:06:51 INFO StandaloneSchedulerBackend$StandaloneDriverEndpoint: Registered executor NettyRpcEndpointRef(spark-client://Executor) (172.18.0.7:40518) with ID 0,  ResourceProfileId 0
[2024-12-09T11:06:51.354+0000] {spark_submit.py:634} INFO - 24/12/09 11:06:51 INFO BlockManagerMasterEndpoint: Registering block manager 172.18.0.7:42535 with 434.4 MiB RAM, BlockManagerId(0, 172.18.0.7, 42535, None)
[2024-12-09T11:06:51.436+0000] {spark_submit.py:634} INFO - 24/12/09 11:06:51 INFO TaskSetManager: Starting task 0.0 in stage 0.0 (TID 0) (172.18.0.7, executor 0, partition 0, PROCESS_LOCAL, 9198 bytes)
[2024-12-09T11:06:51.439+0000] {spark_submit.py:634} INFO - 24/12/09 11:06:51 INFO TaskSetManager: Starting task 1.0 in stage 0.0 (TID 1) (172.18.0.7, executor 0, partition 1, PROCESS_LOCAL, 9213 bytes)
[2024-12-09T11:06:51.626+0000] {spark_submit.py:634} INFO - 24/12/09 11:06:51 INFO BlockManagerInfo: Added broadcast_0_piece0 in memory on 172.18.0.7:42535 (size: 3.2 KiB, free: 434.4 MiB)
[2024-12-09T11:06:52.058+0000] {spark_submit.py:634} INFO - 24/12/09 11:06:52 INFO TaskSetManager: Finished task 1.0 in stage 0.0 (TID 1) in 619 ms on 172.18.0.7 (executor 0) (1/2)
[2024-12-09T11:06:52.060+0000] {spark_submit.py:634} INFO - 24/12/09 11:06:52 INFO TaskSetManager: Finished task 0.0 in stage 0.0 (TID 0) in 633 ms on 172.18.0.7 (executor 0) (2/2)
[2024-12-09T11:06:52.061+0000] {spark_submit.py:634} INFO - 24/12/09 11:06:52 INFO TaskSchedulerImpl: Removed TaskSet 0.0, whose tasks have all completed, from pool
[2024-12-09T11:06:52.067+0000] {spark_submit.py:634} INFO - 24/12/09 11:06:52 INFO DAGScheduler: ShuffleMapStage 0 (map at wordcount.scala:11) finished in 2.210 s
[2024-12-09T11:06:52.068+0000] {spark_submit.py:634} INFO - 24/12/09 11:06:52 INFO DAGScheduler: looking for newly runnable stages
[2024-12-09T11:06:52.069+0000] {spark_submit.py:634} INFO - 24/12/09 11:06:52 INFO DAGScheduler: running: Set()
[2024-12-09T11:06:52.069+0000] {spark_submit.py:634} INFO - 24/12/09 11:06:52 INFO DAGScheduler: waiting: Set(ResultStage 1)
[2024-12-09T11:06:52.070+0000] {spark_submit.py:634} INFO - 24/12/09 11:06:52 INFO DAGScheduler: failed: Set()
[2024-12-09T11:06:52.073+0000] {spark_submit.py:634} INFO - 24/12/09 11:06:52 INFO DAGScheduler: Submitting ResultStage 1 (ShuffledRDD[3] at reduceByKey at wordcount.scala:12), which has no missing parents
[2024-12-09T11:06:52.084+0000] {spark_submit.py:634} INFO - 24/12/09 11:06:52 INFO MemoryStore: Block broadcast_1 stored as values in memory (estimated size 5.2 KiB, free 434.4 MiB)
[2024-12-09T11:06:52.095+0000] {spark_submit.py:634} INFO - 24/12/09 11:06:52 INFO MemoryStore: Block broadcast_1_piece0 stored as bytes in memory (estimated size 3.1 KiB, free 434.4 MiB)
[2024-12-09T11:06:52.096+0000] {spark_submit.py:634} INFO - 24/12/09 11:06:52 INFO BlockManagerInfo: Added broadcast_1_piece0 in memory on 2a892a3469ec:35401 (size: 3.1 KiB, free: 434.4 MiB)
[2024-12-09T11:06:52.097+0000] {spark_submit.py:634} INFO - 24/12/09 11:06:52 INFO SparkContext: Created broadcast 1 from broadcast at DAGScheduler.scala:1585
[2024-12-09T11:06:52.099+0000] {spark_submit.py:634} INFO - 24/12/09 11:06:52 INFO DAGScheduler: Submitting 2 missing tasks from ResultStage 1 (ShuffledRDD[3] at reduceByKey at wordcount.scala:12) (first 15 tasks are for partitions Vector(0, 1))
[2024-12-09T11:06:52.099+0000] {spark_submit.py:634} INFO - 24/12/09 11:06:52 INFO TaskSchedulerImpl: Adding task set 1.0 with 2 tasks resource profile 0
[2024-12-09T11:06:52.106+0000] {spark_submit.py:634} INFO - 24/12/09 11:06:52 INFO TaskSetManager: Starting task 0.0 in stage 1.0 (TID 2) (172.18.0.7, executor 0, partition 0, NODE_LOCAL, 9003 bytes)
[2024-12-09T11:06:52.107+0000] {spark_submit.py:634} INFO - 24/12/09 11:06:52 INFO TaskSetManager: Starting task 1.0 in stage 1.0 (TID 3) (172.18.0.7, executor 0, partition 1, NODE_LOCAL, 9003 bytes)
[2024-12-09T11:06:52.144+0000] {spark_submit.py:634} INFO - 24/12/09 11:06:52 INFO BlockManagerInfo: Added broadcast_1_piece0 in memory on 172.18.0.7:42535 (size: 3.1 KiB, free: 434.4 MiB)
[2024-12-09T11:06:52.187+0000] {spark_submit.py:634} INFO - 24/12/09 11:06:52 INFO MapOutputTrackerMasterEndpoint: Asked to send map output locations for shuffle 0 to 172.18.0.7:40518
[2024-12-09T11:06:52.209+0000] {spark_submit.py:634} INFO - 24/12/09 11:06:52 INFO BlockManagerInfo: Removed broadcast_0_piece0 on 2a892a3469ec:35401 in memory (size: 3.2 KiB, free: 434.4 MiB)
[2024-12-09T11:06:52.217+0000] {spark_submit.py:634} INFO - 24/12/09 11:06:52 INFO BlockManagerInfo: Removed broadcast_0_piece0 on 172.18.0.7:42535 in memory (size: 3.2 KiB, free: 434.4 MiB)
[2024-12-09T11:06:52.285+0000] {spark_submit.py:634} INFO - 24/12/09 11:06:52 INFO TaskSetManager: Finished task 1.0 in stage 1.0 (TID 3) in 178 ms on 172.18.0.7 (executor 0) (1/2)
[2024-12-09T11:06:52.286+0000] {spark_submit.py:634} INFO - 24/12/09 11:06:52 INFO TaskSetManager: Finished task 0.0 in stage 1.0 (TID 2) in 181 ms on 172.18.0.7 (executor 0) (2/2)
[2024-12-09T11:06:52.286+0000] {spark_submit.py:634} INFO - 24/12/09 11:06:52 INFO TaskSchedulerImpl: Removed TaskSet 1.0, whose tasks have all completed, from pool
[2024-12-09T11:06:52.287+0000] {spark_submit.py:634} INFO - 24/12/09 11:06:52 INFO DAGScheduler: ResultStage 1 (collect at wordcount.scala:14) finished in 0.205 s
[2024-12-09T11:06:52.289+0000] {spark_submit.py:634} INFO - 24/12/09 11:06:52 INFO DAGScheduler: Job 0 is finished. Cancelling potential speculative or zombie tasks for this job
[2024-12-09T11:06:52.289+0000] {spark_submit.py:634} INFO - 24/12/09 11:06:52 INFO TaskSchedulerImpl: Killing all running tasks in stage 1: Stage finished
[2024-12-09T11:06:52.293+0000] {spark_submit.py:634} INFO - 24/12/09 11:06:52 INFO DAGScheduler: Job 0 finished: collect at wordcount.scala:14, took 2.929426 s
[2024-12-09T11:06:52.294+0000] {spark_submit.py:634} INFO - (Hello,5)
[2024-12-09T11:06:52.294+0000] {spark_submit.py:634} INFO - (Yusuf,1)
[2024-12-09T11:06:52.294+0000] {spark_submit.py:634} INFO - (World,1)
[2024-12-09T11:06:52.294+0000] {spark_submit.py:634} INFO - (Scala,1)
[2024-12-09T11:06:52.294+0000] {spark_submit.py:634} INFO - (Docker,1)
[2024-12-09T11:06:52.295+0000] {spark_submit.py:634} INFO - (spark,1)
[2024-12-09T11:06:52.295+0000] {spark_submit.py:634} INFO - 24/12/09 11:06:52 INFO SparkContext: SparkContext is stopping with exitCode 0.
[2024-12-09T11:06:52.302+0000] {spark_submit.py:634} INFO - 24/12/09 11:06:52 INFO SparkUI: Stopped Spark web UI at http://2a892a3469ec:4041
[2024-12-09T11:06:52.305+0000] {spark_submit.py:634} INFO - 24/12/09 11:06:52 INFO StandaloneSchedulerBackend: Shutting down all executors
[2024-12-09T11:06:52.305+0000] {spark_submit.py:634} INFO - 24/12/09 11:06:52 INFO StandaloneSchedulerBackend$StandaloneDriverEndpoint: Asking each executor to shut down
[2024-12-09T11:06:52.323+0000] {spark_submit.py:634} INFO - 24/12/09 11:06:52 INFO MapOutputTrackerMasterEndpoint: MapOutputTrackerMasterEndpoint stopped!
[2024-12-09T11:06:52.352+0000] {spark_submit.py:634} INFO - 24/12/09 11:06:52 INFO MemoryStore: MemoryStore cleared
[2024-12-09T11:06:52.353+0000] {spark_submit.py:634} INFO - 24/12/09 11:06:52 INFO BlockManager: BlockManager stopped
[2024-12-09T11:06:52.358+0000] {spark_submit.py:634} INFO - 24/12/09 11:06:52 INFO BlockManagerMaster: BlockManagerMaster stopped
[2024-12-09T11:06:52.358+0000] {spark_submit.py:634} INFO - 24/12/09 11:06:52 INFO OutputCommitCoordinator$OutputCommitCoordinatorEndpoint: OutputCommitCoordinator stopped!
[2024-12-09T11:06:52.377+0000] {spark_submit.py:634} INFO - 24/12/09 11:06:52 INFO SparkContext: Successfully stopped SparkContext
[2024-12-09T11:06:52.380+0000] {spark_submit.py:634} INFO - 24/12/09 11:06:52 INFO ShutdownHookManager: Shutdown hook called
[2024-12-09T11:06:52.381+0000] {spark_submit.py:634} INFO - 24/12/09 11:06:52 INFO ShutdownHookManager: Deleting directory /tmp/spark-ead624ea-afae-41c2-967a-c64266019bbd
[2024-12-09T11:06:52.384+0000] {spark_submit.py:634} INFO - 24/12/09 11:06:52 INFO ShutdownHookManager: Deleting directory /tmp/spark-5b635fe6-1279-41b6-8f93-71e4c5256dd0
[2024-12-09T11:06:52.436+0000] {taskinstance.py:340} INFO - ::group::Post task execution logs
[2024-12-09T11:06:52.437+0000] {taskinstance.py:352} INFO - Marking task as SUCCESS. dag_id=sparking_flow, task_id=scala_job, run_id=manual__2024-12-09T11:06:42.359600+00:00, execution_date=20241209T110642, start_date=20241209T110643, end_date=20241209T110652
[2024-12-09T11:06:52.494+0000] {local_task_job_runner.py:266} INFO - Task exited with return code 0
[2024-12-09T11:06:52.513+0000] {taskinstance.py:3895} INFO - 0 downstream tasks scheduled from follow-on schedule check
[2024-12-09T11:06:52.514+0000] {local_task_job_runner.py:245} INFO - ::endgroup::
