[2024-12-09T15:04:41.085+0000] {local_task_job_runner.py:123} INFO - ::group::Pre task execution logs
[2024-12-09T15:04:41.118+0000] {taskinstance.py:2613} INFO - Dependencies all met for dep_context=non-requeueable deps ti=<TaskInstance: sparking_flow.scala_job manual__2024-12-09T15:04:38.744438+00:00 [queued]>
[2024-12-09T15:04:41.133+0000] {taskinstance.py:2613} INFO - Dependencies all met for dep_context=requeueable deps ti=<TaskInstance: sparking_flow.scala_job manual__2024-12-09T15:04:38.744438+00:00 [queued]>
[2024-12-09T15:04:41.136+0000] {taskinstance.py:2866} INFO - Starting attempt 1 of 1
[2024-12-09T15:04:41.166+0000] {taskinstance.py:2889} INFO - Executing <Task(SparkSubmitOperator): scala_job> on 2024-12-09 15:04:38.744438+00:00
[2024-12-09T15:04:41.175+0000] {standard_task_runner.py:104} INFO - Running: ['***', 'tasks', 'run', 'sparking_flow', 'scala_job', 'manual__2024-12-09T15:04:38.744438+00:00', '--job-id', '513', '--raw', '--subdir', 'DAGS_FOLDER/spark_***.py', '--cfg-path', '/tmp/tmpl2738elp']
[2024-12-09T15:04:41.179+0000] {standard_task_runner.py:105} INFO - Job 513: Subtask scala_job
[2024-12-09T15:04:41.176+0000] {logging_mixin.py:190} WARNING - /home/***/.local/lib/python3.12/site-packages/***/task/task_runner/standard_task_runner.py:70 DeprecationWarning: This process (pid=185) is multi-threaded, use of fork() may lead to deadlocks in the child.
[2024-12-09T15:04:41.181+0000] {standard_task_runner.py:72} INFO - Started process 189 to run task
[2024-12-09T15:04:41.265+0000] {task_command.py:467} INFO - Running <TaskInstance: sparking_flow.scala_job manual__2024-12-09T15:04:38.744438+00:00 [running]> on host 2a892a3469ec
[2024-12-09T15:04:41.470+0000] {taskinstance.py:3132} INFO - Exporting env vars: AIRFLOW_CTX_DAG_OWNER='Yusuf Ganiyu' AIRFLOW_CTX_DAG_ID='sparking_flow' AIRFLOW_CTX_TASK_ID='scala_job' AIRFLOW_CTX_EXECUTION_DATE='2024-12-09T15:04:38.744438+00:00' AIRFLOW_CTX_TRY_NUMBER='1' AIRFLOW_CTX_DAG_RUN_ID='manual__2024-12-09T15:04:38.744438+00:00'
[2024-12-09T15:04:41.472+0000] {taskinstance.py:731} INFO - ::endgroup::
[2024-12-09T15:04:41.508+0000] {base.py:84} INFO - Retrieving connection 'spark-conn'
[2024-12-09T15:04:41.510+0000] {spark_submit.py:473} INFO - Spark-Submit cmd: spark-submit --master spark://sparkingflow-spark-master-1:7077 --name arrow-spark --deploy-mode client jobs/scala/target/scala-2.12/word-count_2.12-0.1.jar
[2024-12-09T15:04:45.420+0000] {spark_submit.py:634} INFO - 24/12/09 15:04:45 WARN NativeCodeLoader: Unable to load native-hadoop library for your platform... using builtin-java classes where applicable
[2024-12-09T15:04:45.730+0000] {spark_submit.py:634} INFO - 24/12/09 15:04:45 INFO SparkContext: Running Spark version 3.5.3
[2024-12-09T15:04:45.731+0000] {spark_submit.py:634} INFO - 24/12/09 15:04:45 INFO SparkContext: OS info Linux, 6.10.14-linuxkit, aarch64
[2024-12-09T15:04:45.731+0000] {spark_submit.py:634} INFO - 24/12/09 15:04:45 INFO SparkContext: Java version 17.0.13
[2024-12-09T15:04:45.784+0000] {spark_submit.py:634} INFO - 24/12/09 15:04:45 INFO ResourceUtils: ==============================================================
[2024-12-09T15:04:45.786+0000] {spark_submit.py:634} INFO - 24/12/09 15:04:45 INFO ResourceUtils: No custom resources configured for spark.driver.
[2024-12-09T15:04:45.787+0000] {spark_submit.py:634} INFO - 24/12/09 15:04:45 INFO ResourceUtils: ==============================================================
[2024-12-09T15:04:45.788+0000] {spark_submit.py:634} INFO - 24/12/09 15:04:45 INFO SparkContext: Submitted application: Word Count
[2024-12-09T15:04:45.820+0000] {spark_submit.py:634} INFO - 24/12/09 15:04:45 INFO ResourceProfile: Default ResourceProfile created, executor resources: Map(memory -> name: memory, amount: 1024, script: , vendor: , offHeap -> name: offHeap, amount: 0, script: , vendor: ), task resources: Map(cpus -> name: cpus, amount: 1.0)
[2024-12-09T15:04:45.835+0000] {spark_submit.py:634} INFO - 24/12/09 15:04:45 INFO ResourceProfile: Limiting resource is cpu
[2024-12-09T15:04:45.836+0000] {spark_submit.py:634} INFO - 24/12/09 15:04:45 INFO ResourceProfileManager: Added ResourceProfile id: 0
[2024-12-09T15:04:45.905+0000] {spark_submit.py:634} INFO - 24/12/09 15:04:45 INFO SecurityManager: Changing view acls to: ***
[2024-12-09T15:04:45.909+0000] {spark_submit.py:634} INFO - 24/12/09 15:04:45 INFO SecurityManager: Changing modify acls to: ***
[2024-12-09T15:04:45.910+0000] {spark_submit.py:634} INFO - 24/12/09 15:04:45 INFO SecurityManager: Changing view acls groups to:
[2024-12-09T15:04:45.911+0000] {spark_submit.py:634} INFO - 24/12/09 15:04:45 INFO SecurityManager: Changing modify acls groups to:
[2024-12-09T15:04:45.912+0000] {spark_submit.py:634} INFO - 24/12/09 15:04:45 INFO SecurityManager: SecurityManager: authentication disabled; ui acls disabled; users with view permissions: ***; groups with view permissions: EMPTY; users with modify permissions: ***; groups with modify permissions: EMPTY
[2024-12-09T15:04:46.277+0000] {spark_submit.py:634} INFO - 24/12/09 15:04:46 INFO Utils: Successfully started service 'sparkDriver' on port 35117.
[2024-12-09T15:04:46.322+0000] {spark_submit.py:634} INFO - 24/12/09 15:04:46 INFO SparkEnv: Registering MapOutputTracker
[2024-12-09T15:04:46.366+0000] {spark_submit.py:634} INFO - 24/12/09 15:04:46 INFO SparkEnv: Registering BlockManagerMaster
[2024-12-09T15:04:46.387+0000] {spark_submit.py:634} INFO - 24/12/09 15:04:46 INFO BlockManagerMasterEndpoint: Using org.apache.spark.storage.DefaultTopologyMapper for getting topology information
[2024-12-09T15:04:46.388+0000] {spark_submit.py:634} INFO - 24/12/09 15:04:46 INFO BlockManagerMasterEndpoint: BlockManagerMasterEndpoint up
[2024-12-09T15:04:46.394+0000] {spark_submit.py:634} INFO - 24/12/09 15:04:46 INFO SparkEnv: Registering BlockManagerMasterHeartbeat
[2024-12-09T15:04:46.416+0000] {spark_submit.py:634} INFO - 24/12/09 15:04:46 INFO DiskBlockManager: Created local directory at /tmp/blockmgr-1400a477-543f-4252-8652-366f02e218d0
[2024-12-09T15:04:46.452+0000] {spark_submit.py:634} INFO - 24/12/09 15:04:46 INFO MemoryStore: MemoryStore started with capacity 434.4 MiB
[2024-12-09T15:04:46.479+0000] {spark_submit.py:634} INFO - 24/12/09 15:04:46 INFO SparkEnv: Registering OutputCommitCoordinator
[2024-12-09T15:04:46.705+0000] {spark_submit.py:634} INFO - 24/12/09 15:04:46 INFO JettyUtils: Start Jetty 0.0.0.0:4040 for SparkUI
[2024-12-09T15:04:46.848+0000] {spark_submit.py:634} INFO - 24/12/09 15:04:46 INFO Utils: Successfully started service 'SparkUI' on port 4040.
[2024-12-09T15:04:46.953+0000] {spark_submit.py:634} INFO - 24/12/09 15:04:46 INFO SparkContext: Added JAR file:/opt/***/jobs/scala/target/scala-2.12/word-count_2.12-0.1.jar at spark://2a892a3469ec:35117/jars/word-count_2.12-0.1.jar with timestamp 1733756685711
[2024-12-09T15:04:47.156+0000] {spark_submit.py:634} INFO - 24/12/09 15:04:47 INFO StandaloneAppClient$ClientEndpoint: Connecting to master spark://spark-master:7077...
[2024-12-09T15:04:47.235+0000] {spark_submit.py:634} INFO - 24/12/09 15:04:47 INFO TransportClientFactory: Successfully created connection to spark-master/172.18.0.5:7077 after 40 ms (0 ms spent in bootstraps)
[2024-12-09T15:04:47.609+0000] {spark_submit.py:634} INFO - 24/12/09 15:04:47 INFO StandaloneSchedulerBackend: Connected to Spark cluster with app ID app-20241209150447-0000
[2024-12-09T15:04:47.624+0000] {spark_submit.py:634} INFO - 24/12/09 15:04:47 INFO Utils: Successfully started service 'org.apache.spark.network.netty.NettyBlockTransferService' on port 37827.
[2024-12-09T15:04:47.626+0000] {spark_submit.py:634} INFO - 24/12/09 15:04:47 INFO NettyBlockTransferService: Server created on 2a892a3469ec:37827
[2024-12-09T15:04:47.636+0000] {spark_submit.py:634} INFO - 24/12/09 15:04:47 INFO BlockManager: Using org.apache.spark.storage.RandomBlockReplicationPolicy for block replication policy
[2024-12-09T15:04:47.662+0000] {spark_submit.py:634} INFO - 24/12/09 15:04:47 INFO StandaloneAppClient$ClientEndpoint: Executor added: app-20241209150447-0000/0 on worker-20241209150405-172.18.0.7-43407 (172.18.0.7:43407) with 2 core(s)
[2024-12-09T15:04:47.664+0000] {spark_submit.py:634} INFO - 24/12/09 15:04:47 INFO BlockManagerMaster: Registering BlockManager BlockManagerId(driver, 2a892a3469ec, 37827, None)
[2024-12-09T15:04:47.683+0000] {spark_submit.py:634} INFO - 24/12/09 15:04:47 INFO BlockManagerMasterEndpoint: Registering block manager 2a892a3469ec:37827 with 434.4 MiB RAM, BlockManagerId(driver, 2a892a3469ec, 37827, None)
[2024-12-09T15:04:47.688+0000] {spark_submit.py:634} INFO - 24/12/09 15:04:47 INFO StandaloneSchedulerBackend: Granted executor ID app-20241209150447-0000/0 on hostPort 172.18.0.7:43407 with 2 core(s), 1024.0 MiB RAM
[2024-12-09T15:04:47.694+0000] {spark_submit.py:634} INFO - 24/12/09 15:04:47 INFO BlockManagerMaster: Registered BlockManager BlockManagerId(driver, 2a892a3469ec, 37827, None)
[2024-12-09T15:04:47.703+0000] {spark_submit.py:634} INFO - 24/12/09 15:04:47 INFO BlockManager: Initialized BlockManager: BlockManagerId(driver, 2a892a3469ec, 37827, None)
[2024-12-09T15:04:48.221+0000] {spark_submit.py:634} INFO - 24/12/09 15:04:48 INFO StandaloneAppClient$ClientEndpoint: Executor updated: app-20241209150447-0000/0 is now RUNNING
[2024-12-09T15:04:48.322+0000] {spark_submit.py:634} INFO - 24/12/09 15:04:48 INFO StandaloneSchedulerBackend: SchedulerBackend is ready for scheduling beginning after reached minRegisteredResourcesRatio: 0.0
[2024-12-09T15:04:49.601+0000] {spark_submit.py:634} INFO - 24/12/09 15:04:49 INFO SparkContext: Starting job: collect at wordcount.scala:14
[2024-12-09T15:04:51.020+0000] {spark_submit.py:634} INFO - 24/12/09 15:04:51 INFO DAGScheduler: Registering RDD 2 (map at wordcount.scala:11) as input to shuffle 0
[2024-12-09T15:04:51.043+0000] {spark_submit.py:634} INFO - 24/12/09 15:04:51 INFO DAGScheduler: Got job 0 (collect at wordcount.scala:14) with 2 output partitions
[2024-12-09T15:04:51.045+0000] {spark_submit.py:634} INFO - 24/12/09 15:04:51 INFO DAGScheduler: Final stage: ResultStage 1 (collect at wordcount.scala:14)
[2024-12-09T15:04:51.047+0000] {spark_submit.py:634} INFO - 24/12/09 15:04:51 INFO DAGScheduler: Parents of final stage: List(ShuffleMapStage 0)
[2024-12-09T15:04:51.051+0000] {spark_submit.py:634} INFO - 24/12/09 15:04:51 INFO DAGScheduler: Missing parents: List(ShuffleMapStage 0)
[2024-12-09T15:04:51.098+0000] {spark_submit.py:634} INFO - 24/12/09 15:04:51 INFO DAGScheduler: Submitting ShuffleMapStage 0 (MapPartitionsRDD[2] at map at wordcount.scala:11), which has no missing parents
[2024-12-09T15:04:51.359+0000] {spark_submit.py:634} INFO - 24/12/09 15:04:51 INFO MemoryStore: Block broadcast_0 stored as values in memory (estimated size 5.5 KiB, free 434.4 MiB)
[2024-12-09T15:04:51.471+0000] {spark_submit.py:634} INFO - 24/12/09 15:04:51 INFO MemoryStore: Block broadcast_0_piece0 stored as bytes in memory (estimated size 3.2 KiB, free 434.4 MiB)
[2024-12-09T15:04:51.484+0000] {spark_submit.py:634} INFO - 24/12/09 15:04:51 INFO BlockManagerInfo: Added broadcast_0_piece0 in memory on 2a892a3469ec:37827 (size: 3.2 KiB, free: 434.4 MiB)
[2024-12-09T15:04:51.496+0000] {spark_submit.py:634} INFO - 24/12/09 15:04:51 INFO SparkContext: Created broadcast 0 from broadcast at DAGScheduler.scala:1585
[2024-12-09T15:04:51.544+0000] {spark_submit.py:634} INFO - 24/12/09 15:04:51 INFO DAGScheduler: Submitting 2 missing tasks from ShuffleMapStage 0 (MapPartitionsRDD[2] at map at wordcount.scala:11) (first 15 tasks are for partitions Vector(0, 1))
[2024-12-09T15:04:51.546+0000] {spark_submit.py:634} INFO - 24/12/09 15:04:51 INFO TaskSchedulerImpl: Adding task set 0.0 with 2 tasks resource profile 0
[2024-12-09T15:04:54.948+0000] {spark_submit.py:634} INFO - 24/12/09 15:04:54 INFO StandaloneSchedulerBackend$StandaloneDriverEndpoint: Registered executor NettyRpcEndpointRef(spark-client://Executor) (172.18.0.7:42688) with ID 0,  ResourceProfileId 0
[2024-12-09T15:04:55.058+0000] {spark_submit.py:634} INFO - 24/12/09 15:04:55 INFO BlockManagerMasterEndpoint: Registering block manager 172.18.0.7:46591 with 434.4 MiB RAM, BlockManagerId(0, 172.18.0.7, 46591, None)
[2024-12-09T15:04:55.304+0000] {spark_submit.py:634} INFO - 24/12/09 15:04:55 INFO TaskSetManager: Starting task 0.0 in stage 0.0 (TID 0) (172.18.0.7, executor 0, partition 0, PROCESS_LOCAL, 9198 bytes)
[2024-12-09T15:04:55.316+0000] {spark_submit.py:634} INFO - 24/12/09 15:04:55 INFO TaskSetManager: Starting task 1.0 in stage 0.0 (TID 1) (172.18.0.7, executor 0, partition 1, PROCESS_LOCAL, 9213 bytes)
[2024-12-09T15:04:55.713+0000] {spark_submit.py:634} INFO - 24/12/09 15:04:55 INFO BlockManagerInfo: Added broadcast_0_piece0 in memory on 172.18.0.7:46591 (size: 3.2 KiB, free: 434.4 MiB)
[2024-12-09T15:04:56.630+0000] {spark_submit.py:634} INFO - 24/12/09 15:04:56 INFO TaskSetManager: Finished task 1.0 in stage 0.0 (TID 1) in 1317 ms on 172.18.0.7 (executor 0) (1/2)
[2024-12-09T15:04:56.631+0000] {spark_submit.py:634} INFO - 24/12/09 15:04:56 INFO TaskSetManager: Finished task 0.0 in stage 0.0 (TID 0) in 1352 ms on 172.18.0.7 (executor 0) (2/2)
[2024-12-09T15:04:56.633+0000] {spark_submit.py:634} INFO - 24/12/09 15:04:56 INFO TaskSchedulerImpl: Removed TaskSet 0.0, whose tasks have all completed, from pool
[2024-12-09T15:04:56.642+0000] {spark_submit.py:634} INFO - 24/12/09 15:04:56 INFO DAGScheduler: ShuffleMapStage 0 (map at wordcount.scala:11) finished in 5.494 s
[2024-12-09T15:04:56.643+0000] {spark_submit.py:634} INFO - 24/12/09 15:04:56 INFO DAGScheduler: looking for newly runnable stages
[2024-12-09T15:04:56.643+0000] {spark_submit.py:634} INFO - 24/12/09 15:04:56 INFO DAGScheduler: running: Set()
[2024-12-09T15:04:56.644+0000] {spark_submit.py:634} INFO - 24/12/09 15:04:56 INFO DAGScheduler: waiting: Set(ResultStage 1)
[2024-12-09T15:04:56.644+0000] {spark_submit.py:634} INFO - 24/12/09 15:04:56 INFO DAGScheduler: failed: Set()
[2024-12-09T15:04:56.647+0000] {spark_submit.py:634} INFO - 24/12/09 15:04:56 INFO DAGScheduler: Submitting ResultStage 1 (ShuffledRDD[3] at reduceByKey at wordcount.scala:12), which has no missing parents
[2024-12-09T15:04:56.661+0000] {spark_submit.py:634} INFO - 24/12/09 15:04:56 INFO MemoryStore: Block broadcast_1 stored as values in memory (estimated size 5.2 KiB, free 434.4 MiB)
[2024-12-09T15:04:56.668+0000] {spark_submit.py:634} INFO - 24/12/09 15:04:56 INFO MemoryStore: Block broadcast_1_piece0 stored as bytes in memory (estimated size 3.1 KiB, free 434.4 MiB)
[2024-12-09T15:04:56.671+0000] {spark_submit.py:634} INFO - 24/12/09 15:04:56 INFO BlockManagerInfo: Added broadcast_1_piece0 in memory on 2a892a3469ec:37827 (size: 3.1 KiB, free: 434.4 MiB)
[2024-12-09T15:04:56.672+0000] {spark_submit.py:634} INFO - 24/12/09 15:04:56 INFO SparkContext: Created broadcast 1 from broadcast at DAGScheduler.scala:1585
[2024-12-09T15:04:56.675+0000] {spark_submit.py:634} INFO - 24/12/09 15:04:56 INFO DAGScheduler: Submitting 2 missing tasks from ResultStage 1 (ShuffledRDD[3] at reduceByKey at wordcount.scala:12) (first 15 tasks are for partitions Vector(0, 1))
[2024-12-09T15:04:56.676+0000] {spark_submit.py:634} INFO - 24/12/09 15:04:56 INFO TaskSchedulerImpl: Adding task set 1.0 with 2 tasks resource profile 0
[2024-12-09T15:04:56.683+0000] {spark_submit.py:634} INFO - 24/12/09 15:04:56 INFO TaskSetManager: Starting task 0.0 in stage 1.0 (TID 2) (172.18.0.7, executor 0, partition 0, NODE_LOCAL, 9003 bytes)
[2024-12-09T15:04:56.684+0000] {spark_submit.py:634} INFO - 24/12/09 15:04:56 INFO TaskSetManager: Starting task 1.0 in stage 1.0 (TID 3) (172.18.0.7, executor 0, partition 1, NODE_LOCAL, 9003 bytes)
[2024-12-09T15:04:56.724+0000] {spark_submit.py:634} INFO - 24/12/09 15:04:56 INFO BlockManagerInfo: Added broadcast_1_piece0 in memory on 172.18.0.7:46591 (size: 3.1 KiB, free: 434.4 MiB)
[2024-12-09T15:04:56.814+0000] {spark_submit.py:634} INFO - 24/12/09 15:04:56 INFO MapOutputTrackerMasterEndpoint: Asked to send map output locations for shuffle 0 to 172.18.0.7:42688
[2024-12-09T15:04:56.968+0000] {spark_submit.py:634} INFO - 24/12/09 15:04:56 INFO TaskSetManager: Finished task 0.0 in stage 1.0 (TID 2) in 288 ms on 172.18.0.7 (executor 0) (1/2)
[2024-12-09T15:04:56.976+0000] {spark_submit.py:634} INFO - 24/12/09 15:04:56 INFO TaskSetManager: Finished task 1.0 in stage 1.0 (TID 3) in 292 ms on 172.18.0.7 (executor 0) (2/2)
[2024-12-09T15:04:56.977+0000] {spark_submit.py:634} INFO - 24/12/09 15:04:56 INFO TaskSchedulerImpl: Removed TaskSet 1.0, whose tasks have all completed, from pool
[2024-12-09T15:04:56.979+0000] {spark_submit.py:634} INFO - 24/12/09 15:04:56 INFO DAGScheduler: ResultStage 1 (collect at wordcount.scala:14) finished in 0.322 s
[2024-12-09T15:04:56.985+0000] {spark_submit.py:634} INFO - 24/12/09 15:04:56 INFO DAGScheduler: Job 0 is finished. Cancelling potential speculative or zombie tasks for this job
[2024-12-09T15:04:56.987+0000] {spark_submit.py:634} INFO - 24/12/09 15:04:56 INFO TaskSchedulerImpl: Killing all running tasks in stage 1: Stage finished
[2024-12-09T15:04:56.987+0000] {spark_submit.py:634} INFO - 24/12/09 15:04:56 INFO DAGScheduler: Job 0 finished: collect at wordcount.scala:14, took 7.386265 s
[2024-12-09T15:04:56.996+0000] {spark_submit.py:634} INFO - (Hello,5)
[2024-12-09T15:04:56.997+0000] {spark_submit.py:634} INFO - (Yusuf,1)
[2024-12-09T15:04:56.997+0000] {spark_submit.py:634} INFO - (World,1)
[2024-12-09T15:04:56.998+0000] {spark_submit.py:634} INFO - (Scala,1)
[2024-12-09T15:04:57.000+0000] {spark_submit.py:634} INFO - (Docker,1)
[2024-12-09T15:04:57.003+0000] {spark_submit.py:634} INFO - (spark,1)
[2024-12-09T15:04:57.004+0000] {spark_submit.py:634} INFO - 24/12/09 15:04:56 INFO SparkContext: SparkContext is stopping with exitCode 0.
[2024-12-09T15:04:57.015+0000] {spark_submit.py:634} INFO - 24/12/09 15:04:57 INFO SparkUI: Stopped Spark web UI at http://2a892a3469ec:4040
[2024-12-09T15:04:57.019+0000] {spark_submit.py:634} INFO - 24/12/09 15:04:57 INFO StandaloneSchedulerBackend: Shutting down all executors
[2024-12-09T15:04:57.020+0000] {spark_submit.py:634} INFO - 24/12/09 15:04:57 INFO StandaloneSchedulerBackend$StandaloneDriverEndpoint: Asking each executor to shut down
[2024-12-09T15:04:57.050+0000] {spark_submit.py:634} INFO - 24/12/09 15:04:57 INFO MapOutputTrackerMasterEndpoint: MapOutputTrackerMasterEndpoint stopped!
[2024-12-09T15:04:57.105+0000] {spark_submit.py:634} INFO - 24/12/09 15:04:57 INFO MemoryStore: MemoryStore cleared
[2024-12-09T15:04:57.108+0000] {spark_submit.py:634} INFO - 24/12/09 15:04:57 INFO BlockManager: BlockManager stopped
[2024-12-09T15:04:57.134+0000] {spark_submit.py:634} INFO - 24/12/09 15:04:57 INFO BlockManagerMaster: BlockManagerMaster stopped
[2024-12-09T15:04:57.138+0000] {spark_submit.py:634} INFO - 24/12/09 15:04:57 INFO OutputCommitCoordinator$OutputCommitCoordinatorEndpoint: OutputCommitCoordinator stopped!
[2024-12-09T15:04:57.162+0000] {spark_submit.py:634} INFO - 24/12/09 15:04:57 INFO SparkContext: Successfully stopped SparkContext
[2024-12-09T15:04:57.166+0000] {spark_submit.py:634} INFO - 24/12/09 15:04:57 INFO ShutdownHookManager: Shutdown hook called
[2024-12-09T15:04:57.170+0000] {spark_submit.py:634} INFO - 24/12/09 15:04:57 INFO ShutdownHookManager: Deleting directory /tmp/spark-3775344f-5543-4417-bf4f-26200f37deee
[2024-12-09T15:04:57.174+0000] {spark_submit.py:634} INFO - 24/12/09 15:04:57 INFO ShutdownHookManager: Deleting directory /tmp/spark-8f92670d-c055-4810-a1cd-d7cffa664f67
[2024-12-09T15:04:57.307+0000] {taskinstance.py:340} INFO - ::group::Post task execution logs
[2024-12-09T15:04:57.309+0000] {taskinstance.py:352} INFO - Marking task as SUCCESS. dag_id=sparking_flow, task_id=scala_job, run_id=manual__2024-12-09T15:04:38.744438+00:00, execution_date=20241209T150438, start_date=20241209T150441, end_date=20241209T150457
[2024-12-09T15:04:57.366+0000] {local_task_job_runner.py:266} INFO - Task exited with return code 0
[2024-12-09T15:04:57.411+0000] {taskinstance.py:3895} INFO - 0 downstream tasks scheduled from follow-on schedule check
[2024-12-09T15:04:57.413+0000] {local_task_job_runner.py:245} INFO - ::endgroup::
