[2024-12-04T16:13:40.965+0000] {local_task_job_runner.py:123} INFO - ::group::Pre task execution logs
[2024-12-04T16:13:40.980+0000] {taskinstance.py:2613} INFO - Dependencies all met for dep_context=non-requeueable deps ti=<TaskInstance: sparking_flow.scala_job manual__2024-12-04T16:13:39.762468+00:00 [queued]>
[2024-12-04T16:13:40.988+0000] {taskinstance.py:2613} INFO - Dependencies all met for dep_context=requeueable deps ti=<TaskInstance: sparking_flow.scala_job manual__2024-12-04T16:13:39.762468+00:00 [queued]>
[2024-12-04T16:13:40.988+0000] {taskinstance.py:2866} INFO - Starting attempt 1 of 1
[2024-12-04T16:13:40.998+0000] {taskinstance.py:2889} INFO - Executing <Task(SparkSubmitOperator): scala_job> on 2024-12-04 16:13:39.762468+00:00
[2024-12-04T16:13:41.003+0000] {logging_mixin.py:190} WARNING - /home/***/.local/lib/python3.12/site-packages/***/task/task_runner/standard_task_runner.py:70 DeprecationWarning: This process (pid=391) is multi-threaded, use of fork() may lead to deadlocks in the child.
[2024-12-04T16:13:41.004+0000] {standard_task_runner.py:72} INFO - Started process 393 to run task
[2024-12-04T16:13:41.004+0000] {standard_task_runner.py:104} INFO - Running: ['***', 'tasks', 'run', 'sparking_flow', 'scala_job', 'manual__2024-12-04T16:13:39.762468+00:00', '--job-id', '74', '--raw', '--subdir', 'DAGS_FOLDER/spark_***.py', '--cfg-path', '/tmp/tmpu4xqamb1']
[2024-12-04T16:13:41.006+0000] {standard_task_runner.py:105} INFO - Job 74: Subtask scala_job
[2024-12-04T16:13:41.063+0000] {task_command.py:467} INFO - Running <TaskInstance: sparking_flow.scala_job manual__2024-12-04T16:13:39.762468+00:00 [running]> on host 2a892a3469ec
[2024-12-04T16:13:41.142+0000] {taskinstance.py:3132} INFO - Exporting env vars: AIRFLOW_CTX_DAG_OWNER='Yusuf Ganiyu' AIRFLOW_CTX_DAG_ID='sparking_flow' AIRFLOW_CTX_TASK_ID='scala_job' AIRFLOW_CTX_EXECUTION_DATE='2024-12-04T16:13:39.762468+00:00' AIRFLOW_CTX_TRY_NUMBER='1' AIRFLOW_CTX_DAG_RUN_ID='manual__2024-12-04T16:13:39.762468+00:00'
[2024-12-04T16:13:41.146+0000] {taskinstance.py:731} INFO - ::endgroup::
[2024-12-04T16:13:41.168+0000] {base.py:84} INFO - Retrieving connection 'spark-conn'
[2024-12-04T16:13:41.170+0000] {spark_submit.py:473} INFO - Spark-Submit cmd: spark-submit --master spark://sparkingflow-spark-master-1:7077 --name arrow-spark --deploy-mode client jobs/scala/target/scala-2.12/word-count_2.12-0.1.jar
[2024-12-04T16:13:45.037+0000] {spark_submit.py:634} INFO - 24/12/04 16:13:45 WARN NativeCodeLoader: Unable to load native-hadoop library for your platform... using builtin-java classes where applicable
[2024-12-04T16:13:45.759+0000] {spark_submit.py:634} INFO - 24/12/04 16:13:45 INFO SparkContext: Running Spark version 3.5.3
[2024-12-04T16:13:45.761+0000] {spark_submit.py:634} INFO - 24/12/04 16:13:45 INFO SparkContext: OS info Linux, 6.10.14-linuxkit, aarch64
[2024-12-04T16:13:45.762+0000] {spark_submit.py:634} INFO - 24/12/04 16:13:45 INFO SparkContext: Java version 17.0.13
[2024-12-04T16:13:45.846+0000] {spark_submit.py:634} INFO - 24/12/04 16:13:45 INFO ResourceUtils: ==============================================================
[2024-12-04T16:13:45.848+0000] {spark_submit.py:634} INFO - 24/12/04 16:13:45 INFO ResourceUtils: No custom resources configured for spark.driver.
[2024-12-04T16:13:45.849+0000] {spark_submit.py:634} INFO - 24/12/04 16:13:45 INFO ResourceUtils: ==============================================================
[2024-12-04T16:13:45.850+0000] {spark_submit.py:634} INFO - 24/12/04 16:13:45 INFO SparkContext: Submitted application: Word Count
[2024-12-04T16:13:45.929+0000] {spark_submit.py:634} INFO - 24/12/04 16:13:45 INFO ResourceProfile: Default ResourceProfile created, executor resources: Map(memory -> name: memory, amount: 1024, script: , vendor: , offHeap -> name: offHeap, amount: 0, script: , vendor: ), task resources: Map(cpus -> name: cpus, amount: 1.0)
[2024-12-04T16:13:45.952+0000] {spark_submit.py:634} INFO - 24/12/04 16:13:45 INFO ResourceProfile: Limiting resource is cpu
[2024-12-04T16:13:45.955+0000] {spark_submit.py:634} INFO - 24/12/04 16:13:45 INFO ResourceProfileManager: Added ResourceProfile id: 0
[2024-12-04T16:13:46.117+0000] {spark_submit.py:634} INFO - 24/12/04 16:13:46 INFO SecurityManager: Changing view acls to: ***
[2024-12-04T16:13:46.122+0000] {spark_submit.py:634} INFO - 24/12/04 16:13:46 INFO SecurityManager: Changing modify acls to: ***
[2024-12-04T16:13:46.125+0000] {spark_submit.py:634} INFO - 24/12/04 16:13:46 INFO SecurityManager: Changing view acls groups to:
[2024-12-04T16:13:46.127+0000] {spark_submit.py:634} INFO - 24/12/04 16:13:46 INFO SecurityManager: Changing modify acls groups to:
[2024-12-04T16:13:46.133+0000] {spark_submit.py:634} INFO - 24/12/04 16:13:46 INFO SecurityManager: SecurityManager: authentication disabled; ui acls disabled; users with view permissions: ***; groups with view permissions: EMPTY; users with modify permissions: ***; groups with modify permissions: EMPTY
[2024-12-04T16:13:46.597+0000] {spark_submit.py:634} INFO - 24/12/04 16:13:46 INFO Utils: Successfully started service 'sparkDriver' on port 36591.
[2024-12-04T16:13:46.653+0000] {spark_submit.py:634} INFO - 24/12/04 16:13:46 INFO SparkEnv: Registering MapOutputTracker
[2024-12-04T16:13:46.864+0000] {spark_submit.py:634} INFO - 24/12/04 16:13:46 INFO SparkEnv: Registering BlockManagerMaster
[2024-12-04T16:13:46.889+0000] {spark_submit.py:634} INFO - 24/12/04 16:13:46 INFO BlockManagerMasterEndpoint: Using org.apache.spark.storage.DefaultTopologyMapper for getting topology information
[2024-12-04T16:13:46.891+0000] {spark_submit.py:634} INFO - 24/12/04 16:13:46 INFO BlockManagerMasterEndpoint: BlockManagerMasterEndpoint up
[2024-12-04T16:13:46.895+0000] {spark_submit.py:634} INFO - 24/12/04 16:13:46 INFO SparkEnv: Registering BlockManagerMasterHeartbeat
[2024-12-04T16:13:46.926+0000] {spark_submit.py:634} INFO - 24/12/04 16:13:46 INFO DiskBlockManager: Created local directory at /tmp/blockmgr-726735d4-92ab-4213-a6ec-0a64c54dc9ab
[2024-12-04T16:13:46.947+0000] {spark_submit.py:634} INFO - 24/12/04 16:13:46 INFO MemoryStore: MemoryStore started with capacity 434.4 MiB
[2024-12-04T16:13:46.979+0000] {spark_submit.py:634} INFO - 24/12/04 16:13:46 INFO SparkEnv: Registering OutputCommitCoordinator
[2024-12-04T16:13:47.227+0000] {spark_submit.py:634} INFO - 24/12/04 16:13:47 INFO JettyUtils: Start Jetty 0.0.0.0:4040 for SparkUI
[2024-12-04T16:13:47.379+0000] {spark_submit.py:634} INFO - 24/12/04 16:13:47 WARN Utils: Service 'SparkUI' could not bind on port 4040. Attempting port 4041.
[2024-12-04T16:13:47.393+0000] {spark_submit.py:634} INFO - 24/12/04 16:13:47 INFO Utils: Successfully started service 'SparkUI' on port 4041.
[2024-12-04T16:13:47.485+0000] {spark_submit.py:634} INFO - 24/12/04 16:13:47 INFO SparkContext: Added JAR file:/opt/***/jobs/scala/target/scala-2.12/word-count_2.12-0.1.jar at spark://2a892a3469ec:36591/jars/word-count_2.12-0.1.jar with timestamp 1733328825735
[2024-12-04T16:13:47.729+0000] {spark_submit.py:634} INFO - 24/12/04 16:13:47 INFO StandaloneAppClient$ClientEndpoint: Connecting to master spark://spark-master:7077...
[2024-12-04T16:13:47.910+0000] {spark_submit.py:634} INFO - 24/12/04 16:13:47 INFO TransportClientFactory: Successfully created connection to spark-master/172.18.0.5:7077 after 88 ms (0 ms spent in bootstraps)
[2024-12-04T16:13:48.553+0000] {spark_submit.py:634} INFO - 24/12/04 16:13:48 INFO StandaloneSchedulerBackend: Connected to Spark cluster with app ID app-20241204161348-0000
[2024-12-04T16:13:48.616+0000] {spark_submit.py:634} INFO - 24/12/04 16:13:48 INFO Utils: Successfully started service 'org.apache.spark.network.netty.NettyBlockTransferService' on port 42231.
[2024-12-04T16:13:48.617+0000] {spark_submit.py:634} INFO - 24/12/04 16:13:48 INFO NettyBlockTransferService: Server created on 2a892a3469ec:42231
[2024-12-04T16:13:48.629+0000] {spark_submit.py:634} INFO - 24/12/04 16:13:48 INFO BlockManager: Using org.apache.spark.storage.RandomBlockReplicationPolicy for block replication policy
[2024-12-04T16:13:48.652+0000] {spark_submit.py:634} INFO - 24/12/04 16:13:48 INFO BlockManagerMaster: Registering BlockManager BlockManagerId(driver, 2a892a3469ec, 42231, None)
[2024-12-04T16:13:48.674+0000] {spark_submit.py:634} INFO - 24/12/04 16:13:48 INFO StandaloneAppClient$ClientEndpoint: Executor added: app-20241204161348-0000/0 on worker-20241204155823-172.18.0.7-37761 (172.18.0.7:37761) with 2 core(s)
[2024-12-04T16:13:48.681+0000] {spark_submit.py:634} INFO - 24/12/04 16:13:48 INFO StandaloneSchedulerBackend: Granted executor ID app-20241204161348-0000/0 on hostPort 172.18.0.7:37761 with 2 core(s), 1024.0 MiB RAM
[2024-12-04T16:13:48.697+0000] {spark_submit.py:634} INFO - 24/12/04 16:13:48 INFO BlockManagerMasterEndpoint: Registering block manager 2a892a3469ec:42231 with 434.4 MiB RAM, BlockManagerId(driver, 2a892a3469ec, 42231, None)
[2024-12-04T16:13:48.711+0000] {spark_submit.py:634} INFO - 24/12/04 16:13:48 INFO BlockManagerMaster: Registered BlockManager BlockManagerId(driver, 2a892a3469ec, 42231, None)
[2024-12-04T16:13:48.714+0000] {spark_submit.py:634} INFO - 24/12/04 16:13:48 INFO BlockManager: Initialized BlockManager: BlockManagerId(driver, 2a892a3469ec, 42231, None)
[2024-12-04T16:13:49.648+0000] {spark_submit.py:634} INFO - 24/12/04 16:13:49 INFO StandaloneSchedulerBackend: SchedulerBackend is ready for scheduling beginning after reached minRegisteredResourcesRatio: 0.0
[2024-12-04T16:13:50.245+0000] {spark_submit.py:634} INFO - 24/12/04 16:13:50 INFO StandaloneAppClient$ClientEndpoint: Executor updated: app-20241204161348-0000/0 is now RUNNING
[2024-12-04T16:13:51.711+0000] {spark_submit.py:634} INFO - 24/12/04 16:13:51 INFO SparkContext: Starting job: collect at wordcount.scala:14
[2024-12-04T16:13:53.070+0000] {spark_submit.py:634} INFO - 24/12/04 16:13:53 INFO DAGScheduler: Registering RDD 2 (map at wordcount.scala:11) as input to shuffle 0
[2024-12-04T16:13:53.079+0000] {spark_submit.py:634} INFO - 24/12/04 16:13:53 INFO DAGScheduler: Got job 0 (collect at wordcount.scala:14) with 2 output partitions
[2024-12-04T16:13:53.086+0000] {spark_submit.py:634} INFO - 24/12/04 16:13:53 INFO DAGScheduler: Final stage: ResultStage 1 (collect at wordcount.scala:14)
[2024-12-04T16:13:53.090+0000] {spark_submit.py:634} INFO - 24/12/04 16:13:53 INFO DAGScheduler: Parents of final stage: List(ShuffleMapStage 0)
[2024-12-04T16:13:53.091+0000] {spark_submit.py:634} INFO - 24/12/04 16:13:53 INFO DAGScheduler: Missing parents: List(ShuffleMapStage 0)
[2024-12-04T16:13:53.102+0000] {spark_submit.py:634} INFO - 24/12/04 16:13:53 INFO DAGScheduler: Submitting ShuffleMapStage 0 (MapPartitionsRDD[2] at map at wordcount.scala:11), which has no missing parents
[2024-12-04T16:13:53.799+0000] {spark_submit.py:634} INFO - 24/12/04 16:13:53 INFO MemoryStore: Block broadcast_0 stored as values in memory (estimated size 5.5 KiB, free 434.4 MiB)
[2024-12-04T16:13:53.966+0000] {spark_submit.py:634} INFO - 24/12/04 16:13:53 INFO MemoryStore: Block broadcast_0_piece0 stored as bytes in memory (estimated size 3.2 KiB, free 434.4 MiB)
[2024-12-04T16:13:53.972+0000] {spark_submit.py:634} INFO - 24/12/04 16:13:53 INFO BlockManagerInfo: Added broadcast_0_piece0 in memory on 2a892a3469ec:42231 (size: 3.2 KiB, free: 434.4 MiB)
[2024-12-04T16:13:54.015+0000] {spark_submit.py:634} INFO - 24/12/04 16:13:54 INFO SparkContext: Created broadcast 0 from broadcast at DAGScheduler.scala:1585
[2024-12-04T16:13:54.103+0000] {spark_submit.py:634} INFO - 24/12/04 16:13:54 INFO DAGScheduler: Submitting 2 missing tasks from ShuffleMapStage 0 (MapPartitionsRDD[2] at map at wordcount.scala:11) (first 15 tasks are for partitions Vector(0, 1))
[2024-12-04T16:13:54.106+0000] {spark_submit.py:634} INFO - 24/12/04 16:13:54 INFO TaskSchedulerImpl: Adding task set 0.0 with 2 tasks resource profile 0
[2024-12-04T16:13:56.202+0000] {spark_submit.py:634} INFO - 24/12/04 16:13:56 INFO StandaloneSchedulerBackend$StandaloneDriverEndpoint: Registered executor NettyRpcEndpointRef(spark-client://Executor) (172.18.0.7:57814) with ID 0,  ResourceProfileId 0
[2024-12-04T16:13:56.258+0000] {spark_submit.py:634} INFO - 24/12/04 16:13:56 INFO BlockManagerMasterEndpoint: Registering block manager 172.18.0.7:46557 with 434.4 MiB RAM, BlockManagerId(0, 172.18.0.7, 46557, None)
[2024-12-04T16:13:56.357+0000] {spark_submit.py:634} INFO - 24/12/04 16:13:56 INFO TaskSetManager: Starting task 0.0 in stage 0.0 (TID 0) (172.18.0.7, executor 0, partition 0, PROCESS_LOCAL, 9198 bytes)
[2024-12-04T16:13:56.361+0000] {spark_submit.py:634} INFO - 24/12/04 16:13:56 INFO TaskSetManager: Starting task 1.0 in stage 0.0 (TID 1) (172.18.0.7, executor 0, partition 1, PROCESS_LOCAL, 9213 bytes)
[2024-12-04T16:13:56.631+0000] {spark_submit.py:634} INFO - 24/12/04 16:13:56 INFO BlockManagerInfo: Added broadcast_0_piece0 in memory on 172.18.0.7:46557 (size: 3.2 KiB, free: 434.4 MiB)
[2024-12-04T16:13:57.238+0000] {spark_submit.py:634} INFO - 24/12/04 16:13:57 INFO TaskSetManager: Finished task 0.0 in stage 0.0 (TID 0) in 892 ms on 172.18.0.7 (executor 0) (1/2)
[2024-12-04T16:13:57.240+0000] {spark_submit.py:634} INFO - 24/12/04 16:13:57 INFO TaskSetManager: Finished task 1.0 in stage 0.0 (TID 1) in 880 ms on 172.18.0.7 (executor 0) (2/2)
[2024-12-04T16:13:57.242+0000] {spark_submit.py:634} INFO - 24/12/04 16:13:57 INFO TaskSchedulerImpl: Removed TaskSet 0.0, whose tasks have all completed, from pool
[2024-12-04T16:13:57.248+0000] {spark_submit.py:634} INFO - 24/12/04 16:13:57 INFO DAGScheduler: ShuffleMapStage 0 (map at wordcount.scala:11) finished in 4.034 s
[2024-12-04T16:13:57.249+0000] {spark_submit.py:634} INFO - 24/12/04 16:13:57 INFO DAGScheduler: looking for newly runnable stages
[2024-12-04T16:13:57.249+0000] {spark_submit.py:634} INFO - 24/12/04 16:13:57 INFO DAGScheduler: running: Set()
[2024-12-04T16:13:57.250+0000] {spark_submit.py:634} INFO - 24/12/04 16:13:57 INFO DAGScheduler: waiting: Set(ResultStage 1)
[2024-12-04T16:13:57.250+0000] {spark_submit.py:634} INFO - 24/12/04 16:13:57 INFO DAGScheduler: failed: Set()
[2024-12-04T16:13:57.253+0000] {spark_submit.py:634} INFO - 24/12/04 16:13:57 INFO DAGScheduler: Submitting ResultStage 1 (ShuffledRDD[3] at reduceByKey at wordcount.scala:12), which has no missing parents
[2024-12-04T16:13:57.264+0000] {spark_submit.py:634} INFO - 24/12/04 16:13:57 INFO MemoryStore: Block broadcast_1 stored as values in memory (estimated size 5.2 KiB, free 434.4 MiB)
[2024-12-04T16:13:57.284+0000] {spark_submit.py:634} INFO - 24/12/04 16:13:57 INFO MemoryStore: Block broadcast_1_piece0 stored as bytes in memory (estimated size 3.1 KiB, free 434.4 MiB)
[2024-12-04T16:13:57.285+0000] {spark_submit.py:634} INFO - 24/12/04 16:13:57 INFO BlockManagerInfo: Added broadcast_1_piece0 in memory on 2a892a3469ec:42231 (size: 3.1 KiB, free: 434.4 MiB)
[2024-12-04T16:13:57.286+0000] {spark_submit.py:634} INFO - 24/12/04 16:13:57 INFO SparkContext: Created broadcast 1 from broadcast at DAGScheduler.scala:1585
[2024-12-04T16:13:57.288+0000] {spark_submit.py:634} INFO - 24/12/04 16:13:57 INFO DAGScheduler: Submitting 2 missing tasks from ResultStage 1 (ShuffledRDD[3] at reduceByKey at wordcount.scala:12) (first 15 tasks are for partitions Vector(0, 1))
[2024-12-04T16:13:57.289+0000] {spark_submit.py:634} INFO - 24/12/04 16:13:57 INFO TaskSchedulerImpl: Adding task set 1.0 with 2 tasks resource profile 0
[2024-12-04T16:13:57.294+0000] {spark_submit.py:634} INFO - 24/12/04 16:13:57 INFO TaskSetManager: Starting task 0.0 in stage 1.0 (TID 2) (172.18.0.7, executor 0, partition 0, NODE_LOCAL, 9003 bytes)
[2024-12-04T16:13:57.295+0000] {spark_submit.py:634} INFO - 24/12/04 16:13:57 INFO TaskSetManager: Starting task 1.0 in stage 1.0 (TID 3) (172.18.0.7, executor 0, partition 1, NODE_LOCAL, 9003 bytes)
[2024-12-04T16:13:57.318+0000] {spark_submit.py:634} INFO - 24/12/04 16:13:57 INFO BlockManagerInfo: Added broadcast_1_piece0 in memory on 172.18.0.7:46557 (size: 3.1 KiB, free: 434.4 MiB)
[2024-12-04T16:13:57.378+0000] {spark_submit.py:634} INFO - 24/12/04 16:13:57 INFO MapOutputTrackerMasterEndpoint: Asked to send map output locations for shuffle 0 to 172.18.0.7:57814
[2024-12-04T16:13:57.415+0000] {spark_submit.py:634} INFO - 24/12/04 16:13:57 INFO BlockManagerInfo: Removed broadcast_0_piece0 on 2a892a3469ec:42231 in memory (size: 3.2 KiB, free: 434.4 MiB)
[2024-12-04T16:13:57.424+0000] {spark_submit.py:634} INFO - 24/12/04 16:13:57 INFO BlockManagerInfo: Removed broadcast_0_piece0 on 172.18.0.7:46557 in memory (size: 3.2 KiB, free: 434.4 MiB)
[2024-12-04T16:13:57.517+0000] {spark_submit.py:634} INFO - 24/12/04 16:13:57 INFO TaskSetManager: Finished task 0.0 in stage 1.0 (TID 2) in 223 ms on 172.18.0.7 (executor 0) (1/2)
[2024-12-04T16:13:57.517+0000] {spark_submit.py:634} INFO - 24/12/04 16:13:57 INFO TaskSetManager: Finished task 1.0 in stage 1.0 (TID 3) in 222 ms on 172.18.0.7 (executor 0) (2/2)
[2024-12-04T16:13:57.518+0000] {spark_submit.py:634} INFO - 24/12/04 16:13:57 INFO TaskSchedulerImpl: Removed TaskSet 1.0, whose tasks have all completed, from pool
[2024-12-04T16:13:57.519+0000] {spark_submit.py:634} INFO - 24/12/04 16:13:57 INFO DAGScheduler: ResultStage 1 (collect at wordcount.scala:14) finished in 0.257 s
[2024-12-04T16:13:57.523+0000] {spark_submit.py:634} INFO - 24/12/04 16:13:57 INFO DAGScheduler: Job 0 is finished. Cancelling potential speculative or zombie tasks for this job
[2024-12-04T16:13:57.523+0000] {spark_submit.py:634} INFO - 24/12/04 16:13:57 INFO TaskSchedulerImpl: Killing all running tasks in stage 1: Stage finished
[2024-12-04T16:13:57.530+0000] {spark_submit.py:634} INFO - 24/12/04 16:13:57 INFO DAGScheduler: Job 0 finished: collect at wordcount.scala:14, took 5.814772 s
[2024-12-04T16:13:57.533+0000] {spark_submit.py:634} INFO - (Hello,5)
[2024-12-04T16:13:57.534+0000] {spark_submit.py:634} INFO - (Yusuf,1)
[2024-12-04T16:13:57.534+0000] {spark_submit.py:634} INFO - (World,1)
[2024-12-04T16:13:57.534+0000] {spark_submit.py:634} INFO - (Scala,1)
[2024-12-04T16:13:57.534+0000] {spark_submit.py:634} INFO - (Docker,1)
[2024-12-04T16:13:57.534+0000] {spark_submit.py:634} INFO - (spark,1)
[2024-12-04T16:13:57.535+0000] {spark_submit.py:634} INFO - 24/12/04 16:13:57 INFO SparkContext: SparkContext is stopping with exitCode 0.
[2024-12-04T16:13:57.545+0000] {spark_submit.py:634} INFO - 24/12/04 16:13:57 INFO SparkUI: Stopped Spark web UI at http://2a892a3469ec:4041
[2024-12-04T16:13:57.550+0000] {spark_submit.py:634} INFO - 24/12/04 16:13:57 INFO StandaloneSchedulerBackend: Shutting down all executors
[2024-12-04T16:13:57.551+0000] {spark_submit.py:634} INFO - 24/12/04 16:13:57 INFO StandaloneSchedulerBackend$StandaloneDriverEndpoint: Asking each executor to shut down
[2024-12-04T16:13:57.573+0000] {spark_submit.py:634} INFO - 24/12/04 16:13:57 INFO MapOutputTrackerMasterEndpoint: MapOutputTrackerMasterEndpoint stopped!
[2024-12-04T16:13:57.615+0000] {spark_submit.py:634} INFO - 24/12/04 16:13:57 INFO MemoryStore: MemoryStore cleared
[2024-12-04T16:13:57.616+0000] {spark_submit.py:634} INFO - 24/12/04 16:13:57 INFO BlockManager: BlockManager stopped
[2024-12-04T16:13:57.624+0000] {spark_submit.py:634} INFO - 24/12/04 16:13:57 INFO BlockManagerMaster: BlockManagerMaster stopped
[2024-12-04T16:13:57.628+0000] {spark_submit.py:634} INFO - 24/12/04 16:13:57 INFO OutputCommitCoordinator$OutputCommitCoordinatorEndpoint: OutputCommitCoordinator stopped!
[2024-12-04T16:13:57.645+0000] {spark_submit.py:634} INFO - 24/12/04 16:13:57 INFO SparkContext: Successfully stopped SparkContext
[2024-12-04T16:13:57.655+0000] {spark_submit.py:634} INFO - 24/12/04 16:13:57 INFO ShutdownHookManager: Shutdown hook called
[2024-12-04T16:13:57.655+0000] {spark_submit.py:634} INFO - 24/12/04 16:13:57 INFO ShutdownHookManager: Deleting directory /tmp/spark-10e94e84-1e7f-4b21-8418-cb6e38ea3749
[2024-12-04T16:13:57.661+0000] {spark_submit.py:634} INFO - 24/12/04 16:13:57 INFO ShutdownHookManager: Deleting directory /tmp/spark-21830af6-5dba-4d29-9fcd-66b268077745
[2024-12-04T16:13:57.735+0000] {taskinstance.py:340} INFO - ::group::Post task execution logs
[2024-12-04T16:13:57.737+0000] {taskinstance.py:352} INFO - Marking task as SUCCESS. dag_id=sparking_flow, task_id=scala_job, run_id=manual__2024-12-04T16:13:39.762468+00:00, execution_date=20241204T161339, start_date=20241204T161340, end_date=20241204T161357
[2024-12-04T16:13:57.812+0000] {local_task_job_runner.py:266} INFO - Task exited with return code 0
[2024-12-04T16:13:57.845+0000] {taskinstance.py:3895} INFO - 0 downstream tasks scheduled from follow-on schedule check
[2024-12-04T16:13:57.847+0000] {local_task_job_runner.py:245} INFO - ::endgroup::
