[2024-12-08T16:40:51.488+0000] {local_task_job_runner.py:123} INFO - ::group::Pre task execution logs
[2024-12-08T16:40:51.505+0000] {taskinstance.py:2613} INFO - Dependencies all met for dep_context=non-requeueable deps ti=<TaskInstance: sparking_flow.java_job manual__2024-12-08T16:40:49.569430+00:00 [queued]>
[2024-12-08T16:40:51.528+0000] {taskinstance.py:2613} INFO - Dependencies all met for dep_context=requeueable deps ti=<TaskInstance: sparking_flow.java_job manual__2024-12-08T16:40:49.569430+00:00 [queued]>
[2024-12-08T16:40:51.530+0000] {taskinstance.py:2866} INFO - Starting attempt 1 of 1
[2024-12-08T16:40:51.548+0000] {taskinstance.py:2889} INFO - Executing <Task(SparkSubmitOperator): java_job> on 2024-12-08 16:40:49.569430+00:00
[2024-12-08T16:40:51.557+0000] {logging_mixin.py:190} WARNING - /home/***/.local/lib/python3.12/site-packages/***/task/task_runner/standard_task_runner.py:70 DeprecationWarning: This process (pid=185) is multi-threaded, use of fork() may lead to deadlocks in the child.
[2024-12-08T16:40:51.560+0000] {standard_task_runner.py:72} INFO - Started process 192 to run task
[2024-12-08T16:40:51.557+0000] {standard_task_runner.py:104} INFO - Running: ['***', 'tasks', 'run', 'sparking_flow', 'java_job', 'manual__2024-12-08T16:40:49.569430+00:00', '--job-id', '224', '--raw', '--subdir', 'DAGS_FOLDER/spark_***.py', '--cfg-path', '/tmp/tmpzf1rcuq8']
[2024-12-08T16:40:51.562+0000] {standard_task_runner.py:105} INFO - Job 224: Subtask java_job
[2024-12-08T16:40:51.659+0000] {task_command.py:467} INFO - Running <TaskInstance: sparking_flow.java_job manual__2024-12-08T16:40:49.569430+00:00 [running]> on host 2a892a3469ec
[2024-12-08T16:40:51.792+0000] {taskinstance.py:3132} INFO - Exporting env vars: AIRFLOW_CTX_DAG_OWNER='Yusuf Ganiyu' AIRFLOW_CTX_DAG_ID='sparking_flow' AIRFLOW_CTX_TASK_ID='java_job' AIRFLOW_CTX_EXECUTION_DATE='2024-12-08T16:40:49.569430+00:00' AIRFLOW_CTX_TRY_NUMBER='1' AIRFLOW_CTX_DAG_RUN_ID='manual__2024-12-08T16:40:49.569430+00:00'
[2024-12-08T16:40:51.794+0000] {taskinstance.py:731} INFO - ::endgroup::
[2024-12-08T16:40:51.824+0000] {base.py:84} INFO - Retrieving connection 'spark-conn'
[2024-12-08T16:40:51.825+0000] {spark_submit.py:473} INFO - Spark-Submit cmd: spark-submit --master spark://sparkingflow-spark-master-1:7077 --name arrow-spark --class com.airscholar.spark.WordCountJob --deploy-mode client jobs/java/spark-job/target/spark-job-1.0-SNAPSHOT.jar
[2024-12-08T16:40:56.079+0000] {spark_submit.py:634} INFO - 24/12/08 16:40:56 INFO SparkContext: Running Spark version 3.5.3
[2024-12-08T16:40:56.092+0000] {spark_submit.py:634} INFO - 24/12/08 16:40:56 INFO SparkContext: OS info Linux, 6.10.14-linuxkit, aarch64
[2024-12-08T16:40:56.095+0000] {spark_submit.py:634} INFO - 24/12/08 16:40:56 INFO SparkContext: Java version 17.0.13
[2024-12-08T16:40:56.229+0000] {spark_submit.py:634} INFO - 24/12/08 16:40:56 WARN NativeCodeLoader: Unable to load native-hadoop library for your platform... using builtin-java classes where applicable
[2024-12-08T16:40:56.410+0000] {spark_submit.py:634} INFO - 24/12/08 16:40:56 INFO ResourceUtils: ==============================================================
[2024-12-08T16:40:56.412+0000] {spark_submit.py:634} INFO - 24/12/08 16:40:56 INFO ResourceUtils: No custom resources configured for spark.driver.
[2024-12-08T16:40:56.417+0000] {spark_submit.py:634} INFO - 24/12/08 16:40:56 INFO ResourceUtils: ==============================================================
[2024-12-08T16:40:56.418+0000] {spark_submit.py:634} INFO - 24/12/08 16:40:56 INFO SparkContext: Submitted application: Word Count Job
[2024-12-08T16:40:56.461+0000] {spark_submit.py:634} INFO - 24/12/08 16:40:56 INFO ResourceProfile: Default ResourceProfile created, executor resources: Map(cores -> name: cores, amount: 1, script: , vendor: , memory -> name: memory, amount: 1024, script: , vendor: , offHeap -> name: offHeap, amount: 0, script: , vendor: ), task resources: Map(cpus -> name: cpus, amount: 1.0)
[2024-12-08T16:40:56.478+0000] {spark_submit.py:634} INFO - 24/12/08 16:40:56 INFO ResourceProfile: Limiting resource is cpu
[2024-12-08T16:40:56.487+0000] {spark_submit.py:634} INFO - 24/12/08 16:40:56 INFO ResourceProfileManager: Added ResourceProfile id: 0
[2024-12-08T16:40:56.628+0000] {spark_submit.py:634} INFO - 24/12/08 16:40:56 INFO SecurityManager: Changing view acls to: ***
[2024-12-08T16:40:56.639+0000] {spark_submit.py:634} INFO - 24/12/08 16:40:56 INFO SecurityManager: Changing modify acls to: ***
[2024-12-08T16:40:56.641+0000] {spark_submit.py:634} INFO - 24/12/08 16:40:56 INFO SecurityManager: Changing view acls groups to:
[2024-12-08T16:40:56.643+0000] {spark_submit.py:634} INFO - 24/12/08 16:40:56 INFO SecurityManager: Changing modify acls groups to:
[2024-12-08T16:40:56.644+0000] {spark_submit.py:634} INFO - 24/12/08 16:40:56 INFO SecurityManager: SecurityManager: authentication disabled; ui acls disabled; users with view permissions: ***; groups with view permissions: EMPTY; users with modify permissions: ***; groups with modify permissions: EMPTY
[2024-12-08T16:40:57.510+0000] {spark_submit.py:634} INFO - 24/12/08 16:40:57 INFO Utils: Successfully started service 'sparkDriver' on port 34089.
[2024-12-08T16:40:57.957+0000] {spark_submit.py:634} INFO - 24/12/08 16:40:57 INFO SparkEnv: Registering MapOutputTracker
[2024-12-08T16:40:58.103+0000] {spark_submit.py:634} INFO - 24/12/08 16:40:58 INFO SparkEnv: Registering BlockManagerMaster
[2024-12-08T16:40:58.157+0000] {spark_submit.py:634} INFO - 24/12/08 16:40:58 INFO BlockManagerMasterEndpoint: Using org.apache.spark.storage.DefaultTopologyMapper for getting topology information
[2024-12-08T16:40:58.159+0000] {spark_submit.py:634} INFO - 24/12/08 16:40:58 INFO BlockManagerMasterEndpoint: BlockManagerMasterEndpoint up
[2024-12-08T16:40:58.166+0000] {spark_submit.py:634} INFO - 24/12/08 16:40:58 INFO SparkEnv: Registering BlockManagerMasterHeartbeat
[2024-12-08T16:40:58.282+0000] {spark_submit.py:634} INFO - 24/12/08 16:40:58 INFO DiskBlockManager: Created local directory at /tmp/blockmgr-956dc0c5-a158-49ce-b51d-1e41b9258e5f
[2024-12-08T16:40:58.368+0000] {spark_submit.py:634} INFO - 24/12/08 16:40:58 INFO MemoryStore: MemoryStore started with capacity 434.4 MiB
[2024-12-08T16:40:58.395+0000] {spark_submit.py:634} INFO - 24/12/08 16:40:58 INFO SparkEnv: Registering OutputCommitCoordinator
[2024-12-08T16:40:58.632+0000] {spark_submit.py:634} INFO - 24/12/08 16:40:58 INFO JettyUtils: Start Jetty 0.0.0.0:4040 for SparkUI
[2024-12-08T16:40:58.761+0000] {spark_submit.py:634} INFO - 24/12/08 16:40:58 INFO Utils: Successfully started service 'SparkUI' on port 4040.
[2024-12-08T16:40:58.837+0000] {spark_submit.py:634} INFO - 24/12/08 16:40:58 INFO SparkContext: Added JAR file:/opt/***/jobs/java/spark-job/target/spark-job-1.0-SNAPSHOT.jar at spark://2a892a3469ec:34089/jars/spark-job-1.0-SNAPSHOT.jar with timestamp 1733676056046
[2024-12-08T16:40:58.947+0000] {spark_submit.py:634} INFO - 24/12/08 16:40:58 INFO Executor: Starting executor ID driver on host 2a892a3469ec
[2024-12-08T16:40:58.948+0000] {spark_submit.py:634} INFO - 24/12/08 16:40:58 INFO Executor: OS info Linux, 6.10.14-linuxkit, aarch64
[2024-12-08T16:40:58.949+0000] {spark_submit.py:634} INFO - 24/12/08 16:40:58 INFO Executor: Java version 17.0.13
[2024-12-08T16:40:58.965+0000] {spark_submit.py:634} INFO - 24/12/08 16:40:58 INFO Executor: Starting executor with user classpath (userClassPathFirst = false): ''
[2024-12-08T16:40:58.969+0000] {spark_submit.py:634} INFO - 24/12/08 16:40:58 INFO Executor: Created or updated repl class loader org.apache.spark.util.MutableURLClassLoader@38f77cd9 for default.
[2024-12-08T16:40:58.998+0000] {spark_submit.py:634} INFO - 24/12/08 16:40:58 INFO Executor: Fetching spark://2a892a3469ec:34089/jars/spark-job-1.0-SNAPSHOT.jar with timestamp 1733676056046
[2024-12-08T16:40:59.089+0000] {spark_submit.py:634} INFO - 24/12/08 16:40:59 INFO TransportClientFactory: Successfully created connection to 2a892a3469ec/172.18.0.4:34089 after 38 ms (0 ms spent in bootstraps)
[2024-12-08T16:40:59.098+0000] {spark_submit.py:634} INFO - 24/12/08 16:40:59 INFO Utils: Fetching spark://2a892a3469ec:34089/jars/spark-job-1.0-SNAPSHOT.jar to /tmp/spark-8c00d2d1-519e-49ea-a1ff-1251b5f8c622/userFiles-58d6384b-51e6-41de-b701-56dc360b6548/fetchFileTemp6284087018903715722.tmp
[2024-12-08T16:40:59.162+0000] {spark_submit.py:634} INFO - 24/12/08 16:40:59 INFO Executor: Adding file:/tmp/spark-8c00d2d1-519e-49ea-a1ff-1251b5f8c622/userFiles-58d6384b-51e6-41de-b701-56dc360b6548/spark-job-1.0-SNAPSHOT.jar to class loader default
[2024-12-08T16:40:59.183+0000] {spark_submit.py:634} INFO - 24/12/08 16:40:59 INFO Utils: Successfully started service 'org.apache.spark.network.netty.NettyBlockTransferService' on port 45417.
[2024-12-08T16:40:59.188+0000] {spark_submit.py:634} INFO - 24/12/08 16:40:59 INFO NettyBlockTransferService: Server created on 2a892a3469ec:45417
[2024-12-08T16:40:59.189+0000] {spark_submit.py:634} INFO - 24/12/08 16:40:59 INFO BlockManager: Using org.apache.spark.storage.RandomBlockReplicationPolicy for block replication policy
[2024-12-08T16:40:59.202+0000] {spark_submit.py:634} INFO - 24/12/08 16:40:59 INFO BlockManagerMaster: Registering BlockManager BlockManagerId(driver, 2a892a3469ec, 45417, None)
[2024-12-08T16:40:59.209+0000] {spark_submit.py:634} INFO - 24/12/08 16:40:59 INFO BlockManagerMasterEndpoint: Registering block manager 2a892a3469ec:45417 with 434.4 MiB RAM, BlockManagerId(driver, 2a892a3469ec, 45417, None)
[2024-12-08T16:40:59.214+0000] {spark_submit.py:634} INFO - 24/12/08 16:40:59 INFO BlockManagerMaster: Registered BlockManager BlockManagerId(driver, 2a892a3469ec, 45417, None)
[2024-12-08T16:40:59.216+0000] {spark_submit.py:634} INFO - 24/12/08 16:40:59 INFO BlockManager: Initialized BlockManager: BlockManagerId(driver, 2a892a3469ec, 45417, None)
[2024-12-08T16:41:00.408+0000] {spark_submit.py:634} INFO - 24/12/08 16:41:00 INFO SparkContext: Starting job: collect at WordCountJob.java:37
[2024-12-08T16:41:00.530+0000] {spark_submit.py:634} INFO - 24/12/08 16:41:00 INFO DAGScheduler: Registering RDD 2 (mapToPair at WordCountJob.java:33) as input to shuffle 0
[2024-12-08T16:41:00.546+0000] {spark_submit.py:634} INFO - 24/12/08 16:41:00 INFO DAGScheduler: Got job 0 (collect at WordCountJob.java:37) with 1 output partitions
[2024-12-08T16:41:00.552+0000] {spark_submit.py:634} INFO - 24/12/08 16:41:00 INFO DAGScheduler: Final stage: ResultStage 1 (collect at WordCountJob.java:37)
[2024-12-08T16:41:00.553+0000] {spark_submit.py:634} INFO - 24/12/08 16:41:00 INFO DAGScheduler: Parents of final stage: List(ShuffleMapStage 0)
[2024-12-08T16:41:00.559+0000] {spark_submit.py:634} INFO - 24/12/08 16:41:00 INFO DAGScheduler: Missing parents: List(ShuffleMapStage 0)
[2024-12-08T16:41:00.627+0000] {spark_submit.py:634} INFO - 24/12/08 16:41:00 INFO DAGScheduler: Submitting ShuffleMapStage 0 (MapPartitionsRDD[2] at mapToPair at WordCountJob.java:33), which has no missing parents
[2024-12-08T16:41:00.813+0000] {spark_submit.py:634} INFO - 24/12/08 16:41:00 INFO MemoryStore: Block broadcast_0 stored as values in memory (estimated size 6.4 KiB, free 434.4 MiB)
[2024-12-08T16:41:00.915+0000] {spark_submit.py:634} INFO - 24/12/08 16:41:00 INFO MemoryStore: Block broadcast_0_piece0 stored as bytes in memory (estimated size 3.4 KiB, free 434.4 MiB)
[2024-12-08T16:41:00.921+0000] {spark_submit.py:634} INFO - 24/12/08 16:41:00 INFO BlockManagerInfo: Added broadcast_0_piece0 in memory on 2a892a3469ec:45417 (size: 3.4 KiB, free: 434.4 MiB)
[2024-12-08T16:41:00.933+0000] {spark_submit.py:634} INFO - 24/12/08 16:41:00 INFO SparkContext: Created broadcast 0 from broadcast at DAGScheduler.scala:1585
[2024-12-08T16:41:00.989+0000] {spark_submit.py:634} INFO - 24/12/08 16:41:00 INFO DAGScheduler: Submitting 1 missing tasks from ShuffleMapStage 0 (MapPartitionsRDD[2] at mapToPair at WordCountJob.java:33) (first 15 tasks are for partitions Vector(0))
[2024-12-08T16:41:01.004+0000] {spark_submit.py:634} INFO - 24/12/08 16:41:01 INFO TaskSchedulerImpl: Adding task set 0.0 with 1 tasks resource profile 0
[2024-12-08T16:41:01.137+0000] {spark_submit.py:634} INFO - 24/12/08 16:41:01 INFO TaskSetManager: Starting task 0.0 in stage 0.0 (TID 0) (2a892a3469ec, executor driver, partition 0, PROCESS_LOCAL, 9249 bytes)
[2024-12-08T16:41:01.176+0000] {spark_submit.py:634} INFO - 24/12/08 16:41:01 INFO Executor: Running task 0.0 in stage 0.0 (TID 0)
[2024-12-08T16:41:01.570+0000] {spark_submit.py:634} INFO - 24/12/08 16:41:01 INFO Executor: Finished task 0.0 in stage 0.0 (TID 0). 1216 bytes result sent to driver
[2024-12-08T16:41:01.602+0000] {spark_submit.py:634} INFO - 24/12/08 16:41:01 INFO TaskSetManager: Finished task 0.0 in stage 0.0 (TID 0) in 504 ms on 2a892a3469ec (executor driver) (1/1)
[2024-12-08T16:41:01.605+0000] {spark_submit.py:634} INFO - 24/12/08 16:41:01 INFO TaskSchedulerImpl: Removed TaskSet 0.0, whose tasks have all completed, from pool
[2024-12-08T16:41:01.631+0000] {spark_submit.py:634} INFO - 24/12/08 16:41:01 INFO DAGScheduler: ShuffleMapStage 0 (mapToPair at WordCountJob.java:33) finished in 0.961 s
[2024-12-08T16:41:01.634+0000] {spark_submit.py:634} INFO - 24/12/08 16:41:01 INFO DAGScheduler: looking for newly runnable stages
[2024-12-08T16:41:01.634+0000] {spark_submit.py:634} INFO - 24/12/08 16:41:01 INFO DAGScheduler: running: Set()
[2024-12-08T16:41:01.635+0000] {spark_submit.py:634} INFO - 24/12/08 16:41:01 INFO DAGScheduler: waiting: Set(ResultStage 1)
[2024-12-08T16:41:01.635+0000] {spark_submit.py:634} INFO - 24/12/08 16:41:01 INFO DAGScheduler: failed: Set()
[2024-12-08T16:41:01.640+0000] {spark_submit.py:634} INFO - 24/12/08 16:41:01 INFO DAGScheduler: Submitting ResultStage 1 (ShuffledRDD[3] at reduceByKey at WordCountJob.java:34), which has no missing parents
[2024-12-08T16:41:01.674+0000] {spark_submit.py:634} INFO - 24/12/08 16:41:01 INFO MemoryStore: Block broadcast_1 stored as values in memory (estimated size 5.2 KiB, free 434.4 MiB)
[2024-12-08T16:41:01.708+0000] {spark_submit.py:634} INFO - 24/12/08 16:41:01 INFO MemoryStore: Block broadcast_1_piece0 stored as bytes in memory (estimated size 2.9 KiB, free 434.4 MiB)
[2024-12-08T16:41:01.708+0000] {spark_submit.py:634} INFO - 24/12/08 16:41:01 INFO BlockManagerInfo: Added broadcast_1_piece0 in memory on 2a892a3469ec:45417 (size: 2.9 KiB, free: 434.4 MiB)
[2024-12-08T16:41:01.709+0000] {spark_submit.py:634} INFO - 24/12/08 16:41:01 INFO SparkContext: Created broadcast 1 from broadcast at DAGScheduler.scala:1585
[2024-12-08T16:41:01.711+0000] {spark_submit.py:634} INFO - 24/12/08 16:41:01 INFO DAGScheduler: Submitting 1 missing tasks from ResultStage 1 (ShuffledRDD[3] at reduceByKey at WordCountJob.java:34) (first 15 tasks are for partitions Vector(0))
[2024-12-08T16:41:01.712+0000] {spark_submit.py:634} INFO - 24/12/08 16:41:01 INFO TaskSchedulerImpl: Adding task set 1.0 with 1 tasks resource profile 0
[2024-12-08T16:41:01.730+0000] {spark_submit.py:634} INFO - 24/12/08 16:41:01 INFO TaskSetManager: Starting task 0.0 in stage 1.0 (TID 1) (2a892a3469ec, executor driver, partition 0, NODE_LOCAL, 9002 bytes)
[2024-12-08T16:41:01.731+0000] {spark_submit.py:634} INFO - 24/12/08 16:41:01 INFO Executor: Running task 0.0 in stage 1.0 (TID 1)
[2024-12-08T16:41:01.828+0000] {spark_submit.py:634} INFO - 24/12/08 16:41:01 INFO ShuffleBlockFetcherIterator: Getting 1 (189.0 B) non-empty blocks including 1 (189.0 B) local and 0 (0.0 B) host-local and 0 (0.0 B) push-merged-local and 0 (0.0 B) remote blocks
[2024-12-08T16:41:01.834+0000] {spark_submit.py:634} INFO - 24/12/08 16:41:01 INFO ShuffleBlockFetcherIterator: Started 0 remote fetches in 29 ms
[2024-12-08T16:41:01.881+0000] {spark_submit.py:634} INFO - 24/12/08 16:41:01 INFO Executor: Finished task 0.0 in stage 1.0 (TID 1). 1958 bytes result sent to driver
[2024-12-08T16:41:01.891+0000] {spark_submit.py:634} INFO - 24/12/08 16:41:01 INFO TaskSetManager: Finished task 0.0 in stage 1.0 (TID 1) in 167 ms on 2a892a3469ec (executor driver) (1/1)
[2024-12-08T16:41:01.896+0000] {spark_submit.py:634} INFO - 24/12/08 16:41:01 INFO TaskSchedulerImpl: Removed TaskSet 1.0, whose tasks have all completed, from pool
[2024-12-08T16:41:01.897+0000] {spark_submit.py:634} INFO - 24/12/08 16:41:01 INFO DAGScheduler: ResultStage 1 (collect at WordCountJob.java:37) finished in 0.232 s
[2024-12-08T16:41:01.902+0000] {spark_submit.py:634} INFO - 24/12/08 16:41:01 INFO DAGScheduler: Job 0 is finished. Cancelling potential speculative or zombie tasks for this job
[2024-12-08T16:41:01.904+0000] {spark_submit.py:634} INFO - 24/12/08 16:41:01 INFO TaskSchedulerImpl: Killing all running tasks in stage 1: Stage finished
[2024-12-08T16:41:01.905+0000] {spark_submit.py:634} INFO - 24/12/08 16:41:01 INFO DAGScheduler: Job 0 finished: collect at WordCountJob.java:37, took 1.499723 s
[2024-12-08T16:41:01.913+0000] {spark_submit.py:634} INFO - spark: 1
[2024-12-08T16:41:01.914+0000] {spark_submit.py:634} INFO - docker: 1
[2024-12-08T16:41:01.916+0000] {spark_submit.py:634} INFO - Yusuf: 1
[2024-12-08T16:41:01.917+0000] {spark_submit.py:634} INFO - hello: 5
[2024-12-08T16:41:01.918+0000] {spark_submit.py:634} INFO - java: 1
[2024-12-08T16:41:01.918+0000] {spark_submit.py:634} INFO - world: 1
[2024-12-08T16:41:01.919+0000] {spark_submit.py:634} INFO - 24/12/08 16:41:01 INFO SparkContext: SparkContext is stopping with exitCode 0.
[2024-12-08T16:41:01.938+0000] {spark_submit.py:634} INFO - 24/12/08 16:41:01 INFO SparkUI: Stopped Spark web UI at http://2a892a3469ec:4040
[2024-12-08T16:41:01.991+0000] {spark_submit.py:634} INFO - 24/12/08 16:41:01 INFO MapOutputTrackerMasterEndpoint: MapOutputTrackerMasterEndpoint stopped!
[2024-12-08T16:41:02.031+0000] {spark_submit.py:634} INFO - 24/12/08 16:41:02 INFO MemoryStore: MemoryStore cleared
[2024-12-08T16:41:02.033+0000] {spark_submit.py:634} INFO - 24/12/08 16:41:02 INFO BlockManager: BlockManager stopped
[2024-12-08T16:41:02.069+0000] {spark_submit.py:634} INFO - 24/12/08 16:41:02 INFO BlockManagerMaster: BlockManagerMaster stopped
[2024-12-08T16:41:02.074+0000] {spark_submit.py:634} INFO - 24/12/08 16:41:02 INFO OutputCommitCoordinator$OutputCommitCoordinatorEndpoint: OutputCommitCoordinator stopped!
[2024-12-08T16:41:02.097+0000] {spark_submit.py:634} INFO - 24/12/08 16:41:02 INFO SparkContext: Successfully stopped SparkContext
[2024-12-08T16:41:02.107+0000] {spark_submit.py:634} INFO - 24/12/08 16:41:02 INFO ShutdownHookManager: Shutdown hook called
[2024-12-08T16:41:02.114+0000] {spark_submit.py:634} INFO - 24/12/08 16:41:02 INFO ShutdownHookManager: Deleting directory /tmp/spark-c7acff01-4349-42e5-ad5a-694e381a9b5a
[2024-12-08T16:41:02.121+0000] {spark_submit.py:634} INFO - 24/12/08 16:41:02 INFO ShutdownHookManager: Deleting directory /tmp/spark-8c00d2d1-519e-49ea-a1ff-1251b5f8c622
[2024-12-08T16:41:02.239+0000] {taskinstance.py:340} INFO - ::group::Post task execution logs
[2024-12-08T16:41:02.246+0000] {taskinstance.py:352} INFO - Marking task as SUCCESS. dag_id=sparking_flow, task_id=java_job, run_id=manual__2024-12-08T16:40:49.569430+00:00, execution_date=20241208T164049, start_date=20241208T164051, end_date=20241208T164102
[2024-12-08T16:41:02.299+0000] {local_task_job_runner.py:266} INFO - Task exited with return code 0
[2024-12-08T16:41:02.361+0000] {taskinstance.py:3895} INFO - 0 downstream tasks scheduled from follow-on schedule check
[2024-12-08T16:41:02.365+0000] {local_task_job_runner.py:245} INFO - ::endgroup::
