[2024-12-08T21:21:23.667+0000] {local_task_job_runner.py:123} INFO - ::group::Pre task execution logs
[2024-12-08T21:21:23.681+0000] {taskinstance.py:2613} INFO - Dependencies all met for dep_context=non-requeueable deps ti=<TaskInstance: sparking_flow.java_job manual__2024-12-08T21:21:21.967840+00:00 [queued]>
[2024-12-08T21:21:23.686+0000] {taskinstance.py:2613} INFO - Dependencies all met for dep_context=requeueable deps ti=<TaskInstance: sparking_flow.java_job manual__2024-12-08T21:21:21.967840+00:00 [queued]>
[2024-12-08T21:21:23.687+0000] {taskinstance.py:2866} INFO - Starting attempt 1 of 1
[2024-12-08T21:21:23.700+0000] {taskinstance.py:2889} INFO - Executing <Task(SparkSubmitOperator): java_job> on 2024-12-08 21:21:21.967840+00:00
[2024-12-08T21:21:23.709+0000] {standard_task_runner.py:104} INFO - Running: ['***', 'tasks', 'run', 'sparking_flow', 'java_job', 'manual__2024-12-08T21:21:21.967840+00:00', '--job-id', '267', '--raw', '--subdir', 'DAGS_FOLDER/spark_***.py', '--cfg-path', '/tmp/tmpy8nkzq6a']
[2024-12-08T21:21:23.711+0000] {logging_mixin.py:190} WARNING - /home/***/.local/lib/python3.12/site-packages/***/task/task_runner/standard_task_runner.py:70 DeprecationWarning: This process (pid=184) is multi-threaded, use of fork() may lead to deadlocks in the child.
[2024-12-08T21:21:23.712+0000] {standard_task_runner.py:105} INFO - Job 267: Subtask java_job
[2024-12-08T21:21:23.712+0000] {standard_task_runner.py:72} INFO - Started process 190 to run task
[2024-12-08T21:21:23.760+0000] {task_command.py:467} INFO - Running <TaskInstance: sparking_flow.java_job manual__2024-12-08T21:21:21.967840+00:00 [running]> on host 2a892a3469ec
[2024-12-08T21:21:23.829+0000] {taskinstance.py:3132} INFO - Exporting env vars: AIRFLOW_CTX_DAG_OWNER='Yusuf Ganiyu' AIRFLOW_CTX_DAG_ID='sparking_flow' AIRFLOW_CTX_TASK_ID='java_job' AIRFLOW_CTX_EXECUTION_DATE='2024-12-08T21:21:21.967840+00:00' AIRFLOW_CTX_TRY_NUMBER='1' AIRFLOW_CTX_DAG_RUN_ID='manual__2024-12-08T21:21:21.967840+00:00'
[2024-12-08T21:21:23.832+0000] {taskinstance.py:731} INFO - ::endgroup::
[2024-12-08T21:21:23.850+0000] {base.py:84} INFO - Retrieving connection 'spark-conn'
[2024-12-08T21:21:23.851+0000] {spark_submit.py:473} INFO - Spark-Submit cmd: spark-submit --master spark://sparkingflow-spark-master-1:7077 --name arrow-spark --class com.airscholar.spark.WordCountJob --deploy-mode client jobs/java/spark-job/target/spark-job-1.0-SNAPSHOT.jar
[2024-12-08T21:21:26.138+0000] {spark_submit.py:634} INFO - 24/12/08 21:21:26 INFO SparkContext: Running Spark version 3.5.3
[2024-12-08T21:21:26.140+0000] {spark_submit.py:634} INFO - 24/12/08 21:21:26 INFO SparkContext: OS info Linux, 6.10.14-linuxkit, aarch64
[2024-12-08T21:21:26.141+0000] {spark_submit.py:634} INFO - 24/12/08 21:21:26 INFO SparkContext: Java version 17.0.13
[2024-12-08T21:21:26.228+0000] {spark_submit.py:634} INFO - 24/12/08 21:21:26 WARN NativeCodeLoader: Unable to load native-hadoop library for your platform... using builtin-java classes where applicable
[2024-12-08T21:21:26.354+0000] {spark_submit.py:634} INFO - 24/12/08 21:21:26 INFO ResourceUtils: ==============================================================
[2024-12-08T21:21:26.356+0000] {spark_submit.py:634} INFO - 24/12/08 21:21:26 INFO ResourceUtils: No custom resources configured for spark.driver.
[2024-12-08T21:21:26.357+0000] {spark_submit.py:634} INFO - 24/12/08 21:21:26 INFO ResourceUtils: ==============================================================
[2024-12-08T21:21:26.358+0000] {spark_submit.py:634} INFO - 24/12/08 21:21:26 INFO SparkContext: Submitted application: Word Count Job
[2024-12-08T21:21:26.393+0000] {spark_submit.py:634} INFO - 24/12/08 21:21:26 INFO ResourceProfile: Default ResourceProfile created, executor resources: Map(cores -> name: cores, amount: 1, script: , vendor: , memory -> name: memory, amount: 1024, script: , vendor: , offHeap -> name: offHeap, amount: 0, script: , vendor: ), task resources: Map(cpus -> name: cpus, amount: 1.0)
[2024-12-08T21:21:26.409+0000] {spark_submit.py:634} INFO - 24/12/08 21:21:26 INFO ResourceProfile: Limiting resource is cpu
[2024-12-08T21:21:26.410+0000] {spark_submit.py:634} INFO - 24/12/08 21:21:26 INFO ResourceProfileManager: Added ResourceProfile id: 0
[2024-12-08T21:21:26.489+0000] {spark_submit.py:634} INFO - 24/12/08 21:21:26 INFO SecurityManager: Changing view acls to: ***
[2024-12-08T21:21:26.490+0000] {spark_submit.py:634} INFO - 24/12/08 21:21:26 INFO SecurityManager: Changing modify acls to: ***
[2024-12-08T21:21:26.490+0000] {spark_submit.py:634} INFO - 24/12/08 21:21:26 INFO SecurityManager: Changing view acls groups to:
[2024-12-08T21:21:26.491+0000] {spark_submit.py:634} INFO - 24/12/08 21:21:26 INFO SecurityManager: Changing modify acls groups to:
[2024-12-08T21:21:26.492+0000] {spark_submit.py:634} INFO - 24/12/08 21:21:26 INFO SecurityManager: SecurityManager: authentication disabled; ui acls disabled; users with view permissions: ***; groups with view permissions: EMPTY; users with modify permissions: ***; groups with modify permissions: EMPTY
[2024-12-08T21:21:26.821+0000] {spark_submit.py:634} INFO - 24/12/08 21:21:26 INFO Utils: Successfully started service 'sparkDriver' on port 40261.
[2024-12-08T21:21:26.859+0000] {spark_submit.py:634} INFO - 24/12/08 21:21:26 INFO SparkEnv: Registering MapOutputTracker
[2024-12-08T21:21:26.901+0000] {spark_submit.py:634} INFO - 24/12/08 21:21:26 INFO SparkEnv: Registering BlockManagerMaster
[2024-12-08T21:21:26.925+0000] {spark_submit.py:634} INFO - 24/12/08 21:21:26 INFO BlockManagerMasterEndpoint: Using org.apache.spark.storage.DefaultTopologyMapper for getting topology information
[2024-12-08T21:21:26.926+0000] {spark_submit.py:634} INFO - 24/12/08 21:21:26 INFO BlockManagerMasterEndpoint: BlockManagerMasterEndpoint up
[2024-12-08T21:21:26.931+0000] {spark_submit.py:634} INFO - 24/12/08 21:21:26 INFO SparkEnv: Registering BlockManagerMasterHeartbeat
[2024-12-08T21:21:26.959+0000] {spark_submit.py:634} INFO - 24/12/08 21:21:26 INFO DiskBlockManager: Created local directory at /tmp/blockmgr-96f93294-1df5-47ac-abba-90aa432c2732
[2024-12-08T21:21:26.976+0000] {spark_submit.py:634} INFO - 24/12/08 21:21:26 INFO MemoryStore: MemoryStore started with capacity 434.4 MiB
[2024-12-08T21:21:27.000+0000] {spark_submit.py:634} INFO - 24/12/08 21:21:27 INFO SparkEnv: Registering OutputCommitCoordinator
[2024-12-08T21:21:27.177+0000] {spark_submit.py:634} INFO - 24/12/08 21:21:27 INFO JettyUtils: Start Jetty 0.0.0.0:4040 for SparkUI
[2024-12-08T21:21:27.276+0000] {spark_submit.py:634} INFO - 24/12/08 21:21:27 INFO Utils: Successfully started service 'SparkUI' on port 4040.
[2024-12-08T21:21:27.316+0000] {spark_submit.py:634} INFO - 24/12/08 21:21:27 INFO SparkContext: Added JAR file:/opt/***/jobs/java/spark-job/target/spark-job-1.0-SNAPSHOT.jar at spark://2a892a3469ec:40261/jars/spark-job-1.0-SNAPSHOT.jar with timestamp 1733692886121
[2024-12-08T21:21:27.402+0000] {spark_submit.py:634} INFO - 24/12/08 21:21:27 INFO Executor: Starting executor ID driver on host 2a892a3469ec
[2024-12-08T21:21:27.403+0000] {spark_submit.py:634} INFO - 24/12/08 21:21:27 INFO Executor: OS info Linux, 6.10.14-linuxkit, aarch64
[2024-12-08T21:21:27.404+0000] {spark_submit.py:634} INFO - 24/12/08 21:21:27 INFO Executor: Java version 17.0.13
[2024-12-08T21:21:27.412+0000] {spark_submit.py:634} INFO - 24/12/08 21:21:27 INFO Executor: Starting executor with user classpath (userClassPathFirst = false): ''
[2024-12-08T21:21:27.415+0000] {spark_submit.py:634} INFO - 24/12/08 21:21:27 INFO Executor: Created or updated repl class loader org.apache.spark.util.MutableURLClassLoader@63d5874f for default.
[2024-12-08T21:21:27.436+0000] {spark_submit.py:634} INFO - 24/12/08 21:21:27 INFO Executor: Fetching spark://2a892a3469ec:40261/jars/spark-job-1.0-SNAPSHOT.jar with timestamp 1733692886121
[2024-12-08T21:21:27.530+0000] {spark_submit.py:634} INFO - 24/12/08 21:21:27 INFO TransportClientFactory: Successfully created connection to 2a892a3469ec/172.18.0.4:40261 after 54 ms (0 ms spent in bootstraps)
[2024-12-08T21:21:27.537+0000] {spark_submit.py:634} INFO - 24/12/08 21:21:27 INFO Utils: Fetching spark://2a892a3469ec:40261/jars/spark-job-1.0-SNAPSHOT.jar to /tmp/spark-e6c0e6e3-9aa3-4488-9945-57e1be70fa3c/userFiles-9982737c-b851-41b6-8c97-1c5fc1b5c3c8/fetchFileTemp10414311947744120170.tmp
[2024-12-08T21:21:27.578+0000] {spark_submit.py:634} INFO - 24/12/08 21:21:27 INFO Executor: Adding file:/tmp/spark-e6c0e6e3-9aa3-4488-9945-57e1be70fa3c/userFiles-9982737c-b851-41b6-8c97-1c5fc1b5c3c8/spark-job-1.0-SNAPSHOT.jar to class loader default
[2024-12-08T21:21:27.586+0000] {spark_submit.py:634} INFO - 24/12/08 21:21:27 INFO Utils: Successfully started service 'org.apache.spark.network.netty.NettyBlockTransferService' on port 37603.
[2024-12-08T21:21:27.587+0000] {spark_submit.py:634} INFO - 24/12/08 21:21:27 INFO NettyBlockTransferService: Server created on 2a892a3469ec:37603
[2024-12-08T21:21:27.588+0000] {spark_submit.py:634} INFO - 24/12/08 21:21:27 INFO BlockManager: Using org.apache.spark.storage.RandomBlockReplicationPolicy for block replication policy
[2024-12-08T21:21:27.595+0000] {spark_submit.py:634} INFO - 24/12/08 21:21:27 INFO BlockManagerMaster: Registering BlockManager BlockManagerId(driver, 2a892a3469ec, 37603, None)
[2024-12-08T21:21:27.598+0000] {spark_submit.py:634} INFO - 24/12/08 21:21:27 INFO BlockManagerMasterEndpoint: Registering block manager 2a892a3469ec:37603 with 434.4 MiB RAM, BlockManagerId(driver, 2a892a3469ec, 37603, None)
[2024-12-08T21:21:27.601+0000] {spark_submit.py:634} INFO - 24/12/08 21:21:27 INFO BlockManagerMaster: Registered BlockManager BlockManagerId(driver, 2a892a3469ec, 37603, None)
[2024-12-08T21:21:27.602+0000] {spark_submit.py:634} INFO - 24/12/08 21:21:27 INFO BlockManager: Initialized BlockManager: BlockManagerId(driver, 2a892a3469ec, 37603, None)
[2024-12-08T21:21:28.662+0000] {spark_submit.py:634} INFO - 24/12/08 21:21:28 INFO SparkContext: Starting job: collect at WordCountJob.java:37
[2024-12-08T21:21:28.744+0000] {spark_submit.py:634} INFO - 24/12/08 21:21:28 INFO DAGScheduler: Registering RDD 2 (mapToPair at WordCountJob.java:33) as input to shuffle 0
[2024-12-08T21:21:28.756+0000] {spark_submit.py:634} INFO - 24/12/08 21:21:28 INFO DAGScheduler: Got job 0 (collect at WordCountJob.java:37) with 1 output partitions
[2024-12-08T21:21:28.758+0000] {spark_submit.py:634} INFO - 24/12/08 21:21:28 INFO DAGScheduler: Final stage: ResultStage 1 (collect at WordCountJob.java:37)
[2024-12-08T21:21:28.759+0000] {spark_submit.py:634} INFO - 24/12/08 21:21:28 INFO DAGScheduler: Parents of final stage: List(ShuffleMapStage 0)
[2024-12-08T21:21:28.764+0000] {spark_submit.py:634} INFO - 24/12/08 21:21:28 INFO DAGScheduler: Missing parents: List(ShuffleMapStage 0)
[2024-12-08T21:21:28.793+0000] {spark_submit.py:634} INFO - 24/12/08 21:21:28 INFO DAGScheduler: Submitting ShuffleMapStage 0 (MapPartitionsRDD[2] at mapToPair at WordCountJob.java:33), which has no missing parents
[2024-12-08T21:21:29.088+0000] {spark_submit.py:634} INFO - 24/12/08 21:21:29 INFO MemoryStore: Block broadcast_0 stored as values in memory (estimated size 6.4 KiB, free 434.4 MiB)
[2024-12-08T21:21:29.124+0000] {spark_submit.py:634} INFO - 24/12/08 21:21:29 INFO MemoryStore: Block broadcast_0_piece0 stored as bytes in memory (estimated size 3.4 KiB, free 434.4 MiB)
[2024-12-08T21:21:29.128+0000] {spark_submit.py:634} INFO - 24/12/08 21:21:29 INFO BlockManagerInfo: Added broadcast_0_piece0 in memory on 2a892a3469ec:37603 (size: 3.4 KiB, free: 434.4 MiB)
[2024-12-08T21:21:29.130+0000] {spark_submit.py:634} INFO - 24/12/08 21:21:29 INFO SparkContext: Created broadcast 0 from broadcast at DAGScheduler.scala:1585
[2024-12-08T21:21:29.176+0000] {spark_submit.py:634} INFO - 24/12/08 21:21:29 INFO DAGScheduler: Submitting 1 missing tasks from ShuffleMapStage 0 (MapPartitionsRDD[2] at mapToPair at WordCountJob.java:33) (first 15 tasks are for partitions Vector(0))
[2024-12-08T21:21:29.180+0000] {spark_submit.py:634} INFO - 24/12/08 21:21:29 INFO TaskSchedulerImpl: Adding task set 0.0 with 1 tasks resource profile 0
[2024-12-08T21:21:29.306+0000] {spark_submit.py:634} INFO - 24/12/08 21:21:29 INFO TaskSetManager: Starting task 0.0 in stage 0.0 (TID 0) (2a892a3469ec, executor driver, partition 0, PROCESS_LOCAL, 9249 bytes)
[2024-12-08T21:21:29.330+0000] {spark_submit.py:634} INFO - 24/12/08 21:21:29 INFO Executor: Running task 0.0 in stage 0.0 (TID 0)
[2024-12-08T21:21:29.587+0000] {spark_submit.py:634} INFO - 24/12/08 21:21:29 INFO Executor: Finished task 0.0 in stage 0.0 (TID 0). 1216 bytes result sent to driver
[2024-12-08T21:21:29.626+0000] {spark_submit.py:634} INFO - 24/12/08 21:21:29 INFO TaskSetManager: Finished task 0.0 in stage 0.0 (TID 0) in 369 ms on 2a892a3469ec (executor driver) (1/1)
[2024-12-08T21:21:29.635+0000] {spark_submit.py:634} INFO - 24/12/08 21:21:29 INFO TaskSchedulerImpl: Removed TaskSet 0.0, whose tasks have all completed, from pool
[2024-12-08T21:21:29.655+0000] {spark_submit.py:634} INFO - 24/12/08 21:21:29 INFO DAGScheduler: ShuffleMapStage 0 (mapToPair at WordCountJob.java:33) finished in 0.777 s
[2024-12-08T21:21:29.659+0000] {spark_submit.py:634} INFO - 24/12/08 21:21:29 INFO DAGScheduler: looking for newly runnable stages
[2024-12-08T21:21:29.665+0000] {spark_submit.py:634} INFO - 24/12/08 21:21:29 INFO DAGScheduler: running: Set()
[2024-12-08T21:21:29.666+0000] {spark_submit.py:634} INFO - 24/12/08 21:21:29 INFO DAGScheduler: waiting: Set(ResultStage 1)
[2024-12-08T21:21:29.671+0000] {spark_submit.py:634} INFO - 24/12/08 21:21:29 INFO DAGScheduler: failed: Set()
[2024-12-08T21:21:29.680+0000] {spark_submit.py:634} INFO - 24/12/08 21:21:29 INFO DAGScheduler: Submitting ResultStage 1 (ShuffledRDD[3] at reduceByKey at WordCountJob.java:34), which has no missing parents
[2024-12-08T21:21:29.702+0000] {spark_submit.py:634} INFO - 24/12/08 21:21:29 INFO MemoryStore: Block broadcast_1 stored as values in memory (estimated size 5.2 KiB, free 434.4 MiB)
[2024-12-08T21:21:29.725+0000] {spark_submit.py:634} INFO - 24/12/08 21:21:29 INFO MemoryStore: Block broadcast_1_piece0 stored as bytes in memory (estimated size 2.9 KiB, free 434.4 MiB)
[2024-12-08T21:21:29.726+0000] {spark_submit.py:634} INFO - 24/12/08 21:21:29 INFO BlockManagerInfo: Added broadcast_1_piece0 in memory on 2a892a3469ec:37603 (size: 2.9 KiB, free: 434.4 MiB)
[2024-12-08T21:21:29.732+0000] {spark_submit.py:634} INFO - 24/12/08 21:21:29 INFO SparkContext: Created broadcast 1 from broadcast at DAGScheduler.scala:1585
[2024-12-08T21:21:29.740+0000] {spark_submit.py:634} INFO - 24/12/08 21:21:29 INFO DAGScheduler: Submitting 1 missing tasks from ResultStage 1 (ShuffledRDD[3] at reduceByKey at WordCountJob.java:34) (first 15 tasks are for partitions Vector(0))
[2024-12-08T21:21:29.740+0000] {spark_submit.py:634} INFO - 24/12/08 21:21:29 INFO TaskSchedulerImpl: Adding task set 1.0 with 1 tasks resource profile 0
[2024-12-08T21:21:29.755+0000] {spark_submit.py:634} INFO - 24/12/08 21:21:29 INFO TaskSetManager: Starting task 0.0 in stage 1.0 (TID 1) (2a892a3469ec, executor driver, partition 0, NODE_LOCAL, 9002 bytes)
[2024-12-08T21:21:29.763+0000] {spark_submit.py:634} INFO - 24/12/08 21:21:29 INFO Executor: Running task 0.0 in stage 1.0 (TID 1)
[2024-12-08T21:21:29.834+0000] {spark_submit.py:634} INFO - 24/12/08 21:21:29 INFO ShuffleBlockFetcherIterator: Getting 1 (189.0 B) non-empty blocks including 1 (189.0 B) local and 0 (0.0 B) host-local and 0 (0.0 B) push-merged-local and 0 (0.0 B) remote blocks
[2024-12-08T21:21:29.838+0000] {spark_submit.py:634} INFO - 24/12/08 21:21:29 INFO ShuffleBlockFetcherIterator: Started 0 remote fetches in 17 ms
[2024-12-08T21:21:29.886+0000] {spark_submit.py:634} INFO - 24/12/08 21:21:29 INFO Executor: Finished task 0.0 in stage 1.0 (TID 1). 1958 bytes result sent to driver
[2024-12-08T21:21:29.891+0000] {spark_submit.py:634} INFO - 24/12/08 21:21:29 INFO TaskSetManager: Finished task 0.0 in stage 1.0 (TID 1) in 146 ms on 2a892a3469ec (executor driver) (1/1)
[2024-12-08T21:21:29.892+0000] {spark_submit.py:634} INFO - 24/12/08 21:21:29 INFO TaskSchedulerImpl: Removed TaskSet 1.0, whose tasks have all completed, from pool
[2024-12-08T21:21:29.894+0000] {spark_submit.py:634} INFO - 24/12/08 21:21:29 INFO DAGScheduler: ResultStage 1 (collect at WordCountJob.java:37) finished in 0.196 s
[2024-12-08T21:21:29.899+0000] {spark_submit.py:634} INFO - 24/12/08 21:21:29 INFO DAGScheduler: Job 0 is finished. Cancelling potential speculative or zombie tasks for this job
[2024-12-08T21:21:29.903+0000] {spark_submit.py:634} INFO - 24/12/08 21:21:29 INFO TaskSchedulerImpl: Killing all running tasks in stage 1: Stage finished
[2024-12-08T21:21:29.904+0000] {spark_submit.py:634} INFO - 24/12/08 21:21:29 INFO DAGScheduler: Job 0 finished: collect at WordCountJob.java:37, took 1.243511 s
[2024-12-08T21:21:29.908+0000] {spark_submit.py:634} INFO - spark: 1
[2024-12-08T21:21:29.911+0000] {spark_submit.py:634} INFO - docker: 1
[2024-12-08T21:21:29.912+0000] {spark_submit.py:634} INFO - Yusuf: 1
[2024-12-08T21:21:29.914+0000] {spark_submit.py:634} INFO - hello: 5
[2024-12-08T21:21:29.914+0000] {spark_submit.py:634} INFO - java: 1
[2024-12-08T21:21:29.915+0000] {spark_submit.py:634} INFO - world: 1
[2024-12-08T21:21:29.916+0000] {spark_submit.py:634} INFO - 24/12/08 21:21:29 INFO SparkContext: SparkContext is stopping with exitCode 0.
[2024-12-08T21:21:29.939+0000] {spark_submit.py:634} INFO - 24/12/08 21:21:29 INFO SparkUI: Stopped Spark web UI at http://2a892a3469ec:4040
[2024-12-08T21:21:30.046+0000] {spark_submit.py:634} INFO - 24/12/08 21:21:30 INFO MapOutputTrackerMasterEndpoint: MapOutputTrackerMasterEndpoint stopped!
[2024-12-08T21:21:30.068+0000] {spark_submit.py:634} INFO - 24/12/08 21:21:30 INFO MemoryStore: MemoryStore cleared
[2024-12-08T21:21:30.073+0000] {spark_submit.py:634} INFO - 24/12/08 21:21:30 INFO BlockManager: BlockManager stopped
[2024-12-08T21:21:30.076+0000] {spark_submit.py:634} INFO - 24/12/08 21:21:30 INFO BlockManagerMaster: BlockManagerMaster stopped
[2024-12-08T21:21:30.081+0000] {spark_submit.py:634} INFO - 24/12/08 21:21:30 INFO OutputCommitCoordinator$OutputCommitCoordinatorEndpoint: OutputCommitCoordinator stopped!
[2024-12-08T21:21:30.105+0000] {spark_submit.py:634} INFO - 24/12/08 21:21:30 INFO SparkContext: Successfully stopped SparkContext
[2024-12-08T21:21:30.111+0000] {spark_submit.py:634} INFO - 24/12/08 21:21:30 INFO ShutdownHookManager: Shutdown hook called
[2024-12-08T21:21:30.113+0000] {spark_submit.py:634} INFO - 24/12/08 21:21:30 INFO ShutdownHookManager: Deleting directory /tmp/spark-e6c0e6e3-9aa3-4488-9945-57e1be70fa3c
[2024-12-08T21:21:30.119+0000] {spark_submit.py:634} INFO - 24/12/08 21:21:30 INFO ShutdownHookManager: Deleting directory /tmp/spark-44688b72-92b6-45f0-a9fa-5d49d55d2578
[2024-12-08T21:21:30.224+0000] {taskinstance.py:340} INFO - ::group::Post task execution logs
[2024-12-08T21:21:30.225+0000] {taskinstance.py:352} INFO - Marking task as SUCCESS. dag_id=sparking_flow, task_id=java_job, run_id=manual__2024-12-08T21:21:21.967840+00:00, execution_date=20241208T212121, start_date=20241208T212123, end_date=20241208T212130
[2024-12-08T21:21:30.263+0000] {local_task_job_runner.py:266} INFO - Task exited with return code 0
[2024-12-08T21:21:30.299+0000] {taskinstance.py:3895} INFO - 0 downstream tasks scheduled from follow-on schedule check
[2024-12-08T21:21:30.300+0000] {local_task_job_runner.py:245} INFO - ::endgroup::
