[2024-12-09T14:14:25.079+0000] {local_task_job_runner.py:123} INFO - ::group::Pre task execution logs
[2024-12-09T14:14:25.108+0000] {taskinstance.py:2613} INFO - Dependencies all met for dep_context=non-requeueable deps ti=<TaskInstance: sparking_flow.python_job manual__2024-12-09T14:14:23.541060+00:00 [queued]>
[2024-12-09T14:14:25.124+0000] {taskinstance.py:2613} INFO - Dependencies all met for dep_context=requeueable deps ti=<TaskInstance: sparking_flow.python_job manual__2024-12-09T14:14:23.541060+00:00 [queued]>
[2024-12-09T14:14:25.125+0000] {taskinstance.py:2866} INFO - Starting attempt 1 of 1
[2024-12-09T14:14:25.146+0000] {taskinstance.py:2889} INFO - Executing <Task(SparkSubmitOperator): python_job> on 2024-12-09 14:14:23.541060+00:00
[2024-12-09T14:14:25.163+0000] {logging_mixin.py:190} WARNING - /home/***/.local/lib/python3.12/site-packages/***/task/task_runner/standard_task_runner.py:70 DeprecationWarning: This process (pid=185) is multi-threaded, use of fork() may lead to deadlocks in the child.
[2024-12-09T14:14:25.161+0000] {standard_task_runner.py:104} INFO - Running: ['***', 'tasks', 'run', 'sparking_flow', 'python_job', 'manual__2024-12-09T14:14:23.541060+00:00', '--job-id', '492', '--raw', '--subdir', 'DAGS_FOLDER/spark_***.py', '--cfg-path', '/tmp/tmpxjsvusrj']
[2024-12-09T14:14:25.166+0000] {standard_task_runner.py:72} INFO - Started process 189 to run task
[2024-12-09T14:14:25.166+0000] {standard_task_runner.py:105} INFO - Job 492: Subtask python_job
[2024-12-09T14:14:25.270+0000] {task_command.py:467} INFO - Running <TaskInstance: sparking_flow.python_job manual__2024-12-09T14:14:23.541060+00:00 [running]> on host 2a892a3469ec
[2024-12-09T14:14:25.399+0000] {taskinstance.py:3132} INFO - Exporting env vars: AIRFLOW_CTX_DAG_OWNER='Yusuf Ganiyu' AIRFLOW_CTX_DAG_ID='sparking_flow' AIRFLOW_CTX_TASK_ID='python_job' AIRFLOW_CTX_EXECUTION_DATE='2024-12-09T14:14:23.541060+00:00' AIRFLOW_CTX_TRY_NUMBER='1' AIRFLOW_CTX_DAG_RUN_ID='manual__2024-12-09T14:14:23.541060+00:00'
[2024-12-09T14:14:25.401+0000] {taskinstance.py:731} INFO - ::endgroup::
[2024-12-09T14:14:25.435+0000] {base.py:84} INFO - Retrieving connection 'spark-conn'
[2024-12-09T14:14:25.437+0000] {spark_submit.py:473} INFO - Spark-Submit cmd: spark-submit --master spark://sparkingflow-spark-master-1:7077 --files /temp/data/test1234.csv --name arrow-spark --deploy-mode client jobs/python/wordcountjob.py
[2024-12-09T14:14:30.705+0000] {spark_submit.py:634} INFO - 24/12/09 14:14:30 WARN NativeCodeLoader: Unable to load native-hadoop library for your platform... using builtin-java classes where applicable
[2024-12-09T14:14:33.851+0000] {spark_submit.py:634} INFO - 24/12/09 14:14:33 INFO SparkContext: Running Spark version 3.5.3
[2024-12-09T14:14:33.860+0000] {spark_submit.py:634} INFO - 24/12/09 14:14:33 INFO SparkContext: OS info Linux, 6.10.14-linuxkit, aarch64
[2024-12-09T14:14:33.861+0000] {spark_submit.py:634} INFO - 24/12/09 14:14:33 INFO SparkContext: Java version 17.0.13
[2024-12-09T14:14:33.946+0000] {spark_submit.py:634} INFO - 24/12/09 14:14:33 INFO ResourceUtils: ==============================================================
[2024-12-09T14:14:33.956+0000] {spark_submit.py:634} INFO - 24/12/09 14:14:33 INFO ResourceUtils: No custom resources configured for spark.driver.
[2024-12-09T14:14:33.970+0000] {spark_submit.py:634} INFO - 24/12/09 14:14:33 INFO ResourceUtils: ==============================================================
[2024-12-09T14:14:33.972+0000] {spark_submit.py:634} INFO - 24/12/09 14:14:33 INFO SparkContext: Submitted application: CSVReadExample
[2024-12-09T14:14:34.042+0000] {spark_submit.py:634} INFO - 24/12/09 14:14:34 INFO ResourceProfile: Default ResourceProfile created, executor resources: Map(memory -> name: memory, amount: 1024, script: , vendor: , offHeap -> name: offHeap, amount: 0, script: , vendor: ), task resources: Map(cpus -> name: cpus, amount: 1.0)
[2024-12-09T14:14:34.105+0000] {spark_submit.py:634} INFO - 24/12/09 14:14:34 INFO ResourceProfile: Limiting resource is cpu
[2024-12-09T14:14:34.108+0000] {spark_submit.py:634} INFO - 24/12/09 14:14:34 INFO ResourceProfileManager: Added ResourceProfile id: 0
[2024-12-09T14:14:34.265+0000] {spark_submit.py:634} INFO - 24/12/09 14:14:34 INFO SecurityManager: Changing view acls to: ***
[2024-12-09T14:14:34.270+0000] {spark_submit.py:634} INFO - 24/12/09 14:14:34 INFO SecurityManager: Changing modify acls to: ***
[2024-12-09T14:14:34.271+0000] {spark_submit.py:634} INFO - 24/12/09 14:14:34 INFO SecurityManager: Changing view acls groups to:
[2024-12-09T14:14:34.272+0000] {spark_submit.py:634} INFO - 24/12/09 14:14:34 INFO SecurityManager: Changing modify acls groups to:
[2024-12-09T14:14:34.273+0000] {spark_submit.py:634} INFO - 24/12/09 14:14:34 INFO SecurityManager: SecurityManager: authentication disabled; ui acls disabled; users with view permissions: ***; groups with view permissions: EMPTY; users with modify permissions: ***; groups with modify permissions: EMPTY
[2024-12-09T14:14:34.787+0000] {spark_submit.py:634} INFO - 24/12/09 14:14:34 INFO Utils: Successfully started service 'sparkDriver' on port 35867.
[2024-12-09T14:14:34.832+0000] {spark_submit.py:634} INFO - 24/12/09 14:14:34 INFO SparkEnv: Registering MapOutputTracker
[2024-12-09T14:14:34.896+0000] {spark_submit.py:634} INFO - 24/12/09 14:14:34 INFO SparkEnv: Registering BlockManagerMaster
[2024-12-09T14:14:34.958+0000] {spark_submit.py:634} INFO - 24/12/09 14:14:34 INFO BlockManagerMasterEndpoint: Using org.apache.spark.storage.DefaultTopologyMapper for getting topology information
[2024-12-09T14:14:34.959+0000] {spark_submit.py:634} INFO - 24/12/09 14:14:34 INFO BlockManagerMasterEndpoint: BlockManagerMasterEndpoint up
[2024-12-09T14:14:34.973+0000] {spark_submit.py:634} INFO - 24/12/09 14:14:34 INFO SparkEnv: Registering BlockManagerMasterHeartbeat
[2024-12-09T14:14:35.038+0000] {spark_submit.py:634} INFO - 24/12/09 14:14:35 INFO DiskBlockManager: Created local directory at /tmp/blockmgr-46e4c098-b566-45d8-a82f-d30022920798
[2024-12-09T14:14:35.081+0000] {spark_submit.py:634} INFO - 24/12/09 14:14:35 INFO MemoryStore: MemoryStore started with capacity 434.4 MiB
[2024-12-09T14:14:35.139+0000] {spark_submit.py:634} INFO - 24/12/09 14:14:35 INFO SparkEnv: Registering OutputCommitCoordinator
[2024-12-09T14:14:35.513+0000] {spark_submit.py:634} INFO - 24/12/09 14:14:35 INFO JettyUtils: Start Jetty 0.0.0.0:4040 for SparkUI
[2024-12-09T14:14:35.749+0000] {spark_submit.py:634} INFO - 24/12/09 14:14:35 WARN Utils: Service 'SparkUI' could not bind on port 4040. Attempting port 4041.
[2024-12-09T14:14:35.753+0000] {spark_submit.py:634} INFO - 24/12/09 14:14:35 WARN Utils: Service 'SparkUI' could not bind on port 4041. Attempting port 4042.
[2024-12-09T14:14:35.817+0000] {spark_submit.py:634} INFO - 24/12/09 14:14:35 INFO Utils: Successfully started service 'SparkUI' on port 4042.
[2024-12-09T14:14:35.936+0000] {spark_submit.py:634} INFO - 24/12/09 14:14:35 ERROR SparkContext: Error initializing SparkContext.
[2024-12-09T14:14:35.942+0000] {spark_submit.py:634} INFO - java.io.FileNotFoundException: File file:/temp/data/test1234.csv does not exist
[2024-12-09T14:14:35.943+0000] {spark_submit.py:634} INFO - at org.apache.hadoop.fs.RawLocalFileSystem.deprecatedGetFileStatus(RawLocalFileSystem.java:779)
[2024-12-09T14:14:35.946+0000] {spark_submit.py:634} INFO - at org.apache.hadoop.fs.RawLocalFileSystem.getFileLinkStatusInternal(RawLocalFileSystem.java:1100)
[2024-12-09T14:14:35.947+0000] {spark_submit.py:634} INFO - at org.apache.hadoop.fs.RawLocalFileSystem.getFileStatus(RawLocalFileSystem.java:769)
[2024-12-09T14:14:35.948+0000] {spark_submit.py:634} INFO - at org.apache.hadoop.fs.FilterFileSystem.getFileStatus(FilterFileSystem.java:462)
[2024-12-09T14:14:35.948+0000] {spark_submit.py:634} INFO - at org.apache.spark.SparkContext.addFile(SparkContext.scala:1750)
[2024-12-09T14:14:35.949+0000] {spark_submit.py:634} INFO - at org.apache.spark.SparkContext.$anonfun$new$16(SparkContext.scala:528)
[2024-12-09T14:14:35.950+0000] {spark_submit.py:634} INFO - at org.apache.spark.SparkContext.$anonfun$new$16$adapted(SparkContext.scala:528)
[2024-12-09T14:14:35.956+0000] {spark_submit.py:634} INFO - at scala.collection.immutable.List.foreach(List.scala:431)
[2024-12-09T14:14:35.957+0000] {spark_submit.py:634} INFO - at org.apache.spark.SparkContext.<init>(SparkContext.scala:528)
[2024-12-09T14:14:35.958+0000] {spark_submit.py:634} INFO - at org.apache.spark.api.java.JavaSparkContext.<init>(JavaSparkContext.scala:58)
[2024-12-09T14:14:35.959+0000] {spark_submit.py:634} INFO - at java.base/jdk.internal.reflect.NativeConstructorAccessorImpl.newInstance0(Native Method)
[2024-12-09T14:14:35.960+0000] {spark_submit.py:634} INFO - at java.base/jdk.internal.reflect.NativeConstructorAccessorImpl.newInstance(NativeConstructorAccessorImpl.java:77)
[2024-12-09T14:14:35.961+0000] {spark_submit.py:634} INFO - at java.base/jdk.internal.reflect.DelegatingConstructorAccessorImpl.newInstance(DelegatingConstructorAccessorImpl.java:45)
[2024-12-09T14:14:35.962+0000] {spark_submit.py:634} INFO - at java.base/java.lang.reflect.Constructor.newInstanceWithCaller(Constructor.java:500)
[2024-12-09T14:14:35.981+0000] {spark_submit.py:634} INFO - at java.base/java.lang.reflect.Constructor.newInstance(Constructor.java:481)
[2024-12-09T14:14:35.982+0000] {spark_submit.py:634} INFO - at py4j.reflection.MethodInvoker.invoke(MethodInvoker.java:247)
[2024-12-09T14:14:35.983+0000] {spark_submit.py:634} INFO - at py4j.reflection.ReflectionEngine.invoke(ReflectionEngine.java:374)
[2024-12-09T14:14:35.983+0000] {spark_submit.py:634} INFO - at py4j.Gateway.invoke(Gateway.java:238)
[2024-12-09T14:14:35.984+0000] {spark_submit.py:634} INFO - at py4j.commands.ConstructorCommand.invokeConstructor(ConstructorCommand.java:80)
[2024-12-09T14:14:35.984+0000] {spark_submit.py:634} INFO - at py4j.commands.ConstructorCommand.execute(ConstructorCommand.java:69)
[2024-12-09T14:14:35.985+0000] {spark_submit.py:634} INFO - at py4j.ClientServerConnection.waitForCommands(ClientServerConnection.java:182)
[2024-12-09T14:14:35.985+0000] {spark_submit.py:634} INFO - at py4j.ClientServerConnection.run(ClientServerConnection.java:106)
[2024-12-09T14:14:35.985+0000] {spark_submit.py:634} INFO - at java.base/java.lang.Thread.run(Thread.java:840)
[2024-12-09T14:14:35.986+0000] {spark_submit.py:634} INFO - 24/12/09 14:14:35 INFO SparkContext: SparkContext is stopping with exitCode 0.
[2024-12-09T14:14:36.065+0000] {spark_submit.py:634} INFO - 24/12/09 14:14:36 INFO SparkUI: Stopped Spark web UI at http://2a892a3469ec:4042
[2024-12-09T14:14:36.149+0000] {spark_submit.py:634} INFO - 24/12/09 14:14:36 INFO MapOutputTrackerMasterEndpoint: MapOutputTrackerMasterEndpoint stopped!
[2024-12-09T14:14:36.223+0000] {spark_submit.py:634} INFO - 24/12/09 14:14:36 INFO MemoryStore: MemoryStore cleared
[2024-12-09T14:14:36.224+0000] {spark_submit.py:634} INFO - 24/12/09 14:14:36 INFO BlockManager: BlockManager stopped
[2024-12-09T14:14:36.278+0000] {spark_submit.py:634} INFO - 24/12/09 14:14:36 INFO BlockManagerMaster: BlockManagerMaster stopped
[2024-12-09T14:14:36.280+0000] {spark_submit.py:634} INFO - 24/12/09 14:14:36 WARN MetricsSystem: Stopping a MetricsSystem that is not running
[2024-12-09T14:14:36.286+0000] {spark_submit.py:634} INFO - 24/12/09 14:14:36 INFO OutputCommitCoordinator$OutputCommitCoordinatorEndpoint: OutputCommitCoordinator stopped!
[2024-12-09T14:14:36.339+0000] {spark_submit.py:634} INFO - 24/12/09 14:14:36 INFO SparkContext: Successfully stopped SparkContext
[2024-12-09T14:14:36.343+0000] {spark_submit.py:634} INFO - Traceback (most recent call last):
[2024-12-09T14:14:36.344+0000] {spark_submit.py:634} INFO - File "/opt/***/jobs/python/wordcountjob.py", line 31, in <module>
[2024-12-09T14:14:36.345+0000] {spark_submit.py:634} INFO - spark = SparkSession.builder.appName("CSVReadExample").getOrCreate()
[2024-12-09T14:14:36.347+0000] {spark_submit.py:634} INFO - ^^^^^^^^^^^^^^^^^^^^^^^^^^^^^^^^^^^^^^^^^^^^^^^^^^^^^^^^^^^^
[2024-12-09T14:14:36.348+0000] {spark_submit.py:634} INFO - File "/home/***/.local/lib/python3.12/site-packages/pyspark/python/lib/pyspark.zip/pyspark/sql/session.py", line 497, in getOrCreate
[2024-12-09T14:14:36.350+0000] {spark_submit.py:634} INFO - File "/home/***/.local/lib/python3.12/site-packages/pyspark/python/lib/pyspark.zip/pyspark/context.py", line 515, in getOrCreate
[2024-12-09T14:14:36.351+0000] {spark_submit.py:634} INFO - File "/home/***/.local/lib/python3.12/site-packages/pyspark/python/lib/pyspark.zip/pyspark/context.py", line 203, in __init__
[2024-12-09T14:14:36.355+0000] {spark_submit.py:634} INFO - File "/home/***/.local/lib/python3.12/site-packages/pyspark/python/lib/pyspark.zip/pyspark/context.py", line 296, in _do_init
[2024-12-09T14:14:36.356+0000] {spark_submit.py:634} INFO - File "/home/***/.local/lib/python3.12/site-packages/pyspark/python/lib/pyspark.zip/pyspark/context.py", line 421, in _initialize_context
[2024-12-09T14:14:36.357+0000] {spark_submit.py:634} INFO - File "/home/***/.local/lib/python3.12/site-packages/pyspark/python/lib/py4j-0.10.9.7-src.zip/py4j/java_gateway.py", line 1587, in __call__
[2024-12-09T14:14:36.361+0000] {spark_submit.py:634} INFO - File "/home/***/.local/lib/python3.12/site-packages/pyspark/python/lib/py4j-0.10.9.7-src.zip/py4j/protocol.py", line 326, in get_return_value
[2024-12-09T14:14:36.362+0000] {spark_submit.py:634} INFO - py4j.protocol.Py4JJavaError: An error occurred while calling None.org.apache.spark.api.java.JavaSparkContext.
[2024-12-09T14:14:36.365+0000] {spark_submit.py:634} INFO - : java.io.FileNotFoundException: File file:/temp/data/test1234.csv does not exist
[2024-12-09T14:14:36.365+0000] {spark_submit.py:634} INFO - at org.apache.hadoop.fs.RawLocalFileSystem.deprecatedGetFileStatus(RawLocalFileSystem.java:779)
[2024-12-09T14:14:36.368+0000] {spark_submit.py:634} INFO - at org.apache.hadoop.fs.RawLocalFileSystem.getFileLinkStatusInternal(RawLocalFileSystem.java:1100)
[2024-12-09T14:14:36.372+0000] {spark_submit.py:634} INFO - at org.apache.hadoop.fs.RawLocalFileSystem.getFileStatus(RawLocalFileSystem.java:769)
[2024-12-09T14:14:36.376+0000] {spark_submit.py:634} INFO - at org.apache.hadoop.fs.FilterFileSystem.getFileStatus(FilterFileSystem.java:462)
[2024-12-09T14:14:36.377+0000] {spark_submit.py:634} INFO - at org.apache.spark.SparkContext.addFile(SparkContext.scala:1750)
[2024-12-09T14:14:36.377+0000] {spark_submit.py:634} INFO - at org.apache.spark.SparkContext.$anonfun$new$16(SparkContext.scala:528)
[2024-12-09T14:14:36.377+0000] {spark_submit.py:634} INFO - at org.apache.spark.SparkContext.$anonfun$new$16$adapted(SparkContext.scala:528)
[2024-12-09T14:14:36.379+0000] {spark_submit.py:634} INFO - at scala.collection.immutable.List.foreach(List.scala:431)
[2024-12-09T14:14:36.380+0000] {spark_submit.py:634} INFO - at org.apache.spark.SparkContext.<init>(SparkContext.scala:528)
[2024-12-09T14:14:36.382+0000] {spark_submit.py:634} INFO - at org.apache.spark.api.java.JavaSparkContext.<init>(JavaSparkContext.scala:58)
[2024-12-09T14:14:36.384+0000] {spark_submit.py:634} INFO - at java.base/jdk.internal.reflect.NativeConstructorAccessorImpl.newInstance0(Native Method)
[2024-12-09T14:14:36.386+0000] {spark_submit.py:634} INFO - at java.base/jdk.internal.reflect.NativeConstructorAccessorImpl.newInstance(NativeConstructorAccessorImpl.java:77)
[2024-12-09T14:14:36.391+0000] {spark_submit.py:634} INFO - at java.base/jdk.internal.reflect.DelegatingConstructorAccessorImpl.newInstance(DelegatingConstructorAccessorImpl.java:45)
[2024-12-09T14:14:36.391+0000] {spark_submit.py:634} INFO - at java.base/java.lang.reflect.Constructor.newInstanceWithCaller(Constructor.java:500)
[2024-12-09T14:14:36.392+0000] {spark_submit.py:634} INFO - at java.base/java.lang.reflect.Constructor.newInstance(Constructor.java:481)
[2024-12-09T14:14:36.392+0000] {spark_submit.py:634} INFO - at py4j.reflection.MethodInvoker.invoke(MethodInvoker.java:247)
[2024-12-09T14:14:36.393+0000] {spark_submit.py:634} INFO - at py4j.reflection.ReflectionEngine.invoke(ReflectionEngine.java:374)
[2024-12-09T14:14:36.393+0000] {spark_submit.py:634} INFO - at py4j.Gateway.invoke(Gateway.java:238)
[2024-12-09T14:14:36.393+0000] {spark_submit.py:634} INFO - at py4j.commands.ConstructorCommand.invokeConstructor(ConstructorCommand.java:80)
[2024-12-09T14:14:36.394+0000] {spark_submit.py:634} INFO - at py4j.commands.ConstructorCommand.execute(ConstructorCommand.java:69)
[2024-12-09T14:14:36.394+0000] {spark_submit.py:634} INFO - at py4j.ClientServerConnection.waitForCommands(ClientServerConnection.java:182)
[2024-12-09T14:14:36.397+0000] {spark_submit.py:634} INFO - at py4j.ClientServerConnection.run(ClientServerConnection.java:106)
[2024-12-09T14:14:36.397+0000] {spark_submit.py:634} INFO - at java.base/java.lang.Thread.run(Thread.java:840)
[2024-12-09T14:14:36.397+0000] {spark_submit.py:634} INFO - 
[2024-12-09T14:14:36.655+0000] {spark_submit.py:634} INFO - 24/12/09 14:14:36 INFO ShutdownHookManager: Shutdown hook called
[2024-12-09T14:14:36.656+0000] {spark_submit.py:634} INFO - 24/12/09 14:14:36 INFO ShutdownHookManager: Deleting directory /tmp/spark-1e380204-aba4-4904-a3e3-348aec351b9f
[2024-12-09T14:14:36.665+0000] {spark_submit.py:634} INFO - 24/12/09 14:14:36 INFO ShutdownHookManager: Deleting directory /tmp/spark-6149dc87-67ed-4677-abd2-867b17aa5fa6
[2024-12-09T14:14:36.876+0000] {taskinstance.py:3311} ERROR - Task failed with exception
Traceback (most recent call last):
  File "/home/airflow/.local/lib/python3.12/site-packages/airflow/models/taskinstance.py", line 767, in _execute_task
    result = _execute_callable(context=context, **execute_callable_kwargs)
             ^^^^^^^^^^^^^^^^^^^^^^^^^^^^^^^^^^^^^^^^^^^^^^^^^^^^^^^^^^^^^
  File "/home/airflow/.local/lib/python3.12/site-packages/airflow/models/taskinstance.py", line 733, in _execute_callable
    return ExecutionCallableRunner(
           ^^^^^^^^^^^^^^^^^^^^^^^^
  File "/home/airflow/.local/lib/python3.12/site-packages/airflow/utils/operator_helpers.py", line 252, in run
    return self.func(*args, **kwargs)
           ^^^^^^^^^^^^^^^^^^^^^^^^^^
  File "/home/airflow/.local/lib/python3.12/site-packages/airflow/models/baseoperator.py", line 417, in wrapper
    return func(self, *args, **kwargs)
           ^^^^^^^^^^^^^^^^^^^^^^^^^^^
  File "/home/airflow/.local/lib/python3.12/site-packages/airflow/providers/apache/spark/operators/spark_submit.py", line 176, in execute
    self._hook.submit(self.application)
  File "/home/airflow/.local/lib/python3.12/site-packages/airflow/providers/apache/spark/hooks/spark_submit.py", line 560, in submit
    raise AirflowException(
airflow.exceptions.AirflowException: Cannot execute: spark-submit --master spark://sparkingflow-spark-master-1:7077 --files /temp/data/test1234.csv --name arrow-spark --deploy-mode client jobs/python/wordcountjob.py. Error code is: 1.
[2024-12-09T14:14:36.921+0000] {taskinstance.py:1225} INFO - Marking task as FAILED. dag_id=sparking_flow, task_id=python_job, run_id=manual__2024-12-09T14:14:23.541060+00:00, execution_date=20241209T141423, start_date=20241209T141425, end_date=20241209T141436
[2024-12-09T14:14:36.996+0000] {taskinstance.py:340} INFO - ::group::Post task execution logs
[2024-12-09T14:14:37.002+0000] {standard_task_runner.py:124} ERROR - Failed to execute job 492 for task python_job (Cannot execute: spark-submit --master spark://sparkingflow-spark-master-1:7077 --files /temp/data/test1234.csv --name arrow-spark --deploy-mode client jobs/python/wordcountjob.py. Error code is: 1.; 189)
Traceback (most recent call last):
  File "/home/airflow/.local/lib/python3.12/site-packages/airflow/task/task_runner/standard_task_runner.py", line 117, in _start_by_fork
    ret = args.func(args, dag=self.dag)
          ^^^^^^^^^^^^^^^^^^^^^^^^^^^^^
  File "/home/airflow/.local/lib/python3.12/site-packages/airflow/cli/cli_config.py", line 49, in command
    return func(*args, **kwargs)
           ^^^^^^^^^^^^^^^^^^^^^
  File "/home/airflow/.local/lib/python3.12/site-packages/airflow/utils/cli.py", line 116, in wrapper
    return f(*args, **kwargs)
           ^^^^^^^^^^^^^^^^^^
  File "/home/airflow/.local/lib/python3.12/site-packages/airflow/cli/commands/task_command.py", line 483, in task_run
    task_return_code = _run_task_by_selected_method(args, _dag, ti)
                       ^^^^^^^^^^^^^^^^^^^^^^^^^^^^^^^^^^^^^^^^^^^^
  File "/home/airflow/.local/lib/python3.12/site-packages/airflow/cli/commands/task_command.py", line 256, in _run_task_by_selected_method
    return _run_raw_task(args, ti)
           ^^^^^^^^^^^^^^^^^^^^^^^
  File "/home/airflow/.local/lib/python3.12/site-packages/airflow/cli/commands/task_command.py", line 341, in _run_raw_task
    return ti._run_raw_task(
           ^^^^^^^^^^^^^^^^^
  File "/home/airflow/.local/lib/python3.12/site-packages/airflow/utils/session.py", line 97, in wrapper
    return func(*args, session=session, **kwargs)
           ^^^^^^^^^^^^^^^^^^^^^^^^^^^^^^^^^^^^^^
  File "/home/airflow/.local/lib/python3.12/site-packages/airflow/models/taskinstance.py", line 3005, in _run_raw_task
    return _run_raw_task(
           ^^^^^^^^^^^^^^
  File "/home/airflow/.local/lib/python3.12/site-packages/airflow/models/taskinstance.py", line 273, in _run_raw_task
    TaskInstance._execute_task_with_callbacks(
  File "/home/airflow/.local/lib/python3.12/site-packages/airflow/models/taskinstance.py", line 3159, in _execute_task_with_callbacks
    result = self._execute_task(context, task_orig)
             ^^^^^^^^^^^^^^^^^^^^^^^^^^^^^^^^^^^^^^
  File "/home/airflow/.local/lib/python3.12/site-packages/airflow/models/taskinstance.py", line 3183, in _execute_task
    return _execute_task(self, context, task_orig)
           ^^^^^^^^^^^^^^^^^^^^^^^^^^^^^^^^^^^^^^^
  File "/home/airflow/.local/lib/python3.12/site-packages/airflow/models/taskinstance.py", line 767, in _execute_task
    result = _execute_callable(context=context, **execute_callable_kwargs)
             ^^^^^^^^^^^^^^^^^^^^^^^^^^^^^^^^^^^^^^^^^^^^^^^^^^^^^^^^^^^^^
  File "/home/airflow/.local/lib/python3.12/site-packages/airflow/models/taskinstance.py", line 733, in _execute_callable
    return ExecutionCallableRunner(
           ^^^^^^^^^^^^^^^^^^^^^^^^
  File "/home/airflow/.local/lib/python3.12/site-packages/airflow/utils/operator_helpers.py", line 252, in run
    return self.func(*args, **kwargs)
           ^^^^^^^^^^^^^^^^^^^^^^^^^^
  File "/home/airflow/.local/lib/python3.12/site-packages/airflow/models/baseoperator.py", line 417, in wrapper
    return func(self, *args, **kwargs)
           ^^^^^^^^^^^^^^^^^^^^^^^^^^^
  File "/home/airflow/.local/lib/python3.12/site-packages/airflow/providers/apache/spark/operators/spark_submit.py", line 176, in execute
    self._hook.submit(self.application)
  File "/home/airflow/.local/lib/python3.12/site-packages/airflow/providers/apache/spark/hooks/spark_submit.py", line 560, in submit
    raise AirflowException(
airflow.exceptions.AirflowException: Cannot execute: spark-submit --master spark://sparkingflow-spark-master-1:7077 --files /temp/data/test1234.csv --name arrow-spark --deploy-mode client jobs/python/wordcountjob.py. Error code is: 1.
[2024-12-09T14:14:37.045+0000] {local_task_job_runner.py:266} INFO - Task exited with return code 1
[2024-12-09T14:14:37.096+0000] {taskinstance.py:3895} INFO - 0 downstream tasks scheduled from follow-on schedule check
[2024-12-09T14:14:37.102+0000] {local_task_job_runner.py:245} INFO - ::endgroup::
