[2024-11-30T09:37:45.858+0000] {processor.py:186} INFO - Started process (PID=177) to work on /opt/airflow/dags/spark_airflow.py
[2024-11-30T09:37:45.858+0000] {processor.py:914} INFO - Processing file /opt/airflow/dags/spark_airflow.py for tasks to queue
[2024-11-30T09:37:45.862+0000] {logging_mixin.py:190} INFO - [2024-11-30T09:37:45.861+0000] {dagbag.py:588} INFO - Filling up the DagBag from /opt/airflow/dags/spark_airflow.py
[2024-11-30T09:37:45.878+0000] {processor.py:925} INFO - DAG(s) 'sparking_flow' retrieved from /opt/airflow/dags/spark_airflow.py
[2024-11-30T09:37:46.055+0000] {logging_mixin.py:190} INFO - [2024-11-30T09:37:46.054+0000] {override.py:1911} INFO - Created Permission View: can delete on DAG:sparking_flow
[2024-11-30T09:37:46.068+0000] {logging_mixin.py:190} INFO - [2024-11-30T09:37:46.068+0000] {override.py:1911} INFO - Created Permission View: can read on DAG:sparking_flow
[2024-11-30T09:37:46.071+0000] {logging_mixin.py:190} INFO - [2024-11-30T09:37:46.071+0000] {override.py:1911} INFO - Created Permission View: can edit on DAG:sparking_flow
[2024-11-30T09:37:46.074+0000] {logging_mixin.py:190} INFO - [2024-11-30T09:37:46.074+0000] {override.py:1911} INFO - Created Permission View: can delete on DAG Run:sparking_flow
[2024-11-30T09:37:46.077+0000] {logging_mixin.py:190} INFO - [2024-11-30T09:37:46.077+0000] {override.py:1911} INFO - Created Permission View: can read on DAG Run:sparking_flow
[2024-11-30T09:37:46.080+0000] {logging_mixin.py:190} INFO - [2024-11-30T09:37:46.080+0000] {override.py:1911} INFO - Created Permission View: can create on DAG Run:sparking_flow
[2024-11-30T09:37:46.083+0000] {logging_mixin.py:190} INFO - [2024-11-30T09:37:46.083+0000] {override.py:1911} INFO - Created Permission View: menu access on DAG Run:sparking_flow
[2024-11-30T09:37:46.083+0000] {logging_mixin.py:190} INFO - [2024-11-30T09:37:46.083+0000] {dag.py:3239} INFO - Sync 1 DAGs
[2024-11-30T09:37:46.095+0000] {logging_mixin.py:190} INFO - [2024-11-30T09:37:46.095+0000] {dag.py:3262} INFO - Creating ORM DAG for sparking_flow
[2024-11-30T09:37:46.111+0000] {logging_mixin.py:190} INFO - [2024-11-30T09:37:46.111+0000] {dag.py:4180} INFO - Setting next_dagrun for sparking_flow to 2024-11-29T00:00:00+00:00, run_after=2024-11-30T00:00:00+00:00
[2024-11-30T09:37:46.123+0000] {processor.py:208} INFO - Processing /opt/airflow/dags/spark_airflow.py took 0.271 seconds
[2024-11-30T09:38:16.294+0000] {processor.py:186} INFO - Started process (PID=182) to work on /opt/airflow/dags/spark_airflow.py
[2024-11-30T09:38:16.295+0000] {processor.py:914} INFO - Processing file /opt/airflow/dags/spark_airflow.py for tasks to queue
[2024-11-30T09:38:16.301+0000] {logging_mixin.py:190} INFO - [2024-11-30T09:38:16.300+0000] {dagbag.py:588} INFO - Filling up the DagBag from /opt/airflow/dags/spark_airflow.py
[2024-11-30T09:38:16.330+0000] {processor.py:925} INFO - DAG(s) 'sparking_flow' retrieved from /opt/airflow/dags/spark_airflow.py
[2024-11-30T09:38:16.368+0000] {logging_mixin.py:190} INFO - [2024-11-30T09:38:16.368+0000] {dag.py:3239} INFO - Sync 1 DAGs
[2024-11-30T09:38:16.389+0000] {logging_mixin.py:190} INFO - [2024-11-30T09:38:16.389+0000] {dag.py:4180} INFO - Setting next_dagrun for sparking_flow to 2024-11-29T00:00:00+00:00, run_after=2024-11-30T00:00:00+00:00
[2024-11-30T09:38:16.401+0000] {processor.py:208} INFO - Processing /opt/airflow/dags/spark_airflow.py took 0.133 seconds
[2024-11-30T09:38:46.745+0000] {processor.py:186} INFO - Started process (PID=187) to work on /opt/airflow/dags/spark_airflow.py
[2024-11-30T09:38:46.747+0000] {processor.py:914} INFO - Processing file /opt/airflow/dags/spark_airflow.py for tasks to queue
[2024-11-30T09:38:46.754+0000] {logging_mixin.py:190} INFO - [2024-11-30T09:38:46.753+0000] {dagbag.py:588} INFO - Filling up the DagBag from /opt/airflow/dags/spark_airflow.py
[2024-11-30T09:38:46.809+0000] {processor.py:925} INFO - DAG(s) 'sparking_flow' retrieved from /opt/airflow/dags/spark_airflow.py
[2024-11-30T09:38:46.849+0000] {logging_mixin.py:190} INFO - [2024-11-30T09:38:46.849+0000] {dag.py:3239} INFO - Sync 1 DAGs
[2024-11-30T09:38:46.870+0000] {logging_mixin.py:190} INFO - [2024-11-30T09:38:46.870+0000] {dag.py:4180} INFO - Setting next_dagrun for sparking_flow to 2024-11-29T00:00:00+00:00, run_after=2024-11-30T00:00:00+00:00
[2024-11-30T09:38:46.885+0000] {processor.py:208} INFO - Processing /opt/airflow/dags/spark_airflow.py took 0.153 seconds
[2024-11-30T09:39:17.183+0000] {processor.py:186} INFO - Started process (PID=192) to work on /opt/airflow/dags/spark_airflow.py
[2024-11-30T09:39:17.185+0000] {processor.py:914} INFO - Processing file /opt/airflow/dags/spark_airflow.py for tasks to queue
[2024-11-30T09:39:17.194+0000] {logging_mixin.py:190} INFO - [2024-11-30T09:39:17.192+0000] {dagbag.py:588} INFO - Filling up the DagBag from /opt/airflow/dags/spark_airflow.py
[2024-11-30T09:39:17.219+0000] {processor.py:925} INFO - DAG(s) 'sparking_flow' retrieved from /opt/airflow/dags/spark_airflow.py
[2024-11-30T09:39:17.274+0000] {logging_mixin.py:190} INFO - [2024-11-30T09:39:17.274+0000] {dag.py:3239} INFO - Sync 1 DAGs
[2024-11-30T09:39:17.302+0000] {logging_mixin.py:190} INFO - [2024-11-30T09:39:17.302+0000] {dag.py:4180} INFO - Setting next_dagrun for sparking_flow to 2024-11-29T00:00:00+00:00, run_after=2024-11-30T00:00:00+00:00
[2024-11-30T09:39:17.319+0000] {processor.py:208} INFO - Processing /opt/airflow/dags/spark_airflow.py took 0.168 seconds
[2024-11-30T09:39:47.614+0000] {processor.py:186} INFO - Started process (PID=197) to work on /opt/airflow/dags/spark_airflow.py
[2024-11-30T09:39:47.615+0000] {processor.py:914} INFO - Processing file /opt/airflow/dags/spark_airflow.py for tasks to queue
[2024-11-30T09:39:47.620+0000] {logging_mixin.py:190} INFO - [2024-11-30T09:39:47.620+0000] {dagbag.py:588} INFO - Filling up the DagBag from /opt/airflow/dags/spark_airflow.py
[2024-11-30T09:39:47.641+0000] {processor.py:925} INFO - DAG(s) 'sparking_flow' retrieved from /opt/airflow/dags/spark_airflow.py
[2024-11-30T09:39:47.683+0000] {logging_mixin.py:190} INFO - [2024-11-30T09:39:47.683+0000] {dag.py:3239} INFO - Sync 1 DAGs
[2024-11-30T09:39:47.709+0000] {logging_mixin.py:190} INFO - [2024-11-30T09:39:47.708+0000] {dag.py:4180} INFO - Setting next_dagrun for sparking_flow to 2024-11-29T00:00:00+00:00, run_after=2024-11-30T00:00:00+00:00
[2024-11-30T09:39:47.722+0000] {processor.py:208} INFO - Processing /opt/airflow/dags/spark_airflow.py took 0.119 seconds
[2024-11-30T09:40:18.048+0000] {processor.py:186} INFO - Started process (PID=202) to work on /opt/airflow/dags/spark_airflow.py
[2024-11-30T09:40:18.049+0000] {processor.py:914} INFO - Processing file /opt/airflow/dags/spark_airflow.py for tasks to queue
[2024-11-30T09:40:18.067+0000] {logging_mixin.py:190} INFO - [2024-11-30T09:40:18.066+0000] {dagbag.py:588} INFO - Filling up the DagBag from /opt/airflow/dags/spark_airflow.py
[2024-11-30T09:40:18.103+0000] {processor.py:925} INFO - DAG(s) 'sparking_flow' retrieved from /opt/airflow/dags/spark_airflow.py
[2024-11-30T09:40:18.148+0000] {logging_mixin.py:190} INFO - [2024-11-30T09:40:18.148+0000] {dag.py:3239} INFO - Sync 1 DAGs
[2024-11-30T09:40:18.174+0000] {logging_mixin.py:190} INFO - [2024-11-30T09:40:18.173+0000] {dag.py:4180} INFO - Setting next_dagrun for sparking_flow to 2024-11-29T00:00:00+00:00, run_after=2024-11-30T00:00:00+00:00
[2024-11-30T09:40:18.190+0000] {processor.py:208} INFO - Processing /opt/airflow/dags/spark_airflow.py took 0.154 seconds
[2024-11-30T09:40:48.486+0000] {processor.py:186} INFO - Started process (PID=207) to work on /opt/airflow/dags/spark_airflow.py
[2024-11-30T09:40:48.487+0000] {processor.py:914} INFO - Processing file /opt/airflow/dags/spark_airflow.py for tasks to queue
[2024-11-30T09:40:48.492+0000] {logging_mixin.py:190} INFO - [2024-11-30T09:40:48.492+0000] {dagbag.py:588} INFO - Filling up the DagBag from /opt/airflow/dags/spark_airflow.py
[2024-11-30T09:40:48.515+0000] {processor.py:925} INFO - DAG(s) 'sparking_flow' retrieved from /opt/airflow/dags/spark_airflow.py
[2024-11-30T09:40:48.576+0000] {logging_mixin.py:190} INFO - [2024-11-30T09:40:48.576+0000] {dag.py:3239} INFO - Sync 1 DAGs
[2024-11-30T09:40:48.600+0000] {logging_mixin.py:190} INFO - [2024-11-30T09:40:48.600+0000] {dag.py:4180} INFO - Setting next_dagrun for sparking_flow to 2024-11-29T00:00:00+00:00, run_after=2024-11-30T00:00:00+00:00
[2024-11-30T09:40:48.613+0000] {processor.py:208} INFO - Processing /opt/airflow/dags/spark_airflow.py took 0.138 seconds
[2024-11-30T09:41:18.895+0000] {processor.py:186} INFO - Started process (PID=212) to work on /opt/airflow/dags/spark_airflow.py
[2024-11-30T09:41:18.897+0000] {processor.py:914} INFO - Processing file /opt/airflow/dags/spark_airflow.py for tasks to queue
[2024-11-30T09:41:18.903+0000] {logging_mixin.py:190} INFO - [2024-11-30T09:41:18.903+0000] {dagbag.py:588} INFO - Filling up the DagBag from /opt/airflow/dags/spark_airflow.py
[2024-11-30T09:41:18.936+0000] {processor.py:925} INFO - DAG(s) 'sparking_flow' retrieved from /opt/airflow/dags/spark_airflow.py
[2024-11-30T09:41:19.018+0000] {logging_mixin.py:190} INFO - [2024-11-30T09:41:19.018+0000] {dag.py:3239} INFO - Sync 1 DAGs
[2024-11-30T09:41:19.070+0000] {logging_mixin.py:190} INFO - [2024-11-30T09:41:19.069+0000] {dag.py:4180} INFO - Setting next_dagrun for sparking_flow to 2024-11-29T00:00:00+00:00, run_after=2024-11-30T00:00:00+00:00
[2024-11-30T09:41:19.084+0000] {processor.py:208} INFO - Processing /opt/airflow/dags/spark_airflow.py took 0.218 seconds
[2024-11-30T09:41:49.330+0000] {processor.py:186} INFO - Started process (PID=217) to work on /opt/airflow/dags/spark_airflow.py
[2024-11-30T09:41:49.332+0000] {processor.py:914} INFO - Processing file /opt/airflow/dags/spark_airflow.py for tasks to queue
[2024-11-30T09:41:49.338+0000] {logging_mixin.py:190} INFO - [2024-11-30T09:41:49.338+0000] {dagbag.py:588} INFO - Filling up the DagBag from /opt/airflow/dags/spark_airflow.py
[2024-11-30T09:41:49.369+0000] {processor.py:925} INFO - DAG(s) 'sparking_flow' retrieved from /opt/airflow/dags/spark_airflow.py
[2024-11-30T09:41:49.408+0000] {logging_mixin.py:190} INFO - [2024-11-30T09:41:49.408+0000] {dag.py:3239} INFO - Sync 1 DAGs
[2024-11-30T09:41:49.431+0000] {logging_mixin.py:190} INFO - [2024-11-30T09:41:49.431+0000] {dag.py:4180} INFO - Setting next_dagrun for sparking_flow to 2024-11-29T00:00:00+00:00, run_after=2024-11-30T00:00:00+00:00
[2024-11-30T09:41:49.444+0000] {processor.py:208} INFO - Processing /opt/airflow/dags/spark_airflow.py took 0.126 seconds
[2024-11-30T09:42:19.805+0000] {processor.py:186} INFO - Started process (PID=222) to work on /opt/airflow/dags/spark_airflow.py
[2024-11-30T09:42:19.806+0000] {processor.py:914} INFO - Processing file /opt/airflow/dags/spark_airflow.py for tasks to queue
[2024-11-30T09:42:19.812+0000] {logging_mixin.py:190} INFO - [2024-11-30T09:42:19.811+0000] {dagbag.py:588} INFO - Filling up the DagBag from /opt/airflow/dags/spark_airflow.py
[2024-11-30T09:42:19.832+0000] {processor.py:925} INFO - DAG(s) 'sparking_flow' retrieved from /opt/airflow/dags/spark_airflow.py
[2024-11-30T09:42:19.869+0000] {logging_mixin.py:190} INFO - [2024-11-30T09:42:19.869+0000] {dag.py:3239} INFO - Sync 1 DAGs
[2024-11-30T09:42:19.892+0000] {logging_mixin.py:190} INFO - [2024-11-30T09:42:19.892+0000] {dag.py:4180} INFO - Setting next_dagrun for sparking_flow to 2024-11-29T00:00:00+00:00, run_after=2024-11-30T00:00:00+00:00
[2024-11-30T09:42:19.906+0000] {processor.py:208} INFO - Processing /opt/airflow/dags/spark_airflow.py took 0.111 seconds
[2024-11-30T09:42:50.243+0000] {processor.py:186} INFO - Started process (PID=227) to work on /opt/airflow/dags/spark_airflow.py
[2024-11-30T09:42:50.244+0000] {processor.py:914} INFO - Processing file /opt/airflow/dags/spark_airflow.py for tasks to queue
[2024-11-30T09:42:50.250+0000] {logging_mixin.py:190} INFO - [2024-11-30T09:42:50.250+0000] {dagbag.py:588} INFO - Filling up the DagBag from /opt/airflow/dags/spark_airflow.py
[2024-11-30T09:42:50.272+0000] {processor.py:925} INFO - DAG(s) 'sparking_flow' retrieved from /opt/airflow/dags/spark_airflow.py
[2024-11-30T09:42:50.310+0000] {logging_mixin.py:190} INFO - [2024-11-30T09:42:50.310+0000] {dag.py:3239} INFO - Sync 1 DAGs
[2024-11-30T09:42:50.341+0000] {logging_mixin.py:190} INFO - [2024-11-30T09:42:50.341+0000] {dag.py:4180} INFO - Setting next_dagrun for sparking_flow to 2024-11-29T00:00:00+00:00, run_after=2024-11-30T00:00:00+00:00
[2024-11-30T09:42:50.361+0000] {processor.py:208} INFO - Processing /opt/airflow/dags/spark_airflow.py took 0.128 seconds
[2024-11-30T09:43:20.682+0000] {processor.py:186} INFO - Started process (PID=232) to work on /opt/airflow/dags/spark_airflow.py
[2024-11-30T09:43:20.684+0000] {processor.py:914} INFO - Processing file /opt/airflow/dags/spark_airflow.py for tasks to queue
[2024-11-30T09:43:20.691+0000] {logging_mixin.py:190} INFO - [2024-11-30T09:43:20.690+0000] {dagbag.py:588} INFO - Filling up the DagBag from /opt/airflow/dags/spark_airflow.py
[2024-11-30T09:43:20.715+0000] {processor.py:925} INFO - DAG(s) 'sparking_flow' retrieved from /opt/airflow/dags/spark_airflow.py
[2024-11-30T09:43:20.813+0000] {logging_mixin.py:190} INFO - [2024-11-30T09:43:20.812+0000] {dag.py:3239} INFO - Sync 1 DAGs
[2024-11-30T09:43:20.839+0000] {logging_mixin.py:190} INFO - [2024-11-30T09:43:20.839+0000] {dag.py:4180} INFO - Setting next_dagrun for sparking_flow to 2024-11-29T00:00:00+00:00, run_after=2024-11-30T00:00:00+00:00
[2024-11-30T09:43:20.860+0000] {processor.py:208} INFO - Processing /opt/airflow/dags/spark_airflow.py took 0.191 seconds
[2024-11-30T09:43:51.058+0000] {processor.py:186} INFO - Started process (PID=237) to work on /opt/airflow/dags/spark_airflow.py
[2024-11-30T09:43:51.059+0000] {processor.py:914} INFO - Processing file /opt/airflow/dags/spark_airflow.py for tasks to queue
[2024-11-30T09:43:51.062+0000] {logging_mixin.py:190} INFO - [2024-11-30T09:43:51.062+0000] {dagbag.py:588} INFO - Filling up the DagBag from /opt/airflow/dags/spark_airflow.py
[2024-11-30T09:43:51.076+0000] {processor.py:925} INFO - DAG(s) 'sparking_flow' retrieved from /opt/airflow/dags/spark_airflow.py
[2024-11-30T09:43:51.104+0000] {logging_mixin.py:190} INFO - [2024-11-30T09:43:51.104+0000] {dag.py:3239} INFO - Sync 1 DAGs
[2024-11-30T09:43:51.122+0000] {logging_mixin.py:190} INFO - [2024-11-30T09:43:51.122+0000] {dag.py:4180} INFO - Setting next_dagrun for sparking_flow to 2024-11-29T00:00:00+00:00, run_after=2024-11-30T00:00:00+00:00
[2024-11-30T09:43:51.133+0000] {processor.py:208} INFO - Processing /opt/airflow/dags/spark_airflow.py took 0.083 seconds
[2024-11-30T09:44:21.466+0000] {processor.py:186} INFO - Started process (PID=242) to work on /opt/airflow/dags/spark_airflow.py
[2024-11-30T09:44:21.468+0000] {processor.py:914} INFO - Processing file /opt/airflow/dags/spark_airflow.py for tasks to queue
[2024-11-30T09:44:21.474+0000] {logging_mixin.py:190} INFO - [2024-11-30T09:44:21.474+0000] {dagbag.py:588} INFO - Filling up the DagBag from /opt/airflow/dags/spark_airflow.py
[2024-11-30T09:44:21.497+0000] {processor.py:925} INFO - DAG(s) 'sparking_flow' retrieved from /opt/airflow/dags/spark_airflow.py
[2024-11-30T09:44:21.584+0000] {logging_mixin.py:190} INFO - [2024-11-30T09:44:21.584+0000] {dag.py:3239} INFO - Sync 1 DAGs
[2024-11-30T09:44:21.607+0000] {logging_mixin.py:190} INFO - [2024-11-30T09:44:21.607+0000] {dag.py:4180} INFO - Setting next_dagrun for sparking_flow to 2024-11-29T00:00:00+00:00, run_after=2024-11-30T00:00:00+00:00
[2024-11-30T09:44:21.619+0000] {processor.py:208} INFO - Processing /opt/airflow/dags/spark_airflow.py took 0.164 seconds
[2024-11-30T09:44:51.919+0000] {processor.py:186} INFO - Started process (PID=247) to work on /opt/airflow/dags/spark_airflow.py
[2024-11-30T09:44:51.920+0000] {processor.py:914} INFO - Processing file /opt/airflow/dags/spark_airflow.py for tasks to queue
[2024-11-30T09:44:51.927+0000] {logging_mixin.py:190} INFO - [2024-11-30T09:44:51.926+0000] {dagbag.py:588} INFO - Filling up the DagBag from /opt/airflow/dags/spark_airflow.py
[2024-11-30T09:44:51.955+0000] {processor.py:925} INFO - DAG(s) 'sparking_flow' retrieved from /opt/airflow/dags/spark_airflow.py
[2024-11-30T09:44:52.020+0000] {logging_mixin.py:190} INFO - [2024-11-30T09:44:52.020+0000] {dag.py:3239} INFO - Sync 1 DAGs
[2024-11-30T09:44:52.042+0000] {logging_mixin.py:190} INFO - [2024-11-30T09:44:52.042+0000] {dag.py:4180} INFO - Setting next_dagrun for sparking_flow to 2024-11-29T00:00:00+00:00, run_after=2024-11-30T00:00:00+00:00
[2024-11-30T09:44:52.055+0000] {processor.py:208} INFO - Processing /opt/airflow/dags/spark_airflow.py took 0.147 seconds
