[2024-12-09T13:13:52.329+0000] {local_task_job_runner.py:123} INFO - ::group::Pre task execution logs
[2024-12-09T13:13:52.360+0000] {taskinstance.py:2613} INFO - Dependencies all met for dep_context=non-requeueable deps ti=<TaskInstance: sparking_flow.scala_job manual__2024-12-09T13:13:49.927812+00:00 [queued]>
[2024-12-09T13:13:52.375+0000] {taskinstance.py:2613} INFO - Dependencies all met for dep_context=requeueable deps ti=<TaskInstance: sparking_flow.scala_job manual__2024-12-09T13:13:49.927812+00:00 [queued]>
[2024-12-09T13:13:52.375+0000] {taskinstance.py:2866} INFO - Starting attempt 1 of 1
[2024-12-09T13:13:52.393+0000] {taskinstance.py:2889} INFO - Executing <Task(SparkSubmitOperator): scala_job> on 2024-12-09 13:13:49.927812+00:00
[2024-12-09T13:13:52.401+0000] {logging_mixin.py:190} WARNING - /home/***/.local/lib/python3.12/site-packages/***/task/task_runner/standard_task_runner.py:70 DeprecationWarning: This process (pid=205) is multi-threaded, use of fork() may lead to deadlocks in the child.
[2024-12-09T13:13:52.402+0000] {standard_task_runner.py:72} INFO - Started process 207 to run task
[2024-12-09T13:13:52.400+0000] {standard_task_runner.py:104} INFO - Running: ['***', 'tasks', 'run', 'sparking_flow', 'scala_job', 'manual__2024-12-09T13:13:49.927812+00:00', '--job-id', '464', '--raw', '--subdir', 'DAGS_FOLDER/spark_***.py', '--cfg-path', '/tmp/tmp1olqz6ny']
[2024-12-09T13:13:52.404+0000] {standard_task_runner.py:105} INFO - Job 464: Subtask scala_job
[2024-12-09T13:13:52.476+0000] {task_command.py:467} INFO - Running <TaskInstance: sparking_flow.scala_job manual__2024-12-09T13:13:49.927812+00:00 [running]> on host 2a892a3469ec
[2024-12-09T13:13:52.563+0000] {taskinstance.py:3132} INFO - Exporting env vars: AIRFLOW_CTX_DAG_OWNER='Yusuf Ganiyu' AIRFLOW_CTX_DAG_ID='sparking_flow' AIRFLOW_CTX_TASK_ID='scala_job' AIRFLOW_CTX_EXECUTION_DATE='2024-12-09T13:13:49.927812+00:00' AIRFLOW_CTX_TRY_NUMBER='1' AIRFLOW_CTX_DAG_RUN_ID='manual__2024-12-09T13:13:49.927812+00:00'
[2024-12-09T13:13:52.564+0000] {taskinstance.py:731} INFO - ::endgroup::
[2024-12-09T13:13:52.592+0000] {base.py:84} INFO - Retrieving connection 'spark-conn'
[2024-12-09T13:13:52.594+0000] {spark_submit.py:473} INFO - Spark-Submit cmd: spark-submit --master spark://sparkingflow-spark-master-1:7077 --name arrow-spark --deploy-mode client jobs/scala/target/scala-2.12/word-count_2.12-0.1.jar
[2024-12-09T13:13:57.278+0000] {spark_submit.py:634} INFO - 24/12/09 13:13:57 WARN NativeCodeLoader: Unable to load native-hadoop library for your platform... using builtin-java classes where applicable
[2024-12-09T13:13:57.802+0000] {spark_submit.py:634} INFO - 24/12/09 13:13:57 INFO SparkContext: Running Spark version 3.5.3
[2024-12-09T13:13:57.807+0000] {spark_submit.py:634} INFO - 24/12/09 13:13:57 INFO SparkContext: OS info Linux, 6.10.14-linuxkit, aarch64
[2024-12-09T13:13:57.808+0000] {spark_submit.py:634} INFO - 24/12/09 13:13:57 INFO SparkContext: Java version 17.0.13
[2024-12-09T13:13:57.862+0000] {spark_submit.py:634} INFO - 24/12/09 13:13:57 INFO ResourceUtils: ==============================================================
[2024-12-09T13:13:57.863+0000] {spark_submit.py:634} INFO - 24/12/09 13:13:57 INFO ResourceUtils: No custom resources configured for spark.driver.
[2024-12-09T13:13:57.865+0000] {spark_submit.py:634} INFO - 24/12/09 13:13:57 INFO ResourceUtils: ==============================================================
[2024-12-09T13:13:57.867+0000] {spark_submit.py:634} INFO - 24/12/09 13:13:57 INFO SparkContext: Submitted application: Word Count
[2024-12-09T13:13:57.915+0000] {spark_submit.py:634} INFO - 24/12/09 13:13:57 INFO ResourceProfile: Default ResourceProfile created, executor resources: Map(memory -> name: memory, amount: 1024, script: , vendor: , offHeap -> name: offHeap, amount: 0, script: , vendor: ), task resources: Map(cpus -> name: cpus, amount: 1.0)
[2024-12-09T13:13:57.935+0000] {spark_submit.py:634} INFO - 24/12/09 13:13:57 INFO ResourceProfile: Limiting resource is cpu
[2024-12-09T13:13:57.938+0000] {spark_submit.py:634} INFO - 24/12/09 13:13:57 INFO ResourceProfileManager: Added ResourceProfile id: 0
[2024-12-09T13:13:58.091+0000] {spark_submit.py:634} INFO - 24/12/09 13:13:58 INFO SecurityManager: Changing view acls to: ***
[2024-12-09T13:13:58.094+0000] {spark_submit.py:634} INFO - 24/12/09 13:13:58 INFO SecurityManager: Changing modify acls to: ***
[2024-12-09T13:13:58.095+0000] {spark_submit.py:634} INFO - 24/12/09 13:13:58 INFO SecurityManager: Changing view acls groups to:
[2024-12-09T13:13:58.097+0000] {spark_submit.py:634} INFO - 24/12/09 13:13:58 INFO SecurityManager: Changing modify acls groups to:
[2024-12-09T13:13:58.106+0000] {spark_submit.py:634} INFO - 24/12/09 13:13:58 INFO SecurityManager: SecurityManager: authentication disabled; ui acls disabled; users with view permissions: ***; groups with view permissions: EMPTY; users with modify permissions: ***; groups with modify permissions: EMPTY
[2024-12-09T13:13:58.461+0000] {spark_submit.py:634} INFO - 24/12/09 13:13:58 INFO Utils: Successfully started service 'sparkDriver' on port 43401.
[2024-12-09T13:13:58.513+0000] {spark_submit.py:634} INFO - 24/12/09 13:13:58 INFO SparkEnv: Registering MapOutputTracker
[2024-12-09T13:13:58.591+0000] {spark_submit.py:634} INFO - 24/12/09 13:13:58 INFO SparkEnv: Registering BlockManagerMaster
[2024-12-09T13:13:58.620+0000] {spark_submit.py:634} INFO - 24/12/09 13:13:58 INFO BlockManagerMasterEndpoint: Using org.apache.spark.storage.DefaultTopologyMapper for getting topology information
[2024-12-09T13:13:58.624+0000] {spark_submit.py:634} INFO - 24/12/09 13:13:58 INFO BlockManagerMasterEndpoint: BlockManagerMasterEndpoint up
[2024-12-09T13:13:58.651+0000] {spark_submit.py:634} INFO - 24/12/09 13:13:58 INFO SparkEnv: Registering BlockManagerMasterHeartbeat
[2024-12-09T13:13:58.806+0000] {spark_submit.py:634} INFO - 24/12/09 13:13:58 INFO DiskBlockManager: Created local directory at /tmp/blockmgr-c9534dce-c1ab-4755-85e9-0cc1f0a93738
[2024-12-09T13:13:58.847+0000] {spark_submit.py:634} INFO - 24/12/09 13:13:58 INFO MemoryStore: MemoryStore started with capacity 434.4 MiB
[2024-12-09T13:13:58.891+0000] {spark_submit.py:634} INFO - 24/12/09 13:13:58 INFO SparkEnv: Registering OutputCommitCoordinator
[2024-12-09T13:13:59.134+0000] {spark_submit.py:634} INFO - 24/12/09 13:13:59 INFO JettyUtils: Start Jetty 0.0.0.0:4040 for SparkUI
[2024-12-09T13:13:59.244+0000] {spark_submit.py:634} INFO - 24/12/09 13:13:59 WARN Utils: Service 'SparkUI' could not bind on port 4040. Attempting port 4041.
[2024-12-09T13:13:59.258+0000] {spark_submit.py:634} INFO - 24/12/09 13:13:59 INFO Utils: Successfully started service 'SparkUI' on port 4041.
[2024-12-09T13:13:59.337+0000] {spark_submit.py:634} INFO - 24/12/09 13:13:59 INFO SparkContext: Added JAR file:/opt/***/jobs/scala/target/scala-2.12/word-count_2.12-0.1.jar at spark://2a892a3469ec:43401/jars/word-count_2.12-0.1.jar with timestamp 1733750037784
[2024-12-09T13:13:59.502+0000] {spark_submit.py:634} INFO - 24/12/09 13:13:59 INFO StandaloneAppClient$ClientEndpoint: Connecting to master spark://spark-master:7077...
[2024-12-09T13:13:59.575+0000] {spark_submit.py:634} INFO - 24/12/09 13:13:59 INFO TransportClientFactory: Successfully created connection to spark-master/172.18.0.6:7077 after 42 ms (0 ms spent in bootstraps)
[2024-12-09T13:13:59.937+0000] {spark_submit.py:634} INFO - 24/12/09 13:13:59 INFO StandaloneSchedulerBackend: Connected to Spark cluster with app ID app-20241209131359-0000
[2024-12-09T13:13:59.966+0000] {spark_submit.py:634} INFO - 24/12/09 13:13:59 INFO Utils: Successfully started service 'org.apache.spark.network.netty.NettyBlockTransferService' on port 38485.
[2024-12-09T13:13:59.971+0000] {spark_submit.py:634} INFO - 24/12/09 13:13:59 INFO NettyBlockTransferService: Server created on 2a892a3469ec:38485
[2024-12-09T13:13:59.972+0000] {spark_submit.py:634} INFO - 24/12/09 13:13:59 INFO BlockManager: Using org.apache.spark.storage.RandomBlockReplicationPolicy for block replication policy
[2024-12-09T13:13:59.984+0000] {spark_submit.py:634} INFO - 24/12/09 13:13:59 INFO BlockManagerMaster: Registering BlockManager BlockManagerId(driver, 2a892a3469ec, 38485, None)
[2024-12-09T13:14:00.004+0000] {spark_submit.py:634} INFO - 24/12/09 13:14:00 INFO StandaloneAppClient$ClientEndpoint: Executor added: app-20241209131359-0000/0 on worker-20241209131208-172.18.0.7-45549 (172.18.0.7:45549) with 2 core(s)
[2024-12-09T13:14:00.010+0000] {spark_submit.py:634} INFO - 24/12/09 13:14:00 INFO StandaloneSchedulerBackend: Granted executor ID app-20241209131359-0000/0 on hostPort 172.18.0.7:45549 with 2 core(s), 1024.0 MiB RAM
[2024-12-09T13:14:00.021+0000] {spark_submit.py:634} INFO - 24/12/09 13:14:00 INFO BlockManagerMasterEndpoint: Registering block manager 2a892a3469ec:38485 with 434.4 MiB RAM, BlockManagerId(driver, 2a892a3469ec, 38485, None)
[2024-12-09T13:14:00.036+0000] {spark_submit.py:634} INFO - 24/12/09 13:14:00 INFO BlockManagerMaster: Registered BlockManager BlockManagerId(driver, 2a892a3469ec, 38485, None)
[2024-12-09T13:14:00.040+0000] {spark_submit.py:634} INFO - 24/12/09 13:14:00 INFO BlockManager: Initialized BlockManager: BlockManagerId(driver, 2a892a3469ec, 38485, None)
[2024-12-09T13:14:00.795+0000] {spark_submit.py:634} INFO - 24/12/09 13:14:00 INFO StandaloneAppClient$ClientEndpoint: Executor updated: app-20241209131359-0000/0 is now RUNNING
[2024-12-09T13:14:00.801+0000] {spark_submit.py:634} INFO - 24/12/09 13:14:00 INFO StandaloneSchedulerBackend: SchedulerBackend is ready for scheduling beginning after reached minRegisteredResourcesRatio: 0.0
[2024-12-09T13:14:02.327+0000] {spark_submit.py:634} INFO - 24/12/09 13:14:02 INFO SparkContext: Starting job: collect at wordcount.scala:14
[2024-12-09T13:14:03.326+0000] {spark_submit.py:634} INFO - 24/12/09 13:14:03 INFO DAGScheduler: Registering RDD 2 (map at wordcount.scala:11) as input to shuffle 0
[2024-12-09T13:14:03.344+0000] {spark_submit.py:634} INFO - 24/12/09 13:14:03 INFO DAGScheduler: Got job 0 (collect at wordcount.scala:14) with 2 output partitions
[2024-12-09T13:14:03.345+0000] {spark_submit.py:634} INFO - 24/12/09 13:14:03 INFO DAGScheduler: Final stage: ResultStage 1 (collect at wordcount.scala:14)
[2024-12-09T13:14:03.346+0000] {spark_submit.py:634} INFO - 24/12/09 13:14:03 INFO DAGScheduler: Parents of final stage: List(ShuffleMapStage 0)
[2024-12-09T13:14:03.348+0000] {spark_submit.py:634} INFO - 24/12/09 13:14:03 INFO DAGScheduler: Missing parents: List(ShuffleMapStage 0)
[2024-12-09T13:14:03.353+0000] {spark_submit.py:634} INFO - 24/12/09 13:14:03 INFO DAGScheduler: Submitting ShuffleMapStage 0 (MapPartitionsRDD[2] at map at wordcount.scala:11), which has no missing parents
[2024-12-09T13:14:03.534+0000] {spark_submit.py:634} INFO - 24/12/09 13:14:03 INFO MemoryStore: Block broadcast_0 stored as values in memory (estimated size 5.5 KiB, free 434.4 MiB)
[2024-12-09T13:14:03.607+0000] {spark_submit.py:634} INFO - 24/12/09 13:14:03 INFO MemoryStore: Block broadcast_0_piece0 stored as bytes in memory (estimated size 3.2 KiB, free 434.4 MiB)
[2024-12-09T13:14:03.610+0000] {spark_submit.py:634} INFO - 24/12/09 13:14:03 INFO BlockManagerInfo: Added broadcast_0_piece0 in memory on 2a892a3469ec:38485 (size: 3.2 KiB, free: 434.4 MiB)
[2024-12-09T13:14:03.621+0000] {spark_submit.py:634} INFO - 24/12/09 13:14:03 INFO SparkContext: Created broadcast 0 from broadcast at DAGScheduler.scala:1585
[2024-12-09T13:14:03.656+0000] {spark_submit.py:634} INFO - 24/12/09 13:14:03 INFO DAGScheduler: Submitting 2 missing tasks from ShuffleMapStage 0 (MapPartitionsRDD[2] at map at wordcount.scala:11) (first 15 tasks are for partitions Vector(0, 1))
[2024-12-09T13:14:03.658+0000] {spark_submit.py:634} INFO - 24/12/09 13:14:03 INFO TaskSchedulerImpl: Adding task set 0.0 with 2 tasks resource profile 0
[2024-12-09T13:14:06.073+0000] {spark_submit.py:634} INFO - 24/12/09 13:14:06 INFO StandaloneSchedulerBackend$StandaloneDriverEndpoint: Registered executor NettyRpcEndpointRef(spark-client://Executor) (172.18.0.7:49374) with ID 0,  ResourceProfileId 0
[2024-12-09T13:14:06.186+0000] {spark_submit.py:634} INFO - 24/12/09 13:14:06 INFO BlockManagerMasterEndpoint: Registering block manager 172.18.0.7:46027 with 434.4 MiB RAM, BlockManagerId(0, 172.18.0.7, 46027, None)
[2024-12-09T13:14:06.435+0000] {spark_submit.py:634} INFO - 24/12/09 13:14:06 INFO TaskSetManager: Starting task 0.0 in stage 0.0 (TID 0) (172.18.0.7, executor 0, partition 0, PROCESS_LOCAL, 9198 bytes)
[2024-12-09T13:14:06.441+0000] {spark_submit.py:634} INFO - 24/12/09 13:14:06 INFO TaskSetManager: Starting task 1.0 in stage 0.0 (TID 1) (172.18.0.7, executor 0, partition 1, PROCESS_LOCAL, 9213 bytes)
[2024-12-09T13:14:06.752+0000] {spark_submit.py:634} INFO - 24/12/09 13:14:06 INFO BlockManagerInfo: Added broadcast_0_piece0 in memory on 172.18.0.7:46027 (size: 3.2 KiB, free: 434.4 MiB)
[2024-12-09T13:14:07.493+0000] {spark_submit.py:634} INFO - 24/12/09 13:14:07 INFO TaskSetManager: Finished task 1.0 in stage 0.0 (TID 1) in 1049 ms on 172.18.0.7 (executor 0) (1/2)
[2024-12-09T13:14:07.494+0000] {spark_submit.py:634} INFO - 24/12/09 13:14:07 INFO TaskSetManager: Finished task 0.0 in stage 0.0 (TID 0) in 1086 ms on 172.18.0.7 (executor 0) (2/2)
[2024-12-09T13:14:07.494+0000] {spark_submit.py:634} INFO - 24/12/09 13:14:07 INFO TaskSchedulerImpl: Removed TaskSet 0.0, whose tasks have all completed, from pool
[2024-12-09T13:14:07.505+0000] {spark_submit.py:634} INFO - 24/12/09 13:14:07 INFO DAGScheduler: ShuffleMapStage 0 (map at wordcount.scala:11) finished in 4.117 s
[2024-12-09T13:14:07.507+0000] {spark_submit.py:634} INFO - 24/12/09 13:14:07 INFO DAGScheduler: looking for newly runnable stages
[2024-12-09T13:14:07.507+0000] {spark_submit.py:634} INFO - 24/12/09 13:14:07 INFO DAGScheduler: running: Set()
[2024-12-09T13:14:07.508+0000] {spark_submit.py:634} INFO - 24/12/09 13:14:07 INFO DAGScheduler: waiting: Set(ResultStage 1)
[2024-12-09T13:14:07.509+0000] {spark_submit.py:634} INFO - 24/12/09 13:14:07 INFO DAGScheduler: failed: Set()
[2024-12-09T13:14:07.512+0000] {spark_submit.py:634} INFO - 24/12/09 13:14:07 INFO DAGScheduler: Submitting ResultStage 1 (ShuffledRDD[3] at reduceByKey at wordcount.scala:12), which has no missing parents
[2024-12-09T13:14:07.527+0000] {spark_submit.py:634} INFO - 24/12/09 13:14:07 INFO MemoryStore: Block broadcast_1 stored as values in memory (estimated size 5.2 KiB, free 434.4 MiB)
[2024-12-09T13:14:07.556+0000] {spark_submit.py:634} INFO - 24/12/09 13:14:07 INFO MemoryStore: Block broadcast_1_piece0 stored as bytes in memory (estimated size 3.1 KiB, free 434.4 MiB)
[2024-12-09T13:14:07.560+0000] {spark_submit.py:634} INFO - 24/12/09 13:14:07 INFO BlockManagerInfo: Added broadcast_1_piece0 in memory on 2a892a3469ec:38485 (size: 3.1 KiB, free: 434.4 MiB)
[2024-12-09T13:14:07.561+0000] {spark_submit.py:634} INFO - 24/12/09 13:14:07 INFO SparkContext: Created broadcast 1 from broadcast at DAGScheduler.scala:1585
[2024-12-09T13:14:07.561+0000] {spark_submit.py:634} INFO - 24/12/09 13:14:07 INFO DAGScheduler: Submitting 2 missing tasks from ResultStage 1 (ShuffledRDD[3] at reduceByKey at wordcount.scala:12) (first 15 tasks are for partitions Vector(0, 1))
[2024-12-09T13:14:07.561+0000] {spark_submit.py:634} INFO - 24/12/09 13:14:07 INFO TaskSchedulerImpl: Adding task set 1.0 with 2 tasks resource profile 0
[2024-12-09T13:14:07.567+0000] {spark_submit.py:634} INFO - 24/12/09 13:14:07 INFO TaskSetManager: Starting task 0.0 in stage 1.0 (TID 2) (172.18.0.7, executor 0, partition 0, NODE_LOCAL, 9003 bytes)
[2024-12-09T13:14:07.568+0000] {spark_submit.py:634} INFO - 24/12/09 13:14:07 INFO TaskSetManager: Starting task 1.0 in stage 1.0 (TID 3) (172.18.0.7, executor 0, partition 1, NODE_LOCAL, 9003 bytes)
[2024-12-09T13:14:07.596+0000] {spark_submit.py:634} INFO - 24/12/09 13:14:07 INFO BlockManagerInfo: Added broadcast_1_piece0 in memory on 172.18.0.7:46027 (size: 3.1 KiB, free: 434.4 MiB)
[2024-12-09T13:14:07.657+0000] {spark_submit.py:634} INFO - 24/12/09 13:14:07 INFO MapOutputTrackerMasterEndpoint: Asked to send map output locations for shuffle 0 to 172.18.0.7:49374
[2024-12-09T13:14:07.692+0000] {spark_submit.py:634} INFO - 24/12/09 13:14:07 INFO BlockManagerInfo: Removed broadcast_0_piece0 on 2a892a3469ec:38485 in memory (size: 3.2 KiB, free: 434.4 MiB)
[2024-12-09T13:14:07.702+0000] {spark_submit.py:634} INFO - 24/12/09 13:14:07 INFO BlockManagerInfo: Removed broadcast_0_piece0 on 172.18.0.7:46027 in memory (size: 3.2 KiB, free: 434.4 MiB)
[2024-12-09T13:14:07.800+0000] {spark_submit.py:634} INFO - 24/12/09 13:14:07 INFO TaskSetManager: Finished task 0.0 in stage 1.0 (TID 2) in 235 ms on 172.18.0.7 (executor 0) (1/2)
[2024-12-09T13:14:07.801+0000] {spark_submit.py:634} INFO - 24/12/09 13:14:07 INFO TaskSetManager: Finished task 1.0 in stage 1.0 (TID 3) in 232 ms on 172.18.0.7 (executor 0) (2/2)
[2024-12-09T13:14:07.801+0000] {spark_submit.py:634} INFO - 24/12/09 13:14:07 INFO TaskSchedulerImpl: Removed TaskSet 1.0, whose tasks have all completed, from pool
[2024-12-09T13:14:07.804+0000] {spark_submit.py:634} INFO - 24/12/09 13:14:07 INFO DAGScheduler: ResultStage 1 (collect at wordcount.scala:14) finished in 0.281 s
[2024-12-09T13:14:07.807+0000] {spark_submit.py:634} INFO - 24/12/09 13:14:07 INFO DAGScheduler: Job 0 is finished. Cancelling potential speculative or zombie tasks for this job
[2024-12-09T13:14:07.807+0000] {spark_submit.py:634} INFO - 24/12/09 13:14:07 INFO TaskSchedulerImpl: Killing all running tasks in stage 1: Stage finished
[2024-12-09T13:14:07.811+0000] {spark_submit.py:634} INFO - 24/12/09 13:14:07 INFO DAGScheduler: Job 0 finished: collect at wordcount.scala:14, took 5.481379 s
[2024-12-09T13:14:07.816+0000] {spark_submit.py:634} INFO - (Hello,5)
[2024-12-09T13:14:07.816+0000] {spark_submit.py:634} INFO - (Yusuf,1)
[2024-12-09T13:14:07.817+0000] {spark_submit.py:634} INFO - (World,1)
[2024-12-09T13:14:07.817+0000] {spark_submit.py:634} INFO - (Scala,1)
[2024-12-09T13:14:07.817+0000] {spark_submit.py:634} INFO - (Docker,1)
[2024-12-09T13:14:07.820+0000] {spark_submit.py:634} INFO - (spark,1)
[2024-12-09T13:14:07.821+0000] {spark_submit.py:634} INFO - 24/12/09 13:14:07 INFO SparkContext: SparkContext is stopping with exitCode 0.
[2024-12-09T13:14:07.837+0000] {spark_submit.py:634} INFO - 24/12/09 13:14:07 INFO SparkUI: Stopped Spark web UI at http://2a892a3469ec:4041
[2024-12-09T13:14:07.845+0000] {spark_submit.py:634} INFO - 24/12/09 13:14:07 INFO StandaloneSchedulerBackend: Shutting down all executors
[2024-12-09T13:14:07.847+0000] {spark_submit.py:634} INFO - 24/12/09 13:14:07 INFO StandaloneSchedulerBackend$StandaloneDriverEndpoint: Asking each executor to shut down
[2024-12-09T13:14:07.882+0000] {spark_submit.py:634} INFO - 24/12/09 13:14:07 INFO MapOutputTrackerMasterEndpoint: MapOutputTrackerMasterEndpoint stopped!
[2024-12-09T13:14:07.927+0000] {spark_submit.py:634} INFO - 24/12/09 13:14:07 INFO MemoryStore: MemoryStore cleared
[2024-12-09T13:14:07.928+0000] {spark_submit.py:634} INFO - 24/12/09 13:14:07 INFO BlockManager: BlockManager stopped
[2024-12-09T13:14:07.937+0000] {spark_submit.py:634} INFO - 24/12/09 13:14:07 INFO BlockManagerMaster: BlockManagerMaster stopped
[2024-12-09T13:14:07.947+0000] {spark_submit.py:634} INFO - 24/12/09 13:14:07 INFO OutputCommitCoordinator$OutputCommitCoordinatorEndpoint: OutputCommitCoordinator stopped!
[2024-12-09T13:14:07.987+0000] {spark_submit.py:634} INFO - 24/12/09 13:14:07 INFO SparkContext: Successfully stopped SparkContext
[2024-12-09T13:14:07.991+0000] {spark_submit.py:634} INFO - 24/12/09 13:14:07 INFO ShutdownHookManager: Shutdown hook called
[2024-12-09T13:14:07.993+0000] {spark_submit.py:634} INFO - 24/12/09 13:14:07 INFO ShutdownHookManager: Deleting directory /tmp/spark-717333d7-a1cf-4209-8790-3e06f530c5af
[2024-12-09T13:14:08.002+0000] {spark_submit.py:634} INFO - 24/12/09 13:14:08 INFO ShutdownHookManager: Deleting directory /tmp/spark-9ffc2a71-c675-4f49-b1d4-78e89fbf8bb7
[2024-12-09T13:14:08.108+0000] {taskinstance.py:340} INFO - ::group::Post task execution logs
[2024-12-09T13:14:08.109+0000] {taskinstance.py:352} INFO - Marking task as SUCCESS. dag_id=sparking_flow, task_id=scala_job, run_id=manual__2024-12-09T13:13:49.927812+00:00, execution_date=20241209T131349, start_date=20241209T131352, end_date=20241209T131408
[2024-12-09T13:14:08.135+0000] {local_task_job_runner.py:266} INFO - Task exited with return code 0
[2024-12-09T13:14:08.157+0000] {taskinstance.py:3895} INFO - 0 downstream tasks scheduled from follow-on schedule check
[2024-12-09T13:14:08.159+0000] {local_task_job_runner.py:245} INFO - ::endgroup::
