[2024-12-09T12:06:52.243+0000] {local_task_job_runner.py:123} INFO - ::group::Pre task execution logs
[2024-12-09T12:06:52.260+0000] {taskinstance.py:2613} INFO - Dependencies all met for dep_context=non-requeueable deps ti=<TaskInstance: sparking_flow.java_job manual__2024-12-09T12:06:50.511226+00:00 [queued]>
[2024-12-09T12:06:52.269+0000] {taskinstance.py:2613} INFO - Dependencies all met for dep_context=requeueable deps ti=<TaskInstance: sparking_flow.java_job manual__2024-12-09T12:06:50.511226+00:00 [queued]>
[2024-12-09T12:06:52.270+0000] {taskinstance.py:2866} INFO - Starting attempt 1 of 1
[2024-12-09T12:06:52.283+0000] {taskinstance.py:2889} INFO - Executing <Task(SparkSubmitOperator): java_job> on 2024-12-09 12:06:50.511226+00:00
[2024-12-09T12:06:52.293+0000] {logging_mixin.py:190} WARNING - /home/***/.local/lib/python3.12/site-packages/***/task/task_runner/standard_task_runner.py:70 DeprecationWarning: This process (pid=185) is multi-threaded, use of fork() may lead to deadlocks in the child.
[2024-12-09T12:06:52.294+0000] {standard_task_runner.py:104} INFO - Running: ['***', 'tasks', 'run', 'sparking_flow', 'java_job', 'manual__2024-12-09T12:06:50.511226+00:00', '--job-id', '392', '--raw', '--subdir', 'DAGS_FOLDER/spark_***.py', '--cfg-path', '/tmp/tmpkimibkio']
[2024-12-09T12:06:52.299+0000] {standard_task_runner.py:72} INFO - Started process 189 to run task
[2024-12-09T12:06:52.299+0000] {standard_task_runner.py:105} INFO - Job 392: Subtask java_job
[2024-12-09T12:06:52.357+0000] {task_command.py:467} INFO - Running <TaskInstance: sparking_flow.java_job manual__2024-12-09T12:06:50.511226+00:00 [running]> on host 2a892a3469ec
[2024-12-09T12:06:52.482+0000] {taskinstance.py:3132} INFO - Exporting env vars: AIRFLOW_CTX_DAG_OWNER='Yusuf Ganiyu' AIRFLOW_CTX_DAG_ID='sparking_flow' AIRFLOW_CTX_TASK_ID='java_job' AIRFLOW_CTX_EXECUTION_DATE='2024-12-09T12:06:50.511226+00:00' AIRFLOW_CTX_TRY_NUMBER='1' AIRFLOW_CTX_DAG_RUN_ID='manual__2024-12-09T12:06:50.511226+00:00'
[2024-12-09T12:06:52.483+0000] {taskinstance.py:731} INFO - ::endgroup::
[2024-12-09T12:06:52.529+0000] {base.py:84} INFO - Retrieving connection 'spark-conn'
[2024-12-09T12:06:52.532+0000] {spark_submit.py:473} INFO - Spark-Submit cmd: spark-submit --master spark://sparkingflow-spark-master-1:7077 --name arrow-spark --class com.airscholar.spark.WordCountJob --deploy-mode client jobs/java/spark-job/target/spark-job-1.0-SNAPSHOT.jar
[2024-12-09T12:06:55.942+0000] {spark_submit.py:634} INFO - 24/12/09 12:06:55 INFO SparkContext: Running Spark version 3.5.3
[2024-12-09T12:06:55.950+0000] {spark_submit.py:634} INFO - 24/12/09 12:06:55 INFO SparkContext: OS info Linux, 6.10.14-linuxkit, aarch64
[2024-12-09T12:06:55.951+0000] {spark_submit.py:634} INFO - 24/12/09 12:06:55 INFO SparkContext: Java version 17.0.13
[2024-12-09T12:06:56.073+0000] {spark_submit.py:634} INFO - 24/12/09 12:06:56 WARN NativeCodeLoader: Unable to load native-hadoop library for your platform... using builtin-java classes where applicable
[2024-12-09T12:06:56.216+0000] {spark_submit.py:634} INFO - 24/12/09 12:06:56 INFO ResourceUtils: ==============================================================
[2024-12-09T12:06:56.216+0000] {spark_submit.py:634} INFO - 24/12/09 12:06:56 INFO ResourceUtils: No custom resources configured for spark.driver.
[2024-12-09T12:06:56.220+0000] {spark_submit.py:634} INFO - 24/12/09 12:06:56 INFO ResourceUtils: ==============================================================
[2024-12-09T12:06:56.220+0000] {spark_submit.py:634} INFO - 24/12/09 12:06:56 INFO SparkContext: Submitted application: Word Count Job
[2024-12-09T12:06:56.264+0000] {spark_submit.py:634} INFO - 24/12/09 12:06:56 INFO ResourceProfile: Default ResourceProfile created, executor resources: Map(cores -> name: cores, amount: 1, script: , vendor: , memory -> name: memory, amount: 1024, script: , vendor: , offHeap -> name: offHeap, amount: 0, script: , vendor: ), task resources: Map(cpus -> name: cpus, amount: 1.0)
[2024-12-09T12:06:56.279+0000] {spark_submit.py:634} INFO - 24/12/09 12:06:56 INFO ResourceProfile: Limiting resource is cpu
[2024-12-09T12:06:56.281+0000] {spark_submit.py:634} INFO - 24/12/09 12:06:56 INFO ResourceProfileManager: Added ResourceProfile id: 0
[2024-12-09T12:06:56.388+0000] {spark_submit.py:634} INFO - 24/12/09 12:06:56 INFO SecurityManager: Changing view acls to: ***
[2024-12-09T12:06:56.389+0000] {spark_submit.py:634} INFO - 24/12/09 12:06:56 INFO SecurityManager: Changing modify acls to: ***
[2024-12-09T12:06:56.392+0000] {spark_submit.py:634} INFO - 24/12/09 12:06:56 INFO SecurityManager: Changing view acls groups to:
[2024-12-09T12:06:56.393+0000] {spark_submit.py:634} INFO - 24/12/09 12:06:56 INFO SecurityManager: Changing modify acls groups to:
[2024-12-09T12:06:56.394+0000] {spark_submit.py:634} INFO - 24/12/09 12:06:56 INFO SecurityManager: SecurityManager: authentication disabled; ui acls disabled; users with view permissions: ***; groups with view permissions: EMPTY; users with modify permissions: ***; groups with modify permissions: EMPTY
[2024-12-09T12:06:56.733+0000] {spark_submit.py:634} INFO - 24/12/09 12:06:56 INFO Utils: Successfully started service 'sparkDriver' on port 34859.
[2024-12-09T12:06:56.774+0000] {spark_submit.py:634} INFO - 24/12/09 12:06:56 INFO SparkEnv: Registering MapOutputTracker
[2024-12-09T12:06:56.815+0000] {spark_submit.py:634} INFO - 24/12/09 12:06:56 INFO SparkEnv: Registering BlockManagerMaster
[2024-12-09T12:06:56.838+0000] {spark_submit.py:634} INFO - 24/12/09 12:06:56 INFO BlockManagerMasterEndpoint: Using org.apache.spark.storage.DefaultTopologyMapper for getting topology information
[2024-12-09T12:06:56.838+0000] {spark_submit.py:634} INFO - 24/12/09 12:06:56 INFO BlockManagerMasterEndpoint: BlockManagerMasterEndpoint up
[2024-12-09T12:06:56.845+0000] {spark_submit.py:634} INFO - 24/12/09 12:06:56 INFO SparkEnv: Registering BlockManagerMasterHeartbeat
[2024-12-09T12:06:56.875+0000] {spark_submit.py:634} INFO - 24/12/09 12:06:56 INFO DiskBlockManager: Created local directory at /tmp/blockmgr-d9a31829-6ed1-449a-a553-4ce755cf454e
[2024-12-09T12:06:56.902+0000] {spark_submit.py:634} INFO - 24/12/09 12:06:56 INFO MemoryStore: MemoryStore started with capacity 434.4 MiB
[2024-12-09T12:06:56.924+0000] {spark_submit.py:634} INFO - 24/12/09 12:06:56 INFO SparkEnv: Registering OutputCommitCoordinator
[2024-12-09T12:06:57.269+0000] {spark_submit.py:634} INFO - 24/12/09 12:06:57 INFO JettyUtils: Start Jetty 0.0.0.0:4040 for SparkUI
[2024-12-09T12:06:57.414+0000] {spark_submit.py:634} INFO - 24/12/09 12:06:57 WARN Utils: Service 'SparkUI' could not bind on port 4040. Attempting port 4041.
[2024-12-09T12:06:57.432+0000] {spark_submit.py:634} INFO - 24/12/09 12:06:57 INFO Utils: Successfully started service 'SparkUI' on port 4041.
[2024-12-09T12:06:57.494+0000] {spark_submit.py:634} INFO - 24/12/09 12:06:57 INFO SparkContext: Added JAR file:/opt/***/jobs/java/spark-job/target/spark-job-1.0-SNAPSHOT.jar at spark://2a892a3469ec:34859/jars/spark-job-1.0-SNAPSHOT.jar with timestamp 1733746015918
[2024-12-09T12:06:57.603+0000] {spark_submit.py:634} INFO - 24/12/09 12:06:57 INFO Executor: Starting executor ID driver on host 2a892a3469ec
[2024-12-09T12:06:57.607+0000] {spark_submit.py:634} INFO - 24/12/09 12:06:57 INFO Executor: OS info Linux, 6.10.14-linuxkit, aarch64
[2024-12-09T12:06:57.613+0000] {spark_submit.py:634} INFO - 24/12/09 12:06:57 INFO Executor: Java version 17.0.13
[2024-12-09T12:06:57.620+0000] {spark_submit.py:634} INFO - 24/12/09 12:06:57 INFO Executor: Starting executor with user classpath (userClassPathFirst = false): ''
[2024-12-09T12:06:57.623+0000] {spark_submit.py:634} INFO - 24/12/09 12:06:57 INFO Executor: Created or updated repl class loader org.apache.spark.util.MutableURLClassLoader@141d3d43 for default.
[2024-12-09T12:06:57.680+0000] {spark_submit.py:634} INFO - 24/12/09 12:06:57 INFO Executor: Fetching spark://2a892a3469ec:34859/jars/spark-job-1.0-SNAPSHOT.jar with timestamp 1733746015918
[2024-12-09T12:06:57.824+0000] {spark_submit.py:634} INFO - 24/12/09 12:06:57 INFO TransportClientFactory: Successfully created connection to 2a892a3469ec/172.18.0.4:34859 after 92 ms (0 ms spent in bootstraps)
[2024-12-09T12:06:57.839+0000] {spark_submit.py:634} INFO - 24/12/09 12:06:57 INFO Utils: Fetching spark://2a892a3469ec:34859/jars/spark-job-1.0-SNAPSHOT.jar to /tmp/spark-3071847e-79d0-45f9-b7e3-ca90cb990cf0/userFiles-6bdefe3a-58f2-4998-9fd8-4ac02fa308c7/fetchFileTemp13849239038350355050.tmp
[2024-12-09T12:06:57.923+0000] {spark_submit.py:634} INFO - 24/12/09 12:06:57 INFO Executor: Adding file:/tmp/spark-3071847e-79d0-45f9-b7e3-ca90cb990cf0/userFiles-6bdefe3a-58f2-4998-9fd8-4ac02fa308c7/spark-job-1.0-SNAPSHOT.jar to class loader default
[2024-12-09T12:06:57.943+0000] {spark_submit.py:634} INFO - 24/12/09 12:06:57 INFO Utils: Successfully started service 'org.apache.spark.network.netty.NettyBlockTransferService' on port 45797.
[2024-12-09T12:06:57.948+0000] {spark_submit.py:634} INFO - 24/12/09 12:06:57 INFO NettyBlockTransferService: Server created on 2a892a3469ec:45797
[2024-12-09T12:06:57.951+0000] {spark_submit.py:634} INFO - 24/12/09 12:06:57 INFO BlockManager: Using org.apache.spark.storage.RandomBlockReplicationPolicy for block replication policy
[2024-12-09T12:06:57.961+0000] {spark_submit.py:634} INFO - 24/12/09 12:06:57 INFO BlockManagerMaster: Registering BlockManager BlockManagerId(driver, 2a892a3469ec, 45797, None)
[2024-12-09T12:06:57.966+0000] {spark_submit.py:634} INFO - 24/12/09 12:06:57 INFO BlockManagerMasterEndpoint: Registering block manager 2a892a3469ec:45797 with 434.4 MiB RAM, BlockManagerId(driver, 2a892a3469ec, 45797, None)
[2024-12-09T12:06:57.973+0000] {spark_submit.py:634} INFO - 24/12/09 12:06:57 INFO BlockManagerMaster: Registered BlockManager BlockManagerId(driver, 2a892a3469ec, 45797, None)
[2024-12-09T12:06:57.974+0000] {spark_submit.py:634} INFO - 24/12/09 12:06:57 INFO BlockManager: Initialized BlockManager: BlockManagerId(driver, 2a892a3469ec, 45797, None)
[2024-12-09T12:06:59.791+0000] {spark_submit.py:634} INFO - 24/12/09 12:06:59 INFO SparkContext: Starting job: collect at WordCountJob.java:37
[2024-12-09T12:06:59.862+0000] {spark_submit.py:634} INFO - 24/12/09 12:06:59 INFO DAGScheduler: Registering RDD 2 (mapToPair at WordCountJob.java:33) as input to shuffle 0
[2024-12-09T12:06:59.870+0000] {spark_submit.py:634} INFO - 24/12/09 12:06:59 INFO DAGScheduler: Got job 0 (collect at WordCountJob.java:37) with 1 output partitions
[2024-12-09T12:06:59.870+0000] {spark_submit.py:634} INFO - 24/12/09 12:06:59 INFO DAGScheduler: Final stage: ResultStage 1 (collect at WordCountJob.java:37)
[2024-12-09T12:06:59.871+0000] {spark_submit.py:634} INFO - 24/12/09 12:06:59 INFO DAGScheduler: Parents of final stage: List(ShuffleMapStage 0)
[2024-12-09T12:06:59.874+0000] {spark_submit.py:634} INFO - 24/12/09 12:06:59 INFO DAGScheduler: Missing parents: List(ShuffleMapStage 0)
[2024-12-09T12:06:59.879+0000] {spark_submit.py:634} INFO - 24/12/09 12:06:59 INFO DAGScheduler: Submitting ShuffleMapStage 0 (MapPartitionsRDD[2] at mapToPair at WordCountJob.java:33), which has no missing parents
[2024-12-09T12:07:00.231+0000] {spark_submit.py:634} INFO - 24/12/09 12:07:00 INFO MemoryStore: Block broadcast_0 stored as values in memory (estimated size 6.4 KiB, free 434.4 MiB)
[2024-12-09T12:07:00.410+0000] {spark_submit.py:634} INFO - 24/12/09 12:07:00 INFO MemoryStore: Block broadcast_0_piece0 stored as bytes in memory (estimated size 3.4 KiB, free 434.4 MiB)
[2024-12-09T12:07:00.437+0000] {spark_submit.py:634} INFO - 24/12/09 12:07:00 INFO BlockManagerInfo: Added broadcast_0_piece0 in memory on 2a892a3469ec:45797 (size: 3.4 KiB, free: 434.4 MiB)
[2024-12-09T12:07:00.442+0000] {spark_submit.py:634} INFO - 24/12/09 12:07:00 INFO SparkContext: Created broadcast 0 from broadcast at DAGScheduler.scala:1585
[2024-12-09T12:07:00.594+0000] {spark_submit.py:634} INFO - 24/12/09 12:07:00 INFO DAGScheduler: Submitting 1 missing tasks from ShuffleMapStage 0 (MapPartitionsRDD[2] at mapToPair at WordCountJob.java:33) (first 15 tasks are for partitions Vector(0))
[2024-12-09T12:07:00.601+0000] {spark_submit.py:634} INFO - 24/12/09 12:07:00 INFO TaskSchedulerImpl: Adding task set 0.0 with 1 tasks resource profile 0
[2024-12-09T12:07:00.956+0000] {spark_submit.py:634} INFO - 24/12/09 12:07:00 INFO TaskSetManager: Starting task 0.0 in stage 0.0 (TID 0) (2a892a3469ec, executor driver, partition 0, PROCESS_LOCAL, 9249 bytes)
[2024-12-09T12:07:01.042+0000] {spark_submit.py:634} INFO - 24/12/09 12:07:01 INFO Executor: Running task 0.0 in stage 0.0 (TID 0)
[2024-12-09T12:07:01.765+0000] {spark_submit.py:634} INFO - 24/12/09 12:07:01 INFO Executor: Finished task 0.0 in stage 0.0 (TID 0). 1216 bytes result sent to driver
[2024-12-09T12:07:01.800+0000] {spark_submit.py:634} INFO - 24/12/09 12:07:01 INFO TaskSetManager: Finished task 0.0 in stage 0.0 (TID 0) in 951 ms on 2a892a3469ec (executor driver) (1/1)
[2024-12-09T12:07:01.804+0000] {spark_submit.py:634} INFO - 24/12/09 12:07:01 INFO TaskSchedulerImpl: Removed TaskSet 0.0, whose tasks have all completed, from pool
[2024-12-09T12:07:01.835+0000] {spark_submit.py:634} INFO - 24/12/09 12:07:01 INFO DAGScheduler: ShuffleMapStage 0 (mapToPair at WordCountJob.java:33) finished in 1.909 s
[2024-12-09T12:07:01.841+0000] {spark_submit.py:634} INFO - 24/12/09 12:07:01 INFO DAGScheduler: looking for newly runnable stages
[2024-12-09T12:07:01.854+0000] {spark_submit.py:634} INFO - 24/12/09 12:07:01 INFO DAGScheduler: running: Set()
[2024-12-09T12:07:01.862+0000] {spark_submit.py:634} INFO - 24/12/09 12:07:01 INFO DAGScheduler: waiting: Set(ResultStage 1)
[2024-12-09T12:07:01.863+0000] {spark_submit.py:634} INFO - 24/12/09 12:07:01 INFO DAGScheduler: failed: Set()
[2024-12-09T12:07:01.863+0000] {spark_submit.py:634} INFO - 24/12/09 12:07:01 INFO DAGScheduler: Submitting ResultStage 1 (ShuffledRDD[3] at reduceByKey at WordCountJob.java:34), which has no missing parents
[2024-12-09T12:07:01.902+0000] {spark_submit.py:634} INFO - 24/12/09 12:07:01 INFO MemoryStore: Block broadcast_1 stored as values in memory (estimated size 5.2 KiB, free 434.4 MiB)
[2024-12-09T12:07:01.909+0000] {spark_submit.py:634} INFO - 24/12/09 12:07:01 INFO MemoryStore: Block broadcast_1_piece0 stored as bytes in memory (estimated size 2.9 KiB, free 434.4 MiB)
[2024-12-09T12:07:01.911+0000] {spark_submit.py:634} INFO - 24/12/09 12:07:01 INFO BlockManagerInfo: Added broadcast_1_piece0 in memory on 2a892a3469ec:45797 (size: 2.9 KiB, free: 434.4 MiB)
[2024-12-09T12:07:01.917+0000] {spark_submit.py:634} INFO - 24/12/09 12:07:01 INFO SparkContext: Created broadcast 1 from broadcast at DAGScheduler.scala:1585
[2024-12-09T12:07:01.931+0000] {spark_submit.py:634} INFO - 24/12/09 12:07:01 INFO DAGScheduler: Submitting 1 missing tasks from ResultStage 1 (ShuffledRDD[3] at reduceByKey at WordCountJob.java:34) (first 15 tasks are for partitions Vector(0))
[2024-12-09T12:07:01.934+0000] {spark_submit.py:634} INFO - 24/12/09 12:07:01 INFO TaskSchedulerImpl: Adding task set 1.0 with 1 tasks resource profile 0
[2024-12-09T12:07:01.948+0000] {spark_submit.py:634} INFO - 24/12/09 12:07:01 INFO TaskSetManager: Starting task 0.0 in stage 1.0 (TID 1) (2a892a3469ec, executor driver, partition 0, NODE_LOCAL, 9002 bytes)
[2024-12-09T12:07:01.950+0000] {spark_submit.py:634} INFO - 24/12/09 12:07:01 INFO Executor: Running task 0.0 in stage 1.0 (TID 1)
[2024-12-09T12:07:02.141+0000] {spark_submit.py:634} INFO - 24/12/09 12:07:02 INFO ShuffleBlockFetcherIterator: Getting 1 (189.0 B) non-empty blocks including 1 (189.0 B) local and 0 (0.0 B) host-local and 0 (0.0 B) push-merged-local and 0 (0.0 B) remote blocks
[2024-12-09T12:07:02.149+0000] {spark_submit.py:634} INFO - 24/12/09 12:07:02 INFO ShuffleBlockFetcherIterator: Started 0 remote fetches in 52 ms
[2024-12-09T12:07:02.319+0000] {spark_submit.py:634} INFO - 24/12/09 12:07:02 INFO Executor: Finished task 0.0 in stage 1.0 (TID 1). 2044 bytes result sent to driver
[2024-12-09T12:07:02.330+0000] {spark_submit.py:634} INFO - 24/12/09 12:07:02 INFO TaskSetManager: Finished task 0.0 in stage 1.0 (TID 1) in 389 ms on 2a892a3469ec (executor driver) (1/1)
[2024-12-09T12:07:02.333+0000] {spark_submit.py:634} INFO - 24/12/09 12:07:02 INFO TaskSchedulerImpl: Removed TaskSet 1.0, whose tasks have all completed, from pool
[2024-12-09T12:07:02.347+0000] {spark_submit.py:634} INFO - 24/12/09 12:07:02 INFO DAGScheduler: ResultStage 1 (collect at WordCountJob.java:37) finished in 0.438 s
[2024-12-09T12:07:02.355+0000] {spark_submit.py:634} INFO - 24/12/09 12:07:02 INFO DAGScheduler: Job 0 is finished. Cancelling potential speculative or zombie tasks for this job
[2024-12-09T12:07:02.358+0000] {spark_submit.py:634} INFO - 24/12/09 12:07:02 INFO TaskSchedulerImpl: Killing all running tasks in stage 1: Stage finished
[2024-12-09T12:07:02.367+0000] {spark_submit.py:634} INFO - 24/12/09 12:07:02 INFO DAGScheduler: Job 0 finished: collect at WordCountJob.java:37, took 2.575885 s
[2024-12-09T12:07:02.373+0000] {spark_submit.py:634} INFO - spark: 1
[2024-12-09T12:07:02.379+0000] {spark_submit.py:634} INFO - docker: 1
[2024-12-09T12:07:02.380+0000] {spark_submit.py:634} INFO - Yusuf: 1
[2024-12-09T12:07:02.382+0000] {spark_submit.py:634} INFO - hello: 5
[2024-12-09T12:07:02.388+0000] {spark_submit.py:634} INFO - java: 1
[2024-12-09T12:07:02.392+0000] {spark_submit.py:634} INFO - world: 1
[2024-12-09T12:07:02.397+0000] {spark_submit.py:634} INFO - 24/12/09 12:07:02 INFO SparkContext: SparkContext is stopping with exitCode 0.
[2024-12-09T12:07:02.448+0000] {spark_submit.py:634} INFO - 24/12/09 12:07:02 INFO BlockManagerInfo: Removed broadcast_0_piece0 on 2a892a3469ec:45797 in memory (size: 3.4 KiB, free: 434.4 MiB)
[2024-12-09T12:07:02.450+0000] {spark_submit.py:634} INFO - 24/12/09 12:07:02 INFO SparkUI: Stopped Spark web UI at http://2a892a3469ec:4041
[2024-12-09T12:07:02.517+0000] {spark_submit.py:634} INFO - 24/12/09 12:07:02 INFO MapOutputTrackerMasterEndpoint: MapOutputTrackerMasterEndpoint stopped!
[2024-12-09T12:07:02.550+0000] {spark_submit.py:634} INFO - 24/12/09 12:07:02 INFO MemoryStore: MemoryStore cleared
[2024-12-09T12:07:02.551+0000] {spark_submit.py:634} INFO - 24/12/09 12:07:02 INFO BlockManager: BlockManager stopped
[2024-12-09T12:07:02.558+0000] {spark_submit.py:634} INFO - 24/12/09 12:07:02 INFO BlockManagerMaster: BlockManagerMaster stopped
[2024-12-09T12:07:02.565+0000] {spark_submit.py:634} INFO - 24/12/09 12:07:02 INFO OutputCommitCoordinator$OutputCommitCoordinatorEndpoint: OutputCommitCoordinator stopped!
[2024-12-09T12:07:02.588+0000] {spark_submit.py:634} INFO - 24/12/09 12:07:02 INFO SparkContext: Successfully stopped SparkContext
[2024-12-09T12:07:02.593+0000] {spark_submit.py:634} INFO - 24/12/09 12:07:02 INFO ShutdownHookManager: Shutdown hook called
[2024-12-09T12:07:02.596+0000] {spark_submit.py:634} INFO - 24/12/09 12:07:02 INFO ShutdownHookManager: Deleting directory /tmp/spark-3071847e-79d0-45f9-b7e3-ca90cb990cf0
[2024-12-09T12:07:02.600+0000] {spark_submit.py:634} INFO - 24/12/09 12:07:02 INFO ShutdownHookManager: Deleting directory /tmp/spark-e4e54e8a-2f8d-4ad3-9c42-be552b0cab8d
[2024-12-09T12:07:02.723+0000] {taskinstance.py:340} INFO - ::group::Post task execution logs
[2024-12-09T12:07:02.724+0000] {taskinstance.py:352} INFO - Marking task as SUCCESS. dag_id=sparking_flow, task_id=java_job, run_id=manual__2024-12-09T12:06:50.511226+00:00, execution_date=20241209T120650, start_date=20241209T120652, end_date=20241209T120702
[2024-12-09T12:07:02.761+0000] {local_task_job_runner.py:266} INFO - Task exited with return code 0
[2024-12-09T12:07:02.807+0000] {taskinstance.py:3895} INFO - 0 downstream tasks scheduled from follow-on schedule check
[2024-12-09T12:07:02.816+0000] {local_task_job_runner.py:245} INFO - ::endgroup::
