[2024-12-08T14:16:59.149+0000] {local_task_job_runner.py:123} INFO - ::group::Pre task execution logs
[2024-12-08T14:16:59.188+0000] {taskinstance.py:2613} INFO - Dependencies all met for dep_context=non-requeueable deps ti=<TaskInstance: sparking_flow.java_job manual__2024-12-08T14:16:56.165016+00:00 [queued]>
[2024-12-08T14:16:59.203+0000] {taskinstance.py:2613} INFO - Dependencies all met for dep_context=requeueable deps ti=<TaskInstance: sparking_flow.java_job manual__2024-12-08T14:16:56.165016+00:00 [queued]>
[2024-12-08T14:16:59.205+0000] {taskinstance.py:2866} INFO - Starting attempt 1 of 1
[2024-12-08T14:16:59.221+0000] {taskinstance.py:2889} INFO - Executing <Task(SparkSubmitOperator): java_job> on 2024-12-08 14:16:56.165016+00:00
[2024-12-08T14:16:59.228+0000] {logging_mixin.py:190} WARNING - /home/***/.local/lib/python3.12/site-packages/***/task/task_runner/standard_task_runner.py:70 DeprecationWarning: This process (pid=184) is multi-threaded, use of fork() may lead to deadlocks in the child.
[2024-12-08T14:16:59.227+0000] {standard_task_runner.py:104} INFO - Running: ['***', 'tasks', 'run', 'sparking_flow', 'java_job', 'manual__2024-12-08T14:16:56.165016+00:00', '--job-id', '142', '--raw', '--subdir', 'DAGS_FOLDER/spark_***.py', '--cfg-path', '/tmp/tmpovv4bh4w']
[2024-12-08T14:16:59.233+0000] {standard_task_runner.py:105} INFO - Job 142: Subtask java_job
[2024-12-08T14:16:59.233+0000] {standard_task_runner.py:72} INFO - Started process 191 to run task
[2024-12-08T14:16:59.293+0000] {task_command.py:467} INFO - Running <TaskInstance: sparking_flow.java_job manual__2024-12-08T14:16:56.165016+00:00 [running]> on host 2a892a3469ec
[2024-12-08T14:16:59.382+0000] {taskinstance.py:3132} INFO - Exporting env vars: AIRFLOW_CTX_DAG_OWNER='Yusuf Ganiyu' AIRFLOW_CTX_DAG_ID='sparking_flow' AIRFLOW_CTX_TASK_ID='java_job' AIRFLOW_CTX_EXECUTION_DATE='2024-12-08T14:16:56.165016+00:00' AIRFLOW_CTX_TRY_NUMBER='1' AIRFLOW_CTX_DAG_RUN_ID='manual__2024-12-08T14:16:56.165016+00:00'
[2024-12-08T14:16:59.386+0000] {taskinstance.py:731} INFO - ::endgroup::
[2024-12-08T14:16:59.411+0000] {base.py:84} INFO - Retrieving connection 'spark-conn'
[2024-12-08T14:16:59.412+0000] {spark_submit.py:473} INFO - Spark-Submit cmd: spark-submit --master spark://sparkingflow-spark-master-1:7077 --name arrow-spark --class com.airscholar.spark.WordCountJob --deploy-mode client jobs/java/spark-job/target/spark-job-1.0-SNAPSHOT.jar
[2024-12-08T14:17:02.685+0000] {spark_submit.py:634} INFO - 24/12/08 14:17:02 INFO SparkContext: Running Spark version 3.5.3
[2024-12-08T14:17:02.690+0000] {spark_submit.py:634} INFO - 24/12/08 14:17:02 INFO SparkContext: OS info Linux, 6.10.14-linuxkit, aarch64
[2024-12-08T14:17:02.691+0000] {spark_submit.py:634} INFO - 24/12/08 14:17:02 INFO SparkContext: Java version 17.0.13
[2024-12-08T14:17:02.792+0000] {spark_submit.py:634} INFO - 24/12/08 14:17:02 WARN NativeCodeLoader: Unable to load native-hadoop library for your platform... using builtin-java classes where applicable
[2024-12-08T14:17:02.936+0000] {spark_submit.py:634} INFO - 24/12/08 14:17:02 INFO ResourceUtils: ==============================================================
[2024-12-08T14:17:02.937+0000] {spark_submit.py:634} INFO - 24/12/08 14:17:02 INFO ResourceUtils: No custom resources configured for spark.driver.
[2024-12-08T14:17:02.938+0000] {spark_submit.py:634} INFO - 24/12/08 14:17:02 INFO ResourceUtils: ==============================================================
[2024-12-08T14:17:02.940+0000] {spark_submit.py:634} INFO - 24/12/08 14:17:02 INFO SparkContext: Submitted application: Word Count Job
[2024-12-08T14:17:02.974+0000] {spark_submit.py:634} INFO - 24/12/08 14:17:02 INFO ResourceProfile: Default ResourceProfile created, executor resources: Map(cores -> name: cores, amount: 1, script: , vendor: , memory -> name: memory, amount: 1024, script: , vendor: , offHeap -> name: offHeap, amount: 0, script: , vendor: ), task resources: Map(cpus -> name: cpus, amount: 1.0)
[2024-12-08T14:17:02.985+0000] {spark_submit.py:634} INFO - 24/12/08 14:17:02 INFO ResourceProfile: Limiting resource is cpu
[2024-12-08T14:17:02.986+0000] {spark_submit.py:634} INFO - 24/12/08 14:17:02 INFO ResourceProfileManager: Added ResourceProfile id: 0
[2024-12-08T14:17:03.074+0000] {spark_submit.py:634} INFO - 24/12/08 14:17:03 INFO SecurityManager: Changing view acls to: ***
[2024-12-08T14:17:03.075+0000] {spark_submit.py:634} INFO - 24/12/08 14:17:03 INFO SecurityManager: Changing modify acls to: ***
[2024-12-08T14:17:03.075+0000] {spark_submit.py:634} INFO - 24/12/08 14:17:03 INFO SecurityManager: Changing view acls groups to:
[2024-12-08T14:17:03.076+0000] {spark_submit.py:634} INFO - 24/12/08 14:17:03 INFO SecurityManager: Changing modify acls groups to:
[2024-12-08T14:17:03.080+0000] {spark_submit.py:634} INFO - 24/12/08 14:17:03 INFO SecurityManager: SecurityManager: authentication disabled; ui acls disabled; users with view permissions: ***; groups with view permissions: EMPTY; users with modify permissions: ***; groups with modify permissions: EMPTY
[2024-12-08T14:17:03.409+0000] {spark_submit.py:634} INFO - 24/12/08 14:17:03 INFO Utils: Successfully started service 'sparkDriver' on port 39649.
[2024-12-08T14:17:03.446+0000] {spark_submit.py:634} INFO - 24/12/08 14:17:03 INFO SparkEnv: Registering MapOutputTracker
[2024-12-08T14:17:03.510+0000] {spark_submit.py:634} INFO - 24/12/08 14:17:03 INFO SparkEnv: Registering BlockManagerMaster
[2024-12-08T14:17:03.549+0000] {spark_submit.py:634} INFO - 24/12/08 14:17:03 INFO BlockManagerMasterEndpoint: Using org.apache.spark.storage.DefaultTopologyMapper for getting topology information
[2024-12-08T14:17:03.552+0000] {spark_submit.py:634} INFO - 24/12/08 14:17:03 INFO BlockManagerMasterEndpoint: BlockManagerMasterEndpoint up
[2024-12-08T14:17:03.557+0000] {spark_submit.py:634} INFO - 24/12/08 14:17:03 INFO SparkEnv: Registering BlockManagerMasterHeartbeat
[2024-12-08T14:17:03.590+0000] {spark_submit.py:634} INFO - 24/12/08 14:17:03 INFO DiskBlockManager: Created local directory at /tmp/blockmgr-6e9b7ef0-3f1f-41be-811f-cfbd6588fd4c
[2024-12-08T14:17:03.609+0000] {spark_submit.py:634} INFO - 24/12/08 14:17:03 INFO MemoryStore: MemoryStore started with capacity 434.4 MiB
[2024-12-08T14:17:03.628+0000] {spark_submit.py:634} INFO - 24/12/08 14:17:03 INFO SparkEnv: Registering OutputCommitCoordinator
[2024-12-08T14:17:03.898+0000] {spark_submit.py:634} INFO - 24/12/08 14:17:03 INFO JettyUtils: Start Jetty 0.0.0.0:4040 for SparkUI
[2024-12-08T14:17:03.998+0000] {spark_submit.py:634} INFO - 24/12/08 14:17:03 WARN Utils: Service 'SparkUI' could not bind on port 4040. Attempting port 4041.
[2024-12-08T14:17:04.010+0000] {spark_submit.py:634} INFO - 24/12/08 14:17:04 INFO Utils: Successfully started service 'SparkUI' on port 4041.
[2024-12-08T14:17:04.060+0000] {spark_submit.py:634} INFO - 24/12/08 14:17:04 INFO SparkContext: Added JAR file:/opt/***/jobs/java/spark-job/target/spark-job-1.0-SNAPSHOT.jar at spark://2a892a3469ec:39649/jars/spark-job-1.0-SNAPSHOT.jar with timestamp 1733667422666
[2024-12-08T14:17:04.193+0000] {spark_submit.py:634} INFO - 24/12/08 14:17:04 INFO Executor: Starting executor ID driver on host 2a892a3469ec
[2024-12-08T14:17:04.194+0000] {spark_submit.py:634} INFO - 24/12/08 14:17:04 INFO Executor: OS info Linux, 6.10.14-linuxkit, aarch64
[2024-12-08T14:17:04.194+0000] {spark_submit.py:634} INFO - 24/12/08 14:17:04 INFO Executor: Java version 17.0.13
[2024-12-08T14:17:04.207+0000] {spark_submit.py:634} INFO - 24/12/08 14:17:04 INFO Executor: Starting executor with user classpath (userClassPathFirst = false): ''
[2024-12-08T14:17:04.210+0000] {spark_submit.py:634} INFO - 24/12/08 14:17:04 INFO Executor: Created or updated repl class loader org.apache.spark.util.MutableURLClassLoader@3ebe4ccc for default.
[2024-12-08T14:17:04.269+0000] {spark_submit.py:634} INFO - 24/12/08 14:17:04 INFO Executor: Fetching spark://2a892a3469ec:39649/jars/spark-job-1.0-SNAPSHOT.jar with timestamp 1733667422666
[2024-12-08T14:17:04.383+0000] {spark_submit.py:634} INFO - 24/12/08 14:17:04 INFO TransportClientFactory: Successfully created connection to 2a892a3469ec/172.18.0.5:39649 after 46 ms (0 ms spent in bootstraps)
[2024-12-08T14:17:04.390+0000] {spark_submit.py:634} INFO - 24/12/08 14:17:04 INFO Utils: Fetching spark://2a892a3469ec:39649/jars/spark-job-1.0-SNAPSHOT.jar to /tmp/spark-feeca989-7c0b-4aab-be29-568dba593e7b/userFiles-c28e9319-7135-41c3-bdef-4e59d972d44d/fetchFileTemp17236048588571507463.tmp
[2024-12-08T14:17:04.436+0000] {spark_submit.py:634} INFO - 24/12/08 14:17:04 INFO Executor: Adding file:/tmp/spark-feeca989-7c0b-4aab-be29-568dba593e7b/userFiles-c28e9319-7135-41c3-bdef-4e59d972d44d/spark-job-1.0-SNAPSHOT.jar to class loader default
[2024-12-08T14:17:04.446+0000] {spark_submit.py:634} INFO - 24/12/08 14:17:04 INFO Utils: Successfully started service 'org.apache.spark.network.netty.NettyBlockTransferService' on port 32823.
[2024-12-08T14:17:04.447+0000] {spark_submit.py:634} INFO - 24/12/08 14:17:04 INFO NettyBlockTransferService: Server created on 2a892a3469ec:32823
[2024-12-08T14:17:04.449+0000] {spark_submit.py:634} INFO - 24/12/08 14:17:04 INFO BlockManager: Using org.apache.spark.storage.RandomBlockReplicationPolicy for block replication policy
[2024-12-08T14:17:04.457+0000] {spark_submit.py:634} INFO - 24/12/08 14:17:04 INFO BlockManagerMaster: Registering BlockManager BlockManagerId(driver, 2a892a3469ec, 32823, None)
[2024-12-08T14:17:04.461+0000] {spark_submit.py:634} INFO - 24/12/08 14:17:04 INFO BlockManagerMasterEndpoint: Registering block manager 2a892a3469ec:32823 with 434.4 MiB RAM, BlockManagerId(driver, 2a892a3469ec, 32823, None)
[2024-12-08T14:17:04.463+0000] {spark_submit.py:634} INFO - 24/12/08 14:17:04 INFO BlockManagerMaster: Registered BlockManager BlockManagerId(driver, 2a892a3469ec, 32823, None)
[2024-12-08T14:17:04.464+0000] {spark_submit.py:634} INFO - 24/12/08 14:17:04 INFO BlockManager: Initialized BlockManager: BlockManagerId(driver, 2a892a3469ec, 32823, None)
[2024-12-08T14:17:06.440+0000] {spark_submit.py:634} INFO - 24/12/08 14:17:06 INFO SparkContext: Starting job: collect at WordCountJob.java:37
[2024-12-08T14:17:06.536+0000] {spark_submit.py:634} INFO - 24/12/08 14:17:06 INFO DAGScheduler: Registering RDD 2 (mapToPair at WordCountJob.java:33) as input to shuffle 0
[2024-12-08T14:17:06.559+0000] {spark_submit.py:634} INFO - 24/12/08 14:17:06 INFO DAGScheduler: Got job 0 (collect at WordCountJob.java:37) with 1 output partitions
[2024-12-08T14:17:06.561+0000] {spark_submit.py:634} INFO - 24/12/08 14:17:06 INFO DAGScheduler: Final stage: ResultStage 1 (collect at WordCountJob.java:37)
[2024-12-08T14:17:06.562+0000] {spark_submit.py:634} INFO - 24/12/08 14:17:06 INFO DAGScheduler: Parents of final stage: List(ShuffleMapStage 0)
[2024-12-08T14:17:06.566+0000] {spark_submit.py:634} INFO - 24/12/08 14:17:06 INFO DAGScheduler: Missing parents: List(ShuffleMapStage 0)
[2024-12-08T14:17:06.581+0000] {spark_submit.py:634} INFO - 24/12/08 14:17:06 INFO DAGScheduler: Submitting ShuffleMapStage 0 (MapPartitionsRDD[2] at mapToPair at WordCountJob.java:33), which has no missing parents
[2024-12-08T14:17:07.063+0000] {spark_submit.py:634} INFO - 24/12/08 14:17:07 INFO MemoryStore: Block broadcast_0 stored as values in memory (estimated size 6.4 KiB, free 434.4 MiB)
[2024-12-08T14:17:07.163+0000] {spark_submit.py:634} INFO - 24/12/08 14:17:07 INFO MemoryStore: Block broadcast_0_piece0 stored as bytes in memory (estimated size 3.4 KiB, free 434.4 MiB)
[2024-12-08T14:17:07.171+0000] {spark_submit.py:634} INFO - 24/12/08 14:17:07 INFO BlockManagerInfo: Added broadcast_0_piece0 in memory on 2a892a3469ec:32823 (size: 3.4 KiB, free: 434.4 MiB)
[2024-12-08T14:17:07.178+0000] {spark_submit.py:634} INFO - 24/12/08 14:17:07 INFO SparkContext: Created broadcast 0 from broadcast at DAGScheduler.scala:1585
[2024-12-08T14:17:07.220+0000] {spark_submit.py:634} INFO - 24/12/08 14:17:07 INFO DAGScheduler: Submitting 1 missing tasks from ShuffleMapStage 0 (MapPartitionsRDD[2] at mapToPair at WordCountJob.java:33) (first 15 tasks are for partitions Vector(0))
[2024-12-08T14:17:07.231+0000] {spark_submit.py:634} INFO - 24/12/08 14:17:07 INFO TaskSchedulerImpl: Adding task set 0.0 with 1 tasks resource profile 0
[2024-12-08T14:17:07.367+0000] {spark_submit.py:634} INFO - 24/12/08 14:17:07 INFO TaskSetManager: Starting task 0.0 in stage 0.0 (TID 0) (2a892a3469ec, executor driver, partition 0, PROCESS_LOCAL, 9249 bytes)
[2024-12-08T14:17:07.395+0000] {spark_submit.py:634} INFO - 24/12/08 14:17:07 INFO Executor: Running task 0.0 in stage 0.0 (TID 0)
[2024-12-08T14:17:07.723+0000] {spark_submit.py:634} INFO - 24/12/08 14:17:07 INFO Executor: Finished task 0.0 in stage 0.0 (TID 0). 1259 bytes result sent to driver
[2024-12-08T14:17:07.765+0000] {spark_submit.py:634} INFO - 24/12/08 14:17:07 INFO TaskSetManager: Finished task 0.0 in stage 0.0 (TID 0) in 432 ms on 2a892a3469ec (executor driver) (1/1)
[2024-12-08T14:17:07.769+0000] {spark_submit.py:634} INFO - 24/12/08 14:17:07 INFO TaskSchedulerImpl: Removed TaskSet 0.0, whose tasks have all completed, from pool
[2024-12-08T14:17:07.776+0000] {spark_submit.py:634} INFO - 24/12/08 14:17:07 INFO DAGScheduler: ShuffleMapStage 0 (mapToPair at WordCountJob.java:33) finished in 1.130 s
[2024-12-08T14:17:07.783+0000] {spark_submit.py:634} INFO - 24/12/08 14:17:07 INFO DAGScheduler: looking for newly runnable stages
[2024-12-08T14:17:07.785+0000] {spark_submit.py:634} INFO - 24/12/08 14:17:07 INFO DAGScheduler: running: Set()
[2024-12-08T14:17:07.786+0000] {spark_submit.py:634} INFO - 24/12/08 14:17:07 INFO DAGScheduler: waiting: Set(ResultStage 1)
[2024-12-08T14:17:07.786+0000] {spark_submit.py:634} INFO - 24/12/08 14:17:07 INFO DAGScheduler: failed: Set()
[2024-12-08T14:17:07.787+0000] {spark_submit.py:634} INFO - 24/12/08 14:17:07 INFO DAGScheduler: Submitting ResultStage 1 (ShuffledRDD[3] at reduceByKey at WordCountJob.java:34), which has no missing parents
[2024-12-08T14:17:07.797+0000] {spark_submit.py:634} INFO - 24/12/08 14:17:07 INFO MemoryStore: Block broadcast_1 stored as values in memory (estimated size 5.2 KiB, free 434.4 MiB)
[2024-12-08T14:17:07.823+0000] {spark_submit.py:634} INFO - 24/12/08 14:17:07 INFO MemoryStore: Block broadcast_1_piece0 stored as bytes in memory (estimated size 2.9 KiB, free 434.4 MiB)
[2024-12-08T14:17:07.827+0000] {spark_submit.py:634} INFO - 24/12/08 14:17:07 INFO BlockManagerInfo: Added broadcast_1_piece0 in memory on 2a892a3469ec:32823 (size: 2.9 KiB, free: 434.4 MiB)
[2024-12-08T14:17:07.832+0000] {spark_submit.py:634} INFO - 24/12/08 14:17:07 INFO SparkContext: Created broadcast 1 from broadcast at DAGScheduler.scala:1585
[2024-12-08T14:17:07.834+0000] {spark_submit.py:634} INFO - 24/12/08 14:17:07 INFO DAGScheduler: Submitting 1 missing tasks from ResultStage 1 (ShuffledRDD[3] at reduceByKey at WordCountJob.java:34) (first 15 tasks are for partitions Vector(0))
[2024-12-08T14:17:07.843+0000] {spark_submit.py:634} INFO - 24/12/08 14:17:07 INFO TaskSchedulerImpl: Adding task set 1.0 with 1 tasks resource profile 0
[2024-12-08T14:17:07.891+0000] {spark_submit.py:634} INFO - 24/12/08 14:17:07 INFO TaskSetManager: Starting task 0.0 in stage 1.0 (TID 1) (2a892a3469ec, executor driver, partition 0, NODE_LOCAL, 9002 bytes)
[2024-12-08T14:17:07.900+0000] {spark_submit.py:634} INFO - 24/12/08 14:17:07 INFO Executor: Running task 0.0 in stage 1.0 (TID 1)
[2024-12-08T14:17:08.038+0000] {spark_submit.py:634} INFO - 24/12/08 14:17:08 INFO ShuffleBlockFetcherIterator: Getting 1 (189.0 B) non-empty blocks including 1 (189.0 B) local and 0 (0.0 B) host-local and 0 (0.0 B) push-merged-local and 0 (0.0 B) remote blocks
[2024-12-08T14:17:08.047+0000] {spark_submit.py:634} INFO - 24/12/08 14:17:08 INFO ShuffleBlockFetcherIterator: Started 0 remote fetches in 35 ms
[2024-12-08T14:17:08.170+0000] {spark_submit.py:634} INFO - 24/12/08 14:17:08 INFO Executor: Finished task 0.0 in stage 1.0 (TID 1). 2001 bytes result sent to driver
[2024-12-08T14:17:08.172+0000] {spark_submit.py:634} INFO - 24/12/08 14:17:08 INFO TaskSetManager: Finished task 0.0 in stage 1.0 (TID 1) in 304 ms on 2a892a3469ec (executor driver) (1/1)
[2024-12-08T14:17:08.175+0000] {spark_submit.py:634} INFO - 24/12/08 14:17:08 INFO TaskSchedulerImpl: Removed TaskSet 1.0, whose tasks have all completed, from pool
[2024-12-08T14:17:08.180+0000] {spark_submit.py:634} INFO - 24/12/08 14:17:08 INFO DAGScheduler: ResultStage 1 (collect at WordCountJob.java:37) finished in 0.384 s
[2024-12-08T14:17:08.203+0000] {spark_submit.py:634} INFO - 24/12/08 14:17:08 INFO DAGScheduler: Job 0 is finished. Cancelling potential speculative or zombie tasks for this job
[2024-12-08T14:17:08.214+0000] {spark_submit.py:634} INFO - 24/12/08 14:17:08 INFO TaskSchedulerImpl: Killing all running tasks in stage 1: Stage finished
[2024-12-08T14:17:08.215+0000] {spark_submit.py:634} INFO - 24/12/08 14:17:08 INFO DAGScheduler: Job 0 finished: collect at WordCountJob.java:37, took 1.770137 s
[2024-12-08T14:17:08.220+0000] {spark_submit.py:634} INFO - spark: 1
[2024-12-08T14:17:08.221+0000] {spark_submit.py:634} INFO - docker: 1
[2024-12-08T14:17:08.222+0000] {spark_submit.py:634} INFO - Yusuf: 1
[2024-12-08T14:17:08.223+0000] {spark_submit.py:634} INFO - hello: 5
[2024-12-08T14:17:08.225+0000] {spark_submit.py:634} INFO - java: 1
[2024-12-08T14:17:08.228+0000] {spark_submit.py:634} INFO - world: 1
[2024-12-08T14:17:08.232+0000] {spark_submit.py:634} INFO - 24/12/08 14:17:08 INFO SparkContext: SparkContext is stopping with exitCode 0.
[2024-12-08T14:17:08.254+0000] {spark_submit.py:634} INFO - 24/12/08 14:17:08 INFO SparkUI: Stopped Spark web UI at http://2a892a3469ec:4041
[2024-12-08T14:17:08.310+0000] {spark_submit.py:634} INFO - 24/12/08 14:17:08 INFO MapOutputTrackerMasterEndpoint: MapOutputTrackerMasterEndpoint stopped!
[2024-12-08T14:17:08.357+0000] {spark_submit.py:634} INFO - 24/12/08 14:17:08 INFO MemoryStore: MemoryStore cleared
[2024-12-08T14:17:08.358+0000] {spark_submit.py:634} INFO - 24/12/08 14:17:08 INFO BlockManager: BlockManager stopped
[2024-12-08T14:17:08.379+0000] {spark_submit.py:634} INFO - 24/12/08 14:17:08 INFO BlockManagerMaster: BlockManagerMaster stopped
[2024-12-08T14:17:08.384+0000] {spark_submit.py:634} INFO - 24/12/08 14:17:08 INFO OutputCommitCoordinator$OutputCommitCoordinatorEndpoint: OutputCommitCoordinator stopped!
[2024-12-08T14:17:08.396+0000] {spark_submit.py:634} INFO - 24/12/08 14:17:08 INFO SparkContext: Successfully stopped SparkContext
[2024-12-08T14:17:08.403+0000] {spark_submit.py:634} INFO - 24/12/08 14:17:08 INFO ShutdownHookManager: Shutdown hook called
[2024-12-08T14:17:08.403+0000] {spark_submit.py:634} INFO - 24/12/08 14:17:08 INFO ShutdownHookManager: Deleting directory /tmp/spark-feeca989-7c0b-4aab-be29-568dba593e7b
[2024-12-08T14:17:08.409+0000] {spark_submit.py:634} INFO - 24/12/08 14:17:08 INFO ShutdownHookManager: Deleting directory /tmp/spark-7ae31734-f557-4d15-808b-bd380fb4d459
[2024-12-08T14:17:08.533+0000] {taskinstance.py:340} INFO - ::group::Post task execution logs
[2024-12-08T14:17:08.537+0000] {taskinstance.py:352} INFO - Marking task as SUCCESS. dag_id=sparking_flow, task_id=java_job, run_id=manual__2024-12-08T14:16:56.165016+00:00, execution_date=20241208T141656, start_date=20241208T141659, end_date=20241208T141708
[2024-12-08T14:17:08.616+0000] {local_task_job_runner.py:266} INFO - Task exited with return code 0
[2024-12-08T14:17:08.686+0000] {taskinstance.py:3895} INFO - 0 downstream tasks scheduled from follow-on schedule check
[2024-12-08T14:17:08.689+0000] {local_task_job_runner.py:245} INFO - ::endgroup::
