[2024-12-09T15:09:37.490+0000] {local_task_job_runner.py:123} INFO - ::group::Pre task execution logs
[2024-12-09T15:09:37.529+0000] {taskinstance.py:2613} INFO - Dependencies all met for dep_context=non-requeueable deps ti=<TaskInstance: sparking_flow.java_job manual__2024-12-09T15:09:35.212671+00:00 [queued]>
[2024-12-09T15:09:37.548+0000] {taskinstance.py:2613} INFO - Dependencies all met for dep_context=requeueable deps ti=<TaskInstance: sparking_flow.java_job manual__2024-12-09T15:09:35.212671+00:00 [queued]>
[2024-12-09T15:09:37.548+0000] {taskinstance.py:2866} INFO - Starting attempt 1 of 1
[2024-12-09T15:09:37.570+0000] {taskinstance.py:2889} INFO - Executing <Task(SparkSubmitOperator): java_job> on 2024-12-09 15:09:35.212671+00:00
[2024-12-09T15:09:37.598+0000] {logging_mixin.py:190} WARNING - /home/***/.local/lib/python3.12/site-packages/***/task/task_runner/standard_task_runner.py:70 DeprecationWarning: This process (pid=195) is multi-threaded, use of fork() may lead to deadlocks in the child.
[2024-12-09T15:09:37.596+0000] {standard_task_runner.py:104} INFO - Running: ['***', 'tasks', 'run', 'sparking_flow', 'java_job', 'manual__2024-12-09T15:09:35.212671+00:00', '--job-id', '517', '--raw', '--subdir', 'DAGS_FOLDER/spark_***.py', '--cfg-path', '/tmp/tmpd5sfyoy0']
[2024-12-09T15:09:37.601+0000] {standard_task_runner.py:72} INFO - Started process 199 to run task
[2024-12-09T15:09:37.602+0000] {standard_task_runner.py:105} INFO - Job 517: Subtask java_job
[2024-12-09T15:09:37.728+0000] {task_command.py:467} INFO - Running <TaskInstance: sparking_flow.java_job manual__2024-12-09T15:09:35.212671+00:00 [running]> on host 2a892a3469ec
[2024-12-09T15:09:38.146+0000] {taskinstance.py:3132} INFO - Exporting env vars: AIRFLOW_CTX_DAG_OWNER='Yusuf Ganiyu' AIRFLOW_CTX_DAG_ID='sparking_flow' AIRFLOW_CTX_TASK_ID='java_job' AIRFLOW_CTX_EXECUTION_DATE='2024-12-09T15:09:35.212671+00:00' AIRFLOW_CTX_TRY_NUMBER='1' AIRFLOW_CTX_DAG_RUN_ID='manual__2024-12-09T15:09:35.212671+00:00'
[2024-12-09T15:09:38.149+0000] {taskinstance.py:731} INFO - ::endgroup::
[2024-12-09T15:09:38.204+0000] {base.py:84} INFO - Retrieving connection 'spark-conn'
[2024-12-09T15:09:38.207+0000] {spark_submit.py:473} INFO - Spark-Submit cmd: spark-submit --master spark://sparkingflow-spark-master-1:7077 --name arrow-spark --class com.airscholar.spark.WordCountJob --deploy-mode client jobs/java/spark-job/target/spark-job-1.0-SNAPSHOT.jar
[2024-12-09T15:09:42.285+0000] {spark_submit.py:634} INFO - 24/12/09 15:09:42 INFO SparkContext: Running Spark version 3.5.3
[2024-12-09T15:09:42.296+0000] {spark_submit.py:634} INFO - 24/12/09 15:09:42 INFO SparkContext: OS info Linux, 6.10.14-linuxkit, aarch64
[2024-12-09T15:09:42.296+0000] {spark_submit.py:634} INFO - 24/12/09 15:09:42 INFO SparkContext: Java version 17.0.13
[2024-12-09T15:09:42.403+0000] {spark_submit.py:634} INFO - 24/12/09 15:09:42 WARN NativeCodeLoader: Unable to load native-hadoop library for your platform... using builtin-java classes where applicable
[2024-12-09T15:09:42.529+0000] {spark_submit.py:634} INFO - 24/12/09 15:09:42 INFO ResourceUtils: ==============================================================
[2024-12-09T15:09:42.532+0000] {spark_submit.py:634} INFO - 24/12/09 15:09:42 INFO ResourceUtils: No custom resources configured for spark.driver.
[2024-12-09T15:09:42.533+0000] {spark_submit.py:634} INFO - 24/12/09 15:09:42 INFO ResourceUtils: ==============================================================
[2024-12-09T15:09:42.533+0000] {spark_submit.py:634} INFO - 24/12/09 15:09:42 INFO SparkContext: Submitted application: Word Count Job
[2024-12-09T15:09:42.561+0000] {spark_submit.py:634} INFO - 24/12/09 15:09:42 INFO ResourceProfile: Default ResourceProfile created, executor resources: Map(cores -> name: cores, amount: 1, script: , vendor: , memory -> name: memory, amount: 1024, script: , vendor: , offHeap -> name: offHeap, amount: 0, script: , vendor: ), task resources: Map(cpus -> name: cpus, amount: 1.0)
[2024-12-09T15:09:42.572+0000] {spark_submit.py:634} INFO - 24/12/09 15:09:42 INFO ResourceProfile: Limiting resource is cpu
[2024-12-09T15:09:42.573+0000] {spark_submit.py:634} INFO - 24/12/09 15:09:42 INFO ResourceProfileManager: Added ResourceProfile id: 0
[2024-12-09T15:09:42.690+0000] {spark_submit.py:634} INFO - 24/12/09 15:09:42 INFO SecurityManager: Changing view acls to: ***
[2024-12-09T15:09:42.692+0000] {spark_submit.py:634} INFO - 24/12/09 15:09:42 INFO SecurityManager: Changing modify acls to: ***
[2024-12-09T15:09:42.694+0000] {spark_submit.py:634} INFO - 24/12/09 15:09:42 INFO SecurityManager: Changing view acls groups to:
[2024-12-09T15:09:42.699+0000] {spark_submit.py:634} INFO - 24/12/09 15:09:42 INFO SecurityManager: Changing modify acls groups to:
[2024-12-09T15:09:42.703+0000] {spark_submit.py:634} INFO - 24/12/09 15:09:42 INFO SecurityManager: SecurityManager: authentication disabled; ui acls disabled; users with view permissions: ***; groups with view permissions: EMPTY; users with modify permissions: ***; groups with modify permissions: EMPTY
[2024-12-09T15:09:43.065+0000] {spark_submit.py:634} INFO - 24/12/09 15:09:43 INFO Utils: Successfully started service 'sparkDriver' on port 42967.
[2024-12-09T15:09:43.127+0000] {spark_submit.py:634} INFO - 24/12/09 15:09:43 INFO SparkEnv: Registering MapOutputTracker
[2024-12-09T15:09:43.200+0000] {spark_submit.py:634} INFO - 24/12/09 15:09:43 INFO SparkEnv: Registering BlockManagerMaster
[2024-12-09T15:09:43.226+0000] {spark_submit.py:634} INFO - 24/12/09 15:09:43 INFO BlockManagerMasterEndpoint: Using org.apache.spark.storage.DefaultTopologyMapper for getting topology information
[2024-12-09T15:09:43.228+0000] {spark_submit.py:634} INFO - 24/12/09 15:09:43 INFO BlockManagerMasterEndpoint: BlockManagerMasterEndpoint up
[2024-12-09T15:09:43.234+0000] {spark_submit.py:634} INFO - 24/12/09 15:09:43 INFO SparkEnv: Registering BlockManagerMasterHeartbeat
[2024-12-09T15:09:43.262+0000] {spark_submit.py:634} INFO - 24/12/09 15:09:43 INFO DiskBlockManager: Created local directory at /tmp/blockmgr-1aa09cf1-bb80-4847-9eaa-32ae365846df
[2024-12-09T15:09:43.283+0000] {spark_submit.py:634} INFO - 24/12/09 15:09:43 INFO MemoryStore: MemoryStore started with capacity 434.4 MiB
[2024-12-09T15:09:43.308+0000] {spark_submit.py:634} INFO - 24/12/09 15:09:43 INFO SparkEnv: Registering OutputCommitCoordinator
[2024-12-09T15:09:43.586+0000] {spark_submit.py:634} INFO - 24/12/09 15:09:43 INFO JettyUtils: Start Jetty 0.0.0.0:4040 for SparkUI
[2024-12-09T15:09:43.677+0000] {spark_submit.py:634} INFO - 24/12/09 15:09:43 INFO Utils: Successfully started service 'SparkUI' on port 4040.
[2024-12-09T15:09:43.735+0000] {spark_submit.py:634} INFO - 24/12/09 15:09:43 INFO SparkContext: Added JAR file:/opt/***/jobs/java/spark-job/target/spark-job-1.0-SNAPSHOT.jar at spark://2a892a3469ec:42967/jars/spark-job-1.0-SNAPSHOT.jar with timestamp 1733756982269
[2024-12-09T15:09:43.835+0000] {spark_submit.py:634} INFO - 24/12/09 15:09:43 INFO Executor: Starting executor ID driver on host 2a892a3469ec
[2024-12-09T15:09:43.837+0000] {spark_submit.py:634} INFO - 24/12/09 15:09:43 INFO Executor: OS info Linux, 6.10.14-linuxkit, aarch64
[2024-12-09T15:09:43.838+0000] {spark_submit.py:634} INFO - 24/12/09 15:09:43 INFO Executor: Java version 17.0.13
[2024-12-09T15:09:43.853+0000] {spark_submit.py:634} INFO - 24/12/09 15:09:43 INFO Executor: Starting executor with user classpath (userClassPathFirst = false): ''
[2024-12-09T15:09:43.854+0000] {spark_submit.py:634} INFO - 24/12/09 15:09:43 INFO Executor: Created or updated repl class loader org.apache.spark.util.MutableURLClassLoader@4a8e6e89 for default.
[2024-12-09T15:09:43.900+0000] {spark_submit.py:634} INFO - 24/12/09 15:09:43 INFO Executor: Fetching spark://2a892a3469ec:42967/jars/spark-job-1.0-SNAPSHOT.jar with timestamp 1733756982269
[2024-12-09T15:09:44.003+0000] {spark_submit.py:634} INFO - 24/12/09 15:09:44 INFO TransportClientFactory: Successfully created connection to 2a892a3469ec/172.18.0.4:42967 after 55 ms (0 ms spent in bootstraps)
[2024-12-09T15:09:44.011+0000] {spark_submit.py:634} INFO - 24/12/09 15:09:44 INFO Utils: Fetching spark://2a892a3469ec:42967/jars/spark-job-1.0-SNAPSHOT.jar to /tmp/spark-f01595fc-3007-40cd-84f1-b0e28f580158/userFiles-ee3f7eb8-fc82-48b9-8aaa-547647f992ce/fetchFileTemp13750810209892664701.tmp
[2024-12-09T15:09:44.077+0000] {spark_submit.py:634} INFO - 24/12/09 15:09:44 INFO Executor: Adding file:/tmp/spark-f01595fc-3007-40cd-84f1-b0e28f580158/userFiles-ee3f7eb8-fc82-48b9-8aaa-547647f992ce/spark-job-1.0-SNAPSHOT.jar to class loader default
[2024-12-09T15:09:44.088+0000] {spark_submit.py:634} INFO - 24/12/09 15:09:44 INFO Utils: Successfully started service 'org.apache.spark.network.netty.NettyBlockTransferService' on port 35811.
[2024-12-09T15:09:44.092+0000] {spark_submit.py:634} INFO - 24/12/09 15:09:44 INFO NettyBlockTransferService: Server created on 2a892a3469ec:35811
[2024-12-09T15:09:44.094+0000] {spark_submit.py:634} INFO - 24/12/09 15:09:44 INFO BlockManager: Using org.apache.spark.storage.RandomBlockReplicationPolicy for block replication policy
[2024-12-09T15:09:44.098+0000] {spark_submit.py:634} INFO - 24/12/09 15:09:44 INFO BlockManagerMaster: Registering BlockManager BlockManagerId(driver, 2a892a3469ec, 35811, None)
[2024-12-09T15:09:44.101+0000] {spark_submit.py:634} INFO - 24/12/09 15:09:44 INFO BlockManagerMasterEndpoint: Registering block manager 2a892a3469ec:35811 with 434.4 MiB RAM, BlockManagerId(driver, 2a892a3469ec, 35811, None)
[2024-12-09T15:09:44.104+0000] {spark_submit.py:634} INFO - 24/12/09 15:09:44 INFO BlockManagerMaster: Registered BlockManager BlockManagerId(driver, 2a892a3469ec, 35811, None)
[2024-12-09T15:09:44.105+0000] {spark_submit.py:634} INFO - 24/12/09 15:09:44 INFO BlockManager: Initialized BlockManager: BlockManagerId(driver, 2a892a3469ec, 35811, None)
[2024-12-09T15:09:45.789+0000] {spark_submit.py:634} INFO - 24/12/09 15:09:45 INFO SparkContext: Starting job: collect at WordCountJob.java:37
[2024-12-09T15:09:45.926+0000] {spark_submit.py:634} INFO - 24/12/09 15:09:45 INFO DAGScheduler: Registering RDD 2 (mapToPair at WordCountJob.java:33) as input to shuffle 0
[2024-12-09T15:09:45.936+0000] {spark_submit.py:634} INFO - 24/12/09 15:09:45 INFO DAGScheduler: Got job 0 (collect at WordCountJob.java:37) with 1 output partitions
[2024-12-09T15:09:45.936+0000] {spark_submit.py:634} INFO - 24/12/09 15:09:45 INFO DAGScheduler: Final stage: ResultStage 1 (collect at WordCountJob.java:37)
[2024-12-09T15:09:45.937+0000] {spark_submit.py:634} INFO - 24/12/09 15:09:45 INFO DAGScheduler: Parents of final stage: List(ShuffleMapStage 0)
[2024-12-09T15:09:45.943+0000] {spark_submit.py:634} INFO - 24/12/09 15:09:45 INFO DAGScheduler: Missing parents: List(ShuffleMapStage 0)
[2024-12-09T15:09:45.953+0000] {spark_submit.py:634} INFO - 24/12/09 15:09:45 INFO DAGScheduler: Submitting ShuffleMapStage 0 (MapPartitionsRDD[2] at mapToPair at WordCountJob.java:33), which has no missing parents
[2024-12-09T15:09:46.200+0000] {spark_submit.py:634} INFO - 24/12/09 15:09:46 INFO MemoryStore: Block broadcast_0 stored as values in memory (estimated size 6.4 KiB, free 434.4 MiB)
[2024-12-09T15:09:46.274+0000] {spark_submit.py:634} INFO - 24/12/09 15:09:46 INFO MemoryStore: Block broadcast_0_piece0 stored as bytes in memory (estimated size 3.4 KiB, free 434.4 MiB)
[2024-12-09T15:09:46.279+0000] {spark_submit.py:634} INFO - 24/12/09 15:09:46 INFO BlockManagerInfo: Added broadcast_0_piece0 in memory on 2a892a3469ec:35811 (size: 3.4 KiB, free: 434.4 MiB)
[2024-12-09T15:09:46.323+0000] {spark_submit.py:634} INFO - 24/12/09 15:09:46 INFO SparkContext: Created broadcast 0 from broadcast at DAGScheduler.scala:1585
[2024-12-09T15:09:46.353+0000] {spark_submit.py:634} INFO - 24/12/09 15:09:46 INFO DAGScheduler: Submitting 1 missing tasks from ShuffleMapStage 0 (MapPartitionsRDD[2] at mapToPair at WordCountJob.java:33) (first 15 tasks are for partitions Vector(0))
[2024-12-09T15:09:46.358+0000] {spark_submit.py:634} INFO - 24/12/09 15:09:46 INFO TaskSchedulerImpl: Adding task set 0.0 with 1 tasks resource profile 0
[2024-12-09T15:09:46.520+0000] {spark_submit.py:634} INFO - 24/12/09 15:09:46 INFO TaskSetManager: Starting task 0.0 in stage 0.0 (TID 0) (2a892a3469ec, executor driver, partition 0, PROCESS_LOCAL, 9249 bytes)
[2024-12-09T15:09:46.563+0000] {spark_submit.py:634} INFO - 24/12/09 15:09:46 INFO Executor: Running task 0.0 in stage 0.0 (TID 0)
[2024-12-09T15:09:46.990+0000] {spark_submit.py:634} INFO - 24/12/09 15:09:46 INFO Executor: Finished task 0.0 in stage 0.0 (TID 0). 1259 bytes result sent to driver
[2024-12-09T15:09:47.010+0000] {spark_submit.py:634} INFO - 24/12/09 15:09:47 INFO TaskSetManager: Finished task 0.0 in stage 0.0 (TID 0) in 555 ms on 2a892a3469ec (executor driver) (1/1)
[2024-12-09T15:09:47.023+0000] {spark_submit.py:634} INFO - 24/12/09 15:09:47 INFO TaskSchedulerImpl: Removed TaskSet 0.0, whose tasks have all completed, from pool
[2024-12-09T15:09:47.091+0000] {spark_submit.py:634} INFO - 24/12/09 15:09:47 INFO DAGScheduler: ShuffleMapStage 0 (mapToPair at WordCountJob.java:33) finished in 1.048 s
[2024-12-09T15:09:47.141+0000] {spark_submit.py:634} INFO - 24/12/09 15:09:47 INFO DAGScheduler: looking for newly runnable stages
[2024-12-09T15:09:47.142+0000] {spark_submit.py:634} INFO - 24/12/09 15:09:47 INFO DAGScheduler: running: Set()
[2024-12-09T15:09:47.142+0000] {spark_submit.py:634} INFO - 24/12/09 15:09:47 INFO DAGScheduler: waiting: Set(ResultStage 1)
[2024-12-09T15:09:47.142+0000] {spark_submit.py:634} INFO - 24/12/09 15:09:47 INFO DAGScheduler: failed: Set()
[2024-12-09T15:09:47.143+0000] {spark_submit.py:634} INFO - 24/12/09 15:09:47 INFO DAGScheduler: Submitting ResultStage 1 (ShuffledRDD[3] at reduceByKey at WordCountJob.java:34), which has no missing parents
[2024-12-09T15:09:47.165+0000] {spark_submit.py:634} INFO - 24/12/09 15:09:47 INFO MemoryStore: Block broadcast_1 stored as values in memory (estimated size 5.2 KiB, free 434.4 MiB)
[2024-12-09T15:09:47.204+0000] {spark_submit.py:634} INFO - 24/12/09 15:09:47 INFO MemoryStore: Block broadcast_1_piece0 stored as bytes in memory (estimated size 2.9 KiB, free 434.4 MiB)
[2024-12-09T15:09:47.205+0000] {spark_submit.py:634} INFO - 24/12/09 15:09:47 INFO BlockManagerInfo: Added broadcast_1_piece0 in memory on 2a892a3469ec:35811 (size: 2.9 KiB, free: 434.4 MiB)
[2024-12-09T15:09:47.207+0000] {spark_submit.py:634} INFO - 24/12/09 15:09:47 INFO SparkContext: Created broadcast 1 from broadcast at DAGScheduler.scala:1585
[2024-12-09T15:09:47.230+0000] {spark_submit.py:634} INFO - 24/12/09 15:09:47 INFO DAGScheduler: Submitting 1 missing tasks from ResultStage 1 (ShuffledRDD[3] at reduceByKey at WordCountJob.java:34) (first 15 tasks are for partitions Vector(0))
[2024-12-09T15:09:47.235+0000] {spark_submit.py:634} INFO - 24/12/09 15:09:47 INFO TaskSchedulerImpl: Adding task set 1.0 with 1 tasks resource profile 0
[2024-12-09T15:09:47.242+0000] {spark_submit.py:634} INFO - 24/12/09 15:09:47 INFO TaskSetManager: Starting task 0.0 in stage 1.0 (TID 1) (2a892a3469ec, executor driver, partition 0, NODE_LOCAL, 9002 bytes)
[2024-12-09T15:09:47.244+0000] {spark_submit.py:634} INFO - 24/12/09 15:09:47 INFO Executor: Running task 0.0 in stage 1.0 (TID 1)
[2024-12-09T15:09:47.339+0000] {spark_submit.py:634} INFO - 24/12/09 15:09:47 INFO ShuffleBlockFetcherIterator: Getting 1 (189.0 B) non-empty blocks including 1 (189.0 B) local and 0 (0.0 B) host-local and 0 (0.0 B) push-merged-local and 0 (0.0 B) remote blocks
[2024-12-09T15:09:47.347+0000] {spark_submit.py:634} INFO - 24/12/09 15:09:47 INFO ShuffleBlockFetcherIterator: Started 0 remote fetches in 26 ms
[2024-12-09T15:09:47.421+0000] {spark_submit.py:634} INFO - 24/12/09 15:09:47 INFO Executor: Finished task 0.0 in stage 1.0 (TID 1). 2001 bytes result sent to driver
[2024-12-09T15:09:47.429+0000] {spark_submit.py:634} INFO - 24/12/09 15:09:47 INFO TaskSetManager: Finished task 0.0 in stage 1.0 (TID 1) in 207 ms on 2a892a3469ec (executor driver) (1/1)
[2024-12-09T15:09:47.433+0000] {spark_submit.py:634} INFO - 24/12/09 15:09:47 INFO DAGScheduler: ResultStage 1 (collect at WordCountJob.java:37) finished in 0.271 s
[2024-12-09T15:09:47.435+0000] {spark_submit.py:634} INFO - 24/12/09 15:09:47 INFO TaskSchedulerImpl: Removed TaskSet 1.0, whose tasks have all completed, from pool
[2024-12-09T15:09:47.444+0000] {spark_submit.py:634} INFO - 24/12/09 15:09:47 INFO DAGScheduler: Job 0 is finished. Cancelling potential speculative or zombie tasks for this job
[2024-12-09T15:09:47.447+0000] {spark_submit.py:634} INFO - 24/12/09 15:09:47 INFO TaskSchedulerImpl: Killing all running tasks in stage 1: Stage finished
[2024-12-09T15:09:47.453+0000] {spark_submit.py:634} INFO - 24/12/09 15:09:47 INFO DAGScheduler: Job 0 finished: collect at WordCountJob.java:37, took 1.662672 s
[2024-12-09T15:09:47.456+0000] {spark_submit.py:634} INFO - spark: 1
[2024-12-09T15:09:47.463+0000] {spark_submit.py:634} INFO - docker: 1
[2024-12-09T15:09:47.464+0000] {spark_submit.py:634} INFO - Yusuf: 1
[2024-12-09T15:09:47.465+0000] {spark_submit.py:634} INFO - hello: 5
[2024-12-09T15:09:47.465+0000] {spark_submit.py:634} INFO - java: 1
[2024-12-09T15:09:47.467+0000] {spark_submit.py:634} INFO - world: 1
[2024-12-09T15:09:47.468+0000] {spark_submit.py:634} INFO - 24/12/09 15:09:47 INFO SparkContext: SparkContext is stopping with exitCode 0.
[2024-12-09T15:09:47.505+0000] {spark_submit.py:634} INFO - 24/12/09 15:09:47 INFO SparkUI: Stopped Spark web UI at http://2a892a3469ec:4040
[2024-12-09T15:09:47.530+0000] {spark_submit.py:634} INFO - 24/12/09 15:09:47 INFO MapOutputTrackerMasterEndpoint: MapOutputTrackerMasterEndpoint stopped!
[2024-12-09T15:09:47.568+0000] {spark_submit.py:634} INFO - 24/12/09 15:09:47 INFO MemoryStore: MemoryStore cleared
[2024-12-09T15:09:47.569+0000] {spark_submit.py:634} INFO - 24/12/09 15:09:47 INFO BlockManager: BlockManager stopped
[2024-12-09T15:09:47.589+0000] {spark_submit.py:634} INFO - 24/12/09 15:09:47 INFO BlockManagerMaster: BlockManagerMaster stopped
[2024-12-09T15:09:47.606+0000] {spark_submit.py:634} INFO - 24/12/09 15:09:47 INFO OutputCommitCoordinator$OutputCommitCoordinatorEndpoint: OutputCommitCoordinator stopped!
[2024-12-09T15:09:47.628+0000] {spark_submit.py:634} INFO - 24/12/09 15:09:47 INFO SparkContext: Successfully stopped SparkContext
[2024-12-09T15:09:47.640+0000] {spark_submit.py:634} INFO - 24/12/09 15:09:47 INFO ShutdownHookManager: Shutdown hook called
[2024-12-09T15:09:47.641+0000] {spark_submit.py:634} INFO - 24/12/09 15:09:47 INFO ShutdownHookManager: Deleting directory /tmp/spark-9c2db15a-6278-47c1-b126-0f09ba0e635f
[2024-12-09T15:09:47.656+0000] {spark_submit.py:634} INFO - 24/12/09 15:09:47 INFO ShutdownHookManager: Deleting directory /tmp/spark-f01595fc-3007-40cd-84f1-b0e28f580158
[2024-12-09T15:09:47.830+0000] {taskinstance.py:340} INFO - ::group::Post task execution logs
[2024-12-09T15:09:47.841+0000] {taskinstance.py:352} INFO - Marking task as SUCCESS. dag_id=sparking_flow, task_id=java_job, run_id=manual__2024-12-09T15:09:35.212671+00:00, execution_date=20241209T150935, start_date=20241209T150937, end_date=20241209T150947
[2024-12-09T15:09:47.936+0000] {local_task_job_runner.py:266} INFO - Task exited with return code 0
[2024-12-09T15:09:47.990+0000] {taskinstance.py:3895} INFO - 0 downstream tasks scheduled from follow-on schedule check
[2024-12-09T15:09:48.000+0000] {local_task_job_runner.py:245} INFO - ::endgroup::
