[2024-12-09T19:56:19.058+0000] {local_task_job_runner.py:123} INFO - ::group::Pre task execution logs
[2024-12-09T19:56:19.079+0000] {taskinstance.py:2613} INFO - Dependencies all met for dep_context=non-requeueable deps ti=<TaskInstance: sparking_flow.java_job manual__2024-12-09T19:56:16.691360+00:00 [queued]>
[2024-12-09T19:56:19.099+0000] {taskinstance.py:2613} INFO - Dependencies all met for dep_context=requeueable deps ti=<TaskInstance: sparking_flow.java_job manual__2024-12-09T19:56:16.691360+00:00 [queued]>
[2024-12-09T19:56:19.099+0000] {taskinstance.py:2866} INFO - Starting attempt 1 of 1
[2024-12-09T19:56:19.114+0000] {taskinstance.py:2889} INFO - Executing <Task(SparkSubmitOperator): java_job> on 2024-12-09 19:56:16.691360+00:00
[2024-12-09T19:56:19.121+0000] {logging_mixin.py:190} WARNING - /home/***/.local/lib/python3.12/site-packages/***/task/task_runner/standard_task_runner.py:70 DeprecationWarning: This process (pid=208) is multi-threaded, use of fork() may lead to deadlocks in the child.
[2024-12-09T19:56:19.123+0000] {standard_task_runner.py:72} INFO - Started process 209 to run task
[2024-12-09T19:56:19.122+0000] {standard_task_runner.py:104} INFO - Running: ['***', 'tasks', 'run', 'sparking_flow', 'java_job', 'manual__2024-12-09T19:56:16.691360+00:00', '--job-id', '26', '--raw', '--subdir', 'DAGS_FOLDER/spark_***.py', '--cfg-path', '/tmp/tmpn_3my1yd']
[2024-12-09T19:56:19.123+0000] {standard_task_runner.py:105} INFO - Job 26: Subtask java_job
[2024-12-09T19:56:19.181+0000] {task_command.py:467} INFO - Running <TaskInstance: sparking_flow.java_job manual__2024-12-09T19:56:16.691360+00:00 [running]> on host aa3df239b5cc
[2024-12-09T19:56:19.304+0000] {taskinstance.py:3132} INFO - Exporting env vars: AIRFLOW_CTX_DAG_OWNER='Harsha Vardhan' AIRFLOW_CTX_DAG_ID='sparking_flow' AIRFLOW_CTX_TASK_ID='java_job' AIRFLOW_CTX_EXECUTION_DATE='2024-12-09T19:56:16.691360+00:00' AIRFLOW_CTX_TRY_NUMBER='1' AIRFLOW_CTX_DAG_RUN_ID='manual__2024-12-09T19:56:16.691360+00:00'
[2024-12-09T19:56:19.306+0000] {taskinstance.py:731} INFO - ::endgroup::
[2024-12-09T19:56:19.644+0000] {base.py:84} INFO - Retrieving connection 'spark-conn'
[2024-12-09T19:56:19.646+0000] {spark_submit.py:473} INFO - Spark-Submit cmd: spark-submit --master spark://spark-master:7077 --name arrow-spark --class com.airscholar.spark.WordCountJob --deploy-mode client jobs/java/spark-job/target/spark-job-1.0-SNAPSHOT.jar
[2024-12-09T19:56:23.362+0000] {spark_submit.py:634} INFO - 24/12/09 19:56:23 INFO SparkContext: Running Spark version 3.5.3
[2024-12-09T19:56:23.371+0000] {spark_submit.py:634} INFO - 24/12/09 19:56:23 INFO SparkContext: OS info Linux, 6.10.14-linuxkit, aarch64
[2024-12-09T19:56:23.372+0000] {spark_submit.py:634} INFO - 24/12/09 19:56:23 INFO SparkContext: Java version 17.0.13
[2024-12-09T19:56:23.511+0000] {spark_submit.py:634} INFO - 24/12/09 19:56:23 WARN NativeCodeLoader: Unable to load native-hadoop library for your platform... using builtin-java classes where applicable
[2024-12-09T19:56:23.729+0000] {spark_submit.py:634} INFO - 24/12/09 19:56:23 INFO ResourceUtils: ==============================================================
[2024-12-09T19:56:23.731+0000] {spark_submit.py:634} INFO - 24/12/09 19:56:23 INFO ResourceUtils: No custom resources configured for spark.driver.
[2024-12-09T19:56:23.732+0000] {spark_submit.py:634} INFO - 24/12/09 19:56:23 INFO ResourceUtils: ==============================================================
[2024-12-09T19:56:23.733+0000] {spark_submit.py:634} INFO - 24/12/09 19:56:23 INFO SparkContext: Submitted application: Word Count Job
[2024-12-09T19:56:23.791+0000] {spark_submit.py:634} INFO - 24/12/09 19:56:23 INFO ResourceProfile: Default ResourceProfile created, executor resources: Map(cores -> name: cores, amount: 1, script: , vendor: , memory -> name: memory, amount: 1024, script: , vendor: , offHeap -> name: offHeap, amount: 0, script: , vendor: ), task resources: Map(cpus -> name: cpus, amount: 1.0)
[2024-12-09T19:56:23.807+0000] {spark_submit.py:634} INFO - 24/12/09 19:56:23 INFO ResourceProfile: Limiting resource is cpu
[2024-12-09T19:56:23.812+0000] {spark_submit.py:634} INFO - 24/12/09 19:56:23 INFO ResourceProfileManager: Added ResourceProfile id: 0
[2024-12-09T19:56:24.016+0000] {spark_submit.py:634} INFO - 24/12/09 19:56:24 INFO SecurityManager: Changing view acls to: root
[2024-12-09T19:56:24.018+0000] {spark_submit.py:634} INFO - 24/12/09 19:56:24 INFO SecurityManager: Changing modify acls to: root
[2024-12-09T19:56:24.019+0000] {spark_submit.py:634} INFO - 24/12/09 19:56:24 INFO SecurityManager: Changing view acls groups to:
[2024-12-09T19:56:24.020+0000] {spark_submit.py:634} INFO - 24/12/09 19:56:24 INFO SecurityManager: Changing modify acls groups to:
[2024-12-09T19:56:24.021+0000] {spark_submit.py:634} INFO - 24/12/09 19:56:24 INFO SecurityManager: SecurityManager: authentication disabled; ui acls disabled; users with view permissions: root; groups with view permissions: EMPTY; users with modify permissions: root; groups with modify permissions: EMPTY
[2024-12-09T19:56:24.772+0000] {spark_submit.py:634} INFO - 24/12/09 19:56:24 INFO Utils: Successfully started service 'sparkDriver' on port 40605.
[2024-12-09T19:56:24.840+0000] {spark_submit.py:634} INFO - 24/12/09 19:56:24 INFO SparkEnv: Registering MapOutputTracker
[2024-12-09T19:56:24.932+0000] {spark_submit.py:634} INFO - 24/12/09 19:56:24 INFO SparkEnv: Registering BlockManagerMaster
[2024-12-09T19:56:24.985+0000] {spark_submit.py:634} INFO - 24/12/09 19:56:24 INFO BlockManagerMasterEndpoint: Using org.apache.spark.storage.DefaultTopologyMapper for getting topology information
[2024-12-09T19:56:24.986+0000] {spark_submit.py:634} INFO - 24/12/09 19:56:24 INFO BlockManagerMasterEndpoint: BlockManagerMasterEndpoint up
[2024-12-09T19:56:25.003+0000] {spark_submit.py:634} INFO - 24/12/09 19:56:25 INFO SparkEnv: Registering BlockManagerMasterHeartbeat
[2024-12-09T19:56:25.062+0000] {spark_submit.py:634} INFO - 24/12/09 19:56:25 INFO DiskBlockManager: Created local directory at /tmp/blockmgr-a2e132f2-42b5-4eb6-a3be-99d257b00562
[2024-12-09T19:56:25.095+0000] {spark_submit.py:634} INFO - 24/12/09 19:56:25 INFO MemoryStore: MemoryStore started with capacity 434.4 MiB
[2024-12-09T19:56:25.128+0000] {spark_submit.py:634} INFO - 24/12/09 19:56:25 INFO SparkEnv: Registering OutputCommitCoordinator
[2024-12-09T19:56:25.375+0000] {spark_submit.py:634} INFO - 24/12/09 19:56:25 INFO JettyUtils: Start Jetty 0.0.0.0:4040 for SparkUI
[2024-12-09T19:56:25.490+0000] {spark_submit.py:634} INFO - 24/12/09 19:56:25 INFO Utils: Successfully started service 'SparkUI' on port 4040.
[2024-12-09T19:56:25.579+0000] {spark_submit.py:634} INFO - 24/12/09 19:56:25 INFO SparkContext: Added JAR file:/opt/***/jobs/java/spark-job/target/spark-job-1.0-SNAPSHOT.jar at spark://aa3df239b5cc:40605/jars/spark-job-1.0-SNAPSHOT.jar with timestamp 1733774183319
[2024-12-09T19:56:25.741+0000] {spark_submit.py:634} INFO - 24/12/09 19:56:25 INFO Executor: Starting executor ID driver on host aa3df239b5cc
[2024-12-09T19:56:25.745+0000] {spark_submit.py:634} INFO - 24/12/09 19:56:25 INFO Executor: OS info Linux, 6.10.14-linuxkit, aarch64
[2024-12-09T19:56:25.746+0000] {spark_submit.py:634} INFO - 24/12/09 19:56:25 INFO Executor: Java version 17.0.13
[2024-12-09T19:56:25.760+0000] {spark_submit.py:634} INFO - 24/12/09 19:56:25 INFO Executor: Starting executor with user classpath (userClassPathFirst = false): ''
[2024-12-09T19:56:25.762+0000] {spark_submit.py:634} INFO - 24/12/09 19:56:25 INFO Executor: Created or updated repl class loader org.apache.spark.util.MutableURLClassLoader@4a8e6e89 for default.
[2024-12-09T19:56:25.813+0000] {spark_submit.py:634} INFO - 24/12/09 19:56:25 INFO Executor: Fetching spark://aa3df239b5cc:40605/jars/spark-job-1.0-SNAPSHOT.jar with timestamp 1733774183319
[2024-12-09T19:56:25.983+0000] {spark_submit.py:634} INFO - 24/12/09 19:56:25 INFO TransportClientFactory: Successfully created connection to aa3df239b5cc/172.20.0.5:40605 after 75 ms (0 ms spent in bootstraps)
[2024-12-09T19:56:26.000+0000] {spark_submit.py:634} INFO - 24/12/09 19:56:25 INFO Utils: Fetching spark://aa3df239b5cc:40605/jars/spark-job-1.0-SNAPSHOT.jar to /tmp/spark-7c6cc35c-3481-4eda-ac76-591ae66c076e/userFiles-64b473c1-d898-4684-bdde-b68ceca5a378/fetchFileTemp6616269275938538913.tmp
[2024-12-09T19:56:26.114+0000] {spark_submit.py:634} INFO - 24/12/09 19:56:26 INFO Executor: Adding file:/tmp/spark-7c6cc35c-3481-4eda-ac76-591ae66c076e/userFiles-64b473c1-d898-4684-bdde-b68ceca5a378/spark-job-1.0-SNAPSHOT.jar to class loader default
[2024-12-09T19:56:26.130+0000] {spark_submit.py:634} INFO - 24/12/09 19:56:26 INFO Utils: Successfully started service 'org.apache.spark.network.netty.NettyBlockTransferService' on port 45323.
[2024-12-09T19:56:26.133+0000] {spark_submit.py:634} INFO - 24/12/09 19:56:26 INFO NettyBlockTransferService: Server created on aa3df239b5cc:45323
[2024-12-09T19:56:26.134+0000] {spark_submit.py:634} INFO - 24/12/09 19:56:26 INFO BlockManager: Using org.apache.spark.storage.RandomBlockReplicationPolicy for block replication policy
[2024-12-09T19:56:26.146+0000] {spark_submit.py:634} INFO - 24/12/09 19:56:26 INFO BlockManagerMaster: Registering BlockManager BlockManagerId(driver, aa3df239b5cc, 45323, None)
[2024-12-09T19:56:26.156+0000] {spark_submit.py:634} INFO - 24/12/09 19:56:26 INFO BlockManagerMasterEndpoint: Registering block manager aa3df239b5cc:45323 with 434.4 MiB RAM, BlockManagerId(driver, aa3df239b5cc, 45323, None)
[2024-12-09T19:56:26.161+0000] {spark_submit.py:634} INFO - 24/12/09 19:56:26 INFO BlockManagerMaster: Registered BlockManager BlockManagerId(driver, aa3df239b5cc, 45323, None)
[2024-12-09T19:56:26.164+0000] {spark_submit.py:634} INFO - 24/12/09 19:56:26 INFO BlockManager: Initialized BlockManager: BlockManagerId(driver, aa3df239b5cc, 45323, None)
[2024-12-09T19:56:28.144+0000] {spark_submit.py:634} INFO - 24/12/09 19:56:28 INFO SparkContext: Starting job: collect at WordCountJob.java:37
[2024-12-09T19:56:28.229+0000] {spark_submit.py:634} INFO - 24/12/09 19:56:28 INFO DAGScheduler: Registering RDD 2 (mapToPair at WordCountJob.java:33) as input to shuffle 0
[2024-12-09T19:56:28.240+0000] {spark_submit.py:634} INFO - 24/12/09 19:56:28 INFO DAGScheduler: Got job 0 (collect at WordCountJob.java:37) with 1 output partitions
[2024-12-09T19:56:28.247+0000] {spark_submit.py:634} INFO - 24/12/09 19:56:28 INFO DAGScheduler: Final stage: ResultStage 1 (collect at WordCountJob.java:37)
[2024-12-09T19:56:28.252+0000] {spark_submit.py:634} INFO - 24/12/09 19:56:28 INFO DAGScheduler: Parents of final stage: List(ShuffleMapStage 0)
[2024-12-09T19:56:28.260+0000] {spark_submit.py:634} INFO - 24/12/09 19:56:28 INFO DAGScheduler: Missing parents: List(ShuffleMapStage 0)
[2024-12-09T19:56:28.267+0000] {spark_submit.py:634} INFO - 24/12/09 19:56:28 INFO DAGScheduler: Submitting ShuffleMapStage 0 (MapPartitionsRDD[2] at mapToPair at WordCountJob.java:33), which has no missing parents
[2024-12-09T19:56:28.538+0000] {spark_submit.py:634} INFO - 24/12/09 19:56:28 INFO MemoryStore: Block broadcast_0 stored as values in memory (estimated size 6.4 KiB, free 434.4 MiB)
[2024-12-09T19:56:28.618+0000] {spark_submit.py:634} INFO - 24/12/09 19:56:28 INFO MemoryStore: Block broadcast_0_piece0 stored as bytes in memory (estimated size 3.4 KiB, free 434.4 MiB)
[2024-12-09T19:56:28.627+0000] {spark_submit.py:634} INFO - 24/12/09 19:56:28 INFO BlockManagerInfo: Added broadcast_0_piece0 in memory on aa3df239b5cc:45323 (size: 3.4 KiB, free: 434.4 MiB)
[2024-12-09T19:56:28.631+0000] {spark_submit.py:634} INFO - 24/12/09 19:56:28 INFO SparkContext: Created broadcast 0 from broadcast at DAGScheduler.scala:1585
[2024-12-09T19:56:28.665+0000] {spark_submit.py:634} INFO - 24/12/09 19:56:28 INFO DAGScheduler: Submitting 1 missing tasks from ShuffleMapStage 0 (MapPartitionsRDD[2] at mapToPair at WordCountJob.java:33) (first 15 tasks are for partitions Vector(0))
[2024-12-09T19:56:28.669+0000] {spark_submit.py:634} INFO - 24/12/09 19:56:28 INFO TaskSchedulerImpl: Adding task set 0.0 with 1 tasks resource profile 0
[2024-12-09T19:56:28.964+0000] {spark_submit.py:634} INFO - 24/12/09 19:56:28 INFO TaskSetManager: Starting task 0.0 in stage 0.0 (TID 0) (aa3df239b5cc, executor driver, partition 0, PROCESS_LOCAL, 9249 bytes)
[2024-12-09T19:56:29.059+0000] {spark_submit.py:634} INFO - 24/12/09 19:56:29 INFO Executor: Running task 0.0 in stage 0.0 (TID 0)
[2024-12-09T19:56:29.433+0000] {spark_submit.py:634} INFO - 24/12/09 19:56:29 INFO Executor: Finished task 0.0 in stage 0.0 (TID 0). 1216 bytes result sent to driver
[2024-12-09T19:56:29.616+0000] {spark_submit.py:634} INFO - 24/12/09 19:56:29 INFO TaskSetManager: Finished task 0.0 in stage 0.0 (TID 0) in 791 ms on aa3df239b5cc (executor driver) (1/1)
[2024-12-09T19:56:29.627+0000] {spark_submit.py:634} INFO - 24/12/09 19:56:29 INFO TaskSchedulerImpl: Removed TaskSet 0.0, whose tasks have all completed, from pool
[2024-12-09T19:56:29.664+0000] {spark_submit.py:634} INFO - 24/12/09 19:56:29 INFO DAGScheduler: ShuffleMapStage 0 (mapToPair at WordCountJob.java:33) finished in 1.325 s
[2024-12-09T19:56:29.693+0000] {spark_submit.py:634} INFO - 24/12/09 19:56:29 INFO DAGScheduler: looking for newly runnable stages
[2024-12-09T19:56:29.699+0000] {spark_submit.py:634} INFO - 24/12/09 19:56:29 INFO DAGScheduler: running: Set()
[2024-12-09T19:56:29.712+0000] {spark_submit.py:634} INFO - 24/12/09 19:56:29 INFO DAGScheduler: waiting: Set(ResultStage 1)
[2024-12-09T19:56:29.713+0000] {spark_submit.py:634} INFO - 24/12/09 19:56:29 INFO DAGScheduler: failed: Set()
[2024-12-09T19:56:29.713+0000] {spark_submit.py:634} INFO - 24/12/09 19:56:29 INFO DAGScheduler: Submitting ResultStage 1 (ShuffledRDD[3] at reduceByKey at WordCountJob.java:34), which has no missing parents
[2024-12-09T19:56:29.742+0000] {spark_submit.py:634} INFO - 24/12/09 19:56:29 INFO MemoryStore: Block broadcast_1 stored as values in memory (estimated size 5.2 KiB, free 434.4 MiB)
[2024-12-09T19:56:29.759+0000] {spark_submit.py:634} INFO - 24/12/09 19:56:29 INFO MemoryStore: Block broadcast_1_piece0 stored as bytes in memory (estimated size 2.9 KiB, free 434.4 MiB)
[2024-12-09T19:56:29.760+0000] {spark_submit.py:634} INFO - 24/12/09 19:56:29 INFO BlockManagerInfo: Added broadcast_1_piece0 in memory on aa3df239b5cc:45323 (size: 2.9 KiB, free: 434.4 MiB)
[2024-12-09T19:56:29.760+0000] {spark_submit.py:634} INFO - 24/12/09 19:56:29 INFO SparkContext: Created broadcast 1 from broadcast at DAGScheduler.scala:1585
[2024-12-09T19:56:29.763+0000] {spark_submit.py:634} INFO - 24/12/09 19:56:29 INFO DAGScheduler: Submitting 1 missing tasks from ResultStage 1 (ShuffledRDD[3] at reduceByKey at WordCountJob.java:34) (first 15 tasks are for partitions Vector(0))
[2024-12-09T19:56:29.769+0000] {spark_submit.py:634} INFO - 24/12/09 19:56:29 INFO TaskSchedulerImpl: Adding task set 1.0 with 1 tasks resource profile 0
[2024-12-09T19:56:29.771+0000] {spark_submit.py:634} INFO - 24/12/09 19:56:29 INFO TaskSetManager: Starting task 0.0 in stage 1.0 (TID 1) (aa3df239b5cc, executor driver, partition 0, NODE_LOCAL, 9002 bytes)
[2024-12-09T19:56:29.783+0000] {spark_submit.py:634} INFO - 24/12/09 19:56:29 INFO Executor: Running task 0.0 in stage 1.0 (TID 1)
[2024-12-09T19:56:29.967+0000] {spark_submit.py:634} INFO - 24/12/09 19:56:29 INFO ShuffleBlockFetcherIterator: Getting 1 (189.0 B) non-empty blocks including 1 (189.0 B) local and 0 (0.0 B) host-local and 0 (0.0 B) push-merged-local and 0 (0.0 B) remote blocks
[2024-12-09T19:56:29.976+0000] {spark_submit.py:634} INFO - 24/12/09 19:56:29 INFO ShuffleBlockFetcherIterator: Started 0 remote fetches in 35 ms
[2024-12-09T19:56:30.068+0000] {spark_submit.py:634} INFO - 24/12/09 19:56:30 INFO Executor: Finished task 0.0 in stage 1.0 (TID 1). 2001 bytes result sent to driver
[2024-12-09T19:56:30.106+0000] {spark_submit.py:634} INFO - 24/12/09 19:56:30 INFO TaskSetManager: Finished task 0.0 in stage 1.0 (TID 1) in 338 ms on aa3df239b5cc (executor driver) (1/1)
[2024-12-09T19:56:30.122+0000] {spark_submit.py:634} INFO - 24/12/09 19:56:30 INFO DAGScheduler: ResultStage 1 (collect at WordCountJob.java:37) finished in 0.377 s
[2024-12-09T19:56:30.136+0000] {spark_submit.py:634} INFO - 24/12/09 19:56:30 INFO TaskSchedulerImpl: Removed TaskSet 1.0, whose tasks have all completed, from pool
[2024-12-09T19:56:30.149+0000] {spark_submit.py:634} INFO - 24/12/09 19:56:30 INFO DAGScheduler: Job 0 is finished. Cancelling potential speculative or zombie tasks for this job
[2024-12-09T19:56:30.151+0000] {spark_submit.py:634} INFO - 24/12/09 19:56:30 INFO TaskSchedulerImpl: Killing all running tasks in stage 1: Stage finished
[2024-12-09T19:56:30.163+0000] {spark_submit.py:634} INFO - 24/12/09 19:56:30 INFO DAGScheduler: Job 0 finished: collect at WordCountJob.java:37, took 2.022307 s
[2024-12-09T19:56:30.190+0000] {spark_submit.py:634} INFO - spark: 1
[2024-12-09T19:56:30.191+0000] {spark_submit.py:634} INFO - docker: 1
[2024-12-09T19:56:30.191+0000] {spark_submit.py:634} INFO - Yusuf: 1
[2024-12-09T19:56:30.191+0000] {spark_submit.py:634} INFO - hello: 5
[2024-12-09T19:56:30.192+0000] {spark_submit.py:634} INFO - java: 1
[2024-12-09T19:56:30.195+0000] {spark_submit.py:634} INFO - world: 1
[2024-12-09T19:56:30.196+0000] {spark_submit.py:634} INFO - 24/12/09 19:56:30 INFO SparkContext: SparkContext is stopping with exitCode 0.
[2024-12-09T19:56:30.229+0000] {spark_submit.py:634} INFO - 24/12/09 19:56:30 INFO SparkUI: Stopped Spark web UI at http://aa3df239b5cc:4040
[2024-12-09T19:56:30.301+0000] {spark_submit.py:634} INFO - 24/12/09 19:56:30 INFO MapOutputTrackerMasterEndpoint: MapOutputTrackerMasterEndpoint stopped!
[2024-12-09T19:56:30.488+0000] {spark_submit.py:634} INFO - 24/12/09 19:56:30 INFO MemoryStore: MemoryStore cleared
[2024-12-09T19:56:30.489+0000] {spark_submit.py:634} INFO - 24/12/09 19:56:30 INFO BlockManager: BlockManager stopped
[2024-12-09T19:56:30.527+0000] {spark_submit.py:634} INFO - 24/12/09 19:56:30 INFO BlockManagerMaster: BlockManagerMaster stopped
[2024-12-09T19:56:30.537+0000] {spark_submit.py:634} INFO - 24/12/09 19:56:30 INFO OutputCommitCoordinator$OutputCommitCoordinatorEndpoint: OutputCommitCoordinator stopped!
[2024-12-09T19:56:30.601+0000] {spark_submit.py:634} INFO - 24/12/09 19:56:30 INFO SparkContext: Successfully stopped SparkContext
[2024-12-09T19:56:30.622+0000] {spark_submit.py:634} INFO - 24/12/09 19:56:30 INFO ShutdownHookManager: Shutdown hook called
[2024-12-09T19:56:30.638+0000] {spark_submit.py:634} INFO - 24/12/09 19:56:30 INFO ShutdownHookManager: Deleting directory /tmp/spark-7c6cc35c-3481-4eda-ac76-591ae66c076e
[2024-12-09T19:56:30.651+0000] {spark_submit.py:634} INFO - 24/12/09 19:56:30 INFO ShutdownHookManager: Deleting directory /tmp/spark-2ef12dd5-7649-44b6-84d2-b07788e332ed
[2024-12-09T19:56:30.981+0000] {taskinstance.py:340} INFO - ::group::Post task execution logs
[2024-12-09T19:56:30.986+0000] {taskinstance.py:352} INFO - Marking task as SUCCESS. dag_id=sparking_flow, task_id=java_job, run_id=manual__2024-12-09T19:56:16.691360+00:00, execution_date=20241209T195616, start_date=20241209T195619, end_date=20241209T195630
[2024-12-09T19:56:31.049+0000] {local_task_job_runner.py:266} INFO - Task exited with return code 0
[2024-12-09T19:56:31.160+0000] {taskinstance.py:3895} INFO - 0 downstream tasks scheduled from follow-on schedule check
[2024-12-09T19:56:31.167+0000] {local_task_job_runner.py:245} INFO - ::endgroup::
