[2024-12-06T00:18:04.541+0000] {local_task_job_runner.py:123} INFO - ::group::Pre task execution logs
[2024-12-06T00:18:04.579+0000] {taskinstance.py:2613} INFO - Dependencies all met for dep_context=non-requeueable deps ti=<TaskInstance: sparking_flow.python_job scheduled__2024-12-05T00:00:00+00:00 [queued]>
[2024-12-06T00:18:04.598+0000] {taskinstance.py:2613} INFO - Dependencies all met for dep_context=requeueable deps ti=<TaskInstance: sparking_flow.python_job scheduled__2024-12-05T00:00:00+00:00 [queued]>
[2024-12-06T00:18:04.600+0000] {taskinstance.py:2866} INFO - Starting attempt 1 of 1
[2024-12-06T00:18:04.620+0000] {taskinstance.py:2889} INFO - Executing <Task(SparkSubmitOperator): python_job> on 2024-12-05 00:00:00+00:00
[2024-12-06T00:18:04.673+0000] {logging_mixin.py:190} WARNING - /home/***/.local/lib/python3.12/site-packages/***/task/task_runner/standard_task_runner.py:70 DeprecationWarning: This process (pid=1537) is multi-threaded, use of fork() may lead to deadlocks in the child.
[2024-12-06T00:18:04.666+0000] {standard_task_runner.py:104} INFO - Running: ['***', 'tasks', 'run', 'sparking_flow', 'python_job', 'scheduled__2024-12-05T00:00:00+00:00', '--job-id', '126', '--raw', '--subdir', 'DAGS_FOLDER/spark_***.py', '--cfg-path', '/tmp/tmp71qd5dx6']
[2024-12-06T00:18:04.676+0000] {standard_task_runner.py:72} INFO - Started process 1542 to run task
[2024-12-06T00:18:04.677+0000] {standard_task_runner.py:105} INFO - Job 126: Subtask python_job
[2024-12-06T00:18:04.921+0000] {task_command.py:467} INFO - Running <TaskInstance: sparking_flow.python_job scheduled__2024-12-05T00:00:00+00:00 [running]> on host 2a892a3469ec
[2024-12-06T00:18:05.070+0000] {taskinstance.py:3132} INFO - Exporting env vars: AIRFLOW_CTX_DAG_OWNER='Yusuf Ganiyu' AIRFLOW_CTX_DAG_ID='sparking_flow' AIRFLOW_CTX_TASK_ID='python_job' AIRFLOW_CTX_EXECUTION_DATE='2024-12-05T00:00:00+00:00' AIRFLOW_CTX_TRY_NUMBER='1' AIRFLOW_CTX_DAG_RUN_ID='scheduled__2024-12-05T00:00:00+00:00'
[2024-12-06T00:18:05.072+0000] {taskinstance.py:731} INFO - ::endgroup::
[2024-12-06T00:18:05.099+0000] {base.py:84} INFO - Retrieving connection 'spark-conn'
[2024-12-06T00:18:05.100+0000] {spark_submit.py:473} INFO - Spark-Submit cmd: spark-submit --master spark://sparkingflow-spark-master-1:7077 --name arrow-spark --deploy-mode client jobs/python/wordcountjob.py
[2024-12-06T00:18:10.417+0000] {spark_submit.py:634} INFO - file copied
[2024-12-06T00:18:10.678+0000] {spark_submit.py:634} INFO - 24/12/06 00:18:10 INFO SparkContext: Running Spark version 3.5.3
[2024-12-06T00:18:10.685+0000] {spark_submit.py:634} INFO - 24/12/06 00:18:10 INFO SparkContext: OS info Linux, 6.10.14-linuxkit, aarch64
[2024-12-06T00:18:10.688+0000] {spark_submit.py:634} INFO - 24/12/06 00:18:10 INFO SparkContext: Java version 17.0.13
[2024-12-06T00:18:10.839+0000] {spark_submit.py:634} INFO - 24/12/06 00:18:10 WARN NativeCodeLoader: Unable to load native-hadoop library for your platform... using builtin-java classes where applicable
[2024-12-06T00:18:11.055+0000] {spark_submit.py:634} INFO - 24/12/06 00:18:11 INFO ResourceUtils: ==============================================================
[2024-12-06T00:18:11.058+0000] {spark_submit.py:634} INFO - 24/12/06 00:18:11 INFO ResourceUtils: No custom resources configured for spark.driver.
[2024-12-06T00:18:11.059+0000] {spark_submit.py:634} INFO - 24/12/06 00:18:11 INFO ResourceUtils: ==============================================================
[2024-12-06T00:18:11.060+0000] {spark_submit.py:634} INFO - 24/12/06 00:18:11 INFO SparkContext: Submitted application: PythonWordCount
[2024-12-06T00:18:11.132+0000] {spark_submit.py:634} INFO - 24/12/06 00:18:11 INFO ResourceProfile: Default ResourceProfile created, executor resources: Map(memory -> name: memory, amount: 1024, script: , vendor: , offHeap -> name: offHeap, amount: 0, script: , vendor: ), task resources: Map(cpus -> name: cpus, amount: 1.0)
[2024-12-06T00:18:11.155+0000] {spark_submit.py:634} INFO - 24/12/06 00:18:11 INFO ResourceProfile: Limiting resource is cpu
[2024-12-06T00:18:11.158+0000] {spark_submit.py:634} INFO - 24/12/06 00:18:11 INFO ResourceProfileManager: Added ResourceProfile id: 0
[2024-12-06T00:18:11.277+0000] {spark_submit.py:634} INFO - 24/12/06 00:18:11 INFO SecurityManager: Changing view acls to: ***
[2024-12-06T00:18:11.280+0000] {spark_submit.py:634} INFO - 24/12/06 00:18:11 INFO SecurityManager: Changing modify acls to: ***
[2024-12-06T00:18:11.285+0000] {spark_submit.py:634} INFO - 24/12/06 00:18:11 INFO SecurityManager: Changing view acls groups to:
[2024-12-06T00:18:11.290+0000] {spark_submit.py:634} INFO - 24/12/06 00:18:11 INFO SecurityManager: Changing modify acls groups to:
[2024-12-06T00:18:11.293+0000] {spark_submit.py:634} INFO - 24/12/06 00:18:11 INFO SecurityManager: SecurityManager: authentication disabled; ui acls disabled; users with view permissions: ***; groups with view permissions: EMPTY; users with modify permissions: ***; groups with modify permissions: EMPTY
[2024-12-06T00:18:11.794+0000] {spark_submit.py:634} INFO - 24/12/06 00:18:11 INFO Utils: Successfully started service 'sparkDriver' on port 34189.
[2024-12-06T00:18:11.863+0000] {spark_submit.py:634} INFO - 24/12/06 00:18:11 INFO SparkEnv: Registering MapOutputTracker
[2024-12-06T00:18:11.956+0000] {spark_submit.py:634} INFO - 24/12/06 00:18:11 INFO SparkEnv: Registering BlockManagerMaster
[2024-12-06T00:18:11.992+0000] {spark_submit.py:634} INFO - 24/12/06 00:18:11 INFO BlockManagerMasterEndpoint: Using org.apache.spark.storage.DefaultTopologyMapper for getting topology information
[2024-12-06T00:18:11.995+0000] {spark_submit.py:634} INFO - 24/12/06 00:18:11 INFO BlockManagerMasterEndpoint: BlockManagerMasterEndpoint up
[2024-12-06T00:18:11.999+0000] {spark_submit.py:634} INFO - 24/12/06 00:18:11 INFO SparkEnv: Registering BlockManagerMasterHeartbeat
[2024-12-06T00:18:12.043+0000] {spark_submit.py:634} INFO - 24/12/06 00:18:12 INFO DiskBlockManager: Created local directory at /tmp/blockmgr-044c3f66-c7ae-4b87-a6c1-4c7c995a8f35
[2024-12-06T00:18:12.070+0000] {spark_submit.py:634} INFO - 24/12/06 00:18:12 INFO MemoryStore: MemoryStore started with capacity 434.4 MiB
[2024-12-06T00:18:12.099+0000] {spark_submit.py:634} INFO - 24/12/06 00:18:12 INFO SparkEnv: Registering OutputCommitCoordinator
[2024-12-06T00:18:12.392+0000] {spark_submit.py:634} INFO - 24/12/06 00:18:12 INFO JettyUtils: Start Jetty 0.0.0.0:4040 for SparkUI
[2024-12-06T00:18:12.563+0000] {spark_submit.py:634} INFO - 24/12/06 00:18:12 WARN Utils: Service 'SparkUI' could not bind on port 4040. Attempting port 4041.
[2024-12-06T00:18:12.574+0000] {spark_submit.py:634} INFO - 24/12/06 00:18:12 WARN Utils: Service 'SparkUI' could not bind on port 4041. Attempting port 4042.
[2024-12-06T00:18:12.593+0000] {spark_submit.py:634} INFO - 24/12/06 00:18:12 INFO Utils: Successfully started service 'SparkUI' on port 4042.
[2024-12-06T00:18:13.258+0000] {spark_submit.py:634} INFO - 24/12/06 00:18:13 INFO StandaloneAppClient$ClientEndpoint: Connecting to master spark://sparkingflow-spark-master-1:7077...
[2024-12-06T00:18:13.609+0000] {spark_submit.py:634} INFO - 24/12/06 00:18:13 INFO TransportClientFactory: Successfully created connection to sparkingflow-spark-master-1/172.18.0.4:7077 after 176 ms (0 ms spent in bootstraps)
[2024-12-06T00:18:13.934+0000] {spark_submit.py:634} INFO - 24/12/06 00:18:13 INFO StandaloneSchedulerBackend: Connected to Spark cluster with app ID app-20241206001813-0005
[2024-12-06T00:18:13.962+0000] {spark_submit.py:634} INFO - 24/12/06 00:18:13 INFO Utils: Successfully started service 'org.apache.spark.network.netty.NettyBlockTransferService' on port 39839.
[2024-12-06T00:18:13.963+0000] {spark_submit.py:634} INFO - 24/12/06 00:18:13 INFO NettyBlockTransferService: Server created on 2a892a3469ec:39839
[2024-12-06T00:18:13.966+0000] {spark_submit.py:634} INFO - 24/12/06 00:18:13 INFO BlockManager: Using org.apache.spark.storage.RandomBlockReplicationPolicy for block replication policy
[2024-12-06T00:18:13.976+0000] {spark_submit.py:634} INFO - 24/12/06 00:18:13 INFO BlockManagerMaster: Registering BlockManager BlockManagerId(driver, 2a892a3469ec, 39839, None)
[2024-12-06T00:18:13.985+0000] {spark_submit.py:634} INFO - 24/12/06 00:18:13 INFO BlockManagerMasterEndpoint: Registering block manager 2a892a3469ec:39839 with 434.4 MiB RAM, BlockManagerId(driver, 2a892a3469ec, 39839, None)
[2024-12-06T00:18:13.986+0000] {spark_submit.py:634} INFO - 24/12/06 00:18:13 INFO BlockManagerMaster: Registered BlockManager BlockManagerId(driver, 2a892a3469ec, 39839, None)
[2024-12-06T00:18:13.988+0000] {spark_submit.py:634} INFO - 24/12/06 00:18:13 INFO BlockManager: Initialized BlockManager: BlockManagerId(driver, 2a892a3469ec, 39839, None)
[2024-12-06T00:18:14.400+0000] {spark_submit.py:634} INFO - 24/12/06 00:18:14 INFO StandaloneSchedulerBackend: SchedulerBackend is ready for scheduling beginning after reached minRegisteredResourcesRatio: 0.0
[2024-12-06T00:18:15.125+0000] {spark_submit.py:634} INFO - 24/12/06 00:18:15 INFO SparkContext: Added file /tmp/test1234.csv at spark://2a892a3469ec:34189/files/test1234.csv with timestamp 1733444295120
[2024-12-06T00:18:15.130+0000] {spark_submit.py:634} INFO - 24/12/06 00:18:15 INFO Utils: Copying /tmp/test1234.csv to /tmp/spark-f368e608-887e-451e-b51c-cdcbe1db53bc/userFiles-3242698e-f84d-42d1-8271-849473646eb3/test1234.csv
[2024-12-06T00:18:15.177+0000] {spark_submit.py:634} INFO - myfile: /tmp/test1234.csv
[2024-12-06T00:18:15.204+0000] {spark_submit.py:634} INFO - Resolved file path: /tmp/spark-f368e608-887e-451e-b51c-cdcbe1db53bc/userFiles-3242698e-f84d-42d1-8271-849473646eb3/test1234.csv
[2024-12-06T00:18:15.215+0000] {spark_submit.py:634} INFO - 24/12/06 00:18:15 INFO SharedState: Setting hive.metastore.warehouse.dir ('null') to the value of spark.sql.warehouse.dir.
[2024-12-06T00:18:15.230+0000] {spark_submit.py:634} INFO - 24/12/06 00:18:15 INFO SharedState: Warehouse path is 'file:/opt/***/spark-warehouse'.
[2024-12-06T00:18:16.841+0000] {spark_submit.py:634} INFO - 24/12/06 00:18:16 INFO InMemoryFileIndex: It took 72 ms to list leaf files for 1 paths.
[2024-12-06T00:18:16.952+0000] {spark_submit.py:634} INFO - 24/12/06 00:18:16 INFO InMemoryFileIndex: It took 3 ms to list leaf files for 1 paths.
[2024-12-06T00:18:18.783+0000] {spark_submit.py:634} INFO - 24/12/06 00:18:18 INFO StandaloneAppClient$ClientEndpoint: Executor added: app-20241206001813-0005/0 on worker-20241204170210-172.18.0.6-42515 (172.18.0.6:42515) with 2 core(s)
[2024-12-06T00:18:18.791+0000] {spark_submit.py:634} INFO - 24/12/06 00:18:18 INFO StandaloneSchedulerBackend: Granted executor ID app-20241206001813-0005/0 on hostPort 172.18.0.6:42515 with 2 core(s), 1024.0 MiB RAM
[2024-12-06T00:18:18.877+0000] {spark_submit.py:634} INFO - 24/12/06 00:18:18 INFO StandaloneAppClient$ClientEndpoint: Executor updated: app-20241206001813-0005/0 is now RUNNING
[2024-12-06T00:18:20.071+0000] {spark_submit.py:634} INFO - 24/12/06 00:18:20 INFO FileSourceStrategy: Pushed Filters:
[2024-12-06T00:18:20.077+0000] {spark_submit.py:634} INFO - 24/12/06 00:18:20 INFO FileSourceStrategy: Post-Scan Filters: (length(trim(value#0, None)) > 0)
[2024-12-06T00:18:20.573+0000] {spark_submit.py:634} INFO - 24/12/06 00:18:20 INFO CodeGenerator: Code generated in 163.639208 ms
[2024-12-06T00:18:20.663+0000] {spark_submit.py:634} INFO - 24/12/06 00:18:20 INFO MemoryStore: Block broadcast_0 stored as values in memory (estimated size 199.6 KiB, free 434.2 MiB)
[2024-12-06T00:18:20.754+0000] {spark_submit.py:634} INFO - 24/12/06 00:18:20 INFO MemoryStore: Block broadcast_0_piece0 stored as bytes in memory (estimated size 34.3 KiB, free 434.2 MiB)
[2024-12-06T00:18:20.760+0000] {spark_submit.py:634} INFO - 24/12/06 00:18:20 INFO BlockManagerInfo: Added broadcast_0_piece0 in memory on 2a892a3469ec:39839 (size: 34.3 KiB, free: 434.4 MiB)
[2024-12-06T00:18:20.770+0000] {spark_submit.py:634} INFO - 24/12/06 00:18:20 INFO SparkContext: Created broadcast 0 from load at NativeMethodAccessorImpl.java:0
[2024-12-06T00:18:20.785+0000] {spark_submit.py:634} INFO - 24/12/06 00:18:20 INFO FileSourceScanExec: Planning scan with bin packing, max size: 4194304 bytes, open cost is considered as scanning 4194304 bytes.
[2024-12-06T00:18:20.918+0000] {spark_submit.py:634} INFO - 24/12/06 00:18:20 INFO SparkContext: Starting job: load at NativeMethodAccessorImpl.java:0
[2024-12-06T00:18:20.954+0000] {spark_submit.py:634} INFO - 24/12/06 00:18:20 INFO DAGScheduler: Got job 0 (load at NativeMethodAccessorImpl.java:0) with 1 output partitions
[2024-12-06T00:18:20.955+0000] {spark_submit.py:634} INFO - 24/12/06 00:18:20 INFO DAGScheduler: Final stage: ResultStage 0 (load at NativeMethodAccessorImpl.java:0)
[2024-12-06T00:18:20.955+0000] {spark_submit.py:634} INFO - 24/12/06 00:18:20 INFO DAGScheduler: Parents of final stage: List()
[2024-12-06T00:18:20.957+0000] {spark_submit.py:634} INFO - 24/12/06 00:18:20 INFO DAGScheduler: Missing parents: List()
[2024-12-06T00:18:20.961+0000] {spark_submit.py:634} INFO - 24/12/06 00:18:20 INFO DAGScheduler: Submitting ResultStage 0 (MapPartitionsRDD[3] at load at NativeMethodAccessorImpl.java:0), which has no missing parents
[2024-12-06T00:18:21.031+0000] {spark_submit.py:634} INFO - 24/12/06 00:18:21 INFO MemoryStore: Block broadcast_1 stored as values in memory (estimated size 13.5 KiB, free 434.2 MiB)
[2024-12-06T00:18:21.042+0000] {spark_submit.py:634} INFO - 24/12/06 00:18:21 INFO MemoryStore: Block broadcast_1_piece0 stored as bytes in memory (estimated size 6.4 KiB, free 434.2 MiB)
[2024-12-06T00:18:21.045+0000] {spark_submit.py:634} INFO - 24/12/06 00:18:21 INFO BlockManagerInfo: Added broadcast_1_piece0 in memory on 2a892a3469ec:39839 (size: 6.4 KiB, free: 434.4 MiB)
[2024-12-06T00:18:21.046+0000] {spark_submit.py:634} INFO - 24/12/06 00:18:21 INFO SparkContext: Created broadcast 1 from broadcast at DAGScheduler.scala:1585
[2024-12-06T00:18:21.071+0000] {spark_submit.py:634} INFO - 24/12/06 00:18:21 INFO DAGScheduler: Submitting 1 missing tasks from ResultStage 0 (MapPartitionsRDD[3] at load at NativeMethodAccessorImpl.java:0) (first 15 tasks are for partitions Vector(0))
[2024-12-06T00:18:21.072+0000] {spark_submit.py:634} INFO - 24/12/06 00:18:21 INFO TaskSchedulerImpl: Adding task set 0.0 with 1 tasks resource profile 0
[2024-12-06T00:18:21.551+0000] {spark_submit.py:634} INFO - 24/12/06 00:18:21 INFO StandaloneSchedulerBackend$StandaloneDriverEndpoint: Registered executor NettyRpcEndpointRef(spark-client://Executor) (172.18.0.6:47346) with ID 0,  ResourceProfileId 0
[2024-12-06T00:18:21.611+0000] {spark_submit.py:634} INFO - 24/12/06 00:18:21 INFO BlockManagerMasterEndpoint: Registering block manager 172.18.0.6:33499 with 434.4 MiB RAM, BlockManagerId(0, 172.18.0.6, 33499, None)
[2024-12-06T00:18:21.661+0000] {spark_submit.py:634} INFO - 24/12/06 00:18:21 INFO TaskSetManager: Starting task 0.0 in stage 0.0 (TID 0) (172.18.0.6, executor 0, partition 0, PROCESS_LOCAL, 9852 bytes)
[2024-12-06T00:18:21.896+0000] {spark_submit.py:634} INFO - 24/12/06 00:18:21 INFO BlockManagerInfo: Added broadcast_1_piece0 in memory on 172.18.0.6:33499 (size: 6.4 KiB, free: 434.4 MiB)
[2024-12-06T00:18:22.471+0000] {spark_submit.py:634} INFO - 24/12/06 00:18:22 INFO BlockManagerInfo: Added broadcast_0_piece0 in memory on 172.18.0.6:33499 (size: 34.3 KiB, free: 434.4 MiB)
[2024-12-06T00:18:22.824+0000] {spark_submit.py:634} INFO - 24/12/06 00:18:22 WARN TaskSetManager: Lost task 0.0 in stage 0.0 (TID 0) (172.18.0.6 executor 0): org.apache.spark.SparkFileNotFoundException: File file:/tmp/spark-f368e608-887e-451e-b51c-cdcbe1db53bc/userFiles-3242698e-f84d-42d1-8271-849473646eb3/test1234.csv does not exist
[2024-12-06T00:18:22.825+0000] {spark_submit.py:634} INFO - It is possible the underlying files have been updated. You can explicitly invalidate the cache in Spark by running 'REFRESH TABLE tableName' command in SQL or by recreating the Dataset/DataFrame involved.
[2024-12-06T00:18:22.825+0000] {spark_submit.py:634} INFO - at org.apache.spark.sql.errors.QueryExecutionErrors$.readCurrentFileNotFoundError(QueryExecutionErrors.scala:781)
[2024-12-06T00:18:22.826+0000] {spark_submit.py:634} INFO - at org.apache.spark.sql.execution.datasources.FileScanRDD$$anon$1.org$apache$spark$sql$execution$datasources$FileScanRDD$$anon$$readCurrentFile(FileScanRDD.scala:220)
[2024-12-06T00:18:22.826+0000] {spark_submit.py:634} INFO - at org.apache.spark.sql.execution.datasources.FileScanRDD$$anon$1.nextIterator(FileScanRDD.scala:279)
[2024-12-06T00:18:22.826+0000] {spark_submit.py:634} INFO - at org.apache.spark.sql.execution.datasources.FileScanRDD$$anon$1.hasNext(FileScanRDD.scala:129)
[2024-12-06T00:18:22.826+0000] {spark_submit.py:634} INFO - at scala.collection.Iterator$$anon$10.hasNext(Iterator.scala:460)
[2024-12-06T00:18:22.827+0000] {spark_submit.py:634} INFO - at org.apache.spark.sql.catalyst.expressions.GeneratedClass$GeneratedIteratorForCodegenStage1.processNext(Unknown Source)
[2024-12-06T00:18:22.827+0000] {spark_submit.py:634} INFO - at org.apache.spark.sql.execution.BufferedRowIterator.hasNext(BufferedRowIterator.java:43)
[2024-12-06T00:18:22.827+0000] {spark_submit.py:634} INFO - at org.apache.spark.sql.execution.WholeStageCodegenEvaluatorFactory$WholeStageCodegenPartitionEvaluator$$anon$1.hasNext(WholeStageCodegenEvaluatorFactory.scala:43)
[2024-12-06T00:18:22.827+0000] {spark_submit.py:634} INFO - at org.apache.spark.sql.execution.SparkPlan.$anonfun$getByteArrayRdd$1(SparkPlan.scala:388)
[2024-12-06T00:18:22.827+0000] {spark_submit.py:634} INFO - at org.apache.spark.rdd.RDD.$anonfun$mapPartitionsInternal$2(RDD.scala:893)
[2024-12-06T00:18:22.828+0000] {spark_submit.py:634} INFO - at org.apache.spark.rdd.RDD.$anonfun$mapPartitionsInternal$2$adapted(RDD.scala:893)
[2024-12-06T00:18:22.828+0000] {spark_submit.py:634} INFO - at org.apache.spark.rdd.MapPartitionsRDD.compute(MapPartitionsRDD.scala:52)
[2024-12-06T00:18:22.828+0000] {spark_submit.py:634} INFO - at org.apache.spark.rdd.RDD.computeOrReadCheckpoint(RDD.scala:367)
[2024-12-06T00:18:22.828+0000] {spark_submit.py:634} INFO - at org.apache.spark.rdd.RDD.iterator(RDD.scala:331)
[2024-12-06T00:18:22.828+0000] {spark_submit.py:634} INFO - at org.apache.spark.scheduler.ResultTask.runTask(ResultTask.scala:93)
[2024-12-06T00:18:22.829+0000] {spark_submit.py:634} INFO - at org.apache.spark.TaskContext.runTaskWithListeners(TaskContext.scala:166)
[2024-12-06T00:18:22.829+0000] {spark_submit.py:634} INFO - at org.apache.spark.scheduler.Task.run(Task.scala:141)
[2024-12-06T00:18:22.829+0000] {spark_submit.py:634} INFO - at org.apache.spark.executor.Executor$TaskRunner.$anonfun$run$4(Executor.scala:620)
[2024-12-06T00:18:22.829+0000] {spark_submit.py:634} INFO - at org.apache.spark.util.SparkErrorUtils.tryWithSafeFinally(SparkErrorUtils.scala:64)
[2024-12-06T00:18:22.829+0000] {spark_submit.py:634} INFO - at org.apache.spark.util.SparkErrorUtils.tryWithSafeFinally$(SparkErrorUtils.scala:61)
[2024-12-06T00:18:22.829+0000] {spark_submit.py:634} INFO - at org.apache.spark.util.Utils$.tryWithSafeFinally(Utils.scala:94)
[2024-12-06T00:18:22.830+0000] {spark_submit.py:634} INFO - at org.apache.spark.executor.Executor$TaskRunner.run(Executor.scala:623)
[2024-12-06T00:18:22.830+0000] {spark_submit.py:634} INFO - at java.base/java.util.concurrent.ThreadPoolExecutor.runWorker(ThreadPoolExecutor.java:1136)
[2024-12-06T00:18:22.830+0000] {spark_submit.py:634} INFO - at java.base/java.util.concurrent.ThreadPoolExecutor$Worker.run(ThreadPoolExecutor.java:635)
[2024-12-06T00:18:22.831+0000] {spark_submit.py:634} INFO - at java.base/java.lang.Thread.run(Thread.java:840)
[2024-12-06T00:18:22.831+0000] {spark_submit.py:634} INFO - 
[2024-12-06T00:18:22.831+0000] {spark_submit.py:634} INFO - 24/12/06 00:18:22 INFO TaskSetManager: Starting task 0.1 in stage 0.0 (TID 1) (172.18.0.6, executor 0, partition 0, PROCESS_LOCAL, 9852 bytes)
[2024-12-06T00:18:22.864+0000] {spark_submit.py:634} INFO - 24/12/06 00:18:22 INFO TaskSetManager: Lost task 0.1 in stage 0.0 (TID 1) on 172.18.0.6, executor 0: org.apache.spark.SparkFileNotFoundException (File file:/tmp/spark-f368e608-887e-451e-b51c-cdcbe1db53bc/userFiles-3242698e-f84d-42d1-8271-849473646eb3/test1234.csv does not exist
[2024-12-06T00:18:22.867+0000] {spark_submit.py:634} INFO - It is possible the underlying files have been updated. You can explicitly invalidate the cache in Spark by running 'REFRESH TABLE tableName' command in SQL or by recreating the Dataset/DataFrame involved.) [duplicate 1]
[2024-12-06T00:18:22.867+0000] {spark_submit.py:634} INFO - 24/12/06 00:18:22 INFO TaskSetManager: Starting task 0.2 in stage 0.0 (TID 2) (172.18.0.6, executor 0, partition 0, PROCESS_LOCAL, 9852 bytes)
[2024-12-06T00:18:22.883+0000] {spark_submit.py:634} INFO - 24/12/06 00:18:22 INFO TaskSetManager: Lost task 0.2 in stage 0.0 (TID 2) on 172.18.0.6, executor 0: org.apache.spark.SparkFileNotFoundException (File file:/tmp/spark-f368e608-887e-451e-b51c-cdcbe1db53bc/userFiles-3242698e-f84d-42d1-8271-849473646eb3/test1234.csv does not exist
[2024-12-06T00:18:22.884+0000] {spark_submit.py:634} INFO - It is possible the underlying files have been updated. You can explicitly invalidate the cache in Spark by running 'REFRESH TABLE tableName' command in SQL or by recreating the Dataset/DataFrame involved.) [duplicate 2]
[2024-12-06T00:18:22.884+0000] {spark_submit.py:634} INFO - 24/12/06 00:18:22 INFO TaskSetManager: Starting task 0.3 in stage 0.0 (TID 3) (172.18.0.6, executor 0, partition 0, PROCESS_LOCAL, 9852 bytes)
[2024-12-06T00:18:22.901+0000] {spark_submit.py:634} INFO - 24/12/06 00:18:22 INFO TaskSetManager: Lost task 0.3 in stage 0.0 (TID 3) on 172.18.0.6, executor 0: org.apache.spark.SparkFileNotFoundException (File file:/tmp/spark-f368e608-887e-451e-b51c-cdcbe1db53bc/userFiles-3242698e-f84d-42d1-8271-849473646eb3/test1234.csv does not exist
[2024-12-06T00:18:22.902+0000] {spark_submit.py:634} INFO - It is possible the underlying files have been updated. You can explicitly invalidate the cache in Spark by running 'REFRESH TABLE tableName' command in SQL or by recreating the Dataset/DataFrame involved.) [duplicate 3]
[2024-12-06T00:18:22.902+0000] {spark_submit.py:634} INFO - 24/12/06 00:18:22 ERROR TaskSetManager: Task 0 in stage 0.0 failed 4 times; aborting job
[2024-12-06T00:18:22.903+0000] {spark_submit.py:634} INFO - 24/12/06 00:18:22 INFO TaskSchedulerImpl: Removed TaskSet 0.0, whose tasks have all completed, from pool
[2024-12-06T00:18:22.905+0000] {spark_submit.py:634} INFO - 24/12/06 00:18:22 INFO TaskSchedulerImpl: Cancelling stage 0
[2024-12-06T00:18:22.905+0000] {spark_submit.py:634} INFO - 24/12/06 00:18:22 INFO TaskSchedulerImpl: Killing all running tasks in stage 0: Stage cancelled: Job aborted due to stage failure: Task 0 in stage 0.0 failed 4 times, most recent failure: Lost task 0.3 in stage 0.0 (TID 3) (172.18.0.6 executor 0): org.apache.spark.SparkFileNotFoundException: File file:/tmp/spark-f368e608-887e-451e-b51c-cdcbe1db53bc/userFiles-3242698e-f84d-42d1-8271-849473646eb3/test1234.csv does not exist
[2024-12-06T00:18:22.905+0000] {spark_submit.py:634} INFO - It is possible the underlying files have been updated. You can explicitly invalidate the cache in Spark by running 'REFRESH TABLE tableName' command in SQL or by recreating the Dataset/DataFrame involved.
[2024-12-06T00:18:22.906+0000] {spark_submit.py:634} INFO - at org.apache.spark.sql.errors.QueryExecutionErrors$.readCurrentFileNotFoundError(QueryExecutionErrors.scala:781)
[2024-12-06T00:18:22.906+0000] {spark_submit.py:634} INFO - at org.apache.spark.sql.execution.datasources.FileScanRDD$$anon$1.org$apache$spark$sql$execution$datasources$FileScanRDD$$anon$$readCurrentFile(FileScanRDD.scala:220)
[2024-12-06T00:18:22.906+0000] {spark_submit.py:634} INFO - at org.apache.spark.sql.execution.datasources.FileScanRDD$$anon$1.nextIterator(FileScanRDD.scala:279)
[2024-12-06T00:18:22.906+0000] {spark_submit.py:634} INFO - at org.apache.spark.sql.execution.datasources.FileScanRDD$$anon$1.hasNext(FileScanRDD.scala:129)
[2024-12-06T00:18:22.906+0000] {spark_submit.py:634} INFO - at scala.collection.Iterator$$anon$10.hasNext(Iterator.scala:460)
[2024-12-06T00:18:22.907+0000] {spark_submit.py:634} INFO - at org.apache.spark.sql.catalyst.expressions.GeneratedClass$GeneratedIteratorForCodegenStage1.processNext(Unknown Source)
[2024-12-06T00:18:22.907+0000] {spark_submit.py:634} INFO - at org.apache.spark.sql.execution.BufferedRowIterator.hasNext(BufferedRowIterator.java:43)
[2024-12-06T00:18:22.907+0000] {spark_submit.py:634} INFO - at org.apache.spark.sql.execution.WholeStageCodegenEvaluatorFactory$WholeStageCodegenPartitionEvaluator$$anon$1.hasNext(WholeStageCodegenEvaluatorFactory.scala:43)
[2024-12-06T00:18:22.908+0000] {spark_submit.py:634} INFO - at org.apache.spark.sql.execution.SparkPlan.$anonfun$getByteArrayRdd$1(SparkPlan.scala:388)
[2024-12-06T00:18:22.908+0000] {spark_submit.py:634} INFO - at org.apache.spark.rdd.RDD.$anonfun$mapPartitionsInternal$2(RDD.scala:893)
[2024-12-06T00:18:22.908+0000] {spark_submit.py:634} INFO - at org.apache.spark.rdd.RDD.$anonfun$mapPartitionsInternal$2$adapted(RDD.scala:893)
[2024-12-06T00:18:22.908+0000] {spark_submit.py:634} INFO - at org.apache.spark.rdd.MapPartitionsRDD.compute(MapPartitionsRDD.scala:52)
[2024-12-06T00:18:22.908+0000] {spark_submit.py:634} INFO - at org.apache.spark.rdd.RDD.computeOrReadCheckpoint(RDD.scala:367)
[2024-12-06T00:18:22.908+0000] {spark_submit.py:634} INFO - at org.apache.spark.rdd.RDD.iterator(RDD.scala:331)
[2024-12-06T00:18:22.909+0000] {spark_submit.py:634} INFO - at org.apache.spark.scheduler.ResultTask.runTask(ResultTask.scala:93)
[2024-12-06T00:18:22.909+0000] {spark_submit.py:634} INFO - at org.apache.spark.TaskContext.runTaskWithListeners(TaskContext.scala:166)
[2024-12-06T00:18:22.909+0000] {spark_submit.py:634} INFO - at org.apache.spark.scheduler.Task.run(Task.scala:141)
[2024-12-06T00:18:22.909+0000] {spark_submit.py:634} INFO - at org.apache.spark.executor.Executor$TaskRunner.$anonfun$run$4(Executor.scala:620)
[2024-12-06T00:18:22.910+0000] {spark_submit.py:634} INFO - at org.apache.spark.util.SparkErrorUtils.tryWithSafeFinally(SparkErrorUtils.scala:64)
[2024-12-06T00:18:22.910+0000] {spark_submit.py:634} INFO - at org.apache.spark.util.SparkErrorUtils.tryWithSafeFinally$(SparkErrorUtils.scala:61)
[2024-12-06T00:18:22.910+0000] {spark_submit.py:634} INFO - at org.apache.spark.util.Utils$.tryWithSafeFinally(Utils.scala:94)
[2024-12-06T00:18:22.910+0000] {spark_submit.py:634} INFO - at org.apache.spark.executor.Executor$TaskRunner.run(Executor.scala:623)
[2024-12-06T00:18:22.910+0000] {spark_submit.py:634} INFO - at java.base/java.util.concurrent.ThreadPoolExecutor.runWorker(ThreadPoolExecutor.java:1136)
[2024-12-06T00:18:22.911+0000] {spark_submit.py:634} INFO - at java.base/java.util.concurrent.ThreadPoolExecutor$Worker.run(ThreadPoolExecutor.java:635)
[2024-12-06T00:18:22.911+0000] {spark_submit.py:634} INFO - at java.base/java.lang.Thread.run(Thread.java:840)
[2024-12-06T00:18:22.911+0000] {spark_submit.py:634} INFO - 
[2024-12-06T00:18:22.911+0000] {spark_submit.py:634} INFO - Driver stacktrace:
[2024-12-06T00:18:22.911+0000] {spark_submit.py:634} INFO - 24/12/06 00:18:22 INFO DAGScheduler: ResultStage 0 (load at NativeMethodAccessorImpl.java:0) failed in 1.930 s due to Job aborted due to stage failure: Task 0 in stage 0.0 failed 4 times, most recent failure: Lost task 0.3 in stage 0.0 (TID 3) (172.18.0.6 executor 0): org.apache.spark.SparkFileNotFoundException: File file:/tmp/spark-f368e608-887e-451e-b51c-cdcbe1db53bc/userFiles-3242698e-f84d-42d1-8271-849473646eb3/test1234.csv does not exist
[2024-12-06T00:18:22.911+0000] {spark_submit.py:634} INFO - It is possible the underlying files have been updated. You can explicitly invalidate the cache in Spark by running 'REFRESH TABLE tableName' command in SQL or by recreating the Dataset/DataFrame involved.
[2024-12-06T00:18:22.912+0000] {spark_submit.py:634} INFO - at org.apache.spark.sql.errors.QueryExecutionErrors$.readCurrentFileNotFoundError(QueryExecutionErrors.scala:781)
[2024-12-06T00:18:22.912+0000] {spark_submit.py:634} INFO - at org.apache.spark.sql.execution.datasources.FileScanRDD$$anon$1.org$apache$spark$sql$execution$datasources$FileScanRDD$$anon$$readCurrentFile(FileScanRDD.scala:220)
[2024-12-06T00:18:22.912+0000] {spark_submit.py:634} INFO - at org.apache.spark.sql.execution.datasources.FileScanRDD$$anon$1.nextIterator(FileScanRDD.scala:279)
[2024-12-06T00:18:22.912+0000] {spark_submit.py:634} INFO - at org.apache.spark.sql.execution.datasources.FileScanRDD$$anon$1.hasNext(FileScanRDD.scala:129)
[2024-12-06T00:18:22.912+0000] {spark_submit.py:634} INFO - at scala.collection.Iterator$$anon$10.hasNext(Iterator.scala:460)
[2024-12-06T00:18:22.912+0000] {spark_submit.py:634} INFO - at org.apache.spark.sql.catalyst.expressions.GeneratedClass$GeneratedIteratorForCodegenStage1.processNext(Unknown Source)
[2024-12-06T00:18:22.912+0000] {spark_submit.py:634} INFO - at org.apache.spark.sql.execution.BufferedRowIterator.hasNext(BufferedRowIterator.java:43)
[2024-12-06T00:18:22.913+0000] {spark_submit.py:634} INFO - at org.apache.spark.sql.execution.WholeStageCodegenEvaluatorFactory$WholeStageCodegenPartitionEvaluator$$anon$1.hasNext(WholeStageCodegenEvaluatorFactory.scala:43)
[2024-12-06T00:18:22.913+0000] {spark_submit.py:634} INFO - at org.apache.spark.sql.execution.SparkPlan.$anonfun$getByteArrayRdd$1(SparkPlan.scala:388)
[2024-12-06T00:18:22.913+0000] {spark_submit.py:634} INFO - at org.apache.spark.rdd.RDD.$anonfun$mapPartitionsInternal$2(RDD.scala:893)
[2024-12-06T00:18:22.913+0000] {spark_submit.py:634} INFO - at org.apache.spark.rdd.RDD.$anonfun$mapPartitionsInternal$2$adapted(RDD.scala:893)
[2024-12-06T00:18:22.913+0000] {spark_submit.py:634} INFO - at org.apache.spark.rdd.MapPartitionsRDD.compute(MapPartitionsRDD.scala:52)
[2024-12-06T00:18:22.913+0000] {spark_submit.py:634} INFO - at org.apache.spark.rdd.RDD.computeOrReadCheckpoint(RDD.scala:367)
[2024-12-06T00:18:22.914+0000] {spark_submit.py:634} INFO - at org.apache.spark.rdd.RDD.iterator(RDD.scala:331)
[2024-12-06T00:18:22.914+0000] {spark_submit.py:634} INFO - at org.apache.spark.scheduler.ResultTask.runTask(ResultTask.scala:93)
[2024-12-06T00:18:22.914+0000] {spark_submit.py:634} INFO - at org.apache.spark.TaskContext.runTaskWithListeners(TaskContext.scala:166)
[2024-12-06T00:18:22.914+0000] {spark_submit.py:634} INFO - at org.apache.spark.scheduler.Task.run(Task.scala:141)
[2024-12-06T00:18:22.914+0000] {spark_submit.py:634} INFO - at org.apache.spark.executor.Executor$TaskRunner.$anonfun$run$4(Executor.scala:620)
[2024-12-06T00:18:22.914+0000] {spark_submit.py:634} INFO - at org.apache.spark.util.SparkErrorUtils.tryWithSafeFinally(SparkErrorUtils.scala:64)
[2024-12-06T00:18:22.915+0000] {spark_submit.py:634} INFO - at org.apache.spark.util.SparkErrorUtils.tryWithSafeFinally$(SparkErrorUtils.scala:61)
[2024-12-06T00:18:22.915+0000] {spark_submit.py:634} INFO - at org.apache.spark.util.Utils$.tryWithSafeFinally(Utils.scala:94)
[2024-12-06T00:18:22.915+0000] {spark_submit.py:634} INFO - at org.apache.spark.executor.Executor$TaskRunner.run(Executor.scala:623)
[2024-12-06T00:18:22.915+0000] {spark_submit.py:634} INFO - at java.base/java.util.concurrent.ThreadPoolExecutor.runWorker(ThreadPoolExecutor.java:1136)
[2024-12-06T00:18:22.916+0000] {spark_submit.py:634} INFO - at java.base/java.util.concurrent.ThreadPoolExecutor$Worker.run(ThreadPoolExecutor.java:635)
[2024-12-06T00:18:22.916+0000] {spark_submit.py:634} INFO - at java.base/java.lang.Thread.run(Thread.java:840)
[2024-12-06T00:18:22.916+0000] {spark_submit.py:634} INFO - 
[2024-12-06T00:18:22.916+0000] {spark_submit.py:634} INFO - Driver stacktrace:
[2024-12-06T00:18:22.916+0000] {spark_submit.py:634} INFO - 24/12/06 00:18:22 INFO DAGScheduler: Job 0 failed: load at NativeMethodAccessorImpl.java:0, took 1.991005 s
[2024-12-06T00:18:23.072+0000] {spark_submit.py:634} INFO - Traceback (most recent call last):
[2024-12-06T00:18:23.072+0000] {spark_submit.py:634} INFO - File "/opt/***/jobs/python/wordcountjob.py", line 54, in <module>
[2024-12-06T00:18:23.073+0000] {spark_submit.py:634} INFO - df = spark.read.load(file_path, format="csv", inferSchema="true", header="true")
[2024-12-06T00:18:23.073+0000] {spark_submit.py:634} INFO - ^^^^^^^^^^^^^^^^^^^^^^^^^^^^^^^^^^^^^^^^^^^^^^^^^^^^^^^^^^^^^^^^^^^^^^^^^^^
[2024-12-06T00:18:23.074+0000] {spark_submit.py:634} INFO - File "/home/***/.local/lib/python3.12/site-packages/pyspark/python/lib/pyspark.zip/pyspark/sql/readwriter.py", line 307, in load
[2024-12-06T00:18:23.075+0000] {spark_submit.py:634} INFO - File "/home/***/.local/lib/python3.12/site-packages/pyspark/python/lib/py4j-0.10.9.7-src.zip/py4j/java_gateway.py", line 1322, in __call__
[2024-12-06T00:18:23.075+0000] {spark_submit.py:634} INFO - File "/home/***/.local/lib/python3.12/site-packages/pyspark/python/lib/pyspark.zip/pyspark/errors/exceptions/captured.py", line 179, in deco
[2024-12-06T00:18:23.076+0000] {spark_submit.py:634} INFO - File "/home/***/.local/lib/python3.12/site-packages/pyspark/python/lib/py4j-0.10.9.7-src.zip/py4j/protocol.py", line 326, in get_return_value
[2024-12-06T00:18:23.117+0000] {spark_submit.py:634} INFO - py4j.protocol.Py4JJavaError: An error occurred while calling o28.load.
[2024-12-06T00:18:23.121+0000] {spark_submit.py:634} INFO - : org.apache.spark.SparkException: Job aborted due to stage failure: Task 0 in stage 0.0 failed 4 times, most recent failure: Lost task 0.3 in stage 0.0 (TID 3) (172.18.0.6 executor 0): org.apache.spark.SparkFileNotFoundException: File file:/tmp/spark-f368e608-887e-451e-b51c-cdcbe1db53bc/userFiles-3242698e-f84d-42d1-8271-849473646eb3/test1234.csv does not exist
[2024-12-06T00:18:23.122+0000] {spark_submit.py:634} INFO - It is possible the underlying files have been updated. You can explicitly invalidate the cache in Spark by running 'REFRESH TABLE tableName' command in SQL or by recreating the Dataset/DataFrame involved.
[2024-12-06T00:18:23.123+0000] {spark_submit.py:634} INFO - at org.apache.spark.sql.errors.QueryExecutionErrors$.readCurrentFileNotFoundError(QueryExecutionErrors.scala:781)
[2024-12-06T00:18:23.125+0000] {spark_submit.py:634} INFO - at org.apache.spark.sql.execution.datasources.FileScanRDD$$anon$1.org$apache$spark$sql$execution$datasources$FileScanRDD$$anon$$readCurrentFile(FileScanRDD.scala:220)
[2024-12-06T00:18:23.125+0000] {spark_submit.py:634} INFO - at org.apache.spark.sql.execution.datasources.FileScanRDD$$anon$1.nextIterator(FileScanRDD.scala:279)
[2024-12-06T00:18:23.125+0000] {spark_submit.py:634} INFO - at org.apache.spark.sql.execution.datasources.FileScanRDD$$anon$1.hasNext(FileScanRDD.scala:129)
[2024-12-06T00:18:23.125+0000] {spark_submit.py:634} INFO - at scala.collection.Iterator$$anon$10.hasNext(Iterator.scala:460)
[2024-12-06T00:18:23.126+0000] {spark_submit.py:634} INFO - at org.apache.spark.sql.catalyst.expressions.GeneratedClass$GeneratedIteratorForCodegenStage1.processNext(Unknown Source)
[2024-12-06T00:18:23.126+0000] {spark_submit.py:634} INFO - at org.apache.spark.sql.execution.BufferedRowIterator.hasNext(BufferedRowIterator.java:43)
[2024-12-06T00:18:23.126+0000] {spark_submit.py:634} INFO - at org.apache.spark.sql.execution.WholeStageCodegenEvaluatorFactory$WholeStageCodegenPartitionEvaluator$$anon$1.hasNext(WholeStageCodegenEvaluatorFactory.scala:43)
[2024-12-06T00:18:23.126+0000] {spark_submit.py:634} INFO - at org.apache.spark.sql.execution.SparkPlan.$anonfun$getByteArrayRdd$1(SparkPlan.scala:388)
[2024-12-06T00:18:23.126+0000] {spark_submit.py:634} INFO - at org.apache.spark.rdd.RDD.$anonfun$mapPartitionsInternal$2(RDD.scala:893)
[2024-12-06T00:18:23.126+0000] {spark_submit.py:634} INFO - at org.apache.spark.rdd.RDD.$anonfun$mapPartitionsInternal$2$adapted(RDD.scala:893)
[2024-12-06T00:18:23.126+0000] {spark_submit.py:634} INFO - at org.apache.spark.rdd.MapPartitionsRDD.compute(MapPartitionsRDD.scala:52)
[2024-12-06T00:18:23.127+0000] {spark_submit.py:634} INFO - at org.apache.spark.rdd.RDD.computeOrReadCheckpoint(RDD.scala:367)
[2024-12-06T00:18:23.127+0000] {spark_submit.py:634} INFO - at org.apache.spark.rdd.RDD.iterator(RDD.scala:331)
[2024-12-06T00:18:23.128+0000] {spark_submit.py:634} INFO - at org.apache.spark.scheduler.ResultTask.runTask(ResultTask.scala:93)
[2024-12-06T00:18:23.129+0000] {spark_submit.py:634} INFO - at org.apache.spark.TaskContext.runTaskWithListeners(TaskContext.scala:166)
[2024-12-06T00:18:23.130+0000] {spark_submit.py:634} INFO - at org.apache.spark.scheduler.Task.run(Task.scala:141)
[2024-12-06T00:18:23.130+0000] {spark_submit.py:634} INFO - at org.apache.spark.executor.Executor$TaskRunner.$anonfun$run$4(Executor.scala:620)
[2024-12-06T00:18:23.130+0000] {spark_submit.py:634} INFO - at org.apache.spark.util.SparkErrorUtils.tryWithSafeFinally(SparkErrorUtils.scala:64)
[2024-12-06T00:18:23.131+0000] {spark_submit.py:634} INFO - at org.apache.spark.util.SparkErrorUtils.tryWithSafeFinally$(SparkErrorUtils.scala:61)
[2024-12-06T00:18:23.131+0000] {spark_submit.py:634} INFO - at org.apache.spark.util.Utils$.tryWithSafeFinally(Utils.scala:94)
[2024-12-06T00:18:23.133+0000] {spark_submit.py:634} INFO - at org.apache.spark.executor.Executor$TaskRunner.run(Executor.scala:623)
[2024-12-06T00:18:23.134+0000] {spark_submit.py:634} INFO - at java.base/java.util.concurrent.ThreadPoolExecutor.runWorker(ThreadPoolExecutor.java:1136)
[2024-12-06T00:18:23.134+0000] {spark_submit.py:634} INFO - at java.base/java.util.concurrent.ThreadPoolExecutor$Worker.run(ThreadPoolExecutor.java:635)
[2024-12-06T00:18:23.134+0000] {spark_submit.py:634} INFO - at java.base/java.lang.Thread.run(Thread.java:840)
[2024-12-06T00:18:23.135+0000] {spark_submit.py:634} INFO - 
[2024-12-06T00:18:23.135+0000] {spark_submit.py:634} INFO - Driver stacktrace:
[2024-12-06T00:18:23.135+0000] {spark_submit.py:634} INFO - at org.apache.spark.scheduler.DAGScheduler.failJobAndIndependentStages(DAGScheduler.scala:2856)
[2024-12-06T00:18:23.136+0000] {spark_submit.py:634} INFO - at org.apache.spark.scheduler.DAGScheduler.$anonfun$abortStage$2(DAGScheduler.scala:2792)
[2024-12-06T00:18:23.137+0000] {spark_submit.py:634} INFO - at org.apache.spark.scheduler.DAGScheduler.$anonfun$abortStage$2$adapted(DAGScheduler.scala:2791)
[2024-12-06T00:18:23.139+0000] {spark_submit.py:634} INFO - at scala.collection.mutable.ResizableArray.foreach(ResizableArray.scala:62)
[2024-12-06T00:18:23.139+0000] {spark_submit.py:634} INFO - at scala.collection.mutable.ResizableArray.foreach$(ResizableArray.scala:55)
[2024-12-06T00:18:23.139+0000] {spark_submit.py:634} INFO - at scala.collection.mutable.ArrayBuffer.foreach(ArrayBuffer.scala:49)
[2024-12-06T00:18:23.139+0000] {spark_submit.py:634} INFO - at org.apache.spark.scheduler.DAGScheduler.abortStage(DAGScheduler.scala:2791)
[2024-12-06T00:18:23.139+0000] {spark_submit.py:634} INFO - at org.apache.spark.scheduler.DAGScheduler.$anonfun$handleTaskSetFailed$1(DAGScheduler.scala:1247)
[2024-12-06T00:18:23.139+0000] {spark_submit.py:634} INFO - at org.apache.spark.scheduler.DAGScheduler.$anonfun$handleTaskSetFailed$1$adapted(DAGScheduler.scala:1247)
[2024-12-06T00:18:23.140+0000] {spark_submit.py:634} INFO - at scala.Option.foreach(Option.scala:407)
[2024-12-06T00:18:23.140+0000] {spark_submit.py:634} INFO - at org.apache.spark.scheduler.DAGScheduler.handleTaskSetFailed(DAGScheduler.scala:1247)
[2024-12-06T00:18:23.140+0000] {spark_submit.py:634} INFO - at org.apache.spark.scheduler.DAGSchedulerEventProcessLoop.doOnReceive(DAGScheduler.scala:3060)
[2024-12-06T00:18:23.140+0000] {spark_submit.py:634} INFO - at org.apache.spark.scheduler.DAGSchedulerEventProcessLoop.onReceive(DAGScheduler.scala:2994)
[2024-12-06T00:18:23.140+0000] {spark_submit.py:634} INFO - at org.apache.spark.scheduler.DAGSchedulerEventProcessLoop.onReceive(DAGScheduler.scala:2983)
[2024-12-06T00:18:23.140+0000] {spark_submit.py:634} INFO - at org.apache.spark.util.EventLoop$$anon$1.run(EventLoop.scala:49)
[2024-12-06T00:18:23.140+0000] {spark_submit.py:634} INFO - at org.apache.spark.scheduler.DAGScheduler.runJob(DAGScheduler.scala:989)
[2024-12-06T00:18:23.140+0000] {spark_submit.py:634} INFO - at org.apache.spark.SparkContext.runJob(SparkContext.scala:2393)
[2024-12-06T00:18:23.140+0000] {spark_submit.py:634} INFO - at org.apache.spark.SparkContext.runJob(SparkContext.scala:2414)
[2024-12-06T00:18:23.140+0000] {spark_submit.py:634} INFO - at org.apache.spark.SparkContext.runJob(SparkContext.scala:2433)
[2024-12-06T00:18:23.141+0000] {spark_submit.py:634} INFO - at org.apache.spark.sql.execution.SparkPlan.executeTake(SparkPlan.scala:530)
[2024-12-06T00:18:23.141+0000] {spark_submit.py:634} INFO - at org.apache.spark.sql.execution.SparkPlan.executeTake(SparkPlan.scala:483)
[2024-12-06T00:18:23.141+0000] {spark_submit.py:634} INFO - at org.apache.spark.sql.execution.CollectLimitExec.executeCollect(limit.scala:61)
[2024-12-06T00:18:23.141+0000] {spark_submit.py:634} INFO - at org.apache.spark.sql.Dataset.collectFromPlan(Dataset.scala:4333)
[2024-12-06T00:18:23.141+0000] {spark_submit.py:634} INFO - at org.apache.spark.sql.Dataset.$anonfun$head$1(Dataset.scala:3316)
[2024-12-06T00:18:23.141+0000] {spark_submit.py:634} INFO - at org.apache.spark.sql.Dataset.$anonfun$withAction$2(Dataset.scala:4323)
[2024-12-06T00:18:23.141+0000] {spark_submit.py:634} INFO - at org.apache.spark.sql.execution.QueryExecution$.withInternalError(QueryExecution.scala:546)
[2024-12-06T00:18:23.141+0000] {spark_submit.py:634} INFO - at org.apache.spark.sql.Dataset.$anonfun$withAction$1(Dataset.scala:4321)
[2024-12-06T00:18:23.142+0000] {spark_submit.py:634} INFO - at org.apache.spark.sql.execution.SQLExecution$.$anonfun$withNewExecutionId$6(SQLExecution.scala:125)
[2024-12-06T00:18:23.143+0000] {spark_submit.py:634} INFO - at org.apache.spark.sql.execution.SQLExecution$.withSQLConfPropagated(SQLExecution.scala:201)
[2024-12-06T00:18:23.143+0000] {spark_submit.py:634} INFO - at org.apache.spark.sql.execution.SQLExecution$.$anonfun$withNewExecutionId$1(SQLExecution.scala:108)
[2024-12-06T00:18:23.143+0000] {spark_submit.py:634} INFO - at org.apache.spark.sql.SparkSession.withActive(SparkSession.scala:900)
[2024-12-06T00:18:23.144+0000] {spark_submit.py:634} INFO - at org.apache.spark.sql.execution.SQLExecution$.withNewExecutionId(SQLExecution.scala:66)
[2024-12-06T00:18:23.144+0000] {spark_submit.py:634} INFO - at org.apache.spark.sql.Dataset.withAction(Dataset.scala:4321)
[2024-12-06T00:18:23.145+0000] {spark_submit.py:634} INFO - at org.apache.spark.sql.Dataset.head(Dataset.scala:3316)
[2024-12-06T00:18:23.145+0000] {spark_submit.py:634} INFO - at org.apache.spark.sql.Dataset.take(Dataset.scala:3539)
[2024-12-06T00:18:23.146+0000] {spark_submit.py:634} INFO - at org.apache.spark.sql.execution.datasources.csv.TextInputCSVDataSource$.infer(CSVDataSource.scala:111)
[2024-12-06T00:18:23.147+0000] {spark_submit.py:634} INFO - at org.apache.spark.sql.execution.datasources.csv.CSVDataSource.inferSchema(CSVDataSource.scala:64)
[2024-12-06T00:18:23.149+0000] {spark_submit.py:634} INFO - at org.apache.spark.sql.execution.datasources.csv.CSVFileFormat.inferSchema(CSVFileFormat.scala:62)
[2024-12-06T00:18:23.151+0000] {spark_submit.py:634} INFO - at org.apache.spark.sql.execution.datasources.DataSource.$anonfun$getOrInferFileFormatSchema$11(DataSource.scala:208)
[2024-12-06T00:18:23.151+0000] {spark_submit.py:634} INFO - at scala.Option.orElse(Option.scala:447)
[2024-12-06T00:18:23.151+0000] {spark_submit.py:634} INFO - at org.apache.spark.sql.execution.datasources.DataSource.getOrInferFileFormatSchema(DataSource.scala:205)
[2024-12-06T00:18:23.151+0000] {spark_submit.py:634} INFO - at org.apache.spark.sql.execution.datasources.DataSource.resolveRelation(DataSource.scala:407)
[2024-12-06T00:18:23.152+0000] {spark_submit.py:634} INFO - at org.apache.spark.sql.DataFrameReader.loadV1Source(DataFrameReader.scala:229)
[2024-12-06T00:18:23.152+0000] {spark_submit.py:634} INFO - at org.apache.spark.sql.DataFrameReader.$anonfun$load$2(DataFrameReader.scala:211)
[2024-12-06T00:18:23.152+0000] {spark_submit.py:634} INFO - at scala.Option.getOrElse(Option.scala:189)
[2024-12-06T00:18:23.152+0000] {spark_submit.py:634} INFO - at org.apache.spark.sql.DataFrameReader.load(DataFrameReader.scala:211)
[2024-12-06T00:18:23.152+0000] {spark_submit.py:634} INFO - at org.apache.spark.sql.DataFrameReader.load(DataFrameReader.scala:186)
[2024-12-06T00:18:23.152+0000] {spark_submit.py:634} INFO - at java.base/jdk.internal.reflect.NativeMethodAccessorImpl.invoke0(Native Method)
[2024-12-06T00:18:23.152+0000] {spark_submit.py:634} INFO - at java.base/jdk.internal.reflect.NativeMethodAccessorImpl.invoke(NativeMethodAccessorImpl.java:77)
[2024-12-06T00:18:23.152+0000] {spark_submit.py:634} INFO - at java.base/jdk.internal.reflect.DelegatingMethodAccessorImpl.invoke(DelegatingMethodAccessorImpl.java:43)
[2024-12-06T00:18:23.152+0000] {spark_submit.py:634} INFO - at java.base/java.lang.reflect.Method.invoke(Method.java:569)
[2024-12-06T00:18:23.152+0000] {spark_submit.py:634} INFO - at py4j.reflection.MethodInvoker.invoke(MethodInvoker.java:244)
[2024-12-06T00:18:23.153+0000] {spark_submit.py:634} INFO - at py4j.reflection.ReflectionEngine.invoke(ReflectionEngine.java:374)
[2024-12-06T00:18:23.153+0000] {spark_submit.py:634} INFO - at py4j.Gateway.invoke(Gateway.java:282)
[2024-12-06T00:18:23.153+0000] {spark_submit.py:634} INFO - at py4j.commands.AbstractCommand.invokeMethod(AbstractCommand.java:132)
[2024-12-06T00:18:23.153+0000] {spark_submit.py:634} INFO - at py4j.commands.CallCommand.execute(CallCommand.java:79)
[2024-12-06T00:18:23.153+0000] {spark_submit.py:634} INFO - at py4j.ClientServerConnection.waitForCommands(ClientServerConnection.java:182)
[2024-12-06T00:18:23.153+0000] {spark_submit.py:634} INFO - at py4j.ClientServerConnection.run(ClientServerConnection.java:106)
[2024-12-06T00:18:23.153+0000] {spark_submit.py:634} INFO - at java.base/java.lang.Thread.run(Thread.java:840)
[2024-12-06T00:18:23.153+0000] {spark_submit.py:634} INFO - Caused by: org.apache.spark.SparkFileNotFoundException: File file:/tmp/spark-f368e608-887e-451e-b51c-cdcbe1db53bc/userFiles-3242698e-f84d-42d1-8271-849473646eb3/test1234.csv does not exist
[2024-12-06T00:18:23.153+0000] {spark_submit.py:634} INFO - It is possible the underlying files have been updated. You can explicitly invalidate the cache in Spark by running 'REFRESH TABLE tableName' command in SQL or by recreating the Dataset/DataFrame involved.
[2024-12-06T00:18:23.153+0000] {spark_submit.py:634} INFO - at org.apache.spark.sql.errors.QueryExecutionErrors$.readCurrentFileNotFoundError(QueryExecutionErrors.scala:781)
[2024-12-06T00:18:23.156+0000] {spark_submit.py:634} INFO - at org.apache.spark.sql.execution.datasources.FileScanRDD$$anon$1.org$apache$spark$sql$execution$datasources$FileScanRDD$$anon$$readCurrentFile(FileScanRDD.scala:220)
[2024-12-06T00:18:23.156+0000] {spark_submit.py:634} INFO - at org.apache.spark.sql.execution.datasources.FileScanRDD$$anon$1.nextIterator(FileScanRDD.scala:279)
[2024-12-06T00:18:23.156+0000] {spark_submit.py:634} INFO - at org.apache.spark.sql.execution.datasources.FileScanRDD$$anon$1.hasNext(FileScanRDD.scala:129)
[2024-12-06T00:18:23.156+0000] {spark_submit.py:634} INFO - at scala.collection.Iterator$$anon$10.hasNext(Iterator.scala:460)
[2024-12-06T00:18:23.156+0000] {spark_submit.py:634} INFO - at org.apache.spark.sql.catalyst.expressions.GeneratedClass$GeneratedIteratorForCodegenStage1.processNext(Unknown Source)
[2024-12-06T00:18:23.157+0000] {spark_submit.py:634} INFO - at org.apache.spark.sql.execution.BufferedRowIterator.hasNext(BufferedRowIterator.java:43)
[2024-12-06T00:18:23.157+0000] {spark_submit.py:634} INFO - at org.apache.spark.sql.execution.WholeStageCodegenEvaluatorFactory$WholeStageCodegenPartitionEvaluator$$anon$1.hasNext(WholeStageCodegenEvaluatorFactory.scala:43)
[2024-12-06T00:18:23.157+0000] {spark_submit.py:634} INFO - at org.apache.spark.sql.execution.SparkPlan.$anonfun$getByteArrayRdd$1(SparkPlan.scala:388)
[2024-12-06T00:18:23.157+0000] {spark_submit.py:634} INFO - at org.apache.spark.rdd.RDD.$anonfun$mapPartitionsInternal$2(RDD.scala:893)
[2024-12-06T00:18:23.157+0000] {spark_submit.py:634} INFO - at org.apache.spark.rdd.RDD.$anonfun$mapPartitionsInternal$2$adapted(RDD.scala:893)
[2024-12-06T00:18:23.157+0000] {spark_submit.py:634} INFO - at org.apache.spark.rdd.MapPartitionsRDD.compute(MapPartitionsRDD.scala:52)
[2024-12-06T00:18:23.157+0000] {spark_submit.py:634} INFO - at org.apache.spark.rdd.RDD.computeOrReadCheckpoint(RDD.scala:367)
[2024-12-06T00:18:23.157+0000] {spark_submit.py:634} INFO - at org.apache.spark.rdd.RDD.iterator(RDD.scala:331)
[2024-12-06T00:18:23.157+0000] {spark_submit.py:634} INFO - at org.apache.spark.scheduler.ResultTask.runTask(ResultTask.scala:93)
[2024-12-06T00:18:23.157+0000] {spark_submit.py:634} INFO - at org.apache.spark.TaskContext.runTaskWithListeners(TaskContext.scala:166)
[2024-12-06T00:18:23.158+0000] {spark_submit.py:634} INFO - at org.apache.spark.scheduler.Task.run(Task.scala:141)
[2024-12-06T00:18:23.158+0000] {spark_submit.py:634} INFO - at org.apache.spark.executor.Executor$TaskRunner.$anonfun$run$4(Executor.scala:620)
[2024-12-06T00:18:23.158+0000] {spark_submit.py:634} INFO - at org.apache.spark.util.SparkErrorUtils.tryWithSafeFinally(SparkErrorUtils.scala:64)
[2024-12-06T00:18:23.158+0000] {spark_submit.py:634} INFO - at org.apache.spark.util.SparkErrorUtils.tryWithSafeFinally$(SparkErrorUtils.scala:61)
[2024-12-06T00:18:23.158+0000] {spark_submit.py:634} INFO - at org.apache.spark.util.Utils$.tryWithSafeFinally(Utils.scala:94)
[2024-12-06T00:18:23.158+0000] {spark_submit.py:634} INFO - at org.apache.spark.executor.Executor$TaskRunner.run(Executor.scala:623)
[2024-12-06T00:18:23.158+0000] {spark_submit.py:634} INFO - at java.base/java.util.concurrent.ThreadPoolExecutor.runWorker(ThreadPoolExecutor.java:1136)
[2024-12-06T00:18:23.158+0000] {spark_submit.py:634} INFO - at java.base/java.util.concurrent.ThreadPoolExecutor$Worker.run(ThreadPoolExecutor.java:635)
[2024-12-06T00:18:23.158+0000] {spark_submit.py:634} INFO - ... 1 more
[2024-12-06T00:18:23.159+0000] {spark_submit.py:634} INFO - 
[2024-12-06T00:18:23.202+0000] {spark_submit.py:634} INFO - 24/12/06 00:18:23 INFO SparkContext: Invoking stop() from shutdown hook
[2024-12-06T00:18:23.202+0000] {spark_submit.py:634} INFO - 24/12/06 00:18:23 INFO SparkContext: SparkContext is stopping with exitCode 0.
[2024-12-06T00:18:23.210+0000] {spark_submit.py:634} INFO - 24/12/06 00:18:23 INFO SparkUI: Stopped Spark web UI at http://2a892a3469ec:4042
[2024-12-06T00:18:23.213+0000] {spark_submit.py:634} INFO - 24/12/06 00:18:23 INFO StandaloneSchedulerBackend: Shutting down all executors
[2024-12-06T00:18:23.213+0000] {spark_submit.py:634} INFO - 24/12/06 00:18:23 INFO StandaloneSchedulerBackend$StandaloneDriverEndpoint: Asking each executor to shut down
[2024-12-06T00:18:23.233+0000] {spark_submit.py:634} INFO - 24/12/06 00:18:23 INFO MapOutputTrackerMasterEndpoint: MapOutputTrackerMasterEndpoint stopped!
[2024-12-06T00:18:23.261+0000] {spark_submit.py:634} INFO - 24/12/06 00:18:23 INFO MemoryStore: MemoryStore cleared
[2024-12-06T00:18:23.262+0000] {spark_submit.py:634} INFO - 24/12/06 00:18:23 INFO BlockManager: BlockManager stopped
[2024-12-06T00:18:23.267+0000] {spark_submit.py:634} INFO - 24/12/06 00:18:23 INFO BlockManagerMaster: BlockManagerMaster stopped
[2024-12-06T00:18:23.269+0000] {spark_submit.py:634} INFO - 24/12/06 00:18:23 INFO OutputCommitCoordinator$OutputCommitCoordinatorEndpoint: OutputCommitCoordinator stopped!
[2024-12-06T00:18:23.280+0000] {spark_submit.py:634} INFO - 24/12/06 00:18:23 INFO SparkContext: Successfully stopped SparkContext
[2024-12-06T00:18:23.281+0000] {spark_submit.py:634} INFO - 24/12/06 00:18:23 INFO ShutdownHookManager: Shutdown hook called
[2024-12-06T00:18:23.281+0000] {spark_submit.py:634} INFO - 24/12/06 00:18:23 INFO ShutdownHookManager: Deleting directory /tmp/spark-f368e608-887e-451e-b51c-cdcbe1db53bc/pyspark-a08fc6a7-17de-494c-a6fd-bf51e3267e18
[2024-12-06T00:18:23.285+0000] {spark_submit.py:634} INFO - 24/12/06 00:18:23 INFO ShutdownHookManager: Deleting directory /tmp/spark-f368e608-887e-451e-b51c-cdcbe1db53bc
[2024-12-06T00:18:23.289+0000] {spark_submit.py:634} INFO - 24/12/06 00:18:23 INFO ShutdownHookManager: Deleting directory /tmp/spark-51d5c7ed-ba08-45c3-8cfa-5212d76070da
[2024-12-06T00:18:23.381+0000] {taskinstance.py:3311} ERROR - Task failed with exception
Traceback (most recent call last):
  File "/home/airflow/.local/lib/python3.12/site-packages/airflow/models/taskinstance.py", line 767, in _execute_task
    result = _execute_callable(context=context, **execute_callable_kwargs)
             ^^^^^^^^^^^^^^^^^^^^^^^^^^^^^^^^^^^^^^^^^^^^^^^^^^^^^^^^^^^^^
  File "/home/airflow/.local/lib/python3.12/site-packages/airflow/models/taskinstance.py", line 733, in _execute_callable
    return ExecutionCallableRunner(
           ^^^^^^^^^^^^^^^^^^^^^^^^
  File "/home/airflow/.local/lib/python3.12/site-packages/airflow/utils/operator_helpers.py", line 252, in run
    return self.func(*args, **kwargs)
           ^^^^^^^^^^^^^^^^^^^^^^^^^^
  File "/home/airflow/.local/lib/python3.12/site-packages/airflow/models/baseoperator.py", line 417, in wrapper
    return func(self, *args, **kwargs)
           ^^^^^^^^^^^^^^^^^^^^^^^^^^^
  File "/home/airflow/.local/lib/python3.12/site-packages/airflow/providers/apache/spark/operators/spark_submit.py", line 176, in execute
    self._hook.submit(self.application)
  File "/home/airflow/.local/lib/python3.12/site-packages/airflow/providers/apache/spark/hooks/spark_submit.py", line 560, in submit
    raise AirflowException(
airflow.exceptions.AirflowException: Cannot execute: spark-submit --master spark://sparkingflow-spark-master-1:7077 --name arrow-spark --deploy-mode client jobs/python/wordcountjob.py. Error code is: 1.
[2024-12-06T00:18:23.393+0000] {taskinstance.py:1225} INFO - Marking task as FAILED. dag_id=sparking_flow, task_id=python_job, run_id=scheduled__2024-12-05T00:00:00+00:00, execution_date=20241205T000000, start_date=20241206T001804, end_date=20241206T001823
[2024-12-06T00:18:23.409+0000] {taskinstance.py:340} INFO - ::group::Post task execution logs
[2024-12-06T00:18:23.411+0000] {standard_task_runner.py:124} ERROR - Failed to execute job 126 for task python_job (Cannot execute: spark-submit --master spark://sparkingflow-spark-master-1:7077 --name arrow-spark --deploy-mode client jobs/python/wordcountjob.py. Error code is: 1.; 1542)
Traceback (most recent call last):
  File "/home/airflow/.local/lib/python3.12/site-packages/airflow/task/task_runner/standard_task_runner.py", line 117, in _start_by_fork
    ret = args.func(args, dag=self.dag)
          ^^^^^^^^^^^^^^^^^^^^^^^^^^^^^
  File "/home/airflow/.local/lib/python3.12/site-packages/airflow/cli/cli_config.py", line 49, in command
    return func(*args, **kwargs)
           ^^^^^^^^^^^^^^^^^^^^^
  File "/home/airflow/.local/lib/python3.12/site-packages/airflow/utils/cli.py", line 116, in wrapper
    return f(*args, **kwargs)
           ^^^^^^^^^^^^^^^^^^
  File "/home/airflow/.local/lib/python3.12/site-packages/airflow/cli/commands/task_command.py", line 483, in task_run
    task_return_code = _run_task_by_selected_method(args, _dag, ti)
                       ^^^^^^^^^^^^^^^^^^^^^^^^^^^^^^^^^^^^^^^^^^^^
  File "/home/airflow/.local/lib/python3.12/site-packages/airflow/cli/commands/task_command.py", line 256, in _run_task_by_selected_method
    return _run_raw_task(args, ti)
           ^^^^^^^^^^^^^^^^^^^^^^^
  File "/home/airflow/.local/lib/python3.12/site-packages/airflow/cli/commands/task_command.py", line 341, in _run_raw_task
    return ti._run_raw_task(
           ^^^^^^^^^^^^^^^^^
  File "/home/airflow/.local/lib/python3.12/site-packages/airflow/utils/session.py", line 97, in wrapper
    return func(*args, session=session, **kwargs)
           ^^^^^^^^^^^^^^^^^^^^^^^^^^^^^^^^^^^^^^
  File "/home/airflow/.local/lib/python3.12/site-packages/airflow/models/taskinstance.py", line 3005, in _run_raw_task
    return _run_raw_task(
           ^^^^^^^^^^^^^^
  File "/home/airflow/.local/lib/python3.12/site-packages/airflow/models/taskinstance.py", line 273, in _run_raw_task
    TaskInstance._execute_task_with_callbacks(
  File "/home/airflow/.local/lib/python3.12/site-packages/airflow/models/taskinstance.py", line 3159, in _execute_task_with_callbacks
    result = self._execute_task(context, task_orig)
             ^^^^^^^^^^^^^^^^^^^^^^^^^^^^^^^^^^^^^^
  File "/home/airflow/.local/lib/python3.12/site-packages/airflow/models/taskinstance.py", line 3183, in _execute_task
    return _execute_task(self, context, task_orig)
           ^^^^^^^^^^^^^^^^^^^^^^^^^^^^^^^^^^^^^^^
  File "/home/airflow/.local/lib/python3.12/site-packages/airflow/models/taskinstance.py", line 767, in _execute_task
    result = _execute_callable(context=context, **execute_callable_kwargs)
             ^^^^^^^^^^^^^^^^^^^^^^^^^^^^^^^^^^^^^^^^^^^^^^^^^^^^^^^^^^^^^
  File "/home/airflow/.local/lib/python3.12/site-packages/airflow/models/taskinstance.py", line 733, in _execute_callable
    return ExecutionCallableRunner(
           ^^^^^^^^^^^^^^^^^^^^^^^^
  File "/home/airflow/.local/lib/python3.12/site-packages/airflow/utils/operator_helpers.py", line 252, in run
    return self.func(*args, **kwargs)
           ^^^^^^^^^^^^^^^^^^^^^^^^^^
  File "/home/airflow/.local/lib/python3.12/site-packages/airflow/models/baseoperator.py", line 417, in wrapper
    return func(self, *args, **kwargs)
           ^^^^^^^^^^^^^^^^^^^^^^^^^^^
  File "/home/airflow/.local/lib/python3.12/site-packages/airflow/providers/apache/spark/operators/spark_submit.py", line 176, in execute
    self._hook.submit(self.application)
  File "/home/airflow/.local/lib/python3.12/site-packages/airflow/providers/apache/spark/hooks/spark_submit.py", line 560, in submit
    raise AirflowException(
airflow.exceptions.AirflowException: Cannot execute: spark-submit --master spark://sparkingflow-spark-master-1:7077 --name arrow-spark --deploy-mode client jobs/python/wordcountjob.py. Error code is: 1.
[2024-12-06T00:18:23.470+0000] {local_task_job_runner.py:266} INFO - Task exited with return code 1
[2024-12-06T00:18:23.515+0000] {taskinstance.py:3895} INFO - 0 downstream tasks scheduled from follow-on schedule check
[2024-12-06T00:18:23.521+0000] {local_task_job_runner.py:245} INFO - ::endgroup::
