[2024-12-09T16:50:43.414+0000] {local_task_job_runner.py:123} INFO - ::group::Pre task execution logs
[2024-12-09T16:50:43.426+0000] {taskinstance.py:2613} INFO - Dependencies all met for dep_context=non-requeueable deps ti=<TaskInstance: sparking_flow.scala_job manual__2024-12-09T16:50:41.226084+00:00 [queued]>
[2024-12-09T16:50:43.433+0000] {taskinstance.py:2613} INFO - Dependencies all met for dep_context=requeueable deps ti=<TaskInstance: sparking_flow.scala_job manual__2024-12-09T16:50:41.226084+00:00 [queued]>
[2024-12-09T16:50:43.434+0000] {taskinstance.py:2866} INFO - Starting attempt 1 of 1
[2024-12-09T16:50:43.441+0000] {taskinstance.py:2889} INFO - Executing <Task(SparkSubmitOperator): scala_job> on 2024-12-09 16:50:41.226084+00:00
[2024-12-09T16:50:43.447+0000] {logging_mixin.py:190} WARNING - /home/***/.local/lib/python3.12/site-packages/***/task/task_runner/standard_task_runner.py:70 DeprecationWarning: This process (pid=187) is multi-threaded, use of fork() may lead to deadlocks in the child.
[2024-12-09T16:50:43.448+0000] {standard_task_runner.py:72} INFO - Started process 190 to run task
[2024-12-09T16:50:43.448+0000] {standard_task_runner.py:104} INFO - Running: ['***', 'tasks', 'run', 'sparking_flow', 'scala_job', 'manual__2024-12-09T16:50:41.226084+00:00', '--job-id', '569', '--raw', '--subdir', 'DAGS_FOLDER/spark_***.py', '--cfg-path', '/tmp/tmppbt5n9z3']
[2024-12-09T16:50:43.451+0000] {standard_task_runner.py:105} INFO - Job 569: Subtask scala_job
[2024-12-09T16:50:43.510+0000] {task_command.py:467} INFO - Running <TaskInstance: sparking_flow.scala_job manual__2024-12-09T16:50:41.226084+00:00 [running]> on host 2a892a3469ec
[2024-12-09T16:50:43.589+0000] {taskinstance.py:3132} INFO - Exporting env vars: AIRFLOW_CTX_DAG_OWNER='Yusuf Ganiyu' AIRFLOW_CTX_DAG_ID='sparking_flow' AIRFLOW_CTX_TASK_ID='scala_job' AIRFLOW_CTX_EXECUTION_DATE='2024-12-09T16:50:41.226084+00:00' AIRFLOW_CTX_TRY_NUMBER='1' AIRFLOW_CTX_DAG_RUN_ID='manual__2024-12-09T16:50:41.226084+00:00'
[2024-12-09T16:50:43.590+0000] {taskinstance.py:731} INFO - ::endgroup::
[2024-12-09T16:50:43.608+0000] {base.py:84} INFO - Retrieving connection 'spark-conn'
[2024-12-09T16:50:43.609+0000] {spark_submit.py:473} INFO - Spark-Submit cmd: spark-submit --master spark://sparkingflow-spark-master-1:7077 --name arrow-spark --deploy-mode client jobs/scala/target/scala-2.12/word-count_2.12-0.1.jar
[2024-12-09T16:50:45.843+0000] {spark_submit.py:634} INFO - 24/12/09 16:50:45 WARN NativeCodeLoader: Unable to load native-hadoop library for your platform... using builtin-java classes where applicable
[2024-12-09T16:50:46.120+0000] {spark_submit.py:634} INFO - 24/12/09 16:50:46 INFO SparkContext: Running Spark version 3.5.3
[2024-12-09T16:50:46.123+0000] {spark_submit.py:634} INFO - 24/12/09 16:50:46 INFO SparkContext: OS info Linux, 6.10.14-linuxkit, aarch64
[2024-12-09T16:50:46.124+0000] {spark_submit.py:634} INFO - 24/12/09 16:50:46 INFO SparkContext: Java version 17.0.13
[2024-12-09T16:50:46.154+0000] {spark_submit.py:634} INFO - 24/12/09 16:50:46 INFO ResourceUtils: ==============================================================
[2024-12-09T16:50:46.156+0000] {spark_submit.py:634} INFO - 24/12/09 16:50:46 INFO ResourceUtils: No custom resources configured for spark.driver.
[2024-12-09T16:50:46.157+0000] {spark_submit.py:634} INFO - 24/12/09 16:50:46 INFO ResourceUtils: ==============================================================
[2024-12-09T16:50:46.161+0000] {spark_submit.py:634} INFO - 24/12/09 16:50:46 INFO SparkContext: Submitted application: Word Count
[2024-12-09T16:50:46.175+0000] {spark_submit.py:634} INFO - 24/12/09 16:50:46 INFO ResourceProfile: Default ResourceProfile created, executor resources: Map(memory -> name: memory, amount: 1024, script: , vendor: , offHeap -> name: offHeap, amount: 0, script: , vendor: ), task resources: Map(cpus -> name: cpus, amount: 1.0)
[2024-12-09T16:50:46.190+0000] {spark_submit.py:634} INFO - 24/12/09 16:50:46 INFO ResourceProfile: Limiting resource is cpu
[2024-12-09T16:50:46.192+0000] {spark_submit.py:634} INFO - 24/12/09 16:50:46 INFO ResourceProfileManager: Added ResourceProfile id: 0
[2024-12-09T16:50:46.230+0000] {spark_submit.py:634} INFO - 24/12/09 16:50:46 INFO SecurityManager: Changing view acls to: ***
[2024-12-09T16:50:46.231+0000] {spark_submit.py:634} INFO - 24/12/09 16:50:46 INFO SecurityManager: Changing modify acls to: ***
[2024-12-09T16:50:46.231+0000] {spark_submit.py:634} INFO - 24/12/09 16:50:46 INFO SecurityManager: Changing view acls groups to:
[2024-12-09T16:50:46.232+0000] {spark_submit.py:634} INFO - 24/12/09 16:50:46 INFO SecurityManager: Changing modify acls groups to:
[2024-12-09T16:50:46.233+0000] {spark_submit.py:634} INFO - 24/12/09 16:50:46 INFO SecurityManager: SecurityManager: authentication disabled; ui acls disabled; users with view permissions: ***; groups with view permissions: EMPTY; users with modify permissions: ***; groups with modify permissions: EMPTY
[2024-12-09T16:50:46.572+0000] {spark_submit.py:634} INFO - 24/12/09 16:50:46 INFO Utils: Successfully started service 'sparkDriver' on port 43251.
[2024-12-09T16:50:46.603+0000] {spark_submit.py:634} INFO - 24/12/09 16:50:46 INFO SparkEnv: Registering MapOutputTracker
[2024-12-09T16:50:46.633+0000] {spark_submit.py:634} INFO - 24/12/09 16:50:46 INFO SparkEnv: Registering BlockManagerMaster
[2024-12-09T16:50:46.651+0000] {spark_submit.py:634} INFO - 24/12/09 16:50:46 INFO BlockManagerMasterEndpoint: Using org.apache.spark.storage.DefaultTopologyMapper for getting topology information
[2024-12-09T16:50:46.652+0000] {spark_submit.py:634} INFO - 24/12/09 16:50:46 INFO BlockManagerMasterEndpoint: BlockManagerMasterEndpoint up
[2024-12-09T16:50:46.654+0000] {spark_submit.py:634} INFO - 24/12/09 16:50:46 INFO SparkEnv: Registering BlockManagerMasterHeartbeat
[2024-12-09T16:50:46.670+0000] {spark_submit.py:634} INFO - 24/12/09 16:50:46 INFO DiskBlockManager: Created local directory at /tmp/blockmgr-c580b32f-6ecf-46b6-8735-c969d485bfb5
[2024-12-09T16:50:46.682+0000] {spark_submit.py:634} INFO - 24/12/09 16:50:46 INFO MemoryStore: MemoryStore started with capacity 434.4 MiB
[2024-12-09T16:50:46.695+0000] {spark_submit.py:634} INFO - 24/12/09 16:50:46 INFO SparkEnv: Registering OutputCommitCoordinator
[2024-12-09T16:50:46.854+0000] {spark_submit.py:634} INFO - 24/12/09 16:50:46 INFO JettyUtils: Start Jetty 0.0.0.0:4040 for SparkUI
[2024-12-09T16:50:46.918+0000] {spark_submit.py:634} INFO - 24/12/09 16:50:46 INFO Utils: Successfully started service 'SparkUI' on port 4040.
[2024-12-09T16:50:46.951+0000] {spark_submit.py:634} INFO - 24/12/09 16:50:46 INFO SparkContext: Added JAR file:/opt/***/jobs/scala/target/scala-2.12/word-count_2.12-0.1.jar at spark://2a892a3469ec:43251/jars/word-count_2.12-0.1.jar with timestamp 1733763046109
[2024-12-09T16:50:47.062+0000] {spark_submit.py:634} INFO - 24/12/09 16:50:47 INFO StandaloneAppClient$ClientEndpoint: Connecting to master spark://spark-master:7077...
[2024-12-09T16:50:47.118+0000] {spark_submit.py:634} INFO - 24/12/09 16:50:47 INFO TransportClientFactory: Successfully created connection to spark-master/172.18.0.5:7077 after 31 ms (0 ms spent in bootstraps)
[2024-12-09T16:50:47.290+0000] {spark_submit.py:634} INFO - 24/12/09 16:50:47 INFO StandaloneSchedulerBackend: Connected to Spark cluster with app ID app-20241209165047-0000
[2024-12-09T16:50:47.298+0000] {spark_submit.py:634} INFO - 24/12/09 16:50:47 INFO Utils: Successfully started service 'org.apache.spark.network.netty.NettyBlockTransferService' on port 35765.
[2024-12-09T16:50:47.299+0000] {spark_submit.py:634} INFO - 24/12/09 16:50:47 INFO NettyBlockTransferService: Server created on 2a892a3469ec:35765
[2024-12-09T16:50:47.301+0000] {spark_submit.py:634} INFO - 24/12/09 16:50:47 INFO BlockManager: Using org.apache.spark.storage.RandomBlockReplicationPolicy for block replication policy
[2024-12-09T16:50:47.324+0000] {spark_submit.py:634} INFO - 24/12/09 16:50:47 INFO StandaloneAppClient$ClientEndpoint: Executor added: app-20241209165047-0000/0 on worker-20241209165011-172.18.0.7-33487 (172.18.0.7:33487) with 2 core(s)
[2024-12-09T16:50:47.326+0000] {spark_submit.py:634} INFO - 24/12/09 16:50:47 INFO StandaloneSchedulerBackend: Granted executor ID app-20241209165047-0000/0 on hostPort 172.18.0.7:33487 with 2 core(s), 1024.0 MiB RAM
[2024-12-09T16:50:47.327+0000] {spark_submit.py:634} INFO - 24/12/09 16:50:47 INFO BlockManagerMaster: Registering BlockManager BlockManagerId(driver, 2a892a3469ec, 35765, None)
[2024-12-09T16:50:47.328+0000] {spark_submit.py:634} INFO - 24/12/09 16:50:47 INFO BlockManagerMasterEndpoint: Registering block manager 2a892a3469ec:35765 with 434.4 MiB RAM, BlockManagerId(driver, 2a892a3469ec, 35765, None)
[2024-12-09T16:50:47.330+0000] {spark_submit.py:634} INFO - 24/12/09 16:50:47 INFO BlockManagerMaster: Registered BlockManager BlockManagerId(driver, 2a892a3469ec, 35765, None)
[2024-12-09T16:50:47.332+0000] {spark_submit.py:634} INFO - 24/12/09 16:50:47 INFO BlockManager: Initialized BlockManager: BlockManagerId(driver, 2a892a3469ec, 35765, None)
[2024-12-09T16:50:47.576+0000] {spark_submit.py:634} INFO - 24/12/09 16:50:47 INFO StandaloneSchedulerBackend: SchedulerBackend is ready for scheduling beginning after reached minRegisteredResourcesRatio: 0.0
[2024-12-09T16:50:47.636+0000] {spark_submit.py:634} INFO - 24/12/09 16:50:47 INFO StandaloneAppClient$ClientEndpoint: Executor updated: app-20241209165047-0000/0 is now RUNNING
[2024-12-09T16:50:48.256+0000] {spark_submit.py:634} INFO - 24/12/09 16:50:48 INFO SparkContext: Starting job: collect at wordcount.scala:14
[2024-12-09T16:50:48.893+0000] {spark_submit.py:634} INFO - 24/12/09 16:50:48 INFO DAGScheduler: Registering RDD 2 (map at wordcount.scala:11) as input to shuffle 0
[2024-12-09T16:50:48.897+0000] {spark_submit.py:634} INFO - 24/12/09 16:50:48 INFO DAGScheduler: Got job 0 (collect at wordcount.scala:14) with 2 output partitions
[2024-12-09T16:50:48.898+0000] {spark_submit.py:634} INFO - 24/12/09 16:50:48 INFO DAGScheduler: Final stage: ResultStage 1 (collect at wordcount.scala:14)
[2024-12-09T16:50:48.899+0000] {spark_submit.py:634} INFO - 24/12/09 16:50:48 INFO DAGScheduler: Parents of final stage: List(ShuffleMapStage 0)
[2024-12-09T16:50:48.900+0000] {spark_submit.py:634} INFO - 24/12/09 16:50:48 INFO DAGScheduler: Missing parents: List(ShuffleMapStage 0)
[2024-12-09T16:50:48.906+0000] {spark_submit.py:634} INFO - 24/12/09 16:50:48 INFO DAGScheduler: Submitting ShuffleMapStage 0 (MapPartitionsRDD[2] at map at wordcount.scala:11), which has no missing parents
[2024-12-09T16:50:48.986+0000] {spark_submit.py:634} INFO - 24/12/09 16:50:48 INFO MemoryStore: Block broadcast_0 stored as values in memory (estimated size 5.5 KiB, free 434.4 MiB)
[2024-12-09T16:50:49.002+0000] {spark_submit.py:634} INFO - 24/12/09 16:50:49 INFO MemoryStore: Block broadcast_0_piece0 stored as bytes in memory (estimated size 3.2 KiB, free 434.4 MiB)
[2024-12-09T16:50:49.003+0000] {spark_submit.py:634} INFO - 24/12/09 16:50:49 INFO BlockManagerInfo: Added broadcast_0_piece0 in memory on 2a892a3469ec:35765 (size: 3.2 KiB, free: 434.4 MiB)
[2024-12-09T16:50:49.006+0000] {spark_submit.py:634} INFO - 24/12/09 16:50:49 INFO SparkContext: Created broadcast 0 from broadcast at DAGScheduler.scala:1585
[2024-12-09T16:50:49.019+0000] {spark_submit.py:634} INFO - 24/12/09 16:50:49 INFO DAGScheduler: Submitting 2 missing tasks from ShuffleMapStage 0 (MapPartitionsRDD[2] at map at wordcount.scala:11) (first 15 tasks are for partitions Vector(0, 1))
[2024-12-09T16:50:49.021+0000] {spark_submit.py:634} INFO - 24/12/09 16:50:49 INFO TaskSchedulerImpl: Adding task set 0.0 with 2 tasks resource profile 0
[2024-12-09T16:50:50.029+0000] {spark_submit.py:634} INFO - 24/12/09 16:50:50 INFO StandaloneSchedulerBackend$StandaloneDriverEndpoint: Registered executor NettyRpcEndpointRef(spark-client://Executor) (172.18.0.7:50270) with ID 0,  ResourceProfileId 0
[2024-12-09T16:50:50.082+0000] {spark_submit.py:634} INFO - 24/12/09 16:50:50 INFO BlockManagerMasterEndpoint: Registering block manager 172.18.0.7:44383 with 434.4 MiB RAM, BlockManagerId(0, 172.18.0.7, 44383, None)
[2024-12-09T16:50:50.169+0000] {spark_submit.py:634} INFO - 24/12/09 16:50:50 INFO TaskSetManager: Starting task 0.0 in stage 0.0 (TID 0) (172.18.0.7, executor 0, partition 0, PROCESS_LOCAL, 9198 bytes)
[2024-12-09T16:50:50.170+0000] {spark_submit.py:634} INFO - 24/12/09 16:50:50 INFO TaskSetManager: Starting task 1.0 in stage 0.0 (TID 1) (172.18.0.7, executor 0, partition 1, PROCESS_LOCAL, 9213 bytes)
[2024-12-09T16:50:50.423+0000] {spark_submit.py:634} INFO - 24/12/09 16:50:50 INFO BlockManagerInfo: Added broadcast_0_piece0 in memory on 172.18.0.7:44383 (size: 3.2 KiB, free: 434.4 MiB)
[2024-12-09T16:50:50.767+0000] {spark_submit.py:634} INFO - 24/12/09 16:50:50 INFO TaskSetManager: Finished task 1.0 in stage 0.0 (TID 1) in 596 ms on 172.18.0.7 (executor 0) (1/2)
[2024-12-09T16:50:50.769+0000] {spark_submit.py:634} INFO - 24/12/09 16:50:50 INFO TaskSetManager: Finished task 0.0 in stage 0.0 (TID 0) in 606 ms on 172.18.0.7 (executor 0) (2/2)
[2024-12-09T16:50:50.770+0000] {spark_submit.py:634} INFO - 24/12/09 16:50:50 INFO TaskSchedulerImpl: Removed TaskSet 0.0, whose tasks have all completed, from pool
[2024-12-09T16:50:50.774+0000] {spark_submit.py:634} INFO - 24/12/09 16:50:50 INFO DAGScheduler: ShuffleMapStage 0 (map at wordcount.scala:11) finished in 1.851 s
[2024-12-09T16:50:50.775+0000] {spark_submit.py:634} INFO - 24/12/09 16:50:50 INFO DAGScheduler: looking for newly runnable stages
[2024-12-09T16:50:50.775+0000] {spark_submit.py:634} INFO - 24/12/09 16:50:50 INFO DAGScheduler: running: Set()
[2024-12-09T16:50:50.776+0000] {spark_submit.py:634} INFO - 24/12/09 16:50:50 INFO DAGScheduler: waiting: Set(ResultStage 1)
[2024-12-09T16:50:50.776+0000] {spark_submit.py:634} INFO - 24/12/09 16:50:50 INFO DAGScheduler: failed: Set()
[2024-12-09T16:50:50.778+0000] {spark_submit.py:634} INFO - 24/12/09 16:50:50 INFO DAGScheduler: Submitting ResultStage 1 (ShuffledRDD[3] at reduceByKey at wordcount.scala:12), which has no missing parents
[2024-12-09T16:50:50.786+0000] {spark_submit.py:634} INFO - 24/12/09 16:50:50 INFO MemoryStore: Block broadcast_1 stored as values in memory (estimated size 5.2 KiB, free 434.4 MiB)
[2024-12-09T16:50:50.794+0000] {spark_submit.py:634} INFO - 24/12/09 16:50:50 INFO MemoryStore: Block broadcast_1_piece0 stored as bytes in memory (estimated size 3.1 KiB, free 434.4 MiB)
[2024-12-09T16:50:50.795+0000] {spark_submit.py:634} INFO - 24/12/09 16:50:50 INFO BlockManagerInfo: Added broadcast_1_piece0 in memory on 2a892a3469ec:35765 (size: 3.1 KiB, free: 434.4 MiB)
[2024-12-09T16:50:50.798+0000] {spark_submit.py:634} INFO - 24/12/09 16:50:50 INFO SparkContext: Created broadcast 1 from broadcast at DAGScheduler.scala:1585
[2024-12-09T16:50:50.801+0000] {spark_submit.py:634} INFO - 24/12/09 16:50:50 INFO DAGScheduler: Submitting 2 missing tasks from ResultStage 1 (ShuffledRDD[3] at reduceByKey at wordcount.scala:12) (first 15 tasks are for partitions Vector(0, 1))
[2024-12-09T16:50:50.802+0000] {spark_submit.py:634} INFO - 24/12/09 16:50:50 INFO TaskSchedulerImpl: Adding task set 1.0 with 2 tasks resource profile 0
[2024-12-09T16:50:50.807+0000] {spark_submit.py:634} INFO - 24/12/09 16:50:50 INFO TaskSetManager: Starting task 0.0 in stage 1.0 (TID 2) (172.18.0.7, executor 0, partition 0, NODE_LOCAL, 9003 bytes)
[2024-12-09T16:50:50.808+0000] {spark_submit.py:634} INFO - 24/12/09 16:50:50 INFO TaskSetManager: Starting task 1.0 in stage 1.0 (TID 3) (172.18.0.7, executor 0, partition 1, NODE_LOCAL, 9003 bytes)
[2024-12-09T16:50:50.827+0000] {spark_submit.py:634} INFO - 24/12/09 16:50:50 INFO BlockManagerInfo: Added broadcast_1_piece0 in memory on 172.18.0.7:44383 (size: 3.1 KiB, free: 434.4 MiB)
[2024-12-09T16:50:50.860+0000] {spark_submit.py:634} INFO - 24/12/09 16:50:50 INFO MapOutputTrackerMasterEndpoint: Asked to send map output locations for shuffle 0 to 172.18.0.7:50270
[2024-12-09T16:50:51.005+0000] {spark_submit.py:634} INFO - 24/12/09 16:50:51 INFO TaskSetManager: Finished task 0.0 in stage 1.0 (TID 2) in 196 ms on 172.18.0.7 (executor 0) (1/2)
[2024-12-09T16:50:51.024+0000] {spark_submit.py:634} INFO - 24/12/09 16:50:51 INFO TaskSetManager: Finished task 1.0 in stage 1.0 (TID 3) in 213 ms on 172.18.0.7 (executor 0) (2/2)
[2024-12-09T16:50:51.024+0000] {spark_submit.py:634} INFO - 24/12/09 16:50:51 INFO TaskSchedulerImpl: Removed TaskSet 1.0, whose tasks have all completed, from pool
[2024-12-09T16:50:51.026+0000] {spark_submit.py:634} INFO - 24/12/09 16:50:51 INFO DAGScheduler: ResultStage 1 (collect at wordcount.scala:14) finished in 0.240 s
[2024-12-09T16:50:51.033+0000] {spark_submit.py:634} INFO - 24/12/09 16:50:51 INFO DAGScheduler: Job 0 is finished. Cancelling potential speculative or zombie tasks for this job
[2024-12-09T16:50:51.034+0000] {spark_submit.py:634} INFO - 24/12/09 16:50:51 INFO TaskSchedulerImpl: Killing all running tasks in stage 1: Stage finished
[2024-12-09T16:50:51.039+0000] {spark_submit.py:634} INFO - 24/12/09 16:50:51 INFO DAGScheduler: Job 0 finished: collect at wordcount.scala:14, took 2.782600 s
[2024-12-09T16:50:51.046+0000] {spark_submit.py:634} INFO - (Hello,5)
[2024-12-09T16:50:51.048+0000] {spark_submit.py:634} INFO - (Yusuf,1)
[2024-12-09T16:50:51.049+0000] {spark_submit.py:634} INFO - (World,1)
[2024-12-09T16:50:51.050+0000] {spark_submit.py:634} INFO - (Scala,1)
[2024-12-09T16:50:51.050+0000] {spark_submit.py:634} INFO - (Docker,1)
[2024-12-09T16:50:51.051+0000] {spark_submit.py:634} INFO - (spark,1)
[2024-12-09T16:50:51.051+0000] {spark_submit.py:634} INFO - 24/12/09 16:50:51 INFO SparkContext: SparkContext is stopping with exitCode 0.
[2024-12-09T16:50:51.068+0000] {spark_submit.py:634} INFO - 24/12/09 16:50:51 INFO SparkUI: Stopped Spark web UI at http://2a892a3469ec:4040
[2024-12-09T16:50:51.075+0000] {spark_submit.py:634} INFO - 24/12/09 16:50:51 INFO StandaloneSchedulerBackend: Shutting down all executors
[2024-12-09T16:50:51.076+0000] {spark_submit.py:634} INFO - 24/12/09 16:50:51 INFO StandaloneSchedulerBackend$StandaloneDriverEndpoint: Asking each executor to shut down
[2024-12-09T16:50:51.108+0000] {spark_submit.py:634} INFO - 24/12/09 16:50:51 INFO MapOutputTrackerMasterEndpoint: MapOutputTrackerMasterEndpoint stopped!
[2024-12-09T16:50:51.149+0000] {spark_submit.py:634} INFO - 24/12/09 16:50:51 INFO MemoryStore: MemoryStore cleared
[2024-12-09T16:50:51.150+0000] {spark_submit.py:634} INFO - 24/12/09 16:50:51 INFO BlockManager: BlockManager stopped
[2024-12-09T16:50:51.161+0000] {spark_submit.py:634} INFO - 24/12/09 16:50:51 INFO BlockManagerMaster: BlockManagerMaster stopped
[2024-12-09T16:50:51.180+0000] {spark_submit.py:634} INFO - 24/12/09 16:50:51 INFO OutputCommitCoordinator$OutputCommitCoordinatorEndpoint: OutputCommitCoordinator stopped!
[2024-12-09T16:50:51.271+0000] {spark_submit.py:634} INFO - 24/12/09 16:50:51 INFO SparkContext: Successfully stopped SparkContext
[2024-12-09T16:50:51.290+0000] {spark_submit.py:634} INFO - 24/12/09 16:50:51 INFO ShutdownHookManager: Shutdown hook called
[2024-12-09T16:50:51.292+0000] {spark_submit.py:634} INFO - 24/12/09 16:50:51 INFO ShutdownHookManager: Deleting directory /tmp/spark-2c565237-d708-4eb7-9aa9-55e0bc1bd79d
[2024-12-09T16:50:51.295+0000] {spark_submit.py:634} INFO - 24/12/09 16:50:51 INFO ShutdownHookManager: Deleting directory /tmp/spark-1891bde5-11a4-4c7e-ae34-e0adab1ec9b1
[2024-12-09T16:50:51.424+0000] {taskinstance.py:340} INFO - ::group::Post task execution logs
[2024-12-09T16:50:51.427+0000] {taskinstance.py:352} INFO - Marking task as SUCCESS. dag_id=sparking_flow, task_id=scala_job, run_id=manual__2024-12-09T16:50:41.226084+00:00, execution_date=20241209T165041, start_date=20241209T165043, end_date=20241209T165051
[2024-12-09T16:50:51.474+0000] {local_task_job_runner.py:266} INFO - Task exited with return code 0
[2024-12-09T16:50:51.513+0000] {taskinstance.py:3895} INFO - 0 downstream tasks scheduled from follow-on schedule check
[2024-12-09T16:50:51.515+0000] {local_task_job_runner.py:245} INFO - ::endgroup::
