[2024-12-09T11:38:31.015+0000] {local_task_job_runner.py:123} INFO - ::group::Pre task execution logs
[2024-12-09T11:38:31.028+0000] {taskinstance.py:2613} INFO - Dependencies all met for dep_context=non-requeueable deps ti=<TaskInstance: sparking_flow.python_job manual__2024-12-09T11:38:28.738086+00:00 [queued]>
[2024-12-09T11:38:31.034+0000] {taskinstance.py:2613} INFO - Dependencies all met for dep_context=requeueable deps ti=<TaskInstance: sparking_flow.python_job manual__2024-12-09T11:38:28.738086+00:00 [queued]>
[2024-12-09T11:38:31.034+0000] {taskinstance.py:2866} INFO - Starting attempt 1 of 1
[2024-12-09T11:38:31.043+0000] {taskinstance.py:2889} INFO - Executing <Task(SparkSubmitOperator): python_job> on 2024-12-09 11:38:28.738086+00:00
[2024-12-09T11:38:31.050+0000] {logging_mixin.py:190} WARNING - /home/***/.local/lib/python3.12/site-packages/***/task/task_runner/standard_task_runner.py:70 DeprecationWarning: This process (pid=186) is multi-threaded, use of fork() may lead to deadlocks in the child.
[2024-12-09T11:38:31.052+0000] {standard_task_runner.py:72} INFO - Started process 190 to run task
[2024-12-09T11:38:31.050+0000] {standard_task_runner.py:104} INFO - Running: ['***', 'tasks', 'run', 'sparking_flow', 'python_job', 'manual__2024-12-09T11:38:28.738086+00:00', '--job-id', '362', '--raw', '--subdir', 'DAGS_FOLDER/spark_***.py', '--cfg-path', '/tmp/tmpxcapor5s']
[2024-12-09T11:38:31.053+0000] {standard_task_runner.py:105} INFO - Job 362: Subtask python_job
[2024-12-09T11:38:31.096+0000] {task_command.py:467} INFO - Running <TaskInstance: sparking_flow.python_job manual__2024-12-09T11:38:28.738086+00:00 [running]> on host 2a892a3469ec
[2024-12-09T11:38:31.165+0000] {taskinstance.py:3132} INFO - Exporting env vars: AIRFLOW_CTX_DAG_OWNER='Yusuf Ganiyu' AIRFLOW_CTX_DAG_ID='sparking_flow' AIRFLOW_CTX_TASK_ID='python_job' AIRFLOW_CTX_EXECUTION_DATE='2024-12-09T11:38:28.738086+00:00' AIRFLOW_CTX_TRY_NUMBER='1' AIRFLOW_CTX_DAG_RUN_ID='manual__2024-12-09T11:38:28.738086+00:00'
[2024-12-09T11:38:31.166+0000] {taskinstance.py:731} INFO - ::endgroup::
[2024-12-09T11:38:31.185+0000] {base.py:84} INFO - Retrieving connection 'spark-conn'
[2024-12-09T11:38:31.186+0000] {spark_submit.py:473} INFO - Spark-Submit cmd: spark-submit --master spark://sparkingflow-spark-master-1:7077 --name arrow-spark --deploy-mode client jobs/python/wordcountjob.py
[2024-12-09T11:38:35.637+0000] {spark_submit.py:634} INFO - Downloading to: /tmp/test1234.csv
[2024-12-09T11:38:35.645+0000] {spark_submit.py:634} INFO - File downloaded to /tmp/test1234.csv
[2024-12-09T11:38:35.842+0000] {spark_submit.py:634} INFO - 24/12/09 11:38:35 INFO SparkContext: Running Spark version 3.5.3
[2024-12-09T11:38:35.847+0000] {spark_submit.py:634} INFO - 24/12/09 11:38:35 INFO SparkContext: OS info Linux, 6.10.14-linuxkit, aarch64
[2024-12-09T11:38:35.852+0000] {spark_submit.py:634} INFO - 24/12/09 11:38:35 INFO SparkContext: Java version 17.0.13
[2024-12-09T11:38:35.961+0000] {spark_submit.py:634} INFO - 24/12/09 11:38:35 WARN NativeCodeLoader: Unable to load native-hadoop library for your platform... using builtin-java classes where applicable
[2024-12-09T11:38:36.192+0000] {spark_submit.py:634} INFO - 24/12/09 11:38:36 INFO ResourceUtils: ==============================================================
[2024-12-09T11:38:36.199+0000] {spark_submit.py:634} INFO - 24/12/09 11:38:36 INFO ResourceUtils: No custom resources configured for spark.driver.
[2024-12-09T11:38:36.202+0000] {spark_submit.py:634} INFO - 24/12/09 11:38:36 INFO ResourceUtils: ==============================================================
[2024-12-09T11:38:36.212+0000] {spark_submit.py:634} INFO - 24/12/09 11:38:36 INFO SparkContext: Submitted application: CSVReadExample
[2024-12-09T11:38:36.273+0000] {spark_submit.py:634} INFO - 24/12/09 11:38:36 INFO ResourceProfile: Default ResourceProfile created, executor resources: Map(memory -> name: memory, amount: 1024, script: , vendor: , offHeap -> name: offHeap, amount: 0, script: , vendor: ), task resources: Map(cpus -> name: cpus, amount: 1.0)
[2024-12-09T11:38:36.286+0000] {spark_submit.py:634} INFO - 24/12/09 11:38:36 INFO ResourceProfile: Limiting resource is cpu
[2024-12-09T11:38:36.287+0000] {spark_submit.py:634} INFO - 24/12/09 11:38:36 INFO ResourceProfileManager: Added ResourceProfile id: 0
[2024-12-09T11:38:36.385+0000] {spark_submit.py:634} INFO - 24/12/09 11:38:36 INFO SecurityManager: Changing view acls to: ***
[2024-12-09T11:38:36.392+0000] {spark_submit.py:634} INFO - 24/12/09 11:38:36 INFO SecurityManager: Changing modify acls to: ***
[2024-12-09T11:38:36.393+0000] {spark_submit.py:634} INFO - 24/12/09 11:38:36 INFO SecurityManager: Changing view acls groups to:
[2024-12-09T11:38:36.394+0000] {spark_submit.py:634} INFO - 24/12/09 11:38:36 INFO SecurityManager: Changing modify acls groups to:
[2024-12-09T11:38:36.395+0000] {spark_submit.py:634} INFO - 24/12/09 11:38:36 INFO SecurityManager: SecurityManager: authentication disabled; ui acls disabled; users with view permissions: ***; groups with view permissions: EMPTY; users with modify permissions: ***; groups with modify permissions: EMPTY
[2024-12-09T11:38:36.924+0000] {spark_submit.py:634} INFO - 24/12/09 11:38:36 INFO Utils: Successfully started service 'sparkDriver' on port 46349.
[2024-12-09T11:38:36.978+0000] {spark_submit.py:634} INFO - 24/12/09 11:38:36 INFO SparkEnv: Registering MapOutputTracker
[2024-12-09T11:38:37.054+0000] {spark_submit.py:634} INFO - 24/12/09 11:38:37 INFO SparkEnv: Registering BlockManagerMaster
[2024-12-09T11:38:37.093+0000] {spark_submit.py:634} INFO - 24/12/09 11:38:37 INFO BlockManagerMasterEndpoint: Using org.apache.spark.storage.DefaultTopologyMapper for getting topology information
[2024-12-09T11:38:37.097+0000] {spark_submit.py:634} INFO - 24/12/09 11:38:37 INFO BlockManagerMasterEndpoint: BlockManagerMasterEndpoint up
[2024-12-09T11:38:37.103+0000] {spark_submit.py:634} INFO - 24/12/09 11:38:37 INFO SparkEnv: Registering BlockManagerMasterHeartbeat
[2024-12-09T11:38:37.144+0000] {spark_submit.py:634} INFO - 24/12/09 11:38:37 INFO DiskBlockManager: Created local directory at /tmp/blockmgr-46562345-5ee1-47c4-8973-2e9f2a468e42
[2024-12-09T11:38:37.169+0000] {spark_submit.py:634} INFO - 24/12/09 11:38:37 INFO MemoryStore: MemoryStore started with capacity 434.4 MiB
[2024-12-09T11:38:37.204+0000] {spark_submit.py:634} INFO - 24/12/09 11:38:37 INFO SparkEnv: Registering OutputCommitCoordinator
[2024-12-09T11:38:37.521+0000] {spark_submit.py:634} INFO - 24/12/09 11:38:37 INFO JettyUtils: Start Jetty 0.0.0.0:4040 for SparkUI
[2024-12-09T11:38:37.673+0000] {spark_submit.py:634} INFO - 24/12/09 11:38:37 INFO Utils: Successfully started service 'SparkUI' on port 4040.
[2024-12-09T11:38:37.926+0000] {spark_submit.py:634} INFO - 24/12/09 11:38:37 INFO StandaloneAppClient$ClientEndpoint: Connecting to master spark://sparkingflow-spark-master-1:7077...
[2024-12-09T11:38:38.019+0000] {spark_submit.py:634} INFO - 24/12/09 11:38:38 INFO TransportClientFactory: Successfully created connection to sparkingflow-spark-master-1/172.18.0.5:7077 after 53 ms (0 ms spent in bootstraps)
[2024-12-09T11:38:38.165+0000] {spark_submit.py:634} INFO - 24/12/09 11:38:38 INFO StandaloneSchedulerBackend: Connected to Spark cluster with app ID app-20241209113838-0001
[2024-12-09T11:38:38.181+0000] {spark_submit.py:634} INFO - 24/12/09 11:38:38 INFO Utils: Successfully started service 'org.apache.spark.network.netty.NettyBlockTransferService' on port 36131.
[2024-12-09T11:38:38.183+0000] {spark_submit.py:634} INFO - 24/12/09 11:38:38 INFO NettyBlockTransferService: Server created on 2a892a3469ec:36131
[2024-12-09T11:38:38.185+0000] {spark_submit.py:634} INFO - 24/12/09 11:38:38 INFO BlockManager: Using org.apache.spark.storage.RandomBlockReplicationPolicy for block replication policy
[2024-12-09T11:38:38.195+0000] {spark_submit.py:634} INFO - 24/12/09 11:38:38 INFO BlockManagerMaster: Registering BlockManager BlockManagerId(driver, 2a892a3469ec, 36131, None)
[2024-12-09T11:38:38.199+0000] {spark_submit.py:634} INFO - 24/12/09 11:38:38 INFO BlockManagerMasterEndpoint: Registering block manager 2a892a3469ec:36131 with 434.4 MiB RAM, BlockManagerId(driver, 2a892a3469ec, 36131, None)
[2024-12-09T11:38:38.204+0000] {spark_submit.py:634} INFO - 24/12/09 11:38:38 INFO BlockManagerMaster: Registered BlockManager BlockManagerId(driver, 2a892a3469ec, 36131, None)
[2024-12-09T11:38:38.205+0000] {spark_submit.py:634} INFO - 24/12/09 11:38:38 INFO BlockManager: Initialized BlockManager: BlockManagerId(driver, 2a892a3469ec, 36131, None)
[2024-12-09T11:38:38.501+0000] {spark_submit.py:634} INFO - 24/12/09 11:38:38 INFO StandaloneSchedulerBackend: SchedulerBackend is ready for scheduling beginning after reached minRegisteredResourcesRatio: 0.0
[2024-12-09T11:38:38.824+0000] {spark_submit.py:634} INFO - 24/12/09 11:38:38 INFO SparkContext: Added file /tmp/test1234.csv at spark://2a892a3469ec:46349/files/test1234.csv with timestamp 1733744318823
[2024-12-09T11:38:38.825+0000] {spark_submit.py:634} INFO - 24/12/09 11:38:38 INFO Utils: Copying /tmp/test1234.csv to /tmp/spark-91882653-8c82-4bcc-8e62-4374eb2343b0/userFiles-cb7292fc-6d50-4c8b-b7b7-20126f2577f7/test1234.csv
[2024-12-09T11:38:38.846+0000] {spark_submit.py:634} INFO - Resolved file path by Spark: /tmp/spark-91882653-8c82-4bcc-8e62-4374eb2343b0/userFiles-cb7292fc-6d50-4c8b-b7b7-20126f2577f7/test1234.csv
[2024-12-09T11:38:38.855+0000] {spark_submit.py:634} INFO - 24/12/09 11:38:38 INFO SharedState: Setting hive.metastore.warehouse.dir ('null') to the value of spark.sql.warehouse.dir.
[2024-12-09T11:38:38.860+0000] {spark_submit.py:634} INFO - 24/12/09 11:38:38 INFO SharedState: Warehouse path is 'file:/opt/***/spark-warehouse'.
[2024-12-09T11:38:40.016+0000] {spark_submit.py:634} INFO - 24/12/09 11:38:40 INFO InMemoryFileIndex: It took 46 ms to list leaf files for 1 paths.
[2024-12-09T11:38:40.088+0000] {spark_submit.py:634} INFO - 24/12/09 11:38:40 INFO InMemoryFileIndex: It took 2 ms to list leaf files for 1 paths.
[2024-12-09T11:38:41.719+0000] {spark_submit.py:634} INFO - 24/12/09 11:38:41 INFO StandaloneAppClient$ClientEndpoint: Executor added: app-20241209113838-0001/0 on worker-20241209113754-172.18.0.7-35329 (172.18.0.7:35329) with 2 core(s)
[2024-12-09T11:38:41.734+0000] {spark_submit.py:634} INFO - 24/12/09 11:38:41 INFO StandaloneSchedulerBackend: Granted executor ID app-20241209113838-0001/0 on hostPort 172.18.0.7:35329 with 2 core(s), 1024.0 MiB RAM
[2024-12-09T11:38:41.828+0000] {spark_submit.py:634} INFO - 24/12/09 11:38:41 INFO StandaloneAppClient$ClientEndpoint: Executor updated: app-20241209113838-0001/0 is now RUNNING
[2024-12-09T11:38:43.286+0000] {spark_submit.py:634} INFO - 24/12/09 11:38:43 INFO FileSourceStrategy: Pushed Filters:
[2024-12-09T11:38:43.290+0000] {spark_submit.py:634} INFO - 24/12/09 11:38:43 INFO FileSourceStrategy: Post-Scan Filters: (length(trim(value#0, None)) > 0)
[2024-12-09T11:38:43.945+0000] {spark_submit.py:634} INFO - 24/12/09 11:38:43 INFO CodeGenerator: Code generated in 273.68975 ms
[2024-12-09T11:38:44.001+0000] {spark_submit.py:634} INFO - 24/12/09 11:38:44 INFO MemoryStore: Block broadcast_0 stored as values in memory (estimated size 199.6 KiB, free 434.2 MiB)
[2024-12-09T11:38:44.072+0000] {spark_submit.py:634} INFO - 24/12/09 11:38:44 INFO MemoryStore: Block broadcast_0_piece0 stored as bytes in memory (estimated size 34.3 KiB, free 434.2 MiB)
[2024-12-09T11:38:44.076+0000] {spark_submit.py:634} INFO - 24/12/09 11:38:44 INFO BlockManagerInfo: Added broadcast_0_piece0 in memory on 2a892a3469ec:36131 (size: 34.3 KiB, free: 434.4 MiB)
[2024-12-09T11:38:44.083+0000] {spark_submit.py:634} INFO - 24/12/09 11:38:44 INFO SparkContext: Created broadcast 0 from csv at NativeMethodAccessorImpl.java:0
[2024-12-09T11:38:44.100+0000] {spark_submit.py:634} INFO - 24/12/09 11:38:44 INFO FileSourceScanExec: Planning scan with bin packing, max size: 4194304 bytes, open cost is considered as scanning 4194304 bytes.
[2024-12-09T11:38:44.214+0000] {spark_submit.py:634} INFO - 24/12/09 11:38:44 INFO SparkContext: Starting job: csv at NativeMethodAccessorImpl.java:0
[2024-12-09T11:38:44.239+0000] {spark_submit.py:634} INFO - 24/12/09 11:38:44 INFO DAGScheduler: Got job 0 (csv at NativeMethodAccessorImpl.java:0) with 1 output partitions
[2024-12-09T11:38:44.241+0000] {spark_submit.py:634} INFO - 24/12/09 11:38:44 INFO DAGScheduler: Final stage: ResultStage 0 (csv at NativeMethodAccessorImpl.java:0)
[2024-12-09T11:38:44.242+0000] {spark_submit.py:634} INFO - 24/12/09 11:38:44 INFO DAGScheduler: Parents of final stage: List()
[2024-12-09T11:38:44.244+0000] {spark_submit.py:634} INFO - 24/12/09 11:38:44 INFO DAGScheduler: Missing parents: List()
[2024-12-09T11:38:44.245+0000] {spark_submit.py:634} INFO - 24/12/09 11:38:44 INFO DAGScheduler: Submitting ResultStage 0 (MapPartitionsRDD[3] at csv at NativeMethodAccessorImpl.java:0), which has no missing parents
[2024-12-09T11:38:44.324+0000] {spark_submit.py:634} INFO - 24/12/09 11:38:44 INFO MemoryStore: Block broadcast_1 stored as values in memory (estimated size 13.5 KiB, free 434.2 MiB)
[2024-12-09T11:38:44.339+0000] {spark_submit.py:634} INFO - 24/12/09 11:38:44 INFO MemoryStore: Block broadcast_1_piece0 stored as bytes in memory (estimated size 6.4 KiB, free 434.2 MiB)
[2024-12-09T11:38:44.340+0000] {spark_submit.py:634} INFO - 24/12/09 11:38:44 INFO BlockManagerInfo: Added broadcast_1_piece0 in memory on 2a892a3469ec:36131 (size: 6.4 KiB, free: 434.4 MiB)
[2024-12-09T11:38:44.342+0000] {spark_submit.py:634} INFO - 24/12/09 11:38:44 INFO SparkContext: Created broadcast 1 from broadcast at DAGScheduler.scala:1585
[2024-12-09T11:38:44.399+0000] {spark_submit.py:634} INFO - 24/12/09 11:38:44 INFO DAGScheduler: Submitting 1 missing tasks from ResultStage 0 (MapPartitionsRDD[3] at csv at NativeMethodAccessorImpl.java:0) (first 15 tasks are for partitions Vector(0))
[2024-12-09T11:38:44.404+0000] {spark_submit.py:634} INFO - 24/12/09 11:38:44 INFO TaskSchedulerImpl: Adding task set 0.0 with 1 tasks resource profile 0
[2024-12-09T11:38:44.700+0000] {spark_submit.py:634} INFO - 24/12/09 11:38:44 INFO StandaloneSchedulerBackend$StandaloneDriverEndpoint: Registered executor NettyRpcEndpointRef(spark-client://Executor) (172.18.0.7:36158) with ID 0,  ResourceProfileId 0
[2024-12-09T11:38:44.771+0000] {spark_submit.py:634} INFO - 24/12/09 11:38:44 INFO BlockManagerMasterEndpoint: Registering block manager 172.18.0.7:36755 with 434.4 MiB RAM, BlockManagerId(0, 172.18.0.7, 36755, None)
[2024-12-09T11:38:44.827+0000] {spark_submit.py:634} INFO - 24/12/09 11:38:44 INFO TaskSetManager: Starting task 0.0 in stage 0.0 (TID 0) (172.18.0.7, executor 0, partition 0, PROCESS_LOCAL, 9762 bytes)
[2024-12-09T11:38:45.102+0000] {spark_submit.py:634} INFO - 24/12/09 11:38:45 INFO BlockManagerInfo: Added broadcast_1_piece0 in memory on 172.18.0.7:36755 (size: 6.4 KiB, free: 434.4 MiB)
[2024-12-09T11:38:45.717+0000] {spark_submit.py:634} INFO - 24/12/09 11:38:45 INFO BlockManagerInfo: Added broadcast_0_piece0 in memory on 172.18.0.7:36755 (size: 34.3 KiB, free: 434.4 MiB)
[2024-12-09T11:38:46.082+0000] {spark_submit.py:634} INFO - 24/12/09 11:38:46 WARN TaskSetManager: Lost task 0.0 in stage 0.0 (TID 0) (172.18.0.7 executor 0): org.apache.spark.SparkFileNotFoundException: File file:/tmp/test1234.csv does not exist
[2024-12-09T11:38:46.084+0000] {spark_submit.py:634} INFO - It is possible the underlying files have been updated. You can explicitly invalidate the cache in Spark by running 'REFRESH TABLE tableName' command in SQL or by recreating the Dataset/DataFrame involved.
[2024-12-09T11:38:46.084+0000] {spark_submit.py:634} INFO - at org.apache.spark.sql.errors.QueryExecutionErrors$.readCurrentFileNotFoundError(QueryExecutionErrors.scala:781)
[2024-12-09T11:38:46.084+0000] {spark_submit.py:634} INFO - at org.apache.spark.sql.execution.datasources.FileScanRDD$$anon$1.org$apache$spark$sql$execution$datasources$FileScanRDD$$anon$$readCurrentFile(FileScanRDD.scala:220)
[2024-12-09T11:38:46.085+0000] {spark_submit.py:634} INFO - at org.apache.spark.sql.execution.datasources.FileScanRDD$$anon$1.nextIterator(FileScanRDD.scala:279)
[2024-12-09T11:38:46.085+0000] {spark_submit.py:634} INFO - at org.apache.spark.sql.execution.datasources.FileScanRDD$$anon$1.hasNext(FileScanRDD.scala:129)
[2024-12-09T11:38:46.086+0000] {spark_submit.py:634} INFO - at scala.collection.Iterator$$anon$10.hasNext(Iterator.scala:460)
[2024-12-09T11:38:46.086+0000] {spark_submit.py:634} INFO - at org.apache.spark.sql.catalyst.expressions.GeneratedClass$GeneratedIteratorForCodegenStage1.processNext(Unknown Source)
[2024-12-09T11:38:46.087+0000] {spark_submit.py:634} INFO - at org.apache.spark.sql.execution.BufferedRowIterator.hasNext(BufferedRowIterator.java:43)
[2024-12-09T11:38:46.087+0000] {spark_submit.py:634} INFO - at org.apache.spark.sql.execution.WholeStageCodegenEvaluatorFactory$WholeStageCodegenPartitionEvaluator$$anon$1.hasNext(WholeStageCodegenEvaluatorFactory.scala:43)
[2024-12-09T11:38:46.088+0000] {spark_submit.py:634} INFO - at org.apache.spark.sql.execution.SparkPlan.$anonfun$getByteArrayRdd$1(SparkPlan.scala:388)
[2024-12-09T11:38:46.088+0000] {spark_submit.py:634} INFO - at org.apache.spark.rdd.RDD.$anonfun$mapPartitionsInternal$2(RDD.scala:893)
[2024-12-09T11:38:46.090+0000] {spark_submit.py:634} INFO - at org.apache.spark.rdd.RDD.$anonfun$mapPartitionsInternal$2$adapted(RDD.scala:893)
[2024-12-09T11:38:46.091+0000] {spark_submit.py:634} INFO - at org.apache.spark.rdd.MapPartitionsRDD.compute(MapPartitionsRDD.scala:52)
[2024-12-09T11:38:46.092+0000] {spark_submit.py:634} INFO - at org.apache.spark.rdd.RDD.computeOrReadCheckpoint(RDD.scala:367)
[2024-12-09T11:38:46.092+0000] {spark_submit.py:634} INFO - at org.apache.spark.rdd.RDD.iterator(RDD.scala:331)
[2024-12-09T11:38:46.092+0000] {spark_submit.py:634} INFO - at org.apache.spark.scheduler.ResultTask.runTask(ResultTask.scala:93)
[2024-12-09T11:38:46.093+0000] {spark_submit.py:634} INFO - at org.apache.spark.TaskContext.runTaskWithListeners(TaskContext.scala:166)
[2024-12-09T11:38:46.093+0000] {spark_submit.py:634} INFO - at org.apache.spark.scheduler.Task.run(Task.scala:141)
[2024-12-09T11:38:46.093+0000] {spark_submit.py:634} INFO - at org.apache.spark.executor.Executor$TaskRunner.$anonfun$run$4(Executor.scala:620)
[2024-12-09T11:38:46.093+0000] {spark_submit.py:634} INFO - at org.apache.spark.util.SparkErrorUtils.tryWithSafeFinally(SparkErrorUtils.scala:64)
[2024-12-09T11:38:46.094+0000] {spark_submit.py:634} INFO - at org.apache.spark.util.SparkErrorUtils.tryWithSafeFinally$(SparkErrorUtils.scala:61)
[2024-12-09T11:38:46.095+0000] {spark_submit.py:634} INFO - at org.apache.spark.util.Utils$.tryWithSafeFinally(Utils.scala:94)
[2024-12-09T11:38:46.095+0000] {spark_submit.py:634} INFO - at org.apache.spark.executor.Executor$TaskRunner.run(Executor.scala:623)
[2024-12-09T11:38:46.095+0000] {spark_submit.py:634} INFO - at java.base/java.util.concurrent.ThreadPoolExecutor.runWorker(ThreadPoolExecutor.java:1136)
[2024-12-09T11:38:46.096+0000] {spark_submit.py:634} INFO - at java.base/java.util.concurrent.ThreadPoolExecutor$Worker.run(ThreadPoolExecutor.java:635)
[2024-12-09T11:38:46.096+0000] {spark_submit.py:634} INFO - at java.base/java.lang.Thread.run(Thread.java:840)
[2024-12-09T11:38:46.097+0000] {spark_submit.py:634} INFO - 
[2024-12-09T11:38:46.097+0000] {spark_submit.py:634} INFO - 24/12/09 11:38:46 INFO TaskSetManager: Starting task 0.1 in stage 0.0 (TID 1) (172.18.0.7, executor 0, partition 0, PROCESS_LOCAL, 9762 bytes)
[2024-12-09T11:38:46.133+0000] {spark_submit.py:634} INFO - 24/12/09 11:38:46 INFO TaskSetManager: Lost task 0.1 in stage 0.0 (TID 1) on 172.18.0.7, executor 0: org.apache.spark.SparkFileNotFoundException (File file:/tmp/test1234.csv does not exist
[2024-12-09T11:38:46.134+0000] {spark_submit.py:634} INFO - It is possible the underlying files have been updated. You can explicitly invalidate the cache in Spark by running 'REFRESH TABLE tableName' command in SQL or by recreating the Dataset/DataFrame involved.) [duplicate 1]
[2024-12-09T11:38:46.135+0000] {spark_submit.py:634} INFO - 24/12/09 11:38:46 INFO TaskSetManager: Starting task 0.2 in stage 0.0 (TID 2) (172.18.0.7, executor 0, partition 0, PROCESS_LOCAL, 9762 bytes)
[2024-12-09T11:38:46.166+0000] {spark_submit.py:634} INFO - 24/12/09 11:38:46 INFO TaskSetManager: Lost task 0.2 in stage 0.0 (TID 2) on 172.18.0.7, executor 0: org.apache.spark.SparkFileNotFoundException (File file:/tmp/test1234.csv does not exist
[2024-12-09T11:38:46.167+0000] {spark_submit.py:634} INFO - It is possible the underlying files have been updated. You can explicitly invalidate the cache in Spark by running 'REFRESH TABLE tableName' command in SQL or by recreating the Dataset/DataFrame involved.) [duplicate 2]
[2024-12-09T11:38:46.170+0000] {spark_submit.py:634} INFO - 24/12/09 11:38:46 INFO TaskSetManager: Starting task 0.3 in stage 0.0 (TID 3) (172.18.0.7, executor 0, partition 0, PROCESS_LOCAL, 9762 bytes)
[2024-12-09T11:38:46.194+0000] {spark_submit.py:634} INFO - 24/12/09 11:38:46 INFO TaskSetManager: Lost task 0.3 in stage 0.0 (TID 3) on 172.18.0.7, executor 0: org.apache.spark.SparkFileNotFoundException (File file:/tmp/test1234.csv does not exist
[2024-12-09T11:38:46.195+0000] {spark_submit.py:634} INFO - It is possible the underlying files have been updated. You can explicitly invalidate the cache in Spark by running 'REFRESH TABLE tableName' command in SQL or by recreating the Dataset/DataFrame involved.) [duplicate 3]
[2024-12-09T11:38:46.195+0000] {spark_submit.py:634} INFO - 24/12/09 11:38:46 ERROR TaskSetManager: Task 0 in stage 0.0 failed 4 times; aborting job
[2024-12-09T11:38:46.198+0000] {spark_submit.py:634} INFO - 24/12/09 11:38:46 INFO TaskSchedulerImpl: Removed TaskSet 0.0, whose tasks have all completed, from pool
[2024-12-09T11:38:46.201+0000] {spark_submit.py:634} INFO - 24/12/09 11:38:46 INFO TaskSchedulerImpl: Cancelling stage 0
[2024-12-09T11:38:46.203+0000] {spark_submit.py:634} INFO - 24/12/09 11:38:46 INFO TaskSchedulerImpl: Killing all running tasks in stage 0: Stage cancelled: Job aborted due to stage failure: Task 0 in stage 0.0 failed 4 times, most recent failure: Lost task 0.3 in stage 0.0 (TID 3) (172.18.0.7 executor 0): org.apache.spark.SparkFileNotFoundException: File file:/tmp/test1234.csv does not exist
[2024-12-09T11:38:46.203+0000] {spark_submit.py:634} INFO - It is possible the underlying files have been updated. You can explicitly invalidate the cache in Spark by running 'REFRESH TABLE tableName' command in SQL or by recreating the Dataset/DataFrame involved.
[2024-12-09T11:38:46.205+0000] {spark_submit.py:634} INFO - at org.apache.spark.sql.errors.QueryExecutionErrors$.readCurrentFileNotFoundError(QueryExecutionErrors.scala:781)
[2024-12-09T11:38:46.205+0000] {spark_submit.py:634} INFO - at org.apache.spark.sql.execution.datasources.FileScanRDD$$anon$1.org$apache$spark$sql$execution$datasources$FileScanRDD$$anon$$readCurrentFile(FileScanRDD.scala:220)
[2024-12-09T11:38:46.206+0000] {spark_submit.py:634} INFO - at org.apache.spark.sql.execution.datasources.FileScanRDD$$anon$1.nextIterator(FileScanRDD.scala:279)
[2024-12-09T11:38:46.206+0000] {spark_submit.py:634} INFO - at org.apache.spark.sql.execution.datasources.FileScanRDD$$anon$1.hasNext(FileScanRDD.scala:129)
[2024-12-09T11:38:46.206+0000] {spark_submit.py:634} INFO - at scala.collection.Iterator$$anon$10.hasNext(Iterator.scala:460)
[2024-12-09T11:38:46.206+0000] {spark_submit.py:634} INFO - at org.apache.spark.sql.catalyst.expressions.GeneratedClass$GeneratedIteratorForCodegenStage1.processNext(Unknown Source)
[2024-12-09T11:38:46.206+0000] {spark_submit.py:634} INFO - at org.apache.spark.sql.execution.BufferedRowIterator.hasNext(BufferedRowIterator.java:43)
[2024-12-09T11:38:46.206+0000] {spark_submit.py:634} INFO - at org.apache.spark.sql.execution.WholeStageCodegenEvaluatorFactory$WholeStageCodegenPartitionEvaluator$$anon$1.hasNext(WholeStageCodegenEvaluatorFactory.scala:43)
[2024-12-09T11:38:46.206+0000] {spark_submit.py:634} INFO - at org.apache.spark.sql.execution.SparkPlan.$anonfun$getByteArrayRdd$1(SparkPlan.scala:388)
[2024-12-09T11:38:46.207+0000] {spark_submit.py:634} INFO - at org.apache.spark.rdd.RDD.$anonfun$mapPartitionsInternal$2(RDD.scala:893)
[2024-12-09T11:38:46.207+0000] {spark_submit.py:634} INFO - at org.apache.spark.rdd.RDD.$anonfun$mapPartitionsInternal$2$adapted(RDD.scala:893)
[2024-12-09T11:38:46.207+0000] {spark_submit.py:634} INFO - at org.apache.spark.rdd.MapPartitionsRDD.compute(MapPartitionsRDD.scala:52)
[2024-12-09T11:38:46.207+0000] {spark_submit.py:634} INFO - at org.apache.spark.rdd.RDD.computeOrReadCheckpoint(RDD.scala:367)
[2024-12-09T11:38:46.207+0000] {spark_submit.py:634} INFO - at org.apache.spark.rdd.RDD.iterator(RDD.scala:331)
[2024-12-09T11:38:46.210+0000] {spark_submit.py:634} INFO - at org.apache.spark.scheduler.ResultTask.runTask(ResultTask.scala:93)
[2024-12-09T11:38:46.211+0000] {spark_submit.py:634} INFO - at org.apache.spark.TaskContext.runTaskWithListeners(TaskContext.scala:166)
[2024-12-09T11:38:46.211+0000] {spark_submit.py:634} INFO - at org.apache.spark.scheduler.Task.run(Task.scala:141)
[2024-12-09T11:38:46.211+0000] {spark_submit.py:634} INFO - at org.apache.spark.executor.Executor$TaskRunner.$anonfun$run$4(Executor.scala:620)
[2024-12-09T11:38:46.212+0000] {spark_submit.py:634} INFO - at org.apache.spark.util.SparkErrorUtils.tryWithSafeFinally(SparkErrorUtils.scala:64)
[2024-12-09T11:38:46.212+0000] {spark_submit.py:634} INFO - at org.apache.spark.util.SparkErrorUtils.tryWithSafeFinally$(SparkErrorUtils.scala:61)
[2024-12-09T11:38:46.212+0000] {spark_submit.py:634} INFO - at org.apache.spark.util.Utils$.tryWithSafeFinally(Utils.scala:94)
[2024-12-09T11:38:46.212+0000] {spark_submit.py:634} INFO - at org.apache.spark.executor.Executor$TaskRunner.run(Executor.scala:623)
[2024-12-09T11:38:46.212+0000] {spark_submit.py:634} INFO - at java.base/java.util.concurrent.ThreadPoolExecutor.runWorker(ThreadPoolExecutor.java:1136)
[2024-12-09T11:38:46.213+0000] {spark_submit.py:634} INFO - at java.base/java.util.concurrent.ThreadPoolExecutor$Worker.run(ThreadPoolExecutor.java:635)
[2024-12-09T11:38:46.213+0000] {spark_submit.py:634} INFO - at java.base/java.lang.Thread.run(Thread.java:840)
[2024-12-09T11:38:46.213+0000] {spark_submit.py:634} INFO - 
[2024-12-09T11:38:46.213+0000] {spark_submit.py:634} INFO - Driver stacktrace:
[2024-12-09T11:38:46.213+0000] {spark_submit.py:634} INFO - 24/12/09 11:38:46 INFO DAGScheduler: ResultStage 0 (csv at NativeMethodAccessorImpl.java:0) failed in 1.947 s due to Job aborted due to stage failure: Task 0 in stage 0.0 failed 4 times, most recent failure: Lost task 0.3 in stage 0.0 (TID 3) (172.18.0.7 executor 0): org.apache.spark.SparkFileNotFoundException: File file:/tmp/test1234.csv does not exist
[2024-12-09T11:38:46.213+0000] {spark_submit.py:634} INFO - It is possible the underlying files have been updated. You can explicitly invalidate the cache in Spark by running 'REFRESH TABLE tableName' command in SQL or by recreating the Dataset/DataFrame involved.
[2024-12-09T11:38:46.214+0000] {spark_submit.py:634} INFO - at org.apache.spark.sql.errors.QueryExecutionErrors$.readCurrentFileNotFoundError(QueryExecutionErrors.scala:781)
[2024-12-09T11:38:46.214+0000] {spark_submit.py:634} INFO - at org.apache.spark.sql.execution.datasources.FileScanRDD$$anon$1.org$apache$spark$sql$execution$datasources$FileScanRDD$$anon$$readCurrentFile(FileScanRDD.scala:220)
[2024-12-09T11:38:46.214+0000] {spark_submit.py:634} INFO - at org.apache.spark.sql.execution.datasources.FileScanRDD$$anon$1.nextIterator(FileScanRDD.scala:279)
[2024-12-09T11:38:46.214+0000] {spark_submit.py:634} INFO - at org.apache.spark.sql.execution.datasources.FileScanRDD$$anon$1.hasNext(FileScanRDD.scala:129)
[2024-12-09T11:38:46.214+0000] {spark_submit.py:634} INFO - at scala.collection.Iterator$$anon$10.hasNext(Iterator.scala:460)
[2024-12-09T11:38:46.214+0000] {spark_submit.py:634} INFO - at org.apache.spark.sql.catalyst.expressions.GeneratedClass$GeneratedIteratorForCodegenStage1.processNext(Unknown Source)
[2024-12-09T11:38:46.215+0000] {spark_submit.py:634} INFO - at org.apache.spark.sql.execution.BufferedRowIterator.hasNext(BufferedRowIterator.java:43)
[2024-12-09T11:38:46.215+0000] {spark_submit.py:634} INFO - at org.apache.spark.sql.execution.WholeStageCodegenEvaluatorFactory$WholeStageCodegenPartitionEvaluator$$anon$1.hasNext(WholeStageCodegenEvaluatorFactory.scala:43)
[2024-12-09T11:38:46.215+0000] {spark_submit.py:634} INFO - at org.apache.spark.sql.execution.SparkPlan.$anonfun$getByteArrayRdd$1(SparkPlan.scala:388)
[2024-12-09T11:38:46.215+0000] {spark_submit.py:634} INFO - at org.apache.spark.rdd.RDD.$anonfun$mapPartitionsInternal$2(RDD.scala:893)
[2024-12-09T11:38:46.215+0000] {spark_submit.py:634} INFO - at org.apache.spark.rdd.RDD.$anonfun$mapPartitionsInternal$2$adapted(RDD.scala:893)
[2024-12-09T11:38:46.216+0000] {spark_submit.py:634} INFO - at org.apache.spark.rdd.MapPartitionsRDD.compute(MapPartitionsRDD.scala:52)
[2024-12-09T11:38:46.216+0000] {spark_submit.py:634} INFO - at org.apache.spark.rdd.RDD.computeOrReadCheckpoint(RDD.scala:367)
[2024-12-09T11:38:46.216+0000] {spark_submit.py:634} INFO - at org.apache.spark.rdd.RDD.iterator(RDD.scala:331)
[2024-12-09T11:38:46.216+0000] {spark_submit.py:634} INFO - at org.apache.spark.scheduler.ResultTask.runTask(ResultTask.scala:93)
[2024-12-09T11:38:46.216+0000] {spark_submit.py:634} INFO - at org.apache.spark.TaskContext.runTaskWithListeners(TaskContext.scala:166)
[2024-12-09T11:38:46.216+0000] {spark_submit.py:634} INFO - at org.apache.spark.scheduler.Task.run(Task.scala:141)
[2024-12-09T11:38:46.217+0000] {spark_submit.py:634} INFO - at org.apache.spark.executor.Executor$TaskRunner.$anonfun$run$4(Executor.scala:620)
[2024-12-09T11:38:46.217+0000] {spark_submit.py:634} INFO - at org.apache.spark.util.SparkErrorUtils.tryWithSafeFinally(SparkErrorUtils.scala:64)
[2024-12-09T11:38:46.217+0000] {spark_submit.py:634} INFO - at org.apache.spark.util.SparkErrorUtils.tryWithSafeFinally$(SparkErrorUtils.scala:61)
[2024-12-09T11:38:46.217+0000] {spark_submit.py:634} INFO - at org.apache.spark.util.Utils$.tryWithSafeFinally(Utils.scala:94)
[2024-12-09T11:38:46.217+0000] {spark_submit.py:634} INFO - at org.apache.spark.executor.Executor$TaskRunner.run(Executor.scala:623)
[2024-12-09T11:38:46.217+0000] {spark_submit.py:634} INFO - at java.base/java.util.concurrent.ThreadPoolExecutor.runWorker(ThreadPoolExecutor.java:1136)
[2024-12-09T11:38:46.218+0000] {spark_submit.py:634} INFO - at java.base/java.util.concurrent.ThreadPoolExecutor$Worker.run(ThreadPoolExecutor.java:635)
[2024-12-09T11:38:46.218+0000] {spark_submit.py:634} INFO - at java.base/java.lang.Thread.run(Thread.java:840)
[2024-12-09T11:38:46.218+0000] {spark_submit.py:634} INFO - 
[2024-12-09T11:38:46.218+0000] {spark_submit.py:634} INFO - Driver stacktrace:
[2024-12-09T11:38:46.218+0000] {spark_submit.py:634} INFO - 24/12/09 11:38:46 INFO DAGScheduler: Job 0 failed: csv at NativeMethodAccessorImpl.java:0, took 1.996495 s
[2024-12-09T11:38:46.385+0000] {spark_submit.py:634} INFO - Traceback (most recent call last):
[2024-12-09T11:38:46.386+0000] {spark_submit.py:634} INFO - File "/opt/***/jobs/python/wordcountjob.py", line 41, in <module>
[2024-12-09T11:38:46.387+0000] {spark_submit.py:634} INFO - df = spark.read.csv(path=file_path, header=True, inferSchema=True)
[2024-12-09T11:38:46.387+0000] {spark_submit.py:634} INFO - ^^^^^^^^^^^^^^^^^^^^^^^^^^^^^^^^^^^^^^^^^^^^^^^^^^^^^^^^^^^^^
[2024-12-09T11:38:46.387+0000] {spark_submit.py:634} INFO - File "/home/***/.local/lib/python3.12/site-packages/pyspark/python/lib/pyspark.zip/pyspark/sql/readwriter.py", line 740, in csv
[2024-12-09T11:38:46.388+0000] {spark_submit.py:634} INFO - File "/home/***/.local/lib/python3.12/site-packages/pyspark/python/lib/py4j-0.10.9.7-src.zip/py4j/java_gateway.py", line 1322, in __call__
[2024-12-09T11:38:46.388+0000] {spark_submit.py:634} INFO - File "/home/***/.local/lib/python3.12/site-packages/pyspark/python/lib/pyspark.zip/pyspark/errors/exceptions/captured.py", line 179, in deco
[2024-12-09T11:38:46.389+0000] {spark_submit.py:634} INFO - File "/home/***/.local/lib/python3.12/site-packages/pyspark/python/lib/py4j-0.10.9.7-src.zip/py4j/protocol.py", line 326, in get_return_value
[2024-12-09T11:38:46.432+0000] {spark_submit.py:634} INFO - py4j.protocol.Py4JJavaError: An error occurred while calling o27.csv.
[2024-12-09T11:38:46.433+0000] {spark_submit.py:634} INFO - : org.apache.spark.SparkException: Job aborted due to stage failure: Task 0 in stage 0.0 failed 4 times, most recent failure: Lost task 0.3 in stage 0.0 (TID 3) (172.18.0.7 executor 0): org.apache.spark.SparkFileNotFoundException: File file:/tmp/test1234.csv does not exist
[2024-12-09T11:38:46.433+0000] {spark_submit.py:634} INFO - It is possible the underlying files have been updated. You can explicitly invalidate the cache in Spark by running 'REFRESH TABLE tableName' command in SQL or by recreating the Dataset/DataFrame involved.
[2024-12-09T11:38:46.435+0000] {spark_submit.py:634} INFO - at org.apache.spark.sql.errors.QueryExecutionErrors$.readCurrentFileNotFoundError(QueryExecutionErrors.scala:781)
[2024-12-09T11:38:46.435+0000] {spark_submit.py:634} INFO - at org.apache.spark.sql.execution.datasources.FileScanRDD$$anon$1.org$apache$spark$sql$execution$datasources$FileScanRDD$$anon$$readCurrentFile(FileScanRDD.scala:220)
[2024-12-09T11:38:46.436+0000] {spark_submit.py:634} INFO - at org.apache.spark.sql.execution.datasources.FileScanRDD$$anon$1.nextIterator(FileScanRDD.scala:279)
[2024-12-09T11:38:46.436+0000] {spark_submit.py:634} INFO - at org.apache.spark.sql.execution.datasources.FileScanRDD$$anon$1.hasNext(FileScanRDD.scala:129)
[2024-12-09T11:38:46.436+0000] {spark_submit.py:634} INFO - at scala.collection.Iterator$$anon$10.hasNext(Iterator.scala:460)
[2024-12-09T11:38:46.436+0000] {spark_submit.py:634} INFO - at org.apache.spark.sql.catalyst.expressions.GeneratedClass$GeneratedIteratorForCodegenStage1.processNext(Unknown Source)
[2024-12-09T11:38:46.437+0000] {spark_submit.py:634} INFO - at org.apache.spark.sql.execution.BufferedRowIterator.hasNext(BufferedRowIterator.java:43)
[2024-12-09T11:38:46.439+0000] {spark_submit.py:634} INFO - at org.apache.spark.sql.execution.WholeStageCodegenEvaluatorFactory$WholeStageCodegenPartitionEvaluator$$anon$1.hasNext(WholeStageCodegenEvaluatorFactory.scala:43)
[2024-12-09T11:38:46.440+0000] {spark_submit.py:634} INFO - at org.apache.spark.sql.execution.SparkPlan.$anonfun$getByteArrayRdd$1(SparkPlan.scala:388)
[2024-12-09T11:38:46.441+0000] {spark_submit.py:634} INFO - at org.apache.spark.rdd.RDD.$anonfun$mapPartitionsInternal$2(RDD.scala:893)
[2024-12-09T11:38:46.441+0000] {spark_submit.py:634} INFO - at org.apache.spark.rdd.RDD.$anonfun$mapPartitionsInternal$2$adapted(RDD.scala:893)
[2024-12-09T11:38:46.442+0000] {spark_submit.py:634} INFO - at org.apache.spark.rdd.MapPartitionsRDD.compute(MapPartitionsRDD.scala:52)
[2024-12-09T11:38:46.443+0000] {spark_submit.py:634} INFO - at org.apache.spark.rdd.RDD.computeOrReadCheckpoint(RDD.scala:367)
[2024-12-09T11:38:46.444+0000] {spark_submit.py:634} INFO - at org.apache.spark.rdd.RDD.iterator(RDD.scala:331)
[2024-12-09T11:38:46.444+0000] {spark_submit.py:634} INFO - at org.apache.spark.scheduler.ResultTask.runTask(ResultTask.scala:93)
[2024-12-09T11:38:46.444+0000] {spark_submit.py:634} INFO - at org.apache.spark.TaskContext.runTaskWithListeners(TaskContext.scala:166)
[2024-12-09T11:38:46.445+0000] {spark_submit.py:634} INFO - at org.apache.spark.scheduler.Task.run(Task.scala:141)
[2024-12-09T11:38:46.445+0000] {spark_submit.py:634} INFO - at org.apache.spark.executor.Executor$TaskRunner.$anonfun$run$4(Executor.scala:620)
[2024-12-09T11:38:46.445+0000] {spark_submit.py:634} INFO - at org.apache.spark.util.SparkErrorUtils.tryWithSafeFinally(SparkErrorUtils.scala:64)
[2024-12-09T11:38:46.445+0000] {spark_submit.py:634} INFO - at org.apache.spark.util.SparkErrorUtils.tryWithSafeFinally$(SparkErrorUtils.scala:61)
[2024-12-09T11:38:46.447+0000] {spark_submit.py:634} INFO - at org.apache.spark.util.Utils$.tryWithSafeFinally(Utils.scala:94)
[2024-12-09T11:38:46.448+0000] {spark_submit.py:634} INFO - at org.apache.spark.executor.Executor$TaskRunner.run(Executor.scala:623)
[2024-12-09T11:38:46.448+0000] {spark_submit.py:634} INFO - at java.base/java.util.concurrent.ThreadPoolExecutor.runWorker(ThreadPoolExecutor.java:1136)
[2024-12-09T11:38:46.448+0000] {spark_submit.py:634} INFO - at java.base/java.util.concurrent.ThreadPoolExecutor$Worker.run(ThreadPoolExecutor.java:635)
[2024-12-09T11:38:46.448+0000] {spark_submit.py:634} INFO - at java.base/java.lang.Thread.run(Thread.java:840)
[2024-12-09T11:38:46.449+0000] {spark_submit.py:634} INFO - 
[2024-12-09T11:38:46.449+0000] {spark_submit.py:634} INFO - Driver stacktrace:
[2024-12-09T11:38:46.449+0000] {spark_submit.py:634} INFO - at org.apache.spark.scheduler.DAGScheduler.failJobAndIndependentStages(DAGScheduler.scala:2856)
[2024-12-09T11:38:46.449+0000] {spark_submit.py:634} INFO - at org.apache.spark.scheduler.DAGScheduler.$anonfun$abortStage$2(DAGScheduler.scala:2792)
[2024-12-09T11:38:46.449+0000] {spark_submit.py:634} INFO - at org.apache.spark.scheduler.DAGScheduler.$anonfun$abortStage$2$adapted(DAGScheduler.scala:2791)
[2024-12-09T11:38:46.449+0000] {spark_submit.py:634} INFO - at scala.collection.mutable.ResizableArray.foreach(ResizableArray.scala:62)
[2024-12-09T11:38:46.449+0000] {spark_submit.py:634} INFO - at scala.collection.mutable.ResizableArray.foreach$(ResizableArray.scala:55)
[2024-12-09T11:38:46.451+0000] {spark_submit.py:634} INFO - at scala.collection.mutable.ArrayBuffer.foreach(ArrayBuffer.scala:49)
[2024-12-09T11:38:46.452+0000] {spark_submit.py:634} INFO - at org.apache.spark.scheduler.DAGScheduler.abortStage(DAGScheduler.scala:2791)
[2024-12-09T11:38:46.452+0000] {spark_submit.py:634} INFO - at org.apache.spark.scheduler.DAGScheduler.$anonfun$handleTaskSetFailed$1(DAGScheduler.scala:1247)
[2024-12-09T11:38:46.452+0000] {spark_submit.py:634} INFO - at org.apache.spark.scheduler.DAGScheduler.$anonfun$handleTaskSetFailed$1$adapted(DAGScheduler.scala:1247)
[2024-12-09T11:38:46.453+0000] {spark_submit.py:634} INFO - at scala.Option.foreach(Option.scala:407)
[2024-12-09T11:38:46.453+0000] {spark_submit.py:634} INFO - at org.apache.spark.scheduler.DAGScheduler.handleTaskSetFailed(DAGScheduler.scala:1247)
[2024-12-09T11:38:46.453+0000] {spark_submit.py:634} INFO - at org.apache.spark.scheduler.DAGSchedulerEventProcessLoop.doOnReceive(DAGScheduler.scala:3060)
[2024-12-09T11:38:46.453+0000] {spark_submit.py:634} INFO - at org.apache.spark.scheduler.DAGSchedulerEventProcessLoop.onReceive(DAGScheduler.scala:2994)
[2024-12-09T11:38:46.453+0000] {spark_submit.py:634} INFO - at org.apache.spark.scheduler.DAGSchedulerEventProcessLoop.onReceive(DAGScheduler.scala:2983)
[2024-12-09T11:38:46.453+0000] {spark_submit.py:634} INFO - at org.apache.spark.util.EventLoop$$anon$1.run(EventLoop.scala:49)
[2024-12-09T11:38:46.456+0000] {spark_submit.py:634} INFO - at org.apache.spark.scheduler.DAGScheduler.runJob(DAGScheduler.scala:989)
[2024-12-09T11:38:46.456+0000] {spark_submit.py:634} INFO - at org.apache.spark.SparkContext.runJob(SparkContext.scala:2393)
[2024-12-09T11:38:46.457+0000] {spark_submit.py:634} INFO - at org.apache.spark.SparkContext.runJob(SparkContext.scala:2414)
[2024-12-09T11:38:46.457+0000] {spark_submit.py:634} INFO - at org.apache.spark.SparkContext.runJob(SparkContext.scala:2433)
[2024-12-09T11:38:46.457+0000] {spark_submit.py:634} INFO - at org.apache.spark.sql.execution.SparkPlan.executeTake(SparkPlan.scala:530)
[2024-12-09T11:38:46.457+0000] {spark_submit.py:634} INFO - at org.apache.spark.sql.execution.SparkPlan.executeTake(SparkPlan.scala:483)
[2024-12-09T11:38:46.457+0000] {spark_submit.py:634} INFO - at org.apache.spark.sql.execution.CollectLimitExec.executeCollect(limit.scala:61)
[2024-12-09T11:38:46.457+0000] {spark_submit.py:634} INFO - at org.apache.spark.sql.Dataset.collectFromPlan(Dataset.scala:4333)
[2024-12-09T11:38:46.457+0000] {spark_submit.py:634} INFO - at org.apache.spark.sql.Dataset.$anonfun$head$1(Dataset.scala:3316)
[2024-12-09T11:38:46.457+0000] {spark_submit.py:634} INFO - at org.apache.spark.sql.Dataset.$anonfun$withAction$2(Dataset.scala:4323)
[2024-12-09T11:38:46.457+0000] {spark_submit.py:634} INFO - at org.apache.spark.sql.execution.QueryExecution$.withInternalError(QueryExecution.scala:546)
[2024-12-09T11:38:46.457+0000] {spark_submit.py:634} INFO - at org.apache.spark.sql.Dataset.$anonfun$withAction$1(Dataset.scala:4321)
[2024-12-09T11:38:46.458+0000] {spark_submit.py:634} INFO - at org.apache.spark.sql.execution.SQLExecution$.$anonfun$withNewExecutionId$6(SQLExecution.scala:125)
[2024-12-09T11:38:46.458+0000] {spark_submit.py:634} INFO - at org.apache.spark.sql.execution.SQLExecution$.withSQLConfPropagated(SQLExecution.scala:201)
[2024-12-09T11:38:46.458+0000] {spark_submit.py:634} INFO - at org.apache.spark.sql.execution.SQLExecution$.$anonfun$withNewExecutionId$1(SQLExecution.scala:108)
[2024-12-09T11:38:46.458+0000] {spark_submit.py:634} INFO - at org.apache.spark.sql.SparkSession.withActive(SparkSession.scala:900)
[2024-12-09T11:38:46.458+0000] {spark_submit.py:634} INFO - at org.apache.spark.sql.execution.SQLExecution$.withNewExecutionId(SQLExecution.scala:66)
[2024-12-09T11:38:46.458+0000] {spark_submit.py:634} INFO - at org.apache.spark.sql.Dataset.withAction(Dataset.scala:4321)
[2024-12-09T11:38:46.458+0000] {spark_submit.py:634} INFO - at org.apache.spark.sql.Dataset.head(Dataset.scala:3316)
[2024-12-09T11:38:46.458+0000] {spark_submit.py:634} INFO - at org.apache.spark.sql.Dataset.take(Dataset.scala:3539)
[2024-12-09T11:38:46.458+0000] {spark_submit.py:634} INFO - at org.apache.spark.sql.execution.datasources.csv.TextInputCSVDataSource$.infer(CSVDataSource.scala:111)
[2024-12-09T11:38:46.458+0000] {spark_submit.py:634} INFO - at org.apache.spark.sql.execution.datasources.csv.CSVDataSource.inferSchema(CSVDataSource.scala:64)
[2024-12-09T11:38:46.459+0000] {spark_submit.py:634} INFO - at org.apache.spark.sql.execution.datasources.csv.CSVFileFormat.inferSchema(CSVFileFormat.scala:62)
[2024-12-09T11:38:46.459+0000] {spark_submit.py:634} INFO - at org.apache.spark.sql.execution.datasources.DataSource.$anonfun$getOrInferFileFormatSchema$11(DataSource.scala:208)
[2024-12-09T11:38:46.459+0000] {spark_submit.py:634} INFO - at scala.Option.orElse(Option.scala:447)
[2024-12-09T11:38:46.459+0000] {spark_submit.py:634} INFO - at org.apache.spark.sql.execution.datasources.DataSource.getOrInferFileFormatSchema(DataSource.scala:205)
[2024-12-09T11:38:46.459+0000] {spark_submit.py:634} INFO - at org.apache.spark.sql.execution.datasources.DataSource.resolveRelation(DataSource.scala:407)
[2024-12-09T11:38:46.459+0000] {spark_submit.py:634} INFO - at org.apache.spark.sql.DataFrameReader.loadV1Source(DataFrameReader.scala:229)
[2024-12-09T11:38:46.459+0000] {spark_submit.py:634} INFO - at org.apache.spark.sql.DataFrameReader.$anonfun$load$2(DataFrameReader.scala:211)
[2024-12-09T11:38:46.459+0000] {spark_submit.py:634} INFO - at scala.Option.getOrElse(Option.scala:189)
[2024-12-09T11:38:46.459+0000] {spark_submit.py:634} INFO - at org.apache.spark.sql.DataFrameReader.load(DataFrameReader.scala:211)
[2024-12-09T11:38:46.459+0000] {spark_submit.py:634} INFO - at org.apache.spark.sql.DataFrameReader.csv(DataFrameReader.scala:538)
[2024-12-09T11:38:46.460+0000] {spark_submit.py:634} INFO - at java.base/jdk.internal.reflect.NativeMethodAccessorImpl.invoke0(Native Method)
[2024-12-09T11:38:46.460+0000] {spark_submit.py:634} INFO - at java.base/jdk.internal.reflect.NativeMethodAccessorImpl.invoke(NativeMethodAccessorImpl.java:77)
[2024-12-09T11:38:46.460+0000] {spark_submit.py:634} INFO - at java.base/jdk.internal.reflect.DelegatingMethodAccessorImpl.invoke(DelegatingMethodAccessorImpl.java:43)
[2024-12-09T11:38:46.460+0000] {spark_submit.py:634} INFO - at java.base/java.lang.reflect.Method.invoke(Method.java:569)
[2024-12-09T11:38:46.460+0000] {spark_submit.py:634} INFO - at py4j.reflection.MethodInvoker.invoke(MethodInvoker.java:244)
[2024-12-09T11:38:46.460+0000] {spark_submit.py:634} INFO - at py4j.reflection.ReflectionEngine.invoke(ReflectionEngine.java:374)
[2024-12-09T11:38:46.460+0000] {spark_submit.py:634} INFO - at py4j.Gateway.invoke(Gateway.java:282)
[2024-12-09T11:38:46.460+0000] {spark_submit.py:634} INFO - at py4j.commands.AbstractCommand.invokeMethod(AbstractCommand.java:132)
[2024-12-09T11:38:46.463+0000] {spark_submit.py:634} INFO - at py4j.commands.CallCommand.execute(CallCommand.java:79)
[2024-12-09T11:38:46.463+0000] {spark_submit.py:634} INFO - at py4j.ClientServerConnection.waitForCommands(ClientServerConnection.java:182)
[2024-12-09T11:38:46.464+0000] {spark_submit.py:634} INFO - at py4j.ClientServerConnection.run(ClientServerConnection.java:106)
[2024-12-09T11:38:46.464+0000] {spark_submit.py:634} INFO - at java.base/java.lang.Thread.run(Thread.java:840)
[2024-12-09T11:38:46.464+0000] {spark_submit.py:634} INFO - Caused by: org.apache.spark.SparkFileNotFoundException: File file:/tmp/test1234.csv does not exist
[2024-12-09T11:38:46.464+0000] {spark_submit.py:634} INFO - It is possible the underlying files have been updated. You can explicitly invalidate the cache in Spark by running 'REFRESH TABLE tableName' command in SQL or by recreating the Dataset/DataFrame involved.
[2024-12-09T11:38:46.464+0000] {spark_submit.py:634} INFO - at org.apache.spark.sql.errors.QueryExecutionErrors$.readCurrentFileNotFoundError(QueryExecutionErrors.scala:781)
[2024-12-09T11:38:46.464+0000] {spark_submit.py:634} INFO - at org.apache.spark.sql.execution.datasources.FileScanRDD$$anon$1.org$apache$spark$sql$execution$datasources$FileScanRDD$$anon$$readCurrentFile(FileScanRDD.scala:220)
[2024-12-09T11:38:46.464+0000] {spark_submit.py:634} INFO - at org.apache.spark.sql.execution.datasources.FileScanRDD$$anon$1.nextIterator(FileScanRDD.scala:279)
[2024-12-09T11:38:46.464+0000] {spark_submit.py:634} INFO - at org.apache.spark.sql.execution.datasources.FileScanRDD$$anon$1.hasNext(FileScanRDD.scala:129)
[2024-12-09T11:38:46.465+0000] {spark_submit.py:634} INFO - at scala.collection.Iterator$$anon$10.hasNext(Iterator.scala:460)
[2024-12-09T11:38:46.465+0000] {spark_submit.py:634} INFO - at org.apache.spark.sql.catalyst.expressions.GeneratedClass$GeneratedIteratorForCodegenStage1.processNext(Unknown Source)
[2024-12-09T11:38:46.465+0000] {spark_submit.py:634} INFO - at org.apache.spark.sql.execution.BufferedRowIterator.hasNext(BufferedRowIterator.java:43)
[2024-12-09T11:38:46.465+0000] {spark_submit.py:634} INFO - at org.apache.spark.sql.execution.WholeStageCodegenEvaluatorFactory$WholeStageCodegenPartitionEvaluator$$anon$1.hasNext(WholeStageCodegenEvaluatorFactory.scala:43)
[2024-12-09T11:38:46.465+0000] {spark_submit.py:634} INFO - at org.apache.spark.sql.execution.SparkPlan.$anonfun$getByteArrayRdd$1(SparkPlan.scala:388)
[2024-12-09T11:38:46.465+0000] {spark_submit.py:634} INFO - at org.apache.spark.rdd.RDD.$anonfun$mapPartitionsInternal$2(RDD.scala:893)
[2024-12-09T11:38:46.465+0000] {spark_submit.py:634} INFO - at org.apache.spark.rdd.RDD.$anonfun$mapPartitionsInternal$2$adapted(RDD.scala:893)
[2024-12-09T11:38:46.465+0000] {spark_submit.py:634} INFO - at org.apache.spark.rdd.MapPartitionsRDD.compute(MapPartitionsRDD.scala:52)
[2024-12-09T11:38:46.465+0000] {spark_submit.py:634} INFO - at org.apache.spark.rdd.RDD.computeOrReadCheckpoint(RDD.scala:367)
[2024-12-09T11:38:46.466+0000] {spark_submit.py:634} INFO - at org.apache.spark.rdd.RDD.iterator(RDD.scala:331)
[2024-12-09T11:38:46.466+0000] {spark_submit.py:634} INFO - at org.apache.spark.scheduler.ResultTask.runTask(ResultTask.scala:93)
[2024-12-09T11:38:46.466+0000] {spark_submit.py:634} INFO - at org.apache.spark.TaskContext.runTaskWithListeners(TaskContext.scala:166)
[2024-12-09T11:38:46.466+0000] {spark_submit.py:634} INFO - at org.apache.spark.scheduler.Task.run(Task.scala:141)
[2024-12-09T11:38:46.466+0000] {spark_submit.py:634} INFO - at org.apache.spark.executor.Executor$TaskRunner.$anonfun$run$4(Executor.scala:620)
[2024-12-09T11:38:46.466+0000] {spark_submit.py:634} INFO - at org.apache.spark.util.SparkErrorUtils.tryWithSafeFinally(SparkErrorUtils.scala:64)
[2024-12-09T11:38:46.466+0000] {spark_submit.py:634} INFO - at org.apache.spark.util.SparkErrorUtils.tryWithSafeFinally$(SparkErrorUtils.scala:61)
[2024-12-09T11:38:46.466+0000] {spark_submit.py:634} INFO - at org.apache.spark.util.Utils$.tryWithSafeFinally(Utils.scala:94)
[2024-12-09T11:38:46.466+0000] {spark_submit.py:634} INFO - at org.apache.spark.executor.Executor$TaskRunner.run(Executor.scala:623)
[2024-12-09T11:38:46.466+0000] {spark_submit.py:634} INFO - at java.base/java.util.concurrent.ThreadPoolExecutor.runWorker(ThreadPoolExecutor.java:1136)
[2024-12-09T11:38:46.467+0000] {spark_submit.py:634} INFO - at java.base/java.util.concurrent.ThreadPoolExecutor$Worker.run(ThreadPoolExecutor.java:635)
[2024-12-09T11:38:46.467+0000] {spark_submit.py:634} INFO - ... 1 more
[2024-12-09T11:38:46.467+0000] {spark_submit.py:634} INFO - 
[2024-12-09T11:38:46.498+0000] {spark_submit.py:634} INFO - 24/12/09 11:38:46 INFO SparkContext: Invoking stop() from shutdown hook
[2024-12-09T11:38:46.499+0000] {spark_submit.py:634} INFO - 24/12/09 11:38:46 INFO SparkContext: SparkContext is stopping with exitCode 0.
[2024-12-09T11:38:46.507+0000] {spark_submit.py:634} INFO - 24/12/09 11:38:46 INFO SparkUI: Stopped Spark web UI at http://2a892a3469ec:4040
[2024-12-09T11:38:46.510+0000] {spark_submit.py:634} INFO - 24/12/09 11:38:46 INFO StandaloneSchedulerBackend: Shutting down all executors
[2024-12-09T11:38:46.510+0000] {spark_submit.py:634} INFO - 24/12/09 11:38:46 INFO StandaloneSchedulerBackend$StandaloneDriverEndpoint: Asking each executor to shut down
[2024-12-09T11:38:46.527+0000] {spark_submit.py:634} INFO - 24/12/09 11:38:46 INFO MapOutputTrackerMasterEndpoint: MapOutputTrackerMasterEndpoint stopped!
[2024-12-09T11:38:46.552+0000] {spark_submit.py:634} INFO - 24/12/09 11:38:46 INFO MemoryStore: MemoryStore cleared
[2024-12-09T11:38:46.553+0000] {spark_submit.py:634} INFO - 24/12/09 11:38:46 INFO BlockManager: BlockManager stopped
[2024-12-09T11:38:46.561+0000] {spark_submit.py:634} INFO - 24/12/09 11:38:46 INFO BlockManagerMaster: BlockManagerMaster stopped
[2024-12-09T11:38:46.566+0000] {spark_submit.py:634} INFO - 24/12/09 11:38:46 INFO OutputCommitCoordinator$OutputCommitCoordinatorEndpoint: OutputCommitCoordinator stopped!
[2024-12-09T11:38:46.576+0000] {spark_submit.py:634} INFO - 24/12/09 11:38:46 INFO SparkContext: Successfully stopped SparkContext
[2024-12-09T11:38:46.576+0000] {spark_submit.py:634} INFO - 24/12/09 11:38:46 INFO ShutdownHookManager: Shutdown hook called
[2024-12-09T11:38:46.577+0000] {spark_submit.py:634} INFO - 24/12/09 11:38:46 INFO ShutdownHookManager: Deleting directory /tmp/spark-a4390ed7-d5ea-4f1b-98f2-f05cbeed229d
[2024-12-09T11:38:46.580+0000] {spark_submit.py:634} INFO - 24/12/09 11:38:46 INFO ShutdownHookManager: Deleting directory /tmp/spark-91882653-8c82-4bcc-8e62-4374eb2343b0
[2024-12-09T11:38:46.584+0000] {spark_submit.py:634} INFO - 24/12/09 11:38:46 INFO ShutdownHookManager: Deleting directory /tmp/spark-91882653-8c82-4bcc-8e62-4374eb2343b0/pyspark-691b26ca-d50e-4432-9e7d-bd1b0b0adafa
[2024-12-09T11:38:46.641+0000] {taskinstance.py:3311} ERROR - Task failed with exception
Traceback (most recent call last):
  File "/home/airflow/.local/lib/python3.12/site-packages/airflow/models/taskinstance.py", line 767, in _execute_task
    result = _execute_callable(context=context, **execute_callable_kwargs)
             ^^^^^^^^^^^^^^^^^^^^^^^^^^^^^^^^^^^^^^^^^^^^^^^^^^^^^^^^^^^^^
  File "/home/airflow/.local/lib/python3.12/site-packages/airflow/models/taskinstance.py", line 733, in _execute_callable
    return ExecutionCallableRunner(
           ^^^^^^^^^^^^^^^^^^^^^^^^
  File "/home/airflow/.local/lib/python3.12/site-packages/airflow/utils/operator_helpers.py", line 252, in run
    return self.func(*args, **kwargs)
           ^^^^^^^^^^^^^^^^^^^^^^^^^^
  File "/home/airflow/.local/lib/python3.12/site-packages/airflow/models/baseoperator.py", line 417, in wrapper
    return func(self, *args, **kwargs)
           ^^^^^^^^^^^^^^^^^^^^^^^^^^^
  File "/home/airflow/.local/lib/python3.12/site-packages/airflow/providers/apache/spark/operators/spark_submit.py", line 176, in execute
    self._hook.submit(self.application)
  File "/home/airflow/.local/lib/python3.12/site-packages/airflow/providers/apache/spark/hooks/spark_submit.py", line 560, in submit
    raise AirflowException(
airflow.exceptions.AirflowException: Cannot execute: spark-submit --master spark://sparkingflow-spark-master-1:7077 --name arrow-spark --deploy-mode client jobs/python/wordcountjob.py. Error code is: 1.
[2024-12-09T11:38:46.650+0000] {taskinstance.py:1225} INFO - Marking task as FAILED. dag_id=sparking_flow, task_id=python_job, run_id=manual__2024-12-09T11:38:28.738086+00:00, execution_date=20241209T113828, start_date=20241209T113831, end_date=20241209T113846
[2024-12-09T11:38:46.662+0000] {taskinstance.py:340} INFO - ::group::Post task execution logs
[2024-12-09T11:38:46.662+0000] {standard_task_runner.py:124} ERROR - Failed to execute job 362 for task python_job (Cannot execute: spark-submit --master spark://sparkingflow-spark-master-1:7077 --name arrow-spark --deploy-mode client jobs/python/wordcountjob.py. Error code is: 1.; 190)
Traceback (most recent call last):
  File "/home/airflow/.local/lib/python3.12/site-packages/airflow/task/task_runner/standard_task_runner.py", line 117, in _start_by_fork
    ret = args.func(args, dag=self.dag)
          ^^^^^^^^^^^^^^^^^^^^^^^^^^^^^
  File "/home/airflow/.local/lib/python3.12/site-packages/airflow/cli/cli_config.py", line 49, in command
    return func(*args, **kwargs)
           ^^^^^^^^^^^^^^^^^^^^^
  File "/home/airflow/.local/lib/python3.12/site-packages/airflow/utils/cli.py", line 116, in wrapper
    return f(*args, **kwargs)
           ^^^^^^^^^^^^^^^^^^
  File "/home/airflow/.local/lib/python3.12/site-packages/airflow/cli/commands/task_command.py", line 483, in task_run
    task_return_code = _run_task_by_selected_method(args, _dag, ti)
                       ^^^^^^^^^^^^^^^^^^^^^^^^^^^^^^^^^^^^^^^^^^^^
  File "/home/airflow/.local/lib/python3.12/site-packages/airflow/cli/commands/task_command.py", line 256, in _run_task_by_selected_method
    return _run_raw_task(args, ti)
           ^^^^^^^^^^^^^^^^^^^^^^^
  File "/home/airflow/.local/lib/python3.12/site-packages/airflow/cli/commands/task_command.py", line 341, in _run_raw_task
    return ti._run_raw_task(
           ^^^^^^^^^^^^^^^^^
  File "/home/airflow/.local/lib/python3.12/site-packages/airflow/utils/session.py", line 97, in wrapper
    return func(*args, session=session, **kwargs)
           ^^^^^^^^^^^^^^^^^^^^^^^^^^^^^^^^^^^^^^
  File "/home/airflow/.local/lib/python3.12/site-packages/airflow/models/taskinstance.py", line 3005, in _run_raw_task
    return _run_raw_task(
           ^^^^^^^^^^^^^^
  File "/home/airflow/.local/lib/python3.12/site-packages/airflow/models/taskinstance.py", line 273, in _run_raw_task
    TaskInstance._execute_task_with_callbacks(
  File "/home/airflow/.local/lib/python3.12/site-packages/airflow/models/taskinstance.py", line 3159, in _execute_task_with_callbacks
    result = self._execute_task(context, task_orig)
             ^^^^^^^^^^^^^^^^^^^^^^^^^^^^^^^^^^^^^^
  File "/home/airflow/.local/lib/python3.12/site-packages/airflow/models/taskinstance.py", line 3183, in _execute_task
    return _execute_task(self, context, task_orig)
           ^^^^^^^^^^^^^^^^^^^^^^^^^^^^^^^^^^^^^^^
  File "/home/airflow/.local/lib/python3.12/site-packages/airflow/models/taskinstance.py", line 767, in _execute_task
    result = _execute_callable(context=context, **execute_callable_kwargs)
             ^^^^^^^^^^^^^^^^^^^^^^^^^^^^^^^^^^^^^^^^^^^^^^^^^^^^^^^^^^^^^
  File "/home/airflow/.local/lib/python3.12/site-packages/airflow/models/taskinstance.py", line 733, in _execute_callable
    return ExecutionCallableRunner(
           ^^^^^^^^^^^^^^^^^^^^^^^^
  File "/home/airflow/.local/lib/python3.12/site-packages/airflow/utils/operator_helpers.py", line 252, in run
    return self.func(*args, **kwargs)
           ^^^^^^^^^^^^^^^^^^^^^^^^^^
  File "/home/airflow/.local/lib/python3.12/site-packages/airflow/models/baseoperator.py", line 417, in wrapper
    return func(self, *args, **kwargs)
           ^^^^^^^^^^^^^^^^^^^^^^^^^^^
  File "/home/airflow/.local/lib/python3.12/site-packages/airflow/providers/apache/spark/operators/spark_submit.py", line 176, in execute
    self._hook.submit(self.application)
  File "/home/airflow/.local/lib/python3.12/site-packages/airflow/providers/apache/spark/hooks/spark_submit.py", line 560, in submit
    raise AirflowException(
airflow.exceptions.AirflowException: Cannot execute: spark-submit --master spark://sparkingflow-spark-master-1:7077 --name arrow-spark --deploy-mode client jobs/python/wordcountjob.py. Error code is: 1.
[2024-12-09T11:38:46.697+0000] {local_task_job_runner.py:266} INFO - Task exited with return code 1
[2024-12-09T11:38:46.718+0000] {taskinstance.py:3895} INFO - 0 downstream tasks scheduled from follow-on schedule check
[2024-12-09T11:38:46.721+0000] {local_task_job_runner.py:245} INFO - ::endgroup::
