[2024-12-09T13:13:52.358+0000] {local_task_job_runner.py:123} INFO - ::group::Pre task execution logs
[2024-12-09T13:13:52.387+0000] {taskinstance.py:2613} INFO - Dependencies all met for dep_context=non-requeueable deps ti=<TaskInstance: sparking_flow.python_job manual__2024-12-09T13:13:49.927812+00:00 [queued]>
[2024-12-09T13:13:52.399+0000] {taskinstance.py:2613} INFO - Dependencies all met for dep_context=requeueable deps ti=<TaskInstance: sparking_flow.python_job manual__2024-12-09T13:13:49.927812+00:00 [queued]>
[2024-12-09T13:13:52.400+0000] {taskinstance.py:2866} INFO - Starting attempt 1 of 1
[2024-12-09T13:13:52.418+0000] {taskinstance.py:2889} INFO - Executing <Task(SparkSubmitOperator): python_job> on 2024-12-09 13:13:49.927812+00:00
[2024-12-09T13:13:52.427+0000] {logging_mixin.py:190} WARNING - /home/***/.local/lib/python3.12/site-packages/***/task/task_runner/standard_task_runner.py:70 DeprecationWarning: This process (pid=204) is multi-threaded, use of fork() may lead to deadlocks in the child.
[2024-12-09T13:13:52.429+0000] {standard_task_runner.py:72} INFO - Started process 209 to run task
[2024-12-09T13:13:52.427+0000] {standard_task_runner.py:104} INFO - Running: ['***', 'tasks', 'run', 'sparking_flow', 'python_job', 'manual__2024-12-09T13:13:49.927812+00:00', '--job-id', '465', '--raw', '--subdir', 'DAGS_FOLDER/spark_***.py', '--cfg-path', '/tmp/tmpi9coq42m']
[2024-12-09T13:13:52.430+0000] {standard_task_runner.py:105} INFO - Job 465: Subtask python_job
[2024-12-09T13:13:52.493+0000] {task_command.py:467} INFO - Running <TaskInstance: sparking_flow.python_job manual__2024-12-09T13:13:49.927812+00:00 [running]> on host 2a892a3469ec
[2024-12-09T13:13:52.590+0000] {taskinstance.py:3132} INFO - Exporting env vars: AIRFLOW_CTX_DAG_OWNER='Yusuf Ganiyu' AIRFLOW_CTX_DAG_ID='sparking_flow' AIRFLOW_CTX_TASK_ID='python_job' AIRFLOW_CTX_EXECUTION_DATE='2024-12-09T13:13:49.927812+00:00' AIRFLOW_CTX_TRY_NUMBER='1' AIRFLOW_CTX_DAG_RUN_ID='manual__2024-12-09T13:13:49.927812+00:00'
[2024-12-09T13:13:52.592+0000] {taskinstance.py:731} INFO - ::endgroup::
[2024-12-09T13:13:52.621+0000] {base.py:84} INFO - Retrieving connection 'spark-conn'
[2024-12-09T13:13:52.622+0000] {spark_submit.py:473} INFO - Spark-Submit cmd: spark-submit --master spark://sparkingflow-spark-master-1:7077 --name arrow-spark --deploy-mode client jobs/python/wordcountjob.py
[2024-12-09T13:14:00.218+0000] {spark_submit.py:634} INFO - 24/12/09 13:14:00 INFO SparkContext: Running Spark version 3.5.3
[2024-12-09T13:14:00.224+0000] {spark_submit.py:634} INFO - 24/12/09 13:14:00 INFO SparkContext: OS info Linux, 6.10.14-linuxkit, aarch64
[2024-12-09T13:14:00.225+0000] {spark_submit.py:634} INFO - 24/12/09 13:14:00 INFO SparkContext: Java version 17.0.13
[2024-12-09T13:14:00.444+0000] {spark_submit.py:634} INFO - 24/12/09 13:14:00 WARN NativeCodeLoader: Unable to load native-hadoop library for your platform... using builtin-java classes where applicable
[2024-12-09T13:14:00.798+0000] {spark_submit.py:634} INFO - 24/12/09 13:14:00 INFO ResourceUtils: ==============================================================
[2024-12-09T13:14:00.802+0000] {spark_submit.py:634} INFO - 24/12/09 13:14:00 INFO ResourceUtils: No custom resources configured for spark.driver.
[2024-12-09T13:14:00.806+0000] {spark_submit.py:634} INFO - 24/12/09 13:14:00 INFO ResourceUtils: ==============================================================
[2024-12-09T13:14:00.810+0000] {spark_submit.py:634} INFO - 24/12/09 13:14:00 INFO SparkContext: Submitted application: CSVReadExample
[2024-12-09T13:14:00.845+0000] {spark_submit.py:634} INFO - 24/12/09 13:14:00 INFO ResourceProfile: Default ResourceProfile created, executor resources: Map(memory -> name: memory, amount: 1024, script: , vendor: , offHeap -> name: offHeap, amount: 0, script: , vendor: ), task resources: Map(cpus -> name: cpus, amount: 1.0)
[2024-12-09T13:14:00.860+0000] {spark_submit.py:634} INFO - 24/12/09 13:14:00 INFO ResourceProfile: Limiting resource is cpu
[2024-12-09T13:14:00.874+0000] {spark_submit.py:634} INFO - 24/12/09 13:14:00 INFO ResourceProfileManager: Added ResourceProfile id: 0
[2024-12-09T13:14:01.077+0000] {spark_submit.py:634} INFO - 24/12/09 13:14:01 INFO SecurityManager: Changing view acls to: ***
[2024-12-09T13:14:01.086+0000] {spark_submit.py:634} INFO - 24/12/09 13:14:01 INFO SecurityManager: Changing modify acls to: ***
[2024-12-09T13:14:01.087+0000] {spark_submit.py:634} INFO - 24/12/09 13:14:01 INFO SecurityManager: Changing view acls groups to:
[2024-12-09T13:14:01.087+0000] {spark_submit.py:634} INFO - 24/12/09 13:14:01 INFO SecurityManager: Changing modify acls groups to:
[2024-12-09T13:14:01.088+0000] {spark_submit.py:634} INFO - 24/12/09 13:14:01 INFO SecurityManager: SecurityManager: authentication disabled; ui acls disabled; users with view permissions: ***; groups with view permissions: EMPTY; users with modify permissions: ***; groups with modify permissions: EMPTY
[2024-12-09T13:14:01.816+0000] {spark_submit.py:634} INFO - 24/12/09 13:14:01 INFO Utils: Successfully started service 'sparkDriver' on port 35411.
[2024-12-09T13:14:01.927+0000] {spark_submit.py:634} INFO - 24/12/09 13:14:01 INFO SparkEnv: Registering MapOutputTracker
[2024-12-09T13:14:02.028+0000] {spark_submit.py:634} INFO - 24/12/09 13:14:02 INFO SparkEnv: Registering BlockManagerMaster
[2024-12-09T13:14:02.185+0000] {spark_submit.py:634} INFO - 24/12/09 13:14:02 INFO BlockManagerMasterEndpoint: Using org.apache.spark.storage.DefaultTopologyMapper for getting topology information
[2024-12-09T13:14:02.189+0000] {spark_submit.py:634} INFO - 24/12/09 13:14:02 INFO BlockManagerMasterEndpoint: BlockManagerMasterEndpoint up
[2024-12-09T13:14:02.225+0000] {spark_submit.py:634} INFO - 24/12/09 13:14:02 INFO SparkEnv: Registering BlockManagerMasterHeartbeat
[2024-12-09T13:14:02.288+0000] {spark_submit.py:634} INFO - 24/12/09 13:14:02 INFO DiskBlockManager: Created local directory at /tmp/blockmgr-2706dba4-0dc0-48f8-9374-0b697d25be14
[2024-12-09T13:14:02.377+0000] {spark_submit.py:634} INFO - 24/12/09 13:14:02 INFO MemoryStore: MemoryStore started with capacity 434.4 MiB
[2024-12-09T13:14:02.426+0000] {spark_submit.py:634} INFO - 24/12/09 13:14:02 INFO SparkEnv: Registering OutputCommitCoordinator
[2024-12-09T13:14:02.864+0000] {spark_submit.py:634} INFO - 24/12/09 13:14:02 INFO JettyUtils: Start Jetty 0.0.0.0:4040 for SparkUI
[2024-12-09T13:14:03.010+0000] {spark_submit.py:634} INFO - 24/12/09 13:14:03 WARN Utils: Service 'SparkUI' could not bind on port 4040. Attempting port 4041.
[2024-12-09T13:14:03.019+0000] {spark_submit.py:634} INFO - 24/12/09 13:14:03 WARN Utils: Service 'SparkUI' could not bind on port 4041. Attempting port 4042.
[2024-12-09T13:14:03.032+0000] {spark_submit.py:634} INFO - 24/12/09 13:14:03 INFO Utils: Successfully started service 'SparkUI' on port 4042.
[2024-12-09T13:14:03.324+0000] {spark_submit.py:634} INFO - 24/12/09 13:14:03 INFO StandaloneAppClient$ClientEndpoint: Connecting to master spark://sparkingflow-spark-master-1:7077...
[2024-12-09T13:14:03.472+0000] {spark_submit.py:634} INFO - 24/12/09 13:14:03 INFO TransportClientFactory: Successfully created connection to sparkingflow-spark-master-1/172.18.0.6:7077 after 79 ms (0 ms spent in bootstraps)
[2024-12-09T13:14:03.725+0000] {spark_submit.py:634} INFO - 24/12/09 13:14:03 INFO StandaloneSchedulerBackend: Connected to Spark cluster with app ID app-20241209131403-0001
[2024-12-09T13:14:03.753+0000] {spark_submit.py:634} INFO - 24/12/09 13:14:03 INFO Utils: Successfully started service 'org.apache.spark.network.netty.NettyBlockTransferService' on port 39639.
[2024-12-09T13:14:03.757+0000] {spark_submit.py:634} INFO - 24/12/09 13:14:03 INFO NettyBlockTransferService: Server created on 2a892a3469ec:39639
[2024-12-09T13:14:03.762+0000] {spark_submit.py:634} INFO - 24/12/09 13:14:03 INFO BlockManager: Using org.apache.spark.storage.RandomBlockReplicationPolicy for block replication policy
[2024-12-09T13:14:03.774+0000] {spark_submit.py:634} INFO - 24/12/09 13:14:03 INFO BlockManagerMaster: Registering BlockManager BlockManagerId(driver, 2a892a3469ec, 39639, None)
[2024-12-09T13:14:03.784+0000] {spark_submit.py:634} INFO - 24/12/09 13:14:03 INFO BlockManagerMasterEndpoint: Registering block manager 2a892a3469ec:39639 with 434.4 MiB RAM, BlockManagerId(driver, 2a892a3469ec, 39639, None)
[2024-12-09T13:14:03.788+0000] {spark_submit.py:634} INFO - 24/12/09 13:14:03 INFO BlockManagerMaster: Registered BlockManager BlockManagerId(driver, 2a892a3469ec, 39639, None)
[2024-12-09T13:14:03.790+0000] {spark_submit.py:634} INFO - 24/12/09 13:14:03 INFO BlockManager: Initialized BlockManager: BlockManagerId(driver, 2a892a3469ec, 39639, None)
[2024-12-09T13:14:04.179+0000] {spark_submit.py:634} INFO - 24/12/09 13:14:04 INFO StandaloneSchedulerBackend: SchedulerBackend is ready for scheduling beginning after reached minRegisteredResourcesRatio: 0.0
[2024-12-09T13:14:04.443+0000] {spark_submit.py:634} INFO - file_path /temp/data/test1234.csv
[2024-12-09T13:14:04.444+0000] {spark_submit.py:634} INFO - False
[2024-12-09T13:14:04.451+0000] {spark_submit.py:634} INFO - total 108
[2024-12-09T13:14:04.453+0000] {spark_submit.py:634} INFO - -rw------- 1 *** root 110396 Dec  4 15:16 ***.cfg
[2024-12-09T13:14:04.454+0000] {spark_submit.py:634} INFO - drwxr-xr-x 4 *** root    128 Nov 30 09:37 dags
[2024-12-09T13:14:04.454+0000] {spark_submit.py:634} INFO - drwxr-xr-x 5 *** root    160 Nov 29 20:23 jobs
[2024-12-09T13:14:04.455+0000] {spark_submit.py:634} INFO - drwxr-xr-x 5 *** root    160 Dec  2 20:25 logs
[2024-12-09T13:14:04.455+0000] {spark_submit.py:634} INFO - ***
[2024-12-09T13:14:04.457+0000] {spark_submit.py:634} INFO - /opt/***
[2024-12-09T13:14:04.664+0000] {spark_submit.py:634} INFO - Traceback (most recent call last):
[2024-12-09T13:14:04.665+0000] {spark_submit.py:634} INFO - File "/opt/***/jobs/python/wordcountjob.py", line 53, in <module>
[2024-12-09T13:14:04.665+0000] {spark_submit.py:634} INFO - spark.sparkContext.addFile("/temp/data/test1234.csv")
[2024-12-09T13:14:04.666+0000] {spark_submit.py:634} INFO - File "/home/***/.local/lib/python3.12/site-packages/pyspark/python/lib/pyspark.zip/pyspark/context.py", line 1898, in addFile
[2024-12-09T13:14:04.667+0000] {spark_submit.py:634} INFO - File "/home/***/.local/lib/python3.12/site-packages/pyspark/python/lib/py4j-0.10.9.7-src.zip/py4j/java_gateway.py", line 1322, in __call__
[2024-12-09T13:14:04.667+0000] {spark_submit.py:634} INFO - File "/home/***/.local/lib/python3.12/site-packages/pyspark/python/lib/pyspark.zip/pyspark/errors/exceptions/captured.py", line 179, in deco
[2024-12-09T13:14:04.668+0000] {spark_submit.py:634} INFO - File "/home/***/.local/lib/python3.12/site-packages/pyspark/python/lib/py4j-0.10.9.7-src.zip/py4j/protocol.py", line 326, in get_return_value
[2024-12-09T13:14:04.668+0000] {spark_submit.py:634} INFO - py4j.protocol.Py4JJavaError: An error occurred while calling o24.addFile.
[2024-12-09T13:14:04.669+0000] {spark_submit.py:634} INFO - : java.io.FileNotFoundException: File file:/temp/data/test1234.csv does not exist
[2024-12-09T13:14:04.670+0000] {spark_submit.py:634} INFO - at org.apache.hadoop.fs.RawLocalFileSystem.deprecatedGetFileStatus(RawLocalFileSystem.java:779)
[2024-12-09T13:14:04.670+0000] {spark_submit.py:634} INFO - at org.apache.hadoop.fs.RawLocalFileSystem.getFileLinkStatusInternal(RawLocalFileSystem.java:1100)
[2024-12-09T13:14:04.670+0000] {spark_submit.py:634} INFO - at org.apache.hadoop.fs.RawLocalFileSystem.getFileStatus(RawLocalFileSystem.java:769)
[2024-12-09T13:14:04.671+0000] {spark_submit.py:634} INFO - at org.apache.hadoop.fs.FilterFileSystem.getFileStatus(FilterFileSystem.java:462)
[2024-12-09T13:14:04.671+0000] {spark_submit.py:634} INFO - at org.apache.spark.SparkContext.addFile(SparkContext.scala:1750)
[2024-12-09T13:14:04.672+0000] {spark_submit.py:634} INFO - at org.apache.spark.SparkContext.addFile(SparkContext.scala:1728)
[2024-12-09T13:14:04.672+0000] {spark_submit.py:634} INFO - at java.base/jdk.internal.reflect.NativeMethodAccessorImpl.invoke0(Native Method)
[2024-12-09T13:14:04.672+0000] {spark_submit.py:634} INFO - at java.base/jdk.internal.reflect.NativeMethodAccessorImpl.invoke(NativeMethodAccessorImpl.java:77)
[2024-12-09T13:14:04.673+0000] {spark_submit.py:634} INFO - at java.base/jdk.internal.reflect.DelegatingMethodAccessorImpl.invoke(DelegatingMethodAccessorImpl.java:43)
[2024-12-09T13:14:04.673+0000] {spark_submit.py:634} INFO - at java.base/java.lang.reflect.Method.invoke(Method.java:569)
[2024-12-09T13:14:04.674+0000] {spark_submit.py:634} INFO - at py4j.reflection.MethodInvoker.invoke(MethodInvoker.java:244)
[2024-12-09T13:14:04.674+0000] {spark_submit.py:634} INFO - at py4j.reflection.ReflectionEngine.invoke(ReflectionEngine.java:374)
[2024-12-09T13:14:04.674+0000] {spark_submit.py:634} INFO - at py4j.Gateway.invoke(Gateway.java:282)
[2024-12-09T13:14:04.675+0000] {spark_submit.py:634} INFO - at py4j.commands.AbstractCommand.invokeMethod(AbstractCommand.java:132)
[2024-12-09T13:14:04.675+0000] {spark_submit.py:634} INFO - at py4j.commands.CallCommand.execute(CallCommand.java:79)
[2024-12-09T13:14:04.675+0000] {spark_submit.py:634} INFO - at py4j.ClientServerConnection.waitForCommands(ClientServerConnection.java:182)
[2024-12-09T13:14:04.676+0000] {spark_submit.py:634} INFO - at py4j.ClientServerConnection.run(ClientServerConnection.java:106)
[2024-12-09T13:14:04.676+0000] {spark_submit.py:634} INFO - at java.base/java.lang.Thread.run(Thread.java:840)
[2024-12-09T13:14:04.677+0000] {spark_submit.py:634} INFO - 
[2024-12-09T13:14:04.774+0000] {spark_submit.py:634} INFO - 24/12/09 13:14:04 INFO SparkContext: Invoking stop() from shutdown hook
[2024-12-09T13:14:04.776+0000] {spark_submit.py:634} INFO - 24/12/09 13:14:04 INFO SparkContext: SparkContext is stopping with exitCode 0.
[2024-12-09T13:14:04.792+0000] {spark_submit.py:634} INFO - 24/12/09 13:14:04 INFO SparkUI: Stopped Spark web UI at http://2a892a3469ec:4042
[2024-12-09T13:14:04.797+0000] {spark_submit.py:634} INFO - 24/12/09 13:14:04 INFO StandaloneSchedulerBackend: Shutting down all executors
[2024-12-09T13:14:04.802+0000] {spark_submit.py:634} INFO - 24/12/09 13:14:04 INFO StandaloneSchedulerBackend$StandaloneDriverEndpoint: Asking each executor to shut down
[2024-12-09T13:14:04.824+0000] {spark_submit.py:634} INFO - 24/12/09 13:14:04 INFO MapOutputTrackerMasterEndpoint: MapOutputTrackerMasterEndpoint stopped!
[2024-12-09T13:14:04.844+0000] {spark_submit.py:634} INFO - 24/12/09 13:14:04 INFO MemoryStore: MemoryStore cleared
[2024-12-09T13:14:04.845+0000] {spark_submit.py:634} INFO - 24/12/09 13:14:04 INFO BlockManager: BlockManager stopped
[2024-12-09T13:14:04.866+0000] {spark_submit.py:634} INFO - 24/12/09 13:14:04 INFO BlockManagerMaster: BlockManagerMaster stopped
[2024-12-09T13:14:04.870+0000] {spark_submit.py:634} INFO - 24/12/09 13:14:04 INFO OutputCommitCoordinator$OutputCommitCoordinatorEndpoint: OutputCommitCoordinator stopped!
[2024-12-09T13:14:04.916+0000] {spark_submit.py:634} INFO - 24/12/09 13:14:04 INFO SparkContext: Successfully stopped SparkContext
[2024-12-09T13:14:04.917+0000] {spark_submit.py:634} INFO - 24/12/09 13:14:04 INFO ShutdownHookManager: Shutdown hook called
[2024-12-09T13:14:04.919+0000] {spark_submit.py:634} INFO - 24/12/09 13:14:04 INFO ShutdownHookManager: Deleting directory /tmp/spark-2d69f72c-76f0-4b1f-9181-19dadb89848c
[2024-12-09T13:14:04.923+0000] {spark_submit.py:634} INFO - 24/12/09 13:14:04 INFO ShutdownHookManager: Deleting directory /tmp/spark-2d69f72c-76f0-4b1f-9181-19dadb89848c/pyspark-ee56e7aa-1e98-4cad-aedb-d806e875e492
[2024-12-09T13:14:04.931+0000] {spark_submit.py:634} INFO - 24/12/09 13:14:04 INFO ShutdownHookManager: Deleting directory /tmp/spark-96510058-78ff-40d2-81b8-7c9bd8a9f320
[2024-12-09T13:14:05.038+0000] {taskinstance.py:3311} ERROR - Task failed with exception
Traceback (most recent call last):
  File "/home/airflow/.local/lib/python3.12/site-packages/airflow/models/taskinstance.py", line 767, in _execute_task
    result = _execute_callable(context=context, **execute_callable_kwargs)
             ^^^^^^^^^^^^^^^^^^^^^^^^^^^^^^^^^^^^^^^^^^^^^^^^^^^^^^^^^^^^^
  File "/home/airflow/.local/lib/python3.12/site-packages/airflow/models/taskinstance.py", line 733, in _execute_callable
    return ExecutionCallableRunner(
           ^^^^^^^^^^^^^^^^^^^^^^^^
  File "/home/airflow/.local/lib/python3.12/site-packages/airflow/utils/operator_helpers.py", line 252, in run
    return self.func(*args, **kwargs)
           ^^^^^^^^^^^^^^^^^^^^^^^^^^
  File "/home/airflow/.local/lib/python3.12/site-packages/airflow/models/baseoperator.py", line 417, in wrapper
    return func(self, *args, **kwargs)
           ^^^^^^^^^^^^^^^^^^^^^^^^^^^
  File "/home/airflow/.local/lib/python3.12/site-packages/airflow/providers/apache/spark/operators/spark_submit.py", line 176, in execute
    self._hook.submit(self.application)
  File "/home/airflow/.local/lib/python3.12/site-packages/airflow/providers/apache/spark/hooks/spark_submit.py", line 560, in submit
    raise AirflowException(
airflow.exceptions.AirflowException: Cannot execute: spark-submit --master spark://sparkingflow-spark-master-1:7077 --name arrow-spark --deploy-mode client jobs/python/wordcountjob.py. Error code is: 1.
[2024-12-09T13:14:05.059+0000] {taskinstance.py:1225} INFO - Marking task as FAILED. dag_id=sparking_flow, task_id=python_job, run_id=manual__2024-12-09T13:13:49.927812+00:00, execution_date=20241209T131349, start_date=20241209T131352, end_date=20241209T131405
[2024-12-09T13:14:05.085+0000] {taskinstance.py:340} INFO - ::group::Post task execution logs
[2024-12-09T13:14:05.086+0000] {standard_task_runner.py:124} ERROR - Failed to execute job 465 for task python_job (Cannot execute: spark-submit --master spark://sparkingflow-spark-master-1:7077 --name arrow-spark --deploy-mode client jobs/python/wordcountjob.py. Error code is: 1.; 209)
Traceback (most recent call last):
  File "/home/airflow/.local/lib/python3.12/site-packages/airflow/task/task_runner/standard_task_runner.py", line 117, in _start_by_fork
    ret = args.func(args, dag=self.dag)
          ^^^^^^^^^^^^^^^^^^^^^^^^^^^^^
  File "/home/airflow/.local/lib/python3.12/site-packages/airflow/cli/cli_config.py", line 49, in command
    return func(*args, **kwargs)
           ^^^^^^^^^^^^^^^^^^^^^
  File "/home/airflow/.local/lib/python3.12/site-packages/airflow/utils/cli.py", line 116, in wrapper
    return f(*args, **kwargs)
           ^^^^^^^^^^^^^^^^^^
  File "/home/airflow/.local/lib/python3.12/site-packages/airflow/cli/commands/task_command.py", line 483, in task_run
    task_return_code = _run_task_by_selected_method(args, _dag, ti)
                       ^^^^^^^^^^^^^^^^^^^^^^^^^^^^^^^^^^^^^^^^^^^^
  File "/home/airflow/.local/lib/python3.12/site-packages/airflow/cli/commands/task_command.py", line 256, in _run_task_by_selected_method
    return _run_raw_task(args, ti)
           ^^^^^^^^^^^^^^^^^^^^^^^
  File "/home/airflow/.local/lib/python3.12/site-packages/airflow/cli/commands/task_command.py", line 341, in _run_raw_task
    return ti._run_raw_task(
           ^^^^^^^^^^^^^^^^^
  File "/home/airflow/.local/lib/python3.12/site-packages/airflow/utils/session.py", line 97, in wrapper
    return func(*args, session=session, **kwargs)
           ^^^^^^^^^^^^^^^^^^^^^^^^^^^^^^^^^^^^^^
  File "/home/airflow/.local/lib/python3.12/site-packages/airflow/models/taskinstance.py", line 3005, in _run_raw_task
    return _run_raw_task(
           ^^^^^^^^^^^^^^
  File "/home/airflow/.local/lib/python3.12/site-packages/airflow/models/taskinstance.py", line 273, in _run_raw_task
    TaskInstance._execute_task_with_callbacks(
  File "/home/airflow/.local/lib/python3.12/site-packages/airflow/models/taskinstance.py", line 3159, in _execute_task_with_callbacks
    result = self._execute_task(context, task_orig)
             ^^^^^^^^^^^^^^^^^^^^^^^^^^^^^^^^^^^^^^
  File "/home/airflow/.local/lib/python3.12/site-packages/airflow/models/taskinstance.py", line 3183, in _execute_task
    return _execute_task(self, context, task_orig)
           ^^^^^^^^^^^^^^^^^^^^^^^^^^^^^^^^^^^^^^^
  File "/home/airflow/.local/lib/python3.12/site-packages/airflow/models/taskinstance.py", line 767, in _execute_task
    result = _execute_callable(context=context, **execute_callable_kwargs)
             ^^^^^^^^^^^^^^^^^^^^^^^^^^^^^^^^^^^^^^^^^^^^^^^^^^^^^^^^^^^^^
  File "/home/airflow/.local/lib/python3.12/site-packages/airflow/models/taskinstance.py", line 733, in _execute_callable
    return ExecutionCallableRunner(
           ^^^^^^^^^^^^^^^^^^^^^^^^
  File "/home/airflow/.local/lib/python3.12/site-packages/airflow/utils/operator_helpers.py", line 252, in run
    return self.func(*args, **kwargs)
           ^^^^^^^^^^^^^^^^^^^^^^^^^^
  File "/home/airflow/.local/lib/python3.12/site-packages/airflow/models/baseoperator.py", line 417, in wrapper
    return func(self, *args, **kwargs)
           ^^^^^^^^^^^^^^^^^^^^^^^^^^^
  File "/home/airflow/.local/lib/python3.12/site-packages/airflow/providers/apache/spark/operators/spark_submit.py", line 176, in execute
    self._hook.submit(self.application)
  File "/home/airflow/.local/lib/python3.12/site-packages/airflow/providers/apache/spark/hooks/spark_submit.py", line 560, in submit
    raise AirflowException(
airflow.exceptions.AirflowException: Cannot execute: spark-submit --master spark://sparkingflow-spark-master-1:7077 --name arrow-spark --deploy-mode client jobs/python/wordcountjob.py. Error code is: 1.
[2024-12-09T13:14:05.145+0000] {local_task_job_runner.py:266} INFO - Task exited with return code 1
[2024-12-09T13:14:05.174+0000] {local_task_job_runner.py:245} INFO - ::endgroup::
