[2024-12-08T14:39:05.801+0000] {local_task_job_runner.py:123} INFO - ::group::Pre task execution logs
[2024-12-08T14:39:05.818+0000] {taskinstance.py:2613} INFO - Dependencies all met for dep_context=non-requeueable deps ti=<TaskInstance: sparking_flow.scala_job manual__2024-12-08T14:39:04.163267+00:00 [queued]>
[2024-12-08T14:39:05.826+0000] {taskinstance.py:2613} INFO - Dependencies all met for dep_context=requeueable deps ti=<TaskInstance: sparking_flow.scala_job manual__2024-12-08T14:39:04.163267+00:00 [queued]>
[2024-12-08T14:39:05.828+0000] {taskinstance.py:2866} INFO - Starting attempt 1 of 1
[2024-12-08T14:39:05.837+0000] {taskinstance.py:2889} INFO - Executing <Task(SparkSubmitOperator): scala_job> on 2024-12-08 14:39:04.163267+00:00
[2024-12-08T14:39:05.844+0000] {logging_mixin.py:190} WARNING - /home/***/.local/lib/python3.12/site-packages/***/task/task_runner/standard_task_runner.py:70 DeprecationWarning: This process (pid=186) is multi-threaded, use of fork() may lead to deadlocks in the child.
[2024-12-08T14:39:05.843+0000] {standard_task_runner.py:104} INFO - Running: ['***', 'tasks', 'run', 'sparking_flow', 'scala_job', 'manual__2024-12-08T14:39:04.163267+00:00', '--job-id', '164', '--raw', '--subdir', 'DAGS_FOLDER/spark_***.py', '--cfg-path', '/tmp/tmpn67klu7k']
[2024-12-08T14:39:05.846+0000] {standard_task_runner.py:72} INFO - Started process 188 to run task
[2024-12-08T14:39:05.846+0000] {standard_task_runner.py:105} INFO - Job 164: Subtask scala_job
[2024-12-08T14:39:05.892+0000] {task_command.py:467} INFO - Running <TaskInstance: sparking_flow.scala_job manual__2024-12-08T14:39:04.163267+00:00 [running]> on host 2a892a3469ec
[2024-12-08T14:39:05.970+0000] {taskinstance.py:3132} INFO - Exporting env vars: AIRFLOW_CTX_DAG_OWNER='Yusuf Ganiyu' AIRFLOW_CTX_DAG_ID='sparking_flow' AIRFLOW_CTX_TASK_ID='scala_job' AIRFLOW_CTX_EXECUTION_DATE='2024-12-08T14:39:04.163267+00:00' AIRFLOW_CTX_TRY_NUMBER='1' AIRFLOW_CTX_DAG_RUN_ID='manual__2024-12-08T14:39:04.163267+00:00'
[2024-12-08T14:39:05.970+0000] {taskinstance.py:731} INFO - ::endgroup::
[2024-12-08T14:39:05.991+0000] {base.py:84} INFO - Retrieving connection 'spark-conn'
[2024-12-08T14:39:05.993+0000] {spark_submit.py:473} INFO - Spark-Submit cmd: spark-submit --master spark://sparkingflow-spark-master-1:7077 --name arrow-spark --deploy-mode client jobs/scala/target/scala-2.12/word-count_2.12-0.1.jar
[2024-12-08T14:39:09.682+0000] {spark_submit.py:634} INFO - 24/12/08 14:39:09 WARN NativeCodeLoader: Unable to load native-hadoop library for your platform... using builtin-java classes where applicable
[2024-12-08T14:39:10.146+0000] {spark_submit.py:634} INFO - 24/12/08 14:39:10 INFO SparkContext: Running Spark version 3.5.3
[2024-12-08T14:39:10.147+0000] {spark_submit.py:634} INFO - 24/12/08 14:39:10 INFO SparkContext: OS info Linux, 6.10.14-linuxkit, aarch64
[2024-12-08T14:39:10.150+0000] {spark_submit.py:634} INFO - 24/12/08 14:39:10 INFO SparkContext: Java version 17.0.13
[2024-12-08T14:39:10.192+0000] {spark_submit.py:634} INFO - 24/12/08 14:39:10 INFO ResourceUtils: ==============================================================
[2024-12-08T14:39:10.193+0000] {spark_submit.py:634} INFO - 24/12/08 14:39:10 INFO ResourceUtils: No custom resources configured for spark.driver.
[2024-12-08T14:39:10.194+0000] {spark_submit.py:634} INFO - 24/12/08 14:39:10 INFO ResourceUtils: ==============================================================
[2024-12-08T14:39:10.195+0000] {spark_submit.py:634} INFO - 24/12/08 14:39:10 INFO SparkContext: Submitted application: Word Count
[2024-12-08T14:39:10.230+0000] {spark_submit.py:634} INFO - 24/12/08 14:39:10 INFO ResourceProfile: Default ResourceProfile created, executor resources: Map(memory -> name: memory, amount: 1024, script: , vendor: , offHeap -> name: offHeap, amount: 0, script: , vendor: ), task resources: Map(cpus -> name: cpus, amount: 1.0)
[2024-12-08T14:39:10.243+0000] {spark_submit.py:634} INFO - 24/12/08 14:39:10 INFO ResourceProfile: Limiting resource is cpu
[2024-12-08T14:39:10.244+0000] {spark_submit.py:634} INFO - 24/12/08 14:39:10 INFO ResourceProfileManager: Added ResourceProfile id: 0
[2024-12-08T14:39:10.312+0000] {spark_submit.py:634} INFO - 24/12/08 14:39:10 INFO SecurityManager: Changing view acls to: ***
[2024-12-08T14:39:10.314+0000] {spark_submit.py:634} INFO - 24/12/08 14:39:10 INFO SecurityManager: Changing modify acls to: ***
[2024-12-08T14:39:10.315+0000] {spark_submit.py:634} INFO - 24/12/08 14:39:10 INFO SecurityManager: Changing view acls groups to:
[2024-12-08T14:39:10.318+0000] {spark_submit.py:634} INFO - 24/12/08 14:39:10 INFO SecurityManager: Changing modify acls groups to:
[2024-12-08T14:39:10.319+0000] {spark_submit.py:634} INFO - 24/12/08 14:39:10 INFO SecurityManager: SecurityManager: authentication disabled; ui acls disabled; users with view permissions: ***; groups with view permissions: EMPTY; users with modify permissions: ***; groups with modify permissions: EMPTY
[2024-12-08T14:39:10.628+0000] {spark_submit.py:634} INFO - 24/12/08 14:39:10 INFO Utils: Successfully started service 'sparkDriver' on port 36589.
[2024-12-08T14:39:10.680+0000] {spark_submit.py:634} INFO - 24/12/08 14:39:10 INFO SparkEnv: Registering MapOutputTracker
[2024-12-08T14:39:10.788+0000] {spark_submit.py:634} INFO - 24/12/08 14:39:10 INFO SparkEnv: Registering BlockManagerMaster
[2024-12-08T14:39:10.817+0000] {spark_submit.py:634} INFO - 24/12/08 14:39:10 INFO BlockManagerMasterEndpoint: Using org.apache.spark.storage.DefaultTopologyMapper for getting topology information
[2024-12-08T14:39:10.819+0000] {spark_submit.py:634} INFO - 24/12/08 14:39:10 INFO BlockManagerMasterEndpoint: BlockManagerMasterEndpoint up
[2024-12-08T14:39:10.829+0000] {spark_submit.py:634} INFO - 24/12/08 14:39:10 INFO SparkEnv: Registering BlockManagerMasterHeartbeat
[2024-12-08T14:39:10.869+0000] {spark_submit.py:634} INFO - 24/12/08 14:39:10 INFO DiskBlockManager: Created local directory at /tmp/blockmgr-102d8c7e-11c7-45f2-bf71-d38223a516bc
[2024-12-08T14:39:10.907+0000] {spark_submit.py:634} INFO - 24/12/08 14:39:10 INFO MemoryStore: MemoryStore started with capacity 434.4 MiB
[2024-12-08T14:39:10.971+0000] {spark_submit.py:634} INFO - 24/12/08 14:39:10 INFO SparkEnv: Registering OutputCommitCoordinator
[2024-12-08T14:39:11.157+0000] {spark_submit.py:634} INFO - 24/12/08 14:39:11 INFO JettyUtils: Start Jetty 0.0.0.0:4040 for SparkUI
[2024-12-08T14:39:11.247+0000] {spark_submit.py:634} INFO - 24/12/08 14:39:11 WARN Utils: Service 'SparkUI' could not bind on port 4040. Attempting port 4041.
[2024-12-08T14:39:11.260+0000] {spark_submit.py:634} INFO - 24/12/08 14:39:11 INFO Utils: Successfully started service 'SparkUI' on port 4041.
[2024-12-08T14:39:11.322+0000] {spark_submit.py:634} INFO - 24/12/08 14:39:11 INFO SparkContext: Added JAR file:/opt/***/jobs/scala/target/scala-2.12/word-count_2.12-0.1.jar at spark://2a892a3469ec:36589/jars/word-count_2.12-0.1.jar with timestamp 1733668750128
[2024-12-08T14:39:11.482+0000] {spark_submit.py:634} INFO - 24/12/08 14:39:11 INFO StandaloneAppClient$ClientEndpoint: Connecting to master spark://spark-master:7077...
[2024-12-08T14:39:11.551+0000] {spark_submit.py:634} INFO - 24/12/08 14:39:11 INFO TransportClientFactory: Successfully created connection to spark-master/172.18.0.5:7077 after 33 ms (0 ms spent in bootstraps)
[2024-12-08T14:39:11.828+0000] {spark_submit.py:634} INFO - 24/12/08 14:39:11 INFO StandaloneSchedulerBackend: Connected to Spark cluster with app ID app-20241208143911-0000
[2024-12-08T14:39:11.841+0000] {spark_submit.py:634} INFO - 24/12/08 14:39:11 INFO Utils: Successfully started service 'org.apache.spark.network.netty.NettyBlockTransferService' on port 34575.
[2024-12-08T14:39:11.842+0000] {spark_submit.py:634} INFO - 24/12/08 14:39:11 INFO NettyBlockTransferService: Server created on 2a892a3469ec:34575
[2024-12-08T14:39:11.853+0000] {spark_submit.py:634} INFO - 24/12/08 14:39:11 INFO BlockManager: Using org.apache.spark.storage.RandomBlockReplicationPolicy for block replication policy
[2024-12-08T14:39:11.865+0000] {spark_submit.py:634} INFO - 24/12/08 14:39:11 INFO BlockManagerMaster: Registering BlockManager BlockManagerId(driver, 2a892a3469ec, 34575, None)
[2024-12-08T14:39:11.867+0000] {spark_submit.py:634} INFO - 24/12/08 14:39:11 INFO BlockManagerMasterEndpoint: Registering block manager 2a892a3469ec:34575 with 434.4 MiB RAM, BlockManagerId(driver, 2a892a3469ec, 34575, None)
[2024-12-08T14:39:11.871+0000] {spark_submit.py:634} INFO - 24/12/08 14:39:11 INFO BlockManagerMaster: Registered BlockManager BlockManagerId(driver, 2a892a3469ec, 34575, None)
[2024-12-08T14:39:11.876+0000] {spark_submit.py:634} INFO - 24/12/08 14:39:11 INFO BlockManager: Initialized BlockManager: BlockManagerId(driver, 2a892a3469ec, 34575, None)
[2024-12-08T14:39:11.890+0000] {spark_submit.py:634} INFO - 24/12/08 14:39:11 INFO StandaloneAppClient$ClientEndpoint: Executor added: app-20241208143911-0000/0 on worker-20241208143842-172.18.0.7-42293 (172.18.0.7:42293) with 2 core(s)
[2024-12-08T14:39:11.899+0000] {spark_submit.py:634} INFO - 24/12/08 14:39:11 INFO StandaloneSchedulerBackend: Granted executor ID app-20241208143911-0000/0 on hostPort 172.18.0.7:42293 with 2 core(s), 1024.0 MiB RAM
[2024-12-08T14:39:12.298+0000] {spark_submit.py:634} INFO - 24/12/08 14:39:12 INFO StandaloneAppClient$ClientEndpoint: Executor updated: app-20241208143911-0000/0 is now RUNNING
[2024-12-08T14:39:12.362+0000] {spark_submit.py:634} INFO - 24/12/08 14:39:12 INFO StandaloneSchedulerBackend: SchedulerBackend is ready for scheduling beginning after reached minRegisteredResourcesRatio: 0.0
[2024-12-08T14:39:13.255+0000] {spark_submit.py:634} INFO - 24/12/08 14:39:13 INFO SparkContext: Starting job: collect at wordcount.scala:14
[2024-12-08T14:39:14.256+0000] {spark_submit.py:634} INFO - 24/12/08 14:39:14 INFO DAGScheduler: Registering RDD 2 (map at wordcount.scala:11) as input to shuffle 0
[2024-12-08T14:39:14.304+0000] {spark_submit.py:634} INFO - 24/12/08 14:39:14 INFO DAGScheduler: Got job 0 (collect at wordcount.scala:14) with 2 output partitions
[2024-12-08T14:39:14.307+0000] {spark_submit.py:634} INFO - 24/12/08 14:39:14 INFO DAGScheduler: Final stage: ResultStage 1 (collect at wordcount.scala:14)
[2024-12-08T14:39:14.311+0000] {spark_submit.py:634} INFO - 24/12/08 14:39:14 INFO DAGScheduler: Parents of final stage: List(ShuffleMapStage 0)
[2024-12-08T14:39:14.322+0000] {spark_submit.py:634} INFO - 24/12/08 14:39:14 INFO DAGScheduler: Missing parents: List(ShuffleMapStage 0)
[2024-12-08T14:39:14.327+0000] {spark_submit.py:634} INFO - 24/12/08 14:39:14 INFO DAGScheduler: Submitting ShuffleMapStage 0 (MapPartitionsRDD[2] at map at wordcount.scala:11), which has no missing parents
[2024-12-08T14:39:14.796+0000] {spark_submit.py:634} INFO - 24/12/08 14:39:14 INFO MemoryStore: Block broadcast_0 stored as values in memory (estimated size 5.5 KiB, free 434.4 MiB)
[2024-12-08T14:39:14.958+0000] {spark_submit.py:634} INFO - 24/12/08 14:39:14 INFO MemoryStore: Block broadcast_0_piece0 stored as bytes in memory (estimated size 3.2 KiB, free 434.4 MiB)
[2024-12-08T14:39:14.964+0000] {spark_submit.py:634} INFO - 24/12/08 14:39:14 INFO BlockManagerInfo: Added broadcast_0_piece0 in memory on 2a892a3469ec:34575 (size: 3.2 KiB, free: 434.4 MiB)
[2024-12-08T14:39:14.990+0000] {spark_submit.py:634} INFO - 24/12/08 14:39:14 INFO SparkContext: Created broadcast 0 from broadcast at DAGScheduler.scala:1585
[2024-12-08T14:39:15.060+0000] {spark_submit.py:634} INFO - 24/12/08 14:39:15 INFO DAGScheduler: Submitting 2 missing tasks from ShuffleMapStage 0 (MapPartitionsRDD[2] at map at wordcount.scala:11) (first 15 tasks are for partitions Vector(0, 1))
[2024-12-08T14:39:15.063+0000] {spark_submit.py:634} INFO - 24/12/08 14:39:15 INFO TaskSchedulerImpl: Adding task set 0.0 with 2 tasks resource profile 0
[2024-12-08T14:39:16.960+0000] {spark_submit.py:634} INFO - 24/12/08 14:39:16 INFO StandaloneSchedulerBackend$StandaloneDriverEndpoint: Registered executor NettyRpcEndpointRef(spark-client://Executor) (172.18.0.7:54330) with ID 0,  ResourceProfileId 0
[2024-12-08T14:39:17.010+0000] {spark_submit.py:634} INFO - 24/12/08 14:39:17 INFO BlockManagerMasterEndpoint: Registering block manager 172.18.0.7:46707 with 434.4 MiB RAM, BlockManagerId(0, 172.18.0.7, 46707, None)
[2024-12-08T14:39:17.102+0000] {spark_submit.py:634} INFO - 24/12/08 14:39:17 INFO TaskSetManager: Starting task 0.0 in stage 0.0 (TID 0) (172.18.0.7, executor 0, partition 0, PROCESS_LOCAL, 9198 bytes)
[2024-12-08T14:39:17.107+0000] {spark_submit.py:634} INFO - 24/12/08 14:39:17 INFO TaskSetManager: Starting task 1.0 in stage 0.0 (TID 1) (172.18.0.7, executor 0, partition 1, PROCESS_LOCAL, 9213 bytes)
[2024-12-08T14:39:17.292+0000] {spark_submit.py:634} INFO - 24/12/08 14:39:17 INFO BlockManagerInfo: Added broadcast_0_piece0 in memory on 172.18.0.7:46707 (size: 3.2 KiB, free: 434.4 MiB)
[2024-12-08T14:39:17.896+0000] {spark_submit.py:634} INFO - 24/12/08 14:39:17 INFO TaskSetManager: Finished task 0.0 in stage 0.0 (TID 0) in 808 ms on 172.18.0.7 (executor 0) (1/2)
[2024-12-08T14:39:17.897+0000] {spark_submit.py:634} INFO - 24/12/08 14:39:17 INFO TaskSetManager: Finished task 1.0 in stage 0.0 (TID 1) in 792 ms on 172.18.0.7 (executor 0) (2/2)
[2024-12-08T14:39:17.898+0000] {spark_submit.py:634} INFO - 24/12/08 14:39:17 INFO TaskSchedulerImpl: Removed TaskSet 0.0, whose tasks have all completed, from pool
[2024-12-08T14:39:17.904+0000] {spark_submit.py:634} INFO - 24/12/08 14:39:17 INFO DAGScheduler: ShuffleMapStage 0 (map at wordcount.scala:11) finished in 3.459 s
[2024-12-08T14:39:17.905+0000] {spark_submit.py:634} INFO - 24/12/08 14:39:17 INFO DAGScheduler: looking for newly runnable stages
[2024-12-08T14:39:17.906+0000] {spark_submit.py:634} INFO - 24/12/08 14:39:17 INFO DAGScheduler: running: Set()
[2024-12-08T14:39:17.906+0000] {spark_submit.py:634} INFO - 24/12/08 14:39:17 INFO DAGScheduler: waiting: Set(ResultStage 1)
[2024-12-08T14:39:17.906+0000] {spark_submit.py:634} INFO - 24/12/08 14:39:17 INFO DAGScheduler: failed: Set()
[2024-12-08T14:39:17.909+0000] {spark_submit.py:634} INFO - 24/12/08 14:39:17 INFO DAGScheduler: Submitting ResultStage 1 (ShuffledRDD[3] at reduceByKey at wordcount.scala:12), which has no missing parents
[2024-12-08T14:39:17.921+0000] {spark_submit.py:634} INFO - 24/12/08 14:39:17 INFO MemoryStore: Block broadcast_1 stored as values in memory (estimated size 5.2 KiB, free 434.4 MiB)
[2024-12-08T14:39:17.938+0000] {spark_submit.py:634} INFO - 24/12/08 14:39:17 INFO MemoryStore: Block broadcast_1_piece0 stored as bytes in memory (estimated size 3.1 KiB, free 434.4 MiB)
[2024-12-08T14:39:17.940+0000] {spark_submit.py:634} INFO - 24/12/08 14:39:17 INFO BlockManagerInfo: Added broadcast_1_piece0 in memory on 2a892a3469ec:34575 (size: 3.1 KiB, free: 434.4 MiB)
[2024-12-08T14:39:17.941+0000] {spark_submit.py:634} INFO - 24/12/08 14:39:17 INFO SparkContext: Created broadcast 1 from broadcast at DAGScheduler.scala:1585
[2024-12-08T14:39:17.942+0000] {spark_submit.py:634} INFO - 24/12/08 14:39:17 INFO DAGScheduler: Submitting 2 missing tasks from ResultStage 1 (ShuffledRDD[3] at reduceByKey at wordcount.scala:12) (first 15 tasks are for partitions Vector(0, 1))
[2024-12-08T14:39:17.943+0000] {spark_submit.py:634} INFO - 24/12/08 14:39:17 INFO TaskSchedulerImpl: Adding task set 1.0 with 2 tasks resource profile 0
[2024-12-08T14:39:17.948+0000] {spark_submit.py:634} INFO - 24/12/08 14:39:17 INFO TaskSetManager: Starting task 0.0 in stage 1.0 (TID 2) (172.18.0.7, executor 0, partition 0, NODE_LOCAL, 9003 bytes)
[2024-12-08T14:39:17.948+0000] {spark_submit.py:634} INFO - 24/12/08 14:39:17 INFO TaskSetManager: Starting task 1.0 in stage 1.0 (TID 3) (172.18.0.7, executor 0, partition 1, NODE_LOCAL, 9003 bytes)
[2024-12-08T14:39:17.967+0000] {spark_submit.py:634} INFO - 24/12/08 14:39:17 INFO BlockManagerInfo: Added broadcast_1_piece0 in memory on 172.18.0.7:46707 (size: 3.1 KiB, free: 434.4 MiB)
[2024-12-08T14:39:18.013+0000] {spark_submit.py:634} INFO - 24/12/08 14:39:18 INFO MapOutputTrackerMasterEndpoint: Asked to send map output locations for shuffle 0 to 172.18.0.7:54330
[2024-12-08T14:39:18.126+0000] {spark_submit.py:634} INFO - 24/12/08 14:39:18 INFO TaskSetManager: Finished task 1.0 in stage 1.0 (TID 3) in 177 ms on 172.18.0.7 (executor 0) (1/2)
[2024-12-08T14:39:18.128+0000] {spark_submit.py:634} INFO - 24/12/08 14:39:18 INFO TaskSetManager: Finished task 0.0 in stage 1.0 (TID 2) in 182 ms on 172.18.0.7 (executor 0) (2/2)
[2024-12-08T14:39:18.129+0000] {spark_submit.py:634} INFO - 24/12/08 14:39:18 INFO TaskSchedulerImpl: Removed TaskSet 1.0, whose tasks have all completed, from pool
[2024-12-08T14:39:18.130+0000] {spark_submit.py:634} INFO - 24/12/08 14:39:18 INFO DAGScheduler: ResultStage 1 (collect at wordcount.scala:14) finished in 0.212 s
[2024-12-08T14:39:18.138+0000] {spark_submit.py:634} INFO - 24/12/08 14:39:18 INFO DAGScheduler: Job 0 is finished. Cancelling potential speculative or zombie tasks for this job
[2024-12-08T14:39:18.140+0000] {spark_submit.py:634} INFO - 24/12/08 14:39:18 INFO TaskSchedulerImpl: Killing all running tasks in stage 1: Stage finished
[2024-12-08T14:39:18.143+0000] {spark_submit.py:634} INFO - 24/12/08 14:39:18 INFO DAGScheduler: Job 0 finished: collect at wordcount.scala:14, took 4.885177 s
[2024-12-08T14:39:18.147+0000] {spark_submit.py:634} INFO - (Hello,5)
[2024-12-08T14:39:18.148+0000] {spark_submit.py:634} INFO - (Yusuf,1)
[2024-12-08T14:39:18.148+0000] {spark_submit.py:634} INFO - (World,1)
[2024-12-08T14:39:18.148+0000] {spark_submit.py:634} INFO - (Scala,1)
[2024-12-08T14:39:18.148+0000] {spark_submit.py:634} INFO - (Docker,1)
[2024-12-08T14:39:18.149+0000] {spark_submit.py:634} INFO - (spark,1)
[2024-12-08T14:39:18.149+0000] {spark_submit.py:634} INFO - 24/12/08 14:39:18 INFO SparkContext: SparkContext is stopping with exitCode 0.
[2024-12-08T14:39:18.158+0000] {spark_submit.py:634} INFO - 24/12/08 14:39:18 INFO SparkUI: Stopped Spark web UI at http://2a892a3469ec:4041
[2024-12-08T14:39:18.161+0000] {spark_submit.py:634} INFO - 24/12/08 14:39:18 INFO StandaloneSchedulerBackend: Shutting down all executors
[2024-12-08T14:39:18.161+0000] {spark_submit.py:634} INFO - 24/12/08 14:39:18 INFO StandaloneSchedulerBackend$StandaloneDriverEndpoint: Asking each executor to shut down
[2024-12-08T14:39:18.183+0000] {spark_submit.py:634} INFO - 24/12/08 14:39:18 INFO MapOutputTrackerMasterEndpoint: MapOutputTrackerMasterEndpoint stopped!
[2024-12-08T14:39:18.203+0000] {spark_submit.py:634} INFO - 24/12/08 14:39:18 INFO MemoryStore: MemoryStore cleared
[2024-12-08T14:39:18.204+0000] {spark_submit.py:634} INFO - 24/12/08 14:39:18 INFO BlockManager: BlockManager stopped
[2024-12-08T14:39:18.211+0000] {spark_submit.py:634} INFO - 24/12/08 14:39:18 INFO BlockManagerMaster: BlockManagerMaster stopped
[2024-12-08T14:39:18.213+0000] {spark_submit.py:634} INFO - 24/12/08 14:39:18 INFO OutputCommitCoordinator$OutputCommitCoordinatorEndpoint: OutputCommitCoordinator stopped!
[2024-12-08T14:39:18.228+0000] {spark_submit.py:634} INFO - 24/12/08 14:39:18 INFO SparkContext: Successfully stopped SparkContext
[2024-12-08T14:39:18.231+0000] {spark_submit.py:634} INFO - 24/12/08 14:39:18 INFO ShutdownHookManager: Shutdown hook called
[2024-12-08T14:39:18.231+0000] {spark_submit.py:634} INFO - 24/12/08 14:39:18 INFO ShutdownHookManager: Deleting directory /tmp/spark-8689256b-a2cd-450e-a430-f78d4e8c1416
[2024-12-08T14:39:18.235+0000] {spark_submit.py:634} INFO - 24/12/08 14:39:18 INFO ShutdownHookManager: Deleting directory /tmp/spark-05ac97bf-d28d-46b7-a4de-afbc14f02a76
[2024-12-08T14:39:18.300+0000] {taskinstance.py:340} INFO - ::group::Post task execution logs
[2024-12-08T14:39:18.301+0000] {taskinstance.py:352} INFO - Marking task as SUCCESS. dag_id=sparking_flow, task_id=scala_job, run_id=manual__2024-12-08T14:39:04.163267+00:00, execution_date=20241208T143904, start_date=20241208T143905, end_date=20241208T143918
[2024-12-08T14:39:18.339+0000] {local_task_job_runner.py:266} INFO - Task exited with return code 0
[2024-12-08T14:39:18.357+0000] {taskinstance.py:3895} INFO - 0 downstream tasks scheduled from follow-on schedule check
[2024-12-08T14:39:18.358+0000] {local_task_job_runner.py:245} INFO - ::endgroup::
