[2024-12-08T14:41:13.654+0000] {local_task_job_runner.py:123} INFO - ::group::Pre task execution logs
[2024-12-08T14:41:13.666+0000] {taskinstance.py:2613} INFO - Dependencies all met for dep_context=non-requeueable deps ti=<TaskInstance: sparking_flow.java_job manual__2024-12-08T14:41:12.103858+00:00 [queued]>
[2024-12-08T14:41:13.673+0000] {taskinstance.py:2613} INFO - Dependencies all met for dep_context=requeueable deps ti=<TaskInstance: sparking_flow.java_job manual__2024-12-08T14:41:12.103858+00:00 [queued]>
[2024-12-08T14:41:13.674+0000] {taskinstance.py:2866} INFO - Starting attempt 1 of 1
[2024-12-08T14:41:13.683+0000] {taskinstance.py:2889} INFO - Executing <Task(SparkSubmitOperator): java_job> on 2024-12-08 14:41:12.103858+00:00
[2024-12-08T14:41:13.690+0000] {logging_mixin.py:190} WARNING - /home/***/.local/lib/python3.12/site-packages/***/task/task_runner/standard_task_runner.py:70 DeprecationWarning: This process (pid=186) is multi-threaded, use of fork() may lead to deadlocks in the child.
[2024-12-08T14:41:13.693+0000] {standard_task_runner.py:72} INFO - Started process 188 to run task
[2024-12-08T14:41:13.691+0000] {standard_task_runner.py:104} INFO - Running: ['***', 'tasks', 'run', 'sparking_flow', 'java_job', 'manual__2024-12-08T14:41:12.103858+00:00', '--job-id', '171', '--raw', '--subdir', 'DAGS_FOLDER/spark_***.py', '--cfg-path', '/tmp/tmpa32odypp']
[2024-12-08T14:41:13.697+0000] {standard_task_runner.py:105} INFO - Job 171: Subtask java_job
[2024-12-08T14:41:13.740+0000] {task_command.py:467} INFO - Running <TaskInstance: sparking_flow.java_job manual__2024-12-08T14:41:12.103858+00:00 [running]> on host 2a892a3469ec
[2024-12-08T14:41:13.816+0000] {taskinstance.py:3132} INFO - Exporting env vars: AIRFLOW_CTX_DAG_OWNER='Yusuf Ganiyu' AIRFLOW_CTX_DAG_ID='sparking_flow' AIRFLOW_CTX_TASK_ID='java_job' AIRFLOW_CTX_EXECUTION_DATE='2024-12-08T14:41:12.103858+00:00' AIRFLOW_CTX_TRY_NUMBER='1' AIRFLOW_CTX_DAG_RUN_ID='manual__2024-12-08T14:41:12.103858+00:00'
[2024-12-08T14:41:13.817+0000] {taskinstance.py:731} INFO - ::endgroup::
[2024-12-08T14:41:13.836+0000] {base.py:84} INFO - Retrieving connection 'spark-conn'
[2024-12-08T14:41:13.837+0000] {spark_submit.py:473} INFO - Spark-Submit cmd: spark-submit --master spark://sparkingflow-spark-master-1:7077 --name arrow-spark --class com.airscholar.spark.WordCountJob --deploy-mode client jobs/java/spark-job/target/spark-job-1.0-SNAPSHOT.jar
[2024-12-08T14:41:17.155+0000] {spark_submit.py:634} INFO - 24/12/08 14:41:17 INFO SparkContext: Running Spark version 3.5.3
[2024-12-08T14:41:17.166+0000] {spark_submit.py:634} INFO - 24/12/08 14:41:17 INFO SparkContext: OS info Linux, 6.10.14-linuxkit, aarch64
[2024-12-08T14:41:17.167+0000] {spark_submit.py:634} INFO - 24/12/08 14:41:17 INFO SparkContext: Java version 17.0.13
[2024-12-08T14:41:17.279+0000] {spark_submit.py:634} INFO - 24/12/08 14:41:17 WARN NativeCodeLoader: Unable to load native-hadoop library for your platform... using builtin-java classes where applicable
[2024-12-08T14:41:17.408+0000] {spark_submit.py:634} INFO - 24/12/08 14:41:17 INFO ResourceUtils: ==============================================================
[2024-12-08T14:41:17.409+0000] {spark_submit.py:634} INFO - 24/12/08 14:41:17 INFO ResourceUtils: No custom resources configured for spark.driver.
[2024-12-08T14:41:17.412+0000] {spark_submit.py:634} INFO - 24/12/08 14:41:17 INFO ResourceUtils: ==============================================================
[2024-12-08T14:41:17.417+0000] {spark_submit.py:634} INFO - 24/12/08 14:41:17 INFO SparkContext: Submitted application: Word Count Job
[2024-12-08T14:41:17.501+0000] {spark_submit.py:634} INFO - 24/12/08 14:41:17 INFO ResourceProfile: Default ResourceProfile created, executor resources: Map(cores -> name: cores, amount: 1, script: , vendor: , memory -> name: memory, amount: 1024, script: , vendor: , offHeap -> name: offHeap, amount: 0, script: , vendor: ), task resources: Map(cpus -> name: cpus, amount: 1.0)
[2024-12-08T14:41:17.516+0000] {spark_submit.py:634} INFO - 24/12/08 14:41:17 INFO ResourceProfile: Limiting resource is cpu
[2024-12-08T14:41:17.517+0000] {spark_submit.py:634} INFO - 24/12/08 14:41:17 INFO ResourceProfileManager: Added ResourceProfile id: 0
[2024-12-08T14:41:17.615+0000] {spark_submit.py:634} INFO - 24/12/08 14:41:17 INFO SecurityManager: Changing view acls to: ***
[2024-12-08T14:41:17.617+0000] {spark_submit.py:634} INFO - 24/12/08 14:41:17 INFO SecurityManager: Changing modify acls to: ***
[2024-12-08T14:41:17.617+0000] {spark_submit.py:634} INFO - 24/12/08 14:41:17 INFO SecurityManager: Changing view acls groups to:
[2024-12-08T14:41:17.618+0000] {spark_submit.py:634} INFO - 24/12/08 14:41:17 INFO SecurityManager: Changing modify acls groups to:
[2024-12-08T14:41:17.619+0000] {spark_submit.py:634} INFO - 24/12/08 14:41:17 INFO SecurityManager: SecurityManager: authentication disabled; ui acls disabled; users with view permissions: ***; groups with view permissions: EMPTY; users with modify permissions: ***; groups with modify permissions: EMPTY
[2024-12-08T14:41:17.964+0000] {spark_submit.py:634} INFO - 24/12/08 14:41:17 INFO Utils: Successfully started service 'sparkDriver' on port 46749.
[2024-12-08T14:41:18.007+0000] {spark_submit.py:634} INFO - 24/12/08 14:41:18 INFO SparkEnv: Registering MapOutputTracker
[2024-12-08T14:41:18.050+0000] {spark_submit.py:634} INFO - 24/12/08 14:41:18 INFO SparkEnv: Registering BlockManagerMaster
[2024-12-08T14:41:18.073+0000] {spark_submit.py:634} INFO - 24/12/08 14:41:18 INFO BlockManagerMasterEndpoint: Using org.apache.spark.storage.DefaultTopologyMapper for getting topology information
[2024-12-08T14:41:18.073+0000] {spark_submit.py:634} INFO - 24/12/08 14:41:18 INFO BlockManagerMasterEndpoint: BlockManagerMasterEndpoint up
[2024-12-08T14:41:18.078+0000] {spark_submit.py:634} INFO - 24/12/08 14:41:18 INFO SparkEnv: Registering BlockManagerMasterHeartbeat
[2024-12-08T14:41:18.108+0000] {spark_submit.py:634} INFO - 24/12/08 14:41:18 INFO DiskBlockManager: Created local directory at /tmp/blockmgr-91b1d9bf-b1fe-4912-bb45-f7e4b37c72e6
[2024-12-08T14:41:18.127+0000] {spark_submit.py:634} INFO - 24/12/08 14:41:18 INFO MemoryStore: MemoryStore started with capacity 434.4 MiB
[2024-12-08T14:41:18.142+0000] {spark_submit.py:634} INFO - 24/12/08 14:41:18 INFO SparkEnv: Registering OutputCommitCoordinator
[2024-12-08T14:41:18.351+0000] {spark_submit.py:634} INFO - 24/12/08 14:41:18 INFO JettyUtils: Start Jetty 0.0.0.0:4040 for SparkUI
[2024-12-08T14:41:18.440+0000] {spark_submit.py:634} INFO - 24/12/08 14:41:18 INFO Utils: Successfully started service 'SparkUI' on port 4040.
[2024-12-08T14:41:18.514+0000] {spark_submit.py:634} INFO - 24/12/08 14:41:18 INFO SparkContext: Added JAR file:/opt/***/jobs/java/spark-job/target/spark-job-1.0-SNAPSHOT.jar at spark://2a892a3469ec:46749/jars/spark-job-1.0-SNAPSHOT.jar with timestamp 1733668877140
[2024-12-08T14:41:18.615+0000] {spark_submit.py:634} INFO - 24/12/08 14:41:18 INFO Executor: Starting executor ID driver on host 2a892a3469ec
[2024-12-08T14:41:18.616+0000] {spark_submit.py:634} INFO - 24/12/08 14:41:18 INFO Executor: OS info Linux, 6.10.14-linuxkit, aarch64
[2024-12-08T14:41:18.616+0000] {spark_submit.py:634} INFO - 24/12/08 14:41:18 INFO Executor: Java version 17.0.13
[2024-12-08T14:41:18.624+0000] {spark_submit.py:634} INFO - 24/12/08 14:41:18 INFO Executor: Starting executor with user classpath (userClassPathFirst = false): ''
[2024-12-08T14:41:18.626+0000] {spark_submit.py:634} INFO - 24/12/08 14:41:18 INFO Executor: Created or updated repl class loader org.apache.spark.util.MutableURLClassLoader@63d5874f for default.
[2024-12-08T14:41:18.644+0000] {spark_submit.py:634} INFO - 24/12/08 14:41:18 INFO Executor: Fetching spark://2a892a3469ec:46749/jars/spark-job-1.0-SNAPSHOT.jar with timestamp 1733668877140
[2024-12-08T14:41:18.781+0000] {spark_submit.py:634} INFO - 24/12/08 14:41:18 INFO TransportClientFactory: Successfully created connection to 2a892a3469ec/172.18.0.4:46749 after 70 ms (0 ms spent in bootstraps)
[2024-12-08T14:41:18.800+0000] {spark_submit.py:634} INFO - 24/12/08 14:41:18 INFO Utils: Fetching spark://2a892a3469ec:46749/jars/spark-job-1.0-SNAPSHOT.jar to /tmp/spark-188b38d8-0852-42fa-889b-272054215509/userFiles-4168e7c0-bed2-42cc-a837-7141e705f318/fetchFileTemp4308679243954402177.tmp
[2024-12-08T14:41:18.859+0000] {spark_submit.py:634} INFO - 24/12/08 14:41:18 INFO Executor: Adding file:/tmp/spark-188b38d8-0852-42fa-889b-272054215509/userFiles-4168e7c0-bed2-42cc-a837-7141e705f318/spark-job-1.0-SNAPSHOT.jar to class loader default
[2024-12-08T14:41:18.866+0000] {spark_submit.py:634} INFO - 24/12/08 14:41:18 INFO Utils: Successfully started service 'org.apache.spark.network.netty.NettyBlockTransferService' on port 38221.
[2024-12-08T14:41:18.867+0000] {spark_submit.py:634} INFO - 24/12/08 14:41:18 INFO NettyBlockTransferService: Server created on 2a892a3469ec:38221
[2024-12-08T14:41:18.868+0000] {spark_submit.py:634} INFO - 24/12/08 14:41:18 INFO BlockManager: Using org.apache.spark.storage.RandomBlockReplicationPolicy for block replication policy
[2024-12-08T14:41:18.876+0000] {spark_submit.py:634} INFO - 24/12/08 14:41:18 INFO BlockManagerMaster: Registering BlockManager BlockManagerId(driver, 2a892a3469ec, 38221, None)
[2024-12-08T14:41:18.880+0000] {spark_submit.py:634} INFO - 24/12/08 14:41:18 INFO BlockManagerMasterEndpoint: Registering block manager 2a892a3469ec:38221 with 434.4 MiB RAM, BlockManagerId(driver, 2a892a3469ec, 38221, None)
[2024-12-08T14:41:18.883+0000] {spark_submit.py:634} INFO - 24/12/08 14:41:18 INFO BlockManagerMaster: Registered BlockManager BlockManagerId(driver, 2a892a3469ec, 38221, None)
[2024-12-08T14:41:18.884+0000] {spark_submit.py:634} INFO - 24/12/08 14:41:18 INFO BlockManager: Initialized BlockManager: BlockManagerId(driver, 2a892a3469ec, 38221, None)
[2024-12-08T14:41:19.916+0000] {spark_submit.py:634} INFO - 24/12/08 14:41:19 INFO SparkContext: Starting job: collect at WordCountJob.java:37
[2024-12-08T14:41:19.966+0000] {spark_submit.py:634} INFO - 24/12/08 14:41:19 INFO DAGScheduler: Registering RDD 2 (mapToPair at WordCountJob.java:33) as input to shuffle 0
[2024-12-08T14:41:19.974+0000] {spark_submit.py:634} INFO - 24/12/08 14:41:19 INFO DAGScheduler: Got job 0 (collect at WordCountJob.java:37) with 1 output partitions
[2024-12-08T14:41:19.976+0000] {spark_submit.py:634} INFO - 24/12/08 14:41:19 INFO DAGScheduler: Final stage: ResultStage 1 (collect at WordCountJob.java:37)
[2024-12-08T14:41:19.976+0000] {spark_submit.py:634} INFO - 24/12/08 14:41:19 INFO DAGScheduler: Parents of final stage: List(ShuffleMapStage 0)
[2024-12-08T14:41:19.979+0000] {spark_submit.py:634} INFO - 24/12/08 14:41:19 INFO DAGScheduler: Missing parents: List(ShuffleMapStage 0)
[2024-12-08T14:41:19.989+0000] {spark_submit.py:634} INFO - 24/12/08 14:41:19 INFO DAGScheduler: Submitting ShuffleMapStage 0 (MapPartitionsRDD[2] at mapToPair at WordCountJob.java:33), which has no missing parents
[2024-12-08T14:41:20.184+0000] {spark_submit.py:634} INFO - 24/12/08 14:41:20 INFO MemoryStore: Block broadcast_0 stored as values in memory (estimated size 6.4 KiB, free 434.4 MiB)
[2024-12-08T14:41:20.233+0000] {spark_submit.py:634} INFO - 24/12/08 14:41:20 INFO MemoryStore: Block broadcast_0_piece0 stored as bytes in memory (estimated size 3.4 KiB, free 434.4 MiB)
[2024-12-08T14:41:20.236+0000] {spark_submit.py:634} INFO - 24/12/08 14:41:20 INFO BlockManagerInfo: Added broadcast_0_piece0 in memory on 2a892a3469ec:38221 (size: 3.4 KiB, free: 434.4 MiB)
[2024-12-08T14:41:20.240+0000] {spark_submit.py:634} INFO - 24/12/08 14:41:20 INFO SparkContext: Created broadcast 0 from broadcast at DAGScheduler.scala:1585
[2024-12-08T14:41:20.272+0000] {spark_submit.py:634} INFO - 24/12/08 14:41:20 INFO DAGScheduler: Submitting 1 missing tasks from ShuffleMapStage 0 (MapPartitionsRDD[2] at mapToPair at WordCountJob.java:33) (first 15 tasks are for partitions Vector(0))
[2024-12-08T14:41:20.274+0000] {spark_submit.py:634} INFO - 24/12/08 14:41:20 INFO TaskSchedulerImpl: Adding task set 0.0 with 1 tasks resource profile 0
[2024-12-08T14:41:20.387+0000] {spark_submit.py:634} INFO - 24/12/08 14:41:20 INFO TaskSetManager: Starting task 0.0 in stage 0.0 (TID 0) (2a892a3469ec, executor driver, partition 0, PROCESS_LOCAL, 9249 bytes)
[2024-12-08T14:41:20.404+0000] {spark_submit.py:634} INFO - 24/12/08 14:41:20 INFO Executor: Running task 0.0 in stage 0.0 (TID 0)
[2024-12-08T14:41:20.762+0000] {spark_submit.py:634} INFO - 24/12/08 14:41:20 INFO Executor: Finished task 0.0 in stage 0.0 (TID 0). 1216 bytes result sent to driver
[2024-12-08T14:41:20.818+0000] {spark_submit.py:634} INFO - 24/12/08 14:41:20 INFO TaskSetManager: Finished task 0.0 in stage 0.0 (TID 0) in 468 ms on 2a892a3469ec (executor driver) (1/1)
[2024-12-08T14:41:20.823+0000] {spark_submit.py:634} INFO - 24/12/08 14:41:20 INFO TaskSchedulerImpl: Removed TaskSet 0.0, whose tasks have all completed, from pool
[2024-12-08T14:41:20.836+0000] {spark_submit.py:634} INFO - 24/12/08 14:41:20 INFO DAGScheduler: ShuffleMapStage 0 (mapToPair at WordCountJob.java:33) finished in 0.790 s
[2024-12-08T14:41:20.845+0000] {spark_submit.py:634} INFO - 24/12/08 14:41:20 INFO DAGScheduler: looking for newly runnable stages
[2024-12-08T14:41:20.845+0000] {spark_submit.py:634} INFO - 24/12/08 14:41:20 INFO DAGScheduler: running: Set()
[2024-12-08T14:41:20.846+0000] {spark_submit.py:634} INFO - 24/12/08 14:41:20 INFO DAGScheduler: waiting: Set(ResultStage 1)
[2024-12-08T14:41:20.852+0000] {spark_submit.py:634} INFO - 24/12/08 14:41:20 INFO DAGScheduler: failed: Set()
[2024-12-08T14:41:20.856+0000] {spark_submit.py:634} INFO - 24/12/08 14:41:20 INFO DAGScheduler: Submitting ResultStage 1 (ShuffledRDD[3] at reduceByKey at WordCountJob.java:34), which has no missing parents
[2024-12-08T14:41:20.861+0000] {spark_submit.py:634} INFO - 24/12/08 14:41:20 INFO MemoryStore: Block broadcast_1 stored as values in memory (estimated size 5.2 KiB, free 434.4 MiB)
[2024-12-08T14:41:20.910+0000] {spark_submit.py:634} INFO - 24/12/08 14:41:20 INFO MemoryStore: Block broadcast_1_piece0 stored as bytes in memory (estimated size 2.9 KiB, free 434.4 MiB)
[2024-12-08T14:41:20.917+0000] {spark_submit.py:634} INFO - 24/12/08 14:41:20 INFO BlockManagerInfo: Added broadcast_1_piece0 in memory on 2a892a3469ec:38221 (size: 2.9 KiB, free: 434.4 MiB)
[2024-12-08T14:41:20.926+0000] {spark_submit.py:634} INFO - 24/12/08 14:41:20 INFO SparkContext: Created broadcast 1 from broadcast at DAGScheduler.scala:1585
[2024-12-08T14:41:20.937+0000] {spark_submit.py:634} INFO - 24/12/08 14:41:20 INFO DAGScheduler: Submitting 1 missing tasks from ResultStage 1 (ShuffledRDD[3] at reduceByKey at WordCountJob.java:34) (first 15 tasks are for partitions Vector(0))
[2024-12-08T14:41:20.938+0000] {spark_submit.py:634} INFO - 24/12/08 14:41:20 INFO TaskSchedulerImpl: Adding task set 1.0 with 1 tasks resource profile 0
[2024-12-08T14:41:20.957+0000] {spark_submit.py:634} INFO - 24/12/08 14:41:20 INFO TaskSetManager: Starting task 0.0 in stage 1.0 (TID 1) (2a892a3469ec, executor driver, partition 0, NODE_LOCAL, 9002 bytes)
[2024-12-08T14:41:20.958+0000] {spark_submit.py:634} INFO - 24/12/08 14:41:20 INFO Executor: Running task 0.0 in stage 1.0 (TID 1)
[2024-12-08T14:41:21.085+0000] {spark_submit.py:634} INFO - 24/12/08 14:41:21 INFO ShuffleBlockFetcherIterator: Getting 1 (189.0 B) non-empty blocks including 1 (189.0 B) local and 0 (0.0 B) host-local and 0 (0.0 B) push-merged-local and 0 (0.0 B) remote blocks
[2024-12-08T14:41:21.092+0000] {spark_submit.py:634} INFO - 24/12/08 14:41:21 INFO ShuffleBlockFetcherIterator: Started 0 remote fetches in 27 ms
[2024-12-08T14:41:21.150+0000] {spark_submit.py:634} INFO - 24/12/08 14:41:21 INFO Executor: Finished task 0.0 in stage 1.0 (TID 1). 1958 bytes result sent to driver
[2024-12-08T14:41:21.156+0000] {spark_submit.py:634} INFO - 24/12/08 14:41:21 INFO TaskSetManager: Finished task 0.0 in stage 1.0 (TID 1) in 204 ms on 2a892a3469ec (executor driver) (1/1)
[2024-12-08T14:41:21.160+0000] {spark_submit.py:634} INFO - 24/12/08 14:41:21 INFO TaskSchedulerImpl: Removed TaskSet 1.0, whose tasks have all completed, from pool
[2024-12-08T14:41:21.160+0000] {spark_submit.py:634} INFO - 24/12/08 14:41:21 INFO DAGScheduler: ResultStage 1 (collect at WordCountJob.java:37) finished in 0.299 s
[2024-12-08T14:41:21.164+0000] {spark_submit.py:634} INFO - 24/12/08 14:41:21 INFO DAGScheduler: Job 0 is finished. Cancelling potential speculative or zombie tasks for this job
[2024-12-08T14:41:21.168+0000] {spark_submit.py:634} INFO - 24/12/08 14:41:21 INFO TaskSchedulerImpl: Killing all running tasks in stage 1: Stage finished
[2024-12-08T14:41:21.172+0000] {spark_submit.py:634} INFO - 24/12/08 14:41:21 INFO DAGScheduler: Job 0 finished: collect at WordCountJob.java:37, took 1.255924 s
[2024-12-08T14:41:21.175+0000] {spark_submit.py:634} INFO - spark: 1
[2024-12-08T14:41:21.177+0000] {spark_submit.py:634} INFO - docker: 1
[2024-12-08T14:41:21.178+0000] {spark_submit.py:634} INFO - Yusuf: 1
[2024-12-08T14:41:21.179+0000] {spark_submit.py:634} INFO - hello: 5
[2024-12-08T14:41:21.180+0000] {spark_submit.py:634} INFO - java: 1
[2024-12-08T14:41:21.181+0000] {spark_submit.py:634} INFO - world: 1
[2024-12-08T14:41:21.181+0000] {spark_submit.py:634} INFO - 24/12/08 14:41:21 INFO SparkContext: SparkContext is stopping with exitCode 0.
[2024-12-08T14:41:21.199+0000] {spark_submit.py:634} INFO - 24/12/08 14:41:21 INFO SparkUI: Stopped Spark web UI at http://2a892a3469ec:4040
[2024-12-08T14:41:21.220+0000] {spark_submit.py:634} INFO - 24/12/08 14:41:21 INFO MapOutputTrackerMasterEndpoint: MapOutputTrackerMasterEndpoint stopped!
[2024-12-08T14:41:21.243+0000] {spark_submit.py:634} INFO - 24/12/08 14:41:21 INFO MemoryStore: MemoryStore cleared
[2024-12-08T14:41:21.244+0000] {spark_submit.py:634} INFO - 24/12/08 14:41:21 INFO BlockManager: BlockManager stopped
[2024-12-08T14:41:21.260+0000] {spark_submit.py:634} INFO - 24/12/08 14:41:21 INFO BlockManagerMaster: BlockManagerMaster stopped
[2024-12-08T14:41:21.263+0000] {spark_submit.py:634} INFO - 24/12/08 14:41:21 INFO OutputCommitCoordinator$OutputCommitCoordinatorEndpoint: OutputCommitCoordinator stopped!
[2024-12-08T14:41:21.278+0000] {spark_submit.py:634} INFO - 24/12/08 14:41:21 INFO SparkContext: Successfully stopped SparkContext
[2024-12-08T14:41:21.285+0000] {spark_submit.py:634} INFO - 24/12/08 14:41:21 INFO ShutdownHookManager: Shutdown hook called
[2024-12-08T14:41:21.285+0000] {spark_submit.py:634} INFO - 24/12/08 14:41:21 INFO ShutdownHookManager: Deleting directory /tmp/spark-188b38d8-0852-42fa-889b-272054215509
[2024-12-08T14:41:21.292+0000] {spark_submit.py:634} INFO - 24/12/08 14:41:21 INFO ShutdownHookManager: Deleting directory /tmp/spark-35477bad-75fd-4c89-93d9-fcd2282735ff
[2024-12-08T14:41:21.373+0000] {taskinstance.py:340} INFO - ::group::Post task execution logs
[2024-12-08T14:41:21.375+0000] {taskinstance.py:352} INFO - Marking task as SUCCESS. dag_id=sparking_flow, task_id=java_job, run_id=manual__2024-12-08T14:41:12.103858+00:00, execution_date=20241208T144112, start_date=20241208T144113, end_date=20241208T144121
[2024-12-08T14:41:21.410+0000] {local_task_job_runner.py:266} INFO - Task exited with return code 0
[2024-12-08T14:41:21.452+0000] {taskinstance.py:3895} INFO - 0 downstream tasks scheduled from follow-on schedule check
[2024-12-08T14:41:21.454+0000] {local_task_job_runner.py:245} INFO - ::endgroup::
