[2024-12-08T17:28:10.222+0000] {local_task_job_runner.py:123} INFO - ::group::Pre task execution logs
[2024-12-08T17:28:10.238+0000] {taskinstance.py:2613} INFO - Dependencies all met for dep_context=non-requeueable deps ti=<TaskInstance: sparking_flow.java_job manual__2024-12-08T17:28:08.876996+00:00 [queued]>
[2024-12-08T17:28:10.247+0000] {taskinstance.py:2613} INFO - Dependencies all met for dep_context=requeueable deps ti=<TaskInstance: sparking_flow.java_job manual__2024-12-08T17:28:08.876996+00:00 [queued]>
[2024-12-08T17:28:10.247+0000] {taskinstance.py:2866} INFO - Starting attempt 1 of 1
[2024-12-08T17:28:10.258+0000] {taskinstance.py:2889} INFO - Executing <Task(SparkSubmitOperator): java_job> on 2024-12-08 17:28:08.876996+00:00
[2024-12-08T17:28:10.266+0000] {logging_mixin.py:190} WARNING - /home/***/.local/lib/python3.12/site-packages/***/task/task_runner/standard_task_runner.py:70 DeprecationWarning: This process (pid=186) is multi-threaded, use of fork() may lead to deadlocks in the child.
[2024-12-08T17:28:10.267+0000] {standard_task_runner.py:72} INFO - Started process 190 to run task
[2024-12-08T17:28:10.266+0000] {standard_task_runner.py:104} INFO - Running: ['***', 'tasks', 'run', 'sparking_flow', 'java_job', 'manual__2024-12-08T17:28:08.876996+00:00', '--job-id', '251', '--raw', '--subdir', 'DAGS_FOLDER/spark_***.py', '--cfg-path', '/tmp/tmpzwv2ainb']
[2024-12-08T17:28:10.269+0000] {standard_task_runner.py:105} INFO - Job 251: Subtask java_job
[2024-12-08T17:28:10.319+0000] {task_command.py:467} INFO - Running <TaskInstance: sparking_flow.java_job manual__2024-12-08T17:28:08.876996+00:00 [running]> on host 2a892a3469ec
[2024-12-08T17:28:10.417+0000] {taskinstance.py:3132} INFO - Exporting env vars: AIRFLOW_CTX_DAG_OWNER='Yusuf Ganiyu' AIRFLOW_CTX_DAG_ID='sparking_flow' AIRFLOW_CTX_TASK_ID='java_job' AIRFLOW_CTX_EXECUTION_DATE='2024-12-08T17:28:08.876996+00:00' AIRFLOW_CTX_TRY_NUMBER='1' AIRFLOW_CTX_DAG_RUN_ID='manual__2024-12-08T17:28:08.876996+00:00'
[2024-12-08T17:28:10.418+0000] {taskinstance.py:731} INFO - ::endgroup::
[2024-12-08T17:28:10.442+0000] {base.py:84} INFO - Retrieving connection 'spark-conn'
[2024-12-08T17:28:10.443+0000] {spark_submit.py:473} INFO - Spark-Submit cmd: spark-submit --master spark://sparkingflow-spark-master-1:7077 --name arrow-spark --class com.airscholar.spark.WordCountJob --deploy-mode client jobs/java/spark-job/target/spark-job-1.0-SNAPSHOT.jar
[2024-12-08T17:28:13.277+0000] {spark_submit.py:634} INFO - 24/12/08 17:28:13 INFO SparkContext: Running Spark version 3.5.3
[2024-12-08T17:28:13.286+0000] {spark_submit.py:634} INFO - 24/12/08 17:28:13 INFO SparkContext: OS info Linux, 6.10.14-linuxkit, aarch64
[2024-12-08T17:28:13.290+0000] {spark_submit.py:634} INFO - 24/12/08 17:28:13 INFO SparkContext: Java version 17.0.13
[2024-12-08T17:28:13.432+0000] {spark_submit.py:634} INFO - 24/12/08 17:28:13 WARN NativeCodeLoader: Unable to load native-hadoop library for your platform... using builtin-java classes where applicable
[2024-12-08T17:28:13.588+0000] {spark_submit.py:634} INFO - 24/12/08 17:28:13 INFO ResourceUtils: ==============================================================
[2024-12-08T17:28:13.660+0000] {spark_submit.py:634} INFO - 24/12/08 17:28:13 INFO ResourceUtils: No custom resources configured for spark.driver.
[2024-12-08T17:28:13.666+0000] {spark_submit.py:634} INFO - 24/12/08 17:28:13 INFO ResourceUtils: ==============================================================
[2024-12-08T17:28:13.670+0000] {spark_submit.py:634} INFO - 24/12/08 17:28:13 INFO SparkContext: Submitted application: Word Count Job
[2024-12-08T17:28:13.726+0000] {spark_submit.py:634} INFO - 24/12/08 17:28:13 INFO ResourceProfile: Default ResourceProfile created, executor resources: Map(cores -> name: cores, amount: 1, script: , vendor: , memory -> name: memory, amount: 1024, script: , vendor: , offHeap -> name: offHeap, amount: 0, script: , vendor: ), task resources: Map(cpus -> name: cpus, amount: 1.0)
[2024-12-08T17:28:13.743+0000] {spark_submit.py:634} INFO - 24/12/08 17:28:13 INFO ResourceProfile: Limiting resource is cpu
[2024-12-08T17:28:13.746+0000] {spark_submit.py:634} INFO - 24/12/08 17:28:13 INFO ResourceProfileManager: Added ResourceProfile id: 0
[2024-12-08T17:28:13.826+0000] {spark_submit.py:634} INFO - 24/12/08 17:28:13 INFO SecurityManager: Changing view acls to: ***
[2024-12-08T17:28:13.827+0000] {spark_submit.py:634} INFO - 24/12/08 17:28:13 INFO SecurityManager: Changing modify acls to: ***
[2024-12-08T17:28:13.828+0000] {spark_submit.py:634} INFO - 24/12/08 17:28:13 INFO SecurityManager: Changing view acls groups to:
[2024-12-08T17:28:13.829+0000] {spark_submit.py:634} INFO - 24/12/08 17:28:13 INFO SecurityManager: Changing modify acls groups to:
[2024-12-08T17:28:13.829+0000] {spark_submit.py:634} INFO - 24/12/08 17:28:13 INFO SecurityManager: SecurityManager: authentication disabled; ui acls disabled; users with view permissions: ***; groups with view permissions: EMPTY; users with modify permissions: ***; groups with modify permissions: EMPTY
[2024-12-08T17:28:14.143+0000] {spark_submit.py:634} INFO - 24/12/08 17:28:14 INFO Utils: Successfully started service 'sparkDriver' on port 40133.
[2024-12-08T17:28:14.191+0000] {spark_submit.py:634} INFO - 24/12/08 17:28:14 INFO SparkEnv: Registering MapOutputTracker
[2024-12-08T17:28:14.347+0000] {spark_submit.py:634} INFO - 24/12/08 17:28:14 INFO SparkEnv: Registering BlockManagerMaster
[2024-12-08T17:28:14.392+0000] {spark_submit.py:634} INFO - 24/12/08 17:28:14 INFO BlockManagerMasterEndpoint: Using org.apache.spark.storage.DefaultTopologyMapper for getting topology information
[2024-12-08T17:28:14.393+0000] {spark_submit.py:634} INFO - 24/12/08 17:28:14 INFO BlockManagerMasterEndpoint: BlockManagerMasterEndpoint up
[2024-12-08T17:28:14.400+0000] {spark_submit.py:634} INFO - 24/12/08 17:28:14 INFO SparkEnv: Registering BlockManagerMasterHeartbeat
[2024-12-08T17:28:14.435+0000] {spark_submit.py:634} INFO - 24/12/08 17:28:14 INFO DiskBlockManager: Created local directory at /tmp/blockmgr-676fe2e6-7553-49cd-a1e9-e4389e0a4117
[2024-12-08T17:28:14.458+0000] {spark_submit.py:634} INFO - 24/12/08 17:28:14 INFO MemoryStore: MemoryStore started with capacity 434.4 MiB
[2024-12-08T17:28:14.488+0000] {spark_submit.py:634} INFO - 24/12/08 17:28:14 INFO SparkEnv: Registering OutputCommitCoordinator
[2024-12-08T17:28:14.711+0000] {spark_submit.py:634} INFO - 24/12/08 17:28:14 INFO JettyUtils: Start Jetty 0.0.0.0:4040 for SparkUI
[2024-12-08T17:28:14.940+0000] {spark_submit.py:634} INFO - 24/12/08 17:28:14 INFO Utils: Successfully started service 'SparkUI' on port 4040.
[2024-12-08T17:28:15.016+0000] {spark_submit.py:634} INFO - 24/12/08 17:28:15 INFO SparkContext: Added JAR file:/opt/***/jobs/java/spark-job/target/spark-job-1.0-SNAPSHOT.jar at spark://2a892a3469ec:40133/jars/spark-job-1.0-SNAPSHOT.jar with timestamp 1733678893244
[2024-12-08T17:28:15.212+0000] {spark_submit.py:634} INFO - 24/12/08 17:28:15 INFO Executor: Starting executor ID driver on host 2a892a3469ec
[2024-12-08T17:28:15.213+0000] {spark_submit.py:634} INFO - 24/12/08 17:28:15 INFO Executor: OS info Linux, 6.10.14-linuxkit, aarch64
[2024-12-08T17:28:15.215+0000] {spark_submit.py:634} INFO - 24/12/08 17:28:15 INFO Executor: Java version 17.0.13
[2024-12-08T17:28:15.226+0000] {spark_submit.py:634} INFO - 24/12/08 17:28:15 INFO Executor: Starting executor with user classpath (userClassPathFirst = false): ''
[2024-12-08T17:28:15.227+0000] {spark_submit.py:634} INFO - 24/12/08 17:28:15 INFO Executor: Created or updated repl class loader org.apache.spark.util.MutableURLClassLoader@38f77cd9 for default.
[2024-12-08T17:28:15.267+0000] {spark_submit.py:634} INFO - 24/12/08 17:28:15 INFO Executor: Fetching spark://2a892a3469ec:40133/jars/spark-job-1.0-SNAPSHOT.jar with timestamp 1733678893244
[2024-12-08T17:28:15.410+0000] {spark_submit.py:634} INFO - 24/12/08 17:28:15 INFO TransportClientFactory: Successfully created connection to 2a892a3469ec/172.18.0.4:40133 after 62 ms (0 ms spent in bootstraps)
[2024-12-08T17:28:15.419+0000] {spark_submit.py:634} INFO - 24/12/08 17:28:15 INFO Utils: Fetching spark://2a892a3469ec:40133/jars/spark-job-1.0-SNAPSHOT.jar to /tmp/spark-39d39100-0d83-4177-bfd0-9908798eba89/userFiles-c4e844f6-d959-43c9-acc7-bb7b9eab0fda/fetchFileTemp2995446676994030785.tmp
[2024-12-08T17:28:15.457+0000] {spark_submit.py:634} INFO - 24/12/08 17:28:15 INFO Executor: Adding file:/tmp/spark-39d39100-0d83-4177-bfd0-9908798eba89/userFiles-c4e844f6-d959-43c9-acc7-bb7b9eab0fda/spark-job-1.0-SNAPSHOT.jar to class loader default
[2024-12-08T17:28:15.470+0000] {spark_submit.py:634} INFO - 24/12/08 17:28:15 INFO Utils: Successfully started service 'org.apache.spark.network.netty.NettyBlockTransferService' on port 41967.
[2024-12-08T17:28:15.470+0000] {spark_submit.py:634} INFO - 24/12/08 17:28:15 INFO NettyBlockTransferService: Server created on 2a892a3469ec:41967
[2024-12-08T17:28:15.472+0000] {spark_submit.py:634} INFO - 24/12/08 17:28:15 INFO BlockManager: Using org.apache.spark.storage.RandomBlockReplicationPolicy for block replication policy
[2024-12-08T17:28:15.484+0000] {spark_submit.py:634} INFO - 24/12/08 17:28:15 INFO BlockManagerMaster: Registering BlockManager BlockManagerId(driver, 2a892a3469ec, 41967, None)
[2024-12-08T17:28:15.487+0000] {spark_submit.py:634} INFO - 24/12/08 17:28:15 INFO BlockManagerMasterEndpoint: Registering block manager 2a892a3469ec:41967 with 434.4 MiB RAM, BlockManagerId(driver, 2a892a3469ec, 41967, None)
[2024-12-08T17:28:15.489+0000] {spark_submit.py:634} INFO - 24/12/08 17:28:15 INFO BlockManagerMaster: Registered BlockManager BlockManagerId(driver, 2a892a3469ec, 41967, None)
[2024-12-08T17:28:15.492+0000] {spark_submit.py:634} INFO - 24/12/08 17:28:15 INFO BlockManager: Initialized BlockManager: BlockManagerId(driver, 2a892a3469ec, 41967, None)
[2024-12-08T17:28:16.665+0000] {spark_submit.py:634} INFO - 24/12/08 17:28:16 INFO SparkContext: Starting job: collect at WordCountJob.java:37
[2024-12-08T17:28:16.716+0000] {spark_submit.py:634} INFO - 24/12/08 17:28:16 INFO DAGScheduler: Registering RDD 2 (mapToPair at WordCountJob.java:33) as input to shuffle 0
[2024-12-08T17:28:16.727+0000] {spark_submit.py:634} INFO - 24/12/08 17:28:16 INFO DAGScheduler: Got job 0 (collect at WordCountJob.java:37) with 1 output partitions
[2024-12-08T17:28:16.732+0000] {spark_submit.py:634} INFO - 24/12/08 17:28:16 INFO DAGScheduler: Final stage: ResultStage 1 (collect at WordCountJob.java:37)
[2024-12-08T17:28:16.738+0000] {spark_submit.py:634} INFO - 24/12/08 17:28:16 INFO DAGScheduler: Parents of final stage: List(ShuffleMapStage 0)
[2024-12-08T17:28:16.740+0000] {spark_submit.py:634} INFO - 24/12/08 17:28:16 INFO DAGScheduler: Missing parents: List(ShuffleMapStage 0)
[2024-12-08T17:28:16.744+0000] {spark_submit.py:634} INFO - 24/12/08 17:28:16 INFO DAGScheduler: Submitting ShuffleMapStage 0 (MapPartitionsRDD[2] at mapToPair at WordCountJob.java:33), which has no missing parents
[2024-12-08T17:28:16.967+0000] {spark_submit.py:634} INFO - 24/12/08 17:28:16 INFO MemoryStore: Block broadcast_0 stored as values in memory (estimated size 6.4 KiB, free 434.4 MiB)
[2024-12-08T17:28:17.022+0000] {spark_submit.py:634} INFO - 24/12/08 17:28:17 INFO MemoryStore: Block broadcast_0_piece0 stored as bytes in memory (estimated size 3.4 KiB, free 434.4 MiB)
[2024-12-08T17:28:17.027+0000] {spark_submit.py:634} INFO - 24/12/08 17:28:17 INFO BlockManagerInfo: Added broadcast_0_piece0 in memory on 2a892a3469ec:41967 (size: 3.4 KiB, free: 434.4 MiB)
[2024-12-08T17:28:17.037+0000] {spark_submit.py:634} INFO - 24/12/08 17:28:17 INFO SparkContext: Created broadcast 0 from broadcast at DAGScheduler.scala:1585
[2024-12-08T17:28:17.084+0000] {spark_submit.py:634} INFO - 24/12/08 17:28:17 INFO DAGScheduler: Submitting 1 missing tasks from ShuffleMapStage 0 (MapPartitionsRDD[2] at mapToPair at WordCountJob.java:33) (first 15 tasks are for partitions Vector(0))
[2024-12-08T17:28:17.087+0000] {spark_submit.py:634} INFO - 24/12/08 17:28:17 INFO TaskSchedulerImpl: Adding task set 0.0 with 1 tasks resource profile 0
[2024-12-08T17:28:17.197+0000] {spark_submit.py:634} INFO - 24/12/08 17:28:17 INFO TaskSetManager: Starting task 0.0 in stage 0.0 (TID 0) (2a892a3469ec, executor driver, partition 0, PROCESS_LOCAL, 9249 bytes)
[2024-12-08T17:28:17.248+0000] {spark_submit.py:634} INFO - 24/12/08 17:28:17 INFO Executor: Running task 0.0 in stage 0.0 (TID 0)
[2024-12-08T17:28:17.665+0000] {spark_submit.py:634} INFO - 24/12/08 17:28:17 INFO Executor: Finished task 0.0 in stage 0.0 (TID 0). 1216 bytes result sent to driver
[2024-12-08T17:28:17.693+0000] {spark_submit.py:634} INFO - 24/12/08 17:28:17 INFO TaskSetManager: Finished task 0.0 in stage 0.0 (TID 0) in 540 ms on 2a892a3469ec (executor driver) (1/1)
[2024-12-08T17:28:17.695+0000] {spark_submit.py:634} INFO - 24/12/08 17:28:17 INFO TaskSchedulerImpl: Removed TaskSet 0.0, whose tasks have all completed, from pool
[2024-12-08T17:28:17.721+0000] {spark_submit.py:634} INFO - 24/12/08 17:28:17 INFO DAGScheduler: ShuffleMapStage 0 (mapToPair at WordCountJob.java:33) finished in 0.943 s
[2024-12-08T17:28:17.730+0000] {spark_submit.py:634} INFO - 24/12/08 17:28:17 INFO DAGScheduler: looking for newly runnable stages
[2024-12-08T17:28:17.737+0000] {spark_submit.py:634} INFO - 24/12/08 17:28:17 INFO DAGScheduler: running: Set()
[2024-12-08T17:28:17.739+0000] {spark_submit.py:634} INFO - 24/12/08 17:28:17 INFO DAGScheduler: waiting: Set(ResultStage 1)
[2024-12-08T17:28:17.739+0000] {spark_submit.py:634} INFO - 24/12/08 17:28:17 INFO DAGScheduler: failed: Set()
[2024-12-08T17:28:17.748+0000] {spark_submit.py:634} INFO - 24/12/08 17:28:17 INFO DAGScheduler: Submitting ResultStage 1 (ShuffledRDD[3] at reduceByKey at WordCountJob.java:34), which has no missing parents
[2024-12-08T17:28:17.770+0000] {spark_submit.py:634} INFO - 24/12/08 17:28:17 INFO MemoryStore: Block broadcast_1 stored as values in memory (estimated size 5.2 KiB, free 434.4 MiB)
[2024-12-08T17:28:17.803+0000] {spark_submit.py:634} INFO - 24/12/08 17:28:17 INFO MemoryStore: Block broadcast_1_piece0 stored as bytes in memory (estimated size 2.9 KiB, free 434.4 MiB)
[2024-12-08T17:28:17.805+0000] {spark_submit.py:634} INFO - 24/12/08 17:28:17 INFO BlockManagerInfo: Added broadcast_1_piece0 in memory on 2a892a3469ec:41967 (size: 2.9 KiB, free: 434.4 MiB)
[2024-12-08T17:28:17.808+0000] {spark_submit.py:634} INFO - 24/12/08 17:28:17 INFO SparkContext: Created broadcast 1 from broadcast at DAGScheduler.scala:1585
[2024-12-08T17:28:17.817+0000] {spark_submit.py:634} INFO - 24/12/08 17:28:17 INFO DAGScheduler: Submitting 1 missing tasks from ResultStage 1 (ShuffledRDD[3] at reduceByKey at WordCountJob.java:34) (first 15 tasks are for partitions Vector(0))
[2024-12-08T17:28:17.817+0000] {spark_submit.py:634} INFO - 24/12/08 17:28:17 INFO TaskSchedulerImpl: Adding task set 1.0 with 1 tasks resource profile 0
[2024-12-08T17:28:17.833+0000] {spark_submit.py:634} INFO - 24/12/08 17:28:17 INFO TaskSetManager: Starting task 0.0 in stage 1.0 (TID 1) (2a892a3469ec, executor driver, partition 0, NODE_LOCAL, 9002 bytes)
[2024-12-08T17:28:17.841+0000] {spark_submit.py:634} INFO - 24/12/08 17:28:17 INFO Executor: Running task 0.0 in stage 1.0 (TID 1)
[2024-12-08T17:28:17.961+0000] {spark_submit.py:634} INFO - 24/12/08 17:28:17 INFO ShuffleBlockFetcherIterator: Getting 1 (189.0 B) non-empty blocks including 1 (189.0 B) local and 0 (0.0 B) host-local and 0 (0.0 B) push-merged-local and 0 (0.0 B) remote blocks
[2024-12-08T17:28:17.969+0000] {spark_submit.py:634} INFO - 24/12/08 17:28:17 INFO ShuffleBlockFetcherIterator: Started 0 remote fetches in 38 ms
[2024-12-08T17:28:18.055+0000] {spark_submit.py:634} INFO - 24/12/08 17:28:18 INFO Executor: Finished task 0.0 in stage 1.0 (TID 1). 2001 bytes result sent to driver
[2024-12-08T17:28:18.061+0000] {spark_submit.py:634} INFO - 24/12/08 17:28:18 INFO TaskSetManager: Finished task 0.0 in stage 1.0 (TID 1) in 238 ms on 2a892a3469ec (executor driver) (1/1)
[2024-12-08T17:28:18.066+0000] {spark_submit.py:634} INFO - 24/12/08 17:28:18 INFO TaskSchedulerImpl: Removed TaskSet 1.0, whose tasks have all completed, from pool
[2024-12-08T17:28:18.066+0000] {spark_submit.py:634} INFO - 24/12/08 17:28:18 INFO DAGScheduler: ResultStage 1 (collect at WordCountJob.java:37) finished in 0.300 s
[2024-12-08T17:28:18.071+0000] {spark_submit.py:634} INFO - 24/12/08 17:28:18 INFO DAGScheduler: Job 0 is finished. Cancelling potential speculative or zombie tasks for this job
[2024-12-08T17:28:18.072+0000] {spark_submit.py:634} INFO - 24/12/08 17:28:18 INFO TaskSchedulerImpl: Killing all running tasks in stage 1: Stage finished
[2024-12-08T17:28:18.085+0000] {spark_submit.py:634} INFO - 24/12/08 17:28:18 INFO DAGScheduler: Job 0 finished: collect at WordCountJob.java:37, took 1.413376 s
[2024-12-08T17:28:18.086+0000] {spark_submit.py:634} INFO - spark: 1
[2024-12-08T17:28:18.086+0000] {spark_submit.py:634} INFO - docker: 1
[2024-12-08T17:28:18.086+0000] {spark_submit.py:634} INFO - Yusuf: 1
[2024-12-08T17:28:18.087+0000] {spark_submit.py:634} INFO - hello: 5
[2024-12-08T17:28:18.087+0000] {spark_submit.py:634} INFO - java: 1
[2024-12-08T17:28:18.087+0000] {spark_submit.py:634} INFO - world: 1
[2024-12-08T17:28:18.088+0000] {spark_submit.py:634} INFO - 24/12/08 17:28:18 INFO SparkContext: SparkContext is stopping with exitCode 0.
[2024-12-08T17:28:18.120+0000] {spark_submit.py:634} INFO - 24/12/08 17:28:18 INFO SparkUI: Stopped Spark web UI at http://2a892a3469ec:4040
[2024-12-08T17:28:18.138+0000] {spark_submit.py:634} INFO - 24/12/08 17:28:18 INFO MapOutputTrackerMasterEndpoint: MapOutputTrackerMasterEndpoint stopped!
[2024-12-08T17:28:18.159+0000] {spark_submit.py:634} INFO - 24/12/08 17:28:18 INFO MemoryStore: MemoryStore cleared
[2024-12-08T17:28:18.159+0000] {spark_submit.py:634} INFO - 24/12/08 17:28:18 INFO BlockManager: BlockManager stopped
[2024-12-08T17:28:18.165+0000] {spark_submit.py:634} INFO - 24/12/08 17:28:18 INFO BlockManagerMaster: BlockManagerMaster stopped
[2024-12-08T17:28:18.168+0000] {spark_submit.py:634} INFO - 24/12/08 17:28:18 INFO OutputCommitCoordinator$OutputCommitCoordinatorEndpoint: OutputCommitCoordinator stopped!
[2024-12-08T17:28:18.180+0000] {spark_submit.py:634} INFO - 24/12/08 17:28:18 INFO SparkContext: Successfully stopped SparkContext
[2024-12-08T17:28:18.184+0000] {spark_submit.py:634} INFO - 24/12/08 17:28:18 INFO ShutdownHookManager: Shutdown hook called
[2024-12-08T17:28:18.184+0000] {spark_submit.py:634} INFO - 24/12/08 17:28:18 INFO ShutdownHookManager: Deleting directory /tmp/spark-de170494-e4f9-431b-a05e-bcb9230078d6
[2024-12-08T17:28:18.190+0000] {spark_submit.py:634} INFO - 24/12/08 17:28:18 INFO ShutdownHookManager: Deleting directory /tmp/spark-39d39100-0d83-4177-bfd0-9908798eba89
[2024-12-08T17:28:18.266+0000] {taskinstance.py:340} INFO - ::group::Post task execution logs
[2024-12-08T17:28:18.272+0000] {taskinstance.py:352} INFO - Marking task as SUCCESS. dag_id=sparking_flow, task_id=java_job, run_id=manual__2024-12-08T17:28:08.876996+00:00, execution_date=20241208T172808, start_date=20241208T172810, end_date=20241208T172818
[2024-12-08T17:28:18.322+0000] {local_task_job_runner.py:266} INFO - Task exited with return code 0
[2024-12-08T17:28:18.364+0000] {taskinstance.py:3895} INFO - 0 downstream tasks scheduled from follow-on schedule check
[2024-12-08T17:28:18.368+0000] {local_task_job_runner.py:245} INFO - ::endgroup::
