[2024-12-09T17:49:56.662+0000] {local_task_job_runner.py:123} INFO - ::group::Pre task execution logs
[2024-12-09T17:49:56.689+0000] {taskinstance.py:2613} INFO - Dependencies all met for dep_context=non-requeueable deps ti=<TaskInstance: sparking_flow.scala_job manual__2024-12-09T17:49:54.220710+00:00 [queued]>
[2024-12-09T17:49:56.709+0000] {taskinstance.py:2613} INFO - Dependencies all met for dep_context=requeueable deps ti=<TaskInstance: sparking_flow.scala_job manual__2024-12-09T17:49:54.220710+00:00 [queued]>
[2024-12-09T17:49:56.710+0000] {taskinstance.py:2866} INFO - Starting attempt 1 of 1
[2024-12-09T17:49:56.723+0000] {taskinstance.py:2889} INFO - Executing <Task(SparkSubmitOperator): scala_job> on 2024-12-09 17:49:54.220710+00:00
[2024-12-09T17:49:56.731+0000] {logging_mixin.py:190} WARNING - /home/***/.local/lib/python3.12/site-packages/***/task/task_runner/standard_task_runner.py:70 DeprecationWarning: This process (pid=184) is multi-threaded, use of fork() may lead to deadlocks in the child.
[2024-12-09T17:49:56.734+0000] {standard_task_runner.py:72} INFO - Started process 187 to run task
[2024-12-09T17:49:56.731+0000] {standard_task_runner.py:104} INFO - Running: ['***', 'tasks', 'run', 'sparking_flow', 'scala_job', 'manual__2024-12-09T17:49:54.220710+00:00', '--job-id', '573', '--raw', '--subdir', 'DAGS_FOLDER/spark_***.py', '--cfg-path', '/tmp/tmph5sfirfw']
[2024-12-09T17:49:56.738+0000] {standard_task_runner.py:105} INFO - Job 573: Subtask scala_job
[2024-12-09T17:49:56.812+0000] {task_command.py:467} INFO - Running <TaskInstance: sparking_flow.scala_job manual__2024-12-09T17:49:54.220710+00:00 [running]> on host 2a892a3469ec
[2024-12-09T17:49:57.033+0000] {taskinstance.py:3132} INFO - Exporting env vars: AIRFLOW_CTX_DAG_OWNER='Yusuf Ganiyu' AIRFLOW_CTX_DAG_ID='sparking_flow' AIRFLOW_CTX_TASK_ID='scala_job' AIRFLOW_CTX_EXECUTION_DATE='2024-12-09T17:49:54.220710+00:00' AIRFLOW_CTX_TRY_NUMBER='1' AIRFLOW_CTX_DAG_RUN_ID='manual__2024-12-09T17:49:54.220710+00:00'
[2024-12-09T17:49:57.034+0000] {taskinstance.py:731} INFO - ::endgroup::
[2024-12-09T17:49:57.070+0000] {base.py:84} INFO - Retrieving connection 'spark-conn'
[2024-12-09T17:49:57.071+0000] {spark_submit.py:473} INFO - Spark-Submit cmd: spark-submit --master spark://sparkingflow-spark-master-1:7077 --name arrow-spark --deploy-mode client jobs/scala/target/scala-2.12/word-count_2.12-0.1.jar
[2024-12-09T17:50:03.143+0000] {spark_submit.py:634} INFO - 24/12/09 17:50:03 WARN NativeCodeLoader: Unable to load native-hadoop library for your platform... using builtin-java classes where applicable
[2024-12-09T17:50:04.723+0000] {spark_submit.py:634} INFO - 24/12/09 17:50:04 INFO SparkContext: Running Spark version 3.5.3
[2024-12-09T17:50:04.754+0000] {spark_submit.py:634} INFO - 24/12/09 17:50:04 INFO SparkContext: OS info Linux, 6.10.14-linuxkit, aarch64
[2024-12-09T17:50:04.760+0000] {spark_submit.py:634} INFO - 24/12/09 17:50:04 INFO SparkContext: Java version 17.0.13
[2024-12-09T17:50:04.887+0000] {spark_submit.py:634} INFO - 24/12/09 17:50:04 INFO ResourceUtils: ==============================================================
[2024-12-09T17:50:04.891+0000] {spark_submit.py:634} INFO - 24/12/09 17:50:04 INFO ResourceUtils: No custom resources configured for spark.driver.
[2024-12-09T17:50:04.892+0000] {spark_submit.py:634} INFO - 24/12/09 17:50:04 INFO ResourceUtils: ==============================================================
[2024-12-09T17:50:04.893+0000] {spark_submit.py:634} INFO - 24/12/09 17:50:04 INFO SparkContext: Submitted application: Word Count
[2024-12-09T17:50:04.969+0000] {spark_submit.py:634} INFO - 24/12/09 17:50:04 INFO ResourceProfile: Default ResourceProfile created, executor resources: Map(memory -> name: memory, amount: 1024, script: , vendor: , offHeap -> name: offHeap, amount: 0, script: , vendor: ), task resources: Map(cpus -> name: cpus, amount: 1.0)
[2024-12-09T17:50:04.995+0000] {spark_submit.py:634} INFO - 24/12/09 17:50:04 INFO ResourceProfile: Limiting resource is cpu
[2024-12-09T17:50:04.999+0000] {spark_submit.py:634} INFO - 24/12/09 17:50:04 INFO ResourceProfileManager: Added ResourceProfile id: 0
[2024-12-09T17:50:05.129+0000] {spark_submit.py:634} INFO - 24/12/09 17:50:05 INFO SecurityManager: Changing view acls to: ***
[2024-12-09T17:50:05.132+0000] {spark_submit.py:634} INFO - 24/12/09 17:50:05 INFO SecurityManager: Changing modify acls to: ***
[2024-12-09T17:50:05.136+0000] {spark_submit.py:634} INFO - 24/12/09 17:50:05 INFO SecurityManager: Changing view acls groups to:
[2024-12-09T17:50:05.137+0000] {spark_submit.py:634} INFO - 24/12/09 17:50:05 INFO SecurityManager: Changing modify acls groups to:
[2024-12-09T17:50:05.139+0000] {spark_submit.py:634} INFO - 24/12/09 17:50:05 INFO SecurityManager: SecurityManager: authentication disabled; ui acls disabled; users with view permissions: ***; groups with view permissions: EMPTY; users with modify permissions: ***; groups with modify permissions: EMPTY
[2024-12-09T17:50:05.767+0000] {spark_submit.py:634} INFO - 24/12/09 17:50:05 INFO Utils: Successfully started service 'sparkDriver' on port 44075.
[2024-12-09T17:50:05.875+0000] {spark_submit.py:634} INFO - 24/12/09 17:50:05 INFO SparkEnv: Registering MapOutputTracker
[2024-12-09T17:50:05.977+0000] {spark_submit.py:634} INFO - 24/12/09 17:50:05 INFO SparkEnv: Registering BlockManagerMaster
[2024-12-09T17:50:06.019+0000] {spark_submit.py:634} INFO - 24/12/09 17:50:06 INFO BlockManagerMasterEndpoint: Using org.apache.spark.storage.DefaultTopologyMapper for getting topology information
[2024-12-09T17:50:06.023+0000] {spark_submit.py:634} INFO - 24/12/09 17:50:06 INFO BlockManagerMasterEndpoint: BlockManagerMasterEndpoint up
[2024-12-09T17:50:06.030+0000] {spark_submit.py:634} INFO - 24/12/09 17:50:06 INFO SparkEnv: Registering BlockManagerMasterHeartbeat
[2024-12-09T17:50:06.091+0000] {spark_submit.py:634} INFO - 24/12/09 17:50:06 INFO DiskBlockManager: Created local directory at /tmp/blockmgr-9488d820-51bb-4caa-8219-65e6213d363b
[2024-12-09T17:50:06.134+0000] {spark_submit.py:634} INFO - 24/12/09 17:50:06 INFO MemoryStore: MemoryStore started with capacity 434.4 MiB
[2024-12-09T17:50:06.215+0000] {spark_submit.py:634} INFO - 24/12/09 17:50:06 INFO SparkEnv: Registering OutputCommitCoordinator
[2024-12-09T17:50:06.500+0000] {spark_submit.py:634} INFO - 24/12/09 17:50:06 INFO JettyUtils: Start Jetty 0.0.0.0:4040 for SparkUI
[2024-12-09T17:50:06.672+0000] {spark_submit.py:634} INFO - 24/12/09 17:50:06 WARN Utils: Service 'SparkUI' could not bind on port 4040. Attempting port 4041.
[2024-12-09T17:50:06.686+0000] {spark_submit.py:634} INFO - 24/12/09 17:50:06 INFO Utils: Successfully started service 'SparkUI' on port 4041.
[2024-12-09T17:50:06.774+0000] {spark_submit.py:634} INFO - 24/12/09 17:50:06 INFO SparkContext: Added JAR file:/opt/***/jobs/scala/target/scala-2.12/word-count_2.12-0.1.jar at spark://2a892a3469ec:44075/jars/word-count_2.12-0.1.jar with timestamp 1733766604653
[2024-12-09T17:50:07.084+0000] {spark_submit.py:634} INFO - 24/12/09 17:50:07 INFO StandaloneAppClient$ClientEndpoint: Connecting to master spark://spark-master:7077...
[2024-12-09T17:50:07.259+0000] {spark_submit.py:634} INFO - 24/12/09 17:50:07 INFO TransportClientFactory: Successfully created connection to spark-master/172.18.0.5:7077 after 90 ms (0 ms spent in bootstraps)
[2024-12-09T17:50:08.062+0000] {spark_submit.py:634} INFO - 24/12/09 17:50:08 INFO StandaloneSchedulerBackend: Connected to Spark cluster with app ID app-20241209175007-0000
[2024-12-09T17:50:08.146+0000] {spark_submit.py:634} INFO - 24/12/09 17:50:08 INFO StandaloneAppClient$ClientEndpoint: Executor added: app-20241209175007-0000/0 on worker-20241209174933-172.18.0.7-42935 (172.18.0.7:42935) with 2 core(s)
[2024-12-09T17:50:08.169+0000] {spark_submit.py:634} INFO - 24/12/09 17:50:08 INFO StandaloneSchedulerBackend: Granted executor ID app-20241209175007-0000/0 on hostPort 172.18.0.7:42935 with 2 core(s), 1024.0 MiB RAM
[2024-12-09T17:50:08.185+0000] {spark_submit.py:634} INFO - 24/12/09 17:50:08 INFO Utils: Successfully started service 'org.apache.spark.network.netty.NettyBlockTransferService' on port 39763.
[2024-12-09T17:50:08.189+0000] {spark_submit.py:634} INFO - 24/12/09 17:50:08 INFO NettyBlockTransferService: Server created on 2a892a3469ec:39763
[2024-12-09T17:50:08.191+0000] {spark_submit.py:634} INFO - 24/12/09 17:50:08 INFO BlockManager: Using org.apache.spark.storage.RandomBlockReplicationPolicy for block replication policy
[2024-12-09T17:50:08.199+0000] {spark_submit.py:634} INFO - 24/12/09 17:50:08 INFO BlockManagerMaster: Registering BlockManager BlockManagerId(driver, 2a892a3469ec, 39763, None)
[2024-12-09T17:50:08.212+0000] {spark_submit.py:634} INFO - 24/12/09 17:50:08 INFO BlockManagerMasterEndpoint: Registering block manager 2a892a3469ec:39763 with 434.4 MiB RAM, BlockManagerId(driver, 2a892a3469ec, 39763, None)
[2024-12-09T17:50:08.214+0000] {spark_submit.py:634} INFO - 24/12/09 17:50:08 INFO BlockManagerMaster: Registered BlockManager BlockManagerId(driver, 2a892a3469ec, 39763, None)
[2024-12-09T17:50:08.217+0000] {spark_submit.py:634} INFO - 24/12/09 17:50:08 INFO BlockManager: Initialized BlockManager: BlockManagerId(driver, 2a892a3469ec, 39763, None)
[2024-12-09T17:50:08.902+0000] {spark_submit.py:634} INFO - 24/12/09 17:50:08 INFO StandaloneAppClient$ClientEndpoint: Executor updated: app-20241209175007-0000/0 is now RUNNING
[2024-12-09T17:50:09.065+0000] {spark_submit.py:634} INFO - 24/12/09 17:50:09 INFO StandaloneSchedulerBackend: SchedulerBackend is ready for scheduling beginning after reached minRegisteredResourcesRatio: 0.0
[2024-12-09T17:50:11.249+0000] {spark_submit.py:634} INFO - 24/12/09 17:50:11 INFO SparkContext: Starting job: collect at wordcount.scala:14
[2024-12-09T17:50:12.772+0000] {spark_submit.py:634} INFO - 24/12/09 17:50:12 INFO DAGScheduler: Registering RDD 2 (map at wordcount.scala:11) as input to shuffle 0
[2024-12-09T17:50:12.807+0000] {spark_submit.py:634} INFO - 24/12/09 17:50:12 INFO DAGScheduler: Got job 0 (collect at wordcount.scala:14) with 2 output partitions
[2024-12-09T17:50:12.808+0000] {spark_submit.py:634} INFO - 24/12/09 17:50:12 INFO DAGScheduler: Final stage: ResultStage 1 (collect at wordcount.scala:14)
[2024-12-09T17:50:12.808+0000] {spark_submit.py:634} INFO - 24/12/09 17:50:12 INFO DAGScheduler: Parents of final stage: List(ShuffleMapStage 0)
[2024-12-09T17:50:12.813+0000] {spark_submit.py:634} INFO - 24/12/09 17:50:12 INFO DAGScheduler: Missing parents: List(ShuffleMapStage 0)
[2024-12-09T17:50:12.837+0000] {spark_submit.py:634} INFO - 24/12/09 17:50:12 INFO DAGScheduler: Submitting ShuffleMapStage 0 (MapPartitionsRDD[2] at map at wordcount.scala:11), which has no missing parents
[2024-12-09T17:50:13.229+0000] {spark_submit.py:634} INFO - 24/12/09 17:50:13 INFO MemoryStore: Block broadcast_0 stored as values in memory (estimated size 5.5 KiB, free 434.4 MiB)
[2024-12-09T17:50:13.372+0000] {spark_submit.py:634} INFO - 24/12/09 17:50:13 INFO MemoryStore: Block broadcast_0_piece0 stored as bytes in memory (estimated size 3.2 KiB, free 434.4 MiB)
[2024-12-09T17:50:13.380+0000] {spark_submit.py:634} INFO - 24/12/09 17:50:13 INFO BlockManagerInfo: Added broadcast_0_piece0 in memory on 2a892a3469ec:39763 (size: 3.2 KiB, free: 434.4 MiB)
[2024-12-09T17:50:13.392+0000] {spark_submit.py:634} INFO - 24/12/09 17:50:13 INFO SparkContext: Created broadcast 0 from broadcast at DAGScheduler.scala:1585
[2024-12-09T17:50:13.462+0000] {spark_submit.py:634} INFO - 24/12/09 17:50:13 INFO DAGScheduler: Submitting 2 missing tasks from ShuffleMapStage 0 (MapPartitionsRDD[2] at map at wordcount.scala:11) (first 15 tasks are for partitions Vector(0, 1))
[2024-12-09T17:50:13.468+0000] {spark_submit.py:634} INFO - 24/12/09 17:50:13 INFO TaskSchedulerImpl: Adding task set 0.0 with 2 tasks resource profile 0
[2024-12-09T17:50:16.939+0000] {spark_submit.py:634} INFO - 24/12/09 17:50:16 INFO StandaloneSchedulerBackend$StandaloneDriverEndpoint: Registered executor NettyRpcEndpointRef(spark-client://Executor) (172.18.0.7:48896) with ID 0,  ResourceProfileId 0
[2024-12-09T17:50:17.051+0000] {spark_submit.py:634} INFO - 24/12/09 17:50:17 INFO BlockManagerMasterEndpoint: Registering block manager 172.18.0.7:37725 with 434.4 MiB RAM, BlockManagerId(0, 172.18.0.7, 37725, None)
[2024-12-09T17:50:17.208+0000] {spark_submit.py:634} INFO - 24/12/09 17:50:17 INFO TaskSetManager: Starting task 0.0 in stage 0.0 (TID 0) (172.18.0.7, executor 0, partition 0, PROCESS_LOCAL, 9198 bytes)
[2024-12-09T17:50:17.222+0000] {spark_submit.py:634} INFO - 24/12/09 17:50:17 INFO TaskSetManager: Starting task 1.0 in stage 0.0 (TID 1) (172.18.0.7, executor 0, partition 1, PROCESS_LOCAL, 9213 bytes)
[2024-12-09T17:50:17.663+0000] {spark_submit.py:634} INFO - 24/12/09 17:50:17 INFO BlockManagerInfo: Added broadcast_0_piece0 in memory on 172.18.0.7:37725 (size: 3.2 KiB, free: 434.4 MiB)
[2024-12-09T17:50:18.412+0000] {spark_submit.py:634} INFO - 24/12/09 17:50:18 INFO TaskSetManager: Finished task 1.0 in stage 0.0 (TID 1) in 1192 ms on 172.18.0.7 (executor 0) (1/2)
[2024-12-09T17:50:18.414+0000] {spark_submit.py:634} INFO - 24/12/09 17:50:18 INFO TaskSetManager: Finished task 0.0 in stage 0.0 (TID 0) in 1229 ms on 172.18.0.7 (executor 0) (2/2)
[2024-12-09T17:50:18.416+0000] {spark_submit.py:634} INFO - 24/12/09 17:50:18 INFO TaskSchedulerImpl: Removed TaskSet 0.0, whose tasks have all completed, from pool
[2024-12-09T17:50:18.426+0000] {spark_submit.py:634} INFO - 24/12/09 17:50:18 INFO DAGScheduler: ShuffleMapStage 0 (map at wordcount.scala:11) finished in 5.433 s
[2024-12-09T17:50:18.428+0000] {spark_submit.py:634} INFO - 24/12/09 17:50:18 INFO DAGScheduler: looking for newly runnable stages
[2024-12-09T17:50:18.429+0000] {spark_submit.py:634} INFO - 24/12/09 17:50:18 INFO DAGScheduler: running: Set()
[2024-12-09T17:50:18.430+0000] {spark_submit.py:634} INFO - 24/12/09 17:50:18 INFO DAGScheduler: waiting: Set(ResultStage 1)
[2024-12-09T17:50:18.430+0000] {spark_submit.py:634} INFO - 24/12/09 17:50:18 INFO DAGScheduler: failed: Set()
[2024-12-09T17:50:18.436+0000] {spark_submit.py:634} INFO - 24/12/09 17:50:18 INFO DAGScheduler: Submitting ResultStage 1 (ShuffledRDD[3] at reduceByKey at wordcount.scala:12), which has no missing parents
[2024-12-09T17:50:18.455+0000] {spark_submit.py:634} INFO - 24/12/09 17:50:18 INFO MemoryStore: Block broadcast_1 stored as values in memory (estimated size 5.2 KiB, free 434.4 MiB)
[2024-12-09T17:50:18.472+0000] {spark_submit.py:634} INFO - 24/12/09 17:50:18 INFO MemoryStore: Block broadcast_1_piece0 stored as bytes in memory (estimated size 3.1 KiB, free 434.4 MiB)
[2024-12-09T17:50:18.475+0000] {spark_submit.py:634} INFO - 24/12/09 17:50:18 INFO BlockManagerInfo: Added broadcast_1_piece0 in memory on 2a892a3469ec:39763 (size: 3.1 KiB, free: 434.4 MiB)
[2024-12-09T17:50:18.476+0000] {spark_submit.py:634} INFO - 24/12/09 17:50:18 INFO SparkContext: Created broadcast 1 from broadcast at DAGScheduler.scala:1585
[2024-12-09T17:50:18.479+0000] {spark_submit.py:634} INFO - 24/12/09 17:50:18 INFO DAGScheduler: Submitting 2 missing tasks from ResultStage 1 (ShuffledRDD[3] at reduceByKey at wordcount.scala:12) (first 15 tasks are for partitions Vector(0, 1))
[2024-12-09T17:50:18.480+0000] {spark_submit.py:634} INFO - 24/12/09 17:50:18 INFO TaskSchedulerImpl: Adding task set 1.0 with 2 tasks resource profile 0
[2024-12-09T17:50:18.491+0000] {spark_submit.py:634} INFO - 24/12/09 17:50:18 INFO TaskSetManager: Starting task 0.0 in stage 1.0 (TID 2) (172.18.0.7, executor 0, partition 0, NODE_LOCAL, 9003 bytes)
[2024-12-09T17:50:18.493+0000] {spark_submit.py:634} INFO - 24/12/09 17:50:18 INFO TaskSetManager: Starting task 1.0 in stage 1.0 (TID 3) (172.18.0.7, executor 0, partition 1, NODE_LOCAL, 9003 bytes)
[2024-12-09T17:50:18.542+0000] {spark_submit.py:634} INFO - 24/12/09 17:50:18 INFO BlockManagerInfo: Added broadcast_1_piece0 in memory on 172.18.0.7:37725 (size: 3.1 KiB, free: 434.4 MiB)
[2024-12-09T17:50:18.659+0000] {spark_submit.py:634} INFO - 24/12/09 17:50:18 INFO MapOutputTrackerMasterEndpoint: Asked to send map output locations for shuffle 0 to 172.18.0.7:48896
[2024-12-09T17:50:18.894+0000] {spark_submit.py:634} INFO - 24/12/09 17:50:18 INFO TaskSetManager: Finished task 0.0 in stage 1.0 (TID 2) in 408 ms on 172.18.0.7 (executor 0) (1/2)
[2024-12-09T17:50:18.895+0000] {spark_submit.py:634} INFO - 24/12/09 17:50:18 INFO TaskSetManager: Finished task 1.0 in stage 1.0 (TID 3) in 405 ms on 172.18.0.7 (executor 0) (2/2)
[2024-12-09T17:50:18.896+0000] {spark_submit.py:634} INFO - 24/12/09 17:50:18 INFO TaskSchedulerImpl: Removed TaskSet 1.0, whose tasks have all completed, from pool
[2024-12-09T17:50:18.902+0000] {spark_submit.py:634} INFO - 24/12/09 17:50:18 INFO DAGScheduler: ResultStage 1 (collect at wordcount.scala:14) finished in 0.450 s
[2024-12-09T17:50:18.908+0000] {spark_submit.py:634} INFO - 24/12/09 17:50:18 INFO DAGScheduler: Job 0 is finished. Cancelling potential speculative or zombie tasks for this job
[2024-12-09T17:50:18.909+0000] {spark_submit.py:634} INFO - 24/12/09 17:50:18 INFO TaskSchedulerImpl: Killing all running tasks in stage 1: Stage finished
[2024-12-09T17:50:18.913+0000] {spark_submit.py:634} INFO - 24/12/09 17:50:18 INFO DAGScheduler: Job 0 finished: collect at wordcount.scala:14, took 7.669718 s
[2024-12-09T17:50:18.921+0000] {spark_submit.py:634} INFO - (Hello,5)
[2024-12-09T17:50:18.921+0000] {spark_submit.py:634} INFO - (Yusuf,1)
[2024-12-09T17:50:18.921+0000] {spark_submit.py:634} INFO - (World,1)
[2024-12-09T17:50:18.922+0000] {spark_submit.py:634} INFO - (Scala,1)
[2024-12-09T17:50:18.922+0000] {spark_submit.py:634} INFO - (Docker,1)
[2024-12-09T17:50:18.922+0000] {spark_submit.py:634} INFO - (spark,1)
[2024-12-09T17:50:18.922+0000] {spark_submit.py:634} INFO - 24/12/09 17:50:18 INFO SparkContext: SparkContext is stopping with exitCode 0.
[2024-12-09T17:50:18.937+0000] {spark_submit.py:634} INFO - 24/12/09 17:50:18 INFO SparkUI: Stopped Spark web UI at http://2a892a3469ec:4041
[2024-12-09T17:50:18.948+0000] {spark_submit.py:634} INFO - 24/12/09 17:50:18 INFO StandaloneSchedulerBackend: Shutting down all executors
[2024-12-09T17:50:18.951+0000] {spark_submit.py:634} INFO - 24/12/09 17:50:18 INFO StandaloneSchedulerBackend$StandaloneDriverEndpoint: Asking each executor to shut down
[2024-12-09T17:50:18.986+0000] {spark_submit.py:634} INFO - 24/12/09 17:50:18 INFO MapOutputTrackerMasterEndpoint: MapOutputTrackerMasterEndpoint stopped!
[2024-12-09T17:50:19.031+0000] {spark_submit.py:634} INFO - 24/12/09 17:50:19 INFO MemoryStore: MemoryStore cleared
[2024-12-09T17:50:19.035+0000] {spark_submit.py:634} INFO - 24/12/09 17:50:19 INFO BlockManager: BlockManager stopped
[2024-12-09T17:50:19.054+0000] {spark_submit.py:634} INFO - 24/12/09 17:50:19 INFO BlockManagerMaster: BlockManagerMaster stopped
[2024-12-09T17:50:19.060+0000] {spark_submit.py:634} INFO - 24/12/09 17:50:19 INFO OutputCommitCoordinator$OutputCommitCoordinatorEndpoint: OutputCommitCoordinator stopped!
[2024-12-09T17:50:19.102+0000] {spark_submit.py:634} INFO - 24/12/09 17:50:19 INFO SparkContext: Successfully stopped SparkContext
[2024-12-09T17:50:19.107+0000] {spark_submit.py:634} INFO - 24/12/09 17:50:19 INFO ShutdownHookManager: Shutdown hook called
[2024-12-09T17:50:19.110+0000] {spark_submit.py:634} INFO - 24/12/09 17:50:19 INFO ShutdownHookManager: Deleting directory /tmp/spark-7b98efde-cedc-4fce-b6dc-a3b2c5f9afd2
[2024-12-09T17:50:19.114+0000] {spark_submit.py:634} INFO - 24/12/09 17:50:19 INFO ShutdownHookManager: Deleting directory /tmp/spark-215c834c-859f-44d2-9c1d-1a5649c0e98d
[2024-12-09T17:50:19.216+0000] {taskinstance.py:340} INFO - ::group::Post task execution logs
[2024-12-09T17:50:19.217+0000] {taskinstance.py:352} INFO - Marking task as SUCCESS. dag_id=sparking_flow, task_id=scala_job, run_id=manual__2024-12-09T17:49:54.220710+00:00, execution_date=20241209T174954, start_date=20241209T174956, end_date=20241209T175019
[2024-12-09T17:50:19.279+0000] {local_task_job_runner.py:266} INFO - Task exited with return code 0
[2024-12-09T17:50:19.307+0000] {taskinstance.py:3895} INFO - 0 downstream tasks scheduled from follow-on schedule check
[2024-12-09T17:50:19.309+0000] {local_task_job_runner.py:245} INFO - ::endgroup::
