[2024-12-04T16:35:47.603+0000] {local_task_job_runner.py:123} INFO - ::group::Pre task execution logs
[2024-12-04T16:35:47.616+0000] {taskinstance.py:2613} INFO - Dependencies all met for dep_context=non-requeueable deps ti=<TaskInstance: sparking_flow.java_job manual__2024-12-04T16:35:45.230775+00:00 [queued]>
[2024-12-04T16:35:47.622+0000] {taskinstance.py:2613} INFO - Dependencies all met for dep_context=requeueable deps ti=<TaskInstance: sparking_flow.java_job manual__2024-12-04T16:35:45.230775+00:00 [queued]>
[2024-12-04T16:35:47.622+0000] {taskinstance.py:2866} INFO - Starting attempt 1 of 1
[2024-12-04T16:35:47.631+0000] {taskinstance.py:2889} INFO - Executing <Task(SparkSubmitOperator): java_job> on 2024-12-04 16:35:45.230775+00:00
[2024-12-04T16:35:47.638+0000] {logging_mixin.py:190} WARNING - /home/***/.local/lib/python3.12/site-packages/***/task/task_runner/standard_task_runner.py:70 DeprecationWarning: This process (pid=186) is multi-threaded, use of fork() may lead to deadlocks in the child.
[2024-12-04T16:35:47.640+0000] {standard_task_runner.py:72} INFO - Started process 188 to run task
[2024-12-04T16:35:47.641+0000] {standard_task_runner.py:104} INFO - Running: ['***', 'tasks', 'run', 'sparking_flow', 'java_job', 'manual__2024-12-04T16:35:45.230775+00:00', '--job-id', '91', '--raw', '--subdir', 'DAGS_FOLDER/spark_***.py', '--cfg-path', '/tmp/tmp0k7qttyn']
[2024-12-04T16:35:47.645+0000] {standard_task_runner.py:105} INFO - Job 91: Subtask java_job
[2024-12-04T16:35:47.692+0000] {task_command.py:467} INFO - Running <TaskInstance: sparking_flow.java_job manual__2024-12-04T16:35:45.230775+00:00 [running]> on host 2a892a3469ec
[2024-12-04T16:35:47.767+0000] {taskinstance.py:3132} INFO - Exporting env vars: AIRFLOW_CTX_DAG_OWNER='Yusuf Ganiyu' AIRFLOW_CTX_DAG_ID='sparking_flow' AIRFLOW_CTX_TASK_ID='java_job' AIRFLOW_CTX_EXECUTION_DATE='2024-12-04T16:35:45.230775+00:00' AIRFLOW_CTX_TRY_NUMBER='1' AIRFLOW_CTX_DAG_RUN_ID='manual__2024-12-04T16:35:45.230775+00:00'
[2024-12-04T16:35:47.768+0000] {taskinstance.py:731} INFO - ::endgroup::
[2024-12-04T16:35:47.789+0000] {base.py:84} INFO - Retrieving connection 'spark-conn'
[2024-12-04T16:35:47.790+0000] {spark_submit.py:473} INFO - Spark-Submit cmd: spark-submit --master spark://sparkingflow-spark-master-1:7077 --name arrow-spark --class com.airscholar.spark.WordCountJob --deploy-mode client jobs/java/spark-job/target/spark-job-1.0-SNAPSHOT.jar
[2024-12-04T16:35:50.844+0000] {spark_submit.py:634} INFO - 24/12/04 16:35:50 INFO SparkContext: Running Spark version 3.5.3
[2024-12-04T16:35:50.847+0000] {spark_submit.py:634} INFO - 24/12/04 16:35:50 INFO SparkContext: OS info Linux, 6.10.14-linuxkit, aarch64
[2024-12-04T16:35:50.853+0000] {spark_submit.py:634} INFO - 24/12/04 16:35:50 INFO SparkContext: Java version 17.0.13
[2024-12-04T16:35:50.945+0000] {spark_submit.py:634} INFO - 24/12/04 16:35:50 WARN NativeCodeLoader: Unable to load native-hadoop library for your platform... using builtin-java classes where applicable
[2024-12-04T16:35:51.106+0000] {spark_submit.py:634} INFO - 24/12/04 16:35:51 INFO ResourceUtils: ==============================================================
[2024-12-04T16:35:51.107+0000] {spark_submit.py:634} INFO - 24/12/04 16:35:51 INFO ResourceUtils: No custom resources configured for spark.driver.
[2024-12-04T16:35:51.109+0000] {spark_submit.py:634} INFO - 24/12/04 16:35:51 INFO ResourceUtils: ==============================================================
[2024-12-04T16:35:51.110+0000] {spark_submit.py:634} INFO - 24/12/04 16:35:51 INFO SparkContext: Submitted application: Word Count Job
[2024-12-04T16:35:51.196+0000] {spark_submit.py:634} INFO - 24/12/04 16:35:51 INFO ResourceProfile: Default ResourceProfile created, executor resources: Map(cores -> name: cores, amount: 1, script: , vendor: , memory -> name: memory, amount: 1024, script: , vendor: , offHeap -> name: offHeap, amount: 0, script: , vendor: ), task resources: Map(cpus -> name: cpus, amount: 1.0)
[2024-12-04T16:35:51.216+0000] {spark_submit.py:634} INFO - 24/12/04 16:35:51 INFO ResourceProfile: Limiting resource is cpu
[2024-12-04T16:35:51.221+0000] {spark_submit.py:634} INFO - 24/12/04 16:35:51 INFO ResourceProfileManager: Added ResourceProfile id: 0
[2024-12-04T16:35:51.285+0000] {spark_submit.py:634} INFO - 24/12/04 16:35:51 INFO SecurityManager: Changing view acls to: ***
[2024-12-04T16:35:51.286+0000] {spark_submit.py:634} INFO - 24/12/04 16:35:51 INFO SecurityManager: Changing modify acls to: ***
[2024-12-04T16:35:51.287+0000] {spark_submit.py:634} INFO - 24/12/04 16:35:51 INFO SecurityManager: Changing view acls groups to:
[2024-12-04T16:35:51.290+0000] {spark_submit.py:634} INFO - 24/12/04 16:35:51 INFO SecurityManager: Changing modify acls groups to:
[2024-12-04T16:35:51.292+0000] {spark_submit.py:634} INFO - 24/12/04 16:35:51 INFO SecurityManager: SecurityManager: authentication disabled; ui acls disabled; users with view permissions: ***; groups with view permissions: EMPTY; users with modify permissions: ***; groups with modify permissions: EMPTY
[2024-12-04T16:35:51.609+0000] {spark_submit.py:634} INFO - 24/12/04 16:35:51 INFO Utils: Successfully started service 'sparkDriver' on port 41761.
[2024-12-04T16:35:51.644+0000] {spark_submit.py:634} INFO - 24/12/04 16:35:51 INFO SparkEnv: Registering MapOutputTracker
[2024-12-04T16:35:51.709+0000] {spark_submit.py:634} INFO - 24/12/04 16:35:51 INFO SparkEnv: Registering BlockManagerMaster
[2024-12-04T16:35:51.735+0000] {spark_submit.py:634} INFO - 24/12/04 16:35:51 INFO BlockManagerMasterEndpoint: Using org.apache.spark.storage.DefaultTopologyMapper for getting topology information
[2024-12-04T16:35:51.736+0000] {spark_submit.py:634} INFO - 24/12/04 16:35:51 INFO BlockManagerMasterEndpoint: BlockManagerMasterEndpoint up
[2024-12-04T16:35:51.742+0000] {spark_submit.py:634} INFO - 24/12/04 16:35:51 INFO SparkEnv: Registering BlockManagerMasterHeartbeat
[2024-12-04T16:35:51.766+0000] {spark_submit.py:634} INFO - 24/12/04 16:35:51 INFO DiskBlockManager: Created local directory at /tmp/blockmgr-0183f6a5-2a6c-46c5-a9e0-3bf42955809c
[2024-12-04T16:35:51.794+0000] {spark_submit.py:634} INFO - 24/12/04 16:35:51 INFO MemoryStore: MemoryStore started with capacity 434.4 MiB
[2024-12-04T16:35:51.814+0000] {spark_submit.py:634} INFO - 24/12/04 16:35:51 INFO SparkEnv: Registering OutputCommitCoordinator
[2024-12-04T16:35:51.995+0000] {spark_submit.py:634} INFO - 24/12/04 16:35:51 INFO JettyUtils: Start Jetty 0.0.0.0:4040 for SparkUI
[2024-12-04T16:35:52.082+0000] {spark_submit.py:634} INFO - 24/12/04 16:35:52 INFO Utils: Successfully started service 'SparkUI' on port 4040.
[2024-12-04T16:35:52.137+0000] {spark_submit.py:634} INFO - 24/12/04 16:35:52 INFO SparkContext: Added JAR file:/opt/***/jobs/java/spark-job/target/spark-job-1.0-SNAPSHOT.jar at spark://2a892a3469ec:41761/jars/spark-job-1.0-SNAPSHOT.jar with timestamp 1733330150831
[2024-12-04T16:35:52.220+0000] {spark_submit.py:634} INFO - 24/12/04 16:35:52 INFO Executor: Starting executor ID driver on host 2a892a3469ec
[2024-12-04T16:35:52.221+0000] {spark_submit.py:634} INFO - 24/12/04 16:35:52 INFO Executor: OS info Linux, 6.10.14-linuxkit, aarch64
[2024-12-04T16:35:52.221+0000] {spark_submit.py:634} INFO - 24/12/04 16:35:52 INFO Executor: Java version 17.0.13
[2024-12-04T16:35:52.229+0000] {spark_submit.py:634} INFO - 24/12/04 16:35:52 INFO Executor: Starting executor with user classpath (userClassPathFirst = false): ''
[2024-12-04T16:35:52.232+0000] {spark_submit.py:634} INFO - 24/12/04 16:35:52 INFO Executor: Created or updated repl class loader org.apache.spark.util.MutableURLClassLoader@63d5874f for default.
[2024-12-04T16:35:52.266+0000] {spark_submit.py:634} INFO - 24/12/04 16:35:52 INFO Executor: Fetching spark://2a892a3469ec:41761/jars/spark-job-1.0-SNAPSHOT.jar with timestamp 1733330150831
[2024-12-04T16:35:52.356+0000] {spark_submit.py:634} INFO - 24/12/04 16:35:52 INFO TransportClientFactory: Successfully created connection to 2a892a3469ec/172.18.0.4:41761 after 39 ms (0 ms spent in bootstraps)
[2024-12-04T16:35:52.368+0000] {spark_submit.py:634} INFO - 24/12/04 16:35:52 INFO Utils: Fetching spark://2a892a3469ec:41761/jars/spark-job-1.0-SNAPSHOT.jar to /tmp/spark-4d171274-0fbb-4bc8-b2ee-aa74c1f6887a/userFiles-6799c593-d653-4e61-8bf1-ea3ac1bdc7dc/fetchFileTemp12828683518723450811.tmp
[2024-12-04T16:35:52.419+0000] {spark_submit.py:634} INFO - 24/12/04 16:35:52 INFO Executor: Adding file:/tmp/spark-4d171274-0fbb-4bc8-b2ee-aa74c1f6887a/userFiles-6799c593-d653-4e61-8bf1-ea3ac1bdc7dc/spark-job-1.0-SNAPSHOT.jar to class loader default
[2024-12-04T16:35:52.459+0000] {spark_submit.py:634} INFO - 24/12/04 16:35:52 INFO Utils: Successfully started service 'org.apache.spark.network.netty.NettyBlockTransferService' on port 41995.
[2024-12-04T16:35:52.468+0000] {spark_submit.py:634} INFO - 24/12/04 16:35:52 INFO NettyBlockTransferService: Server created on 2a892a3469ec:41995
[2024-12-04T16:35:52.470+0000] {spark_submit.py:634} INFO - 24/12/04 16:35:52 INFO BlockManager: Using org.apache.spark.storage.RandomBlockReplicationPolicy for block replication policy
[2024-12-04T16:35:52.478+0000] {spark_submit.py:634} INFO - 24/12/04 16:35:52 INFO BlockManagerMaster: Registering BlockManager BlockManagerId(driver, 2a892a3469ec, 41995, None)
[2024-12-04T16:35:52.498+0000] {spark_submit.py:634} INFO - 24/12/04 16:35:52 INFO BlockManagerMasterEndpoint: Registering block manager 2a892a3469ec:41995 with 434.4 MiB RAM, BlockManagerId(driver, 2a892a3469ec, 41995, None)
[2024-12-04T16:35:52.537+0000] {spark_submit.py:634} INFO - 24/12/04 16:35:52 INFO BlockManagerMaster: Registered BlockManager BlockManagerId(driver, 2a892a3469ec, 41995, None)
[2024-12-04T16:35:52.543+0000] {spark_submit.py:634} INFO - 24/12/04 16:35:52 INFO BlockManager: Initialized BlockManager: BlockManagerId(driver, 2a892a3469ec, 41995, None)
[2024-12-04T16:35:53.906+0000] {spark_submit.py:634} INFO - 24/12/04 16:35:53 INFO SparkContext: Starting job: collect at WordCountJob.java:37
[2024-12-04T16:35:53.980+0000] {spark_submit.py:634} INFO - 24/12/04 16:35:53 INFO DAGScheduler: Registering RDD 2 (mapToPair at WordCountJob.java:33) as input to shuffle 0
[2024-12-04T16:35:53.996+0000] {spark_submit.py:634} INFO - 24/12/04 16:35:53 INFO DAGScheduler: Got job 0 (collect at WordCountJob.java:37) with 1 output partitions
[2024-12-04T16:35:53.997+0000] {spark_submit.py:634} INFO - 24/12/04 16:35:53 INFO DAGScheduler: Final stage: ResultStage 1 (collect at WordCountJob.java:37)
[2024-12-04T16:35:53.998+0000] {spark_submit.py:634} INFO - 24/12/04 16:35:53 INFO DAGScheduler: Parents of final stage: List(ShuffleMapStage 0)
[2024-12-04T16:35:54.002+0000] {spark_submit.py:634} INFO - 24/12/04 16:35:54 INFO DAGScheduler: Missing parents: List(ShuffleMapStage 0)
[2024-12-04T16:35:54.016+0000] {spark_submit.py:634} INFO - 24/12/04 16:35:54 INFO DAGScheduler: Submitting ShuffleMapStage 0 (MapPartitionsRDD[2] at mapToPair at WordCountJob.java:33), which has no missing parents
[2024-12-04T16:35:54.395+0000] {spark_submit.py:634} INFO - 24/12/04 16:35:54 INFO MemoryStore: Block broadcast_0 stored as values in memory (estimated size 6.4 KiB, free 434.4 MiB)
[2024-12-04T16:35:54.585+0000] {spark_submit.py:634} INFO - 24/12/04 16:35:54 INFO MemoryStore: Block broadcast_0_piece0 stored as bytes in memory (estimated size 3.4 KiB, free 434.4 MiB)
[2024-12-04T16:35:54.604+0000] {spark_submit.py:634} INFO - 24/12/04 16:35:54 INFO BlockManagerInfo: Added broadcast_0_piece0 in memory on 2a892a3469ec:41995 (size: 3.4 KiB, free: 434.4 MiB)
[2024-12-04T16:35:54.631+0000] {spark_submit.py:634} INFO - 24/12/04 16:35:54 INFO SparkContext: Created broadcast 0 from broadcast at DAGScheduler.scala:1585
[2024-12-04T16:35:54.714+0000] {spark_submit.py:634} INFO - 24/12/04 16:35:54 INFO DAGScheduler: Submitting 1 missing tasks from ShuffleMapStage 0 (MapPartitionsRDD[2] at mapToPair at WordCountJob.java:33) (first 15 tasks are for partitions Vector(0))
[2024-12-04T16:35:54.718+0000] {spark_submit.py:634} INFO - 24/12/04 16:35:54 INFO TaskSchedulerImpl: Adding task set 0.0 with 1 tasks resource profile 0
[2024-12-04T16:35:54.975+0000] {spark_submit.py:634} INFO - 24/12/04 16:35:54 INFO TaskSetManager: Starting task 0.0 in stage 0.0 (TID 0) (2a892a3469ec, executor driver, partition 0, PROCESS_LOCAL, 9249 bytes)
[2024-12-04T16:35:55.039+0000] {spark_submit.py:634} INFO - 24/12/04 16:35:55 INFO Executor: Running task 0.0 in stage 0.0 (TID 0)
[2024-12-04T16:35:55.482+0000] {spark_submit.py:634} INFO - 24/12/04 16:35:55 INFO Executor: Finished task 0.0 in stage 0.0 (TID 0). 1216 bytes result sent to driver
[2024-12-04T16:35:55.524+0000] {spark_submit.py:634} INFO - 24/12/04 16:35:55 INFO TaskSetManager: Finished task 0.0 in stage 0.0 (TID 0) in 631 ms on 2a892a3469ec (executor driver) (1/1)
[2024-12-04T16:35:55.532+0000] {spark_submit.py:634} INFO - 24/12/04 16:35:55 INFO TaskSchedulerImpl: Removed TaskSet 0.0, whose tasks have all completed, from pool
[2024-12-04T16:35:55.548+0000] {spark_submit.py:634} INFO - 24/12/04 16:35:55 INFO DAGScheduler: ShuffleMapStage 0 (mapToPair at WordCountJob.java:33) finished in 1.489 s
[2024-12-04T16:35:55.552+0000] {spark_submit.py:634} INFO - 24/12/04 16:35:55 INFO DAGScheduler: looking for newly runnable stages
[2024-12-04T16:35:55.553+0000] {spark_submit.py:634} INFO - 24/12/04 16:35:55 INFO DAGScheduler: running: Set()
[2024-12-04T16:35:55.554+0000] {spark_submit.py:634} INFO - 24/12/04 16:35:55 INFO DAGScheduler: waiting: Set(ResultStage 1)
[2024-12-04T16:35:55.562+0000] {spark_submit.py:634} INFO - 24/12/04 16:35:55 INFO DAGScheduler: failed: Set()
[2024-12-04T16:35:55.582+0000] {spark_submit.py:634} INFO - 24/12/04 16:35:55 INFO DAGScheduler: Submitting ResultStage 1 (ShuffledRDD[3] at reduceByKey at WordCountJob.java:34), which has no missing parents
[2024-12-04T16:35:55.624+0000] {spark_submit.py:634} INFO - 24/12/04 16:35:55 INFO MemoryStore: Block broadcast_1 stored as values in memory (estimated size 5.2 KiB, free 434.4 MiB)
[2024-12-04T16:35:55.632+0000] {spark_submit.py:634} INFO - 24/12/04 16:35:55 INFO MemoryStore: Block broadcast_1_piece0 stored as bytes in memory (estimated size 2.9 KiB, free 434.4 MiB)
[2024-12-04T16:35:55.639+0000] {spark_submit.py:634} INFO - 24/12/04 16:35:55 INFO BlockManagerInfo: Added broadcast_1_piece0 in memory on 2a892a3469ec:41995 (size: 2.9 KiB, free: 434.4 MiB)
[2024-12-04T16:35:55.647+0000] {spark_submit.py:634} INFO - 24/12/04 16:35:55 INFO SparkContext: Created broadcast 1 from broadcast at DAGScheduler.scala:1585
[2024-12-04T16:35:55.651+0000] {spark_submit.py:634} INFO - 24/12/04 16:35:55 INFO DAGScheduler: Submitting 1 missing tasks from ResultStage 1 (ShuffledRDD[3] at reduceByKey at WordCountJob.java:34) (first 15 tasks are for partitions Vector(0))
[2024-12-04T16:35:55.652+0000] {spark_submit.py:634} INFO - 24/12/04 16:35:55 INFO TaskSchedulerImpl: Adding task set 1.0 with 1 tasks resource profile 0
[2024-12-04T16:35:55.682+0000] {spark_submit.py:634} INFO - 24/12/04 16:35:55 INFO TaskSetManager: Starting task 0.0 in stage 1.0 (TID 1) (2a892a3469ec, executor driver, partition 0, NODE_LOCAL, 9002 bytes)
[2024-12-04T16:35:55.687+0000] {spark_submit.py:634} INFO - 24/12/04 16:35:55 INFO Executor: Running task 0.0 in stage 1.0 (TID 1)
[2024-12-04T16:35:55.905+0000] {spark_submit.py:634} INFO - 24/12/04 16:35:55 INFO ShuffleBlockFetcherIterator: Getting 1 (189.0 B) non-empty blocks including 1 (189.0 B) local and 0 (0.0 B) host-local and 0 (0.0 B) push-merged-local and 0 (0.0 B) remote blocks
[2024-12-04T16:35:55.924+0000] {spark_submit.py:634} INFO - 24/12/04 16:35:55 INFO ShuffleBlockFetcherIterator: Started 0 remote fetches in 41 ms
[2024-12-04T16:35:55.983+0000] {spark_submit.py:634} INFO - 24/12/04 16:35:55 INFO Executor: Finished task 0.0 in stage 1.0 (TID 1). 2001 bytes result sent to driver
[2024-12-04T16:35:55.995+0000] {spark_submit.py:634} INFO - 24/12/04 16:35:55 INFO TaskSetManager: Finished task 0.0 in stage 1.0 (TID 1) in 329 ms on 2a892a3469ec (executor driver) (1/1)
[2024-12-04T16:35:56.002+0000] {spark_submit.py:634} INFO - 24/12/04 16:35:55 INFO TaskSchedulerImpl: Removed TaskSet 1.0, whose tasks have all completed, from pool
[2024-12-04T16:35:56.004+0000] {spark_submit.py:634} INFO - 24/12/04 16:35:56 INFO DAGScheduler: ResultStage 1 (collect at WordCountJob.java:37) finished in 0.387 s
[2024-12-04T16:35:56.014+0000] {spark_submit.py:634} INFO - 24/12/04 16:35:56 INFO DAGScheduler: Job 0 is finished. Cancelling potential speculative or zombie tasks for this job
[2024-12-04T16:35:56.016+0000] {spark_submit.py:634} INFO - 24/12/04 16:35:56 INFO TaskSchedulerImpl: Killing all running tasks in stage 1: Stage finished
[2024-12-04T16:35:56.024+0000] {spark_submit.py:634} INFO - 24/12/04 16:35:56 INFO DAGScheduler: Job 0 finished: collect at WordCountJob.java:37, took 2.110376 s
[2024-12-04T16:35:56.033+0000] {spark_submit.py:634} INFO - spark: 1
[2024-12-04T16:35:56.034+0000] {spark_submit.py:634} INFO - docker: 1
[2024-12-04T16:35:56.034+0000] {spark_submit.py:634} INFO - Yusuf: 1
[2024-12-04T16:35:56.035+0000] {spark_submit.py:634} INFO - hello: 5
[2024-12-04T16:35:56.035+0000] {spark_submit.py:634} INFO - java: 1
[2024-12-04T16:35:56.036+0000] {spark_submit.py:634} INFO - world: 1
[2024-12-04T16:35:56.037+0000] {spark_submit.py:634} INFO - 24/12/04 16:35:56 INFO SparkContext: SparkContext is stopping with exitCode 0.
[2024-12-04T16:35:56.055+0000] {spark_submit.py:634} INFO - 24/12/04 16:35:56 INFO SparkUI: Stopped Spark web UI at http://2a892a3469ec:4040
[2024-12-04T16:35:56.107+0000] {spark_submit.py:634} INFO - 24/12/04 16:35:56 INFO MapOutputTrackerMasterEndpoint: MapOutputTrackerMasterEndpoint stopped!
[2024-12-04T16:35:56.165+0000] {spark_submit.py:634} INFO - 24/12/04 16:35:56 INFO MemoryStore: MemoryStore cleared
[2024-12-04T16:35:56.166+0000] {spark_submit.py:634} INFO - 24/12/04 16:35:56 INFO BlockManager: BlockManager stopped
[2024-12-04T16:35:56.185+0000] {spark_submit.py:634} INFO - 24/12/04 16:35:56 INFO BlockManagerMaster: BlockManagerMaster stopped
[2024-12-04T16:35:56.191+0000] {spark_submit.py:634} INFO - 24/12/04 16:35:56 INFO OutputCommitCoordinator$OutputCommitCoordinatorEndpoint: OutputCommitCoordinator stopped!
[2024-12-04T16:35:56.212+0000] {spark_submit.py:634} INFO - 24/12/04 16:35:56 INFO SparkContext: Successfully stopped SparkContext
[2024-12-04T16:35:56.223+0000] {spark_submit.py:634} INFO - 24/12/04 16:35:56 INFO ShutdownHookManager: Shutdown hook called
[2024-12-04T16:35:56.224+0000] {spark_submit.py:634} INFO - 24/12/04 16:35:56 INFO ShutdownHookManager: Deleting directory /tmp/spark-4d171274-0fbb-4bc8-b2ee-aa74c1f6887a
[2024-12-04T16:35:56.227+0000] {spark_submit.py:634} INFO - 24/12/04 16:35:56 INFO ShutdownHookManager: Deleting directory /tmp/spark-ddc276d7-514a-4dab-8355-7c70dc8d19ca
[2024-12-04T16:35:56.372+0000] {taskinstance.py:340} INFO - ::group::Post task execution logs
[2024-12-04T16:35:56.374+0000] {taskinstance.py:352} INFO - Marking task as SUCCESS. dag_id=sparking_flow, task_id=java_job, run_id=manual__2024-12-04T16:35:45.230775+00:00, execution_date=20241204T163545, start_date=20241204T163547, end_date=20241204T163556
[2024-12-04T16:35:56.417+0000] {local_task_job_runner.py:266} INFO - Task exited with return code 0
[2024-12-04T16:35:56.488+0000] {taskinstance.py:3895} INFO - 0 downstream tasks scheduled from follow-on schedule check
[2024-12-04T16:35:56.490+0000] {local_task_job_runner.py:245} INFO - ::endgroup::
