[2024-12-08T17:32:18.203+0000] {local_task_job_runner.py:123} INFO - ::group::Pre task execution logs
[2024-12-08T17:32:18.222+0000] {taskinstance.py:2613} INFO - Dependencies all met for dep_context=non-requeueable deps ti=<TaskInstance: sparking_flow.java_job manual__2024-12-08T17:32:15.890630+00:00 [queued]>
[2024-12-08T17:32:18.230+0000] {taskinstance.py:2613} INFO - Dependencies all met for dep_context=requeueable deps ti=<TaskInstance: sparking_flow.java_job manual__2024-12-08T17:32:15.890630+00:00 [queued]>
[2024-12-08T17:32:18.230+0000] {taskinstance.py:2866} INFO - Starting attempt 1 of 1
[2024-12-08T17:32:18.240+0000] {taskinstance.py:2889} INFO - Executing <Task(SparkSubmitOperator): java_job> on 2024-12-08 17:32:15.890630+00:00
[2024-12-08T17:32:18.246+0000] {logging_mixin.py:190} WARNING - /home/***/.local/lib/python3.12/site-packages/***/task/task_runner/standard_task_runner.py:70 DeprecationWarning: This process (pid=187) is multi-threaded, use of fork() may lead to deadlocks in the child.
[2024-12-08T17:32:18.249+0000] {standard_task_runner.py:72} INFO - Started process 188 to run task
[2024-12-08T17:32:18.246+0000] {standard_task_runner.py:104} INFO - Running: ['***', 'tasks', 'run', 'sparking_flow', 'java_job', 'manual__2024-12-08T17:32:15.890630+00:00', '--job-id', '255', '--raw', '--subdir', 'DAGS_FOLDER/spark_***.py', '--cfg-path', '/tmp/tmpk1o3mo7g']
[2024-12-08T17:32:18.250+0000] {standard_task_runner.py:105} INFO - Job 255: Subtask java_job
[2024-12-08T17:32:18.302+0000] {task_command.py:467} INFO - Running <TaskInstance: sparking_flow.java_job manual__2024-12-08T17:32:15.890630+00:00 [running]> on host 2a892a3469ec
[2024-12-08T17:32:18.383+0000] {taskinstance.py:3132} INFO - Exporting env vars: AIRFLOW_CTX_DAG_OWNER='Yusuf Ganiyu' AIRFLOW_CTX_DAG_ID='sparking_flow' AIRFLOW_CTX_TASK_ID='java_job' AIRFLOW_CTX_EXECUTION_DATE='2024-12-08T17:32:15.890630+00:00' AIRFLOW_CTX_TRY_NUMBER='1' AIRFLOW_CTX_DAG_RUN_ID='manual__2024-12-08T17:32:15.890630+00:00'
[2024-12-08T17:32:18.387+0000] {taskinstance.py:731} INFO - ::endgroup::
[2024-12-08T17:32:18.410+0000] {base.py:84} INFO - Retrieving connection 'spark-conn'
[2024-12-08T17:32:18.411+0000] {spark_submit.py:473} INFO - Spark-Submit cmd: spark-submit --master spark://sparkingflow-spark-master-1:7077 --name arrow-spark --class com.airscholar.spark.WordCountJob --deploy-mode client jobs/java/spark-job/target/spark-job-1.0-SNAPSHOT.jar
[2024-12-08T17:32:21.151+0000] {spark_submit.py:634} INFO - 24/12/08 17:32:21 INFO SparkContext: Running Spark version 3.5.3
[2024-12-08T17:32:21.156+0000] {spark_submit.py:634} INFO - 24/12/08 17:32:21 INFO SparkContext: OS info Linux, 6.10.14-linuxkit, aarch64
[2024-12-08T17:32:21.157+0000] {spark_submit.py:634} INFO - 24/12/08 17:32:21 INFO SparkContext: Java version 17.0.13
[2024-12-08T17:32:21.259+0000] {spark_submit.py:634} INFO - 24/12/08 17:32:21 WARN NativeCodeLoader: Unable to load native-hadoop library for your platform... using builtin-java classes where applicable
[2024-12-08T17:32:21.388+0000] {spark_submit.py:634} INFO - 24/12/08 17:32:21 INFO ResourceUtils: ==============================================================
[2024-12-08T17:32:21.389+0000] {spark_submit.py:634} INFO - 24/12/08 17:32:21 INFO ResourceUtils: No custom resources configured for spark.driver.
[2024-12-08T17:32:21.390+0000] {spark_submit.py:634} INFO - 24/12/08 17:32:21 INFO ResourceUtils: ==============================================================
[2024-12-08T17:32:21.390+0000] {spark_submit.py:634} INFO - 24/12/08 17:32:21 INFO SparkContext: Submitted application: Word Count Job
[2024-12-08T17:32:21.419+0000] {spark_submit.py:634} INFO - 24/12/08 17:32:21 INFO ResourceProfile: Default ResourceProfile created, executor resources: Map(cores -> name: cores, amount: 1, script: , vendor: , memory -> name: memory, amount: 1024, script: , vendor: , offHeap -> name: offHeap, amount: 0, script: , vendor: ), task resources: Map(cpus -> name: cpus, amount: 1.0)
[2024-12-08T17:32:21.430+0000] {spark_submit.py:634} INFO - 24/12/08 17:32:21 INFO ResourceProfile: Limiting resource is cpu
[2024-12-08T17:32:21.438+0000] {spark_submit.py:634} INFO - 24/12/08 17:32:21 INFO ResourceProfileManager: Added ResourceProfile id: 0
[2024-12-08T17:32:21.503+0000] {spark_submit.py:634} INFO - 24/12/08 17:32:21 INFO SecurityManager: Changing view acls to: ***
[2024-12-08T17:32:21.504+0000] {spark_submit.py:634} INFO - 24/12/08 17:32:21 INFO SecurityManager: Changing modify acls to: ***
[2024-12-08T17:32:21.504+0000] {spark_submit.py:634} INFO - 24/12/08 17:32:21 INFO SecurityManager: Changing view acls groups to:
[2024-12-08T17:32:21.504+0000] {spark_submit.py:634} INFO - 24/12/08 17:32:21 INFO SecurityManager: Changing modify acls groups to:
[2024-12-08T17:32:21.505+0000] {spark_submit.py:634} INFO - 24/12/08 17:32:21 INFO SecurityManager: SecurityManager: authentication disabled; ui acls disabled; users with view permissions: ***; groups with view permissions: EMPTY; users with modify permissions: ***; groups with modify permissions: EMPTY
[2024-12-08T17:32:21.798+0000] {spark_submit.py:634} INFO - 24/12/08 17:32:21 INFO Utils: Successfully started service 'sparkDriver' on port 44383.
[2024-12-08T17:32:21.826+0000] {spark_submit.py:634} INFO - 24/12/08 17:32:21 INFO SparkEnv: Registering MapOutputTracker
[2024-12-08T17:32:21.870+0000] {spark_submit.py:634} INFO - 24/12/08 17:32:21 INFO SparkEnv: Registering BlockManagerMaster
[2024-12-08T17:32:21.889+0000] {spark_submit.py:634} INFO - 24/12/08 17:32:21 INFO BlockManagerMasterEndpoint: Using org.apache.spark.storage.DefaultTopologyMapper for getting topology information
[2024-12-08T17:32:21.893+0000] {spark_submit.py:634} INFO - 24/12/08 17:32:21 INFO BlockManagerMasterEndpoint: BlockManagerMasterEndpoint up
[2024-12-08T17:32:21.895+0000] {spark_submit.py:634} INFO - 24/12/08 17:32:21 INFO SparkEnv: Registering BlockManagerMasterHeartbeat
[2024-12-08T17:32:21.914+0000] {spark_submit.py:634} INFO - 24/12/08 17:32:21 INFO DiskBlockManager: Created local directory at /tmp/blockmgr-240abc7d-924e-44ca-abd9-8719c6a7ab12
[2024-12-08T17:32:21.926+0000] {spark_submit.py:634} INFO - 24/12/08 17:32:21 INFO MemoryStore: MemoryStore started with capacity 434.4 MiB
[2024-12-08T17:32:21.939+0000] {spark_submit.py:634} INFO - 24/12/08 17:32:21 INFO SparkEnv: Registering OutputCommitCoordinator
[2024-12-08T17:32:22.082+0000] {spark_submit.py:634} INFO - 24/12/08 17:32:22 INFO JettyUtils: Start Jetty 0.0.0.0:4040 for SparkUI
[2024-12-08T17:32:22.168+0000] {spark_submit.py:634} INFO - 24/12/08 17:32:22 INFO Utils: Successfully started service 'SparkUI' on port 4040.
[2024-12-08T17:32:22.260+0000] {spark_submit.py:634} INFO - 24/12/08 17:32:22 INFO SparkContext: Added JAR file:/opt/***/jobs/java/spark-job/target/spark-job-1.0-SNAPSHOT.jar at spark://2a892a3469ec:44383/jars/spark-job-1.0-SNAPSHOT.jar with timestamp 1733679141122
[2024-12-08T17:32:22.366+0000] {spark_submit.py:634} INFO - 24/12/08 17:32:22 INFO Executor: Starting executor ID driver on host 2a892a3469ec
[2024-12-08T17:32:22.367+0000] {spark_submit.py:634} INFO - 24/12/08 17:32:22 INFO Executor: OS info Linux, 6.10.14-linuxkit, aarch64
[2024-12-08T17:32:22.367+0000] {spark_submit.py:634} INFO - 24/12/08 17:32:22 INFO Executor: Java version 17.0.13
[2024-12-08T17:32:22.377+0000] {spark_submit.py:634} INFO - 24/12/08 17:32:22 INFO Executor: Starting executor with user classpath (userClassPathFirst = false): ''
[2024-12-08T17:32:22.381+0000] {spark_submit.py:634} INFO - 24/12/08 17:32:22 INFO Executor: Created or updated repl class loader org.apache.spark.util.MutableURLClassLoader@4a8e6e89 for default.
[2024-12-08T17:32:22.407+0000] {spark_submit.py:634} INFO - 24/12/08 17:32:22 INFO Executor: Fetching spark://2a892a3469ec:44383/jars/spark-job-1.0-SNAPSHOT.jar with timestamp 1733679141122
[2024-12-08T17:32:22.652+0000] {spark_submit.py:634} INFO - 24/12/08 17:32:22 INFO TransportClientFactory: Successfully created connection to 2a892a3469ec/172.18.0.4:44383 after 57 ms (0 ms spent in bootstraps)
[2024-12-08T17:32:22.662+0000] {spark_submit.py:634} INFO - 24/12/08 17:32:22 INFO Utils: Fetching spark://2a892a3469ec:44383/jars/spark-job-1.0-SNAPSHOT.jar to /tmp/spark-2abd5770-e0e6-410b-ad16-cbcee8333922/userFiles-ccf45563-3327-428e-834a-400abb560a6e/fetchFileTemp1560288608843606995.tmp
[2024-12-08T17:32:22.732+0000] {spark_submit.py:634} INFO - 24/12/08 17:32:22 INFO Executor: Adding file:/tmp/spark-2abd5770-e0e6-410b-ad16-cbcee8333922/userFiles-ccf45563-3327-428e-834a-400abb560a6e/spark-job-1.0-SNAPSHOT.jar to class loader default
[2024-12-08T17:32:22.764+0000] {spark_submit.py:634} INFO - 24/12/08 17:32:22 INFO Utils: Successfully started service 'org.apache.spark.network.netty.NettyBlockTransferService' on port 33449.
[2024-12-08T17:32:22.765+0000] {spark_submit.py:634} INFO - 24/12/08 17:32:22 INFO NettyBlockTransferService: Server created on 2a892a3469ec:33449
[2024-12-08T17:32:22.768+0000] {spark_submit.py:634} INFO - 24/12/08 17:32:22 INFO BlockManager: Using org.apache.spark.storage.RandomBlockReplicationPolicy for block replication policy
[2024-12-08T17:32:22.777+0000] {spark_submit.py:634} INFO - 24/12/08 17:32:22 INFO BlockManagerMaster: Registering BlockManager BlockManagerId(driver, 2a892a3469ec, 33449, None)
[2024-12-08T17:32:22.785+0000] {spark_submit.py:634} INFO - 24/12/08 17:32:22 INFO BlockManagerMasterEndpoint: Registering block manager 2a892a3469ec:33449 with 434.4 MiB RAM, BlockManagerId(driver, 2a892a3469ec, 33449, None)
[2024-12-08T17:32:22.790+0000] {spark_submit.py:634} INFO - 24/12/08 17:32:22 INFO BlockManagerMaster: Registered BlockManager BlockManagerId(driver, 2a892a3469ec, 33449, None)
[2024-12-08T17:32:22.791+0000] {spark_submit.py:634} INFO - 24/12/08 17:32:22 INFO BlockManager: Initialized BlockManager: BlockManagerId(driver, 2a892a3469ec, 33449, None)
[2024-12-08T17:32:24.200+0000] {spark_submit.py:634} INFO - 24/12/08 17:32:24 INFO SparkContext: Starting job: collect at WordCountJob.java:37
[2024-12-08T17:32:24.287+0000] {spark_submit.py:634} INFO - 24/12/08 17:32:24 INFO DAGScheduler: Registering RDD 2 (mapToPair at WordCountJob.java:33) as input to shuffle 0
[2024-12-08T17:32:24.301+0000] {spark_submit.py:634} INFO - 24/12/08 17:32:24 INFO DAGScheduler: Got job 0 (collect at WordCountJob.java:37) with 1 output partitions
[2024-12-08T17:32:24.317+0000] {spark_submit.py:634} INFO - 24/12/08 17:32:24 INFO DAGScheduler: Final stage: ResultStage 1 (collect at WordCountJob.java:37)
[2024-12-08T17:32:24.322+0000] {spark_submit.py:634} INFO - 24/12/08 17:32:24 INFO DAGScheduler: Parents of final stage: List(ShuffleMapStage 0)
[2024-12-08T17:32:24.323+0000] {spark_submit.py:634} INFO - 24/12/08 17:32:24 INFO DAGScheduler: Missing parents: List(ShuffleMapStage 0)
[2024-12-08T17:32:24.324+0000] {spark_submit.py:634} INFO - 24/12/08 17:32:24 INFO DAGScheduler: Submitting ShuffleMapStage 0 (MapPartitionsRDD[2] at mapToPair at WordCountJob.java:33), which has no missing parents
[2024-12-08T17:32:24.607+0000] {spark_submit.py:634} INFO - 24/12/08 17:32:24 INFO MemoryStore: Block broadcast_0 stored as values in memory (estimated size 6.4 KiB, free 434.4 MiB)
[2024-12-08T17:32:24.681+0000] {spark_submit.py:634} INFO - 24/12/08 17:32:24 INFO MemoryStore: Block broadcast_0_piece0 stored as bytes in memory (estimated size 3.4 KiB, free 434.4 MiB)
[2024-12-08T17:32:24.687+0000] {spark_submit.py:634} INFO - 24/12/08 17:32:24 INFO BlockManagerInfo: Added broadcast_0_piece0 in memory on 2a892a3469ec:33449 (size: 3.4 KiB, free: 434.4 MiB)
[2024-12-08T17:32:24.697+0000] {spark_submit.py:634} INFO - 24/12/08 17:32:24 INFO SparkContext: Created broadcast 0 from broadcast at DAGScheduler.scala:1585
[2024-12-08T17:32:24.750+0000] {spark_submit.py:634} INFO - 24/12/08 17:32:24 INFO DAGScheduler: Submitting 1 missing tasks from ShuffleMapStage 0 (MapPartitionsRDD[2] at mapToPair at WordCountJob.java:33) (first 15 tasks are for partitions Vector(0))
[2024-12-08T17:32:24.752+0000] {spark_submit.py:634} INFO - 24/12/08 17:32:24 INFO TaskSchedulerImpl: Adding task set 0.0 with 1 tasks resource profile 0
[2024-12-08T17:32:24.877+0000] {spark_submit.py:634} INFO - 24/12/08 17:32:24 INFO TaskSetManager: Starting task 0.0 in stage 0.0 (TID 0) (2a892a3469ec, executor driver, partition 0, PROCESS_LOCAL, 9249 bytes)
[2024-12-08T17:32:24.908+0000] {spark_submit.py:634} INFO - 24/12/08 17:32:24 INFO Executor: Running task 0.0 in stage 0.0 (TID 0)
[2024-12-08T17:32:25.245+0000] {spark_submit.py:634} INFO - 24/12/08 17:32:25 INFO Executor: Finished task 0.0 in stage 0.0 (TID 0). 1216 bytes result sent to driver
[2024-12-08T17:32:25.288+0000] {spark_submit.py:634} INFO - 24/12/08 17:32:25 INFO TaskSetManager: Finished task 0.0 in stage 0.0 (TID 0) in 449 ms on 2a892a3469ec (executor driver) (1/1)
[2024-12-08T17:32:25.293+0000] {spark_submit.py:634} INFO - 24/12/08 17:32:25 INFO TaskSchedulerImpl: Removed TaskSet 0.0, whose tasks have all completed, from pool
[2024-12-08T17:32:25.303+0000] {spark_submit.py:634} INFO - 24/12/08 17:32:25 INFO DAGScheduler: ShuffleMapStage 0 (mapToPair at WordCountJob.java:33) finished in 0.928 s
[2024-12-08T17:32:25.304+0000] {spark_submit.py:634} INFO - 24/12/08 17:32:25 INFO DAGScheduler: looking for newly runnable stages
[2024-12-08T17:32:25.304+0000] {spark_submit.py:634} INFO - 24/12/08 17:32:25 INFO DAGScheduler: running: Set()
[2024-12-08T17:32:25.306+0000] {spark_submit.py:634} INFO - 24/12/08 17:32:25 INFO DAGScheduler: waiting: Set(ResultStage 1)
[2024-12-08T17:32:25.307+0000] {spark_submit.py:634} INFO - 24/12/08 17:32:25 INFO DAGScheduler: failed: Set()
[2024-12-08T17:32:25.313+0000] {spark_submit.py:634} INFO - 24/12/08 17:32:25 INFO DAGScheduler: Submitting ResultStage 1 (ShuffledRDD[3] at reduceByKey at WordCountJob.java:34), which has no missing parents
[2024-12-08T17:32:25.331+0000] {spark_submit.py:634} INFO - 24/12/08 17:32:25 INFO MemoryStore: Block broadcast_1 stored as values in memory (estimated size 5.2 KiB, free 434.4 MiB)
[2024-12-08T17:32:25.359+0000] {spark_submit.py:634} INFO - 24/12/08 17:32:25 INFO MemoryStore: Block broadcast_1_piece0 stored as bytes in memory (estimated size 2.9 KiB, free 434.4 MiB)
[2024-12-08T17:32:25.362+0000] {spark_submit.py:634} INFO - 24/12/08 17:32:25 INFO BlockManagerInfo: Added broadcast_1_piece0 in memory on 2a892a3469ec:33449 (size: 2.9 KiB, free: 434.4 MiB)
[2024-12-08T17:32:25.363+0000] {spark_submit.py:634} INFO - 24/12/08 17:32:25 INFO SparkContext: Created broadcast 1 from broadcast at DAGScheduler.scala:1585
[2024-12-08T17:32:25.365+0000] {spark_submit.py:634} INFO - 24/12/08 17:32:25 INFO DAGScheduler: Submitting 1 missing tasks from ResultStage 1 (ShuffledRDD[3] at reduceByKey at WordCountJob.java:34) (first 15 tasks are for partitions Vector(0))
[2024-12-08T17:32:25.366+0000] {spark_submit.py:634} INFO - 24/12/08 17:32:25 INFO TaskSchedulerImpl: Adding task set 1.0 with 1 tasks resource profile 0
[2024-12-08T17:32:25.381+0000] {spark_submit.py:634} INFO - 24/12/08 17:32:25 INFO TaskSetManager: Starting task 0.0 in stage 1.0 (TID 1) (2a892a3469ec, executor driver, partition 0, NODE_LOCAL, 9002 bytes)
[2024-12-08T17:32:25.383+0000] {spark_submit.py:634} INFO - 24/12/08 17:32:25 INFO Executor: Running task 0.0 in stage 1.0 (TID 1)
[2024-12-08T17:32:25.494+0000] {spark_submit.py:634} INFO - 24/12/08 17:32:25 INFO ShuffleBlockFetcherIterator: Getting 1 (189.0 B) non-empty blocks including 1 (189.0 B) local and 0 (0.0 B) host-local and 0 (0.0 B) push-merged-local and 0 (0.0 B) remote blocks
[2024-12-08T17:32:25.509+0000] {spark_submit.py:634} INFO - 24/12/08 17:32:25 INFO ShuffleBlockFetcherIterator: Started 0 remote fetches in 34 ms
[2024-12-08T17:32:25.586+0000] {spark_submit.py:634} INFO - 24/12/08 17:32:25 INFO Executor: Finished task 0.0 in stage 1.0 (TID 1). 1958 bytes result sent to driver
[2024-12-08T17:32:25.592+0000] {spark_submit.py:634} INFO - 24/12/08 17:32:25 INFO TaskSetManager: Finished task 0.0 in stage 1.0 (TID 1) in 218 ms on 2a892a3469ec (executor driver) (1/1)
[2024-12-08T17:32:25.597+0000] {spark_submit.py:634} INFO - 24/12/08 17:32:25 INFO TaskSchedulerImpl: Removed TaskSet 1.0, whose tasks have all completed, from pool
[2024-12-08T17:32:25.598+0000] {spark_submit.py:634} INFO - 24/12/08 17:32:25 INFO DAGScheduler: ResultStage 1 (collect at WordCountJob.java:37) finished in 0.270 s
[2024-12-08T17:32:25.604+0000] {spark_submit.py:634} INFO - 24/12/08 17:32:25 INFO DAGScheduler: Job 0 is finished. Cancelling potential speculative or zombie tasks for this job
[2024-12-08T17:32:25.605+0000] {spark_submit.py:634} INFO - 24/12/08 17:32:25 INFO TaskSchedulerImpl: Killing all running tasks in stage 1: Stage finished
[2024-12-08T17:32:25.610+0000] {spark_submit.py:634} INFO - 24/12/08 17:32:25 INFO DAGScheduler: Job 0 finished: collect at WordCountJob.java:37, took 1.411311 s
[2024-12-08T17:32:25.615+0000] {spark_submit.py:634} INFO - spark: 1
[2024-12-08T17:32:25.616+0000] {spark_submit.py:634} INFO - docker: 1
[2024-12-08T17:32:25.617+0000] {spark_submit.py:634} INFO - Yusuf: 1
[2024-12-08T17:32:25.618+0000] {spark_submit.py:634} INFO - hello: 5
[2024-12-08T17:32:25.621+0000] {spark_submit.py:634} INFO - java: 1
[2024-12-08T17:32:25.622+0000] {spark_submit.py:634} INFO - world: 1
[2024-12-08T17:32:25.622+0000] {spark_submit.py:634} INFO - 24/12/08 17:32:25 INFO SparkContext: SparkContext is stopping with exitCode 0.
[2024-12-08T17:32:25.642+0000] {spark_submit.py:634} INFO - 24/12/08 17:32:25 INFO SparkUI: Stopped Spark web UI at http://2a892a3469ec:4040
[2024-12-08T17:32:25.663+0000] {spark_submit.py:634} INFO - 24/12/08 17:32:25 INFO MapOutputTrackerMasterEndpoint: MapOutputTrackerMasterEndpoint stopped!
[2024-12-08T17:32:25.682+0000] {spark_submit.py:634} INFO - 24/12/08 17:32:25 INFO MemoryStore: MemoryStore cleared
[2024-12-08T17:32:25.683+0000] {spark_submit.py:634} INFO - 24/12/08 17:32:25 INFO BlockManager: BlockManager stopped
[2024-12-08T17:32:25.694+0000] {spark_submit.py:634} INFO - 24/12/08 17:32:25 INFO BlockManagerMaster: BlockManagerMaster stopped
[2024-12-08T17:32:25.695+0000] {spark_submit.py:634} INFO - 24/12/08 17:32:25 INFO OutputCommitCoordinator$OutputCommitCoordinatorEndpoint: OutputCommitCoordinator stopped!
[2024-12-08T17:32:25.715+0000] {spark_submit.py:634} INFO - 24/12/08 17:32:25 INFO SparkContext: Successfully stopped SparkContext
[2024-12-08T17:32:25.724+0000] {spark_submit.py:634} INFO - 24/12/08 17:32:25 INFO ShutdownHookManager: Shutdown hook called
[2024-12-08T17:32:25.727+0000] {spark_submit.py:634} INFO - 24/12/08 17:32:25 INFO ShutdownHookManager: Deleting directory /tmp/spark-cbb2e77d-c18d-4ca5-b5c7-a6e48ef7c356
[2024-12-08T17:32:25.733+0000] {spark_submit.py:634} INFO - 24/12/08 17:32:25 INFO ShutdownHookManager: Deleting directory /tmp/spark-2abd5770-e0e6-410b-ad16-cbcee8333922
[2024-12-08T17:32:25.883+0000] {taskinstance.py:340} INFO - ::group::Post task execution logs
[2024-12-08T17:32:25.886+0000] {taskinstance.py:352} INFO - Marking task as SUCCESS. dag_id=sparking_flow, task_id=java_job, run_id=manual__2024-12-08T17:32:15.890630+00:00, execution_date=20241208T173215, start_date=20241208T173218, end_date=20241208T173225
[2024-12-08T17:32:25.990+0000] {local_task_job_runner.py:266} INFO - Task exited with return code 0
[2024-12-08T17:32:26.109+0000] {taskinstance.py:3895} INFO - 0 downstream tasks scheduled from follow-on schedule check
[2024-12-08T17:32:26.116+0000] {local_task_job_runner.py:245} INFO - ::endgroup::
