[2024-12-08T17:34:04.756+0000] {local_task_job_runner.py:123} INFO - ::group::Pre task execution logs
[2024-12-08T17:34:04.771+0000] {taskinstance.py:2613} INFO - Dependencies all met for dep_context=non-requeueable deps ti=<TaskInstance: sparking_flow.scala_job manual__2024-12-08T17:34:02.662535+00:00 [queued]>
[2024-12-08T17:34:04.778+0000] {taskinstance.py:2613} INFO - Dependencies all met for dep_context=requeueable deps ti=<TaskInstance: sparking_flow.scala_job manual__2024-12-08T17:34:02.662535+00:00 [queued]>
[2024-12-08T17:34:04.778+0000] {taskinstance.py:2866} INFO - Starting attempt 1 of 1
[2024-12-08T17:34:04.789+0000] {taskinstance.py:2889} INFO - Executing <Task(SparkSubmitOperator): scala_job> on 2024-12-08 17:34:02.662535+00:00
[2024-12-08T17:34:04.797+0000] {logging_mixin.py:190} WARNING - /home/***/.local/lib/python3.12/site-packages/***/task/task_runner/standard_task_runner.py:70 DeprecationWarning: This process (pid=186) is multi-threaded, use of fork() may lead to deadlocks in the child.
[2024-12-08T17:34:04.799+0000] {standard_task_runner.py:72} INFO - Started process 191 to run task
[2024-12-08T17:34:04.797+0000] {standard_task_runner.py:104} INFO - Running: ['***', 'tasks', 'run', 'sparking_flow', 'scala_job', 'manual__2024-12-08T17:34:02.662535+00:00', '--job-id', '262', '--raw', '--subdir', 'DAGS_FOLDER/spark_***.py', '--cfg-path', '/tmp/tmpg_1h22hb']
[2024-12-08T17:34:04.799+0000] {standard_task_runner.py:105} INFO - Job 262: Subtask scala_job
[2024-12-08T17:34:04.842+0000] {task_command.py:467} INFO - Running <TaskInstance: sparking_flow.scala_job manual__2024-12-08T17:34:02.662535+00:00 [running]> on host 2a892a3469ec
[2024-12-08T17:34:04.914+0000] {taskinstance.py:3132} INFO - Exporting env vars: AIRFLOW_CTX_DAG_OWNER='Yusuf Ganiyu' AIRFLOW_CTX_DAG_ID='sparking_flow' AIRFLOW_CTX_TASK_ID='scala_job' AIRFLOW_CTX_EXECUTION_DATE='2024-12-08T17:34:02.662535+00:00' AIRFLOW_CTX_TRY_NUMBER='1' AIRFLOW_CTX_DAG_RUN_ID='manual__2024-12-08T17:34:02.662535+00:00'
[2024-12-08T17:34:04.914+0000] {taskinstance.py:731} INFO - ::endgroup::
[2024-12-08T17:34:04.936+0000] {base.py:84} INFO - Retrieving connection 'spark-conn'
[2024-12-08T17:34:04.937+0000] {spark_submit.py:473} INFO - Spark-Submit cmd: spark-submit --master spark://sparkingflow-spark-master-1:7077 --name arrow-spark --deploy-mode client jobs/scala/target/scala-2.12/word-count_2.12-0.1.jar
[2024-12-08T17:34:07.749+0000] {spark_submit.py:634} INFO - 24/12/08 17:34:07 WARN NativeCodeLoader: Unable to load native-hadoop library for your platform... using builtin-java classes where applicable
[2024-12-08T17:34:08.104+0000] {spark_submit.py:634} INFO - 24/12/08 17:34:08 INFO SparkContext: Running Spark version 3.5.3
[2024-12-08T17:34:08.105+0000] {spark_submit.py:634} INFO - 24/12/08 17:34:08 INFO SparkContext: OS info Linux, 6.10.14-linuxkit, aarch64
[2024-12-08T17:34:08.105+0000] {spark_submit.py:634} INFO - 24/12/08 17:34:08 INFO SparkContext: Java version 17.0.13
[2024-12-08T17:34:08.134+0000] {spark_submit.py:634} INFO - 24/12/08 17:34:08 INFO ResourceUtils: ==============================================================
[2024-12-08T17:34:08.136+0000] {spark_submit.py:634} INFO - 24/12/08 17:34:08 INFO ResourceUtils: No custom resources configured for spark.driver.
[2024-12-08T17:34:08.136+0000] {spark_submit.py:634} INFO - 24/12/08 17:34:08 INFO ResourceUtils: ==============================================================
[2024-12-08T17:34:08.137+0000] {spark_submit.py:634} INFO - 24/12/08 17:34:08 INFO SparkContext: Submitted application: Word Count
[2024-12-08T17:34:08.165+0000] {spark_submit.py:634} INFO - 24/12/08 17:34:08 INFO ResourceProfile: Default ResourceProfile created, executor resources: Map(memory -> name: memory, amount: 1024, script: , vendor: , offHeap -> name: offHeap, amount: 0, script: , vendor: ), task resources: Map(cpus -> name: cpus, amount: 1.0)
[2024-12-08T17:34:08.177+0000] {spark_submit.py:634} INFO - 24/12/08 17:34:08 INFO ResourceProfile: Limiting resource is cpu
[2024-12-08T17:34:08.177+0000] {spark_submit.py:634} INFO - 24/12/08 17:34:08 INFO ResourceProfileManager: Added ResourceProfile id: 0
[2024-12-08T17:34:08.242+0000] {spark_submit.py:634} INFO - 24/12/08 17:34:08 INFO SecurityManager: Changing view acls to: ***
[2024-12-08T17:34:08.243+0000] {spark_submit.py:634} INFO - 24/12/08 17:34:08 INFO SecurityManager: Changing modify acls to: ***
[2024-12-08T17:34:08.244+0000] {spark_submit.py:634} INFO - 24/12/08 17:34:08 INFO SecurityManager: Changing view acls groups to:
[2024-12-08T17:34:08.244+0000] {spark_submit.py:634} INFO - 24/12/08 17:34:08 INFO SecurityManager: Changing modify acls groups to:
[2024-12-08T17:34:08.245+0000] {spark_submit.py:634} INFO - 24/12/08 17:34:08 INFO SecurityManager: SecurityManager: authentication disabled; ui acls disabled; users with view permissions: ***; groups with view permissions: EMPTY; users with modify permissions: ***; groups with modify permissions: EMPTY
[2024-12-08T17:34:08.520+0000] {spark_submit.py:634} INFO - 24/12/08 17:34:08 INFO Utils: Successfully started service 'sparkDriver' on port 34845.
[2024-12-08T17:34:08.548+0000] {spark_submit.py:634} INFO - 24/12/08 17:34:08 INFO SparkEnv: Registering MapOutputTracker
[2024-12-08T17:34:08.584+0000] {spark_submit.py:634} INFO - 24/12/08 17:34:08 INFO SparkEnv: Registering BlockManagerMaster
[2024-12-08T17:34:08.600+0000] {spark_submit.py:634} INFO - 24/12/08 17:34:08 INFO BlockManagerMasterEndpoint: Using org.apache.spark.storage.DefaultTopologyMapper for getting topology information
[2024-12-08T17:34:08.601+0000] {spark_submit.py:634} INFO - 24/12/08 17:34:08 INFO BlockManagerMasterEndpoint: BlockManagerMasterEndpoint up
[2024-12-08T17:34:08.604+0000] {spark_submit.py:634} INFO - 24/12/08 17:34:08 INFO SparkEnv: Registering BlockManagerMasterHeartbeat
[2024-12-08T17:34:08.622+0000] {spark_submit.py:634} INFO - 24/12/08 17:34:08 INFO DiskBlockManager: Created local directory at /tmp/blockmgr-ee4a53d5-90db-4345-9efa-c08f161457c2
[2024-12-08T17:34:08.636+0000] {spark_submit.py:634} INFO - 24/12/08 17:34:08 INFO MemoryStore: MemoryStore started with capacity 434.4 MiB
[2024-12-08T17:34:08.652+0000] {spark_submit.py:634} INFO - 24/12/08 17:34:08 INFO SparkEnv: Registering OutputCommitCoordinator
[2024-12-08T17:34:08.831+0000] {spark_submit.py:634} INFO - 24/12/08 17:34:08 INFO JettyUtils: Start Jetty 0.0.0.0:4040 for SparkUI
[2024-12-08T17:34:08.897+0000] {spark_submit.py:634} INFO - 24/12/08 17:34:08 WARN Utils: Service 'SparkUI' could not bind on port 4040. Attempting port 4041.
[2024-12-08T17:34:08.906+0000] {spark_submit.py:634} INFO - 24/12/08 17:34:08 INFO Utils: Successfully started service 'SparkUI' on port 4041.
[2024-12-08T17:34:08.942+0000] {spark_submit.py:634} INFO - 24/12/08 17:34:08 INFO SparkContext: Added JAR file:/opt/***/jobs/scala/target/scala-2.12/word-count_2.12-0.1.jar at spark://2a892a3469ec:34845/jars/word-count_2.12-0.1.jar with timestamp 1733679248091
[2024-12-08T17:34:09.051+0000] {spark_submit.py:634} INFO - 24/12/08 17:34:09 INFO StandaloneAppClient$ClientEndpoint: Connecting to master spark://spark-master:7077...
[2024-12-08T17:34:09.106+0000] {spark_submit.py:634} INFO - 24/12/08 17:34:09 INFO TransportClientFactory: Successfully created connection to spark-master/172.18.0.5:7077 after 25 ms (0 ms spent in bootstraps)
[2024-12-08T17:34:09.383+0000] {spark_submit.py:634} INFO - 24/12/08 17:34:09 INFO StandaloneSchedulerBackend: Connected to Spark cluster with app ID app-20241208173409-0000
[2024-12-08T17:34:09.411+0000] {spark_submit.py:634} INFO - 24/12/08 17:34:09 INFO Utils: Successfully started service 'org.apache.spark.network.netty.NettyBlockTransferService' on port 41041.
[2024-12-08T17:34:09.413+0000] {spark_submit.py:634} INFO - 24/12/08 17:34:09 INFO NettyBlockTransferService: Server created on 2a892a3469ec:41041
[2024-12-08T17:34:09.418+0000] {spark_submit.py:634} INFO - 24/12/08 17:34:09 INFO BlockManager: Using org.apache.spark.storage.RandomBlockReplicationPolicy for block replication policy
[2024-12-08T17:34:09.437+0000] {spark_submit.py:634} INFO - 24/12/08 17:34:09 INFO BlockManagerMaster: Registering BlockManager BlockManagerId(driver, 2a892a3469ec, 41041, None)
[2024-12-08T17:34:09.449+0000] {spark_submit.py:634} INFO - 24/12/08 17:34:09 INFO BlockManagerMasterEndpoint: Registering block manager 2a892a3469ec:41041 with 434.4 MiB RAM, BlockManagerId(driver, 2a892a3469ec, 41041, None)
[2024-12-08T17:34:09.457+0000] {spark_submit.py:634} INFO - 24/12/08 17:34:09 INFO BlockManagerMaster: Registered BlockManager BlockManagerId(driver, 2a892a3469ec, 41041, None)
[2024-12-08T17:34:09.461+0000] {spark_submit.py:634} INFO - 24/12/08 17:34:09 INFO BlockManager: Initialized BlockManager: BlockManagerId(driver, 2a892a3469ec, 41041, None)
[2024-12-08T17:34:09.479+0000] {spark_submit.py:634} INFO - 24/12/08 17:34:09 INFO StandaloneAppClient$ClientEndpoint: Executor added: app-20241208173409-0000/0 on worker-20241208173347-172.18.0.7-38941 (172.18.0.7:38941) with 2 core(s)
[2024-12-08T17:34:09.483+0000] {spark_submit.py:634} INFO - 24/12/08 17:34:09 INFO StandaloneSchedulerBackend: Granted executor ID app-20241208173409-0000/0 on hostPort 172.18.0.7:38941 with 2 core(s), 1024.0 MiB RAM
[2024-12-08T17:34:09.983+0000] {spark_submit.py:634} INFO - 24/12/08 17:34:09 INFO StandaloneAppClient$ClientEndpoint: Executor updated: app-20241208173409-0000/0 is now RUNNING
[2024-12-08T17:34:10.117+0000] {spark_submit.py:634} INFO - 24/12/08 17:34:10 INFO StandaloneSchedulerBackend: SchedulerBackend is ready for scheduling beginning after reached minRegisteredResourcesRatio: 0.0
[2024-12-08T17:34:11.008+0000] {spark_submit.py:634} INFO - 24/12/08 17:34:11 INFO SparkContext: Starting job: collect at wordcount.scala:14
[2024-12-08T17:34:11.607+0000] {spark_submit.py:634} INFO - 24/12/08 17:34:11 INFO DAGScheduler: Registering RDD 2 (map at wordcount.scala:11) as input to shuffle 0
[2024-12-08T17:34:11.614+0000] {spark_submit.py:634} INFO - 24/12/08 17:34:11 INFO DAGScheduler: Got job 0 (collect at wordcount.scala:14) with 2 output partitions
[2024-12-08T17:34:11.617+0000] {spark_submit.py:634} INFO - 24/12/08 17:34:11 INFO DAGScheduler: Final stage: ResultStage 1 (collect at wordcount.scala:14)
[2024-12-08T17:34:11.618+0000] {spark_submit.py:634} INFO - 24/12/08 17:34:11 INFO DAGScheduler: Parents of final stage: List(ShuffleMapStage 0)
[2024-12-08T17:34:11.620+0000] {spark_submit.py:634} INFO - 24/12/08 17:34:11 INFO DAGScheduler: Missing parents: List(ShuffleMapStage 0)
[2024-12-08T17:34:11.626+0000] {spark_submit.py:634} INFO - 24/12/08 17:34:11 INFO DAGScheduler: Submitting ShuffleMapStage 0 (MapPartitionsRDD[2] at map at wordcount.scala:11), which has no missing parents
[2024-12-08T17:34:11.794+0000] {spark_submit.py:634} INFO - 24/12/08 17:34:11 INFO MemoryStore: Block broadcast_0 stored as values in memory (estimated size 5.5 KiB, free 434.4 MiB)
[2024-12-08T17:34:11.855+0000] {spark_submit.py:634} INFO - 24/12/08 17:34:11 INFO MemoryStore: Block broadcast_0_piece0 stored as bytes in memory (estimated size 3.2 KiB, free 434.4 MiB)
[2024-12-08T17:34:11.864+0000] {spark_submit.py:634} INFO - 24/12/08 17:34:11 INFO BlockManagerInfo: Added broadcast_0_piece0 in memory on 2a892a3469ec:41041 (size: 3.2 KiB, free: 434.4 MiB)
[2024-12-08T17:34:11.873+0000] {spark_submit.py:634} INFO - 24/12/08 17:34:11 INFO SparkContext: Created broadcast 0 from broadcast at DAGScheduler.scala:1585
[2024-12-08T17:34:11.932+0000] {spark_submit.py:634} INFO - 24/12/08 17:34:11 INFO DAGScheduler: Submitting 2 missing tasks from ShuffleMapStage 0 (MapPartitionsRDD[2] at map at wordcount.scala:11) (first 15 tasks are for partitions Vector(0, 1))
[2024-12-08T17:34:11.934+0000] {spark_submit.py:634} INFO - 24/12/08 17:34:11 INFO TaskSchedulerImpl: Adding task set 0.0 with 2 tasks resource profile 0
[2024-12-08T17:34:14.059+0000] {spark_submit.py:634} INFO - 24/12/08 17:34:14 INFO StandaloneSchedulerBackend$StandaloneDriverEndpoint: Registered executor NettyRpcEndpointRef(spark-client://Executor) (172.18.0.7:56326) with ID 0,  ResourceProfileId 0
[2024-12-08T17:34:14.155+0000] {spark_submit.py:634} INFO - 24/12/08 17:34:14 INFO BlockManagerMasterEndpoint: Registering block manager 172.18.0.7:40709 with 434.4 MiB RAM, BlockManagerId(0, 172.18.0.7, 40709, None)
[2024-12-08T17:34:14.297+0000] {spark_submit.py:634} INFO - 24/12/08 17:34:14 INFO TaskSetManager: Starting task 0.0 in stage 0.0 (TID 0) (172.18.0.7, executor 0, partition 0, PROCESS_LOCAL, 9198 bytes)
[2024-12-08T17:34:14.304+0000] {spark_submit.py:634} INFO - 24/12/08 17:34:14 INFO TaskSetManager: Starting task 1.0 in stage 0.0 (TID 1) (172.18.0.7, executor 0, partition 1, PROCESS_LOCAL, 9213 bytes)
[2024-12-08T17:34:14.605+0000] {spark_submit.py:634} INFO - 24/12/08 17:34:14 INFO BlockManagerInfo: Added broadcast_0_piece0 in memory on 172.18.0.7:40709 (size: 3.2 KiB, free: 434.4 MiB)
[2024-12-08T17:34:15.368+0000] {spark_submit.py:634} INFO - 24/12/08 17:34:15 INFO TaskSetManager: Finished task 0.0 in stage 0.0 (TID 0) in 1092 ms on 172.18.0.7 (executor 0) (1/2)
[2024-12-08T17:34:15.370+0000] {spark_submit.py:634} INFO - 24/12/08 17:34:15 INFO TaskSetManager: Finished task 1.0 in stage 0.0 (TID 1) in 1065 ms on 172.18.0.7 (executor 0) (2/2)
[2024-12-08T17:34:15.370+0000] {spark_submit.py:634} INFO - 24/12/08 17:34:15 INFO TaskSchedulerImpl: Removed TaskSet 0.0, whose tasks have all completed, from pool
[2024-12-08T17:34:15.379+0000] {spark_submit.py:634} INFO - 24/12/08 17:34:15 INFO DAGScheduler: ShuffleMapStage 0 (map at wordcount.scala:11) finished in 3.702 s
[2024-12-08T17:34:15.382+0000] {spark_submit.py:634} INFO - 24/12/08 17:34:15 INFO DAGScheduler: looking for newly runnable stages
[2024-12-08T17:34:15.383+0000] {spark_submit.py:634} INFO - 24/12/08 17:34:15 INFO DAGScheduler: running: Set()
[2024-12-08T17:34:15.384+0000] {spark_submit.py:634} INFO - 24/12/08 17:34:15 INFO DAGScheduler: waiting: Set(ResultStage 1)
[2024-12-08T17:34:15.386+0000] {spark_submit.py:634} INFO - 24/12/08 17:34:15 INFO DAGScheduler: failed: Set()
[2024-12-08T17:34:15.387+0000] {spark_submit.py:634} INFO - 24/12/08 17:34:15 INFO DAGScheduler: Submitting ResultStage 1 (ShuffledRDD[3] at reduceByKey at wordcount.scala:12), which has no missing parents
[2024-12-08T17:34:15.399+0000] {spark_submit.py:634} INFO - 24/12/08 17:34:15 INFO MemoryStore: Block broadcast_1 stored as values in memory (estimated size 5.2 KiB, free 434.4 MiB)
[2024-12-08T17:34:15.409+0000] {spark_submit.py:634} INFO - 24/12/08 17:34:15 INFO MemoryStore: Block broadcast_1_piece0 stored as bytes in memory (estimated size 3.1 KiB, free 434.4 MiB)
[2024-12-08T17:34:15.411+0000] {spark_submit.py:634} INFO - 24/12/08 17:34:15 INFO BlockManagerInfo: Added broadcast_1_piece0 in memory on 2a892a3469ec:41041 (size: 3.1 KiB, free: 434.4 MiB)
[2024-12-08T17:34:15.413+0000] {spark_submit.py:634} INFO - 24/12/08 17:34:15 INFO SparkContext: Created broadcast 1 from broadcast at DAGScheduler.scala:1585
[2024-12-08T17:34:15.414+0000] {spark_submit.py:634} INFO - 24/12/08 17:34:15 INFO DAGScheduler: Submitting 2 missing tasks from ResultStage 1 (ShuffledRDD[3] at reduceByKey at wordcount.scala:12) (first 15 tasks are for partitions Vector(0, 1))
[2024-12-08T17:34:15.415+0000] {spark_submit.py:634} INFO - 24/12/08 17:34:15 INFO TaskSchedulerImpl: Adding task set 1.0 with 2 tasks resource profile 0
[2024-12-08T17:34:15.423+0000] {spark_submit.py:634} INFO - 24/12/08 17:34:15 INFO TaskSetManager: Starting task 0.0 in stage 1.0 (TID 2) (172.18.0.7, executor 0, partition 0, NODE_LOCAL, 9003 bytes)
[2024-12-08T17:34:15.424+0000] {spark_submit.py:634} INFO - 24/12/08 17:34:15 INFO TaskSetManager: Starting task 1.0 in stage 1.0 (TID 3) (172.18.0.7, executor 0, partition 1, NODE_LOCAL, 9003 bytes)
[2024-12-08T17:34:15.462+0000] {spark_submit.py:634} INFO - 24/12/08 17:34:15 INFO BlockManagerInfo: Added broadcast_1_piece0 in memory on 172.18.0.7:40709 (size: 3.1 KiB, free: 434.4 MiB)
[2024-12-08T17:34:15.534+0000] {spark_submit.py:634} INFO - 24/12/08 17:34:15 INFO MapOutputTrackerMasterEndpoint: Asked to send map output locations for shuffle 0 to 172.18.0.7:56326
[2024-12-08T17:34:15.752+0000] {spark_submit.py:634} INFO - 24/12/08 17:34:15 INFO TaskSetManager: Finished task 1.0 in stage 1.0 (TID 3) in 329 ms on 172.18.0.7 (executor 0) (1/2)
[2024-12-08T17:34:15.784+0000] {spark_submit.py:634} INFO - 24/12/08 17:34:15 INFO TaskSetManager: Finished task 0.0 in stage 1.0 (TID 2) in 364 ms on 172.18.0.7 (executor 0) (2/2)
[2024-12-08T17:34:15.793+0000] {spark_submit.py:634} INFO - 24/12/08 17:34:15 INFO TaskSchedulerImpl: Removed TaskSet 1.0, whose tasks have all completed, from pool
[2024-12-08T17:34:15.796+0000] {spark_submit.py:634} INFO - 24/12/08 17:34:15 INFO DAGScheduler: ResultStage 1 (collect at wordcount.scala:14) finished in 0.399 s
[2024-12-08T17:34:15.803+0000] {spark_submit.py:634} INFO - 24/12/08 17:34:15 INFO DAGScheduler: Job 0 is finished. Cancelling potential speculative or zombie tasks for this job
[2024-12-08T17:34:15.809+0000] {spark_submit.py:634} INFO - 24/12/08 17:34:15 INFO TaskSchedulerImpl: Killing all running tasks in stage 1: Stage finished
[2024-12-08T17:34:15.827+0000] {spark_submit.py:634} INFO - 24/12/08 17:34:15 INFO DAGScheduler: Job 0 finished: collect at wordcount.scala:14, took 4.812551 s
[2024-12-08T17:34:15.857+0000] {spark_submit.py:634} INFO - (Hello,5)
[2024-12-08T17:34:15.859+0000] {spark_submit.py:634} INFO - (Yusuf,1)
[2024-12-08T17:34:15.860+0000] {spark_submit.py:634} INFO - (World,1)
[2024-12-08T17:34:15.860+0000] {spark_submit.py:634} INFO - (Scala,1)
[2024-12-08T17:34:15.861+0000] {spark_submit.py:634} INFO - (Docker,1)
[2024-12-08T17:34:15.862+0000] {spark_submit.py:634} INFO - (spark,1)
[2024-12-08T17:34:15.864+0000] {spark_submit.py:634} INFO - 24/12/08 17:34:15 INFO SparkContext: SparkContext is stopping with exitCode 0.
[2024-12-08T17:34:15.891+0000] {spark_submit.py:634} INFO - 24/12/08 17:34:15 INFO SparkUI: Stopped Spark web UI at http://2a892a3469ec:4041
[2024-12-08T17:34:15.897+0000] {spark_submit.py:634} INFO - 24/12/08 17:34:15 INFO StandaloneSchedulerBackend: Shutting down all executors
[2024-12-08T17:34:15.899+0000] {spark_submit.py:634} INFO - 24/12/08 17:34:15 INFO StandaloneSchedulerBackend$StandaloneDriverEndpoint: Asking each executor to shut down
[2024-12-08T17:34:15.980+0000] {spark_submit.py:634} INFO - 24/12/08 17:34:15 INFO MapOutputTrackerMasterEndpoint: MapOutputTrackerMasterEndpoint stopped!
[2024-12-08T17:34:16.093+0000] {spark_submit.py:634} INFO - 24/12/08 17:34:16 INFO MemoryStore: MemoryStore cleared
[2024-12-08T17:34:16.098+0000] {spark_submit.py:634} INFO - 24/12/08 17:34:16 INFO BlockManager: BlockManager stopped
[2024-12-08T17:34:16.124+0000] {spark_submit.py:634} INFO - 24/12/08 17:34:16 INFO BlockManagerMaster: BlockManagerMaster stopped
[2024-12-08T17:34:16.143+0000] {spark_submit.py:634} INFO - 24/12/08 17:34:16 INFO OutputCommitCoordinator$OutputCommitCoordinatorEndpoint: OutputCommitCoordinator stopped!
[2024-12-08T17:34:16.190+0000] {spark_submit.py:634} INFO - 24/12/08 17:34:16 INFO SparkContext: Successfully stopped SparkContext
[2024-12-08T17:34:16.205+0000] {spark_submit.py:634} INFO - 24/12/08 17:34:16 INFO ShutdownHookManager: Shutdown hook called
[2024-12-08T17:34:16.207+0000] {spark_submit.py:634} INFO - 24/12/08 17:34:16 INFO ShutdownHookManager: Deleting directory /tmp/spark-09f64501-acea-4454-a98a-7dcfbf9d9c54
[2024-12-08T17:34:16.215+0000] {spark_submit.py:634} INFO - 24/12/08 17:34:16 INFO ShutdownHookManager: Deleting directory /tmp/spark-231fac9b-9e19-4070-b199-eed922adb173
[2024-12-08T17:34:16.318+0000] {taskinstance.py:340} INFO - ::group::Post task execution logs
[2024-12-08T17:34:16.319+0000] {taskinstance.py:352} INFO - Marking task as SUCCESS. dag_id=sparking_flow, task_id=scala_job, run_id=manual__2024-12-08T17:34:02.662535+00:00, execution_date=20241208T173402, start_date=20241208T173404, end_date=20241208T173416
[2024-12-08T17:34:16.374+0000] {local_task_job_runner.py:266} INFO - Task exited with return code 0
[2024-12-08T17:34:16.425+0000] {taskinstance.py:3895} INFO - 0 downstream tasks scheduled from follow-on schedule check
[2024-12-08T17:34:16.426+0000] {local_task_job_runner.py:245} INFO - ::endgroup::
