[2024-12-08T16:36:14.492+0000] {local_task_job_runner.py:123} INFO - ::group::Pre task execution logs
[2024-12-08T16:36:14.506+0000] {taskinstance.py:2613} INFO - Dependencies all met for dep_context=non-requeueable deps ti=<TaskInstance: sparking_flow.java_job manual__2024-12-08T16:36:12.617031+00:00 [queued]>
[2024-12-08T16:36:14.513+0000] {taskinstance.py:2613} INFO - Dependencies all met for dep_context=requeueable deps ti=<TaskInstance: sparking_flow.java_job manual__2024-12-08T16:36:12.617031+00:00 [queued]>
[2024-12-08T16:36:14.514+0000] {taskinstance.py:2866} INFO - Starting attempt 1 of 1
[2024-12-08T16:36:14.522+0000] {taskinstance.py:2889} INFO - Executing <Task(SparkSubmitOperator): java_job> on 2024-12-08 16:36:12.617031+00:00
[2024-12-08T16:36:14.535+0000] {logging_mixin.py:190} WARNING - /home/***/.local/lib/python3.12/site-packages/***/task/task_runner/standard_task_runner.py:70 DeprecationWarning: This process (pid=191) is multi-threaded, use of fork() may lead to deadlocks in the child.
[2024-12-08T16:36:14.535+0000] {standard_task_runner.py:104} INFO - Running: ['***', 'tasks', 'run', 'sparking_flow', 'java_job', 'manual__2024-12-08T16:36:12.617031+00:00', '--job-id', '217', '--raw', '--subdir', 'DAGS_FOLDER/spark_***.py', '--cfg-path', '/tmp/tmpcxg3mynv']
[2024-12-08T16:36:14.537+0000] {standard_task_runner.py:72} INFO - Started process 192 to run task
[2024-12-08T16:36:14.537+0000] {standard_task_runner.py:105} INFO - Job 217: Subtask java_job
[2024-12-08T16:36:14.581+0000] {task_command.py:467} INFO - Running <TaskInstance: sparking_flow.java_job manual__2024-12-08T16:36:12.617031+00:00 [running]> on host 2a892a3469ec
[2024-12-08T16:36:14.660+0000] {taskinstance.py:3132} INFO - Exporting env vars: AIRFLOW_CTX_DAG_OWNER='Yusuf Ganiyu' AIRFLOW_CTX_DAG_ID='sparking_flow' AIRFLOW_CTX_TASK_ID='java_job' AIRFLOW_CTX_EXECUTION_DATE='2024-12-08T16:36:12.617031+00:00' AIRFLOW_CTX_TRY_NUMBER='1' AIRFLOW_CTX_DAG_RUN_ID='manual__2024-12-08T16:36:12.617031+00:00'
[2024-12-08T16:36:14.664+0000] {taskinstance.py:731} INFO - ::endgroup::
[2024-12-08T16:36:14.687+0000] {base.py:84} INFO - Retrieving connection 'spark-conn'
[2024-12-08T16:36:14.688+0000] {spark_submit.py:473} INFO - Spark-Submit cmd: spark-submit --master spark://sparkingflow-spark-master-1:7077 --name arrow-spark --class com.airscholar.spark.WordCountJob --deploy-mode client jobs/java/spark-job/target/spark-job-1.0-SNAPSHOT.jar
[2024-12-08T16:36:17.840+0000] {spark_submit.py:634} INFO - 24/12/08 16:36:17 INFO SparkContext: Running Spark version 3.5.3
[2024-12-08T16:36:17.843+0000] {spark_submit.py:634} INFO - 24/12/08 16:36:17 INFO SparkContext: OS info Linux, 6.10.14-linuxkit, aarch64
[2024-12-08T16:36:17.844+0000] {spark_submit.py:634} INFO - 24/12/08 16:36:17 INFO SparkContext: Java version 17.0.13
[2024-12-08T16:36:17.943+0000] {spark_submit.py:634} INFO - 24/12/08 16:36:17 WARN NativeCodeLoader: Unable to load native-hadoop library for your platform... using builtin-java classes where applicable
[2024-12-08T16:36:18.091+0000] {spark_submit.py:634} INFO - 24/12/08 16:36:18 INFO ResourceUtils: ==============================================================
[2024-12-08T16:36:18.096+0000] {spark_submit.py:634} INFO - 24/12/08 16:36:18 INFO ResourceUtils: No custom resources configured for spark.driver.
[2024-12-08T16:36:18.097+0000] {spark_submit.py:634} INFO - 24/12/08 16:36:18 INFO ResourceUtils: ==============================================================
[2024-12-08T16:36:18.100+0000] {spark_submit.py:634} INFO - 24/12/08 16:36:18 INFO SparkContext: Submitted application: Word Count Job
[2024-12-08T16:36:18.166+0000] {spark_submit.py:634} INFO - 24/12/08 16:36:18 INFO ResourceProfile: Default ResourceProfile created, executor resources: Map(cores -> name: cores, amount: 1, script: , vendor: , memory -> name: memory, amount: 1024, script: , vendor: , offHeap -> name: offHeap, amount: 0, script: , vendor: ), task resources: Map(cpus -> name: cpus, amount: 1.0)
[2024-12-08T16:36:18.178+0000] {spark_submit.py:634} INFO - 24/12/08 16:36:18 INFO ResourceProfile: Limiting resource is cpu
[2024-12-08T16:36:18.181+0000] {spark_submit.py:634} INFO - 24/12/08 16:36:18 INFO ResourceProfileManager: Added ResourceProfile id: 0
[2024-12-08T16:36:18.268+0000] {spark_submit.py:634} INFO - 24/12/08 16:36:18 INFO SecurityManager: Changing view acls to: ***
[2024-12-08T16:36:18.270+0000] {spark_submit.py:634} INFO - 24/12/08 16:36:18 INFO SecurityManager: Changing modify acls to: ***
[2024-12-08T16:36:18.271+0000] {spark_submit.py:634} INFO - 24/12/08 16:36:18 INFO SecurityManager: Changing view acls groups to:
[2024-12-08T16:36:18.271+0000] {spark_submit.py:634} INFO - 24/12/08 16:36:18 INFO SecurityManager: Changing modify acls groups to:
[2024-12-08T16:36:18.272+0000] {spark_submit.py:634} INFO - 24/12/08 16:36:18 INFO SecurityManager: SecurityManager: authentication disabled; ui acls disabled; users with view permissions: ***; groups with view permissions: EMPTY; users with modify permissions: ***; groups with modify permissions: EMPTY
[2024-12-08T16:36:18.636+0000] {spark_submit.py:634} INFO - 24/12/08 16:36:18 INFO Utils: Successfully started service 'sparkDriver' on port 43019.
[2024-12-08T16:36:18.684+0000] {spark_submit.py:634} INFO - 24/12/08 16:36:18 INFO SparkEnv: Registering MapOutputTracker
[2024-12-08T16:36:18.728+0000] {spark_submit.py:634} INFO - 24/12/08 16:36:18 INFO SparkEnv: Registering BlockManagerMaster
[2024-12-08T16:36:18.760+0000] {spark_submit.py:634} INFO - 24/12/08 16:36:18 INFO BlockManagerMasterEndpoint: Using org.apache.spark.storage.DefaultTopologyMapper for getting topology information
[2024-12-08T16:36:18.761+0000] {spark_submit.py:634} INFO - 24/12/08 16:36:18 INFO BlockManagerMasterEndpoint: BlockManagerMasterEndpoint up
[2024-12-08T16:36:18.767+0000] {spark_submit.py:634} INFO - 24/12/08 16:36:18 INFO SparkEnv: Registering BlockManagerMasterHeartbeat
[2024-12-08T16:36:18.803+0000] {spark_submit.py:634} INFO - 24/12/08 16:36:18 INFO DiskBlockManager: Created local directory at /tmp/blockmgr-73903b12-7fd8-40ae-b8a1-15dbf0b24d1b
[2024-12-08T16:36:18.824+0000] {spark_submit.py:634} INFO - 24/12/08 16:36:18 INFO MemoryStore: MemoryStore started with capacity 434.4 MiB
[2024-12-08T16:36:18.844+0000] {spark_submit.py:634} INFO - 24/12/08 16:36:18 INFO SparkEnv: Registering OutputCommitCoordinator
[2024-12-08T16:36:19.098+0000] {spark_submit.py:634} INFO - 24/12/08 16:36:19 INFO JettyUtils: Start Jetty 0.0.0.0:4040 for SparkUI
[2024-12-08T16:36:19.183+0000] {spark_submit.py:634} INFO - 24/12/08 16:36:19 INFO Utils: Successfully started service 'SparkUI' on port 4040.
[2024-12-08T16:36:19.229+0000] {spark_submit.py:634} INFO - 24/12/08 16:36:19 INFO SparkContext: Added JAR file:/opt/***/jobs/java/spark-job/target/spark-job-1.0-SNAPSHOT.jar at spark://2a892a3469ec:43019/jars/spark-job-1.0-SNAPSHOT.jar with timestamp 1733675777822
[2024-12-08T16:36:19.363+0000] {spark_submit.py:634} INFO - 24/12/08 16:36:19 INFO Executor: Starting executor ID driver on host 2a892a3469ec
[2024-12-08T16:36:19.365+0000] {spark_submit.py:634} INFO - 24/12/08 16:36:19 INFO Executor: OS info Linux, 6.10.14-linuxkit, aarch64
[2024-12-08T16:36:19.367+0000] {spark_submit.py:634} INFO - 24/12/08 16:36:19 INFO Executor: Java version 17.0.13
[2024-12-08T16:36:19.381+0000] {spark_submit.py:634} INFO - 24/12/08 16:36:19 INFO Executor: Starting executor with user classpath (userClassPathFirst = false): ''
[2024-12-08T16:36:19.382+0000] {spark_submit.py:634} INFO - 24/12/08 16:36:19 INFO Executor: Created or updated repl class loader org.apache.spark.util.MutableURLClassLoader@63d5874f for default.
[2024-12-08T16:36:19.413+0000] {spark_submit.py:634} INFO - 24/12/08 16:36:19 INFO Executor: Fetching spark://2a892a3469ec:43019/jars/spark-job-1.0-SNAPSHOT.jar with timestamp 1733675777822
[2024-12-08T16:36:19.529+0000] {spark_submit.py:634} INFO - 24/12/08 16:36:19 INFO TransportClientFactory: Successfully created connection to 2a892a3469ec/172.18.0.4:43019 after 53 ms (0 ms spent in bootstraps)
[2024-12-08T16:36:19.547+0000] {spark_submit.py:634} INFO - 24/12/08 16:36:19 INFO Utils: Fetching spark://2a892a3469ec:43019/jars/spark-job-1.0-SNAPSHOT.jar to /tmp/spark-ca7e2f4c-7b19-493d-ac2d-4a732aa5d901/userFiles-19f53da9-c056-47d1-83e1-ce984d068547/fetchFileTemp769637249937625349.tmp
[2024-12-08T16:36:19.674+0000] {spark_submit.py:634} INFO - 24/12/08 16:36:19 INFO Executor: Adding file:/tmp/spark-ca7e2f4c-7b19-493d-ac2d-4a732aa5d901/userFiles-19f53da9-c056-47d1-83e1-ce984d068547/spark-job-1.0-SNAPSHOT.jar to class loader default
[2024-12-08T16:36:19.704+0000] {spark_submit.py:634} INFO - 24/12/08 16:36:19 INFO Utils: Successfully started service 'org.apache.spark.network.netty.NettyBlockTransferService' on port 33397.
[2024-12-08T16:36:19.705+0000] {spark_submit.py:634} INFO - 24/12/08 16:36:19 INFO NettyBlockTransferService: Server created on 2a892a3469ec:33397
[2024-12-08T16:36:19.709+0000] {spark_submit.py:634} INFO - 24/12/08 16:36:19 INFO BlockManager: Using org.apache.spark.storage.RandomBlockReplicationPolicy for block replication policy
[2024-12-08T16:36:19.718+0000] {spark_submit.py:634} INFO - 24/12/08 16:36:19 INFO BlockManagerMaster: Registering BlockManager BlockManagerId(driver, 2a892a3469ec, 33397, None)
[2024-12-08T16:36:19.723+0000] {spark_submit.py:634} INFO - 24/12/08 16:36:19 INFO BlockManagerMasterEndpoint: Registering block manager 2a892a3469ec:33397 with 434.4 MiB RAM, BlockManagerId(driver, 2a892a3469ec, 33397, None)
[2024-12-08T16:36:19.725+0000] {spark_submit.py:634} INFO - 24/12/08 16:36:19 INFO BlockManagerMaster: Registered BlockManager BlockManagerId(driver, 2a892a3469ec, 33397, None)
[2024-12-08T16:36:19.726+0000] {spark_submit.py:634} INFO - 24/12/08 16:36:19 INFO BlockManager: Initialized BlockManager: BlockManagerId(driver, 2a892a3469ec, 33397, None)
[2024-12-08T16:36:20.952+0000] {spark_submit.py:634} INFO - 24/12/08 16:36:20 INFO SparkContext: Starting job: collect at WordCountJob.java:37
[2024-12-08T16:36:20.997+0000] {spark_submit.py:634} INFO - 24/12/08 16:36:20 INFO DAGScheduler: Registering RDD 2 (mapToPair at WordCountJob.java:33) as input to shuffle 0
[2024-12-08T16:36:21.004+0000] {spark_submit.py:634} INFO - 24/12/08 16:36:21 INFO DAGScheduler: Got job 0 (collect at WordCountJob.java:37) with 1 output partitions
[2024-12-08T16:36:21.004+0000] {spark_submit.py:634} INFO - 24/12/08 16:36:21 INFO DAGScheduler: Final stage: ResultStage 1 (collect at WordCountJob.java:37)
[2024-12-08T16:36:21.005+0000] {spark_submit.py:634} INFO - 24/12/08 16:36:21 INFO DAGScheduler: Parents of final stage: List(ShuffleMapStage 0)
[2024-12-08T16:36:21.007+0000] {spark_submit.py:634} INFO - 24/12/08 16:36:21 INFO DAGScheduler: Missing parents: List(ShuffleMapStage 0)
[2024-12-08T16:36:21.029+0000] {spark_submit.py:634} INFO - 24/12/08 16:36:21 INFO DAGScheduler: Submitting ShuffleMapStage 0 (MapPartitionsRDD[2] at mapToPair at WordCountJob.java:33), which has no missing parents
[2024-12-08T16:36:21.194+0000] {spark_submit.py:634} INFO - 24/12/08 16:36:21 INFO MemoryStore: Block broadcast_0 stored as values in memory (estimated size 6.4 KiB, free 434.4 MiB)
[2024-12-08T16:36:21.267+0000] {spark_submit.py:634} INFO - 24/12/08 16:36:21 INFO MemoryStore: Block broadcast_0_piece0 stored as bytes in memory (estimated size 3.4 KiB, free 434.4 MiB)
[2024-12-08T16:36:21.270+0000] {spark_submit.py:634} INFO - 24/12/08 16:36:21 INFO BlockManagerInfo: Added broadcast_0_piece0 in memory on 2a892a3469ec:33397 (size: 3.4 KiB, free: 434.4 MiB)
[2024-12-08T16:36:21.278+0000] {spark_submit.py:634} INFO - 24/12/08 16:36:21 INFO SparkContext: Created broadcast 0 from broadcast at DAGScheduler.scala:1585
[2024-12-08T16:36:21.325+0000] {spark_submit.py:634} INFO - 24/12/08 16:36:21 INFO DAGScheduler: Submitting 1 missing tasks from ShuffleMapStage 0 (MapPartitionsRDD[2] at mapToPair at WordCountJob.java:33) (first 15 tasks are for partitions Vector(0))
[2024-12-08T16:36:21.326+0000] {spark_submit.py:634} INFO - 24/12/08 16:36:21 INFO TaskSchedulerImpl: Adding task set 0.0 with 1 tasks resource profile 0
[2024-12-08T16:36:21.453+0000] {spark_submit.py:634} INFO - 24/12/08 16:36:21 INFO TaskSetManager: Starting task 0.0 in stage 0.0 (TID 0) (2a892a3469ec, executor driver, partition 0, PROCESS_LOCAL, 9249 bytes)
[2024-12-08T16:36:21.484+0000] {spark_submit.py:634} INFO - 24/12/08 16:36:21 INFO Executor: Running task 0.0 in stage 0.0 (TID 0)
[2024-12-08T16:36:21.788+0000] {spark_submit.py:634} INFO - 24/12/08 16:36:21 INFO Executor: Finished task 0.0 in stage 0.0 (TID 0). 1259 bytes result sent to driver
[2024-12-08T16:36:21.845+0000] {spark_submit.py:634} INFO - 24/12/08 16:36:21 INFO TaskSetManager: Finished task 0.0 in stage 0.0 (TID 0) in 440 ms on 2a892a3469ec (executor driver) (1/1)
[2024-12-08T16:36:21.850+0000] {spark_submit.py:634} INFO - 24/12/08 16:36:21 INFO TaskSchedulerImpl: Removed TaskSet 0.0, whose tasks have all completed, from pool
[2024-12-08T16:36:21.869+0000] {spark_submit.py:634} INFO - 24/12/08 16:36:21 INFO DAGScheduler: ShuffleMapStage 0 (mapToPair at WordCountJob.java:33) finished in 0.800 s
[2024-12-08T16:36:21.873+0000] {spark_submit.py:634} INFO - 24/12/08 16:36:21 INFO DAGScheduler: looking for newly runnable stages
[2024-12-08T16:36:21.879+0000] {spark_submit.py:634} INFO - 24/12/08 16:36:21 INFO DAGScheduler: running: Set()
[2024-12-08T16:36:21.882+0000] {spark_submit.py:634} INFO - 24/12/08 16:36:21 INFO DAGScheduler: waiting: Set(ResultStage 1)
[2024-12-08T16:36:21.883+0000] {spark_submit.py:634} INFO - 24/12/08 16:36:21 INFO DAGScheduler: failed: Set()
[2024-12-08T16:36:21.888+0000] {spark_submit.py:634} INFO - 24/12/08 16:36:21 INFO DAGScheduler: Submitting ResultStage 1 (ShuffledRDD[3] at reduceByKey at WordCountJob.java:34), which has no missing parents
[2024-12-08T16:36:21.911+0000] {spark_submit.py:634} INFO - 24/12/08 16:36:21 INFO MemoryStore: Block broadcast_1 stored as values in memory (estimated size 5.2 KiB, free 434.4 MiB)
[2024-12-08T16:36:21.914+0000] {spark_submit.py:634} INFO - 24/12/08 16:36:21 INFO MemoryStore: Block broadcast_1_piece0 stored as bytes in memory (estimated size 2.9 KiB, free 434.4 MiB)
[2024-12-08T16:36:21.917+0000] {spark_submit.py:634} INFO - 24/12/08 16:36:21 INFO BlockManagerInfo: Added broadcast_1_piece0 in memory on 2a892a3469ec:33397 (size: 2.9 KiB, free: 434.4 MiB)
[2024-12-08T16:36:21.918+0000] {spark_submit.py:634} INFO - 24/12/08 16:36:21 INFO SparkContext: Created broadcast 1 from broadcast at DAGScheduler.scala:1585
[2024-12-08T16:36:21.925+0000] {spark_submit.py:634} INFO - 24/12/08 16:36:21 INFO DAGScheduler: Submitting 1 missing tasks from ResultStage 1 (ShuffledRDD[3] at reduceByKey at WordCountJob.java:34) (first 15 tasks are for partitions Vector(0))
[2024-12-08T16:36:21.925+0000] {spark_submit.py:634} INFO - 24/12/08 16:36:21 INFO TaskSchedulerImpl: Adding task set 1.0 with 1 tasks resource profile 0
[2024-12-08T16:36:21.939+0000] {spark_submit.py:634} INFO - 24/12/08 16:36:21 INFO TaskSetManager: Starting task 0.0 in stage 1.0 (TID 1) (2a892a3469ec, executor driver, partition 0, NODE_LOCAL, 9002 bytes)
[2024-12-08T16:36:21.940+0000] {spark_submit.py:634} INFO - 24/12/08 16:36:21 INFO Executor: Running task 0.0 in stage 1.0 (TID 1)
[2024-12-08T16:36:22.146+0000] {spark_submit.py:634} INFO - 24/12/08 16:36:22 INFO ShuffleBlockFetcherIterator: Getting 1 (189.0 B) non-empty blocks including 1 (189.0 B) local and 0 (0.0 B) host-local and 0 (0.0 B) push-merged-local and 0 (0.0 B) remote blocks
[2024-12-08T16:36:22.171+0000] {spark_submit.py:634} INFO - 24/12/08 16:36:22 INFO ShuffleBlockFetcherIterator: Started 0 remote fetches in 84 ms
[2024-12-08T16:36:22.244+0000] {spark_submit.py:634} INFO - 24/12/08 16:36:22 INFO Executor: Finished task 0.0 in stage 1.0 (TID 1). 2001 bytes result sent to driver
[2024-12-08T16:36:22.271+0000] {spark_submit.py:634} INFO - 24/12/08 16:36:22 INFO TaskSetManager: Finished task 0.0 in stage 1.0 (TID 1) in 344 ms on 2a892a3469ec (executor driver) (1/1)
[2024-12-08T16:36:22.272+0000] {spark_submit.py:634} INFO - 24/12/08 16:36:22 INFO TaskSchedulerImpl: Removed TaskSet 1.0, whose tasks have all completed, from pool
[2024-12-08T16:36:22.281+0000] {spark_submit.py:634} INFO - 24/12/08 16:36:22 INFO DAGScheduler: ResultStage 1 (collect at WordCountJob.java:37) finished in 0.375 s
[2024-12-08T16:36:22.292+0000] {spark_submit.py:634} INFO - 24/12/08 16:36:22 INFO DAGScheduler: Job 0 is finished. Cancelling potential speculative or zombie tasks for this job
[2024-12-08T16:36:22.294+0000] {spark_submit.py:634} INFO - 24/12/08 16:36:22 INFO TaskSchedulerImpl: Killing all running tasks in stage 1: Stage finished
[2024-12-08T16:36:22.309+0000] {spark_submit.py:634} INFO - 24/12/08 16:36:22 INFO DAGScheduler: Job 0 finished: collect at WordCountJob.java:37, took 1.355682 s
[2024-12-08T16:36:22.319+0000] {spark_submit.py:634} INFO - spark: 1
[2024-12-08T16:36:22.321+0000] {spark_submit.py:634} INFO - docker: 1
[2024-12-08T16:36:22.323+0000] {spark_submit.py:634} INFO - Yusuf: 1
[2024-12-08T16:36:22.323+0000] {spark_submit.py:634} INFO - hello: 5
[2024-12-08T16:36:22.324+0000] {spark_submit.py:634} INFO - java: 1
[2024-12-08T16:36:22.328+0000] {spark_submit.py:634} INFO - world: 1
[2024-12-08T16:36:22.329+0000] {spark_submit.py:634} INFO - 24/12/08 16:36:22 INFO SparkContext: SparkContext is stopping with exitCode 0.
[2024-12-08T16:36:22.359+0000] {spark_submit.py:634} INFO - 24/12/08 16:36:22 INFO SparkUI: Stopped Spark web UI at http://2a892a3469ec:4040
[2024-12-08T16:36:22.398+0000] {spark_submit.py:634} INFO - 24/12/08 16:36:22 INFO MapOutputTrackerMasterEndpoint: MapOutputTrackerMasterEndpoint stopped!
[2024-12-08T16:36:22.429+0000] {spark_submit.py:634} INFO - 24/12/08 16:36:22 INFO MemoryStore: MemoryStore cleared
[2024-12-08T16:36:22.431+0000] {spark_submit.py:634} INFO - 24/12/08 16:36:22 INFO BlockManager: BlockManager stopped
[2024-12-08T16:36:22.440+0000] {spark_submit.py:634} INFO - 24/12/08 16:36:22 INFO BlockManagerMaster: BlockManagerMaster stopped
[2024-12-08T16:36:22.446+0000] {spark_submit.py:634} INFO - 24/12/08 16:36:22 INFO OutputCommitCoordinator$OutputCommitCoordinatorEndpoint: OutputCommitCoordinator stopped!
[2024-12-08T16:36:22.459+0000] {spark_submit.py:634} INFO - 24/12/08 16:36:22 INFO SparkContext: Successfully stopped SparkContext
[2024-12-08T16:36:22.465+0000] {spark_submit.py:634} INFO - 24/12/08 16:36:22 INFO ShutdownHookManager: Shutdown hook called
[2024-12-08T16:36:22.466+0000] {spark_submit.py:634} INFO - 24/12/08 16:36:22 INFO ShutdownHookManager: Deleting directory /tmp/spark-cfcb8ca0-d6f1-434f-9179-e3d4dc7b6ec8
[2024-12-08T16:36:22.472+0000] {spark_submit.py:634} INFO - 24/12/08 16:36:22 INFO ShutdownHookManager: Deleting directory /tmp/spark-ca7e2f4c-7b19-493d-ac2d-4a732aa5d901
[2024-12-08T16:36:22.668+0000] {taskinstance.py:340} INFO - ::group::Post task execution logs
[2024-12-08T16:36:22.671+0000] {taskinstance.py:352} INFO - Marking task as SUCCESS. dag_id=sparking_flow, task_id=java_job, run_id=manual__2024-12-08T16:36:12.617031+00:00, execution_date=20241208T163612, start_date=20241208T163614, end_date=20241208T163622
[2024-12-08T16:36:22.746+0000] {local_task_job_runner.py:266} INFO - Task exited with return code 0
[2024-12-08T16:36:22.848+0000] {taskinstance.py:3895} INFO - 0 downstream tasks scheduled from follow-on schedule check
[2024-12-08T16:36:22.850+0000] {local_task_job_runner.py:245} INFO - ::endgroup::
