[2024-12-08T14:23:14.967+0000] {local_task_job_runner.py:123} INFO - ::group::Pre task execution logs
[2024-12-08T14:23:14.984+0000] {taskinstance.py:2613} INFO - Dependencies all met for dep_context=non-requeueable deps ti=<TaskInstance: sparking_flow.python_job manual__2024-12-08T14:23:13.429923+00:00 [queued]>
[2024-12-08T14:23:14.994+0000] {taskinstance.py:2613} INFO - Dependencies all met for dep_context=requeueable deps ti=<TaskInstance: sparking_flow.python_job manual__2024-12-08T14:23:13.429923+00:00 [queued]>
[2024-12-08T14:23:14.995+0000] {taskinstance.py:2866} INFO - Starting attempt 1 of 1
[2024-12-08T14:23:15.010+0000] {taskinstance.py:2889} INFO - Executing <Task(SparkSubmitOperator): python_job> on 2024-12-08 14:23:13.429923+00:00
[2024-12-08T14:23:15.018+0000] {logging_mixin.py:190} WARNING - /home/***/.local/lib/python3.12/site-packages/***/task/task_runner/standard_task_runner.py:70 DeprecationWarning: This process (pid=546) is multi-threaded, use of fork() may lead to deadlocks in the child.
[2024-12-08T14:23:15.020+0000] {standard_task_runner.py:72} INFO - Started process 550 to run task
[2024-12-08T14:23:15.018+0000] {standard_task_runner.py:104} INFO - Running: ['***', 'tasks', 'run', 'sparking_flow', 'python_job', 'manual__2024-12-08T14:23:13.429923+00:00', '--job-id', '160', '--raw', '--subdir', 'DAGS_FOLDER/spark_***.py', '--cfg-path', '/tmp/tmpvog3flxu']
[2024-12-08T14:23:15.022+0000] {standard_task_runner.py:105} INFO - Job 160: Subtask python_job
[2024-12-08T14:23:15.070+0000] {task_command.py:467} INFO - Running <TaskInstance: sparking_flow.python_job manual__2024-12-08T14:23:13.429923+00:00 [running]> on host 2a892a3469ec
[2024-12-08T14:23:15.149+0000] {taskinstance.py:3132} INFO - Exporting env vars: AIRFLOW_CTX_DAG_OWNER='Yusuf Ganiyu' AIRFLOW_CTX_DAG_ID='sparking_flow' AIRFLOW_CTX_TASK_ID='python_job' AIRFLOW_CTX_EXECUTION_DATE='2024-12-08T14:23:13.429923+00:00' AIRFLOW_CTX_TRY_NUMBER='1' AIRFLOW_CTX_DAG_RUN_ID='manual__2024-12-08T14:23:13.429923+00:00'
[2024-12-08T14:23:15.150+0000] {taskinstance.py:731} INFO - ::endgroup::
[2024-12-08T14:23:15.175+0000] {base.py:84} INFO - Retrieving connection 'spark-conn'
[2024-12-08T14:23:15.177+0000] {spark_submit.py:473} INFO - Spark-Submit cmd: spark-submit --master spark://sparkingflow-spark-master-1:7077 --name arrow-spark --deploy-mode client jobs/python/wordcountjob.py
[2024-12-08T14:23:19.097+0000] {spark_submit.py:634} INFO - file copied
[2024-12-08T14:23:19.235+0000] {spark_submit.py:634} INFO - 24/12/08 14:23:19 INFO SparkContext: Running Spark version 3.5.3
[2024-12-08T14:23:19.244+0000] {spark_submit.py:634} INFO - 24/12/08 14:23:19 INFO SparkContext: OS info Linux, 6.10.14-linuxkit, aarch64
[2024-12-08T14:23:19.247+0000] {spark_submit.py:634} INFO - 24/12/08 14:23:19 INFO SparkContext: Java version 17.0.13
[2024-12-08T14:23:19.396+0000] {spark_submit.py:634} INFO - 24/12/08 14:23:19 WARN NativeCodeLoader: Unable to load native-hadoop library for your platform... using builtin-java classes where applicable
[2024-12-08T14:23:19.647+0000] {spark_submit.py:634} INFO - 24/12/08 14:23:19 INFO ResourceUtils: ==============================================================
[2024-12-08T14:23:19.648+0000] {spark_submit.py:634} INFO - 24/12/08 14:23:19 INFO ResourceUtils: No custom resources configured for spark.driver.
[2024-12-08T14:23:19.649+0000] {spark_submit.py:634} INFO - 24/12/08 14:23:19 INFO ResourceUtils: ==============================================================
[2024-12-08T14:23:19.650+0000] {spark_submit.py:634} INFO - 24/12/08 14:23:19 INFO SparkContext: Submitted application: PythonWordCount
[2024-12-08T14:23:19.707+0000] {spark_submit.py:634} INFO - 24/12/08 14:23:19 INFO ResourceProfile: Default ResourceProfile created, executor resources: Map(memory -> name: memory, amount: 1024, script: , vendor: , offHeap -> name: offHeap, amount: 0, script: , vendor: ), task resources: Map(cpus -> name: cpus, amount: 1.0)
[2024-12-08T14:23:19.768+0000] {spark_submit.py:634} INFO - 24/12/08 14:23:19 INFO ResourceProfile: Limiting resource is cpu
[2024-12-08T14:23:19.775+0000] {spark_submit.py:634} INFO - 24/12/08 14:23:19 INFO ResourceProfileManager: Added ResourceProfile id: 0
[2024-12-08T14:23:20.139+0000] {spark_submit.py:634} INFO - 24/12/08 14:23:20 INFO SecurityManager: Changing view acls to: ***
[2024-12-08T14:23:20.143+0000] {spark_submit.py:634} INFO - 24/12/08 14:23:20 INFO SecurityManager: Changing modify acls to: ***
[2024-12-08T14:23:20.147+0000] {spark_submit.py:634} INFO - 24/12/08 14:23:20 INFO SecurityManager: Changing view acls groups to:
[2024-12-08T14:23:20.149+0000] {spark_submit.py:634} INFO - 24/12/08 14:23:20 INFO SecurityManager: Changing modify acls groups to:
[2024-12-08T14:23:20.150+0000] {spark_submit.py:634} INFO - 24/12/08 14:23:20 INFO SecurityManager: SecurityManager: authentication disabled; ui acls disabled; users with view permissions: ***; groups with view permissions: EMPTY; users with modify permissions: ***; groups with modify permissions: EMPTY
[2024-12-08T14:23:20.694+0000] {spark_submit.py:634} INFO - 24/12/08 14:23:20 INFO Utils: Successfully started service 'sparkDriver' on port 35475.
[2024-12-08T14:23:20.801+0000] {spark_submit.py:634} INFO - 24/12/08 14:23:20 INFO SparkEnv: Registering MapOutputTracker
[2024-12-08T14:23:20.913+0000] {spark_submit.py:634} INFO - 24/12/08 14:23:20 INFO SparkEnv: Registering BlockManagerMaster
[2024-12-08T14:23:20.986+0000] {spark_submit.py:634} INFO - 24/12/08 14:23:20 INFO BlockManagerMasterEndpoint: Using org.apache.spark.storage.DefaultTopologyMapper for getting topology information
[2024-12-08T14:23:20.992+0000] {spark_submit.py:634} INFO - 24/12/08 14:23:20 INFO BlockManagerMasterEndpoint: BlockManagerMasterEndpoint up
[2024-12-08T14:23:21.002+0000] {spark_submit.py:634} INFO - 24/12/08 14:23:21 INFO SparkEnv: Registering BlockManagerMasterHeartbeat
[2024-12-08T14:23:21.044+0000] {spark_submit.py:634} INFO - 24/12/08 14:23:21 INFO DiskBlockManager: Created local directory at /tmp/blockmgr-5e13becb-3736-4d32-a280-cb70873323fa
[2024-12-08T14:23:21.074+0000] {spark_submit.py:634} INFO - 24/12/08 14:23:21 INFO MemoryStore: MemoryStore started with capacity 434.4 MiB
[2024-12-08T14:23:21.110+0000] {spark_submit.py:634} INFO - 24/12/08 14:23:21 INFO SparkEnv: Registering OutputCommitCoordinator
[2024-12-08T14:23:21.403+0000] {spark_submit.py:634} INFO - 24/12/08 14:23:21 INFO JettyUtils: Start Jetty 0.0.0.0:4040 for SparkUI
[2024-12-08T14:23:21.539+0000] {spark_submit.py:634} INFO - 24/12/08 14:23:21 INFO Utils: Successfully started service 'SparkUI' on port 4040.
[2024-12-08T14:23:21.791+0000] {spark_submit.py:634} INFO - 24/12/08 14:23:21 INFO StandaloneAppClient$ClientEndpoint: Connecting to master spark://sparkingflow-spark-master-1:7077...
[2024-12-08T14:23:21.860+0000] {spark_submit.py:634} INFO - 24/12/08 14:23:21 INFO TransportClientFactory: Successfully created connection to sparkingflow-spark-master-1/172.18.0.5:7077 after 33 ms (0 ms spent in bootstraps)
[2024-12-08T14:23:21.968+0000] {spark_submit.py:634} INFO - 24/12/08 14:23:21 INFO StandaloneSchedulerBackend: Connected to Spark cluster with app ID app-20241208142321-0002
[2024-12-08T14:23:21.977+0000] {spark_submit.py:634} INFO - 24/12/08 14:23:21 INFO Utils: Successfully started service 'org.apache.spark.network.netty.NettyBlockTransferService' on port 34249.
[2024-12-08T14:23:21.977+0000] {spark_submit.py:634} INFO - 24/12/08 14:23:21 INFO NettyBlockTransferService: Server created on 2a892a3469ec:34249
[2024-12-08T14:23:21.979+0000] {spark_submit.py:634} INFO - 24/12/08 14:23:21 INFO BlockManager: Using org.apache.spark.storage.RandomBlockReplicationPolicy for block replication policy
[2024-12-08T14:23:21.989+0000] {spark_submit.py:634} INFO - 24/12/08 14:23:21 INFO BlockManagerMaster: Registering BlockManager BlockManagerId(driver, 2a892a3469ec, 34249, None)
[2024-12-08T14:23:21.994+0000] {spark_submit.py:634} INFO - 24/12/08 14:23:21 INFO BlockManagerMasterEndpoint: Registering block manager 2a892a3469ec:34249 with 434.4 MiB RAM, BlockManagerId(driver, 2a892a3469ec, 34249, None)
[2024-12-08T14:23:21.996+0000] {spark_submit.py:634} INFO - 24/12/08 14:23:21 INFO BlockManagerMaster: Registered BlockManager BlockManagerId(driver, 2a892a3469ec, 34249, None)
[2024-12-08T14:23:21.997+0000] {spark_submit.py:634} INFO - 24/12/08 14:23:21 INFO BlockManager: Initialized BlockManager: BlockManagerId(driver, 2a892a3469ec, 34249, None)
[2024-12-08T14:23:22.248+0000] {spark_submit.py:634} INFO - 24/12/08 14:23:22 INFO StandaloneSchedulerBackend: SchedulerBackend is ready for scheduling beginning after reached minRegisteredResourcesRatio: 0.0
[2024-12-08T14:23:22.509+0000] {spark_submit.py:634} INFO - 24/12/08 14:23:22 INFO SparkContext: Added file /tmp/test1234.csv at spark://2a892a3469ec:35475/files/test1234.csv with timestamp 1733667802508
[2024-12-08T14:23:22.510+0000] {spark_submit.py:634} INFO - 24/12/08 14:23:22 INFO Utils: Copying /tmp/test1234.csv to /tmp/spark-28cd6641-bbed-40b2-bc08-950b85f9484c/userFiles-09e61fcc-c9ac-434c-a539-07d7862f1f2d/test1234.csv
[2024-12-08T14:23:22.530+0000] {spark_submit.py:634} INFO - myfile: /tmp/test1234.csv
[2024-12-08T14:23:22.532+0000] {spark_submit.py:634} INFO - Resolved file path: /tmp/spark-28cd6641-bbed-40b2-bc08-950b85f9484c/userFiles-09e61fcc-c9ac-434c-a539-07d7862f1f2d/test1234.csv
[2024-12-08T14:23:22.539+0000] {spark_submit.py:634} INFO - 24/12/08 14:23:22 INFO SharedState: Setting hive.metastore.warehouse.dir ('null') to the value of spark.sql.warehouse.dir.
[2024-12-08T14:23:22.541+0000] {spark_submit.py:634} INFO - 24/12/08 14:23:22 INFO SharedState: Warehouse path is 'file:/opt/***/spark-warehouse'.
[2024-12-08T14:23:23.484+0000] {spark_submit.py:634} INFO - 24/12/08 14:23:23 INFO InMemoryFileIndex: It took 36 ms to list leaf files for 1 paths.
[2024-12-08T14:23:23.553+0000] {spark_submit.py:634} INFO - 24/12/08 14:23:23 INFO InMemoryFileIndex: It took 2 ms to list leaf files for 1 paths.
[2024-12-08T14:23:25.309+0000] {spark_submit.py:634} INFO - 24/12/08 14:23:25 INFO StandaloneAppClient$ClientEndpoint: Executor added: app-20241208142321-0002/0 on worker-20241208142211-172.18.0.7-40433 (172.18.0.7:40433) with 2 core(s)
[2024-12-08T14:23:25.313+0000] {spark_submit.py:634} INFO - 24/12/08 14:23:25 INFO StandaloneSchedulerBackend: Granted executor ID app-20241208142321-0002/0 on hostPort 172.18.0.7:40433 with 2 core(s), 1024.0 MiB RAM
[2024-12-08T14:23:25.378+0000] {spark_submit.py:634} INFO - 24/12/08 14:23:25 INFO StandaloneAppClient$ClientEndpoint: Executor updated: app-20241208142321-0002/0 is now RUNNING
[2024-12-08T14:23:26.625+0000] {spark_submit.py:634} INFO - 24/12/08 14:23:26 INFO FileSourceStrategy: Pushed Filters:
[2024-12-08T14:23:26.630+0000] {spark_submit.py:634} INFO - 24/12/08 14:23:26 INFO FileSourceStrategy: Post-Scan Filters: (length(trim(value#0, None)) > 0)
[2024-12-08T14:23:27.461+0000] {spark_submit.py:634} INFO - 24/12/08 14:23:27 INFO CodeGenerator: Code generated in 344.180209 ms
[2024-12-08T14:23:27.545+0000] {spark_submit.py:634} INFO - 24/12/08 14:23:27 INFO MemoryStore: Block broadcast_0 stored as values in memory (estimated size 199.6 KiB, free 434.2 MiB)
[2024-12-08T14:23:27.648+0000] {spark_submit.py:634} INFO - 24/12/08 14:23:27 INFO MemoryStore: Block broadcast_0_piece0 stored as bytes in memory (estimated size 34.3 KiB, free 434.2 MiB)
[2024-12-08T14:23:27.653+0000] {spark_submit.py:634} INFO - 24/12/08 14:23:27 INFO BlockManagerInfo: Added broadcast_0_piece0 in memory on 2a892a3469ec:34249 (size: 34.3 KiB, free: 434.4 MiB)
[2024-12-08T14:23:27.667+0000] {spark_submit.py:634} INFO - 24/12/08 14:23:27 INFO SparkContext: Created broadcast 0 from load at NativeMethodAccessorImpl.java:0
[2024-12-08T14:23:27.683+0000] {spark_submit.py:634} INFO - 24/12/08 14:23:27 INFO FileSourceScanExec: Planning scan with bin packing, max size: 4194304 bytes, open cost is considered as scanning 4194304 bytes.
[2024-12-08T14:23:27.822+0000] {spark_submit.py:634} INFO - 24/12/08 14:23:27 INFO SparkContext: Starting job: load at NativeMethodAccessorImpl.java:0
[2024-12-08T14:23:27.855+0000] {spark_submit.py:634} INFO - 24/12/08 14:23:27 INFO DAGScheduler: Got job 0 (load at NativeMethodAccessorImpl.java:0) with 1 output partitions
[2024-12-08T14:23:27.857+0000] {spark_submit.py:634} INFO - 24/12/08 14:23:27 INFO DAGScheduler: Final stage: ResultStage 0 (load at NativeMethodAccessorImpl.java:0)
[2024-12-08T14:23:27.857+0000] {spark_submit.py:634} INFO - 24/12/08 14:23:27 INFO DAGScheduler: Parents of final stage: List()
[2024-12-08T14:23:27.859+0000] {spark_submit.py:634} INFO - 24/12/08 14:23:27 INFO DAGScheduler: Missing parents: List()
[2024-12-08T14:23:27.867+0000] {spark_submit.py:634} INFO - 24/12/08 14:23:27 INFO DAGScheduler: Submitting ResultStage 0 (MapPartitionsRDD[3] at load at NativeMethodAccessorImpl.java:0), which has no missing parents
[2024-12-08T14:23:27.981+0000] {spark_submit.py:634} INFO - 24/12/08 14:23:27 INFO MemoryStore: Block broadcast_1 stored as values in memory (estimated size 13.5 KiB, free 434.2 MiB)
[2024-12-08T14:23:27.999+0000] {spark_submit.py:634} INFO - 24/12/08 14:23:27 INFO MemoryStore: Block broadcast_1_piece0 stored as bytes in memory (estimated size 6.4 KiB, free 434.2 MiB)
[2024-12-08T14:23:28.000+0000] {spark_submit.py:634} INFO - 24/12/08 14:23:28 INFO BlockManagerInfo: Added broadcast_1_piece0 in memory on 2a892a3469ec:34249 (size: 6.4 KiB, free: 434.4 MiB)
[2024-12-08T14:23:28.001+0000] {spark_submit.py:634} INFO - 24/12/08 14:23:28 INFO SparkContext: Created broadcast 1 from broadcast at DAGScheduler.scala:1585
[2024-12-08T14:23:28.043+0000] {spark_submit.py:634} INFO - 24/12/08 14:23:28 INFO DAGScheduler: Submitting 1 missing tasks from ResultStage 0 (MapPartitionsRDD[3] at load at NativeMethodAccessorImpl.java:0) (first 15 tasks are for partitions Vector(0))
[2024-12-08T14:23:28.046+0000] {spark_submit.py:634} INFO - 24/12/08 14:23:28 INFO TaskSchedulerImpl: Adding task set 0.0 with 1 tasks resource profile 0
[2024-12-08T14:23:28.428+0000] {spark_submit.py:634} INFO - 24/12/08 14:23:28 INFO StandaloneSchedulerBackend$StandaloneDriverEndpoint: Registered executor NettyRpcEndpointRef(spark-client://Executor) (172.18.0.7:41958) with ID 0,  ResourceProfileId 0
[2024-12-08T14:23:28.474+0000] {spark_submit.py:634} INFO - 24/12/08 14:23:28 INFO BlockManagerMasterEndpoint: Registering block manager 172.18.0.7:34415 with 434.4 MiB RAM, BlockManagerId(0, 172.18.0.7, 34415, None)
[2024-12-08T14:23:28.517+0000] {spark_submit.py:634} INFO - 24/12/08 14:23:28 INFO TaskSetManager: Starting task 0.0 in stage 0.0 (TID 0) (172.18.0.7, executor 0, partition 0, PROCESS_LOCAL, 9852 bytes)
[2024-12-08T14:23:28.745+0000] {spark_submit.py:634} INFO - 24/12/08 14:23:28 INFO BlockManagerInfo: Added broadcast_1_piece0 in memory on 172.18.0.7:34415 (size: 6.4 KiB, free: 434.4 MiB)
[2024-12-08T14:23:29.917+0000] {spark_submit.py:634} INFO - 24/12/08 14:23:29 INFO BlockManagerInfo: Added broadcast_0_piece0 in memory on 172.18.0.7:34415 (size: 34.3 KiB, free: 434.4 MiB)
[2024-12-08T14:23:30.359+0000] {spark_submit.py:634} INFO - 24/12/08 14:23:30 WARN TaskSetManager: Lost task 0.0 in stage 0.0 (TID 0) (172.18.0.7 executor 0): org.apache.spark.SparkFileNotFoundException: File file:/tmp/spark-28cd6641-bbed-40b2-bc08-950b85f9484c/userFiles-09e61fcc-c9ac-434c-a539-07d7862f1f2d/test1234.csv does not exist
[2024-12-08T14:23:30.360+0000] {spark_submit.py:634} INFO - It is possible the underlying files have been updated. You can explicitly invalidate the cache in Spark by running 'REFRESH TABLE tableName' command in SQL or by recreating the Dataset/DataFrame involved.
[2024-12-08T14:23:30.360+0000] {spark_submit.py:634} INFO - at org.apache.spark.sql.errors.QueryExecutionErrors$.readCurrentFileNotFoundError(QueryExecutionErrors.scala:781)
[2024-12-08T14:23:30.361+0000] {spark_submit.py:634} INFO - at org.apache.spark.sql.execution.datasources.FileScanRDD$$anon$1.org$apache$spark$sql$execution$datasources$FileScanRDD$$anon$$readCurrentFile(FileScanRDD.scala:220)
[2024-12-08T14:23:30.361+0000] {spark_submit.py:634} INFO - at org.apache.spark.sql.execution.datasources.FileScanRDD$$anon$1.nextIterator(FileScanRDD.scala:279)
[2024-12-08T14:23:30.361+0000] {spark_submit.py:634} INFO - at org.apache.spark.sql.execution.datasources.FileScanRDD$$anon$1.hasNext(FileScanRDD.scala:129)
[2024-12-08T14:23:30.361+0000] {spark_submit.py:634} INFO - at scala.collection.Iterator$$anon$10.hasNext(Iterator.scala:460)
[2024-12-08T14:23:30.361+0000] {spark_submit.py:634} INFO - at org.apache.spark.sql.catalyst.expressions.GeneratedClass$GeneratedIteratorForCodegenStage1.processNext(Unknown Source)
[2024-12-08T14:23:30.361+0000] {spark_submit.py:634} INFO - at org.apache.spark.sql.execution.BufferedRowIterator.hasNext(BufferedRowIterator.java:43)
[2024-12-08T14:23:30.362+0000] {spark_submit.py:634} INFO - at org.apache.spark.sql.execution.WholeStageCodegenEvaluatorFactory$WholeStageCodegenPartitionEvaluator$$anon$1.hasNext(WholeStageCodegenEvaluatorFactory.scala:43)
[2024-12-08T14:23:30.362+0000] {spark_submit.py:634} INFO - at org.apache.spark.sql.execution.SparkPlan.$anonfun$getByteArrayRdd$1(SparkPlan.scala:388)
[2024-12-08T14:23:30.363+0000] {spark_submit.py:634} INFO - at org.apache.spark.rdd.RDD.$anonfun$mapPartitionsInternal$2(RDD.scala:893)
[2024-12-08T14:23:30.363+0000] {spark_submit.py:634} INFO - at org.apache.spark.rdd.RDD.$anonfun$mapPartitionsInternal$2$adapted(RDD.scala:893)
[2024-12-08T14:23:30.364+0000] {spark_submit.py:634} INFO - at org.apache.spark.rdd.MapPartitionsRDD.compute(MapPartitionsRDD.scala:52)
[2024-12-08T14:23:30.364+0000] {spark_submit.py:634} INFO - at org.apache.spark.rdd.RDD.computeOrReadCheckpoint(RDD.scala:367)
[2024-12-08T14:23:30.364+0000] {spark_submit.py:634} INFO - at org.apache.spark.rdd.RDD.iterator(RDD.scala:331)
[2024-12-08T14:23:30.364+0000] {spark_submit.py:634} INFO - at org.apache.spark.scheduler.ResultTask.runTask(ResultTask.scala:93)
[2024-12-08T14:23:30.365+0000] {spark_submit.py:634} INFO - at org.apache.spark.TaskContext.runTaskWithListeners(TaskContext.scala:166)
[2024-12-08T14:23:30.365+0000] {spark_submit.py:634} INFO - at org.apache.spark.scheduler.Task.run(Task.scala:141)
[2024-12-08T14:23:30.365+0000] {spark_submit.py:634} INFO - at org.apache.spark.executor.Executor$TaskRunner.$anonfun$run$4(Executor.scala:620)
[2024-12-08T14:23:30.366+0000] {spark_submit.py:634} INFO - at org.apache.spark.util.SparkErrorUtils.tryWithSafeFinally(SparkErrorUtils.scala:64)
[2024-12-08T14:23:30.366+0000] {spark_submit.py:634} INFO - at org.apache.spark.util.SparkErrorUtils.tryWithSafeFinally$(SparkErrorUtils.scala:61)
[2024-12-08T14:23:30.366+0000] {spark_submit.py:634} INFO - at org.apache.spark.util.Utils$.tryWithSafeFinally(Utils.scala:94)
[2024-12-08T14:23:30.366+0000] {spark_submit.py:634} INFO - at org.apache.spark.executor.Executor$TaskRunner.run(Executor.scala:623)
[2024-12-08T14:23:30.367+0000] {spark_submit.py:634} INFO - at java.base/java.util.concurrent.ThreadPoolExecutor.runWorker(ThreadPoolExecutor.java:1136)
[2024-12-08T14:23:30.367+0000] {spark_submit.py:634} INFO - at java.base/java.util.concurrent.ThreadPoolExecutor$Worker.run(ThreadPoolExecutor.java:635)
[2024-12-08T14:23:30.368+0000] {spark_submit.py:634} INFO - at java.base/java.lang.Thread.run(Thread.java:840)
[2024-12-08T14:23:30.368+0000] {spark_submit.py:634} INFO - 
[2024-12-08T14:23:30.369+0000] {spark_submit.py:634} INFO - 24/12/08 14:23:30 INFO TaskSetManager: Starting task 0.1 in stage 0.0 (TID 1) (172.18.0.7, executor 0, partition 0, PROCESS_LOCAL, 9852 bytes)
[2024-12-08T14:23:30.403+0000] {spark_submit.py:634} INFO - 24/12/08 14:23:30 INFO TaskSetManager: Lost task 0.1 in stage 0.0 (TID 1) on 172.18.0.7, executor 0: org.apache.spark.SparkFileNotFoundException (File file:/tmp/spark-28cd6641-bbed-40b2-bc08-950b85f9484c/userFiles-09e61fcc-c9ac-434c-a539-07d7862f1f2d/test1234.csv does not exist
[2024-12-08T14:23:30.407+0000] {spark_submit.py:634} INFO - It is possible the underlying files have been updated. You can explicitly invalidate the cache in Spark by running 'REFRESH TABLE tableName' command in SQL or by recreating the Dataset/DataFrame involved.) [duplicate 1]
[2024-12-08T14:23:30.407+0000] {spark_submit.py:634} INFO - 24/12/08 14:23:30 INFO TaskSetManager: Starting task 0.2 in stage 0.0 (TID 2) (172.18.0.7, executor 0, partition 0, PROCESS_LOCAL, 9852 bytes)
[2024-12-08T14:23:30.429+0000] {spark_submit.py:634} INFO - 24/12/08 14:23:30 INFO TaskSetManager: Lost task 0.2 in stage 0.0 (TID 2) on 172.18.0.7, executor 0: org.apache.spark.SparkFileNotFoundException (File file:/tmp/spark-28cd6641-bbed-40b2-bc08-950b85f9484c/userFiles-09e61fcc-c9ac-434c-a539-07d7862f1f2d/test1234.csv does not exist
[2024-12-08T14:23:30.429+0000] {spark_submit.py:634} INFO - It is possible the underlying files have been updated. You can explicitly invalidate the cache in Spark by running 'REFRESH TABLE tableName' command in SQL or by recreating the Dataset/DataFrame involved.) [duplicate 2]
[2024-12-08T14:23:30.430+0000] {spark_submit.py:634} INFO - 24/12/08 14:23:30 INFO TaskSetManager: Starting task 0.3 in stage 0.0 (TID 3) (172.18.0.7, executor 0, partition 0, PROCESS_LOCAL, 9852 bytes)
[2024-12-08T14:23:30.454+0000] {spark_submit.py:634} INFO - 24/12/08 14:23:30 INFO TaskSetManager: Lost task 0.3 in stage 0.0 (TID 3) on 172.18.0.7, executor 0: org.apache.spark.SparkFileNotFoundException (File file:/tmp/spark-28cd6641-bbed-40b2-bc08-950b85f9484c/userFiles-09e61fcc-c9ac-434c-a539-07d7862f1f2d/test1234.csv does not exist
[2024-12-08T14:23:30.454+0000] {spark_submit.py:634} INFO - It is possible the underlying files have been updated. You can explicitly invalidate the cache in Spark by running 'REFRESH TABLE tableName' command in SQL or by recreating the Dataset/DataFrame involved.) [duplicate 3]
[2024-12-08T14:23:30.454+0000] {spark_submit.py:634} INFO - 24/12/08 14:23:30 ERROR TaskSetManager: Task 0 in stage 0.0 failed 4 times; aborting job
[2024-12-08T14:23:30.455+0000] {spark_submit.py:634} INFO - 24/12/08 14:23:30 INFO TaskSchedulerImpl: Removed TaskSet 0.0, whose tasks have all completed, from pool
[2024-12-08T14:23:30.456+0000] {spark_submit.py:634} INFO - 24/12/08 14:23:30 INFO TaskSchedulerImpl: Cancelling stage 0
[2024-12-08T14:23:30.456+0000] {spark_submit.py:634} INFO - 24/12/08 14:23:30 INFO TaskSchedulerImpl: Killing all running tasks in stage 0: Stage cancelled: Job aborted due to stage failure: Task 0 in stage 0.0 failed 4 times, most recent failure: Lost task 0.3 in stage 0.0 (TID 3) (172.18.0.7 executor 0): org.apache.spark.SparkFileNotFoundException: File file:/tmp/spark-28cd6641-bbed-40b2-bc08-950b85f9484c/userFiles-09e61fcc-c9ac-434c-a539-07d7862f1f2d/test1234.csv does not exist
[2024-12-08T14:23:30.457+0000] {spark_submit.py:634} INFO - It is possible the underlying files have been updated. You can explicitly invalidate the cache in Spark by running 'REFRESH TABLE tableName' command in SQL or by recreating the Dataset/DataFrame involved.
[2024-12-08T14:23:30.457+0000] {spark_submit.py:634} INFO - at org.apache.spark.sql.errors.QueryExecutionErrors$.readCurrentFileNotFoundError(QueryExecutionErrors.scala:781)
[2024-12-08T14:23:30.457+0000] {spark_submit.py:634} INFO - at org.apache.spark.sql.execution.datasources.FileScanRDD$$anon$1.org$apache$spark$sql$execution$datasources$FileScanRDD$$anon$$readCurrentFile(FileScanRDD.scala:220)
[2024-12-08T14:23:30.457+0000] {spark_submit.py:634} INFO - at org.apache.spark.sql.execution.datasources.FileScanRDD$$anon$1.nextIterator(FileScanRDD.scala:279)
[2024-12-08T14:23:30.458+0000] {spark_submit.py:634} INFO - at org.apache.spark.sql.execution.datasources.FileScanRDD$$anon$1.hasNext(FileScanRDD.scala:129)
[2024-12-08T14:23:30.458+0000] {spark_submit.py:634} INFO - at scala.collection.Iterator$$anon$10.hasNext(Iterator.scala:460)
[2024-12-08T14:23:30.458+0000] {spark_submit.py:634} INFO - at org.apache.spark.sql.catalyst.expressions.GeneratedClass$GeneratedIteratorForCodegenStage1.processNext(Unknown Source)
[2024-12-08T14:23:30.458+0000] {spark_submit.py:634} INFO - at org.apache.spark.sql.execution.BufferedRowIterator.hasNext(BufferedRowIterator.java:43)
[2024-12-08T14:23:30.458+0000] {spark_submit.py:634} INFO - at org.apache.spark.sql.execution.WholeStageCodegenEvaluatorFactory$WholeStageCodegenPartitionEvaluator$$anon$1.hasNext(WholeStageCodegenEvaluatorFactory.scala:43)
[2024-12-08T14:23:30.459+0000] {spark_submit.py:634} INFO - at org.apache.spark.sql.execution.SparkPlan.$anonfun$getByteArrayRdd$1(SparkPlan.scala:388)
[2024-12-08T14:23:30.459+0000] {spark_submit.py:634} INFO - at org.apache.spark.rdd.RDD.$anonfun$mapPartitionsInternal$2(RDD.scala:893)
[2024-12-08T14:23:30.459+0000] {spark_submit.py:634} INFO - at org.apache.spark.rdd.RDD.$anonfun$mapPartitionsInternal$2$adapted(RDD.scala:893)
[2024-12-08T14:23:30.459+0000] {spark_submit.py:634} INFO - at org.apache.spark.rdd.MapPartitionsRDD.compute(MapPartitionsRDD.scala:52)
[2024-12-08T14:23:30.460+0000] {spark_submit.py:634} INFO - at org.apache.spark.rdd.RDD.computeOrReadCheckpoint(RDD.scala:367)
[2024-12-08T14:23:30.460+0000] {spark_submit.py:634} INFO - at org.apache.spark.rdd.RDD.iterator(RDD.scala:331)
[2024-12-08T14:23:30.460+0000] {spark_submit.py:634} INFO - at org.apache.spark.scheduler.ResultTask.runTask(ResultTask.scala:93)
[2024-12-08T14:23:30.460+0000] {spark_submit.py:634} INFO - at org.apache.spark.TaskContext.runTaskWithListeners(TaskContext.scala:166)
[2024-12-08T14:23:30.460+0000] {spark_submit.py:634} INFO - at org.apache.spark.scheduler.Task.run(Task.scala:141)
[2024-12-08T14:23:30.460+0000] {spark_submit.py:634} INFO - at org.apache.spark.executor.Executor$TaskRunner.$anonfun$run$4(Executor.scala:620)
[2024-12-08T14:23:30.461+0000] {spark_submit.py:634} INFO - at org.apache.spark.util.SparkErrorUtils.tryWithSafeFinally(SparkErrorUtils.scala:64)
[2024-12-08T14:23:30.461+0000] {spark_submit.py:634} INFO - at org.apache.spark.util.SparkErrorUtils.tryWithSafeFinally$(SparkErrorUtils.scala:61)
[2024-12-08T14:23:30.461+0000] {spark_submit.py:634} INFO - at org.apache.spark.util.Utils$.tryWithSafeFinally(Utils.scala:94)
[2024-12-08T14:23:30.462+0000] {spark_submit.py:634} INFO - at org.apache.spark.executor.Executor$TaskRunner.run(Executor.scala:623)
[2024-12-08T14:23:30.462+0000] {spark_submit.py:634} INFO - at java.base/java.util.concurrent.ThreadPoolExecutor.runWorker(ThreadPoolExecutor.java:1136)
[2024-12-08T14:23:30.462+0000] {spark_submit.py:634} INFO - at java.base/java.util.concurrent.ThreadPoolExecutor$Worker.run(ThreadPoolExecutor.java:635)
[2024-12-08T14:23:30.462+0000] {spark_submit.py:634} INFO - at java.base/java.lang.Thread.run(Thread.java:840)
[2024-12-08T14:23:30.463+0000] {spark_submit.py:634} INFO - 
[2024-12-08T14:23:30.463+0000] {spark_submit.py:634} INFO - Driver stacktrace:
[2024-12-08T14:23:30.463+0000] {spark_submit.py:634} INFO - 24/12/08 14:23:30 INFO DAGScheduler: ResultStage 0 (load at NativeMethodAccessorImpl.java:0) failed in 2.566 s due to Job aborted due to stage failure: Task 0 in stage 0.0 failed 4 times, most recent failure: Lost task 0.3 in stage 0.0 (TID 3) (172.18.0.7 executor 0): org.apache.spark.SparkFileNotFoundException: File file:/tmp/spark-28cd6641-bbed-40b2-bc08-950b85f9484c/userFiles-09e61fcc-c9ac-434c-a539-07d7862f1f2d/test1234.csv does not exist
[2024-12-08T14:23:30.463+0000] {spark_submit.py:634} INFO - It is possible the underlying files have been updated. You can explicitly invalidate the cache in Spark by running 'REFRESH TABLE tableName' command in SQL or by recreating the Dataset/DataFrame involved.
[2024-12-08T14:23:30.464+0000] {spark_submit.py:634} INFO - at org.apache.spark.sql.errors.QueryExecutionErrors$.readCurrentFileNotFoundError(QueryExecutionErrors.scala:781)
[2024-12-08T14:23:30.464+0000] {spark_submit.py:634} INFO - at org.apache.spark.sql.execution.datasources.FileScanRDD$$anon$1.org$apache$spark$sql$execution$datasources$FileScanRDD$$anon$$readCurrentFile(FileScanRDD.scala:220)
[2024-12-08T14:23:30.464+0000] {spark_submit.py:634} INFO - at org.apache.spark.sql.execution.datasources.FileScanRDD$$anon$1.nextIterator(FileScanRDD.scala:279)
[2024-12-08T14:23:30.464+0000] {spark_submit.py:634} INFO - at org.apache.spark.sql.execution.datasources.FileScanRDD$$anon$1.hasNext(FileScanRDD.scala:129)
[2024-12-08T14:23:30.464+0000] {spark_submit.py:634} INFO - at scala.collection.Iterator$$anon$10.hasNext(Iterator.scala:460)
[2024-12-08T14:23:30.464+0000] {spark_submit.py:634} INFO - at org.apache.spark.sql.catalyst.expressions.GeneratedClass$GeneratedIteratorForCodegenStage1.processNext(Unknown Source)
[2024-12-08T14:23:30.465+0000] {spark_submit.py:634} INFO - at org.apache.spark.sql.execution.BufferedRowIterator.hasNext(BufferedRowIterator.java:43)
[2024-12-08T14:23:30.465+0000] {spark_submit.py:634} INFO - at org.apache.spark.sql.execution.WholeStageCodegenEvaluatorFactory$WholeStageCodegenPartitionEvaluator$$anon$1.hasNext(WholeStageCodegenEvaluatorFactory.scala:43)
[2024-12-08T14:23:30.465+0000] {spark_submit.py:634} INFO - at org.apache.spark.sql.execution.SparkPlan.$anonfun$getByteArrayRdd$1(SparkPlan.scala:388)
[2024-12-08T14:23:30.465+0000] {spark_submit.py:634} INFO - at org.apache.spark.rdd.RDD.$anonfun$mapPartitionsInternal$2(RDD.scala:893)
[2024-12-08T14:23:30.465+0000] {spark_submit.py:634} INFO - at org.apache.spark.rdd.RDD.$anonfun$mapPartitionsInternal$2$adapted(RDD.scala:893)
[2024-12-08T14:23:30.465+0000] {spark_submit.py:634} INFO - at org.apache.spark.rdd.MapPartitionsRDD.compute(MapPartitionsRDD.scala:52)
[2024-12-08T14:23:30.465+0000] {spark_submit.py:634} INFO - at org.apache.spark.rdd.RDD.computeOrReadCheckpoint(RDD.scala:367)
[2024-12-08T14:23:30.466+0000] {spark_submit.py:634} INFO - at org.apache.spark.rdd.RDD.iterator(RDD.scala:331)
[2024-12-08T14:23:30.466+0000] {spark_submit.py:634} INFO - at org.apache.spark.scheduler.ResultTask.runTask(ResultTask.scala:93)
[2024-12-08T14:23:30.466+0000] {spark_submit.py:634} INFO - at org.apache.spark.TaskContext.runTaskWithListeners(TaskContext.scala:166)
[2024-12-08T14:23:30.466+0000] {spark_submit.py:634} INFO - at org.apache.spark.scheduler.Task.run(Task.scala:141)
[2024-12-08T14:23:30.466+0000] {spark_submit.py:634} INFO - at org.apache.spark.executor.Executor$TaskRunner.$anonfun$run$4(Executor.scala:620)
[2024-12-08T14:23:30.466+0000] {spark_submit.py:634} INFO - at org.apache.spark.util.SparkErrorUtils.tryWithSafeFinally(SparkErrorUtils.scala:64)
[2024-12-08T14:23:30.466+0000] {spark_submit.py:634} INFO - at org.apache.spark.util.SparkErrorUtils.tryWithSafeFinally$(SparkErrorUtils.scala:61)
[2024-12-08T14:23:30.467+0000] {spark_submit.py:634} INFO - at org.apache.spark.util.Utils$.tryWithSafeFinally(Utils.scala:94)
[2024-12-08T14:23:30.467+0000] {spark_submit.py:634} INFO - at org.apache.spark.executor.Executor$TaskRunner.run(Executor.scala:623)
[2024-12-08T14:23:30.467+0000] {spark_submit.py:634} INFO - at java.base/java.util.concurrent.ThreadPoolExecutor.runWorker(ThreadPoolExecutor.java:1136)
[2024-12-08T14:23:30.467+0000] {spark_submit.py:634} INFO - at java.base/java.util.concurrent.ThreadPoolExecutor$Worker.run(ThreadPoolExecutor.java:635)
[2024-12-08T14:23:30.467+0000] {spark_submit.py:634} INFO - at java.base/java.lang.Thread.run(Thread.java:840)
[2024-12-08T14:23:30.467+0000] {spark_submit.py:634} INFO - 
[2024-12-08T14:23:30.468+0000] {spark_submit.py:634} INFO - Driver stacktrace:
[2024-12-08T14:23:30.468+0000] {spark_submit.py:634} INFO - 24/12/08 14:23:30 INFO DAGScheduler: Job 0 failed: load at NativeMethodAccessorImpl.java:0, took 2.641007 s
[2024-12-08T14:23:30.660+0000] {spark_submit.py:634} INFO - trying.......
[2024-12-08T14:23:30.672+0000] {spark_submit.py:634} INFO - 24/12/08 14:23:30 INFO InMemoryFileIndex: It took 1 ms to list leaf files for 1 paths.
[2024-12-08T14:23:30.678+0000] {spark_submit.py:634} INFO - 24/12/08 14:23:30 INFO InMemoryFileIndex: It took 1 ms to list leaf files for 1 paths.
[2024-12-08T14:23:30.757+0000] {spark_submit.py:634} INFO - 24/12/08 14:23:30 INFO FileSourceStrategy: Pushed Filters:
[2024-12-08T14:23:30.757+0000] {spark_submit.py:634} INFO - 24/12/08 14:23:30 INFO FileSourceStrategy: Post-Scan Filters: (length(trim(value#15, None)) > 0)
[2024-12-08T14:23:30.768+0000] {spark_submit.py:634} INFO - 24/12/08 14:23:30 INFO MemoryStore: Block broadcast_2 stored as values in memory (estimated size 199.6 KiB, free 434.0 MiB)
[2024-12-08T14:23:30.796+0000] {spark_submit.py:634} INFO - 24/12/08 14:23:30 INFO MemoryStore: Block broadcast_2_piece0 stored as bytes in memory (estimated size 34.3 KiB, free 433.9 MiB)
[2024-12-08T14:23:30.804+0000] {spark_submit.py:634} INFO - 24/12/08 14:23:30 INFO BlockManagerInfo: Added broadcast_2_piece0 in memory on 2a892a3469ec:34249 (size: 34.3 KiB, free: 434.3 MiB)
[2024-12-08T14:23:30.807+0000] {spark_submit.py:634} INFO - 24/12/08 14:23:30 INFO SparkContext: Created broadcast 2 from load at NativeMethodAccessorImpl.java:0
[2024-12-08T14:23:30.815+0000] {spark_submit.py:634} INFO - 24/12/08 14:23:30 INFO FileSourceScanExec: Planning scan with bin packing, max size: 4194304 bytes, open cost is considered as scanning 4194304 bytes.
[2024-12-08T14:23:30.823+0000] {spark_submit.py:634} INFO - 24/12/08 14:23:30 INFO BlockManagerInfo: Removed broadcast_0_piece0 on 2a892a3469ec:34249 in memory (size: 34.3 KiB, free: 434.4 MiB)
[2024-12-08T14:23:30.826+0000] {spark_submit.py:634} INFO - 24/12/08 14:23:30 INFO BlockManagerInfo: Removed broadcast_0_piece0 on 172.18.0.7:34415 in memory (size: 34.3 KiB, free: 434.4 MiB)
[2024-12-08T14:23:30.833+0000] {spark_submit.py:634} INFO - 24/12/08 14:23:30 INFO SparkContext: Starting job: load at NativeMethodAccessorImpl.java:0
[2024-12-08T14:23:30.834+0000] {spark_submit.py:634} INFO - 24/12/08 14:23:30 INFO DAGScheduler: Got job 1 (load at NativeMethodAccessorImpl.java:0) with 1 output partitions
[2024-12-08T14:23:30.834+0000] {spark_submit.py:634} INFO - 24/12/08 14:23:30 INFO DAGScheduler: Final stage: ResultStage 1 (load at NativeMethodAccessorImpl.java:0)
[2024-12-08T14:23:30.835+0000] {spark_submit.py:634} INFO - 24/12/08 14:23:30 INFO DAGScheduler: Parents of final stage: List()
[2024-12-08T14:23:30.835+0000] {spark_submit.py:634} INFO - 24/12/08 14:23:30 INFO DAGScheduler: Missing parents: List()
[2024-12-08T14:23:30.835+0000] {spark_submit.py:634} INFO - 24/12/08 14:23:30 INFO DAGScheduler: Submitting ResultStage 1 (MapPartitionsRDD[7] at load at NativeMethodAccessorImpl.java:0), which has no missing parents
[2024-12-08T14:23:30.838+0000] {spark_submit.py:634} INFO - 24/12/08 14:23:30 INFO MemoryStore: Block broadcast_3 stored as values in memory (estimated size 13.5 KiB, free 434.1 MiB)
[2024-12-08T14:23:30.849+0000] {spark_submit.py:634} INFO - 24/12/08 14:23:30 INFO MemoryStore: Block broadcast_3_piece0 stored as bytes in memory (estimated size 6.4 KiB, free 434.1 MiB)
[2024-12-08T14:23:30.849+0000] {spark_submit.py:634} INFO - 24/12/08 14:23:30 INFO BlockManagerInfo: Added broadcast_3_piece0 in memory on 2a892a3469ec:34249 (size: 6.4 KiB, free: 434.4 MiB)
[2024-12-08T14:23:30.849+0000] {spark_submit.py:634} INFO - 24/12/08 14:23:30 INFO SparkContext: Created broadcast 3 from broadcast at DAGScheduler.scala:1585
[2024-12-08T14:23:30.850+0000] {spark_submit.py:634} INFO - 24/12/08 14:23:30 INFO DAGScheduler: Submitting 1 missing tasks from ResultStage 1 (MapPartitionsRDD[7] at load at NativeMethodAccessorImpl.java:0) (first 15 tasks are for partitions Vector(0))
[2024-12-08T14:23:30.851+0000] {spark_submit.py:634} INFO - 24/12/08 14:23:30 INFO TaskSchedulerImpl: Adding task set 1.0 with 1 tasks resource profile 0
[2024-12-08T14:23:30.853+0000] {spark_submit.py:634} INFO - 24/12/08 14:23:30 INFO BlockManagerInfo: Removed broadcast_1_piece0 on 2a892a3469ec:34249 in memory (size: 6.4 KiB, free: 434.4 MiB)
[2024-12-08T14:23:30.854+0000] {spark_submit.py:634} INFO - 24/12/08 14:23:30 INFO TaskSetManager: Starting task 0.0 in stage 1.0 (TID 4) (172.18.0.7, executor 0, partition 0, PROCESS_LOCAL, 9852 bytes)
[2024-12-08T14:23:30.861+0000] {spark_submit.py:634} INFO - 24/12/08 14:23:30 INFO BlockManagerInfo: Removed broadcast_1_piece0 on 172.18.0.7:34415 in memory (size: 6.4 KiB, free: 434.4 MiB)
[2024-12-08T14:23:30.882+0000] {spark_submit.py:634} INFO - 24/12/08 14:23:30 INFO BlockManagerInfo: Added broadcast_3_piece0 in memory on 172.18.0.7:34415 (size: 6.4 KiB, free: 434.4 MiB)
[2024-12-08T14:23:30.904+0000] {spark_submit.py:634} INFO - 24/12/08 14:23:30 INFO BlockManagerInfo: Added broadcast_2_piece0 in memory on 172.18.0.7:34415 (size: 34.3 KiB, free: 434.4 MiB)
[2024-12-08T14:23:30.935+0000] {spark_submit.py:634} INFO - 24/12/08 14:23:30 WARN TaskSetManager: Lost task 0.0 in stage 1.0 (TID 4) (172.18.0.7 executor 0): org.apache.spark.SparkFileNotFoundException: File file:/tmp/spark-28cd6641-bbed-40b2-bc08-950b85f9484c/userFiles-09e61fcc-c9ac-434c-a539-07d7862f1f2d/test1234.csv does not exist
[2024-12-08T14:23:30.935+0000] {spark_submit.py:634} INFO - It is possible the underlying files have been updated. You can explicitly invalidate the cache in Spark by running 'REFRESH TABLE tableName' command in SQL or by recreating the Dataset/DataFrame involved.
[2024-12-08T14:23:30.936+0000] {spark_submit.py:634} INFO - at org.apache.spark.sql.errors.QueryExecutionErrors$.readCurrentFileNotFoundError(QueryExecutionErrors.scala:781)
[2024-12-08T14:23:30.936+0000] {spark_submit.py:634} INFO - at org.apache.spark.sql.execution.datasources.FileScanRDD$$anon$1.org$apache$spark$sql$execution$datasources$FileScanRDD$$anon$$readCurrentFile(FileScanRDD.scala:220)
[2024-12-08T14:23:30.937+0000] {spark_submit.py:634} INFO - at org.apache.spark.sql.execution.datasources.FileScanRDD$$anon$1.nextIterator(FileScanRDD.scala:279)
[2024-12-08T14:23:30.937+0000] {spark_submit.py:634} INFO - at org.apache.spark.sql.execution.datasources.FileScanRDD$$anon$1.hasNext(FileScanRDD.scala:129)
[2024-12-08T14:23:30.937+0000] {spark_submit.py:634} INFO - at scala.collection.Iterator$$anon$10.hasNext(Iterator.scala:460)
[2024-12-08T14:23:30.938+0000] {spark_submit.py:634} INFO - at org.apache.spark.sql.catalyst.expressions.GeneratedClass$GeneratedIteratorForCodegenStage1.processNext(Unknown Source)
[2024-12-08T14:23:30.938+0000] {spark_submit.py:634} INFO - at org.apache.spark.sql.execution.BufferedRowIterator.hasNext(BufferedRowIterator.java:43)
[2024-12-08T14:23:30.939+0000] {spark_submit.py:634} INFO - at org.apache.spark.sql.execution.WholeStageCodegenEvaluatorFactory$WholeStageCodegenPartitionEvaluator$$anon$1.hasNext(WholeStageCodegenEvaluatorFactory.scala:43)
[2024-12-08T14:23:30.939+0000] {spark_submit.py:634} INFO - at org.apache.spark.sql.execution.SparkPlan.$anonfun$getByteArrayRdd$1(SparkPlan.scala:388)
[2024-12-08T14:23:30.940+0000] {spark_submit.py:634} INFO - at org.apache.spark.rdd.RDD.$anonfun$mapPartitionsInternal$2(RDD.scala:893)
[2024-12-08T14:23:30.940+0000] {spark_submit.py:634} INFO - at org.apache.spark.rdd.RDD.$anonfun$mapPartitionsInternal$2$adapted(RDD.scala:893)
[2024-12-08T14:23:30.941+0000] {spark_submit.py:634} INFO - at org.apache.spark.rdd.MapPartitionsRDD.compute(MapPartitionsRDD.scala:52)
[2024-12-08T14:23:30.941+0000] {spark_submit.py:634} INFO - at org.apache.spark.rdd.RDD.computeOrReadCheckpoint(RDD.scala:367)
[2024-12-08T14:23:30.941+0000] {spark_submit.py:634} INFO - at org.apache.spark.rdd.RDD.iterator(RDD.scala:331)
[2024-12-08T14:23:30.941+0000] {spark_submit.py:634} INFO - at org.apache.spark.scheduler.ResultTask.runTask(ResultTask.scala:93)
[2024-12-08T14:23:30.942+0000] {spark_submit.py:634} INFO - at org.apache.spark.TaskContext.runTaskWithListeners(TaskContext.scala:166)
[2024-12-08T14:23:30.942+0000] {spark_submit.py:634} INFO - at org.apache.spark.scheduler.Task.run(Task.scala:141)
[2024-12-08T14:23:30.942+0000] {spark_submit.py:634} INFO - at org.apache.spark.executor.Executor$TaskRunner.$anonfun$run$4(Executor.scala:620)
[2024-12-08T14:23:30.942+0000] {spark_submit.py:634} INFO - at org.apache.spark.util.SparkErrorUtils.tryWithSafeFinally(SparkErrorUtils.scala:64)
[2024-12-08T14:23:30.943+0000] {spark_submit.py:634} INFO - at org.apache.spark.util.SparkErrorUtils.tryWithSafeFinally$(SparkErrorUtils.scala:61)
[2024-12-08T14:23:30.944+0000] {spark_submit.py:634} INFO - at org.apache.spark.util.Utils$.tryWithSafeFinally(Utils.scala:94)
[2024-12-08T14:23:30.944+0000] {spark_submit.py:634} INFO - at org.apache.spark.executor.Executor$TaskRunner.run(Executor.scala:623)
[2024-12-08T14:23:30.944+0000] {spark_submit.py:634} INFO - at java.base/java.util.concurrent.ThreadPoolExecutor.runWorker(ThreadPoolExecutor.java:1136)
[2024-12-08T14:23:30.944+0000] {spark_submit.py:634} INFO - at java.base/java.util.concurrent.ThreadPoolExecutor$Worker.run(ThreadPoolExecutor.java:635)
[2024-12-08T14:23:30.945+0000] {spark_submit.py:634} INFO - at java.base/java.lang.Thread.run(Thread.java:840)
[2024-12-08T14:23:30.945+0000] {spark_submit.py:634} INFO - 
[2024-12-08T14:23:30.946+0000] {spark_submit.py:634} INFO - 24/12/08 14:23:30 INFO TaskSetManager: Starting task 0.1 in stage 1.0 (TID 5) (172.18.0.7, executor 0, partition 0, PROCESS_LOCAL, 9852 bytes)
[2024-12-08T14:23:30.956+0000] {spark_submit.py:634} INFO - 24/12/08 14:23:30 INFO TaskSetManager: Lost task 0.1 in stage 1.0 (TID 5) on 172.18.0.7, executor 0: org.apache.spark.SparkFileNotFoundException (File file:/tmp/spark-28cd6641-bbed-40b2-bc08-950b85f9484c/userFiles-09e61fcc-c9ac-434c-a539-07d7862f1f2d/test1234.csv does not exist
[2024-12-08T14:23:30.957+0000] {spark_submit.py:634} INFO - It is possible the underlying files have been updated. You can explicitly invalidate the cache in Spark by running 'REFRESH TABLE tableName' command in SQL or by recreating the Dataset/DataFrame involved.) [duplicate 1]
[2024-12-08T14:23:30.958+0000] {spark_submit.py:634} INFO - 24/12/08 14:23:30 INFO TaskSetManager: Starting task 0.2 in stage 1.0 (TID 6) (172.18.0.7, executor 0, partition 0, PROCESS_LOCAL, 9852 bytes)
[2024-12-08T14:23:30.979+0000] {spark_submit.py:634} INFO - 24/12/08 14:23:30 INFO TaskSetManager: Lost task 0.2 in stage 1.0 (TID 6) on 172.18.0.7, executor 0: org.apache.spark.SparkFileNotFoundException (File file:/tmp/spark-28cd6641-bbed-40b2-bc08-950b85f9484c/userFiles-09e61fcc-c9ac-434c-a539-07d7862f1f2d/test1234.csv does not exist
[2024-12-08T14:23:30.979+0000] {spark_submit.py:634} INFO - It is possible the underlying files have been updated. You can explicitly invalidate the cache in Spark by running 'REFRESH TABLE tableName' command in SQL or by recreating the Dataset/DataFrame involved.) [duplicate 2]
[2024-12-08T14:23:30.980+0000] {spark_submit.py:634} INFO - 24/12/08 14:23:30 INFO TaskSetManager: Starting task 0.3 in stage 1.0 (TID 7) (172.18.0.7, executor 0, partition 0, PROCESS_LOCAL, 9852 bytes)
[2024-12-08T14:23:31.002+0000] {spark_submit.py:634} INFO - 24/12/08 14:23:31 INFO TaskSetManager: Lost task 0.3 in stage 1.0 (TID 7) on 172.18.0.7, executor 0: org.apache.spark.SparkFileNotFoundException (File file:/tmp/spark-28cd6641-bbed-40b2-bc08-950b85f9484c/userFiles-09e61fcc-c9ac-434c-a539-07d7862f1f2d/test1234.csv does not exist
[2024-12-08T14:23:31.003+0000] {spark_submit.py:634} INFO - It is possible the underlying files have been updated. You can explicitly invalidate the cache in Spark by running 'REFRESH TABLE tableName' command in SQL or by recreating the Dataset/DataFrame involved.) [duplicate 3]
[2024-12-08T14:23:31.003+0000] {spark_submit.py:634} INFO - 24/12/08 14:23:31 ERROR TaskSetManager: Task 0 in stage 1.0 failed 4 times; aborting job
[2024-12-08T14:23:31.004+0000] {spark_submit.py:634} INFO - 24/12/08 14:23:31 INFO TaskSchedulerImpl: Removed TaskSet 1.0, whose tasks have all completed, from pool
[2024-12-08T14:23:31.005+0000] {spark_submit.py:634} INFO - 24/12/08 14:23:31 INFO TaskSchedulerImpl: Cancelling stage 1
[2024-12-08T14:23:31.005+0000] {spark_submit.py:634} INFO - 24/12/08 14:23:31 INFO TaskSchedulerImpl: Killing all running tasks in stage 1: Stage cancelled: Job aborted due to stage failure: Task 0 in stage 1.0 failed 4 times, most recent failure: Lost task 0.3 in stage 1.0 (TID 7) (172.18.0.7 executor 0): org.apache.spark.SparkFileNotFoundException: File file:/tmp/spark-28cd6641-bbed-40b2-bc08-950b85f9484c/userFiles-09e61fcc-c9ac-434c-a539-07d7862f1f2d/test1234.csv does not exist
[2024-12-08T14:23:31.005+0000] {spark_submit.py:634} INFO - It is possible the underlying files have been updated. You can explicitly invalidate the cache in Spark by running 'REFRESH TABLE tableName' command in SQL or by recreating the Dataset/DataFrame involved.
[2024-12-08T14:23:31.006+0000] {spark_submit.py:634} INFO - at org.apache.spark.sql.errors.QueryExecutionErrors$.readCurrentFileNotFoundError(QueryExecutionErrors.scala:781)
[2024-12-08T14:23:31.006+0000] {spark_submit.py:634} INFO - at org.apache.spark.sql.execution.datasources.FileScanRDD$$anon$1.org$apache$spark$sql$execution$datasources$FileScanRDD$$anon$$readCurrentFile(FileScanRDD.scala:220)
[2024-12-08T14:23:31.007+0000] {spark_submit.py:634} INFO - at org.apache.spark.sql.execution.datasources.FileScanRDD$$anon$1.nextIterator(FileScanRDD.scala:279)
[2024-12-08T14:23:31.007+0000] {spark_submit.py:634} INFO - at org.apache.spark.sql.execution.datasources.FileScanRDD$$anon$1.hasNext(FileScanRDD.scala:129)
[2024-12-08T14:23:31.008+0000] {spark_submit.py:634} INFO - at scala.collection.Iterator$$anon$10.hasNext(Iterator.scala:460)
[2024-12-08T14:23:31.008+0000] {spark_submit.py:634} INFO - at org.apache.spark.sql.catalyst.expressions.GeneratedClass$GeneratedIteratorForCodegenStage1.processNext(Unknown Source)
[2024-12-08T14:23:31.008+0000] {spark_submit.py:634} INFO - at org.apache.spark.sql.execution.BufferedRowIterator.hasNext(BufferedRowIterator.java:43)
[2024-12-08T14:23:31.008+0000] {spark_submit.py:634} INFO - at org.apache.spark.sql.execution.WholeStageCodegenEvaluatorFactory$WholeStageCodegenPartitionEvaluator$$anon$1.hasNext(WholeStageCodegenEvaluatorFactory.scala:43)
[2024-12-08T14:23:31.009+0000] {spark_submit.py:634} INFO - at org.apache.spark.sql.execution.SparkPlan.$anonfun$getByteArrayRdd$1(SparkPlan.scala:388)
[2024-12-08T14:23:31.009+0000] {spark_submit.py:634} INFO - at org.apache.spark.rdd.RDD.$anonfun$mapPartitionsInternal$2(RDD.scala:893)
[2024-12-08T14:23:31.009+0000] {spark_submit.py:634} INFO - at org.apache.spark.rdd.RDD.$anonfun$mapPartitionsInternal$2$adapted(RDD.scala:893)
[2024-12-08T14:23:31.009+0000] {spark_submit.py:634} INFO - at org.apache.spark.rdd.MapPartitionsRDD.compute(MapPartitionsRDD.scala:52)
[2024-12-08T14:23:31.010+0000] {spark_submit.py:634} INFO - at org.apache.spark.rdd.RDD.computeOrReadCheckpoint(RDD.scala:367)
[2024-12-08T14:23:31.010+0000] {spark_submit.py:634} INFO - at org.apache.spark.rdd.RDD.iterator(RDD.scala:331)
[2024-12-08T14:23:31.010+0000] {spark_submit.py:634} INFO - at org.apache.spark.scheduler.ResultTask.runTask(ResultTask.scala:93)
[2024-12-08T14:23:31.010+0000] {spark_submit.py:634} INFO - at org.apache.spark.TaskContext.runTaskWithListeners(TaskContext.scala:166)
[2024-12-08T14:23:31.010+0000] {spark_submit.py:634} INFO - at org.apache.spark.scheduler.Task.run(Task.scala:141)
[2024-12-08T14:23:31.011+0000] {spark_submit.py:634} INFO - at org.apache.spark.executor.Executor$TaskRunner.$anonfun$run$4(Executor.scala:620)
[2024-12-08T14:23:31.011+0000] {spark_submit.py:634} INFO - at org.apache.spark.util.SparkErrorUtils.tryWithSafeFinally(SparkErrorUtils.scala:64)
[2024-12-08T14:23:31.011+0000] {spark_submit.py:634} INFO - at org.apache.spark.util.SparkErrorUtils.tryWithSafeFinally$(SparkErrorUtils.scala:61)
[2024-12-08T14:23:31.011+0000] {spark_submit.py:634} INFO - at org.apache.spark.util.Utils$.tryWithSafeFinally(Utils.scala:94)
[2024-12-08T14:23:31.011+0000] {spark_submit.py:634} INFO - at org.apache.spark.executor.Executor$TaskRunner.run(Executor.scala:623)
[2024-12-08T14:23:31.012+0000] {spark_submit.py:634} INFO - at java.base/java.util.concurrent.ThreadPoolExecutor.runWorker(ThreadPoolExecutor.java:1136)
[2024-12-08T14:23:31.012+0000] {spark_submit.py:634} INFO - at java.base/java.util.concurrent.ThreadPoolExecutor$Worker.run(ThreadPoolExecutor.java:635)
[2024-12-08T14:23:31.012+0000] {spark_submit.py:634} INFO - at java.base/java.lang.Thread.run(Thread.java:840)
[2024-12-08T14:23:31.012+0000] {spark_submit.py:634} INFO - 
[2024-12-08T14:23:31.012+0000] {spark_submit.py:634} INFO - Driver stacktrace:
[2024-12-08T14:23:31.013+0000] {spark_submit.py:634} INFO - 24/12/08 14:23:31 INFO DAGScheduler: ResultStage 1 (load at NativeMethodAccessorImpl.java:0) failed in 0.166 s due to Job aborted due to stage failure: Task 0 in stage 1.0 failed 4 times, most recent failure: Lost task 0.3 in stage 1.0 (TID 7) (172.18.0.7 executor 0): org.apache.spark.SparkFileNotFoundException: File file:/tmp/spark-28cd6641-bbed-40b2-bc08-950b85f9484c/userFiles-09e61fcc-c9ac-434c-a539-07d7862f1f2d/test1234.csv does not exist
[2024-12-08T14:23:31.013+0000] {spark_submit.py:634} INFO - It is possible the underlying files have been updated. You can explicitly invalidate the cache in Spark by running 'REFRESH TABLE tableName' command in SQL or by recreating the Dataset/DataFrame involved.
[2024-12-08T14:23:31.013+0000] {spark_submit.py:634} INFO - at org.apache.spark.sql.errors.QueryExecutionErrors$.readCurrentFileNotFoundError(QueryExecutionErrors.scala:781)
[2024-12-08T14:23:31.013+0000] {spark_submit.py:634} INFO - at org.apache.spark.sql.execution.datasources.FileScanRDD$$anon$1.org$apache$spark$sql$execution$datasources$FileScanRDD$$anon$$readCurrentFile(FileScanRDD.scala:220)
[2024-12-08T14:23:31.014+0000] {spark_submit.py:634} INFO - at org.apache.spark.sql.execution.datasources.FileScanRDD$$anon$1.nextIterator(FileScanRDD.scala:279)
[2024-12-08T14:23:31.014+0000] {spark_submit.py:634} INFO - at org.apache.spark.sql.execution.datasources.FileScanRDD$$anon$1.hasNext(FileScanRDD.scala:129)
[2024-12-08T14:23:31.015+0000] {spark_submit.py:634} INFO - at scala.collection.Iterator$$anon$10.hasNext(Iterator.scala:460)
[2024-12-08T14:23:31.015+0000] {spark_submit.py:634} INFO - at org.apache.spark.sql.catalyst.expressions.GeneratedClass$GeneratedIteratorForCodegenStage1.processNext(Unknown Source)
[2024-12-08T14:23:31.016+0000] {spark_submit.py:634} INFO - at org.apache.spark.sql.execution.BufferedRowIterator.hasNext(BufferedRowIterator.java:43)
[2024-12-08T14:23:31.016+0000] {spark_submit.py:634} INFO - at org.apache.spark.sql.execution.WholeStageCodegenEvaluatorFactory$WholeStageCodegenPartitionEvaluator$$anon$1.hasNext(WholeStageCodegenEvaluatorFactory.scala:43)
[2024-12-08T14:23:31.016+0000] {spark_submit.py:634} INFO - at org.apache.spark.sql.execution.SparkPlan.$anonfun$getByteArrayRdd$1(SparkPlan.scala:388)
[2024-12-08T14:23:31.016+0000] {spark_submit.py:634} INFO - at org.apache.spark.rdd.RDD.$anonfun$mapPartitionsInternal$2(RDD.scala:893)
[2024-12-08T14:23:31.017+0000] {spark_submit.py:634} INFO - at org.apache.spark.rdd.RDD.$anonfun$mapPartitionsInternal$2$adapted(RDD.scala:893)
[2024-12-08T14:23:31.017+0000] {spark_submit.py:634} INFO - at org.apache.spark.rdd.MapPartitionsRDD.compute(MapPartitionsRDD.scala:52)
[2024-12-08T14:23:31.017+0000] {spark_submit.py:634} INFO - at org.apache.spark.rdd.RDD.computeOrReadCheckpoint(RDD.scala:367)
[2024-12-08T14:23:31.018+0000] {spark_submit.py:634} INFO - at org.apache.spark.rdd.RDD.iterator(RDD.scala:331)
[2024-12-08T14:23:31.018+0000] {spark_submit.py:634} INFO - at org.apache.spark.scheduler.ResultTask.runTask(ResultTask.scala:93)
[2024-12-08T14:23:31.019+0000] {spark_submit.py:634} INFO - at org.apache.spark.TaskContext.runTaskWithListeners(TaskContext.scala:166)
[2024-12-08T14:23:31.019+0000] {spark_submit.py:634} INFO - at org.apache.spark.scheduler.Task.run(Task.scala:141)
[2024-12-08T14:23:31.019+0000] {spark_submit.py:634} INFO - at org.apache.spark.executor.Executor$TaskRunner.$anonfun$run$4(Executor.scala:620)
[2024-12-08T14:23:31.020+0000] {spark_submit.py:634} INFO - at org.apache.spark.util.SparkErrorUtils.tryWithSafeFinally(SparkErrorUtils.scala:64)
[2024-12-08T14:23:31.020+0000] {spark_submit.py:634} INFO - at org.apache.spark.util.SparkErrorUtils.tryWithSafeFinally$(SparkErrorUtils.scala:61)
[2024-12-08T14:23:31.021+0000] {spark_submit.py:634} INFO - at org.apache.spark.util.Utils$.tryWithSafeFinally(Utils.scala:94)
[2024-12-08T14:23:31.021+0000] {spark_submit.py:634} INFO - at org.apache.spark.executor.Executor$TaskRunner.run(Executor.scala:623)
[2024-12-08T14:23:31.022+0000] {spark_submit.py:634} INFO - at java.base/java.util.concurrent.ThreadPoolExecutor.runWorker(ThreadPoolExecutor.java:1136)
[2024-12-08T14:23:31.022+0000] {spark_submit.py:634} INFO - at java.base/java.util.concurrent.ThreadPoolExecutor$Worker.run(ThreadPoolExecutor.java:635)
[2024-12-08T14:23:31.022+0000] {spark_submit.py:634} INFO - at java.base/java.lang.Thread.run(Thread.java:840)
[2024-12-08T14:23:31.023+0000] {spark_submit.py:634} INFO - 
[2024-12-08T14:23:31.023+0000] {spark_submit.py:634} INFO - Driver stacktrace:
[2024-12-08T14:23:31.024+0000] {spark_submit.py:634} INFO - 24/12/08 14:23:31 INFO DAGScheduler: Job 1 failed: load at NativeMethodAccessorImpl.java:0, took 0.170137 s
[2024-12-08T14:23:31.099+0000] {spark_submit.py:634} INFO - Traceback (most recent call last):
[2024-12-08T14:23:31.100+0000] {spark_submit.py:634} INFO - File "/opt/***/jobs/python/wordcountjob.py", line 54, in <module>
[2024-12-08T14:23:31.101+0000] {spark_submit.py:634} INFO - df = spark.read.load(file_path, format="csv", inferSchema="true", header="true")
[2024-12-08T14:23:31.102+0000] {spark_submit.py:634} INFO - ^^^^^^^^^^^^^^^^^^^^^^^^^^^^^^^^^^^^^^^^^^^^^^^^^^^^^^^^^^^^^^^^^^^^^^^^^^^
[2024-12-08T14:23:31.104+0000] {spark_submit.py:634} INFO - File "/home/***/.local/lib/python3.12/site-packages/pyspark/python/lib/pyspark.zip/pyspark/sql/readwriter.py", line 307, in load
[2024-12-08T14:23:31.106+0000] {spark_submit.py:634} INFO - File "/home/***/.local/lib/python3.12/site-packages/pyspark/python/lib/py4j-0.10.9.7-src.zip/py4j/java_gateway.py", line 1322, in __call__
[2024-12-08T14:23:31.107+0000] {spark_submit.py:634} INFO - File "/home/***/.local/lib/python3.12/site-packages/pyspark/python/lib/pyspark.zip/pyspark/errors/exceptions/captured.py", line 179, in deco
[2024-12-08T14:23:31.107+0000] {spark_submit.py:634} INFO - File "/home/***/.local/lib/python3.12/site-packages/pyspark/python/lib/py4j-0.10.9.7-src.zip/py4j/protocol.py", line 326, in get_return_value
[2024-12-08T14:23:31.150+0000] {spark_submit.py:634} INFO - py4j.protocol.Py4JJavaError: An error occurred while calling o28.load.
[2024-12-08T14:23:31.150+0000] {spark_submit.py:634} INFO - : org.apache.spark.SparkException: Job aborted due to stage failure: Task 0 in stage 0.0 failed 4 times, most recent failure: Lost task 0.3 in stage 0.0 (TID 3) (172.18.0.7 executor 0): org.apache.spark.SparkFileNotFoundException: File file:/tmp/spark-28cd6641-bbed-40b2-bc08-950b85f9484c/userFiles-09e61fcc-c9ac-434c-a539-07d7862f1f2d/test1234.csv does not exist
[2024-12-08T14:23:31.151+0000] {spark_submit.py:634} INFO - It is possible the underlying files have been updated. You can explicitly invalidate the cache in Spark by running 'REFRESH TABLE tableName' command in SQL or by recreating the Dataset/DataFrame involved.
[2024-12-08T14:23:31.151+0000] {spark_submit.py:634} INFO - at org.apache.spark.sql.errors.QueryExecutionErrors$.readCurrentFileNotFoundError(QueryExecutionErrors.scala:781)
[2024-12-08T14:23:31.152+0000] {spark_submit.py:634} INFO - at org.apache.spark.sql.execution.datasources.FileScanRDD$$anon$1.org$apache$spark$sql$execution$datasources$FileScanRDD$$anon$$readCurrentFile(FileScanRDD.scala:220)
[2024-12-08T14:23:31.152+0000] {spark_submit.py:634} INFO - at org.apache.spark.sql.execution.datasources.FileScanRDD$$anon$1.nextIterator(FileScanRDD.scala:279)
[2024-12-08T14:23:31.152+0000] {spark_submit.py:634} INFO - at org.apache.spark.sql.execution.datasources.FileScanRDD$$anon$1.hasNext(FileScanRDD.scala:129)
[2024-12-08T14:23:31.152+0000] {spark_submit.py:634} INFO - at scala.collection.Iterator$$anon$10.hasNext(Iterator.scala:460)
[2024-12-08T14:23:31.152+0000] {spark_submit.py:634} INFO - at org.apache.spark.sql.catalyst.expressions.GeneratedClass$GeneratedIteratorForCodegenStage1.processNext(Unknown Source)
[2024-12-08T14:23:31.153+0000] {spark_submit.py:634} INFO - at org.apache.spark.sql.execution.BufferedRowIterator.hasNext(BufferedRowIterator.java:43)
[2024-12-08T14:23:31.153+0000] {spark_submit.py:634} INFO - at org.apache.spark.sql.execution.WholeStageCodegenEvaluatorFactory$WholeStageCodegenPartitionEvaluator$$anon$1.hasNext(WholeStageCodegenEvaluatorFactory.scala:43)
[2024-12-08T14:23:31.153+0000] {spark_submit.py:634} INFO - at org.apache.spark.sql.execution.SparkPlan.$anonfun$getByteArrayRdd$1(SparkPlan.scala:388)
[2024-12-08T14:23:31.153+0000] {spark_submit.py:634} INFO - at org.apache.spark.rdd.RDD.$anonfun$mapPartitionsInternal$2(RDD.scala:893)
[2024-12-08T14:23:31.153+0000] {spark_submit.py:634} INFO - at org.apache.spark.rdd.RDD.$anonfun$mapPartitionsInternal$2$adapted(RDD.scala:893)
[2024-12-08T14:23:31.154+0000] {spark_submit.py:634} INFO - at org.apache.spark.rdd.MapPartitionsRDD.compute(MapPartitionsRDD.scala:52)
[2024-12-08T14:23:31.154+0000] {spark_submit.py:634} INFO - at org.apache.spark.rdd.RDD.computeOrReadCheckpoint(RDD.scala:367)
[2024-12-08T14:23:31.154+0000] {spark_submit.py:634} INFO - at org.apache.spark.rdd.RDD.iterator(RDD.scala:331)
[2024-12-08T14:23:31.154+0000] {spark_submit.py:634} INFO - at org.apache.spark.scheduler.ResultTask.runTask(ResultTask.scala:93)
[2024-12-08T14:23:31.155+0000] {spark_submit.py:634} INFO - at org.apache.spark.TaskContext.runTaskWithListeners(TaskContext.scala:166)
[2024-12-08T14:23:31.155+0000] {spark_submit.py:634} INFO - at org.apache.spark.scheduler.Task.run(Task.scala:141)
[2024-12-08T14:23:31.155+0000] {spark_submit.py:634} INFO - at org.apache.spark.executor.Executor$TaskRunner.$anonfun$run$4(Executor.scala:620)
[2024-12-08T14:23:31.155+0000] {spark_submit.py:634} INFO - at org.apache.spark.util.SparkErrorUtils.tryWithSafeFinally(SparkErrorUtils.scala:64)
[2024-12-08T14:23:31.155+0000] {spark_submit.py:634} INFO - at org.apache.spark.util.SparkErrorUtils.tryWithSafeFinally$(SparkErrorUtils.scala:61)
[2024-12-08T14:23:31.155+0000] {spark_submit.py:634} INFO - at org.apache.spark.util.Utils$.tryWithSafeFinally(Utils.scala:94)
[2024-12-08T14:23:31.156+0000] {spark_submit.py:634} INFO - at org.apache.spark.executor.Executor$TaskRunner.run(Executor.scala:623)
[2024-12-08T14:23:31.156+0000] {spark_submit.py:634} INFO - at java.base/java.util.concurrent.ThreadPoolExecutor.runWorker(ThreadPoolExecutor.java:1136)
[2024-12-08T14:23:31.156+0000] {spark_submit.py:634} INFO - at java.base/java.util.concurrent.ThreadPoolExecutor$Worker.run(ThreadPoolExecutor.java:635)
[2024-12-08T14:23:31.156+0000] {spark_submit.py:634} INFO - at java.base/java.lang.Thread.run(Thread.java:840)
[2024-12-08T14:23:31.156+0000] {spark_submit.py:634} INFO - 
[2024-12-08T14:23:31.157+0000] {spark_submit.py:634} INFO - Driver stacktrace:
[2024-12-08T14:23:31.157+0000] {spark_submit.py:634} INFO - at org.apache.spark.scheduler.DAGScheduler.failJobAndIndependentStages(DAGScheduler.scala:2856)
[2024-12-08T14:23:31.157+0000] {spark_submit.py:634} INFO - at org.apache.spark.scheduler.DAGScheduler.$anonfun$abortStage$2(DAGScheduler.scala:2792)
[2024-12-08T14:23:31.157+0000] {spark_submit.py:634} INFO - at org.apache.spark.scheduler.DAGScheduler.$anonfun$abortStage$2$adapted(DAGScheduler.scala:2791)
[2024-12-08T14:23:31.158+0000] {spark_submit.py:634} INFO - at scala.collection.mutable.ResizableArray.foreach(ResizableArray.scala:62)
[2024-12-08T14:23:31.158+0000] {spark_submit.py:634} INFO - at scala.collection.mutable.ResizableArray.foreach$(ResizableArray.scala:55)
[2024-12-08T14:23:31.158+0000] {spark_submit.py:634} INFO - at scala.collection.mutable.ArrayBuffer.foreach(ArrayBuffer.scala:49)
[2024-12-08T14:23:31.158+0000] {spark_submit.py:634} INFO - at org.apache.spark.scheduler.DAGScheduler.abortStage(DAGScheduler.scala:2791)
[2024-12-08T14:23:31.158+0000] {spark_submit.py:634} INFO - at org.apache.spark.scheduler.DAGScheduler.$anonfun$handleTaskSetFailed$1(DAGScheduler.scala:1247)
[2024-12-08T14:23:31.159+0000] {spark_submit.py:634} INFO - at org.apache.spark.scheduler.DAGScheduler.$anonfun$handleTaskSetFailed$1$adapted(DAGScheduler.scala:1247)
[2024-12-08T14:23:31.159+0000] {spark_submit.py:634} INFO - at scala.Option.foreach(Option.scala:407)
[2024-12-08T14:23:31.159+0000] {spark_submit.py:634} INFO - at org.apache.spark.scheduler.DAGScheduler.handleTaskSetFailed(DAGScheduler.scala:1247)
[2024-12-08T14:23:31.159+0000] {spark_submit.py:634} INFO - at org.apache.spark.scheduler.DAGSchedulerEventProcessLoop.doOnReceive(DAGScheduler.scala:3060)
[2024-12-08T14:23:31.159+0000] {spark_submit.py:634} INFO - at org.apache.spark.scheduler.DAGSchedulerEventProcessLoop.onReceive(DAGScheduler.scala:2994)
[2024-12-08T14:23:31.159+0000] {spark_submit.py:634} INFO - at org.apache.spark.scheduler.DAGSchedulerEventProcessLoop.onReceive(DAGScheduler.scala:2983)
[2024-12-08T14:23:31.160+0000] {spark_submit.py:634} INFO - at org.apache.spark.util.EventLoop$$anon$1.run(EventLoop.scala:49)
[2024-12-08T14:23:31.160+0000] {spark_submit.py:634} INFO - at org.apache.spark.scheduler.DAGScheduler.runJob(DAGScheduler.scala:989)
[2024-12-08T14:23:31.160+0000] {spark_submit.py:634} INFO - at org.apache.spark.SparkContext.runJob(SparkContext.scala:2393)
[2024-12-08T14:23:31.160+0000] {spark_submit.py:634} INFO - at org.apache.spark.SparkContext.runJob(SparkContext.scala:2414)
[2024-12-08T14:23:31.160+0000] {spark_submit.py:634} INFO - at org.apache.spark.SparkContext.runJob(SparkContext.scala:2433)
[2024-12-08T14:23:31.160+0000] {spark_submit.py:634} INFO - at org.apache.spark.sql.execution.SparkPlan.executeTake(SparkPlan.scala:530)
[2024-12-08T14:23:31.161+0000] {spark_submit.py:634} INFO - at org.apache.spark.sql.execution.SparkPlan.executeTake(SparkPlan.scala:483)
[2024-12-08T14:23:31.161+0000] {spark_submit.py:634} INFO - at org.apache.spark.sql.execution.CollectLimitExec.executeCollect(limit.scala:61)
[2024-12-08T14:23:31.161+0000] {spark_submit.py:634} INFO - at org.apache.spark.sql.Dataset.collectFromPlan(Dataset.scala:4333)
[2024-12-08T14:23:31.161+0000] {spark_submit.py:634} INFO - at org.apache.spark.sql.Dataset.$anonfun$head$1(Dataset.scala:3316)
[2024-12-08T14:23:31.161+0000] {spark_submit.py:634} INFO - at org.apache.spark.sql.Dataset.$anonfun$withAction$2(Dataset.scala:4323)
[2024-12-08T14:23:31.162+0000] {spark_submit.py:634} INFO - at org.apache.spark.sql.execution.QueryExecution$.withInternalError(QueryExecution.scala:546)
[2024-12-08T14:23:31.162+0000] {spark_submit.py:634} INFO - at org.apache.spark.sql.Dataset.$anonfun$withAction$1(Dataset.scala:4321)
[2024-12-08T14:23:31.162+0000] {spark_submit.py:634} INFO - at org.apache.spark.sql.execution.SQLExecution$.$anonfun$withNewExecutionId$6(SQLExecution.scala:125)
[2024-12-08T14:23:31.162+0000] {spark_submit.py:634} INFO - at org.apache.spark.sql.execution.SQLExecution$.withSQLConfPropagated(SQLExecution.scala:201)
[2024-12-08T14:23:31.162+0000] {spark_submit.py:634} INFO - at org.apache.spark.sql.execution.SQLExecution$.$anonfun$withNewExecutionId$1(SQLExecution.scala:108)
[2024-12-08T14:23:31.162+0000] {spark_submit.py:634} INFO - at org.apache.spark.sql.SparkSession.withActive(SparkSession.scala:900)
[2024-12-08T14:23:31.163+0000] {spark_submit.py:634} INFO - at org.apache.spark.sql.execution.SQLExecution$.withNewExecutionId(SQLExecution.scala:66)
[2024-12-08T14:23:31.163+0000] {spark_submit.py:634} INFO - at org.apache.spark.sql.Dataset.withAction(Dataset.scala:4321)
[2024-12-08T14:23:31.163+0000] {spark_submit.py:634} INFO - at org.apache.spark.sql.Dataset.head(Dataset.scala:3316)
[2024-12-08T14:23:31.163+0000] {spark_submit.py:634} INFO - at org.apache.spark.sql.Dataset.take(Dataset.scala:3539)
[2024-12-08T14:23:31.163+0000] {spark_submit.py:634} INFO - at org.apache.spark.sql.execution.datasources.csv.TextInputCSVDataSource$.infer(CSVDataSource.scala:111)
[2024-12-08T14:23:31.163+0000] {spark_submit.py:634} INFO - at org.apache.spark.sql.execution.datasources.csv.CSVDataSource.inferSchema(CSVDataSource.scala:64)
[2024-12-08T14:23:31.164+0000] {spark_submit.py:634} INFO - at org.apache.spark.sql.execution.datasources.csv.CSVFileFormat.inferSchema(CSVFileFormat.scala:62)
[2024-12-08T14:23:31.164+0000] {spark_submit.py:634} INFO - at org.apache.spark.sql.execution.datasources.DataSource.$anonfun$getOrInferFileFormatSchema$11(DataSource.scala:208)
[2024-12-08T14:23:31.164+0000] {spark_submit.py:634} INFO - at scala.Option.orElse(Option.scala:447)
[2024-12-08T14:23:31.164+0000] {spark_submit.py:634} INFO - at org.apache.spark.sql.execution.datasources.DataSource.getOrInferFileFormatSchema(DataSource.scala:205)
[2024-12-08T14:23:31.164+0000] {spark_submit.py:634} INFO - at org.apache.spark.sql.execution.datasources.DataSource.resolveRelation(DataSource.scala:407)
[2024-12-08T14:23:31.164+0000] {spark_submit.py:634} INFO - at org.apache.spark.sql.DataFrameReader.loadV1Source(DataFrameReader.scala:229)
[2024-12-08T14:23:31.165+0000] {spark_submit.py:634} INFO - at org.apache.spark.sql.DataFrameReader.$anonfun$load$2(DataFrameReader.scala:211)
[2024-12-08T14:23:31.165+0000] {spark_submit.py:634} INFO - at scala.Option.getOrElse(Option.scala:189)
[2024-12-08T14:23:31.165+0000] {spark_submit.py:634} INFO - at org.apache.spark.sql.DataFrameReader.load(DataFrameReader.scala:211)
[2024-12-08T14:23:31.165+0000] {spark_submit.py:634} INFO - at org.apache.spark.sql.DataFrameReader.load(DataFrameReader.scala:186)
[2024-12-08T14:23:31.165+0000] {spark_submit.py:634} INFO - at java.base/jdk.internal.reflect.NativeMethodAccessorImpl.invoke0(Native Method)
[2024-12-08T14:23:31.166+0000] {spark_submit.py:634} INFO - at java.base/jdk.internal.reflect.NativeMethodAccessorImpl.invoke(NativeMethodAccessorImpl.java:77)
[2024-12-08T14:23:31.166+0000] {spark_submit.py:634} INFO - at java.base/jdk.internal.reflect.DelegatingMethodAccessorImpl.invoke(DelegatingMethodAccessorImpl.java:43)
[2024-12-08T14:23:31.166+0000] {spark_submit.py:634} INFO - at java.base/java.lang.reflect.Method.invoke(Method.java:569)
[2024-12-08T14:23:31.166+0000] {spark_submit.py:634} INFO - at py4j.reflection.MethodInvoker.invoke(MethodInvoker.java:244)
[2024-12-08T14:23:31.166+0000] {spark_submit.py:634} INFO - at py4j.reflection.ReflectionEngine.invoke(ReflectionEngine.java:374)
[2024-12-08T14:23:31.167+0000] {spark_submit.py:634} INFO - at py4j.Gateway.invoke(Gateway.java:282)
[2024-12-08T14:23:31.167+0000] {spark_submit.py:634} INFO - at py4j.commands.AbstractCommand.invokeMethod(AbstractCommand.java:132)
[2024-12-08T14:23:31.167+0000] {spark_submit.py:634} INFO - at py4j.commands.CallCommand.execute(CallCommand.java:79)
[2024-12-08T14:23:31.167+0000] {spark_submit.py:634} INFO - at py4j.ClientServerConnection.waitForCommands(ClientServerConnection.java:182)
[2024-12-08T14:23:31.167+0000] {spark_submit.py:634} INFO - at py4j.ClientServerConnection.run(ClientServerConnection.java:106)
[2024-12-08T14:23:31.167+0000] {spark_submit.py:634} INFO - at java.base/java.lang.Thread.run(Thread.java:840)
[2024-12-08T14:23:31.168+0000] {spark_submit.py:634} INFO - Caused by: org.apache.spark.SparkFileNotFoundException: File file:/tmp/spark-28cd6641-bbed-40b2-bc08-950b85f9484c/userFiles-09e61fcc-c9ac-434c-a539-07d7862f1f2d/test1234.csv does not exist
[2024-12-08T14:23:31.168+0000] {spark_submit.py:634} INFO - It is possible the underlying files have been updated. You can explicitly invalidate the cache in Spark by running 'REFRESH TABLE tableName' command in SQL or by recreating the Dataset/DataFrame involved.
[2024-12-08T14:23:31.168+0000] {spark_submit.py:634} INFO - at org.apache.spark.sql.errors.QueryExecutionErrors$.readCurrentFileNotFoundError(QueryExecutionErrors.scala:781)
[2024-12-08T14:23:31.168+0000] {spark_submit.py:634} INFO - at org.apache.spark.sql.execution.datasources.FileScanRDD$$anon$1.org$apache$spark$sql$execution$datasources$FileScanRDD$$anon$$readCurrentFile(FileScanRDD.scala:220)
[2024-12-08T14:23:31.168+0000] {spark_submit.py:634} INFO - at org.apache.spark.sql.execution.datasources.FileScanRDD$$anon$1.nextIterator(FileScanRDD.scala:279)
[2024-12-08T14:23:31.168+0000] {spark_submit.py:634} INFO - at org.apache.spark.sql.execution.datasources.FileScanRDD$$anon$1.hasNext(FileScanRDD.scala:129)
[2024-12-08T14:23:31.169+0000] {spark_submit.py:634} INFO - at scala.collection.Iterator$$anon$10.hasNext(Iterator.scala:460)
[2024-12-08T14:23:31.169+0000] {spark_submit.py:634} INFO - at org.apache.spark.sql.catalyst.expressions.GeneratedClass$GeneratedIteratorForCodegenStage1.processNext(Unknown Source)
[2024-12-08T14:23:31.169+0000] {spark_submit.py:634} INFO - at org.apache.spark.sql.execution.BufferedRowIterator.hasNext(BufferedRowIterator.java:43)
[2024-12-08T14:23:31.169+0000] {spark_submit.py:634} INFO - at org.apache.spark.sql.execution.WholeStageCodegenEvaluatorFactory$WholeStageCodegenPartitionEvaluator$$anon$1.hasNext(WholeStageCodegenEvaluatorFactory.scala:43)
[2024-12-08T14:23:31.169+0000] {spark_submit.py:634} INFO - at org.apache.spark.sql.execution.SparkPlan.$anonfun$getByteArrayRdd$1(SparkPlan.scala:388)
[2024-12-08T14:23:31.169+0000] {spark_submit.py:634} INFO - at org.apache.spark.rdd.RDD.$anonfun$mapPartitionsInternal$2(RDD.scala:893)
[2024-12-08T14:23:31.170+0000] {spark_submit.py:634} INFO - at org.apache.spark.rdd.RDD.$anonfun$mapPartitionsInternal$2$adapted(RDD.scala:893)
[2024-12-08T14:23:31.170+0000] {spark_submit.py:634} INFO - at org.apache.spark.rdd.MapPartitionsRDD.compute(MapPartitionsRDD.scala:52)
[2024-12-08T14:23:31.170+0000] {spark_submit.py:634} INFO - at org.apache.spark.rdd.RDD.computeOrReadCheckpoint(RDD.scala:367)
[2024-12-08T14:23:31.170+0000] {spark_submit.py:634} INFO - at org.apache.spark.rdd.RDD.iterator(RDD.scala:331)
[2024-12-08T14:23:31.170+0000] {spark_submit.py:634} INFO - at org.apache.spark.scheduler.ResultTask.runTask(ResultTask.scala:93)
[2024-12-08T14:23:31.171+0000] {spark_submit.py:634} INFO - at org.apache.spark.TaskContext.runTaskWithListeners(TaskContext.scala:166)
[2024-12-08T14:23:31.171+0000] {spark_submit.py:634} INFO - at org.apache.spark.scheduler.Task.run(Task.scala:141)
[2024-12-08T14:23:31.171+0000] {spark_submit.py:634} INFO - at org.apache.spark.executor.Executor$TaskRunner.$anonfun$run$4(Executor.scala:620)
[2024-12-08T14:23:31.171+0000] {spark_submit.py:634} INFO - at org.apache.spark.util.SparkErrorUtils.tryWithSafeFinally(SparkErrorUtils.scala:64)
[2024-12-08T14:23:31.171+0000] {spark_submit.py:634} INFO - at org.apache.spark.util.SparkErrorUtils.tryWithSafeFinally$(SparkErrorUtils.scala:61)
[2024-12-08T14:23:31.172+0000] {spark_submit.py:634} INFO - at org.apache.spark.util.Utils$.tryWithSafeFinally(Utils.scala:94)
[2024-12-08T14:23:31.172+0000] {spark_submit.py:634} INFO - at org.apache.spark.executor.Executor$TaskRunner.run(Executor.scala:623)
[2024-12-08T14:23:31.172+0000] {spark_submit.py:634} INFO - at java.base/java.util.concurrent.ThreadPoolExecutor.runWorker(ThreadPoolExecutor.java:1136)
[2024-12-08T14:23:31.172+0000] {spark_submit.py:634} INFO - at java.base/java.util.concurrent.ThreadPoolExecutor$Worker.run(ThreadPoolExecutor.java:635)
[2024-12-08T14:23:31.172+0000] {spark_submit.py:634} INFO - ... 1 more
[2024-12-08T14:23:31.173+0000] {spark_submit.py:634} INFO - 
[2024-12-08T14:23:31.173+0000] {spark_submit.py:634} INFO - 
[2024-12-08T14:23:31.173+0000] {spark_submit.py:634} INFO - During handling of the above exception, another exception occurred:
[2024-12-08T14:23:31.173+0000] {spark_submit.py:634} INFO - 
[2024-12-08T14:23:31.173+0000] {spark_submit.py:634} INFO - Traceback (most recent call last):
[2024-12-08T14:23:31.174+0000] {spark_submit.py:634} INFO - File "/opt/***/jobs/python/wordcountjob.py", line 59, in <module>
[2024-12-08T14:23:31.174+0000] {spark_submit.py:634} INFO - df = spark.read.load(file_path, format="csv", inferSchema="true", header="true")
[2024-12-08T14:23:31.174+0000] {spark_submit.py:634} INFO - ^^^^^^^^^^^^^^^^^^^^^^^^^^^^^^^^^^^^^^^^^^^^^^^^^^^^^^^^^^^^^^^^^^^^^^^^^^^
[2024-12-08T14:23:31.174+0000] {spark_submit.py:634} INFO - File "/home/***/.local/lib/python3.12/site-packages/pyspark/python/lib/pyspark.zip/pyspark/sql/readwriter.py", line 307, in load
[2024-12-08T14:23:31.174+0000] {spark_submit.py:634} INFO - File "/home/***/.local/lib/python3.12/site-packages/pyspark/python/lib/py4j-0.10.9.7-src.zip/py4j/java_gateway.py", line 1322, in __call__
[2024-12-08T14:23:31.175+0000] {spark_submit.py:634} INFO - File "/home/***/.local/lib/python3.12/site-packages/pyspark/python/lib/pyspark.zip/pyspark/errors/exceptions/captured.py", line 179, in deco
[2024-12-08T14:23:31.175+0000] {spark_submit.py:634} INFO - File "/home/***/.local/lib/python3.12/site-packages/pyspark/python/lib/py4j-0.10.9.7-src.zip/py4j/protocol.py", line 326, in get_return_value
[2024-12-08T14:23:31.193+0000] {spark_submit.py:634} INFO - py4j.protocol.Py4JJavaError: An error occurred while calling o34.load.
[2024-12-08T14:23:31.198+0000] {spark_submit.py:634} INFO - : org.apache.spark.SparkException: Job aborted due to stage failure: Task 0 in stage 1.0 failed 4 times, most recent failure: Lost task 0.3 in stage 1.0 (TID 7) (172.18.0.7 executor 0): org.apache.spark.SparkFileNotFoundException: File file:/tmp/spark-28cd6641-bbed-40b2-bc08-950b85f9484c/userFiles-09e61fcc-c9ac-434c-a539-07d7862f1f2d/test1234.csv does not exist
[2024-12-08T14:23:31.200+0000] {spark_submit.py:634} INFO - It is possible the underlying files have been updated. You can explicitly invalidate the cache in Spark by running 'REFRESH TABLE tableName' command in SQL or by recreating the Dataset/DataFrame involved.
[2024-12-08T14:23:31.201+0000] {spark_submit.py:634} INFO - at org.apache.spark.sql.errors.QueryExecutionErrors$.readCurrentFileNotFoundError(QueryExecutionErrors.scala:781)
[2024-12-08T14:23:31.202+0000] {spark_submit.py:634} INFO - at org.apache.spark.sql.execution.datasources.FileScanRDD$$anon$1.org$apache$spark$sql$execution$datasources$FileScanRDD$$anon$$readCurrentFile(FileScanRDD.scala:220)
[2024-12-08T14:23:31.202+0000] {spark_submit.py:634} INFO - at org.apache.spark.sql.execution.datasources.FileScanRDD$$anon$1.nextIterator(FileScanRDD.scala:279)
[2024-12-08T14:23:31.202+0000] {spark_submit.py:634} INFO - at org.apache.spark.sql.execution.datasources.FileScanRDD$$anon$1.hasNext(FileScanRDD.scala:129)
[2024-12-08T14:23:31.202+0000] {spark_submit.py:634} INFO - at scala.collection.Iterator$$anon$10.hasNext(Iterator.scala:460)
[2024-12-08T14:23:31.202+0000] {spark_submit.py:634} INFO - at org.apache.spark.sql.catalyst.expressions.GeneratedClass$GeneratedIteratorForCodegenStage1.processNext(Unknown Source)
[2024-12-08T14:23:31.203+0000] {spark_submit.py:634} INFO - at org.apache.spark.sql.execution.BufferedRowIterator.hasNext(BufferedRowIterator.java:43)
[2024-12-08T14:23:31.204+0000] {spark_submit.py:634} INFO - at org.apache.spark.sql.execution.WholeStageCodegenEvaluatorFactory$WholeStageCodegenPartitionEvaluator$$anon$1.hasNext(WholeStageCodegenEvaluatorFactory.scala:43)
[2024-12-08T14:23:31.205+0000] {spark_submit.py:634} INFO - at org.apache.spark.sql.execution.SparkPlan.$anonfun$getByteArrayRdd$1(SparkPlan.scala:388)
[2024-12-08T14:23:31.205+0000] {spark_submit.py:634} INFO - at org.apache.spark.rdd.RDD.$anonfun$mapPartitionsInternal$2(RDD.scala:893)
[2024-12-08T14:23:31.205+0000] {spark_submit.py:634} INFO - at org.apache.spark.rdd.RDD.$anonfun$mapPartitionsInternal$2$adapted(RDD.scala:893)
[2024-12-08T14:23:31.210+0000] {spark_submit.py:634} INFO - at org.apache.spark.rdd.MapPartitionsRDD.compute(MapPartitionsRDD.scala:52)
[2024-12-08T14:23:31.210+0000] {spark_submit.py:634} INFO - at org.apache.spark.rdd.RDD.computeOrReadCheckpoint(RDD.scala:367)
[2024-12-08T14:23:31.210+0000] {spark_submit.py:634} INFO - at org.apache.spark.rdd.RDD.iterator(RDD.scala:331)
[2024-12-08T14:23:31.210+0000] {spark_submit.py:634} INFO - at org.apache.spark.scheduler.ResultTask.runTask(ResultTask.scala:93)
[2024-12-08T14:23:31.210+0000] {spark_submit.py:634} INFO - at org.apache.spark.TaskContext.runTaskWithListeners(TaskContext.scala:166)
[2024-12-08T14:23:31.210+0000] {spark_submit.py:634} INFO - at org.apache.spark.scheduler.Task.run(Task.scala:141)
[2024-12-08T14:23:31.211+0000] {spark_submit.py:634} INFO - at org.apache.spark.executor.Executor$TaskRunner.$anonfun$run$4(Executor.scala:620)
[2024-12-08T14:23:31.211+0000] {spark_submit.py:634} INFO - at org.apache.spark.util.SparkErrorUtils.tryWithSafeFinally(SparkErrorUtils.scala:64)
[2024-12-08T14:23:31.211+0000] {spark_submit.py:634} INFO - at org.apache.spark.util.SparkErrorUtils.tryWithSafeFinally$(SparkErrorUtils.scala:61)
[2024-12-08T14:23:31.211+0000] {spark_submit.py:634} INFO - at org.apache.spark.util.Utils$.tryWithSafeFinally(Utils.scala:94)
[2024-12-08T14:23:31.212+0000] {spark_submit.py:634} INFO - at org.apache.spark.executor.Executor$TaskRunner.run(Executor.scala:623)
[2024-12-08T14:23:31.212+0000] {spark_submit.py:634} INFO - at java.base/java.util.concurrent.ThreadPoolExecutor.runWorker(ThreadPoolExecutor.java:1136)
[2024-12-08T14:23:31.212+0000] {spark_submit.py:634} INFO - at java.base/java.util.concurrent.ThreadPoolExecutor$Worker.run(ThreadPoolExecutor.java:635)
[2024-12-08T14:23:31.212+0000] {spark_submit.py:634} INFO - at java.base/java.lang.Thread.run(Thread.java:840)
[2024-12-08T14:23:31.212+0000] {spark_submit.py:634} INFO - 
[2024-12-08T14:23:31.213+0000] {spark_submit.py:634} INFO - Driver stacktrace:
[2024-12-08T14:23:31.213+0000] {spark_submit.py:634} INFO - at org.apache.spark.scheduler.DAGScheduler.failJobAndIndependentStages(DAGScheduler.scala:2856)
[2024-12-08T14:23:31.213+0000] {spark_submit.py:634} INFO - at org.apache.spark.scheduler.DAGScheduler.$anonfun$abortStage$2(DAGScheduler.scala:2792)
[2024-12-08T14:23:31.213+0000] {spark_submit.py:634} INFO - at org.apache.spark.scheduler.DAGScheduler.$anonfun$abortStage$2$adapted(DAGScheduler.scala:2791)
[2024-12-08T14:23:31.213+0000] {spark_submit.py:634} INFO - at scala.collection.mutable.ResizableArray.foreach(ResizableArray.scala:62)
[2024-12-08T14:23:31.213+0000] {spark_submit.py:634} INFO - at scala.collection.mutable.ResizableArray.foreach$(ResizableArray.scala:55)
[2024-12-08T14:23:31.213+0000] {spark_submit.py:634} INFO - at scala.collection.mutable.ArrayBuffer.foreach(ArrayBuffer.scala:49)
[2024-12-08T14:23:31.214+0000] {spark_submit.py:634} INFO - at org.apache.spark.scheduler.DAGScheduler.abortStage(DAGScheduler.scala:2791)
[2024-12-08T14:23:31.214+0000] {spark_submit.py:634} INFO - at org.apache.spark.scheduler.DAGScheduler.$anonfun$handleTaskSetFailed$1(DAGScheduler.scala:1247)
[2024-12-08T14:23:31.214+0000] {spark_submit.py:634} INFO - at org.apache.spark.scheduler.DAGScheduler.$anonfun$handleTaskSetFailed$1$adapted(DAGScheduler.scala:1247)
[2024-12-08T14:23:31.214+0000] {spark_submit.py:634} INFO - at scala.Option.foreach(Option.scala:407)
[2024-12-08T14:23:31.214+0000] {spark_submit.py:634} INFO - at org.apache.spark.scheduler.DAGScheduler.handleTaskSetFailed(DAGScheduler.scala:1247)
[2024-12-08T14:23:31.214+0000] {spark_submit.py:634} INFO - at org.apache.spark.scheduler.DAGSchedulerEventProcessLoop.doOnReceive(DAGScheduler.scala:3060)
[2024-12-08T14:23:31.214+0000] {spark_submit.py:634} INFO - at org.apache.spark.scheduler.DAGSchedulerEventProcessLoop.onReceive(DAGScheduler.scala:2994)
[2024-12-08T14:23:31.215+0000] {spark_submit.py:634} INFO - at org.apache.spark.scheduler.DAGSchedulerEventProcessLoop.onReceive(DAGScheduler.scala:2983)
[2024-12-08T14:23:31.215+0000] {spark_submit.py:634} INFO - at org.apache.spark.util.EventLoop$$anon$1.run(EventLoop.scala:49)
[2024-12-08T14:23:31.216+0000] {spark_submit.py:634} INFO - at org.apache.spark.scheduler.DAGScheduler.runJob(DAGScheduler.scala:989)
[2024-12-08T14:23:31.217+0000] {spark_submit.py:634} INFO - at org.apache.spark.SparkContext.runJob(SparkContext.scala:2393)
[2024-12-08T14:23:31.217+0000] {spark_submit.py:634} INFO - at org.apache.spark.SparkContext.runJob(SparkContext.scala:2414)
[2024-12-08T14:23:31.217+0000] {spark_submit.py:634} INFO - at org.apache.spark.SparkContext.runJob(SparkContext.scala:2433)
[2024-12-08T14:23:31.217+0000] {spark_submit.py:634} INFO - at org.apache.spark.sql.execution.SparkPlan.executeTake(SparkPlan.scala:530)
[2024-12-08T14:23:31.217+0000] {spark_submit.py:634} INFO - at org.apache.spark.sql.execution.SparkPlan.executeTake(SparkPlan.scala:483)
[2024-12-08T14:23:31.217+0000] {spark_submit.py:634} INFO - at org.apache.spark.sql.execution.CollectLimitExec.executeCollect(limit.scala:61)
[2024-12-08T14:23:31.217+0000] {spark_submit.py:634} INFO - at org.apache.spark.sql.Dataset.collectFromPlan(Dataset.scala:4333)
[2024-12-08T14:23:31.217+0000] {spark_submit.py:634} INFO - at org.apache.spark.sql.Dataset.$anonfun$head$1(Dataset.scala:3316)
[2024-12-08T14:23:31.217+0000] {spark_submit.py:634} INFO - at org.apache.spark.sql.Dataset.$anonfun$withAction$2(Dataset.scala:4323)
[2024-12-08T14:23:31.219+0000] {spark_submit.py:634} INFO - at org.apache.spark.sql.execution.QueryExecution$.withInternalError(QueryExecution.scala:546)
[2024-12-08T14:23:31.220+0000] {spark_submit.py:634} INFO - at org.apache.spark.sql.Dataset.$anonfun$withAction$1(Dataset.scala:4321)
[2024-12-08T14:23:31.221+0000] {spark_submit.py:634} INFO - at org.apache.spark.sql.execution.SQLExecution$.$anonfun$withNewExecutionId$6(SQLExecution.scala:125)
[2024-12-08T14:23:31.221+0000] {spark_submit.py:634} INFO - at org.apache.spark.sql.execution.SQLExecution$.withSQLConfPropagated(SQLExecution.scala:201)
[2024-12-08T14:23:31.221+0000] {spark_submit.py:634} INFO - at org.apache.spark.sql.execution.SQLExecution$.$anonfun$withNewExecutionId$1(SQLExecution.scala:108)
[2024-12-08T14:23:31.221+0000] {spark_submit.py:634} INFO - at org.apache.spark.sql.SparkSession.withActive(SparkSession.scala:900)
[2024-12-08T14:23:31.221+0000] {spark_submit.py:634} INFO - at org.apache.spark.sql.execution.SQLExecution$.withNewExecutionId(SQLExecution.scala:66)
[2024-12-08T14:23:31.221+0000] {spark_submit.py:634} INFO - at org.apache.spark.sql.Dataset.withAction(Dataset.scala:4321)
[2024-12-08T14:23:31.221+0000] {spark_submit.py:634} INFO - at org.apache.spark.sql.Dataset.head(Dataset.scala:3316)
[2024-12-08T14:23:31.222+0000] {spark_submit.py:634} INFO - at org.apache.spark.sql.Dataset.take(Dataset.scala:3539)
[2024-12-08T14:23:31.223+0000] {spark_submit.py:634} INFO - at org.apache.spark.sql.execution.datasources.csv.TextInputCSVDataSource$.infer(CSVDataSource.scala:111)
[2024-12-08T14:23:31.223+0000] {spark_submit.py:634} INFO - at org.apache.spark.sql.execution.datasources.csv.CSVDataSource.inferSchema(CSVDataSource.scala:64)
[2024-12-08T14:23:31.224+0000] {spark_submit.py:634} INFO - at org.apache.spark.sql.execution.datasources.csv.CSVFileFormat.inferSchema(CSVFileFormat.scala:62)
[2024-12-08T14:23:31.224+0000] {spark_submit.py:634} INFO - at org.apache.spark.sql.execution.datasources.DataSource.$anonfun$getOrInferFileFormatSchema$11(DataSource.scala:208)
[2024-12-08T14:23:31.225+0000] {spark_submit.py:634} INFO - at scala.Option.orElse(Option.scala:447)
[2024-12-08T14:23:31.225+0000] {spark_submit.py:634} INFO - at org.apache.spark.sql.execution.datasources.DataSource.getOrInferFileFormatSchema(DataSource.scala:205)
[2024-12-08T14:23:31.226+0000] {spark_submit.py:634} INFO - at org.apache.spark.sql.execution.datasources.DataSource.resolveRelation(DataSource.scala:407)
[2024-12-08T14:23:31.226+0000] {spark_submit.py:634} INFO - at org.apache.spark.sql.DataFrameReader.loadV1Source(DataFrameReader.scala:229)
[2024-12-08T14:23:31.227+0000] {spark_submit.py:634} INFO - at org.apache.spark.sql.DataFrameReader.$anonfun$load$2(DataFrameReader.scala:211)
[2024-12-08T14:23:31.227+0000] {spark_submit.py:634} INFO - at scala.Option.getOrElse(Option.scala:189)
[2024-12-08T14:23:31.228+0000] {spark_submit.py:634} INFO - at org.apache.spark.sql.DataFrameReader.load(DataFrameReader.scala:211)
[2024-12-08T14:23:31.228+0000] {spark_submit.py:634} INFO - at org.apache.spark.sql.DataFrameReader.load(DataFrameReader.scala:186)
[2024-12-08T14:23:31.229+0000] {spark_submit.py:634} INFO - at java.base/jdk.internal.reflect.NativeMethodAccessorImpl.invoke0(Native Method)
[2024-12-08T14:23:31.229+0000] {spark_submit.py:634} INFO - at java.base/jdk.internal.reflect.NativeMethodAccessorImpl.invoke(NativeMethodAccessorImpl.java:77)
[2024-12-08T14:23:31.229+0000] {spark_submit.py:634} INFO - at java.base/jdk.internal.reflect.DelegatingMethodAccessorImpl.invoke(DelegatingMethodAccessorImpl.java:43)
[2024-12-08T14:23:31.229+0000] {spark_submit.py:634} INFO - at java.base/java.lang.reflect.Method.invoke(Method.java:569)
[2024-12-08T14:23:31.229+0000] {spark_submit.py:634} INFO - at py4j.reflection.MethodInvoker.invoke(MethodInvoker.java:244)
[2024-12-08T14:23:31.229+0000] {spark_submit.py:634} INFO - at py4j.reflection.ReflectionEngine.invoke(ReflectionEngine.java:374)
[2024-12-08T14:23:31.229+0000] {spark_submit.py:634} INFO - at py4j.Gateway.invoke(Gateway.java:282)
[2024-12-08T14:23:31.229+0000] {spark_submit.py:634} INFO - at py4j.commands.AbstractCommand.invokeMethod(AbstractCommand.java:132)
[2024-12-08T14:23:31.232+0000] {spark_submit.py:634} INFO - at py4j.commands.CallCommand.execute(CallCommand.java:79)
[2024-12-08T14:23:31.232+0000] {spark_submit.py:634} INFO - at py4j.ClientServerConnection.waitForCommands(ClientServerConnection.java:182)
[2024-12-08T14:23:31.233+0000] {spark_submit.py:634} INFO - at py4j.ClientServerConnection.run(ClientServerConnection.java:106)
[2024-12-08T14:23:31.233+0000] {spark_submit.py:634} INFO - at java.base/java.lang.Thread.run(Thread.java:840)
[2024-12-08T14:23:31.233+0000] {spark_submit.py:634} INFO - Caused by: org.apache.spark.SparkFileNotFoundException: File file:/tmp/spark-28cd6641-bbed-40b2-bc08-950b85f9484c/userFiles-09e61fcc-c9ac-434c-a539-07d7862f1f2d/test1234.csv does not exist
[2024-12-08T14:23:31.233+0000] {spark_submit.py:634} INFO - It is possible the underlying files have been updated. You can explicitly invalidate the cache in Spark by running 'REFRESH TABLE tableName' command in SQL or by recreating the Dataset/DataFrame involved.
[2024-12-08T14:23:31.233+0000] {spark_submit.py:634} INFO - at org.apache.spark.sql.errors.QueryExecutionErrors$.readCurrentFileNotFoundError(QueryExecutionErrors.scala:781)
[2024-12-08T14:23:31.233+0000] {spark_submit.py:634} INFO - at org.apache.spark.sql.execution.datasources.FileScanRDD$$anon$1.org$apache$spark$sql$execution$datasources$FileScanRDD$$anon$$readCurrentFile(FileScanRDD.scala:220)
[2024-12-08T14:23:31.234+0000] {spark_submit.py:634} INFO - at org.apache.spark.sql.execution.datasources.FileScanRDD$$anon$1.nextIterator(FileScanRDD.scala:279)
[2024-12-08T14:23:31.235+0000] {spark_submit.py:634} INFO - at org.apache.spark.sql.execution.datasources.FileScanRDD$$anon$1.hasNext(FileScanRDD.scala:129)
[2024-12-08T14:23:31.236+0000] {spark_submit.py:634} INFO - at scala.collection.Iterator$$anon$10.hasNext(Iterator.scala:460)
[2024-12-08T14:23:31.236+0000] {spark_submit.py:634} INFO - at org.apache.spark.sql.catalyst.expressions.GeneratedClass$GeneratedIteratorForCodegenStage1.processNext(Unknown Source)
[2024-12-08T14:23:31.237+0000] {spark_submit.py:634} INFO - at org.apache.spark.sql.execution.BufferedRowIterator.hasNext(BufferedRowIterator.java:43)
[2024-12-08T14:23:31.237+0000] {spark_submit.py:634} INFO - at org.apache.spark.sql.execution.WholeStageCodegenEvaluatorFactory$WholeStageCodegenPartitionEvaluator$$anon$1.hasNext(WholeStageCodegenEvaluatorFactory.scala:43)
[2024-12-08T14:23:31.237+0000] {spark_submit.py:634} INFO - at org.apache.spark.sql.execution.SparkPlan.$anonfun$getByteArrayRdd$1(SparkPlan.scala:388)
[2024-12-08T14:23:31.237+0000] {spark_submit.py:634} INFO - at org.apache.spark.rdd.RDD.$anonfun$mapPartitionsInternal$2(RDD.scala:893)
[2024-12-08T14:23:31.237+0000] {spark_submit.py:634} INFO - at org.apache.spark.rdd.RDD.$anonfun$mapPartitionsInternal$2$adapted(RDD.scala:893)
[2024-12-08T14:23:31.237+0000] {spark_submit.py:634} INFO - at org.apache.spark.rdd.MapPartitionsRDD.compute(MapPartitionsRDD.scala:52)
[2024-12-08T14:23:31.237+0000] {spark_submit.py:634} INFO - at org.apache.spark.rdd.RDD.computeOrReadCheckpoint(RDD.scala:367)
[2024-12-08T14:23:31.237+0000] {spark_submit.py:634} INFO - at org.apache.spark.rdd.RDD.iterator(RDD.scala:331)
[2024-12-08T14:23:31.239+0000] {spark_submit.py:634} INFO - at org.apache.spark.scheduler.ResultTask.runTask(ResultTask.scala:93)
[2024-12-08T14:23:31.239+0000] {spark_submit.py:634} INFO - at org.apache.spark.TaskContext.runTaskWithListeners(TaskContext.scala:166)
[2024-12-08T14:23:31.240+0000] {spark_submit.py:634} INFO - at org.apache.spark.scheduler.Task.run(Task.scala:141)
[2024-12-08T14:23:31.241+0000] {spark_submit.py:634} INFO - at org.apache.spark.executor.Executor$TaskRunner.$anonfun$run$4(Executor.scala:620)
[2024-12-08T14:23:31.241+0000] {spark_submit.py:634} INFO - at org.apache.spark.util.SparkErrorUtils.tryWithSafeFinally(SparkErrorUtils.scala:64)
[2024-12-08T14:23:31.241+0000] {spark_submit.py:634} INFO - at org.apache.spark.util.SparkErrorUtils.tryWithSafeFinally$(SparkErrorUtils.scala:61)
[2024-12-08T14:23:31.241+0000] {spark_submit.py:634} INFO - at org.apache.spark.util.Utils$.tryWithSafeFinally(Utils.scala:94)
[2024-12-08T14:23:31.241+0000] {spark_submit.py:634} INFO - at org.apache.spark.executor.Executor$TaskRunner.run(Executor.scala:623)
[2024-12-08T14:23:31.241+0000] {spark_submit.py:634} INFO - at java.base/java.util.concurrent.ThreadPoolExecutor.runWorker(ThreadPoolExecutor.java:1136)
[2024-12-08T14:23:31.241+0000] {spark_submit.py:634} INFO - at java.base/java.util.concurrent.ThreadPoolExecutor$Worker.run(ThreadPoolExecutor.java:635)
[2024-12-08T14:23:31.241+0000] {spark_submit.py:634} INFO - ... 1 more
[2024-12-08T14:23:31.242+0000] {spark_submit.py:634} INFO - 
[2024-12-08T14:23:31.287+0000] {spark_submit.py:634} INFO - 24/12/08 14:23:31 INFO SparkContext: Invoking stop() from shutdown hook
[2024-12-08T14:23:31.288+0000] {spark_submit.py:634} INFO - 24/12/08 14:23:31 INFO SparkContext: SparkContext is stopping with exitCode 0.
[2024-12-08T14:23:31.298+0000] {spark_submit.py:634} INFO - 24/12/08 14:23:31 INFO SparkUI: Stopped Spark web UI at http://2a892a3469ec:4040
[2024-12-08T14:23:31.300+0000] {spark_submit.py:634} INFO - 24/12/08 14:23:31 INFO StandaloneSchedulerBackend: Shutting down all executors
[2024-12-08T14:23:31.301+0000] {spark_submit.py:634} INFO - 24/12/08 14:23:31 INFO StandaloneSchedulerBackend$StandaloneDriverEndpoint: Asking each executor to shut down
[2024-12-08T14:23:31.319+0000] {spark_submit.py:634} INFO - 24/12/08 14:23:31 INFO MapOutputTrackerMasterEndpoint: MapOutputTrackerMasterEndpoint stopped!
[2024-12-08T14:23:31.341+0000] {spark_submit.py:634} INFO - 24/12/08 14:23:31 INFO MemoryStore: MemoryStore cleared
[2024-12-08T14:23:31.343+0000] {spark_submit.py:634} INFO - 24/12/08 14:23:31 INFO BlockManager: BlockManager stopped
[2024-12-08T14:23:31.345+0000] {spark_submit.py:634} INFO - 24/12/08 14:23:31 INFO BlockManagerMaster: BlockManagerMaster stopped
[2024-12-08T14:23:31.347+0000] {spark_submit.py:634} INFO - 24/12/08 14:23:31 INFO OutputCommitCoordinator$OutputCommitCoordinatorEndpoint: OutputCommitCoordinator stopped!
[2024-12-08T14:23:31.358+0000] {spark_submit.py:634} INFO - 24/12/08 14:23:31 INFO SparkContext: Successfully stopped SparkContext
[2024-12-08T14:23:31.361+0000] {spark_submit.py:634} INFO - 24/12/08 14:23:31 INFO ShutdownHookManager: Shutdown hook called
[2024-12-08T14:23:31.361+0000] {spark_submit.py:634} INFO - 24/12/08 14:23:31 INFO ShutdownHookManager: Deleting directory /tmp/spark-28cd6641-bbed-40b2-bc08-950b85f9484c/pyspark-443b50db-cb12-4ef0-897f-f6b96ebc890c
[2024-12-08T14:23:31.363+0000] {spark_submit.py:634} INFO - 24/12/08 14:23:31 INFO ShutdownHookManager: Deleting directory /tmp/spark-d150ac31-aae2-4c99-91d5-7945e11ff36c
[2024-12-08T14:23:31.366+0000] {spark_submit.py:634} INFO - 24/12/08 14:23:31 INFO ShutdownHookManager: Deleting directory /tmp/spark-28cd6641-bbed-40b2-bc08-950b85f9484c
[2024-12-08T14:23:31.436+0000] {taskinstance.py:3311} ERROR - Task failed with exception
Traceback (most recent call last):
  File "/home/airflow/.local/lib/python3.12/site-packages/airflow/models/taskinstance.py", line 767, in _execute_task
    result = _execute_callable(context=context, **execute_callable_kwargs)
             ^^^^^^^^^^^^^^^^^^^^^^^^^^^^^^^^^^^^^^^^^^^^^^^^^^^^^^^^^^^^^
  File "/home/airflow/.local/lib/python3.12/site-packages/airflow/models/taskinstance.py", line 733, in _execute_callable
    return ExecutionCallableRunner(
           ^^^^^^^^^^^^^^^^^^^^^^^^
  File "/home/airflow/.local/lib/python3.12/site-packages/airflow/utils/operator_helpers.py", line 252, in run
    return self.func(*args, **kwargs)
           ^^^^^^^^^^^^^^^^^^^^^^^^^^
  File "/home/airflow/.local/lib/python3.12/site-packages/airflow/models/baseoperator.py", line 417, in wrapper
    return func(self, *args, **kwargs)
           ^^^^^^^^^^^^^^^^^^^^^^^^^^^
  File "/home/airflow/.local/lib/python3.12/site-packages/airflow/providers/apache/spark/operators/spark_submit.py", line 176, in execute
    self._hook.submit(self.application)
  File "/home/airflow/.local/lib/python3.12/site-packages/airflow/providers/apache/spark/hooks/spark_submit.py", line 560, in submit
    raise AirflowException(
airflow.exceptions.AirflowException: Cannot execute: spark-submit --master spark://sparkingflow-spark-master-1:7077 --name arrow-spark --deploy-mode client jobs/python/wordcountjob.py. Error code is: 1.
[2024-12-08T14:23:31.443+0000] {taskinstance.py:1225} INFO - Marking task as FAILED. dag_id=sparking_flow, task_id=python_job, run_id=manual__2024-12-08T14:23:13.429923+00:00, execution_date=20241208T142313, start_date=20241208T142314, end_date=20241208T142331
[2024-12-08T14:23:31.457+0000] {taskinstance.py:340} INFO - ::group::Post task execution logs
[2024-12-08T14:23:31.458+0000] {standard_task_runner.py:124} ERROR - Failed to execute job 160 for task python_job (Cannot execute: spark-submit --master spark://sparkingflow-spark-master-1:7077 --name arrow-spark --deploy-mode client jobs/python/wordcountjob.py. Error code is: 1.; 550)
Traceback (most recent call last):
  File "/home/airflow/.local/lib/python3.12/site-packages/airflow/task/task_runner/standard_task_runner.py", line 117, in _start_by_fork
    ret = args.func(args, dag=self.dag)
          ^^^^^^^^^^^^^^^^^^^^^^^^^^^^^
  File "/home/airflow/.local/lib/python3.12/site-packages/airflow/cli/cli_config.py", line 49, in command
    return func(*args, **kwargs)
           ^^^^^^^^^^^^^^^^^^^^^
  File "/home/airflow/.local/lib/python3.12/site-packages/airflow/utils/cli.py", line 116, in wrapper
    return f(*args, **kwargs)
           ^^^^^^^^^^^^^^^^^^
  File "/home/airflow/.local/lib/python3.12/site-packages/airflow/cli/commands/task_command.py", line 483, in task_run
    task_return_code = _run_task_by_selected_method(args, _dag, ti)
                       ^^^^^^^^^^^^^^^^^^^^^^^^^^^^^^^^^^^^^^^^^^^^
  File "/home/airflow/.local/lib/python3.12/site-packages/airflow/cli/commands/task_command.py", line 256, in _run_task_by_selected_method
    return _run_raw_task(args, ti)
           ^^^^^^^^^^^^^^^^^^^^^^^
  File "/home/airflow/.local/lib/python3.12/site-packages/airflow/cli/commands/task_command.py", line 341, in _run_raw_task
    return ti._run_raw_task(
           ^^^^^^^^^^^^^^^^^
  File "/home/airflow/.local/lib/python3.12/site-packages/airflow/utils/session.py", line 97, in wrapper
    return func(*args, session=session, **kwargs)
           ^^^^^^^^^^^^^^^^^^^^^^^^^^^^^^^^^^^^^^
  File "/home/airflow/.local/lib/python3.12/site-packages/airflow/models/taskinstance.py", line 3005, in _run_raw_task
    return _run_raw_task(
           ^^^^^^^^^^^^^^
  File "/home/airflow/.local/lib/python3.12/site-packages/airflow/models/taskinstance.py", line 273, in _run_raw_task
    TaskInstance._execute_task_with_callbacks(
  File "/home/airflow/.local/lib/python3.12/site-packages/airflow/models/taskinstance.py", line 3159, in _execute_task_with_callbacks
    result = self._execute_task(context, task_orig)
             ^^^^^^^^^^^^^^^^^^^^^^^^^^^^^^^^^^^^^^
  File "/home/airflow/.local/lib/python3.12/site-packages/airflow/models/taskinstance.py", line 3183, in _execute_task
    return _execute_task(self, context, task_orig)
           ^^^^^^^^^^^^^^^^^^^^^^^^^^^^^^^^^^^^^^^
  File "/home/airflow/.local/lib/python3.12/site-packages/airflow/models/taskinstance.py", line 767, in _execute_task
    result = _execute_callable(context=context, **execute_callable_kwargs)
             ^^^^^^^^^^^^^^^^^^^^^^^^^^^^^^^^^^^^^^^^^^^^^^^^^^^^^^^^^^^^^
  File "/home/airflow/.local/lib/python3.12/site-packages/airflow/models/taskinstance.py", line 733, in _execute_callable
    return ExecutionCallableRunner(
           ^^^^^^^^^^^^^^^^^^^^^^^^
  File "/home/airflow/.local/lib/python3.12/site-packages/airflow/utils/operator_helpers.py", line 252, in run
    return self.func(*args, **kwargs)
           ^^^^^^^^^^^^^^^^^^^^^^^^^^
  File "/home/airflow/.local/lib/python3.12/site-packages/airflow/models/baseoperator.py", line 417, in wrapper
    return func(self, *args, **kwargs)
           ^^^^^^^^^^^^^^^^^^^^^^^^^^^
  File "/home/airflow/.local/lib/python3.12/site-packages/airflow/providers/apache/spark/operators/spark_submit.py", line 176, in execute
    self._hook.submit(self.application)
  File "/home/airflow/.local/lib/python3.12/site-packages/airflow/providers/apache/spark/hooks/spark_submit.py", line 560, in submit
    raise AirflowException(
airflow.exceptions.AirflowException: Cannot execute: spark-submit --master spark://sparkingflow-spark-master-1:7077 --name arrow-spark --deploy-mode client jobs/python/wordcountjob.py. Error code is: 1.
[2024-12-08T14:23:31.499+0000] {local_task_job_runner.py:266} INFO - Task exited with return code 1
[2024-12-08T14:23:31.524+0000] {taskinstance.py:3895} INFO - 0 downstream tasks scheduled from follow-on schedule check
[2024-12-08T14:23:31.527+0000] {local_task_job_runner.py:245} INFO - ::endgroup::
