[2024-12-09T10:53:32.963+0000] {local_task_job_runner.py:123} INFO - ::group::Pre task execution logs
[2024-12-09T10:53:32.988+0000] {taskinstance.py:2613} INFO - Dependencies all met for dep_context=non-requeueable deps ti=<TaskInstance: sparking_flow.scala_job manual__2024-12-09T10:53:31.152312+00:00 [queued]>
[2024-12-09T10:53:32.999+0000] {taskinstance.py:2613} INFO - Dependencies all met for dep_context=requeueable deps ti=<TaskInstance: sparking_flow.scala_job manual__2024-12-09T10:53:31.152312+00:00 [queued]>
[2024-12-09T10:53:33.003+0000] {taskinstance.py:2866} INFO - Starting attempt 1 of 1
[2024-12-09T10:53:33.018+0000] {taskinstance.py:2889} INFO - Executing <Task(SparkSubmitOperator): scala_job> on 2024-12-09 10:53:31.152312+00:00
[2024-12-09T10:53:33.025+0000] {logging_mixin.py:190} WARNING - /home/***/.local/lib/python3.12/site-packages/***/task/task_runner/standard_task_runner.py:70 DeprecationWarning: This process (pid=185) is multi-threaded, use of fork() may lead to deadlocks in the child.
[2024-12-09T10:53:33.024+0000] {standard_task_runner.py:104} INFO - Running: ['***', 'tasks', 'run', 'sparking_flow', 'scala_job', 'manual__2024-12-09T10:53:31.152312+00:00', '--job-id', '339', '--raw', '--subdir', 'DAGS_FOLDER/spark_***.py', '--cfg-path', '/tmp/tmp32efwg64']
[2024-12-09T10:53:33.027+0000] {standard_task_runner.py:105} INFO - Job 339: Subtask scala_job
[2024-12-09T10:53:33.027+0000] {standard_task_runner.py:72} INFO - Started process 188 to run task
[2024-12-09T10:53:33.085+0000] {task_command.py:467} INFO - Running <TaskInstance: sparking_flow.scala_job manual__2024-12-09T10:53:31.152312+00:00 [running]> on host 2a892a3469ec
[2024-12-09T10:53:33.172+0000] {taskinstance.py:3132} INFO - Exporting env vars: AIRFLOW_CTX_DAG_OWNER='Yusuf Ganiyu' AIRFLOW_CTX_DAG_ID='sparking_flow' AIRFLOW_CTX_TASK_ID='scala_job' AIRFLOW_CTX_EXECUTION_DATE='2024-12-09T10:53:31.152312+00:00' AIRFLOW_CTX_TRY_NUMBER='1' AIRFLOW_CTX_DAG_RUN_ID='manual__2024-12-09T10:53:31.152312+00:00'
[2024-12-09T10:53:33.174+0000] {taskinstance.py:731} INFO - ::endgroup::
[2024-12-09T10:53:33.195+0000] {base.py:84} INFO - Retrieving connection 'spark-conn'
[2024-12-09T10:53:33.196+0000] {spark_submit.py:473} INFO - Spark-Submit cmd: spark-submit --master spark://sparkingflow-spark-master-1:7077 --name arrow-spark --deploy-mode client jobs/scala/target/scala-2.12/word-count_2.12-0.1.jar
[2024-12-09T10:53:36.175+0000] {spark_submit.py:634} INFO - 24/12/09 10:53:36 WARN NativeCodeLoader: Unable to load native-hadoop library for your platform... using builtin-java classes where applicable
[2024-12-09T10:53:36.480+0000] {spark_submit.py:634} INFO - 24/12/09 10:53:36 INFO SparkContext: Running Spark version 3.5.3
[2024-12-09T10:53:36.481+0000] {spark_submit.py:634} INFO - 24/12/09 10:53:36 INFO SparkContext: OS info Linux, 6.10.14-linuxkit, aarch64
[2024-12-09T10:53:36.482+0000] {spark_submit.py:634} INFO - 24/12/09 10:53:36 INFO SparkContext: Java version 17.0.13
[2024-12-09T10:53:36.522+0000] {spark_submit.py:634} INFO - 24/12/09 10:53:36 INFO ResourceUtils: ==============================================================
[2024-12-09T10:53:36.523+0000] {spark_submit.py:634} INFO - 24/12/09 10:53:36 INFO ResourceUtils: No custom resources configured for spark.driver.
[2024-12-09T10:53:36.524+0000] {spark_submit.py:634} INFO - 24/12/09 10:53:36 INFO ResourceUtils: ==============================================================
[2024-12-09T10:53:36.524+0000] {spark_submit.py:634} INFO - 24/12/09 10:53:36 INFO SparkContext: Submitted application: Word Count
[2024-12-09T10:53:36.561+0000] {spark_submit.py:634} INFO - 24/12/09 10:53:36 INFO ResourceProfile: Default ResourceProfile created, executor resources: Map(memory -> name: memory, amount: 1024, script: , vendor: , offHeap -> name: offHeap, amount: 0, script: , vendor: ), task resources: Map(cpus -> name: cpus, amount: 1.0)
[2024-12-09T10:53:36.570+0000] {spark_submit.py:634} INFO - 24/12/09 10:53:36 INFO ResourceProfile: Limiting resource is cpu
[2024-12-09T10:53:36.571+0000] {spark_submit.py:634} INFO - 24/12/09 10:53:36 INFO ResourceProfileManager: Added ResourceProfile id: 0
[2024-12-09T10:53:36.633+0000] {spark_submit.py:634} INFO - 24/12/09 10:53:36 INFO SecurityManager: Changing view acls to: ***
[2024-12-09T10:53:36.633+0000] {spark_submit.py:634} INFO - 24/12/09 10:53:36 INFO SecurityManager: Changing modify acls to: ***
[2024-12-09T10:53:36.634+0000] {spark_submit.py:634} INFO - 24/12/09 10:53:36 INFO SecurityManager: Changing view acls groups to:
[2024-12-09T10:53:36.635+0000] {spark_submit.py:634} INFO - 24/12/09 10:53:36 INFO SecurityManager: Changing modify acls groups to:
[2024-12-09T10:53:36.636+0000] {spark_submit.py:634} INFO - 24/12/09 10:53:36 INFO SecurityManager: SecurityManager: authentication disabled; ui acls disabled; users with view permissions: ***; groups with view permissions: EMPTY; users with modify permissions: ***; groups with modify permissions: EMPTY
[2024-12-09T10:53:36.914+0000] {spark_submit.py:634} INFO - 24/12/09 10:53:36 INFO Utils: Successfully started service 'sparkDriver' on port 42393.
[2024-12-09T10:53:36.948+0000] {spark_submit.py:634} INFO - 24/12/09 10:53:36 INFO SparkEnv: Registering MapOutputTracker
[2024-12-09T10:53:36.991+0000] {spark_submit.py:634} INFO - 24/12/09 10:53:36 INFO SparkEnv: Registering BlockManagerMaster
[2024-12-09T10:53:37.010+0000] {spark_submit.py:634} INFO - 24/12/09 10:53:37 INFO BlockManagerMasterEndpoint: Using org.apache.spark.storage.DefaultTopologyMapper for getting topology information
[2024-12-09T10:53:37.011+0000] {spark_submit.py:634} INFO - 24/12/09 10:53:37 INFO BlockManagerMasterEndpoint: BlockManagerMasterEndpoint up
[2024-12-09T10:53:37.015+0000] {spark_submit.py:634} INFO - 24/12/09 10:53:37 INFO SparkEnv: Registering BlockManagerMasterHeartbeat
[2024-12-09T10:53:37.039+0000] {spark_submit.py:634} INFO - 24/12/09 10:53:37 INFO DiskBlockManager: Created local directory at /tmp/blockmgr-76c2ca4f-31f5-41fd-9f0f-528f138daea3
[2024-12-09T10:53:37.052+0000] {spark_submit.py:634} INFO - 24/12/09 10:53:37 INFO MemoryStore: MemoryStore started with capacity 434.4 MiB
[2024-12-09T10:53:37.070+0000] {spark_submit.py:634} INFO - 24/12/09 10:53:37 INFO SparkEnv: Registering OutputCommitCoordinator
[2024-12-09T10:53:37.240+0000] {spark_submit.py:634} INFO - 24/12/09 10:53:37 INFO JettyUtils: Start Jetty 0.0.0.0:4040 for SparkUI
[2024-12-09T10:53:37.318+0000] {spark_submit.py:634} INFO - 24/12/09 10:53:37 WARN Utils: Service 'SparkUI' could not bind on port 4040. Attempting port 4041.
[2024-12-09T10:53:37.333+0000] {spark_submit.py:634} INFO - 24/12/09 10:53:37 INFO Utils: Successfully started service 'SparkUI' on port 4041.
[2024-12-09T10:53:37.387+0000] {spark_submit.py:634} INFO - 24/12/09 10:53:37 INFO SparkContext: Added JAR file:/opt/***/jobs/scala/target/scala-2.12/word-count_2.12-0.1.jar at spark://2a892a3469ec:42393/jars/word-count_2.12-0.1.jar with timestamp 1733741616465
[2024-12-09T10:53:37.542+0000] {spark_submit.py:634} INFO - 24/12/09 10:53:37 INFO StandaloneAppClient$ClientEndpoint: Connecting to master spark://spark-master:7077...
[2024-12-09T10:53:37.618+0000] {spark_submit.py:634} INFO - 24/12/09 10:53:37 INFO TransportClientFactory: Successfully created connection to spark-master/172.18.0.5:7077 after 38 ms (0 ms spent in bootstraps)
[2024-12-09T10:53:37.972+0000] {spark_submit.py:634} INFO - 24/12/09 10:53:37 INFO StandaloneSchedulerBackend: Connected to Spark cluster with app ID app-20241209105337-0000
[2024-12-09T10:53:37.990+0000] {spark_submit.py:634} INFO - 24/12/09 10:53:37 INFO Utils: Successfully started service 'org.apache.spark.network.netty.NettyBlockTransferService' on port 45391.
[2024-12-09T10:53:37.993+0000] {spark_submit.py:634} INFO - 24/12/09 10:53:37 INFO NettyBlockTransferService: Server created on 2a892a3469ec:45391
[2024-12-09T10:53:37.994+0000] {spark_submit.py:634} INFO - 24/12/09 10:53:37 INFO BlockManager: Using org.apache.spark.storage.RandomBlockReplicationPolicy for block replication policy
[2024-12-09T10:53:38.010+0000] {spark_submit.py:634} INFO - 24/12/09 10:53:38 INFO BlockManagerMaster: Registering BlockManager BlockManagerId(driver, 2a892a3469ec, 45391, None)
[2024-12-09T10:53:38.023+0000] {spark_submit.py:634} INFO - 24/12/09 10:53:38 INFO BlockManagerMasterEndpoint: Registering block manager 2a892a3469ec:45391 with 434.4 MiB RAM, BlockManagerId(driver, 2a892a3469ec, 45391, None)
[2024-12-09T10:53:38.024+0000] {spark_submit.py:634} INFO - 24/12/09 10:53:38 INFO StandaloneAppClient$ClientEndpoint: Executor added: app-20241209105337-0000/0 on worker-20241209105316-172.18.0.7-39821 (172.18.0.7:39821) with 2 core(s)
[2024-12-09T10:53:38.027+0000] {spark_submit.py:634} INFO - 24/12/09 10:53:38 INFO BlockManagerMaster: Registered BlockManager BlockManagerId(driver, 2a892a3469ec, 45391, None)
[2024-12-09T10:53:38.028+0000] {spark_submit.py:634} INFO - 24/12/09 10:53:38 INFO StandaloneSchedulerBackend: Granted executor ID app-20241209105337-0000/0 on hostPort 172.18.0.7:39821 with 2 core(s), 1024.0 MiB RAM
[2024-12-09T10:53:38.030+0000] {spark_submit.py:634} INFO - 24/12/09 10:53:38 INFO BlockManager: Initialized BlockManager: BlockManagerId(driver, 2a892a3469ec, 45391, None)
[2024-12-09T10:53:38.396+0000] {spark_submit.py:634} INFO - 24/12/09 10:53:38 INFO StandaloneAppClient$ClientEndpoint: Executor updated: app-20241209105337-0000/0 is now RUNNING
[2024-12-09T10:53:38.436+0000] {spark_submit.py:634} INFO - 24/12/09 10:53:38 INFO StandaloneSchedulerBackend: SchedulerBackend is ready for scheduling beginning after reached minRegisteredResourcesRatio: 0.0
[2024-12-09T10:53:39.097+0000] {spark_submit.py:634} INFO - 24/12/09 10:53:39 INFO SparkContext: Starting job: collect at wordcount.scala:14
[2024-12-09T10:53:39.484+0000] {spark_submit.py:634} INFO - 24/12/09 10:53:39 INFO DAGScheduler: Registering RDD 2 (map at wordcount.scala:11) as input to shuffle 0
[2024-12-09T10:53:39.490+0000] {spark_submit.py:634} INFO - 24/12/09 10:53:39 INFO DAGScheduler: Got job 0 (collect at wordcount.scala:14) with 2 output partitions
[2024-12-09T10:53:39.490+0000] {spark_submit.py:634} INFO - 24/12/09 10:53:39 INFO DAGScheduler: Final stage: ResultStage 1 (collect at wordcount.scala:14)
[2024-12-09T10:53:39.491+0000] {spark_submit.py:634} INFO - 24/12/09 10:53:39 INFO DAGScheduler: Parents of final stage: List(ShuffleMapStage 0)
[2024-12-09T10:53:39.492+0000] {spark_submit.py:634} INFO - 24/12/09 10:53:39 INFO DAGScheduler: Missing parents: List(ShuffleMapStage 0)
[2024-12-09T10:53:39.498+0000] {spark_submit.py:634} INFO - 24/12/09 10:53:39 INFO DAGScheduler: Submitting ShuffleMapStage 0 (MapPartitionsRDD[2] at map at wordcount.scala:11), which has no missing parents
[2024-12-09T10:53:39.616+0000] {spark_submit.py:634} INFO - 24/12/09 10:53:39 INFO MemoryStore: Block broadcast_0 stored as values in memory (estimated size 5.5 KiB, free 434.4 MiB)
[2024-12-09T10:53:39.654+0000] {spark_submit.py:634} INFO - 24/12/09 10:53:39 INFO MemoryStore: Block broadcast_0_piece0 stored as bytes in memory (estimated size 3.2 KiB, free 434.4 MiB)
[2024-12-09T10:53:39.657+0000] {spark_submit.py:634} INFO - 24/12/09 10:53:39 INFO BlockManagerInfo: Added broadcast_0_piece0 in memory on 2a892a3469ec:45391 (size: 3.2 KiB, free: 434.4 MiB)
[2024-12-09T10:53:39.664+0000] {spark_submit.py:634} INFO - 24/12/09 10:53:39 INFO SparkContext: Created broadcast 0 from broadcast at DAGScheduler.scala:1585
[2024-12-09T10:53:39.693+0000] {spark_submit.py:634} INFO - 24/12/09 10:53:39 INFO DAGScheduler: Submitting 2 missing tasks from ShuffleMapStage 0 (MapPartitionsRDD[2] at map at wordcount.scala:11) (first 15 tasks are for partitions Vector(0, 1))
[2024-12-09T10:53:39.695+0000] {spark_submit.py:634} INFO - 24/12/09 10:53:39 INFO TaskSchedulerImpl: Adding task set 0.0 with 2 tasks resource profile 0
[2024-12-09T10:53:40.850+0000] {spark_submit.py:634} INFO - 24/12/09 10:53:40 INFO StandaloneSchedulerBackend$StandaloneDriverEndpoint: Registered executor NettyRpcEndpointRef(spark-client://Executor) (172.18.0.7:59958) with ID 0,  ResourceProfileId 0
[2024-12-09T10:53:40.898+0000] {spark_submit.py:634} INFO - 24/12/09 10:53:40 INFO BlockManagerMasterEndpoint: Registering block manager 172.18.0.7:40651 with 434.4 MiB RAM, BlockManagerId(0, 172.18.0.7, 40651, None)
[2024-12-09T10:53:41.035+0000] {spark_submit.py:634} INFO - 24/12/09 10:53:41 INFO TaskSetManager: Starting task 0.0 in stage 0.0 (TID 0) (172.18.0.7, executor 0, partition 0, PROCESS_LOCAL, 9198 bytes)
[2024-12-09T10:53:41.040+0000] {spark_submit.py:634} INFO - 24/12/09 10:53:41 INFO TaskSetManager: Starting task 1.0 in stage 0.0 (TID 1) (172.18.0.7, executor 0, partition 1, PROCESS_LOCAL, 9213 bytes)
[2024-12-09T10:53:41.381+0000] {spark_submit.py:634} INFO - 24/12/09 10:53:41 INFO BlockManagerInfo: Added broadcast_0_piece0 in memory on 172.18.0.7:40651 (size: 3.2 KiB, free: 434.4 MiB)
[2024-12-09T10:53:41.988+0000] {spark_submit.py:634} INFO - 24/12/09 10:53:41 INFO TaskSetManager: Finished task 0.0 in stage 0.0 (TID 0) in 969 ms on 172.18.0.7 (executor 0) (1/2)
[2024-12-09T10:53:41.989+0000] {spark_submit.py:634} INFO - 24/12/09 10:53:41 INFO TaskSetManager: Finished task 1.0 in stage 0.0 (TID 1) in 950 ms on 172.18.0.7 (executor 0) (2/2)
[2024-12-09T10:53:41.990+0000] {spark_submit.py:634} INFO - 24/12/09 10:53:41 INFO TaskSchedulerImpl: Removed TaskSet 0.0, whose tasks have all completed, from pool
[2024-12-09T10:53:41.996+0000] {spark_submit.py:634} INFO - 24/12/09 10:53:41 INFO DAGScheduler: ShuffleMapStage 0 (map at wordcount.scala:11) finished in 2.472 s
[2024-12-09T10:53:41.996+0000] {spark_submit.py:634} INFO - 24/12/09 10:53:41 INFO DAGScheduler: looking for newly runnable stages
[2024-12-09T10:53:41.996+0000] {spark_submit.py:634} INFO - 24/12/09 10:53:41 INFO DAGScheduler: running: Set()
[2024-12-09T10:53:41.997+0000] {spark_submit.py:634} INFO - 24/12/09 10:53:41 INFO DAGScheduler: waiting: Set(ResultStage 1)
[2024-12-09T10:53:41.997+0000] {spark_submit.py:634} INFO - 24/12/09 10:53:41 INFO DAGScheduler: failed: Set()
[2024-12-09T10:53:41.999+0000] {spark_submit.py:634} INFO - 24/12/09 10:53:41 INFO DAGScheduler: Submitting ResultStage 1 (ShuffledRDD[3] at reduceByKey at wordcount.scala:12), which has no missing parents
[2024-12-09T10:53:42.007+0000] {spark_submit.py:634} INFO - 24/12/09 10:53:42 INFO MemoryStore: Block broadcast_1 stored as values in memory (estimated size 5.2 KiB, free 434.4 MiB)
[2024-12-09T10:53:42.008+0000] {spark_submit.py:634} INFO - 24/12/09 10:53:42 INFO MemoryStore: Block broadcast_1_piece0 stored as bytes in memory (estimated size 3.1 KiB, free 434.4 MiB)
[2024-12-09T10:53:42.009+0000] {spark_submit.py:634} INFO - 24/12/09 10:53:42 INFO BlockManagerInfo: Added broadcast_1_piece0 in memory on 2a892a3469ec:45391 (size: 3.1 KiB, free: 434.4 MiB)
[2024-12-09T10:53:42.009+0000] {spark_submit.py:634} INFO - 24/12/09 10:53:42 INFO SparkContext: Created broadcast 1 from broadcast at DAGScheduler.scala:1585
[2024-12-09T10:53:42.011+0000] {spark_submit.py:634} INFO - 24/12/09 10:53:42 INFO DAGScheduler: Submitting 2 missing tasks from ResultStage 1 (ShuffledRDD[3] at reduceByKey at wordcount.scala:12) (first 15 tasks are for partitions Vector(0, 1))
[2024-12-09T10:53:42.011+0000] {spark_submit.py:634} INFO - 24/12/09 10:53:42 INFO TaskSchedulerImpl: Adding task set 1.0 with 2 tasks resource profile 0
[2024-12-09T10:53:42.016+0000] {spark_submit.py:634} INFO - 24/12/09 10:53:42 INFO TaskSetManager: Starting task 0.0 in stage 1.0 (TID 2) (172.18.0.7, executor 0, partition 0, NODE_LOCAL, 9003 bytes)
[2024-12-09T10:53:42.017+0000] {spark_submit.py:634} INFO - 24/12/09 10:53:42 INFO TaskSetManager: Starting task 1.0 in stage 1.0 (TID 3) (172.18.0.7, executor 0, partition 1, NODE_LOCAL, 9003 bytes)
[2024-12-09T10:53:42.037+0000] {spark_submit.py:634} INFO - 24/12/09 10:53:42 INFO BlockManagerInfo: Added broadcast_1_piece0 in memory on 172.18.0.7:40651 (size: 3.1 KiB, free: 434.4 MiB)
[2024-12-09T10:53:42.085+0000] {spark_submit.py:634} INFO - 24/12/09 10:53:42 INFO MapOutputTrackerMasterEndpoint: Asked to send map output locations for shuffle 0 to 172.18.0.7:59958
[2024-12-09T10:53:42.183+0000] {spark_submit.py:634} INFO - 24/12/09 10:53:42 INFO TaskSetManager: Finished task 0.0 in stage 1.0 (TID 2) in 168 ms on 172.18.0.7 (executor 0) (1/2)
[2024-12-09T10:53:42.183+0000] {spark_submit.py:634} INFO - 24/12/09 10:53:42 INFO TaskSetManager: Finished task 1.0 in stage 1.0 (TID 3) in 167 ms on 172.18.0.7 (executor 0) (2/2)
[2024-12-09T10:53:42.184+0000] {spark_submit.py:634} INFO - 24/12/09 10:53:42 INFO TaskSchedulerImpl: Removed TaskSet 1.0, whose tasks have all completed, from pool
[2024-12-09T10:53:42.185+0000] {spark_submit.py:634} INFO - 24/12/09 10:53:42 INFO DAGScheduler: ResultStage 1 (collect at wordcount.scala:14) finished in 0.180 s
[2024-12-09T10:53:42.187+0000] {spark_submit.py:634} INFO - 24/12/09 10:53:42 INFO DAGScheduler: Job 0 is finished. Cancelling potential speculative or zombie tasks for this job
[2024-12-09T10:53:42.188+0000] {spark_submit.py:634} INFO - 24/12/09 10:53:42 INFO TaskSchedulerImpl: Killing all running tasks in stage 1: Stage finished
[2024-12-09T10:53:42.189+0000] {spark_submit.py:634} INFO - 24/12/09 10:53:42 INFO DAGScheduler: Job 0 finished: collect at wordcount.scala:14, took 3.091241 s
[2024-12-09T10:53:42.192+0000] {spark_submit.py:634} INFO - (Hello,5)
[2024-12-09T10:53:42.193+0000] {spark_submit.py:634} INFO - (Yusuf,1)
[2024-12-09T10:53:42.193+0000] {spark_submit.py:634} INFO - (World,1)
[2024-12-09T10:53:42.193+0000] {spark_submit.py:634} INFO - (Scala,1)
[2024-12-09T10:53:42.194+0000] {spark_submit.py:634} INFO - (Docker,1)
[2024-12-09T10:53:42.194+0000] {spark_submit.py:634} INFO - (spark,1)
[2024-12-09T10:53:42.194+0000] {spark_submit.py:634} INFO - 24/12/09 10:53:42 INFO SparkContext: SparkContext is stopping with exitCode 0.
[2024-12-09T10:53:42.200+0000] {spark_submit.py:634} INFO - 24/12/09 10:53:42 INFO SparkUI: Stopped Spark web UI at http://2a892a3469ec:4041
[2024-12-09T10:53:42.202+0000] {spark_submit.py:634} INFO - 24/12/09 10:53:42 INFO StandaloneSchedulerBackend: Shutting down all executors
[2024-12-09T10:53:42.203+0000] {spark_submit.py:634} INFO - 24/12/09 10:53:42 INFO StandaloneSchedulerBackend$StandaloneDriverEndpoint: Asking each executor to shut down
[2024-12-09T10:53:42.219+0000] {spark_submit.py:634} INFO - 24/12/09 10:53:42 INFO MapOutputTrackerMasterEndpoint: MapOutputTrackerMasterEndpoint stopped!
[2024-12-09T10:53:42.240+0000] {spark_submit.py:634} INFO - 24/12/09 10:53:42 INFO MemoryStore: MemoryStore cleared
[2024-12-09T10:53:42.240+0000] {spark_submit.py:634} INFO - 24/12/09 10:53:42 INFO BlockManager: BlockManager stopped
[2024-12-09T10:53:42.248+0000] {spark_submit.py:634} INFO - 24/12/09 10:53:42 INFO BlockManagerMaster: BlockManagerMaster stopped
[2024-12-09T10:53:42.251+0000] {spark_submit.py:634} INFO - 24/12/09 10:53:42 INFO OutputCommitCoordinator$OutputCommitCoordinatorEndpoint: OutputCommitCoordinator stopped!
[2024-12-09T10:53:42.280+0000] {spark_submit.py:634} INFO - 24/12/09 10:53:42 INFO SparkContext: Successfully stopped SparkContext
[2024-12-09T10:53:42.285+0000] {spark_submit.py:634} INFO - 24/12/09 10:53:42 INFO ShutdownHookManager: Shutdown hook called
[2024-12-09T10:53:42.286+0000] {spark_submit.py:634} INFO - 24/12/09 10:53:42 INFO ShutdownHookManager: Deleting directory /tmp/spark-d5c75e7d-b3bd-4ce7-a0a0-196866c17d4d
[2024-12-09T10:53:42.292+0000] {spark_submit.py:634} INFO - 24/12/09 10:53:42 INFO ShutdownHookManager: Deleting directory /tmp/spark-15359ee6-f218-4e29-bfdd-bce120395afb
[2024-12-09T10:53:42.369+0000] {taskinstance.py:340} INFO - ::group::Post task execution logs
[2024-12-09T10:53:42.371+0000] {taskinstance.py:352} INFO - Marking task as SUCCESS. dag_id=sparking_flow, task_id=scala_job, run_id=manual__2024-12-09T10:53:31.152312+00:00, execution_date=20241209T105331, start_date=20241209T105332, end_date=20241209T105342
[2024-12-09T10:53:42.457+0000] {local_task_job_runner.py:266} INFO - Task exited with return code 0
[2024-12-09T10:53:42.482+0000] {taskinstance.py:3895} INFO - 0 downstream tasks scheduled from follow-on schedule check
[2024-12-09T10:53:42.483+0000] {local_task_job_runner.py:245} INFO - ::endgroup::
