[2024-12-02T20:42:56.506+0000] {local_task_job_runner.py:123} INFO - ::group::Pre task execution logs
[2024-12-02T20:42:56.522+0000] {taskinstance.py:2613} INFO - Dependencies all met for dep_context=non-requeueable deps ti=<TaskInstance: sparking_flow.scala_job manual__2024-12-02T20:42:54.810406+00:00 [queued]>
[2024-12-02T20:42:56.529+0000] {taskinstance.py:2613} INFO - Dependencies all met for dep_context=requeueable deps ti=<TaskInstance: sparking_flow.scala_job manual__2024-12-02T20:42:54.810406+00:00 [queued]>
[2024-12-02T20:42:56.529+0000] {taskinstance.py:2866} INFO - Starting attempt 1 of 1
[2024-12-02T20:42:56.540+0000] {taskinstance.py:2889} INFO - Executing <Task(SparkSubmitOperator): scala_job> on 2024-12-02 20:42:54.810406+00:00
[2024-12-02T20:42:56.544+0000] {standard_task_runner.py:72} INFO - Started process 438 to run task
[2024-12-02T20:42:56.548+0000] {standard_task_runner.py:104} INFO - Running: ['***', 'tasks', 'run', 'sparking_flow', 'scala_job', 'manual__2024-12-02T20:42:54.810406+00:00', '--job-id', '20', '--raw', '--subdir', 'DAGS_FOLDER/spark_***.py', '--cfg-path', '/tmp/tmpa6h9va8e']
[2024-12-02T20:42:56.551+0000] {standard_task_runner.py:105} INFO - Job 20: Subtask scala_job
[2024-12-02T20:42:56.603+0000] {task_command.py:467} INFO - Running <TaskInstance: sparking_flow.scala_job manual__2024-12-02T20:42:54.810406+00:00 [running]> on host ad8e1458ca15
[2024-12-02T20:42:56.674+0000] {taskinstance.py:3132} INFO - Exporting env vars: AIRFLOW_CTX_DAG_OWNER='Yusuf Ganiyu' AIRFLOW_CTX_DAG_ID='sparking_flow' AIRFLOW_CTX_TASK_ID='scala_job' AIRFLOW_CTX_EXECUTION_DATE='2024-12-02T20:42:54.810406+00:00' AIRFLOW_CTX_TRY_NUMBER='1' AIRFLOW_CTX_DAG_RUN_ID='manual__2024-12-02T20:42:54.810406+00:00'
[2024-12-02T20:42:56.676+0000] {taskinstance.py:731} INFO - ::endgroup::
[2024-12-02T20:42:56.695+0000] {base.py:84} INFO - Retrieving connection 'spark-conn'
[2024-12-02T20:42:56.696+0000] {spark_submit.py:473} INFO - Spark-Submit cmd: spark-submit --master spark://spark-master-1:7077 --name arrow-spark --deploy-mode client jobs/scala/target/scala-2.12/word-count_2.12-0.1.jar
[2024-12-02T20:42:56.795+0000] {spark_submit.py:634} INFO - /home/***/.local/lib/python3.11/site-packages/pyspark/bin/load-spark-env.sh: line 68: ps: command not found
[2024-12-02T20:42:59.303+0000] {spark_submit.py:634} INFO - 24/12/02 20:42:59 WARN NativeCodeLoader: Unable to load native-hadoop library for your platform... using builtin-java classes where applicable
[2024-12-02T20:42:59.662+0000] {spark_submit.py:634} INFO - 24/12/02 20:42:59 INFO SparkContext: Running Spark version 3.5.3
[2024-12-02T20:42:59.664+0000] {spark_submit.py:634} INFO - 24/12/02 20:42:59 INFO SparkContext: OS info Linux, 6.6.31-linuxkit, aarch64
[2024-12-02T20:42:59.666+0000] {spark_submit.py:634} INFO - 24/12/02 20:42:59 INFO SparkContext: Java version 17.0.13
[2024-12-02T20:42:59.706+0000] {spark_submit.py:634} INFO - 24/12/02 20:42:59 INFO ResourceUtils: ==============================================================
[2024-12-02T20:42:59.707+0000] {spark_submit.py:634} INFO - 24/12/02 20:42:59 INFO ResourceUtils: No custom resources configured for spark.driver.
[2024-12-02T20:42:59.708+0000] {spark_submit.py:634} INFO - 24/12/02 20:42:59 INFO ResourceUtils: ==============================================================
[2024-12-02T20:42:59.708+0000] {spark_submit.py:634} INFO - 24/12/02 20:42:59 INFO SparkContext: Submitted application: Word Count
[2024-12-02T20:42:59.735+0000] {spark_submit.py:634} INFO - 24/12/02 20:42:59 INFO ResourceProfile: Default ResourceProfile created, executor resources: Map(memory -> name: memory, amount: 1024, script: , vendor: , offHeap -> name: offHeap, amount: 0, script: , vendor: ), task resources: Map(cpus -> name: cpus, amount: 1.0)
[2024-12-02T20:42:59.747+0000] {spark_submit.py:634} INFO - 24/12/02 20:42:59 INFO ResourceProfile: Limiting resource is cpu
[2024-12-02T20:42:59.748+0000] {spark_submit.py:634} INFO - 24/12/02 20:42:59 INFO ResourceProfileManager: Added ResourceProfile id: 0
[2024-12-02T20:42:59.808+0000] {spark_submit.py:634} INFO - 24/12/02 20:42:59 INFO SecurityManager: Changing view acls to: ***
[2024-12-02T20:42:59.809+0000] {spark_submit.py:634} INFO - 24/12/02 20:42:59 INFO SecurityManager: Changing modify acls to: ***
[2024-12-02T20:42:59.811+0000] {spark_submit.py:634} INFO - 24/12/02 20:42:59 INFO SecurityManager: Changing view acls groups to:
[2024-12-02T20:42:59.812+0000] {spark_submit.py:634} INFO - 24/12/02 20:42:59 INFO SecurityManager: Changing modify acls groups to:
[2024-12-02T20:42:59.812+0000] {spark_submit.py:634} INFO - 24/12/02 20:42:59 INFO SecurityManager: SecurityManager: authentication disabled; ui acls disabled; users with view permissions: ***; groups with view permissions: EMPTY; users with modify permissions: ***; groups with modify permissions: EMPTY
[2024-12-02T20:43:00.108+0000] {spark_submit.py:634} INFO - 24/12/02 20:43:00 INFO Utils: Successfully started service 'sparkDriver' on port 35023.
[2024-12-02T20:43:00.148+0000] {spark_submit.py:634} INFO - 24/12/02 20:43:00 INFO SparkEnv: Registering MapOutputTracker
[2024-12-02T20:43:00.187+0000] {spark_submit.py:634} INFO - 24/12/02 20:43:00 INFO SparkEnv: Registering BlockManagerMaster
[2024-12-02T20:43:00.203+0000] {spark_submit.py:634} INFO - 24/12/02 20:43:00 INFO BlockManagerMasterEndpoint: Using org.apache.spark.storage.DefaultTopologyMapper for getting topology information
[2024-12-02T20:43:00.204+0000] {spark_submit.py:634} INFO - 24/12/02 20:43:00 INFO BlockManagerMasterEndpoint: BlockManagerMasterEndpoint up
[2024-12-02T20:43:00.207+0000] {spark_submit.py:634} INFO - 24/12/02 20:43:00 INFO SparkEnv: Registering BlockManagerMasterHeartbeat
[2024-12-02T20:43:00.225+0000] {spark_submit.py:634} INFO - 24/12/02 20:43:00 INFO DiskBlockManager: Created local directory at /tmp/blockmgr-17db56eb-950e-4446-8c03-b4fca84df638
[2024-12-02T20:43:00.242+0000] {spark_submit.py:634} INFO - 24/12/02 20:43:00 INFO MemoryStore: MemoryStore started with capacity 434.4 MiB
[2024-12-02T20:43:00.259+0000] {spark_submit.py:634} INFO - 24/12/02 20:43:00 INFO SparkEnv: Registering OutputCommitCoordinator
[2024-12-02T20:43:00.445+0000] {spark_submit.py:634} INFO - 24/12/02 20:43:00 INFO JettyUtils: Start Jetty 0.0.0.0:4040 for SparkUI
[2024-12-02T20:43:00.527+0000] {spark_submit.py:634} INFO - 24/12/02 20:43:00 WARN Utils: Service 'SparkUI' could not bind on port 4040. Attempting port 4041.
[2024-12-02T20:43:00.536+0000] {spark_submit.py:634} INFO - 24/12/02 20:43:00 INFO Utils: Successfully started service 'SparkUI' on port 4041.
[2024-12-02T20:43:00.584+0000] {spark_submit.py:634} INFO - 24/12/02 20:43:00 INFO SparkContext: Added JAR file:/opt/***/jobs/scala/target/scala-2.12/word-count_2.12-0.1.jar at spark://ad8e1458ca15:35023/jars/word-count_2.12-0.1.jar with timestamp 1733172179649
[2024-12-02T20:43:00.746+0000] {spark_submit.py:634} INFO - 24/12/02 20:43:00 INFO StandaloneAppClient$ClientEndpoint: Connecting to master spark://spark-master:7077...
[2024-12-02T20:43:00.840+0000] {spark_submit.py:634} INFO - 24/12/02 20:43:00 INFO TransportClientFactory: Successfully created connection to spark-master/172.18.0.3:7077 after 37 ms (0 ms spent in bootstraps)
[2024-12-02T20:43:01.135+0000] {spark_submit.py:634} INFO - 24/12/02 20:43:01 INFO StandaloneSchedulerBackend: Connected to Spark cluster with app ID app-20241202204301-0000
[2024-12-02T20:43:01.157+0000] {spark_submit.py:634} INFO - 24/12/02 20:43:01 INFO Utils: Successfully started service 'org.apache.spark.network.netty.NettyBlockTransferService' on port 34945.
[2024-12-02T20:43:01.176+0000] {spark_submit.py:634} INFO - 24/12/02 20:43:01 INFO NettyBlockTransferService: Server created on ad8e1458ca15:34945
[2024-12-02T20:43:01.190+0000] {spark_submit.py:634} INFO - 24/12/02 20:43:01 INFO BlockManager: Using org.apache.spark.storage.RandomBlockReplicationPolicy for block replication policy
[2024-12-02T20:43:01.199+0000] {spark_submit.py:634} INFO - 24/12/02 20:43:01 INFO BlockManagerMaster: Registering BlockManager BlockManagerId(driver, ad8e1458ca15, 34945, None)
[2024-12-02T20:43:01.204+0000] {spark_submit.py:634} INFO - 24/12/02 20:43:01 INFO BlockManagerMasterEndpoint: Registering block manager ad8e1458ca15:34945 with 434.4 MiB RAM, BlockManagerId(driver, ad8e1458ca15, 34945, None)
[2024-12-02T20:43:01.208+0000] {spark_submit.py:634} INFO - 24/12/02 20:43:01 INFO BlockManagerMaster: Registered BlockManager BlockManagerId(driver, ad8e1458ca15, 34945, None)
[2024-12-02T20:43:01.213+0000] {spark_submit.py:634} INFO - 24/12/02 20:43:01 INFO BlockManager: Initialized BlockManager: BlockManagerId(driver, ad8e1458ca15, 34945, None)
[2024-12-02T20:43:01.218+0000] {spark_submit.py:634} INFO - 24/12/02 20:43:01 INFO StandaloneAppClient$ClientEndpoint: Executor added: app-20241202204301-0000/0 on worker-20241202203305-172.18.0.5-43127 (172.18.0.5:43127) with 2 core(s)
[2024-12-02T20:43:01.227+0000] {spark_submit.py:634} INFO - 24/12/02 20:43:01 INFO StandaloneSchedulerBackend: Granted executor ID app-20241202204301-0000/0 on hostPort 172.18.0.5:43127 with 2 core(s), 1024.0 MiB RAM
[2024-12-02T20:43:01.893+0000] {spark_submit.py:634} INFO - 24/12/02 20:43:01 INFO StandaloneAppClient$ClientEndpoint: Executor updated: app-20241202204301-0000/0 is now RUNNING
[2024-12-02T20:43:01.939+0000] {spark_submit.py:634} INFO - 24/12/02 20:43:01 INFO StandaloneSchedulerBackend: SchedulerBackend is ready for scheduling beginning after reached minRegisteredResourcesRatio: 0.0
[2024-12-02T20:43:02.793+0000] {spark_submit.py:634} INFO - 24/12/02 20:43:02 INFO SparkContext: Starting job: collect at wordcount.scala:14
[2024-12-02T20:43:03.327+0000] {spark_submit.py:634} INFO - 24/12/02 20:43:03 INFO DAGScheduler: Registering RDD 2 (map at wordcount.scala:11) as input to shuffle 0
[2024-12-02T20:43:03.337+0000] {spark_submit.py:634} INFO - 24/12/02 20:43:03 INFO DAGScheduler: Got job 0 (collect at wordcount.scala:14) with 2 output partitions
[2024-12-02T20:43:03.339+0000] {spark_submit.py:634} INFO - 24/12/02 20:43:03 INFO DAGScheduler: Final stage: ResultStage 1 (collect at wordcount.scala:14)
[2024-12-02T20:43:03.345+0000] {spark_submit.py:634} INFO - 24/12/02 20:43:03 INFO DAGScheduler: Parents of final stage: List(ShuffleMapStage 0)
[2024-12-02T20:43:03.346+0000] {spark_submit.py:634} INFO - 24/12/02 20:43:03 INFO DAGScheduler: Missing parents: List(ShuffleMapStage 0)
[2024-12-02T20:43:03.354+0000] {spark_submit.py:634} INFO - 24/12/02 20:43:03 INFO DAGScheduler: Submitting ShuffleMapStage 0 (MapPartitionsRDD[2] at map at wordcount.scala:11), which has no missing parents
[2024-12-02T20:43:03.444+0000] {spark_submit.py:634} INFO - 24/12/02 20:43:03 INFO MemoryStore: Block broadcast_0 stored as values in memory (estimated size 5.5 KiB, free 434.4 MiB)
[2024-12-02T20:43:03.496+0000] {spark_submit.py:634} INFO - 24/12/02 20:43:03 INFO MemoryStore: Block broadcast_0_piece0 stored as bytes in memory (estimated size 3.2 KiB, free 434.4 MiB)
[2024-12-02T20:43:03.500+0000] {spark_submit.py:634} INFO - 24/12/02 20:43:03 INFO BlockManagerInfo: Added broadcast_0_piece0 in memory on ad8e1458ca15:34945 (size: 3.2 KiB, free: 434.4 MiB)
[2024-12-02T20:43:03.504+0000] {spark_submit.py:634} INFO - 24/12/02 20:43:03 INFO SparkContext: Created broadcast 0 from broadcast at DAGScheduler.scala:1585
[2024-12-02T20:43:03.526+0000] {spark_submit.py:634} INFO - 24/12/02 20:43:03 INFO DAGScheduler: Submitting 2 missing tasks from ShuffleMapStage 0 (MapPartitionsRDD[2] at map at wordcount.scala:11) (first 15 tasks are for partitions Vector(0, 1))
[2024-12-02T20:43:03.530+0000] {spark_submit.py:634} INFO - 24/12/02 20:43:03 INFO TaskSchedulerImpl: Adding task set 0.0 with 2 tasks resource profile 0
[2024-12-02T20:43:05.159+0000] {spark_submit.py:634} INFO - 24/12/02 20:43:05 INFO StandaloneSchedulerBackend$StandaloneDriverEndpoint: Registered executor NettyRpcEndpointRef(spark-client://Executor) (172.18.0.5:53218) with ID 0,  ResourceProfileId 0
[2024-12-02T20:43:05.204+0000] {spark_submit.py:634} INFO - 24/12/02 20:43:05 INFO BlockManagerMasterEndpoint: Registering block manager 172.18.0.5:34071 with 434.4 MiB RAM, BlockManagerId(0, 172.18.0.5, 34071, None)
[2024-12-02T20:43:05.284+0000] {spark_submit.py:634} INFO - 24/12/02 20:43:05 INFO TaskSetManager: Starting task 0.0 in stage 0.0 (TID 0) (172.18.0.5, executor 0, partition 0, PROCESS_LOCAL, 9198 bytes)
[2024-12-02T20:43:05.287+0000] {spark_submit.py:634} INFO - 24/12/02 20:43:05 INFO TaskSetManager: Starting task 1.0 in stage 0.0 (TID 1) (172.18.0.5, executor 0, partition 1, PROCESS_LOCAL, 9213 bytes)
[2024-12-02T20:43:05.507+0000] {spark_submit.py:634} INFO - 24/12/02 20:43:05 INFO BlockManagerInfo: Added broadcast_0_piece0 in memory on 172.18.0.5:34071 (size: 3.2 KiB, free: 434.4 MiB)
[2024-12-02T20:43:05.931+0000] {spark_submit.py:634} INFO - 24/12/02 20:43:05 INFO TaskSetManager: Finished task 1.0 in stage 0.0 (TID 1) in 644 ms on 172.18.0.5 (executor 0) (1/2)
[2024-12-02T20:43:05.933+0000] {spark_submit.py:634} INFO - 24/12/02 20:43:05 INFO TaskSetManager: Finished task 0.0 in stage 0.0 (TID 0) in 659 ms on 172.18.0.5 (executor 0) (2/2)
[2024-12-02T20:43:05.934+0000] {spark_submit.py:634} INFO - 24/12/02 20:43:05 INFO TaskSchedulerImpl: Removed TaskSet 0.0, whose tasks have all completed, from pool
[2024-12-02T20:43:05.939+0000] {spark_submit.py:634} INFO - 24/12/02 20:43:05 INFO DAGScheduler: ShuffleMapStage 0 (map at wordcount.scala:11) finished in 2.561 s
[2024-12-02T20:43:05.940+0000] {spark_submit.py:634} INFO - 24/12/02 20:43:05 INFO DAGScheduler: looking for newly runnable stages
[2024-12-02T20:43:05.940+0000] {spark_submit.py:634} INFO - 24/12/02 20:43:05 INFO DAGScheduler: running: Set()
[2024-12-02T20:43:05.941+0000] {spark_submit.py:634} INFO - 24/12/02 20:43:05 INFO DAGScheduler: waiting: Set(ResultStage 1)
[2024-12-02T20:43:05.942+0000] {spark_submit.py:634} INFO - 24/12/02 20:43:05 INFO DAGScheduler: failed: Set()
[2024-12-02T20:43:05.943+0000] {spark_submit.py:634} INFO - 24/12/02 20:43:05 INFO DAGScheduler: Submitting ResultStage 1 (ShuffledRDD[3] at reduceByKey at wordcount.scala:12), which has no missing parents
[2024-12-02T20:43:05.950+0000] {spark_submit.py:634} INFO - 24/12/02 20:43:05 INFO MemoryStore: Block broadcast_1 stored as values in memory (estimated size 5.2 KiB, free 434.4 MiB)
[2024-12-02T20:43:05.952+0000] {spark_submit.py:634} INFO - 24/12/02 20:43:05 INFO MemoryStore: Block broadcast_1_piece0 stored as bytes in memory (estimated size 3.1 KiB, free 434.4 MiB)
[2024-12-02T20:43:05.952+0000] {spark_submit.py:634} INFO - 24/12/02 20:43:05 INFO BlockManagerInfo: Added broadcast_1_piece0 in memory on ad8e1458ca15:34945 (size: 3.1 KiB, free: 434.4 MiB)
[2024-12-02T20:43:05.953+0000] {spark_submit.py:634} INFO - 24/12/02 20:43:05 INFO SparkContext: Created broadcast 1 from broadcast at DAGScheduler.scala:1585
[2024-12-02T20:43:05.954+0000] {spark_submit.py:634} INFO - 24/12/02 20:43:05 INFO DAGScheduler: Submitting 2 missing tasks from ResultStage 1 (ShuffledRDD[3] at reduceByKey at wordcount.scala:12) (first 15 tasks are for partitions Vector(0, 1))
[2024-12-02T20:43:05.955+0000] {spark_submit.py:634} INFO - 24/12/02 20:43:05 INFO TaskSchedulerImpl: Adding task set 1.0 with 2 tasks resource profile 0
[2024-12-02T20:43:05.959+0000] {spark_submit.py:634} INFO - 24/12/02 20:43:05 INFO TaskSetManager: Starting task 0.0 in stage 1.0 (TID 2) (172.18.0.5, executor 0, partition 0, NODE_LOCAL, 9003 bytes)
[2024-12-02T20:43:05.961+0000] {spark_submit.py:634} INFO - 24/12/02 20:43:05 INFO TaskSetManager: Starting task 1.0 in stage 1.0 (TID 3) (172.18.0.5, executor 0, partition 1, NODE_LOCAL, 9003 bytes)
[2024-12-02T20:43:05.980+0000] {spark_submit.py:634} INFO - 24/12/02 20:43:05 INFO BlockManagerInfo: Added broadcast_1_piece0 in memory on 172.18.0.5:34071 (size: 3.1 KiB, free: 434.4 MiB)
[2024-12-02T20:43:06.029+0000] {spark_submit.py:634} INFO - 24/12/02 20:43:06 INFO MapOutputTrackerMasterEndpoint: Asked to send map output locations for shuffle 0 to 172.18.0.5:53218
[2024-12-02T20:43:06.131+0000] {spark_submit.py:634} INFO - 24/12/02 20:43:06 INFO TaskSetManager: Finished task 1.0 in stage 1.0 (TID 3) in 171 ms on 172.18.0.5 (executor 0) (1/2)
[2024-12-02T20:43:06.132+0000] {spark_submit.py:634} INFO - 24/12/02 20:43:06 INFO TaskSetManager: Finished task 0.0 in stage 1.0 (TID 2) in 175 ms on 172.18.0.5 (executor 0) (2/2)
[2024-12-02T20:43:06.133+0000] {spark_submit.py:634} INFO - 24/12/02 20:43:06 INFO TaskSchedulerImpl: Removed TaskSet 1.0, whose tasks have all completed, from pool
[2024-12-02T20:43:06.138+0000] {spark_submit.py:634} INFO - 24/12/02 20:43:06 INFO DAGScheduler: ResultStage 1 (collect at wordcount.scala:14) finished in 0.185 s
[2024-12-02T20:43:06.140+0000] {spark_submit.py:634} INFO - 24/12/02 20:43:06 INFO DAGScheduler: Job 0 is finished. Cancelling potential speculative or zombie tasks for this job
[2024-12-02T20:43:06.140+0000] {spark_submit.py:634} INFO - 24/12/02 20:43:06 INFO TaskSchedulerImpl: Killing all running tasks in stage 1: Stage finished
[2024-12-02T20:43:06.142+0000] {spark_submit.py:634} INFO - 24/12/02 20:43:06 INFO DAGScheduler: Job 0 finished: collect at wordcount.scala:14, took 3.349130 s
[2024-12-02T20:43:06.145+0000] {spark_submit.py:634} INFO - (Hello,5)
[2024-12-02T20:43:06.147+0000] {spark_submit.py:634} INFO - (Yusuf,1)
[2024-12-02T20:43:06.147+0000] {spark_submit.py:634} INFO - (World,1)
[2024-12-02T20:43:06.148+0000] {spark_submit.py:634} INFO - (Scala,1)
[2024-12-02T20:43:06.148+0000] {spark_submit.py:634} INFO - (Docker,1)
[2024-12-02T20:43:06.149+0000] {spark_submit.py:634} INFO - (spark,1)
[2024-12-02T20:43:06.149+0000] {spark_submit.py:634} INFO - 24/12/02 20:43:06 INFO SparkContext: SparkContext is stopping with exitCode 0.
[2024-12-02T20:43:06.154+0000] {spark_submit.py:634} INFO - 24/12/02 20:43:06 INFO SparkUI: Stopped Spark web UI at http://ad8e1458ca15:4041
[2024-12-02T20:43:06.156+0000] {spark_submit.py:634} INFO - 24/12/02 20:43:06 INFO StandaloneSchedulerBackend: Shutting down all executors
[2024-12-02T20:43:06.157+0000] {spark_submit.py:634} INFO - 24/12/02 20:43:06 INFO StandaloneSchedulerBackend$StandaloneDriverEndpoint: Asking each executor to shut down
[2024-12-02T20:43:06.179+0000] {spark_submit.py:634} INFO - 24/12/02 20:43:06 INFO MapOutputTrackerMasterEndpoint: MapOutputTrackerMasterEndpoint stopped!
[2024-12-02T20:43:06.204+0000] {spark_submit.py:634} INFO - 24/12/02 20:43:06 INFO MemoryStore: MemoryStore cleared
[2024-12-02T20:43:06.206+0000] {spark_submit.py:634} INFO - 24/12/02 20:43:06 INFO BlockManager: BlockManager stopped
[2024-12-02T20:43:06.213+0000] {spark_submit.py:634} INFO - 24/12/02 20:43:06 INFO BlockManagerMaster: BlockManagerMaster stopped
[2024-12-02T20:43:06.216+0000] {spark_submit.py:634} INFO - 24/12/02 20:43:06 INFO OutputCommitCoordinator$OutputCommitCoordinatorEndpoint: OutputCommitCoordinator stopped!
[2024-12-02T20:43:06.228+0000] {spark_submit.py:634} INFO - 24/12/02 20:43:06 INFO SparkContext: Successfully stopped SparkContext
[2024-12-02T20:43:06.233+0000] {spark_submit.py:634} INFO - 24/12/02 20:43:06 INFO ShutdownHookManager: Shutdown hook called
[2024-12-02T20:43:06.237+0000] {spark_submit.py:634} INFO - 24/12/02 20:43:06 INFO ShutdownHookManager: Deleting directory /tmp/spark-a7f8bb78-62f2-43a1-bf38-dbd6070337a2
[2024-12-02T20:43:06.242+0000] {spark_submit.py:634} INFO - 24/12/02 20:43:06 INFO ShutdownHookManager: Deleting directory /tmp/spark-44c78eac-0a63-442d-9b90-06d85e3865ef
[2024-12-02T20:43:06.298+0000] {taskinstance.py:340} INFO - ::group::Post task execution logs
[2024-12-02T20:43:06.299+0000] {taskinstance.py:352} INFO - Marking task as SUCCESS. dag_id=sparking_flow, task_id=scala_job, run_id=manual__2024-12-02T20:42:54.810406+00:00, execution_date=20241202T204254, start_date=20241202T204256, end_date=20241202T204306
[2024-12-02T20:43:06.336+0000] {local_task_job_runner.py:266} INFO - Task exited with return code 0
[2024-12-02T20:43:06.362+0000] {taskinstance.py:3895} INFO - 0 downstream tasks scheduled from follow-on schedule check
[2024-12-02T20:43:06.363+0000] {local_task_job_runner.py:245} INFO - ::endgroup::
