[2024-12-09T13:57:18.322+0000] {local_task_job_runner.py:123} INFO - ::group::Pre task execution logs
[2024-12-09T13:57:18.347+0000] {taskinstance.py:2613} INFO - Dependencies all met for dep_context=non-requeueable deps ti=<TaskInstance: sparking_flow.python_job manual__2024-12-09T13:57:16.355284+00:00 [queued]>
[2024-12-09T13:57:18.355+0000] {taskinstance.py:2613} INFO - Dependencies all met for dep_context=requeueable deps ti=<TaskInstance: sparking_flow.python_job manual__2024-12-09T13:57:16.355284+00:00 [queued]>
[2024-12-09T13:57:18.356+0000] {taskinstance.py:2866} INFO - Starting attempt 1 of 1
[2024-12-09T13:57:18.366+0000] {taskinstance.py:2889} INFO - Executing <Task(SparkSubmitOperator): python_job> on 2024-12-09 13:57:16.355284+00:00
[2024-12-09T13:57:18.373+0000] {logging_mixin.py:190} WARNING - /home/***/.local/lib/python3.12/site-packages/***/task/task_runner/standard_task_runner.py:70 DeprecationWarning: This process (pid=185) is multi-threaded, use of fork() may lead to deadlocks in the child.
[2024-12-09T13:57:18.373+0000] {standard_task_runner.py:104} INFO - Running: ['***', 'tasks', 'run', 'sparking_flow', 'python_job', 'manual__2024-12-09T13:57:16.355284+00:00', '--job-id', '481', '--raw', '--subdir', 'DAGS_FOLDER/spark_***.py', '--cfg-path', '/tmp/tmphhefmowz']
[2024-12-09T13:57:18.375+0000] {standard_task_runner.py:72} INFO - Started process 189 to run task
[2024-12-09T13:57:18.375+0000] {standard_task_runner.py:105} INFO - Job 481: Subtask python_job
[2024-12-09T13:57:18.436+0000] {task_command.py:467} INFO - Running <TaskInstance: sparking_flow.python_job manual__2024-12-09T13:57:16.355284+00:00 [running]> on host 2a892a3469ec
[2024-12-09T13:57:18.522+0000] {taskinstance.py:3132} INFO - Exporting env vars: AIRFLOW_CTX_DAG_OWNER='Yusuf Ganiyu' AIRFLOW_CTX_DAG_ID='sparking_flow' AIRFLOW_CTX_TASK_ID='python_job' AIRFLOW_CTX_EXECUTION_DATE='2024-12-09T13:57:16.355284+00:00' AIRFLOW_CTX_TRY_NUMBER='1' AIRFLOW_CTX_DAG_RUN_ID='manual__2024-12-09T13:57:16.355284+00:00'
[2024-12-09T13:57:18.524+0000] {taskinstance.py:731} INFO - ::endgroup::
[2024-12-09T13:57:18.548+0000] {base.py:84} INFO - Retrieving connection 'spark-conn'
[2024-12-09T13:57:18.549+0000] {spark_submit.py:473} INFO - Spark-Submit cmd: spark-submit --master spark://sparkingflow-spark-master-1:7077 --name arrow-spark --deploy-mode client jobs/python/wordcountjob.py
[2024-12-09T13:57:24.477+0000] {spark_submit.py:634} INFO - 24/12/09 13:57:24 INFO SparkContext: Running Spark version 3.5.3
[2024-12-09T13:57:24.481+0000] {spark_submit.py:634} INFO - 24/12/09 13:57:24 INFO SparkContext: OS info Linux, 6.10.14-linuxkit, aarch64
[2024-12-09T13:57:24.483+0000] {spark_submit.py:634} INFO - 24/12/09 13:57:24 INFO SparkContext: Java version 17.0.13
[2024-12-09T13:57:24.584+0000] {spark_submit.py:634} INFO - 24/12/09 13:57:24 WARN NativeCodeLoader: Unable to load native-hadoop library for your platform... using builtin-java classes where applicable
[2024-12-09T13:57:24.781+0000] {spark_submit.py:634} INFO - 24/12/09 13:57:24 INFO ResourceUtils: ==============================================================
[2024-12-09T13:57:24.781+0000] {spark_submit.py:634} INFO - 24/12/09 13:57:24 INFO ResourceUtils: No custom resources configured for spark.driver.
[2024-12-09T13:57:24.782+0000] {spark_submit.py:634} INFO - 24/12/09 13:57:24 INFO ResourceUtils: ==============================================================
[2024-12-09T13:57:24.783+0000] {spark_submit.py:634} INFO - 24/12/09 13:57:24 INFO SparkContext: Submitted application: CSVReadExample
[2024-12-09T13:57:24.847+0000] {spark_submit.py:634} INFO - 24/12/09 13:57:24 INFO ResourceProfile: Default ResourceProfile created, executor resources: Map(memory -> name: memory, amount: 1024, script: , vendor: , offHeap -> name: offHeap, amount: 0, script: , vendor: ), task resources: Map(cpus -> name: cpus, amount: 1.0)
[2024-12-09T13:57:24.875+0000] {spark_submit.py:634} INFO - 24/12/09 13:57:24 INFO ResourceProfile: Limiting resource is cpu
[2024-12-09T13:57:24.900+0000] {spark_submit.py:634} INFO - 24/12/09 13:57:24 INFO ResourceProfileManager: Added ResourceProfile id: 0
[2024-12-09T13:57:25.099+0000] {spark_submit.py:634} INFO - 24/12/09 13:57:25 INFO SecurityManager: Changing view acls to: ***
[2024-12-09T13:57:25.107+0000] {spark_submit.py:634} INFO - 24/12/09 13:57:25 INFO SecurityManager: Changing modify acls to: ***
[2024-12-09T13:57:25.116+0000] {spark_submit.py:634} INFO - 24/12/09 13:57:25 INFO SecurityManager: Changing view acls groups to:
[2024-12-09T13:57:25.129+0000] {spark_submit.py:634} INFO - 24/12/09 13:57:25 INFO SecurityManager: Changing modify acls groups to:
[2024-12-09T13:57:25.130+0000] {spark_submit.py:634} INFO - 24/12/09 13:57:25 INFO SecurityManager: SecurityManager: authentication disabled; ui acls disabled; users with view permissions: ***; groups with view permissions: EMPTY; users with modify permissions: ***; groups with modify permissions: EMPTY
[2024-12-09T13:57:25.723+0000] {spark_submit.py:634} INFO - 24/12/09 13:57:25 INFO Utils: Successfully started service 'sparkDriver' on port 37491.
[2024-12-09T13:57:25.777+0000] {spark_submit.py:634} INFO - 24/12/09 13:57:25 INFO SparkEnv: Registering MapOutputTracker
[2024-12-09T13:57:25.835+0000] {spark_submit.py:634} INFO - 24/12/09 13:57:25 INFO SparkEnv: Registering BlockManagerMaster
[2024-12-09T13:57:25.863+0000] {spark_submit.py:634} INFO - 24/12/09 13:57:25 INFO BlockManagerMasterEndpoint: Using org.apache.spark.storage.DefaultTopologyMapper for getting topology information
[2024-12-09T13:57:25.867+0000] {spark_submit.py:634} INFO - 24/12/09 13:57:25 INFO BlockManagerMasterEndpoint: BlockManagerMasterEndpoint up
[2024-12-09T13:57:25.871+0000] {spark_submit.py:634} INFO - 24/12/09 13:57:25 INFO SparkEnv: Registering BlockManagerMasterHeartbeat
[2024-12-09T13:57:25.911+0000] {spark_submit.py:634} INFO - 24/12/09 13:57:25 INFO DiskBlockManager: Created local directory at /tmp/blockmgr-80a9a422-059b-4351-ba03-98b981004b9f
[2024-12-09T13:57:25.963+0000] {spark_submit.py:634} INFO - 24/12/09 13:57:25 INFO MemoryStore: MemoryStore started with capacity 434.4 MiB
[2024-12-09T13:57:26.002+0000] {spark_submit.py:634} INFO - 24/12/09 13:57:26 INFO SparkEnv: Registering OutputCommitCoordinator
[2024-12-09T13:57:26.427+0000] {spark_submit.py:634} INFO - 24/12/09 13:57:26 INFO JettyUtils: Start Jetty 0.0.0.0:4040 for SparkUI
[2024-12-09T13:57:26.625+0000] {spark_submit.py:634} INFO - 24/12/09 13:57:26 WARN Utils: Service 'SparkUI' could not bind on port 4040. Attempting port 4041.
[2024-12-09T13:57:26.630+0000] {spark_submit.py:634} INFO - 24/12/09 13:57:26 WARN Utils: Service 'SparkUI' could not bind on port 4041. Attempting port 4042.
[2024-12-09T13:57:26.654+0000] {spark_submit.py:634} INFO - 24/12/09 13:57:26 INFO Utils: Successfully started service 'SparkUI' on port 4042.
[2024-12-09T13:57:27.409+0000] {spark_submit.py:634} INFO - 24/12/09 13:57:27 INFO StandaloneAppClient$ClientEndpoint: Connecting to master spark://sparkingflow-spark-master-1:7077...
[2024-12-09T13:57:27.597+0000] {spark_submit.py:634} INFO - 24/12/09 13:57:27 INFO TransportClientFactory: Successfully created connection to sparkingflow-spark-master-1/172.18.0.5:7077 after 96 ms (0 ms spent in bootstraps)
[2024-12-09T13:57:27.968+0000] {spark_submit.py:634} INFO - 24/12/09 13:57:27 INFO StandaloneSchedulerBackend: Connected to Spark cluster with app ID app-20241209135727-0001
[2024-12-09T13:57:27.996+0000] {spark_submit.py:634} INFO - 24/12/09 13:57:27 INFO Utils: Successfully started service 'org.apache.spark.network.netty.NettyBlockTransferService' on port 46647.
[2024-12-09T13:57:27.996+0000] {spark_submit.py:634} INFO - 24/12/09 13:57:27 INFO NettyBlockTransferService: Server created on 2a892a3469ec:46647
[2024-12-09T13:57:27.999+0000] {spark_submit.py:634} INFO - 24/12/09 13:57:27 INFO BlockManager: Using org.apache.spark.storage.RandomBlockReplicationPolicy for block replication policy
[2024-12-09T13:57:28.025+0000] {spark_submit.py:634} INFO - 24/12/09 13:57:28 INFO BlockManagerMaster: Registering BlockManager BlockManagerId(driver, 2a892a3469ec, 46647, None)
[2024-12-09T13:57:28.026+0000] {spark_submit.py:634} INFO - 24/12/09 13:57:28 INFO BlockManagerMasterEndpoint: Registering block manager 2a892a3469ec:46647 with 434.4 MiB RAM, BlockManagerId(driver, 2a892a3469ec, 46647, None)
[2024-12-09T13:57:28.029+0000] {spark_submit.py:634} INFO - 24/12/09 13:57:28 INFO BlockManagerMaster: Registered BlockManager BlockManagerId(driver, 2a892a3469ec, 46647, None)
[2024-12-09T13:57:28.033+0000] {spark_submit.py:634} INFO - 24/12/09 13:57:28 INFO BlockManager: Initialized BlockManager: BlockManagerId(driver, 2a892a3469ec, 46647, None)
[2024-12-09T13:57:28.448+0000] {spark_submit.py:634} INFO - 24/12/09 13:57:28 INFO StandaloneSchedulerBackend: SchedulerBackend is ready for scheduling beginning after reached minRegisteredResourcesRatio: 0.0
[2024-12-09T13:57:28.710+0000] {spark_submit.py:634} INFO - file_path /temp/data/test1234.csv
[2024-12-09T13:57:28.712+0000] {spark_submit.py:634} INFO - False
[2024-12-09T13:57:28.713+0000] {spark_submit.py:634} INFO - Traceback (most recent call last):
[2024-12-09T13:57:28.713+0000] {spark_submit.py:634} INFO - File "/opt/***/jobs/python/wordcountjob.py", line 43, in <module>
[2024-12-09T13:57:28.715+0000] {spark_submit.py:634} INFO - files = os.listdir('/temp/data/')
[2024-12-09T13:57:28.716+0000] {spark_submit.py:634} INFO - ^^^^^^^^^^^^^^^^^^^^^^^^^
[2024-12-09T13:57:28.717+0000] {spark_submit.py:634} INFO - FileNotFoundError: [Errno 2] No such file or directory: '/temp/data/'
[2024-12-09T13:57:28.817+0000] {spark_submit.py:634} INFO - 24/12/09 13:57:28 INFO SparkContext: Invoking stop() from shutdown hook
[2024-12-09T13:57:28.820+0000] {spark_submit.py:634} INFO - 24/12/09 13:57:28 INFO SparkContext: SparkContext is stopping with exitCode 0.
[2024-12-09T13:57:28.838+0000] {spark_submit.py:634} INFO - 24/12/09 13:57:28 INFO SparkUI: Stopped Spark web UI at http://2a892a3469ec:4042
[2024-12-09T13:57:28.845+0000] {spark_submit.py:634} INFO - 24/12/09 13:57:28 INFO StandaloneSchedulerBackend: Shutting down all executors
[2024-12-09T13:57:28.850+0000] {spark_submit.py:634} INFO - 24/12/09 13:57:28 INFO StandaloneSchedulerBackend$StandaloneDriverEndpoint: Asking each executor to shut down
[2024-12-09T13:57:28.882+0000] {spark_submit.py:634} INFO - 24/12/09 13:57:28 INFO MapOutputTrackerMasterEndpoint: MapOutputTrackerMasterEndpoint stopped!
[2024-12-09T13:57:28.906+0000] {spark_submit.py:634} INFO - 24/12/09 13:57:28 INFO MemoryStore: MemoryStore cleared
[2024-12-09T13:57:28.907+0000] {spark_submit.py:634} INFO - 24/12/09 13:57:28 INFO BlockManager: BlockManager stopped
[2024-12-09T13:57:28.922+0000] {spark_submit.py:634} INFO - 24/12/09 13:57:28 INFO BlockManagerMaster: BlockManagerMaster stopped
[2024-12-09T13:57:28.927+0000] {spark_submit.py:634} INFO - 24/12/09 13:57:28 INFO OutputCommitCoordinator$OutputCommitCoordinatorEndpoint: OutputCommitCoordinator stopped!
[2024-12-09T13:57:28.963+0000] {spark_submit.py:634} INFO - 24/12/09 13:57:28 INFO SparkContext: Successfully stopped SparkContext
[2024-12-09T13:57:28.963+0000] {spark_submit.py:634} INFO - 24/12/09 13:57:28 INFO ShutdownHookManager: Shutdown hook called
[2024-12-09T13:57:28.964+0000] {spark_submit.py:634} INFO - 24/12/09 13:57:28 INFO ShutdownHookManager: Deleting directory /tmp/spark-ce01e153-8813-4d73-84d9-2c9c191f5d73
[2024-12-09T13:57:28.971+0000] {spark_submit.py:634} INFO - 24/12/09 13:57:28 INFO ShutdownHookManager: Deleting directory /tmp/spark-49ecd6be-6e42-4df8-99d4-f5d2f1d43cd2
[2024-12-09T13:57:28.979+0000] {spark_submit.py:634} INFO - 24/12/09 13:57:28 INFO ShutdownHookManager: Deleting directory /tmp/spark-ce01e153-8813-4d73-84d9-2c9c191f5d73/pyspark-9c3a67cb-13eb-444c-90e0-f50583351b6e
[2024-12-09T13:57:29.070+0000] {taskinstance.py:3311} ERROR - Task failed with exception
Traceback (most recent call last):
  File "/home/airflow/.local/lib/python3.12/site-packages/airflow/models/taskinstance.py", line 767, in _execute_task
    result = _execute_callable(context=context, **execute_callable_kwargs)
             ^^^^^^^^^^^^^^^^^^^^^^^^^^^^^^^^^^^^^^^^^^^^^^^^^^^^^^^^^^^^^
  File "/home/airflow/.local/lib/python3.12/site-packages/airflow/models/taskinstance.py", line 733, in _execute_callable
    return ExecutionCallableRunner(
           ^^^^^^^^^^^^^^^^^^^^^^^^
  File "/home/airflow/.local/lib/python3.12/site-packages/airflow/utils/operator_helpers.py", line 252, in run
    return self.func(*args, **kwargs)
           ^^^^^^^^^^^^^^^^^^^^^^^^^^
  File "/home/airflow/.local/lib/python3.12/site-packages/airflow/models/baseoperator.py", line 417, in wrapper
    return func(self, *args, **kwargs)
           ^^^^^^^^^^^^^^^^^^^^^^^^^^^
  File "/home/airflow/.local/lib/python3.12/site-packages/airflow/providers/apache/spark/operators/spark_submit.py", line 176, in execute
    self._hook.submit(self.application)
  File "/home/airflow/.local/lib/python3.12/site-packages/airflow/providers/apache/spark/hooks/spark_submit.py", line 560, in submit
    raise AirflowException(
airflow.exceptions.AirflowException: Cannot execute: spark-submit --master spark://sparkingflow-spark-master-1:7077 --name arrow-spark --deploy-mode client jobs/python/wordcountjob.py. Error code is: 1.
[2024-12-09T13:57:29.079+0000] {taskinstance.py:1225} INFO - Marking task as FAILED. dag_id=sparking_flow, task_id=python_job, run_id=manual__2024-12-09T13:57:16.355284+00:00, execution_date=20241209T135716, start_date=20241209T135718, end_date=20241209T135729
[2024-12-09T13:57:29.111+0000] {taskinstance.py:340} INFO - ::group::Post task execution logs
[2024-12-09T13:57:29.112+0000] {standard_task_runner.py:124} ERROR - Failed to execute job 481 for task python_job (Cannot execute: spark-submit --master spark://sparkingflow-spark-master-1:7077 --name arrow-spark --deploy-mode client jobs/python/wordcountjob.py. Error code is: 1.; 189)
Traceback (most recent call last):
  File "/home/airflow/.local/lib/python3.12/site-packages/airflow/task/task_runner/standard_task_runner.py", line 117, in _start_by_fork
    ret = args.func(args, dag=self.dag)
          ^^^^^^^^^^^^^^^^^^^^^^^^^^^^^
  File "/home/airflow/.local/lib/python3.12/site-packages/airflow/cli/cli_config.py", line 49, in command
    return func(*args, **kwargs)
           ^^^^^^^^^^^^^^^^^^^^^
  File "/home/airflow/.local/lib/python3.12/site-packages/airflow/utils/cli.py", line 116, in wrapper
    return f(*args, **kwargs)
           ^^^^^^^^^^^^^^^^^^
  File "/home/airflow/.local/lib/python3.12/site-packages/airflow/cli/commands/task_command.py", line 483, in task_run
    task_return_code = _run_task_by_selected_method(args, _dag, ti)
                       ^^^^^^^^^^^^^^^^^^^^^^^^^^^^^^^^^^^^^^^^^^^^
  File "/home/airflow/.local/lib/python3.12/site-packages/airflow/cli/commands/task_command.py", line 256, in _run_task_by_selected_method
    return _run_raw_task(args, ti)
           ^^^^^^^^^^^^^^^^^^^^^^^
  File "/home/airflow/.local/lib/python3.12/site-packages/airflow/cli/commands/task_command.py", line 341, in _run_raw_task
    return ti._run_raw_task(
           ^^^^^^^^^^^^^^^^^
  File "/home/airflow/.local/lib/python3.12/site-packages/airflow/utils/session.py", line 97, in wrapper
    return func(*args, session=session, **kwargs)
           ^^^^^^^^^^^^^^^^^^^^^^^^^^^^^^^^^^^^^^
  File "/home/airflow/.local/lib/python3.12/site-packages/airflow/models/taskinstance.py", line 3005, in _run_raw_task
    return _run_raw_task(
           ^^^^^^^^^^^^^^
  File "/home/airflow/.local/lib/python3.12/site-packages/airflow/models/taskinstance.py", line 273, in _run_raw_task
    TaskInstance._execute_task_with_callbacks(
  File "/home/airflow/.local/lib/python3.12/site-packages/airflow/models/taskinstance.py", line 3159, in _execute_task_with_callbacks
    result = self._execute_task(context, task_orig)
             ^^^^^^^^^^^^^^^^^^^^^^^^^^^^^^^^^^^^^^
  File "/home/airflow/.local/lib/python3.12/site-packages/airflow/models/taskinstance.py", line 3183, in _execute_task
    return _execute_task(self, context, task_orig)
           ^^^^^^^^^^^^^^^^^^^^^^^^^^^^^^^^^^^^^^^
  File "/home/airflow/.local/lib/python3.12/site-packages/airflow/models/taskinstance.py", line 767, in _execute_task
    result = _execute_callable(context=context, **execute_callable_kwargs)
             ^^^^^^^^^^^^^^^^^^^^^^^^^^^^^^^^^^^^^^^^^^^^^^^^^^^^^^^^^^^^^
  File "/home/airflow/.local/lib/python3.12/site-packages/airflow/models/taskinstance.py", line 733, in _execute_callable
    return ExecutionCallableRunner(
           ^^^^^^^^^^^^^^^^^^^^^^^^
  File "/home/airflow/.local/lib/python3.12/site-packages/airflow/utils/operator_helpers.py", line 252, in run
    return self.func(*args, **kwargs)
           ^^^^^^^^^^^^^^^^^^^^^^^^^^
  File "/home/airflow/.local/lib/python3.12/site-packages/airflow/models/baseoperator.py", line 417, in wrapper
    return func(self, *args, **kwargs)
           ^^^^^^^^^^^^^^^^^^^^^^^^^^^
  File "/home/airflow/.local/lib/python3.12/site-packages/airflow/providers/apache/spark/operators/spark_submit.py", line 176, in execute
    self._hook.submit(self.application)
  File "/home/airflow/.local/lib/python3.12/site-packages/airflow/providers/apache/spark/hooks/spark_submit.py", line 560, in submit
    raise AirflowException(
airflow.exceptions.AirflowException: Cannot execute: spark-submit --master spark://sparkingflow-spark-master-1:7077 --name arrow-spark --deploy-mode client jobs/python/wordcountjob.py. Error code is: 1.
[2024-12-09T13:57:29.158+0000] {local_task_job_runner.py:266} INFO - Task exited with return code 1
[2024-12-09T13:57:29.200+0000] {taskinstance.py:3895} INFO - 0 downstream tasks scheduled from follow-on schedule check
[2024-12-09T13:57:29.205+0000] {local_task_job_runner.py:245} INFO - ::endgroup::
