[2024-12-09T01:54:10.617+0000] {local_task_job_runner.py:123} INFO - ::group::Pre task execution logs
[2024-12-09T01:54:10.632+0000] {taskinstance.py:2613} INFO - Dependencies all met for dep_context=non-requeueable deps ti=<TaskInstance: sparking_flow.java_job scheduled__2024-12-08T00:00:00+00:00 [queued]>
[2024-12-09T01:54:10.639+0000] {taskinstance.py:2613} INFO - Dependencies all met for dep_context=requeueable deps ti=<TaskInstance: sparking_flow.java_job scheduled__2024-12-08T00:00:00+00:00 [queued]>
[2024-12-09T01:54:10.639+0000] {taskinstance.py:2866} INFO - Starting attempt 1 of 1
[2024-12-09T01:54:10.649+0000] {taskinstance.py:2889} INFO - Executing <Task(SparkSubmitOperator): java_job> on 2024-12-08 00:00:00+00:00
[2024-12-09T01:54:10.655+0000] {logging_mixin.py:190} WARNING - /home/***/.local/lib/python3.12/site-packages/***/task/task_runner/standard_task_runner.py:70 DeprecationWarning: This process (pid=660) is multi-threaded, use of fork() may lead to deadlocks in the child.
[2024-12-09T01:54:10.656+0000] {standard_task_runner.py:72} INFO - Started process 663 to run task
[2024-12-09T01:54:10.655+0000] {standard_task_runner.py:104} INFO - Running: ['***', 'tasks', 'run', 'sparking_flow', 'java_job', 'scheduled__2024-12-08T00:00:00+00:00', '--job-id', '285', '--raw', '--subdir', 'DAGS_FOLDER/spark_***.py', '--cfg-path', '/tmp/tmpgvs_t6ws']
[2024-12-09T01:54:10.657+0000] {standard_task_runner.py:105} INFO - Job 285: Subtask java_job
[2024-12-09T01:54:10.700+0000] {task_command.py:467} INFO - Running <TaskInstance: sparking_flow.java_job scheduled__2024-12-08T00:00:00+00:00 [running]> on host 2a892a3469ec
[2024-12-09T01:54:10.774+0000] {taskinstance.py:3132} INFO - Exporting env vars: AIRFLOW_CTX_DAG_OWNER='Yusuf Ganiyu' AIRFLOW_CTX_DAG_ID='sparking_flow' AIRFLOW_CTX_TASK_ID='java_job' AIRFLOW_CTX_EXECUTION_DATE='2024-12-08T00:00:00+00:00' AIRFLOW_CTX_TRY_NUMBER='1' AIRFLOW_CTX_DAG_RUN_ID='scheduled__2024-12-08T00:00:00+00:00'
[2024-12-09T01:54:10.774+0000] {taskinstance.py:731} INFO - ::endgroup::
[2024-12-09T01:54:10.795+0000] {base.py:84} INFO - Retrieving connection 'spark-conn'
[2024-12-09T01:54:10.797+0000] {spark_submit.py:473} INFO - Spark-Submit cmd: spark-submit --master spark://sparkingflow-spark-master-1:7077 --name arrow-spark --class com.airscholar.spark.WordCountJob --deploy-mode client jobs/java/spark-job/target/spark-job-1.0-SNAPSHOT.jar
[2024-12-09T01:54:12.962+0000] {spark_submit.py:634} INFO - 24/12/09 01:54:12 INFO SparkContext: Running Spark version 3.5.3
[2024-12-09T01:54:12.971+0000] {spark_submit.py:634} INFO - 24/12/09 01:54:12 INFO SparkContext: OS info Linux, 6.10.14-linuxkit, aarch64
[2024-12-09T01:54:12.972+0000] {spark_submit.py:634} INFO - 24/12/09 01:54:12 INFO SparkContext: Java version 17.0.13
[2024-12-09T01:54:13.072+0000] {spark_submit.py:634} INFO - 24/12/09 01:54:13 WARN NativeCodeLoader: Unable to load native-hadoop library for your platform... using builtin-java classes where applicable
[2024-12-09T01:54:13.190+0000] {spark_submit.py:634} INFO - 24/12/09 01:54:13 INFO ResourceUtils: ==============================================================
[2024-12-09T01:54:13.194+0000] {spark_submit.py:634} INFO - 24/12/09 01:54:13 INFO ResourceUtils: No custom resources configured for spark.driver.
[2024-12-09T01:54:13.195+0000] {spark_submit.py:634} INFO - 24/12/09 01:54:13 INFO ResourceUtils: ==============================================================
[2024-12-09T01:54:13.195+0000] {spark_submit.py:634} INFO - 24/12/09 01:54:13 INFO SparkContext: Submitted application: Word Count Job
[2024-12-09T01:54:13.226+0000] {spark_submit.py:634} INFO - 24/12/09 01:54:13 INFO ResourceProfile: Default ResourceProfile created, executor resources: Map(cores -> name: cores, amount: 1, script: , vendor: , memory -> name: memory, amount: 1024, script: , vendor: , offHeap -> name: offHeap, amount: 0, script: , vendor: ), task resources: Map(cpus -> name: cpus, amount: 1.0)
[2024-12-09T01:54:13.238+0000] {spark_submit.py:634} INFO - 24/12/09 01:54:13 INFO ResourceProfile: Limiting resource is cpu
[2024-12-09T01:54:13.242+0000] {spark_submit.py:634} INFO - 24/12/09 01:54:13 INFO ResourceProfileManager: Added ResourceProfile id: 0
[2024-12-09T01:54:13.290+0000] {spark_submit.py:634} INFO - 24/12/09 01:54:13 INFO SecurityManager: Changing view acls to: ***
[2024-12-09T01:54:13.291+0000] {spark_submit.py:634} INFO - 24/12/09 01:54:13 INFO SecurityManager: Changing modify acls to: ***
[2024-12-09T01:54:13.292+0000] {spark_submit.py:634} INFO - 24/12/09 01:54:13 INFO SecurityManager: Changing view acls groups to:
[2024-12-09T01:54:13.292+0000] {spark_submit.py:634} INFO - 24/12/09 01:54:13 INFO SecurityManager: Changing modify acls groups to:
[2024-12-09T01:54:13.293+0000] {spark_submit.py:634} INFO - 24/12/09 01:54:13 INFO SecurityManager: SecurityManager: authentication disabled; ui acls disabled; users with view permissions: ***; groups with view permissions: EMPTY; users with modify permissions: ***; groups with modify permissions: EMPTY
[2024-12-09T01:54:13.537+0000] {spark_submit.py:634} INFO - 24/12/09 01:54:13 INFO Utils: Successfully started service 'sparkDriver' on port 44789.
[2024-12-09T01:54:13.565+0000] {spark_submit.py:634} INFO - 24/12/09 01:54:13 INFO SparkEnv: Registering MapOutputTracker
[2024-12-09T01:54:13.597+0000] {spark_submit.py:634} INFO - 24/12/09 01:54:13 INFO SparkEnv: Registering BlockManagerMaster
[2024-12-09T01:54:13.612+0000] {spark_submit.py:634} INFO - 24/12/09 01:54:13 INFO BlockManagerMasterEndpoint: Using org.apache.spark.storage.DefaultTopologyMapper for getting topology information
[2024-12-09T01:54:13.614+0000] {spark_submit.py:634} INFO - 24/12/09 01:54:13 INFO BlockManagerMasterEndpoint: BlockManagerMasterEndpoint up
[2024-12-09T01:54:13.616+0000] {spark_submit.py:634} INFO - 24/12/09 01:54:13 INFO SparkEnv: Registering BlockManagerMasterHeartbeat
[2024-12-09T01:54:13.638+0000] {spark_submit.py:634} INFO - 24/12/09 01:54:13 INFO DiskBlockManager: Created local directory at /tmp/blockmgr-e2dee38c-3f1e-4593-af6e-fda8eb044b86
[2024-12-09T01:54:13.651+0000] {spark_submit.py:634} INFO - 24/12/09 01:54:13 INFO MemoryStore: MemoryStore started with capacity 434.4 MiB
[2024-12-09T01:54:13.665+0000] {spark_submit.py:634} INFO - 24/12/09 01:54:13 INFO SparkEnv: Registering OutputCommitCoordinator
[2024-12-09T01:54:13.877+0000] {spark_submit.py:634} INFO - 24/12/09 01:54:13 INFO JettyUtils: Start Jetty 0.0.0.0:4040 for SparkUI
[2024-12-09T01:54:13.962+0000] {spark_submit.py:634} INFO - 24/12/09 01:54:13 INFO Utils: Successfully started service 'SparkUI' on port 4040.
[2024-12-09T01:54:14.018+0000] {spark_submit.py:634} INFO - 24/12/09 01:54:14 INFO SparkContext: Added JAR file:/opt/***/jobs/java/spark-job/target/spark-job-1.0-SNAPSHOT.jar at spark://2a892a3469ec:44789/jars/spark-job-1.0-SNAPSHOT.jar with timestamp 1733709252944
[2024-12-09T01:54:14.133+0000] {spark_submit.py:634} INFO - 24/12/09 01:54:14 INFO Executor: Starting executor ID driver on host 2a892a3469ec
[2024-12-09T01:54:14.134+0000] {spark_submit.py:634} INFO - 24/12/09 01:54:14 INFO Executor: OS info Linux, 6.10.14-linuxkit, aarch64
[2024-12-09T01:54:14.138+0000] {spark_submit.py:634} INFO - 24/12/09 01:54:14 INFO Executor: Java version 17.0.13
[2024-12-09T01:54:14.142+0000] {spark_submit.py:634} INFO - 24/12/09 01:54:14 INFO Executor: Starting executor with user classpath (userClassPathFirst = false): ''
[2024-12-09T01:54:14.143+0000] {spark_submit.py:634} INFO - 24/12/09 01:54:14 INFO Executor: Created or updated repl class loader org.apache.spark.util.MutableURLClassLoader@63d5874f for default.
[2024-12-09T01:54:14.204+0000] {spark_submit.py:634} INFO - 24/12/09 01:54:14 INFO Executor: Fetching spark://2a892a3469ec:44789/jars/spark-job-1.0-SNAPSHOT.jar with timestamp 1733709252944
[2024-12-09T01:54:14.279+0000] {spark_submit.py:634} INFO - 24/12/09 01:54:14 INFO TransportClientFactory: Successfully created connection to 2a892a3469ec/172.18.0.4:44789 after 41 ms (0 ms spent in bootstraps)
[2024-12-09T01:54:14.289+0000] {spark_submit.py:634} INFO - 24/12/09 01:54:14 INFO Utils: Fetching spark://2a892a3469ec:44789/jars/spark-job-1.0-SNAPSHOT.jar to /tmp/spark-31e38155-018a-4c35-b040-6fc84aac767c/userFiles-c586d052-8af5-49fb-b7e8-40a35b83604a/fetchFileTemp11549065323915052054.tmp
[2024-12-09T01:54:14.341+0000] {spark_submit.py:634} INFO - 24/12/09 01:54:14 INFO Executor: Adding file:/tmp/spark-31e38155-018a-4c35-b040-6fc84aac767c/userFiles-c586d052-8af5-49fb-b7e8-40a35b83604a/spark-job-1.0-SNAPSHOT.jar to class loader default
[2024-12-09T01:54:14.359+0000] {spark_submit.py:634} INFO - 24/12/09 01:54:14 INFO Utils: Successfully started service 'org.apache.spark.network.netty.NettyBlockTransferService' on port 35431.
[2024-12-09T01:54:14.360+0000] {spark_submit.py:634} INFO - 24/12/09 01:54:14 INFO NettyBlockTransferService: Server created on 2a892a3469ec:35431
[2024-12-09T01:54:14.364+0000] {spark_submit.py:634} INFO - 24/12/09 01:54:14 INFO BlockManager: Using org.apache.spark.storage.RandomBlockReplicationPolicy for block replication policy
[2024-12-09T01:54:14.375+0000] {spark_submit.py:634} INFO - 24/12/09 01:54:14 INFO BlockManagerMaster: Registering BlockManager BlockManagerId(driver, 2a892a3469ec, 35431, None)
[2024-12-09T01:54:14.379+0000] {spark_submit.py:634} INFO - 24/12/09 01:54:14 INFO BlockManagerMasterEndpoint: Registering block manager 2a892a3469ec:35431 with 434.4 MiB RAM, BlockManagerId(driver, 2a892a3469ec, 35431, None)
[2024-12-09T01:54:14.386+0000] {spark_submit.py:634} INFO - 24/12/09 01:54:14 INFO BlockManagerMaster: Registered BlockManager BlockManagerId(driver, 2a892a3469ec, 35431, None)
[2024-12-09T01:54:14.390+0000] {spark_submit.py:634} INFO - 24/12/09 01:54:14 INFO BlockManager: Initialized BlockManager: BlockManagerId(driver, 2a892a3469ec, 35431, None)
[2024-12-09T01:54:15.809+0000] {spark_submit.py:634} INFO - 24/12/09 01:54:15 INFO SparkContext: Starting job: collect at WordCountJob.java:37
[2024-12-09T01:54:15.888+0000] {spark_submit.py:634} INFO - 24/12/09 01:54:15 INFO DAGScheduler: Registering RDD 2 (mapToPair at WordCountJob.java:33) as input to shuffle 0
[2024-12-09T01:54:15.897+0000] {spark_submit.py:634} INFO - 24/12/09 01:54:15 INFO DAGScheduler: Got job 0 (collect at WordCountJob.java:37) with 1 output partitions
[2024-12-09T01:54:15.897+0000] {spark_submit.py:634} INFO - 24/12/09 01:54:15 INFO DAGScheduler: Final stage: ResultStage 1 (collect at WordCountJob.java:37)
[2024-12-09T01:54:15.903+0000] {spark_submit.py:634} INFO - 24/12/09 01:54:15 INFO DAGScheduler: Parents of final stage: List(ShuffleMapStage 0)
[2024-12-09T01:54:15.914+0000] {spark_submit.py:634} INFO - 24/12/09 01:54:15 INFO DAGScheduler: Missing parents: List(ShuffleMapStage 0)
[2024-12-09T01:54:15.919+0000] {spark_submit.py:634} INFO - 24/12/09 01:54:15 INFO DAGScheduler: Submitting ShuffleMapStage 0 (MapPartitionsRDD[2] at mapToPair at WordCountJob.java:33), which has no missing parents
[2024-12-09T01:54:16.126+0000] {spark_submit.py:634} INFO - 24/12/09 01:54:16 INFO MemoryStore: Block broadcast_0 stored as values in memory (estimated size 6.4 KiB, free 434.4 MiB)
[2024-12-09T01:54:16.209+0000] {spark_submit.py:634} INFO - 24/12/09 01:54:16 INFO MemoryStore: Block broadcast_0_piece0 stored as bytes in memory (estimated size 3.4 KiB, free 434.4 MiB)
[2024-12-09T01:54:16.218+0000] {spark_submit.py:634} INFO - 24/12/09 01:54:16 INFO BlockManagerInfo: Added broadcast_0_piece0 in memory on 2a892a3469ec:35431 (size: 3.4 KiB, free: 434.4 MiB)
[2024-12-09T01:54:16.229+0000] {spark_submit.py:634} INFO - 24/12/09 01:54:16 INFO SparkContext: Created broadcast 0 from broadcast at DAGScheduler.scala:1585
[2024-12-09T01:54:16.273+0000] {spark_submit.py:634} INFO - 24/12/09 01:54:16 INFO DAGScheduler: Submitting 1 missing tasks from ShuffleMapStage 0 (MapPartitionsRDD[2] at mapToPair at WordCountJob.java:33) (first 15 tasks are for partitions Vector(0))
[2024-12-09T01:54:16.275+0000] {spark_submit.py:634} INFO - 24/12/09 01:54:16 INFO TaskSchedulerImpl: Adding task set 0.0 with 1 tasks resource profile 0
[2024-12-09T01:54:16.408+0000] {spark_submit.py:634} INFO - 24/12/09 01:54:16 INFO TaskSetManager: Starting task 0.0 in stage 0.0 (TID 0) (2a892a3469ec, executor driver, partition 0, PROCESS_LOCAL, 9249 bytes)
[2024-12-09T01:54:16.451+0000] {spark_submit.py:634} INFO - 24/12/09 01:54:16 INFO Executor: Running task 0.0 in stage 0.0 (TID 0)
[2024-12-09T01:54:16.767+0000] {spark_submit.py:634} INFO - 24/12/09 01:54:16 INFO Executor: Finished task 0.0 in stage 0.0 (TID 0). 1216 bytes result sent to driver
[2024-12-09T01:54:16.795+0000] {spark_submit.py:634} INFO - 24/12/09 01:54:16 INFO TaskSetManager: Finished task 0.0 in stage 0.0 (TID 0) in 437 ms on 2a892a3469ec (executor driver) (1/1)
[2024-12-09T01:54:16.799+0000] {spark_submit.py:634} INFO - 24/12/09 01:54:16 INFO TaskSchedulerImpl: Removed TaskSet 0.0, whose tasks have all completed, from pool
[2024-12-09T01:54:16.823+0000] {spark_submit.py:634} INFO - 24/12/09 01:54:16 INFO DAGScheduler: ShuffleMapStage 0 (mapToPair at WordCountJob.java:33) finished in 0.861 s
[2024-12-09T01:54:16.825+0000] {spark_submit.py:634} INFO - 24/12/09 01:54:16 INFO DAGScheduler: looking for newly runnable stages
[2024-12-09T01:54:16.827+0000] {spark_submit.py:634} INFO - 24/12/09 01:54:16 INFO DAGScheduler: running: Set()
[2024-12-09T01:54:16.828+0000] {spark_submit.py:634} INFO - 24/12/09 01:54:16 INFO DAGScheduler: waiting: Set(ResultStage 1)
[2024-12-09T01:54:16.834+0000] {spark_submit.py:634} INFO - 24/12/09 01:54:16 INFO DAGScheduler: failed: Set()
[2024-12-09T01:54:16.836+0000] {spark_submit.py:634} INFO - 24/12/09 01:54:16 INFO DAGScheduler: Submitting ResultStage 1 (ShuffledRDD[3] at reduceByKey at WordCountJob.java:34), which has no missing parents
[2024-12-09T01:54:16.862+0000] {spark_submit.py:634} INFO - 24/12/09 01:54:16 INFO MemoryStore: Block broadcast_1 stored as values in memory (estimated size 5.2 KiB, free 434.4 MiB)
[2024-12-09T01:54:16.901+0000] {spark_submit.py:634} INFO - 24/12/09 01:54:16 INFO MemoryStore: Block broadcast_1_piece0 stored as bytes in memory (estimated size 2.9 KiB, free 434.4 MiB)
[2024-12-09T01:54:16.907+0000] {spark_submit.py:634} INFO - 24/12/09 01:54:16 INFO BlockManagerInfo: Added broadcast_1_piece0 in memory on 2a892a3469ec:35431 (size: 2.9 KiB, free: 434.4 MiB)
[2024-12-09T01:54:16.910+0000] {spark_submit.py:634} INFO - 24/12/09 01:54:16 INFO SparkContext: Created broadcast 1 from broadcast at DAGScheduler.scala:1585
[2024-12-09T01:54:16.913+0000] {spark_submit.py:634} INFO - 24/12/09 01:54:16 INFO DAGScheduler: Submitting 1 missing tasks from ResultStage 1 (ShuffledRDD[3] at reduceByKey at WordCountJob.java:34) (first 15 tasks are for partitions Vector(0))
[2024-12-09T01:54:16.914+0000] {spark_submit.py:634} INFO - 24/12/09 01:54:16 INFO TaskSchedulerImpl: Adding task set 1.0 with 1 tasks resource profile 0
[2024-12-09T01:54:16.930+0000] {spark_submit.py:634} INFO - 24/12/09 01:54:16 INFO TaskSetManager: Starting task 0.0 in stage 1.0 (TID 1) (2a892a3469ec, executor driver, partition 0, NODE_LOCAL, 9002 bytes)
[2024-12-09T01:54:16.932+0000] {spark_submit.py:634} INFO - 24/12/09 01:54:16 INFO Executor: Running task 0.0 in stage 1.0 (TID 1)
[2024-12-09T01:54:17.025+0000] {spark_submit.py:634} INFO - 24/12/09 01:54:17 INFO ShuffleBlockFetcherIterator: Getting 1 (189.0 B) non-empty blocks including 1 (189.0 B) local and 0 (0.0 B) host-local and 0 (0.0 B) push-merged-local and 0 (0.0 B) remote blocks
[2024-12-09T01:54:17.030+0000] {spark_submit.py:634} INFO - 24/12/09 01:54:17 INFO ShuffleBlockFetcherIterator: Started 0 remote fetches in 19 ms
[2024-12-09T01:54:17.068+0000] {spark_submit.py:634} INFO - 24/12/09 01:54:17 INFO Executor: Finished task 0.0 in stage 1.0 (TID 1). 1958 bytes result sent to driver
[2024-12-09T01:54:17.076+0000] {spark_submit.py:634} INFO - 24/12/09 01:54:17 INFO TaskSetManager: Finished task 0.0 in stage 1.0 (TID 1) in 155 ms on 2a892a3469ec (executor driver) (1/1)
[2024-12-09T01:54:17.079+0000] {spark_submit.py:634} INFO - 24/12/09 01:54:17 INFO TaskSchedulerImpl: Removed TaskSet 1.0, whose tasks have all completed, from pool
[2024-12-09T01:54:17.081+0000] {spark_submit.py:634} INFO - 24/12/09 01:54:17 INFO DAGScheduler: ResultStage 1 (collect at WordCountJob.java:37) finished in 0.223 s
[2024-12-09T01:54:17.092+0000] {spark_submit.py:634} INFO - 24/12/09 01:54:17 INFO DAGScheduler: Job 0 is finished. Cancelling potential speculative or zombie tasks for this job
[2024-12-09T01:54:17.095+0000] {spark_submit.py:634} INFO - 24/12/09 01:54:17 INFO TaskSchedulerImpl: Killing all running tasks in stage 1: Stage finished
[2024-12-09T01:54:17.097+0000] {spark_submit.py:634} INFO - 24/12/09 01:54:17 INFO DAGScheduler: Job 0 finished: collect at WordCountJob.java:37, took 1.284686 s
[2024-12-09T01:54:17.105+0000] {spark_submit.py:634} INFO - spark: 1
[2024-12-09T01:54:17.106+0000] {spark_submit.py:634} INFO - docker: 1
[2024-12-09T01:54:17.106+0000] {spark_submit.py:634} INFO - Yusuf: 1
[2024-12-09T01:54:17.107+0000] {spark_submit.py:634} INFO - hello: 5
[2024-12-09T01:54:17.107+0000] {spark_submit.py:634} INFO - java: 1
[2024-12-09T01:54:17.108+0000] {spark_submit.py:634} INFO - world: 1
[2024-12-09T01:54:17.108+0000] {spark_submit.py:634} INFO - 24/12/09 01:54:17 INFO SparkContext: SparkContext is stopping with exitCode 0.
[2024-12-09T01:54:17.133+0000] {spark_submit.py:634} INFO - 24/12/09 01:54:17 INFO SparkUI: Stopped Spark web UI at http://2a892a3469ec:4040
[2024-12-09T01:54:17.157+0000] {spark_submit.py:634} INFO - 24/12/09 01:54:17 INFO MapOutputTrackerMasterEndpoint: MapOutputTrackerMasterEndpoint stopped!
[2024-12-09T01:54:17.195+0000] {spark_submit.py:634} INFO - 24/12/09 01:54:17 INFO MemoryStore: MemoryStore cleared
[2024-12-09T01:54:17.201+0000] {spark_submit.py:634} INFO - 24/12/09 01:54:17 INFO BlockManager: BlockManager stopped
[2024-12-09T01:54:17.210+0000] {spark_submit.py:634} INFO - 24/12/09 01:54:17 INFO BlockManagerMaster: BlockManagerMaster stopped
[2024-12-09T01:54:17.215+0000] {spark_submit.py:634} INFO - 24/12/09 01:54:17 INFO OutputCommitCoordinator$OutputCommitCoordinatorEndpoint: OutputCommitCoordinator stopped!
[2024-12-09T01:54:17.228+0000] {spark_submit.py:634} INFO - 24/12/09 01:54:17 INFO SparkContext: Successfully stopped SparkContext
[2024-12-09T01:54:17.232+0000] {spark_submit.py:634} INFO - 24/12/09 01:54:17 INFO ShutdownHookManager: Shutdown hook called
[2024-12-09T01:54:17.235+0000] {spark_submit.py:634} INFO - 24/12/09 01:54:17 INFO ShutdownHookManager: Deleting directory /tmp/spark-31e38155-018a-4c35-b040-6fc84aac767c
[2024-12-09T01:54:17.241+0000] {spark_submit.py:634} INFO - 24/12/09 01:54:17 INFO ShutdownHookManager: Deleting directory /tmp/spark-3b911aa2-7270-4787-9825-506ac3c9353f
[2024-12-09T01:54:17.334+0000] {taskinstance.py:340} INFO - ::group::Post task execution logs
[2024-12-09T01:54:17.337+0000] {taskinstance.py:352} INFO - Marking task as SUCCESS. dag_id=sparking_flow, task_id=java_job, run_id=scheduled__2024-12-08T00:00:00+00:00, execution_date=20241208T000000, start_date=20241209T015410, end_date=20241209T015417
[2024-12-09T01:54:17.388+0000] {local_task_job_runner.py:266} INFO - Task exited with return code 0
[2024-12-09T01:54:17.415+0000] {local_task_job_runner.py:245} INFO - ::endgroup::
[2024-12-09T19:43:40.311+0000] {local_task_job_runner.py:123} INFO - ::group::Pre task execution logs
[2024-12-09T19:43:40.334+0000] {taskinstance.py:2613} INFO - Dependencies all met for dep_context=non-requeueable deps ti=<TaskInstance: sparking_flow.java_job scheduled__2024-12-08T00:00:00+00:00 [queued]>
[2024-12-09T19:43:40.347+0000] {taskinstance.py:2613} INFO - Dependencies all met for dep_context=requeueable deps ti=<TaskInstance: sparking_flow.java_job scheduled__2024-12-08T00:00:00+00:00 [queued]>
[2024-12-09T19:43:40.347+0000] {taskinstance.py:2866} INFO - Starting attempt 1 of 1
[2024-12-09T19:43:40.368+0000] {taskinstance.py:2889} INFO - Executing <Task(SparkSubmitOperator): java_job> on 2024-12-08 00:00:00+00:00
[2024-12-09T19:43:40.380+0000] {standard_task_runner.py:104} INFO - Running: ['***', 'tasks', 'run', 'sparking_flow', 'java_job', 'scheduled__2024-12-08T00:00:00+00:00', '--job-id', '6', '--raw', '--subdir', 'DAGS_FOLDER/spark_***.py', '--cfg-path', '/tmp/tmpep5iq09i']
[2024-12-09T19:43:40.382+0000] {logging_mixin.py:190} WARNING - /home/***/.local/lib/python3.12/site-packages/***/task/task_runner/standard_task_runner.py:70 DeprecationWarning: This process (pid=199) is multi-threaded, use of fork() may lead to deadlocks in the child.
[2024-12-09T19:43:40.383+0000] {standard_task_runner.py:105} INFO - Job 6: Subtask java_job
[2024-12-09T19:43:40.384+0000] {standard_task_runner.py:72} INFO - Started process 200 to run task
[2024-12-09T19:43:40.475+0000] {task_command.py:467} INFO - Running <TaskInstance: sparking_flow.java_job scheduled__2024-12-08T00:00:00+00:00 [running]> on host 0f591f475d73
[2024-12-09T19:43:40.588+0000] {taskinstance.py:3132} INFO - Exporting env vars: AIRFLOW_CTX_DAG_OWNER='Harsha Vardhan' AIRFLOW_CTX_DAG_ID='sparking_flow' AIRFLOW_CTX_TASK_ID='java_job' AIRFLOW_CTX_EXECUTION_DATE='2024-12-08T00:00:00+00:00' AIRFLOW_CTX_TRY_NUMBER='1' AIRFLOW_CTX_DAG_RUN_ID='scheduled__2024-12-08T00:00:00+00:00'
[2024-12-09T19:43:40.589+0000] {taskinstance.py:731} INFO - ::endgroup::
[2024-12-09T19:43:40.877+0000] {base.py:84} INFO - Retrieving connection 'spark-conn'
[2024-12-09T19:43:40.879+0000] {spark_submit.py:473} INFO - Spark-Submit cmd: spark-submit --master :7077 --name arrow-spark --class com.airscholar.spark.WordCountJob --deploy-mode client jobs/java/spark-job/target/spark-job-1.0-SNAPSHOT.jar
[2024-12-09T19:43:49.458+0000] {spark_submit.py:634} INFO - Exception in thread "main" org.apache.spark.SparkException: Master must either be yarn or start with spark, mesos, k8s, or local
[2024-12-09T19:43:49.465+0000] {spark_submit.py:634} INFO - at org.apache.spark.deploy.SparkSubmit.error(SparkSubmit.scala:1047)
[2024-12-09T19:43:49.466+0000] {spark_submit.py:634} INFO - at org.apache.spark.deploy.SparkSubmit.prepareSubmitEnvironment(SparkSubmit.scala:256)
[2024-12-09T19:43:49.467+0000] {spark_submit.py:634} INFO - at org.apache.spark.deploy.SparkSubmit.org$apache$spark$deploy$SparkSubmit$$runMain(SparkSubmit.scala:964)
[2024-12-09T19:43:49.469+0000] {spark_submit.py:634} INFO - at org.apache.spark.deploy.SparkSubmit.doRunMain$1(SparkSubmit.scala:194)
[2024-12-09T19:43:49.470+0000] {spark_submit.py:634} INFO - at org.apache.spark.deploy.SparkSubmit.submit(SparkSubmit.scala:217)
[2024-12-09T19:43:49.470+0000] {spark_submit.py:634} INFO - at org.apache.spark.deploy.SparkSubmit.doSubmit(SparkSubmit.scala:91)
[2024-12-09T19:43:49.471+0000] {spark_submit.py:634} INFO - at org.apache.spark.deploy.SparkSubmit$$anon$2.doSubmit(SparkSubmit.scala:1120)
[2024-12-09T19:43:49.472+0000] {spark_submit.py:634} INFO - at org.apache.spark.deploy.SparkSubmit$.main(SparkSubmit.scala:1129)
[2024-12-09T19:43:49.472+0000] {spark_submit.py:634} INFO - at org.apache.spark.deploy.SparkSubmit.main(SparkSubmit.scala)
[2024-12-09T19:43:49.713+0000] {taskinstance.py:3311} ERROR - Task failed with exception
Traceback (most recent call last):
  File "/home/airflow/.local/lib/python3.12/site-packages/airflow/models/taskinstance.py", line 767, in _execute_task
    result = _execute_callable(context=context, **execute_callable_kwargs)
             ^^^^^^^^^^^^^^^^^^^^^^^^^^^^^^^^^^^^^^^^^^^^^^^^^^^^^^^^^^^^^
  File "/home/airflow/.local/lib/python3.12/site-packages/airflow/models/taskinstance.py", line 733, in _execute_callable
    return ExecutionCallableRunner(
           ^^^^^^^^^^^^^^^^^^^^^^^^
  File "/home/airflow/.local/lib/python3.12/site-packages/airflow/utils/operator_helpers.py", line 252, in run
    return self.func(*args, **kwargs)
           ^^^^^^^^^^^^^^^^^^^^^^^^^^
  File "/home/airflow/.local/lib/python3.12/site-packages/airflow/models/baseoperator.py", line 417, in wrapper
    return func(self, *args, **kwargs)
           ^^^^^^^^^^^^^^^^^^^^^^^^^^^
  File "/home/airflow/.local/lib/python3.12/site-packages/airflow/providers/apache/spark/operators/spark_submit.py", line 176, in execute
    self._hook.submit(self.application)
  File "/home/airflow/.local/lib/python3.12/site-packages/airflow/providers/apache/spark/hooks/spark_submit.py", line 560, in submit
    raise AirflowException(
airflow.exceptions.AirflowException: Cannot execute: spark-submit --master :7077 --name arrow-spark --class com.airscholar.spark.WordCountJob --deploy-mode client jobs/java/spark-job/target/spark-job-1.0-SNAPSHOT.jar. Error code is: 1.
[2024-12-09T19:43:49.743+0000] {taskinstance.py:1225} INFO - Marking task as FAILED. dag_id=sparking_flow, task_id=java_job, run_id=scheduled__2024-12-08T00:00:00+00:00, execution_date=20241208T000000, start_date=20241209T194340, end_date=20241209T194349
[2024-12-09T19:43:49.818+0000] {taskinstance.py:340} INFO - ::group::Post task execution logs
[2024-12-09T19:43:49.820+0000] {standard_task_runner.py:124} ERROR - Failed to execute job 6 for task java_job (Cannot execute: spark-submit --master :7077 --name arrow-spark --class com.airscholar.spark.WordCountJob --deploy-mode client jobs/java/spark-job/target/spark-job-1.0-SNAPSHOT.jar. Error code is: 1.; 200)
Traceback (most recent call last):
  File "/home/airflow/.local/lib/python3.12/site-packages/airflow/task/task_runner/standard_task_runner.py", line 117, in _start_by_fork
    ret = args.func(args, dag=self.dag)
          ^^^^^^^^^^^^^^^^^^^^^^^^^^^^^
  File "/home/airflow/.local/lib/python3.12/site-packages/airflow/cli/cli_config.py", line 49, in command
    return func(*args, **kwargs)
           ^^^^^^^^^^^^^^^^^^^^^
  File "/home/airflow/.local/lib/python3.12/site-packages/airflow/utils/cli.py", line 116, in wrapper
    return f(*args, **kwargs)
           ^^^^^^^^^^^^^^^^^^
  File "/home/airflow/.local/lib/python3.12/site-packages/airflow/cli/commands/task_command.py", line 483, in task_run
    task_return_code = _run_task_by_selected_method(args, _dag, ti)
                       ^^^^^^^^^^^^^^^^^^^^^^^^^^^^^^^^^^^^^^^^^^^^
  File "/home/airflow/.local/lib/python3.12/site-packages/airflow/cli/commands/task_command.py", line 256, in _run_task_by_selected_method
    return _run_raw_task(args, ti)
           ^^^^^^^^^^^^^^^^^^^^^^^
  File "/home/airflow/.local/lib/python3.12/site-packages/airflow/cli/commands/task_command.py", line 341, in _run_raw_task
    return ti._run_raw_task(
           ^^^^^^^^^^^^^^^^^
  File "/home/airflow/.local/lib/python3.12/site-packages/airflow/utils/session.py", line 97, in wrapper
    return func(*args, session=session, **kwargs)
           ^^^^^^^^^^^^^^^^^^^^^^^^^^^^^^^^^^^^^^
  File "/home/airflow/.local/lib/python3.12/site-packages/airflow/models/taskinstance.py", line 3005, in _run_raw_task
    return _run_raw_task(
           ^^^^^^^^^^^^^^
  File "/home/airflow/.local/lib/python3.12/site-packages/airflow/models/taskinstance.py", line 273, in _run_raw_task
    TaskInstance._execute_task_with_callbacks(
  File "/home/airflow/.local/lib/python3.12/site-packages/airflow/models/taskinstance.py", line 3159, in _execute_task_with_callbacks
    result = self._execute_task(context, task_orig)
             ^^^^^^^^^^^^^^^^^^^^^^^^^^^^^^^^^^^^^^
  File "/home/airflow/.local/lib/python3.12/site-packages/airflow/models/taskinstance.py", line 3183, in _execute_task
    return _execute_task(self, context, task_orig)
           ^^^^^^^^^^^^^^^^^^^^^^^^^^^^^^^^^^^^^^^
  File "/home/airflow/.local/lib/python3.12/site-packages/airflow/models/taskinstance.py", line 767, in _execute_task
    result = _execute_callable(context=context, **execute_callable_kwargs)
             ^^^^^^^^^^^^^^^^^^^^^^^^^^^^^^^^^^^^^^^^^^^^^^^^^^^^^^^^^^^^^
  File "/home/airflow/.local/lib/python3.12/site-packages/airflow/models/taskinstance.py", line 733, in _execute_callable
    return ExecutionCallableRunner(
           ^^^^^^^^^^^^^^^^^^^^^^^^
  File "/home/airflow/.local/lib/python3.12/site-packages/airflow/utils/operator_helpers.py", line 252, in run
    return self.func(*args, **kwargs)
           ^^^^^^^^^^^^^^^^^^^^^^^^^^
  File "/home/airflow/.local/lib/python3.12/site-packages/airflow/models/baseoperator.py", line 417, in wrapper
    return func(self, *args, **kwargs)
           ^^^^^^^^^^^^^^^^^^^^^^^^^^^
  File "/home/airflow/.local/lib/python3.12/site-packages/airflow/providers/apache/spark/operators/spark_submit.py", line 176, in execute
    self._hook.submit(self.application)
  File "/home/airflow/.local/lib/python3.12/site-packages/airflow/providers/apache/spark/hooks/spark_submit.py", line 560, in submit
    raise AirflowException(
airflow.exceptions.AirflowException: Cannot execute: spark-submit --master :7077 --name arrow-spark --class com.airscholar.spark.WordCountJob --deploy-mode client jobs/java/spark-job/target/spark-job-1.0-SNAPSHOT.jar. Error code is: 1.
[2024-12-09T19:43:49.869+0000] {local_task_job_runner.py:266} INFO - Task exited with return code 1
[2024-12-09T19:43:49.980+0000] {taskinstance.py:3895} INFO - 0 downstream tasks scheduled from follow-on schedule check
[2024-12-09T19:43:49.988+0000] {local_task_job_runner.py:245} INFO - ::endgroup::
