[2024-12-09T18:59:46.488+0000] {local_task_job_runner.py:123} INFO - ::group::Pre task execution logs
[2024-12-09T18:59:46.524+0000] {taskinstance.py:2613} INFO - Dependencies all met for dep_context=non-requeueable deps ti=<TaskInstance: sparking_flow.scala_job manual__2024-12-09T18:59:44.214675+00:00 [queued]>
[2024-12-09T18:59:46.543+0000] {taskinstance.py:2613} INFO - Dependencies all met for dep_context=requeueable deps ti=<TaskInstance: sparking_flow.scala_job manual__2024-12-09T18:59:44.214675+00:00 [queued]>
[2024-12-09T18:59:46.544+0000] {taskinstance.py:2866} INFO - Starting attempt 1 of 1
[2024-12-09T18:59:46.566+0000] {taskinstance.py:2889} INFO - Executing <Task(SparkSubmitOperator): scala_job> on 2024-12-09 18:59:44.214675+00:00
[2024-12-09T18:59:46.579+0000] {standard_task_runner.py:104} INFO - Running: ['***', 'tasks', 'run', 'sparking_flow', 'scala_job', 'manual__2024-12-09T18:59:44.214675+00:00', '--job-id', '605', '--raw', '--subdir', 'DAGS_FOLDER/spark_***.py', '--cfg-path', '/tmp/tmpeguzhoc3']
[2024-12-09T18:59:46.583+0000] {logging_mixin.py:190} WARNING - /home/***/.local/lib/python3.12/site-packages/***/task/task_runner/standard_task_runner.py:70 DeprecationWarning: This process (pid=187) is multi-threaded, use of fork() may lead to deadlocks in the child.
[2024-12-09T18:59:46.586+0000] {standard_task_runner.py:105} INFO - Job 605: Subtask scala_job
[2024-12-09T18:59:46.586+0000] {standard_task_runner.py:72} INFO - Started process 189 to run task
[2024-12-09T18:59:46.705+0000] {task_command.py:467} INFO - Running <TaskInstance: sparking_flow.scala_job manual__2024-12-09T18:59:44.214675+00:00 [running]> on host 203ed93171f9
[2024-12-09T18:59:46.851+0000] {taskinstance.py:3132} INFO - Exporting env vars: AIRFLOW_CTX_DAG_OWNER='Yusuf Ganiyu' AIRFLOW_CTX_DAG_ID='sparking_flow' AIRFLOW_CTX_TASK_ID='scala_job' AIRFLOW_CTX_EXECUTION_DATE='2024-12-09T18:59:44.214675+00:00' AIRFLOW_CTX_TRY_NUMBER='1' AIRFLOW_CTX_DAG_RUN_ID='manual__2024-12-09T18:59:44.214675+00:00'
[2024-12-09T18:59:46.852+0000] {taskinstance.py:731} INFO - ::endgroup::
[2024-12-09T18:59:47.156+0000] {base.py:84} INFO - Retrieving connection 'spark-conn'
[2024-12-09T18:59:47.158+0000] {spark_submit.py:473} INFO - Spark-Submit cmd: spark-submit --master spark://sparkingflow-spark-master-1:7077 --name arrow-spark --deploy-mode client jobs/scala/target/scala-2.12/word-count_2.12-0.1.jar
[2024-12-09T18:59:52.190+0000] {spark_submit.py:634} INFO - 24/12/09 18:59:52 WARN NativeCodeLoader: Unable to load native-hadoop library for your platform... using builtin-java classes where applicable
[2024-12-09T18:59:52.786+0000] {spark_submit.py:634} INFO - 24/12/09 18:59:52 INFO SparkContext: Running Spark version 3.5.3
[2024-12-09T18:59:52.787+0000] {spark_submit.py:634} INFO - 24/12/09 18:59:52 INFO SparkContext: OS info Linux, 6.10.14-linuxkit, aarch64
[2024-12-09T18:59:52.788+0000] {spark_submit.py:634} INFO - 24/12/09 18:59:52 INFO SparkContext: Java version 17.0.13
[2024-12-09T18:59:52.843+0000] {spark_submit.py:634} INFO - 24/12/09 18:59:52 INFO ResourceUtils: ==============================================================
[2024-12-09T18:59:52.845+0000] {spark_submit.py:634} INFO - 24/12/09 18:59:52 INFO ResourceUtils: No custom resources configured for spark.driver.
[2024-12-09T18:59:52.847+0000] {spark_submit.py:634} INFO - 24/12/09 18:59:52 INFO ResourceUtils: ==============================================================
[2024-12-09T18:59:52.850+0000] {spark_submit.py:634} INFO - 24/12/09 18:59:52 INFO SparkContext: Submitted application: Word Count
[2024-12-09T18:59:52.950+0000] {spark_submit.py:634} INFO - 24/12/09 18:59:52 INFO ResourceProfile: Default ResourceProfile created, executor resources: Map(memory -> name: memory, amount: 1024, script: , vendor: , offHeap -> name: offHeap, amount: 0, script: , vendor: ), task resources: Map(cpus -> name: cpus, amount: 1.0)
[2024-12-09T18:59:52.961+0000] {spark_submit.py:634} INFO - 24/12/09 18:59:52 INFO ResourceProfile: Limiting resource is cpu
[2024-12-09T18:59:52.962+0000] {spark_submit.py:634} INFO - 24/12/09 18:59:52 INFO ResourceProfileManager: Added ResourceProfile id: 0
[2024-12-09T18:59:53.032+0000] {spark_submit.py:634} INFO - 24/12/09 18:59:53 INFO SecurityManager: Changing view acls to: root
[2024-12-09T18:59:53.035+0000] {spark_submit.py:634} INFO - 24/12/09 18:59:53 INFO SecurityManager: Changing modify acls to: root
[2024-12-09T18:59:53.036+0000] {spark_submit.py:634} INFO - 24/12/09 18:59:53 INFO SecurityManager: Changing view acls groups to:
[2024-12-09T18:59:53.039+0000] {spark_submit.py:634} INFO - 24/12/09 18:59:53 INFO SecurityManager: Changing modify acls groups to:
[2024-12-09T18:59:53.040+0000] {spark_submit.py:634} INFO - 24/12/09 18:59:53 INFO SecurityManager: SecurityManager: authentication disabled; ui acls disabled; users with view permissions: root; groups with view permissions: EMPTY; users with modify permissions: root; groups with modify permissions: EMPTY
[2024-12-09T18:59:53.491+0000] {spark_submit.py:634} INFO - 24/12/09 18:59:53 INFO Utils: Successfully started service 'sparkDriver' on port 36595.
[2024-12-09T18:59:53.577+0000] {spark_submit.py:634} INFO - 24/12/09 18:59:53 INFO SparkEnv: Registering MapOutputTracker
[2024-12-09T18:59:53.659+0000] {spark_submit.py:634} INFO - 24/12/09 18:59:53 INFO SparkEnv: Registering BlockManagerMaster
[2024-12-09T18:59:53.702+0000] {spark_submit.py:634} INFO - 24/12/09 18:59:53 INFO BlockManagerMasterEndpoint: Using org.apache.spark.storage.DefaultTopologyMapper for getting topology information
[2024-12-09T18:59:53.705+0000] {spark_submit.py:634} INFO - 24/12/09 18:59:53 INFO BlockManagerMasterEndpoint: BlockManagerMasterEndpoint up
[2024-12-09T18:59:53.718+0000] {spark_submit.py:634} INFO - 24/12/09 18:59:53 INFO SparkEnv: Registering BlockManagerMasterHeartbeat
[2024-12-09T18:59:53.824+0000] {spark_submit.py:634} INFO - 24/12/09 18:59:53 INFO DiskBlockManager: Created local directory at /tmp/blockmgr-684bbb36-c330-4f91-974c-695119c81ac7
[2024-12-09T18:59:53.854+0000] {spark_submit.py:634} INFO - 24/12/09 18:59:53 INFO MemoryStore: MemoryStore started with capacity 434.4 MiB
[2024-12-09T18:59:53.944+0000] {spark_submit.py:634} INFO - 24/12/09 18:59:53 INFO SparkEnv: Registering OutputCommitCoordinator
[2024-12-09T18:59:54.319+0000] {spark_submit.py:634} INFO - 24/12/09 18:59:54 INFO JettyUtils: Start Jetty 0.0.0.0:4040 for SparkUI
[2024-12-09T18:59:54.446+0000] {spark_submit.py:634} INFO - 24/12/09 18:59:54 INFO Utils: Successfully started service 'SparkUI' on port 4040.
[2024-12-09T18:59:54.528+0000] {spark_submit.py:634} INFO - 24/12/09 18:59:54 INFO SparkContext: Added JAR file:/opt/***/jobs/scala/target/scala-2.12/word-count_2.12-0.1.jar at spark://203ed93171f9:36595/jars/word-count_2.12-0.1.jar with timestamp 1733770792770
[2024-12-09T18:59:54.811+0000] {spark_submit.py:634} INFO - 24/12/09 18:59:54 INFO StandaloneAppClient$ClientEndpoint: Connecting to master spark://spark-master:7077...
[2024-12-09T18:59:54.975+0000] {spark_submit.py:634} INFO - 24/12/09 18:59:54 INFO TransportClientFactory: Successfully created connection to spark-master/172.18.0.5:7077 after 75 ms (0 ms spent in bootstraps)
[2024-12-09T18:59:55.498+0000] {spark_submit.py:634} INFO - 24/12/09 18:59:55 INFO StandaloneSchedulerBackend: Connected to Spark cluster with app ID app-20241209185955-0000
[2024-12-09T18:59:55.517+0000] {spark_submit.py:634} INFO - 24/12/09 18:59:55 INFO Utils: Successfully started service 'org.apache.spark.network.netty.NettyBlockTransferService' on port 39199.
[2024-12-09T18:59:55.518+0000] {spark_submit.py:634} INFO - 24/12/09 18:59:55 INFO NettyBlockTransferService: Server created on 203ed93171f9:39199
[2024-12-09T18:59:55.521+0000] {spark_submit.py:634} INFO - 24/12/09 18:59:55 INFO BlockManager: Using org.apache.spark.storage.RandomBlockReplicationPolicy for block replication policy
[2024-12-09T18:59:55.536+0000] {spark_submit.py:634} INFO - 24/12/09 18:59:55 INFO BlockManagerMaster: Registering BlockManager BlockManagerId(driver, 203ed93171f9, 39199, None)
[2024-12-09T18:59:55.546+0000] {spark_submit.py:634} INFO - 24/12/09 18:59:55 INFO BlockManagerMasterEndpoint: Registering block manager 203ed93171f9:39199 with 434.4 MiB RAM, BlockManagerId(driver, 203ed93171f9, 39199, None)
[2024-12-09T18:59:55.552+0000] {spark_submit.py:634} INFO - 24/12/09 18:59:55 INFO BlockManagerMaster: Registered BlockManager BlockManagerId(driver, 203ed93171f9, 39199, None)
[2024-12-09T18:59:55.555+0000] {spark_submit.py:634} INFO - 24/12/09 18:59:55 INFO BlockManager: Initialized BlockManager: BlockManagerId(driver, 203ed93171f9, 39199, None)
[2024-12-09T18:59:55.560+0000] {spark_submit.py:634} INFO - 24/12/09 18:59:55 INFO StandaloneAppClient$ClientEndpoint: Executor added: app-20241209185955-0000/0 on worker-20241209185919-172.18.0.6-42093 (172.18.0.6:42093) with 2 core(s)
[2024-12-09T18:59:55.563+0000] {spark_submit.py:634} INFO - 24/12/09 18:59:55 INFO StandaloneSchedulerBackend: Granted executor ID app-20241209185955-0000/0 on hostPort 172.18.0.6:42093 with 2 core(s), 1024.0 MiB RAM
[2024-12-09T18:59:56.300+0000] {spark_submit.py:634} INFO - 24/12/09 18:59:56 INFO StandaloneAppClient$ClientEndpoint: Executor updated: app-20241209185955-0000/0 is now RUNNING
[2024-12-09T18:59:56.516+0000] {spark_submit.py:634} INFO - 24/12/09 18:59:56 INFO StandaloneSchedulerBackend: SchedulerBackend is ready for scheduling beginning after reached minRegisteredResourcesRatio: 0.0
[2024-12-09T18:59:58.469+0000] {spark_submit.py:634} INFO - 24/12/09 18:59:58 INFO SparkContext: Starting job: collect at wordcount.scala:14
[2024-12-09T19:00:00.143+0000] {spark_submit.py:634} INFO - 24/12/09 19:00:00 INFO DAGScheduler: Registering RDD 2 (map at wordcount.scala:11) as input to shuffle 0
[2024-12-09T19:00:00.182+0000] {spark_submit.py:634} INFO - 24/12/09 19:00:00 INFO DAGScheduler: Got job 0 (collect at wordcount.scala:14) with 2 output partitions
[2024-12-09T19:00:00.184+0000] {spark_submit.py:634} INFO - 24/12/09 19:00:00 INFO DAGScheduler: Final stage: ResultStage 1 (collect at wordcount.scala:14)
[2024-12-09T19:00:00.185+0000] {spark_submit.py:634} INFO - 24/12/09 19:00:00 INFO DAGScheduler: Parents of final stage: List(ShuffleMapStage 0)
[2024-12-09T19:00:00.191+0000] {spark_submit.py:634} INFO - 24/12/09 19:00:00 INFO DAGScheduler: Missing parents: List(ShuffleMapStage 0)
[2024-12-09T19:00:00.262+0000] {spark_submit.py:634} INFO - 24/12/09 19:00:00 INFO DAGScheduler: Submitting ShuffleMapStage 0 (MapPartitionsRDD[2] at map at wordcount.scala:11), which has no missing parents
[2024-12-09T19:00:00.675+0000] {spark_submit.py:634} INFO - 24/12/09 19:00:00 INFO MemoryStore: Block broadcast_0 stored as values in memory (estimated size 5.5 KiB, free 434.4 MiB)
[2024-12-09T19:00:00.776+0000] {spark_submit.py:634} INFO - 24/12/09 19:00:00 INFO MemoryStore: Block broadcast_0_piece0 stored as bytes in memory (estimated size 3.2 KiB, free 434.4 MiB)
[2024-12-09T19:00:00.799+0000] {spark_submit.py:634} INFO - 24/12/09 19:00:00 INFO BlockManagerInfo: Added broadcast_0_piece0 in memory on 203ed93171f9:39199 (size: 3.2 KiB, free: 434.4 MiB)
[2024-12-09T19:00:00.810+0000] {spark_submit.py:634} INFO - 24/12/09 19:00:00 INFO SparkContext: Created broadcast 0 from broadcast at DAGScheduler.scala:1585
[2024-12-09T19:00:00.909+0000] {spark_submit.py:634} INFO - 24/12/09 19:00:00 INFO DAGScheduler: Submitting 2 missing tasks from ShuffleMapStage 0 (MapPartitionsRDD[2] at map at wordcount.scala:11) (first 15 tasks are for partitions Vector(0, 1))
[2024-12-09T19:00:00.913+0000] {spark_submit.py:634} INFO - 24/12/09 19:00:00 INFO TaskSchedulerImpl: Adding task set 0.0 with 2 tasks resource profile 0
[2024-12-09T19:00:05.086+0000] {spark_submit.py:634} INFO - 24/12/09 19:00:05 INFO StandaloneSchedulerBackend$StandaloneDriverEndpoint: Registered executor NettyRpcEndpointRef(spark-client://Executor) (172.18.0.6:44654) with ID 0,  ResourceProfileId 0
[2024-12-09T19:00:05.228+0000] {spark_submit.py:634} INFO - 24/12/09 19:00:05 INFO BlockManagerMasterEndpoint: Registering block manager 172.18.0.6:46125 with 434.4 MiB RAM, BlockManagerId(0, 172.18.0.6, 46125, None)
[2024-12-09T19:00:05.686+0000] {spark_submit.py:634} INFO - 24/12/09 19:00:05 INFO TaskSetManager: Starting task 0.0 in stage 0.0 (TID 0) (172.18.0.6, executor 0, partition 0, PROCESS_LOCAL, 9198 bytes)
[2024-12-09T19:00:05.705+0000] {spark_submit.py:634} INFO - 24/12/09 19:00:05 INFO TaskSetManager: Starting task 1.0 in stage 0.0 (TID 1) (172.18.0.6, executor 0, partition 1, PROCESS_LOCAL, 9213 bytes)
[2024-12-09T19:00:06.206+0000] {spark_submit.py:634} INFO - 24/12/09 19:00:06 INFO BlockManagerInfo: Added broadcast_0_piece0 in memory on 172.18.0.6:46125 (size: 3.2 KiB, free: 434.4 MiB)
[2024-12-09T19:00:07.581+0000] {spark_submit.py:634} INFO - 24/12/09 19:00:07 INFO TaskSetManager: Finished task 1.0 in stage 0.0 (TID 1) in 1869 ms on 172.18.0.6 (executor 0) (1/2)
[2024-12-09T19:00:07.585+0000] {spark_submit.py:634} INFO - 24/12/09 19:00:07 INFO TaskSetManager: Finished task 0.0 in stage 0.0 (TID 0) in 1921 ms on 172.18.0.6 (executor 0) (2/2)
[2024-12-09T19:00:07.586+0000] {spark_submit.py:634} INFO - 24/12/09 19:00:07 INFO TaskSchedulerImpl: Removed TaskSet 0.0, whose tasks have all completed, from pool
[2024-12-09T19:00:07.604+0000] {spark_submit.py:634} INFO - 24/12/09 19:00:07 INFO DAGScheduler: ShuffleMapStage 0 (map at wordcount.scala:11) finished in 7.248 s
[2024-12-09T19:00:07.605+0000] {spark_submit.py:634} INFO - 24/12/09 19:00:07 INFO DAGScheduler: looking for newly runnable stages
[2024-12-09T19:00:07.606+0000] {spark_submit.py:634} INFO - 24/12/09 19:00:07 INFO DAGScheduler: running: Set()
[2024-12-09T19:00:07.606+0000] {spark_submit.py:634} INFO - 24/12/09 19:00:07 INFO DAGScheduler: waiting: Set(ResultStage 1)
[2024-12-09T19:00:07.607+0000] {spark_submit.py:634} INFO - 24/12/09 19:00:07 INFO DAGScheduler: failed: Set()
[2024-12-09T19:00:07.623+0000] {spark_submit.py:634} INFO - 24/12/09 19:00:07 INFO DAGScheduler: Submitting ResultStage 1 (ShuffledRDD[3] at reduceByKey at wordcount.scala:12), which has no missing parents
[2024-12-09T19:00:07.648+0000] {spark_submit.py:634} INFO - 24/12/09 19:00:07 INFO MemoryStore: Block broadcast_1 stored as values in memory (estimated size 5.2 KiB, free 434.4 MiB)
[2024-12-09T19:00:07.692+0000] {spark_submit.py:634} INFO - 24/12/09 19:00:07 INFO MemoryStore: Block broadcast_1_piece0 stored as bytes in memory (estimated size 3.1 KiB, free 434.4 MiB)
[2024-12-09T19:00:07.693+0000] {spark_submit.py:634} INFO - 24/12/09 19:00:07 INFO BlockManagerInfo: Added broadcast_1_piece0 in memory on 203ed93171f9:39199 (size: 3.1 KiB, free: 434.4 MiB)
[2024-12-09T19:00:07.696+0000] {spark_submit.py:634} INFO - 24/12/09 19:00:07 INFO SparkContext: Created broadcast 1 from broadcast at DAGScheduler.scala:1585
[2024-12-09T19:00:07.706+0000] {spark_submit.py:634} INFO - 24/12/09 19:00:07 INFO DAGScheduler: Submitting 2 missing tasks from ResultStage 1 (ShuffledRDD[3] at reduceByKey at wordcount.scala:12) (first 15 tasks are for partitions Vector(0, 1))
[2024-12-09T19:00:07.707+0000] {spark_submit.py:634} INFO - 24/12/09 19:00:07 INFO TaskSchedulerImpl: Adding task set 1.0 with 2 tasks resource profile 0
[2024-12-09T19:00:07.720+0000] {spark_submit.py:634} INFO - 24/12/09 19:00:07 INFO TaskSetManager: Starting task 0.0 in stage 1.0 (TID 2) (172.18.0.6, executor 0, partition 0, NODE_LOCAL, 9003 bytes)
[2024-12-09T19:00:07.721+0000] {spark_submit.py:634} INFO - 24/12/09 19:00:07 INFO TaskSetManager: Starting task 1.0 in stage 1.0 (TID 3) (172.18.0.6, executor 0, partition 1, NODE_LOCAL, 9003 bytes)
[2024-12-09T19:00:07.778+0000] {spark_submit.py:634} INFO - 24/12/09 19:00:07 INFO BlockManagerInfo: Added broadcast_1_piece0 in memory on 172.18.0.6:46125 (size: 3.1 KiB, free: 434.4 MiB)
[2024-12-09T19:00:07.978+0000] {spark_submit.py:634} INFO - 24/12/09 19:00:07 INFO MapOutputTrackerMasterEndpoint: Asked to send map output locations for shuffle 0 to 172.18.0.6:44654
[2024-12-09T19:00:08.273+0000] {spark_submit.py:634} INFO - 24/12/09 19:00:08 INFO TaskSetManager: Finished task 0.0 in stage 1.0 (TID 2) in 557 ms on 172.18.0.6 (executor 0) (1/2)
[2024-12-09T19:00:08.277+0000] {spark_submit.py:634} INFO - 24/12/09 19:00:08 INFO TaskSetManager: Finished task 1.0 in stage 1.0 (TID 3) in 558 ms on 172.18.0.6 (executor 0) (2/2)
[2024-12-09T19:00:08.279+0000] {spark_submit.py:634} INFO - 24/12/09 19:00:08 INFO TaskSchedulerImpl: Removed TaskSet 1.0, whose tasks have all completed, from pool
[2024-12-09T19:00:08.281+0000] {spark_submit.py:634} INFO - 24/12/09 19:00:08 INFO DAGScheduler: ResultStage 1 (collect at wordcount.scala:14) finished in 0.638 s
[2024-12-09T19:00:08.285+0000] {spark_submit.py:634} INFO - 24/12/09 19:00:08 INFO DAGScheduler: Job 0 is finished. Cancelling potential speculative or zombie tasks for this job
[2024-12-09T19:00:08.286+0000] {spark_submit.py:634} INFO - 24/12/09 19:00:08 INFO TaskSchedulerImpl: Killing all running tasks in stage 1: Stage finished
[2024-12-09T19:00:08.290+0000] {spark_submit.py:634} INFO - 24/12/09 19:00:08 INFO DAGScheduler: Job 0 finished: collect at wordcount.scala:14, took 9.833854 s
[2024-12-09T19:00:08.305+0000] {spark_submit.py:634} INFO - (Hello,5)
[2024-12-09T19:00:08.306+0000] {spark_submit.py:634} INFO - (Yusuf,1)
[2024-12-09T19:00:08.307+0000] {spark_submit.py:634} INFO - (World,1)
[2024-12-09T19:00:08.307+0000] {spark_submit.py:634} INFO - (Scala,1)
[2024-12-09T19:00:08.308+0000] {spark_submit.py:634} INFO - (Docker,1)
[2024-12-09T19:00:08.308+0000] {spark_submit.py:634} INFO - (spark,1)
[2024-12-09T19:00:08.309+0000] {spark_submit.py:634} INFO - 24/12/09 19:00:08 INFO SparkContext: SparkContext is stopping with exitCode 0.
[2024-12-09T19:00:08.329+0000] {spark_submit.py:634} INFO - 24/12/09 19:00:08 INFO SparkUI: Stopped Spark web UI at http://203ed93171f9:4040
[2024-12-09T19:00:08.336+0000] {spark_submit.py:634} INFO - 24/12/09 19:00:08 INFO StandaloneSchedulerBackend: Shutting down all executors
[2024-12-09T19:00:08.336+0000] {spark_submit.py:634} INFO - 24/12/09 19:00:08 INFO StandaloneSchedulerBackend$StandaloneDriverEndpoint: Asking each executor to shut down
[2024-12-09T19:00:08.393+0000] {spark_submit.py:634} INFO - 24/12/09 19:00:08 INFO MapOutputTrackerMasterEndpoint: MapOutputTrackerMasterEndpoint stopped!
[2024-12-09T19:00:08.515+0000] {spark_submit.py:634} INFO - 24/12/09 19:00:08 INFO MemoryStore: MemoryStore cleared
[2024-12-09T19:00:08.517+0000] {spark_submit.py:634} INFO - 24/12/09 19:00:08 INFO BlockManager: BlockManager stopped
[2024-12-09T19:00:08.558+0000] {spark_submit.py:634} INFO - 24/12/09 19:00:08 INFO BlockManagerMaster: BlockManagerMaster stopped
[2024-12-09T19:00:08.577+0000] {spark_submit.py:634} INFO - 24/12/09 19:00:08 INFO OutputCommitCoordinator$OutputCommitCoordinatorEndpoint: OutputCommitCoordinator stopped!
[2024-12-09T19:00:08.627+0000] {spark_submit.py:634} INFO - 24/12/09 19:00:08 INFO SparkContext: Successfully stopped SparkContext
[2024-12-09T19:00:08.664+0000] {spark_submit.py:634} INFO - 24/12/09 19:00:08 INFO ShutdownHookManager: Shutdown hook called
[2024-12-09T19:00:08.668+0000] {spark_submit.py:634} INFO - 24/12/09 19:00:08 INFO ShutdownHookManager: Deleting directory /tmp/spark-b7a3fdb9-5d0e-4753-9e47-e4f949115134
[2024-12-09T19:00:08.702+0000] {spark_submit.py:634} INFO - 24/12/09 19:00:08 INFO ShutdownHookManager: Deleting directory /tmp/spark-4db0d0b2-bd80-4c0a-927c-6db88d050f65
[2024-12-09T19:00:08.878+0000] {taskinstance.py:340} INFO - ::group::Post task execution logs
[2024-12-09T19:00:08.880+0000] {taskinstance.py:352} INFO - Marking task as SUCCESS. dag_id=sparking_flow, task_id=scala_job, run_id=manual__2024-12-09T18:59:44.214675+00:00, execution_date=20241209T185944, start_date=20241209T185946, end_date=20241209T190008
[2024-12-09T19:00:08.975+0000] {local_task_job_runner.py:266} INFO - Task exited with return code 0
[2024-12-09T19:00:09.056+0000] {taskinstance.py:3895} INFO - 0 downstream tasks scheduled from follow-on schedule check
[2024-12-09T19:00:09.058+0000] {local_task_job_runner.py:245} INFO - ::endgroup::
