[2024-12-02T20:56:50.619+0000] {local_task_job_runner.py:123} INFO - ::group::Pre task execution logs
[2024-12-02T20:56:50.633+0000] {taskinstance.py:2613} INFO - Dependencies all met for dep_context=non-requeueable deps ti=<TaskInstance: sparking_flow.python_job manual__2024-12-02T20:56:49.109017+00:00 [queued]>
[2024-12-02T20:56:50.640+0000] {taskinstance.py:2613} INFO - Dependencies all met for dep_context=requeueable deps ti=<TaskInstance: sparking_flow.python_job manual__2024-12-02T20:56:49.109017+00:00 [queued]>
[2024-12-02T20:56:50.640+0000] {taskinstance.py:2866} INFO - Starting attempt 1 of 1
[2024-12-02T20:56:50.649+0000] {taskinstance.py:2889} INFO - Executing <Task(SparkSubmitOperator): python_job> on 2024-12-02 20:56:49.109017+00:00
[2024-12-02T20:56:50.653+0000] {standard_task_runner.py:72} INFO - Started process 674 to run task
[2024-12-02T20:56:50.656+0000] {standard_task_runner.py:104} INFO - Running: ['***', 'tasks', 'run', 'sparking_flow', 'python_job', 'manual__2024-12-02T20:56:49.109017+00:00', '--job-id', '29', '--raw', '--subdir', 'DAGS_FOLDER/spark_***.py', '--cfg-path', '/tmp/tmpns6nk47b']
[2024-12-02T20:56:50.662+0000] {standard_task_runner.py:105} INFO - Job 29: Subtask python_job
[2024-12-02T20:56:50.715+0000] {task_command.py:467} INFO - Running <TaskInstance: sparking_flow.python_job manual__2024-12-02T20:56:49.109017+00:00 [running]> on host 070c47e27cca
[2024-12-02T20:56:50.784+0000] {taskinstance.py:3132} INFO - Exporting env vars: AIRFLOW_CTX_DAG_OWNER='Yusuf Ganiyu' AIRFLOW_CTX_DAG_ID='sparking_flow' AIRFLOW_CTX_TASK_ID='python_job' AIRFLOW_CTX_EXECUTION_DATE='2024-12-02T20:56:49.109017+00:00' AIRFLOW_CTX_TRY_NUMBER='1' AIRFLOW_CTX_DAG_RUN_ID='manual__2024-12-02T20:56:49.109017+00:00'
[2024-12-02T20:56:50.785+0000] {taskinstance.py:731} INFO - ::endgroup::
[2024-12-02T20:56:50.802+0000] {base.py:84} INFO - Retrieving connection 'spark-conn'
[2024-12-02T20:56:50.804+0000] {spark_submit.py:473} INFO - Spark-Submit cmd: spark-submit --master spark://spark-master-1:7077 --name arrow-spark --deploy-mode client jobs/python/wordcountjob.py
[2024-12-02T20:56:55.619+0000] {spark_submit.py:634} INFO - 24/12/02 20:56:55 INFO SparkContext: Running Spark version 3.5.3
[2024-12-02T20:56:55.643+0000] {spark_submit.py:634} INFO - 24/12/02 20:56:55 INFO SparkContext: OS info Linux, 6.6.31-linuxkit, aarch64
[2024-12-02T20:56:55.644+0000] {spark_submit.py:634} INFO - 24/12/02 20:56:55 INFO SparkContext: Java version 17.0.13
[2024-12-02T20:56:55.822+0000] {spark_submit.py:634} INFO - 24/12/02 20:56:55 WARN NativeCodeLoader: Unable to load native-hadoop library for your platform... using builtin-java classes where applicable
[2024-12-02T20:56:56.053+0000] {spark_submit.py:634} INFO - 24/12/02 20:56:56 INFO ResourceUtils: ==============================================================
[2024-12-02T20:56:56.058+0000] {spark_submit.py:634} INFO - 24/12/02 20:56:56 INFO ResourceUtils: No custom resources configured for spark.driver.
[2024-12-02T20:56:56.059+0000] {spark_submit.py:634} INFO - 24/12/02 20:56:56 INFO ResourceUtils: ==============================================================
[2024-12-02T20:56:56.061+0000] {spark_submit.py:634} INFO - 24/12/02 20:56:56 INFO SparkContext: Submitted application: PythonWordCount
[2024-12-02T20:56:56.096+0000] {spark_submit.py:634} INFO - 24/12/02 20:56:56 INFO ResourceProfile: Default ResourceProfile created, executor resources: Map(memory -> name: memory, amount: 1024, script: , vendor: , offHeap -> name: offHeap, amount: 0, script: , vendor: ), task resources: Map(cpus -> name: cpus, amount: 1.0)
[2024-12-02T20:56:56.115+0000] {spark_submit.py:634} INFO - 24/12/02 20:56:56 INFO ResourceProfile: Limiting resource is cpu
[2024-12-02T20:56:56.119+0000] {spark_submit.py:634} INFO - 24/12/02 20:56:56 INFO ResourceProfileManager: Added ResourceProfile id: 0
[2024-12-02T20:56:56.210+0000] {spark_submit.py:634} INFO - 24/12/02 20:56:56 INFO SecurityManager: Changing view acls to: ***
[2024-12-02T20:56:56.215+0000] {spark_submit.py:634} INFO - 24/12/02 20:56:56 INFO SecurityManager: Changing modify acls to: ***
[2024-12-02T20:56:56.218+0000] {spark_submit.py:634} INFO - 24/12/02 20:56:56 INFO SecurityManager: Changing view acls groups to:
[2024-12-02T20:56:56.221+0000] {spark_submit.py:634} INFO - 24/12/02 20:56:56 INFO SecurityManager: Changing modify acls groups to:
[2024-12-02T20:56:56.222+0000] {spark_submit.py:634} INFO - 24/12/02 20:56:56 INFO SecurityManager: SecurityManager: authentication disabled; ui acls disabled; users with view permissions: ***; groups with view permissions: EMPTY; users with modify permissions: ***; groups with modify permissions: EMPTY
[2024-12-02T20:56:56.689+0000] {spark_submit.py:634} INFO - 24/12/02 20:56:56 INFO Utils: Successfully started service 'sparkDriver' on port 41999.
[2024-12-02T20:56:56.746+0000] {spark_submit.py:634} INFO - 24/12/02 20:56:56 INFO SparkEnv: Registering MapOutputTracker
[2024-12-02T20:56:56.822+0000] {spark_submit.py:634} INFO - 24/12/02 20:56:56 INFO SparkEnv: Registering BlockManagerMaster
[2024-12-02T20:56:56.852+0000] {spark_submit.py:634} INFO - 24/12/02 20:56:56 INFO BlockManagerMasterEndpoint: Using org.apache.spark.storage.DefaultTopologyMapper for getting topology information
[2024-12-02T20:56:56.859+0000] {spark_submit.py:634} INFO - 24/12/02 20:56:56 INFO BlockManagerMasterEndpoint: BlockManagerMasterEndpoint up
[2024-12-02T20:56:56.864+0000] {spark_submit.py:634} INFO - 24/12/02 20:56:56 INFO SparkEnv: Registering BlockManagerMasterHeartbeat
[2024-12-02T20:56:56.919+0000] {spark_submit.py:634} INFO - 24/12/02 20:56:56 INFO DiskBlockManager: Created local directory at /tmp/blockmgr-3b9a9c27-d116-4dae-898a-861942f7a6fe
[2024-12-02T20:56:56.953+0000] {spark_submit.py:634} INFO - 24/12/02 20:56:56 INFO MemoryStore: MemoryStore started with capacity 434.4 MiB
[2024-12-02T20:56:56.988+0000] {spark_submit.py:634} INFO - 24/12/02 20:56:56 INFO SparkEnv: Registering OutputCommitCoordinator
[2024-12-02T20:56:57.333+0000] {spark_submit.py:634} INFO - 24/12/02 20:56:57 INFO JettyUtils: Start Jetty 0.0.0.0:4040 for SparkUI
[2024-12-02T20:56:57.488+0000] {spark_submit.py:634} INFO - 24/12/02 20:56:57 WARN Utils: Service 'SparkUI' could not bind on port 4040. Attempting port 4041.
[2024-12-02T20:56:57.493+0000] {spark_submit.py:634} INFO - 24/12/02 20:56:57 WARN Utils: Service 'SparkUI' could not bind on port 4041. Attempting port 4042.
[2024-12-02T20:56:57.506+0000] {spark_submit.py:634} INFO - 24/12/02 20:56:57 INFO Utils: Successfully started service 'SparkUI' on port 4042.
[2024-12-02T20:56:57.810+0000] {spark_submit.py:634} INFO - 24/12/02 20:56:57 INFO StandaloneAppClient$ClientEndpoint: Connecting to master spark://spark-master-1:7077...
[2024-12-02T20:56:58.026+0000] {spark_submit.py:634} INFO - 24/12/02 20:56:58 WARN StandaloneAppClient$ClientEndpoint: Failed to connect to master spark-master-1:7077
[2024-12-02T20:56:58.028+0000] {spark_submit.py:634} INFO - org.apache.spark.SparkException: Exception thrown in awaitResult:
[2024-12-02T20:56:58.030+0000] {spark_submit.py:634} INFO - at org.apache.spark.util.SparkThreadUtils$.awaitResult(SparkThreadUtils.scala:56)
[2024-12-02T20:56:58.034+0000] {spark_submit.py:634} INFO - at org.apache.spark.util.ThreadUtils$.awaitResult(ThreadUtils.scala:310)
[2024-12-02T20:56:58.036+0000] {spark_submit.py:634} INFO - at org.apache.spark.rpc.RpcTimeout.awaitResult(RpcTimeout.scala:75)
[2024-12-02T20:56:58.038+0000] {spark_submit.py:634} INFO - at org.apache.spark.rpc.RpcEnv.setupEndpointRefByURI(RpcEnv.scala:102)
[2024-12-02T20:56:58.042+0000] {spark_submit.py:634} INFO - at org.apache.spark.rpc.RpcEnv.setupEndpointRef(RpcEnv.scala:110)
[2024-12-02T20:56:58.043+0000] {spark_submit.py:634} INFO - at org.apache.spark.deploy.client.StandaloneAppClient$ClientEndpoint$$anon$1.run(StandaloneAppClient.scala:108)
[2024-12-02T20:56:58.044+0000] {spark_submit.py:634} INFO - at java.base/java.util.concurrent.Executors$RunnableAdapter.call(Executors.java:539)
[2024-12-02T20:56:58.045+0000] {spark_submit.py:634} INFO - at java.base/java.util.concurrent.FutureTask.run(FutureTask.java:264)
[2024-12-02T20:56:58.045+0000] {spark_submit.py:634} INFO - at java.base/java.util.concurrent.ThreadPoolExecutor.runWorker(ThreadPoolExecutor.java:1136)
[2024-12-02T20:56:58.046+0000] {spark_submit.py:634} INFO - at java.base/java.util.concurrent.ThreadPoolExecutor$Worker.run(ThreadPoolExecutor.java:635)
[2024-12-02T20:56:58.048+0000] {spark_submit.py:634} INFO - at java.base/java.lang.Thread.run(Thread.java:840)
[2024-12-02T20:56:58.058+0000] {spark_submit.py:634} INFO - Caused by: java.io.IOException: Failed to connect to spark-master-1/<unresolved>:7077
[2024-12-02T20:56:58.060+0000] {spark_submit.py:634} INFO - at org.apache.spark.network.client.TransportClientFactory.createClient(TransportClientFactory.java:294)
[2024-12-02T20:56:58.063+0000] {spark_submit.py:634} INFO - at org.apache.spark.network.client.TransportClientFactory.createClient(TransportClientFactory.java:214)
[2024-12-02T20:56:58.071+0000] {spark_submit.py:634} INFO - at org.apache.spark.network.client.TransportClientFactory.createClient(TransportClientFactory.java:226)
[2024-12-02T20:56:58.074+0000] {spark_submit.py:634} INFO - at org.apache.spark.rpc.netty.NettyRpcEnv.createClient(NettyRpcEnv.scala:204)
[2024-12-02T20:56:58.077+0000] {spark_submit.py:634} INFO - at org.apache.spark.rpc.netty.Outbox$$anon$1.call(Outbox.scala:202)
[2024-12-02T20:56:58.078+0000] {spark_submit.py:634} INFO - at org.apache.spark.rpc.netty.Outbox$$anon$1.call(Outbox.scala:198)
[2024-12-02T20:56:58.082+0000] {spark_submit.py:634} INFO - ... 4 more
[2024-12-02T20:56:58.085+0000] {spark_submit.py:634} INFO - Caused by: java.net.UnknownHostException: spark-master-1
[2024-12-02T20:56:58.086+0000] {spark_submit.py:634} INFO - at java.base/java.net.InetAddress$CachedAddresses.get(InetAddress.java:801)
[2024-12-02T20:56:58.087+0000] {spark_submit.py:634} INFO - at java.base/java.net.InetAddress.getAllByName0(InetAddress.java:1533)
[2024-12-02T20:56:58.092+0000] {spark_submit.py:634} INFO - at java.base/java.net.InetAddress.getAllByName(InetAddress.java:1385)
[2024-12-02T20:56:58.094+0000] {spark_submit.py:634} INFO - at java.base/java.net.InetAddress.getAllByName(InetAddress.java:1306)
[2024-12-02T20:56:58.097+0000] {spark_submit.py:634} INFO - at java.base/java.net.InetAddress.getByName(InetAddress.java:1256)
[2024-12-02T20:56:58.098+0000] {spark_submit.py:634} INFO - at io.netty.util.internal.SocketUtils$8.run(SocketUtils.java:156)
[2024-12-02T20:56:58.100+0000] {spark_submit.py:634} INFO - at io.netty.util.internal.SocketUtils$8.run(SocketUtils.java:153)
[2024-12-02T20:56:58.102+0000] {spark_submit.py:634} INFO - at java.base/java.security.AccessController.doPrivileged(AccessController.java:569)
[2024-12-02T20:56:58.106+0000] {spark_submit.py:634} INFO - at io.netty.util.internal.SocketUtils.addressByName(SocketUtils.java:153)
[2024-12-02T20:56:58.109+0000] {spark_submit.py:634} INFO - at io.netty.resolver.DefaultNameResolver.doResolve(DefaultNameResolver.java:41)
[2024-12-02T20:56:58.111+0000] {spark_submit.py:634} INFO - at io.netty.resolver.SimpleNameResolver.resolve(SimpleNameResolver.java:61)
[2024-12-02T20:56:58.118+0000] {spark_submit.py:634} INFO - at io.netty.resolver.SimpleNameResolver.resolve(SimpleNameResolver.java:53)
[2024-12-02T20:56:58.127+0000] {spark_submit.py:634} INFO - at io.netty.resolver.InetSocketAddressResolver.doResolve(InetSocketAddressResolver.java:55)
[2024-12-02T20:56:58.139+0000] {spark_submit.py:634} INFO - at io.netty.resolver.InetSocketAddressResolver.doResolve(InetSocketAddressResolver.java:31)
[2024-12-02T20:56:58.145+0000] {spark_submit.py:634} INFO - at io.netty.resolver.AbstractAddressResolver.resolve(AbstractAddressResolver.java:106)
[2024-12-02T20:56:58.154+0000] {spark_submit.py:634} INFO - at io.netty.bootstrap.Bootstrap.doResolveAndConnect0(Bootstrap.java:220)
[2024-12-02T20:56:58.162+0000] {spark_submit.py:634} INFO - at io.netty.bootstrap.Bootstrap.access$000(Bootstrap.java:46)
[2024-12-02T20:56:58.171+0000] {spark_submit.py:634} INFO - at io.netty.bootstrap.Bootstrap$1.operationComplete(Bootstrap.java:189)
[2024-12-02T20:56:58.173+0000] {spark_submit.py:634} INFO - at io.netty.bootstrap.Bootstrap$1.operationComplete(Bootstrap.java:175)
[2024-12-02T20:56:58.176+0000] {spark_submit.py:634} INFO - at io.netty.util.concurrent.DefaultPromise.notifyListener0(DefaultPromise.java:590)
[2024-12-02T20:56:58.180+0000] {spark_submit.py:634} INFO - at io.netty.util.concurrent.DefaultPromise.notifyListenersNow(DefaultPromise.java:557)
[2024-12-02T20:56:58.183+0000] {spark_submit.py:634} INFO - at io.netty.util.concurrent.DefaultPromise.notifyListeners(DefaultPromise.java:492)
[2024-12-02T20:56:58.186+0000] {spark_submit.py:634} INFO - at io.netty.util.concurrent.DefaultPromise.setValue0(DefaultPromise.java:636)
[2024-12-02T20:56:58.187+0000] {spark_submit.py:634} INFO - at io.netty.util.concurrent.DefaultPromise.setSuccess0(DefaultPromise.java:625)
[2024-12-02T20:56:58.192+0000] {spark_submit.py:634} INFO - at io.netty.util.concurrent.DefaultPromise.trySuccess(DefaultPromise.java:105)
[2024-12-02T20:56:58.193+0000] {spark_submit.py:634} INFO - at io.netty.channel.DefaultChannelPromise.trySuccess(DefaultChannelPromise.java:84)
[2024-12-02T20:56:58.194+0000] {spark_submit.py:634} INFO - at io.netty.channel.AbstractChannel$AbstractUnsafe.safeSetSuccess(AbstractChannel.java:990)
[2024-12-02T20:56:58.195+0000] {spark_submit.py:634} INFO - at io.netty.channel.AbstractChannel$AbstractUnsafe.register0(AbstractChannel.java:516)
[2024-12-02T20:56:58.195+0000] {spark_submit.py:634} INFO - at io.netty.channel.AbstractChannel$AbstractUnsafe.access$200(AbstractChannel.java:429)
[2024-12-02T20:56:58.196+0000] {spark_submit.py:634} INFO - at io.netty.channel.AbstractChannel$AbstractUnsafe$1.run(AbstractChannel.java:486)
[2024-12-02T20:56:58.196+0000] {spark_submit.py:634} INFO - at io.netty.util.concurrent.AbstractEventExecutor.runTask(AbstractEventExecutor.java:174)
[2024-12-02T20:56:58.197+0000] {spark_submit.py:634} INFO - at io.netty.util.concurrent.AbstractEventExecutor.safeExecute(AbstractEventExecutor.java:167)
[2024-12-02T20:56:58.198+0000] {spark_submit.py:634} INFO - at io.netty.util.concurrent.SingleThreadEventExecutor.runAllTasks(SingleThreadEventExecutor.java:470)
[2024-12-02T20:56:58.198+0000] {spark_submit.py:634} INFO - at io.netty.channel.nio.NioEventLoop.run(NioEventLoop.java:569)
[2024-12-02T20:56:58.199+0000] {spark_submit.py:634} INFO - at io.netty.util.concurrent.SingleThreadEventExecutor$4.run(SingleThreadEventExecutor.java:997)
[2024-12-02T20:56:58.200+0000] {spark_submit.py:634} INFO - at io.netty.util.internal.ThreadExecutorMap$2.run(ThreadExecutorMap.java:74)
[2024-12-02T20:56:58.201+0000] {spark_submit.py:634} INFO - at io.netty.util.concurrent.FastThreadLocalRunnable.run(FastThreadLocalRunnable.java:30)
[2024-12-02T20:56:58.206+0000] {spark_submit.py:634} INFO - ... 1 more
[2024-12-02T20:57:17.824+0000] {spark_submit.py:634} INFO - 24/12/02 20:57:17 INFO StandaloneAppClient$ClientEndpoint: Connecting to master spark://spark-master-1:7077...
[2024-12-02T20:57:17.847+0000] {spark_submit.py:634} INFO - 24/12/02 20:57:17 WARN StandaloneAppClient$ClientEndpoint: Failed to connect to master spark-master-1:7077
[2024-12-02T20:57:17.848+0000] {spark_submit.py:634} INFO - org.apache.spark.SparkException: Exception thrown in awaitResult:
[2024-12-02T20:57:17.849+0000] {spark_submit.py:634} INFO - at org.apache.spark.util.SparkThreadUtils$.awaitResult(SparkThreadUtils.scala:56)
[2024-12-02T20:57:17.849+0000] {spark_submit.py:634} INFO - at org.apache.spark.util.ThreadUtils$.awaitResult(ThreadUtils.scala:310)
[2024-12-02T20:57:17.850+0000] {spark_submit.py:634} INFO - at org.apache.spark.rpc.RpcTimeout.awaitResult(RpcTimeout.scala:75)
[2024-12-02T20:57:17.850+0000] {spark_submit.py:634} INFO - at org.apache.spark.rpc.RpcEnv.setupEndpointRefByURI(RpcEnv.scala:102)
[2024-12-02T20:57:17.851+0000] {spark_submit.py:634} INFO - at org.apache.spark.rpc.RpcEnv.setupEndpointRef(RpcEnv.scala:110)
[2024-12-02T20:57:17.851+0000] {spark_submit.py:634} INFO - at org.apache.spark.deploy.client.StandaloneAppClient$ClientEndpoint$$anon$1.run(StandaloneAppClient.scala:108)
[2024-12-02T20:57:17.852+0000] {spark_submit.py:634} INFO - at java.base/java.util.concurrent.Executors$RunnableAdapter.call(Executors.java:539)
[2024-12-02T20:57:17.852+0000] {spark_submit.py:634} INFO - at java.base/java.util.concurrent.FutureTask.run(FutureTask.java:264)
[2024-12-02T20:57:17.853+0000] {spark_submit.py:634} INFO - at java.base/java.util.concurrent.ThreadPoolExecutor.runWorker(ThreadPoolExecutor.java:1136)
[2024-12-02T20:57:17.853+0000] {spark_submit.py:634} INFO - at java.base/java.util.concurrent.ThreadPoolExecutor$Worker.run(ThreadPoolExecutor.java:635)
[2024-12-02T20:57:17.853+0000] {spark_submit.py:634} INFO - at java.base/java.lang.Thread.run(Thread.java:840)
[2024-12-02T20:57:17.854+0000] {spark_submit.py:634} INFO - Caused by: java.io.IOException: Failed to connect to spark-master-1/<unresolved>:7077
[2024-12-02T20:57:17.854+0000] {spark_submit.py:634} INFO - at org.apache.spark.network.client.TransportClientFactory.createClient(TransportClientFactory.java:294)
[2024-12-02T20:57:17.855+0000] {spark_submit.py:634} INFO - at org.apache.spark.network.client.TransportClientFactory.createClient(TransportClientFactory.java:214)
[2024-12-02T20:57:17.855+0000] {spark_submit.py:634} INFO - at org.apache.spark.network.client.TransportClientFactory.createClient(TransportClientFactory.java:226)
[2024-12-02T20:57:17.855+0000] {spark_submit.py:634} INFO - at org.apache.spark.rpc.netty.NettyRpcEnv.createClient(NettyRpcEnv.scala:204)
[2024-12-02T20:57:17.856+0000] {spark_submit.py:634} INFO - at org.apache.spark.rpc.netty.Outbox$$anon$1.call(Outbox.scala:202)
[2024-12-02T20:57:17.856+0000] {spark_submit.py:634} INFO - at org.apache.spark.rpc.netty.Outbox$$anon$1.call(Outbox.scala:198)
[2024-12-02T20:57:17.856+0000] {spark_submit.py:634} INFO - ... 4 more
[2024-12-02T20:57:17.857+0000] {spark_submit.py:634} INFO - Caused by: java.net.UnknownHostException: spark-master-1
[2024-12-02T20:57:17.857+0000] {spark_submit.py:634} INFO - at java.base/java.net.InetAddress$CachedAddresses.get(InetAddress.java:801)
[2024-12-02T20:57:17.857+0000] {spark_submit.py:634} INFO - at java.base/java.net.InetAddress.getAllByName0(InetAddress.java:1533)
[2024-12-02T20:57:17.858+0000] {spark_submit.py:634} INFO - at java.base/java.net.InetAddress.getAllByName(InetAddress.java:1385)
[2024-12-02T20:57:17.858+0000] {spark_submit.py:634} INFO - at java.base/java.net.InetAddress.getAllByName(InetAddress.java:1306)
[2024-12-02T20:57:17.858+0000] {spark_submit.py:634} INFO - at java.base/java.net.InetAddress.getByName(InetAddress.java:1256)
[2024-12-02T20:57:17.859+0000] {spark_submit.py:634} INFO - at io.netty.util.internal.SocketUtils$8.run(SocketUtils.java:156)
[2024-12-02T20:57:17.859+0000] {spark_submit.py:634} INFO - at io.netty.util.internal.SocketUtils$8.run(SocketUtils.java:153)
[2024-12-02T20:57:17.859+0000] {spark_submit.py:634} INFO - at java.base/java.security.AccessController.doPrivileged(AccessController.java:569)
[2024-12-02T20:57:17.860+0000] {spark_submit.py:634} INFO - at io.netty.util.internal.SocketUtils.addressByName(SocketUtils.java:153)
[2024-12-02T20:57:17.860+0000] {spark_submit.py:634} INFO - at io.netty.resolver.DefaultNameResolver.doResolve(DefaultNameResolver.java:41)
[2024-12-02T20:57:17.860+0000] {spark_submit.py:634} INFO - at io.netty.resolver.SimpleNameResolver.resolve(SimpleNameResolver.java:61)
[2024-12-02T20:57:17.861+0000] {spark_submit.py:634} INFO - at io.netty.resolver.SimpleNameResolver.resolve(SimpleNameResolver.java:53)
[2024-12-02T20:57:17.861+0000] {spark_submit.py:634} INFO - at io.netty.resolver.InetSocketAddressResolver.doResolve(InetSocketAddressResolver.java:55)
[2024-12-02T20:57:17.861+0000] {spark_submit.py:634} INFO - at io.netty.resolver.InetSocketAddressResolver.doResolve(InetSocketAddressResolver.java:31)
[2024-12-02T20:57:17.862+0000] {spark_submit.py:634} INFO - at io.netty.resolver.AbstractAddressResolver.resolve(AbstractAddressResolver.java:106)
[2024-12-02T20:57:17.862+0000] {spark_submit.py:634} INFO - at io.netty.bootstrap.Bootstrap.doResolveAndConnect0(Bootstrap.java:220)
[2024-12-02T20:57:17.862+0000] {spark_submit.py:634} INFO - at io.netty.bootstrap.Bootstrap.access$000(Bootstrap.java:46)
[2024-12-02T20:57:17.863+0000] {spark_submit.py:634} INFO - at io.netty.bootstrap.Bootstrap$1.operationComplete(Bootstrap.java:189)
[2024-12-02T20:57:17.863+0000] {spark_submit.py:634} INFO - at io.netty.bootstrap.Bootstrap$1.operationComplete(Bootstrap.java:175)
[2024-12-02T20:57:17.863+0000] {spark_submit.py:634} INFO - at io.netty.util.concurrent.DefaultPromise.notifyListener0(DefaultPromise.java:590)
[2024-12-02T20:57:17.864+0000] {spark_submit.py:634} INFO - at io.netty.util.concurrent.DefaultPromise.notifyListenersNow(DefaultPromise.java:557)
[2024-12-02T20:57:17.864+0000] {spark_submit.py:634} INFO - at io.netty.util.concurrent.DefaultPromise.notifyListeners(DefaultPromise.java:492)
[2024-12-02T20:57:17.864+0000] {spark_submit.py:634} INFO - at io.netty.util.concurrent.DefaultPromise.setValue0(DefaultPromise.java:636)
[2024-12-02T20:57:17.865+0000] {spark_submit.py:634} INFO - at io.netty.util.concurrent.DefaultPromise.setSuccess0(DefaultPromise.java:625)
[2024-12-02T20:57:17.865+0000] {spark_submit.py:634} INFO - at io.netty.util.concurrent.DefaultPromise.trySuccess(DefaultPromise.java:105)
[2024-12-02T20:57:17.865+0000] {spark_submit.py:634} INFO - at io.netty.channel.DefaultChannelPromise.trySuccess(DefaultChannelPromise.java:84)
[2024-12-02T20:57:17.866+0000] {spark_submit.py:634} INFO - at io.netty.channel.AbstractChannel$AbstractUnsafe.safeSetSuccess(AbstractChannel.java:990)
[2024-12-02T20:57:17.866+0000] {spark_submit.py:634} INFO - at io.netty.channel.AbstractChannel$AbstractUnsafe.register0(AbstractChannel.java:516)
[2024-12-02T20:57:17.866+0000] {spark_submit.py:634} INFO - at io.netty.channel.AbstractChannel$AbstractUnsafe.access$200(AbstractChannel.java:429)
[2024-12-02T20:57:17.867+0000] {spark_submit.py:634} INFO - at io.netty.channel.AbstractChannel$AbstractUnsafe$1.run(AbstractChannel.java:486)
[2024-12-02T20:57:17.867+0000] {spark_submit.py:634} INFO - at io.netty.util.concurrent.AbstractEventExecutor.runTask(AbstractEventExecutor.java:174)
[2024-12-02T20:57:17.867+0000] {spark_submit.py:634} INFO - at io.netty.util.concurrent.AbstractEventExecutor.safeExecute(AbstractEventExecutor.java:167)
[2024-12-02T20:57:17.868+0000] {spark_submit.py:634} INFO - at io.netty.util.concurrent.SingleThreadEventExecutor.runAllTasks(SingleThreadEventExecutor.java:470)
[2024-12-02T20:57:17.868+0000] {spark_submit.py:634} INFO - at io.netty.channel.nio.NioEventLoop.run(NioEventLoop.java:569)
[2024-12-02T20:57:17.868+0000] {spark_submit.py:634} INFO - at io.netty.util.concurrent.SingleThreadEventExecutor$4.run(SingleThreadEventExecutor.java:997)
[2024-12-02T20:57:17.869+0000] {spark_submit.py:634} INFO - at io.netty.util.internal.ThreadExecutorMap$2.run(ThreadExecutorMap.java:74)
[2024-12-02T20:57:17.869+0000] {spark_submit.py:634} INFO - at io.netty.util.concurrent.FastThreadLocalRunnable.run(FastThreadLocalRunnable.java:30)
[2024-12-02T20:57:17.869+0000] {spark_submit.py:634} INFO - ... 1 more
[2024-12-02T20:57:37.827+0000] {spark_submit.py:634} INFO - 24/12/02 20:57:37 INFO StandaloneAppClient$ClientEndpoint: Connecting to master spark://spark-master-1:7077...
[2024-12-02T20:57:37.861+0000] {spark_submit.py:634} INFO - 24/12/02 20:57:37 WARN StandaloneAppClient$ClientEndpoint: Failed to connect to master spark-master-1:7077
[2024-12-02T20:57:37.862+0000] {spark_submit.py:634} INFO - org.apache.spark.SparkException: Exception thrown in awaitResult:
[2024-12-02T20:57:37.863+0000] {spark_submit.py:634} INFO - at org.apache.spark.util.SparkThreadUtils$.awaitResult(SparkThreadUtils.scala:56)
[2024-12-02T20:57:37.863+0000] {spark_submit.py:634} INFO - at org.apache.spark.util.ThreadUtils$.awaitResult(ThreadUtils.scala:310)
[2024-12-02T20:57:37.864+0000] {spark_submit.py:634} INFO - at org.apache.spark.rpc.RpcTimeout.awaitResult(RpcTimeout.scala:75)
[2024-12-02T20:57:37.864+0000] {spark_submit.py:634} INFO - at org.apache.spark.rpc.RpcEnv.setupEndpointRefByURI(RpcEnv.scala:102)
[2024-12-02T20:57:37.865+0000] {spark_submit.py:634} INFO - at org.apache.spark.rpc.RpcEnv.setupEndpointRef(RpcEnv.scala:110)
[2024-12-02T20:57:37.865+0000] {spark_submit.py:634} INFO - at org.apache.spark.deploy.client.StandaloneAppClient$ClientEndpoint$$anon$1.run(StandaloneAppClient.scala:108)
[2024-12-02T20:57:37.866+0000] {spark_submit.py:634} INFO - at java.base/java.util.concurrent.Executors$RunnableAdapter.call(Executors.java:539)
[2024-12-02T20:57:37.866+0000] {spark_submit.py:634} INFO - at java.base/java.util.concurrent.FutureTask.run(FutureTask.java:264)
[2024-12-02T20:57:37.867+0000] {spark_submit.py:634} INFO - at java.base/java.util.concurrent.ThreadPoolExecutor.runWorker(ThreadPoolExecutor.java:1136)
[2024-12-02T20:57:37.867+0000] {spark_submit.py:634} INFO - at java.base/java.util.concurrent.ThreadPoolExecutor$Worker.run(ThreadPoolExecutor.java:635)
[2024-12-02T20:57:37.868+0000] {spark_submit.py:634} INFO - at java.base/java.lang.Thread.run(Thread.java:840)
[2024-12-02T20:57:37.868+0000] {spark_submit.py:634} INFO - Caused by: java.io.IOException: Failed to connect to spark-master-1/<unresolved>:7077
[2024-12-02T20:57:37.869+0000] {spark_submit.py:634} INFO - at org.apache.spark.network.client.TransportClientFactory.createClient(TransportClientFactory.java:294)
[2024-12-02T20:57:37.869+0000] {spark_submit.py:634} INFO - at org.apache.spark.network.client.TransportClientFactory.createClient(TransportClientFactory.java:214)
[2024-12-02T20:57:37.870+0000] {spark_submit.py:634} INFO - at org.apache.spark.network.client.TransportClientFactory.createClient(TransportClientFactory.java:226)
[2024-12-02T20:57:37.870+0000] {spark_submit.py:634} INFO - at org.apache.spark.rpc.netty.NettyRpcEnv.createClient(NettyRpcEnv.scala:204)
[2024-12-02T20:57:37.871+0000] {spark_submit.py:634} INFO - at org.apache.spark.rpc.netty.Outbox$$anon$1.call(Outbox.scala:202)
[2024-12-02T20:57:37.871+0000] {spark_submit.py:634} INFO - at org.apache.spark.rpc.netty.Outbox$$anon$1.call(Outbox.scala:198)
[2024-12-02T20:57:37.872+0000] {spark_submit.py:634} INFO - ... 4 more
[2024-12-02T20:57:37.872+0000] {spark_submit.py:634} INFO - Caused by: java.net.UnknownHostException: spark-master-1
[2024-12-02T20:57:37.873+0000] {spark_submit.py:634} INFO - at java.base/java.net.InetAddress$CachedAddresses.get(InetAddress.java:801)
[2024-12-02T20:57:37.874+0000] {spark_submit.py:634} INFO - at java.base/java.net.InetAddress.getAllByName0(InetAddress.java:1533)
[2024-12-02T20:57:37.874+0000] {spark_submit.py:634} INFO - at java.base/java.net.InetAddress.getAllByName(InetAddress.java:1385)
[2024-12-02T20:57:37.875+0000] {spark_submit.py:634} INFO - at java.base/java.net.InetAddress.getAllByName(InetAddress.java:1306)
[2024-12-02T20:57:37.875+0000] {spark_submit.py:634} INFO - at java.base/java.net.InetAddress.getByName(InetAddress.java:1256)
[2024-12-02T20:57:37.876+0000] {spark_submit.py:634} INFO - at io.netty.util.internal.SocketUtils$8.run(SocketUtils.java:156)
[2024-12-02T20:57:37.876+0000] {spark_submit.py:634} INFO - at io.netty.util.internal.SocketUtils$8.run(SocketUtils.java:153)
[2024-12-02T20:57:37.876+0000] {spark_submit.py:634} INFO - at java.base/java.security.AccessController.doPrivileged(AccessController.java:569)
[2024-12-02T20:57:37.876+0000] {spark_submit.py:634} INFO - at io.netty.util.internal.SocketUtils.addressByName(SocketUtils.java:153)
[2024-12-02T20:57:37.877+0000] {spark_submit.py:634} INFO - at io.netty.resolver.DefaultNameResolver.doResolve(DefaultNameResolver.java:41)
[2024-12-02T20:57:37.877+0000] {spark_submit.py:634} INFO - at io.netty.resolver.SimpleNameResolver.resolve(SimpleNameResolver.java:61)
[2024-12-02T20:57:37.877+0000] {spark_submit.py:634} INFO - at io.netty.resolver.SimpleNameResolver.resolve(SimpleNameResolver.java:53)
[2024-12-02T20:57:37.878+0000] {spark_submit.py:634} INFO - at io.netty.resolver.InetSocketAddressResolver.doResolve(InetSocketAddressResolver.java:55)
[2024-12-02T20:57:37.878+0000] {spark_submit.py:634} INFO - at io.netty.resolver.InetSocketAddressResolver.doResolve(InetSocketAddressResolver.java:31)
[2024-12-02T20:57:37.878+0000] {spark_submit.py:634} INFO - at io.netty.resolver.AbstractAddressResolver.resolve(AbstractAddressResolver.java:106)
[2024-12-02T20:57:37.879+0000] {spark_submit.py:634} INFO - at io.netty.bootstrap.Bootstrap.doResolveAndConnect0(Bootstrap.java:220)
[2024-12-02T20:57:37.879+0000] {spark_submit.py:634} INFO - at io.netty.bootstrap.Bootstrap.access$000(Bootstrap.java:46)
[2024-12-02T20:57:37.879+0000] {spark_submit.py:634} INFO - at io.netty.bootstrap.Bootstrap$1.operationComplete(Bootstrap.java:189)
[2024-12-02T20:57:37.880+0000] {spark_submit.py:634} INFO - at io.netty.bootstrap.Bootstrap$1.operationComplete(Bootstrap.java:175)
[2024-12-02T20:57:37.880+0000] {spark_submit.py:634} INFO - at io.netty.util.concurrent.DefaultPromise.notifyListener0(DefaultPromise.java:590)
[2024-12-02T20:57:37.881+0000] {spark_submit.py:634} INFO - at io.netty.util.concurrent.DefaultPromise.notifyListenersNow(DefaultPromise.java:557)
[2024-12-02T20:57:37.881+0000] {spark_submit.py:634} INFO - at io.netty.util.concurrent.DefaultPromise.notifyListeners(DefaultPromise.java:492)
[2024-12-02T20:57:37.881+0000] {spark_submit.py:634} INFO - at io.netty.util.concurrent.DefaultPromise.setValue0(DefaultPromise.java:636)
[2024-12-02T20:57:37.882+0000] {spark_submit.py:634} INFO - at io.netty.util.concurrent.DefaultPromise.setSuccess0(DefaultPromise.java:625)
[2024-12-02T20:57:37.882+0000] {spark_submit.py:634} INFO - at io.netty.util.concurrent.DefaultPromise.trySuccess(DefaultPromise.java:105)
[2024-12-02T20:57:37.882+0000] {spark_submit.py:634} INFO - at io.netty.channel.DefaultChannelPromise.trySuccess(DefaultChannelPromise.java:84)
[2024-12-02T20:57:37.883+0000] {spark_submit.py:634} INFO - at io.netty.channel.AbstractChannel$AbstractUnsafe.safeSetSuccess(AbstractChannel.java:990)
[2024-12-02T20:57:37.883+0000] {spark_submit.py:634} INFO - at io.netty.channel.AbstractChannel$AbstractUnsafe.register0(AbstractChannel.java:516)
[2024-12-02T20:57:37.883+0000] {spark_submit.py:634} INFO - at io.netty.channel.AbstractChannel$AbstractUnsafe.access$200(AbstractChannel.java:429)
[2024-12-02T20:57:37.884+0000] {spark_submit.py:634} INFO - at io.netty.channel.AbstractChannel$AbstractUnsafe$1.run(AbstractChannel.java:486)
[2024-12-02T20:57:37.884+0000] {spark_submit.py:634} INFO - at io.netty.util.concurrent.AbstractEventExecutor.runTask(AbstractEventExecutor.java:174)
[2024-12-02T20:57:37.884+0000] {spark_submit.py:634} INFO - at io.netty.util.concurrent.AbstractEventExecutor.safeExecute(AbstractEventExecutor.java:167)
[2024-12-02T20:57:37.884+0000] {spark_submit.py:634} INFO - at io.netty.util.concurrent.SingleThreadEventExecutor.runAllTasks(SingleThreadEventExecutor.java:470)
[2024-12-02T20:57:37.885+0000] {spark_submit.py:634} INFO - at io.netty.channel.nio.NioEventLoop.run(NioEventLoop.java:569)
[2024-12-02T20:57:37.885+0000] {spark_submit.py:634} INFO - at io.netty.util.concurrent.SingleThreadEventExecutor$4.run(SingleThreadEventExecutor.java:997)
[2024-12-02T20:57:37.885+0000] {spark_submit.py:634} INFO - at io.netty.util.internal.ThreadExecutorMap$2.run(ThreadExecutorMap.java:74)
[2024-12-02T20:57:37.886+0000] {spark_submit.py:634} INFO - at io.netty.util.concurrent.FastThreadLocalRunnable.run(FastThreadLocalRunnable.java:30)
[2024-12-02T20:57:37.886+0000] {spark_submit.py:634} INFO - ... 1 more
[2024-12-02T20:57:57.834+0000] {spark_submit.py:634} INFO - 24/12/02 20:57:57 WARN StandaloneSchedulerBackend: Application ID is not initialized yet.
[2024-12-02T20:57:57.842+0000] {spark_submit.py:634} INFO - 24/12/02 20:57:57 ERROR StandaloneSchedulerBackend: Application has been killed. Reason: All masters are unresponsive! Giving up.
[2024-12-02T20:57:57.862+0000] {spark_submit.py:634} INFO - 24/12/02 20:57:57 INFO Utils: Successfully started service 'org.apache.spark.network.netty.NettyBlockTransferService' on port 46389.
[2024-12-02T20:57:57.863+0000] {spark_submit.py:634} INFO - 24/12/02 20:57:57 INFO NettyBlockTransferService: Server created on 070c47e27cca:46389
[2024-12-02T20:57:57.867+0000] {spark_submit.py:634} INFO - 24/12/02 20:57:57 INFO BlockManager: Using org.apache.spark.storage.RandomBlockReplicationPolicy for block replication policy
[2024-12-02T20:57:57.877+0000] {spark_submit.py:634} INFO - 24/12/02 20:57:57 INFO BlockManagerMaster: Registering BlockManager BlockManagerId(driver, 070c47e27cca, 46389, None)
[2024-12-02T20:57:57.883+0000] {spark_submit.py:634} INFO - 24/12/02 20:57:57 INFO BlockManagerMasterEndpoint: Registering block manager 070c47e27cca:46389 with 434.4 MiB RAM, BlockManagerId(driver, 070c47e27cca, 46389, None)
[2024-12-02T20:57:57.885+0000] {spark_submit.py:634} INFO - 24/12/02 20:57:57 INFO BlockManagerMaster: Registered BlockManager BlockManagerId(driver, 070c47e27cca, 46389, None)
[2024-12-02T20:57:57.887+0000] {spark_submit.py:634} INFO - 24/12/02 20:57:57 INFO BlockManager: Initialized BlockManager: BlockManagerId(driver, 070c47e27cca, 46389, None)
[2024-12-02T20:57:58.092+0000] {spark_submit.py:634} INFO - 24/12/02 20:57:58 INFO StandaloneSchedulerBackend: SchedulerBackend is ready for scheduling beginning after reached minRegisteredResourcesRatio: 0.0
[2024-12-02T20:57:58.373+0000] {spark_submit.py:634} INFO - 24/12/02 20:57:58 INFO SparkContext: SparkContext is stopping with exitCode 0.
[2024-12-02T20:57:58.388+0000] {spark_submit.py:634} INFO - 24/12/02 20:57:58 INFO SparkUI: Stopped Spark web UI at http://070c47e27cca:4042
[2024-12-02T20:57:58.393+0000] {spark_submit.py:634} INFO - 24/12/02 20:57:58 INFO StandaloneSchedulerBackend: Shutting down all executors
[2024-12-02T20:57:58.398+0000] {spark_submit.py:634} INFO - 24/12/02 20:57:58 INFO StandaloneSchedulerBackend$StandaloneDriverEndpoint: Asking each executor to shut down
[2024-12-02T20:57:58.403+0000] {spark_submit.py:634} INFO - 24/12/02 20:57:58 WARN StandaloneAppClient$ClientEndpoint: Drop UnregisterApplication(null) because has not yet connected to master
[2024-12-02T20:57:58.413+0000] {spark_submit.py:634} INFO - 24/12/02 20:57:58 INFO MapOutputTrackerMasterEndpoint: MapOutputTrackerMasterEndpoint stopped!
[2024-12-02T20:57:58.437+0000] {spark_submit.py:634} INFO - 24/12/02 20:57:58 INFO MemoryStore: MemoryStore cleared
[2024-12-02T20:57:58.438+0000] {spark_submit.py:634} INFO - 24/12/02 20:57:58 INFO BlockManager: BlockManager stopped
[2024-12-02T20:57:58.446+0000] {spark_submit.py:634} INFO - 24/12/02 20:57:58 INFO BlockManagerMaster: BlockManagerMaster stopped
[2024-12-02T20:57:58.449+0000] {spark_submit.py:634} INFO - 24/12/02 20:57:58 INFO OutputCommitCoordinator$OutputCommitCoordinatorEndpoint: OutputCommitCoordinator stopped!
[2024-12-02T20:57:58.459+0000] {spark_submit.py:634} INFO - 24/12/02 20:57:58 INFO SparkContext: Successfully stopped SparkContext
[2024-12-02T20:57:58.476+0000] {spark_submit.py:634} INFO - Traceback (most recent call last):
[2024-12-02T20:57:58.477+0000] {spark_submit.py:634} INFO - File "/opt/***/jobs/python/wordcountjob.py", line 7, in <module>
[2024-12-02T20:57:58.478+0000] {spark_submit.py:634} INFO - words = spark.sparkContext.parallelize(text.split(" "))
[2024-12-02T20:57:58.479+0000] {spark_submit.py:634} INFO - ^^^^^^^^^^^^^^^^^^^^^^^^^^^^^^^^^^^^^^^^^^^^^^^
[2024-12-02T20:57:58.479+0000] {spark_submit.py:634} INFO - File "/home/***/.local/lib/python3.11/site-packages/pyspark/python/lib/pyspark.zip/pyspark/context.py", line 824, in parallelize
[2024-12-02T20:57:58.480+0000] {spark_submit.py:634} INFO - File "/home/***/.local/lib/python3.11/site-packages/pyspark/python/lib/pyspark.zip/pyspark/context.py", line 870, in _serialize_to_jvm
[2024-12-02T20:57:58.481+0000] {spark_submit.py:634} INFO - File "/home/***/.local/lib/python3.11/site-packages/pyspark/python/lib/pyspark.zip/pyspark/context.py", line 818, in reader_func
[2024-12-02T20:57:58.481+0000] {spark_submit.py:634} INFO - File "/home/***/.local/lib/python3.11/site-packages/pyspark/python/lib/py4j-0.10.9.7-src.zip/py4j/java_gateway.py", line 1322, in __call__
[2024-12-02T20:57:58.484+0000] {spark_submit.py:634} INFO - File "/home/***/.local/lib/python3.11/site-packages/pyspark/python/lib/pyspark.zip/pyspark/errors/exceptions/captured.py", line 179, in deco
[2024-12-02T20:57:58.485+0000] {spark_submit.py:634} INFO - File "/home/***/.local/lib/python3.11/site-packages/pyspark/python/lib/py4j-0.10.9.7-src.zip/py4j/protocol.py", line 326, in get_return_value
[2024-12-02T20:57:58.486+0000] {spark_submit.py:634} INFO - py4j.protocol.Py4JJavaError: An error occurred while calling z:org.apache.spark.api.python.PythonRDD.readRDDFromFile.
[2024-12-02T20:57:58.486+0000] {spark_submit.py:634} INFO - : java.lang.IllegalStateException: Cannot call methods on a stopped SparkContext.
[2024-12-02T20:57:58.486+0000] {spark_submit.py:634} INFO - This stopped SparkContext was created at:
[2024-12-02T20:57:58.487+0000] {spark_submit.py:634} INFO - 
[2024-12-02T20:57:58.487+0000] {spark_submit.py:634} INFO - org.apache.spark.api.java.JavaSparkContext.<init>(JavaSparkContext.scala:58)
[2024-12-02T20:57:58.488+0000] {spark_submit.py:634} INFO - java.base/jdk.internal.reflect.NativeConstructorAccessorImpl.newInstance0(Native Method)
[2024-12-02T20:57:58.488+0000] {spark_submit.py:634} INFO - java.base/jdk.internal.reflect.NativeConstructorAccessorImpl.newInstance(NativeConstructorAccessorImpl.java:77)
[2024-12-02T20:57:58.489+0000] {spark_submit.py:634} INFO - java.base/jdk.internal.reflect.DelegatingConstructorAccessorImpl.newInstance(DelegatingConstructorAccessorImpl.java:45)
[2024-12-02T20:57:58.489+0000] {spark_submit.py:634} INFO - java.base/java.lang.reflect.Constructor.newInstanceWithCaller(Constructor.java:500)
[2024-12-02T20:57:58.490+0000] {spark_submit.py:634} INFO - java.base/java.lang.reflect.Constructor.newInstance(Constructor.java:481)
[2024-12-02T20:57:58.491+0000] {spark_submit.py:634} INFO - py4j.reflection.MethodInvoker.invoke(MethodInvoker.java:247)
[2024-12-02T20:57:58.491+0000] {spark_submit.py:634} INFO - py4j.reflection.ReflectionEngine.invoke(ReflectionEngine.java:374)
[2024-12-02T20:57:58.491+0000] {spark_submit.py:634} INFO - py4j.Gateway.invoke(Gateway.java:238)
[2024-12-02T20:57:58.492+0000] {spark_submit.py:634} INFO - py4j.commands.ConstructorCommand.invokeConstructor(ConstructorCommand.java:80)
[2024-12-02T20:57:58.492+0000] {spark_submit.py:634} INFO - py4j.commands.ConstructorCommand.execute(ConstructorCommand.java:69)
[2024-12-02T20:57:58.493+0000] {spark_submit.py:634} INFO - py4j.ClientServerConnection.waitForCommands(ClientServerConnection.java:182)
[2024-12-02T20:57:58.493+0000] {spark_submit.py:634} INFO - py4j.ClientServerConnection.run(ClientServerConnection.java:106)
[2024-12-02T20:57:58.494+0000] {spark_submit.py:634} INFO - java.base/java.lang.Thread.run(Thread.java:840)
[2024-12-02T20:57:58.494+0000] {spark_submit.py:634} INFO - 
[2024-12-02T20:57:58.495+0000] {spark_submit.py:634} INFO - The currently active SparkContext was created at:
[2024-12-02T20:57:58.495+0000] {spark_submit.py:634} INFO - 
[2024-12-02T20:57:58.496+0000] {spark_submit.py:634} INFO - org.apache.spark.api.java.JavaSparkContext.<init>(JavaSparkContext.scala:58)
[2024-12-02T20:57:58.496+0000] {spark_submit.py:634} INFO - java.base/jdk.internal.reflect.NativeConstructorAccessorImpl.newInstance0(Native Method)
[2024-12-02T20:57:58.496+0000] {spark_submit.py:634} INFO - java.base/jdk.internal.reflect.NativeConstructorAccessorImpl.newInstance(NativeConstructorAccessorImpl.java:77)
[2024-12-02T20:57:58.497+0000] {spark_submit.py:634} INFO - java.base/jdk.internal.reflect.DelegatingConstructorAccessorImpl.newInstance(DelegatingConstructorAccessorImpl.java:45)
[2024-12-02T20:57:58.497+0000] {spark_submit.py:634} INFO - java.base/java.lang.reflect.Constructor.newInstanceWithCaller(Constructor.java:500)
[2024-12-02T20:57:58.498+0000] {spark_submit.py:634} INFO - java.base/java.lang.reflect.Constructor.newInstance(Constructor.java:481)
[2024-12-02T20:57:58.498+0000] {spark_submit.py:634} INFO - py4j.reflection.MethodInvoker.invoke(MethodInvoker.java:247)
[2024-12-02T20:57:58.499+0000] {spark_submit.py:634} INFO - py4j.reflection.ReflectionEngine.invoke(ReflectionEngine.java:374)
[2024-12-02T20:57:58.499+0000] {spark_submit.py:634} INFO - py4j.Gateway.invoke(Gateway.java:238)
[2024-12-02T20:57:58.500+0000] {spark_submit.py:634} INFO - py4j.commands.ConstructorCommand.invokeConstructor(ConstructorCommand.java:80)
[2024-12-02T20:57:58.500+0000] {spark_submit.py:634} INFO - py4j.commands.ConstructorCommand.execute(ConstructorCommand.java:69)
[2024-12-02T20:57:58.500+0000] {spark_submit.py:634} INFO - py4j.ClientServerConnection.waitForCommands(ClientServerConnection.java:182)
[2024-12-02T20:57:58.501+0000] {spark_submit.py:634} INFO - py4j.ClientServerConnection.run(ClientServerConnection.java:106)
[2024-12-02T20:57:58.501+0000] {spark_submit.py:634} INFO - java.base/java.lang.Thread.run(Thread.java:840)
[2024-12-02T20:57:58.502+0000] {spark_submit.py:634} INFO - 
[2024-12-02T20:57:58.502+0000] {spark_submit.py:634} INFO - at org.apache.spark.SparkContext.assertNotStopped(SparkContext.scala:122)
[2024-12-02T20:57:58.503+0000] {spark_submit.py:634} INFO - at org.apache.spark.SparkContext.$anonfun$parallelize$1(SparkContext.scala:937)
[2024-12-02T20:57:58.503+0000] {spark_submit.py:634} INFO - at org.apache.spark.rdd.RDDOperationScope$.withScope(RDDOperationScope.scala:151)
[2024-12-02T20:57:58.503+0000] {spark_submit.py:634} INFO - at org.apache.spark.rdd.RDDOperationScope$.withScope(RDDOperationScope.scala:112)
[2024-12-02T20:57:58.504+0000] {spark_submit.py:634} INFO - at org.apache.spark.SparkContext.withScope(SparkContext.scala:919)
[2024-12-02T20:57:58.504+0000] {spark_submit.py:634} INFO - at org.apache.spark.SparkContext.parallelize(SparkContext.scala:936)
[2024-12-02T20:57:58.505+0000] {spark_submit.py:634} INFO - at org.apache.spark.api.java.JavaRDD$.readRDDFromInputStream(JavaRDD.scala:259)
[2024-12-02T20:57:58.505+0000] {spark_submit.py:634} INFO - at org.apache.spark.api.java.JavaRDD$.readRDDFromFile(JavaRDD.scala:239)
[2024-12-02T20:57:58.505+0000] {spark_submit.py:634} INFO - at org.apache.spark.api.python.PythonRDD$.readRDDFromFile(PythonRDD.scala:289)
[2024-12-02T20:57:58.506+0000] {spark_submit.py:634} INFO - at org.apache.spark.api.python.PythonRDD.readRDDFromFile(PythonRDD.scala)
[2024-12-02T20:57:58.506+0000] {spark_submit.py:634} INFO - at java.base/jdk.internal.reflect.NativeMethodAccessorImpl.invoke0(Native Method)
[2024-12-02T20:57:58.507+0000] {spark_submit.py:634} INFO - at java.base/jdk.internal.reflect.NativeMethodAccessorImpl.invoke(NativeMethodAccessorImpl.java:77)
[2024-12-02T20:57:58.507+0000] {spark_submit.py:634} INFO - at java.base/jdk.internal.reflect.DelegatingMethodAccessorImpl.invoke(DelegatingMethodAccessorImpl.java:43)
[2024-12-02T20:57:58.507+0000] {spark_submit.py:634} INFO - at java.base/java.lang.reflect.Method.invoke(Method.java:569)
[2024-12-02T20:57:58.508+0000] {spark_submit.py:634} INFO - at py4j.reflection.MethodInvoker.invoke(MethodInvoker.java:244)
[2024-12-02T20:57:58.508+0000] {spark_submit.py:634} INFO - at py4j.reflection.ReflectionEngine.invoke(ReflectionEngine.java:374)
[2024-12-02T20:57:58.509+0000] {spark_submit.py:634} INFO - at py4j.Gateway.invoke(Gateway.java:282)
[2024-12-02T20:57:58.509+0000] {spark_submit.py:634} INFO - at py4j.commands.AbstractCommand.invokeMethod(AbstractCommand.java:132)
[2024-12-02T20:57:58.510+0000] {spark_submit.py:634} INFO - at py4j.commands.CallCommand.execute(CallCommand.java:79)
[2024-12-02T20:57:58.511+0000] {spark_submit.py:634} INFO - at py4j.ClientServerConnection.waitForCommands(ClientServerConnection.java:182)
[2024-12-02T20:57:58.511+0000] {spark_submit.py:634} INFO - at py4j.ClientServerConnection.run(ClientServerConnection.java:106)
[2024-12-02T20:57:58.512+0000] {spark_submit.py:634} INFO - at java.base/java.lang.Thread.run(Thread.java:840)
[2024-12-02T20:57:58.512+0000] {spark_submit.py:634} INFO - 
[2024-12-02T20:57:58.596+0000] {spark_submit.py:634} INFO - 24/12/02 20:57:58 INFO ShutdownHookManager: Shutdown hook called
[2024-12-02T20:57:58.597+0000] {spark_submit.py:634} INFO - 24/12/02 20:57:58 INFO ShutdownHookManager: Deleting directory /tmp/spark-aa8c24e4-0c94-48d6-a4ee-9bea119e831a/pyspark-2a7daaad-5139-47d3-bc8d-ee6c01f98785
[2024-12-02T20:57:58.603+0000] {spark_submit.py:634} INFO - 24/12/02 20:57:58 INFO ShutdownHookManager: Deleting directory /tmp/spark-aa8c24e4-0c94-48d6-a4ee-9bea119e831a
[2024-12-02T20:57:58.608+0000] {spark_submit.py:634} INFO - 24/12/02 20:57:58 INFO ShutdownHookManager: Deleting directory /tmp/spark-a64f8e2f-0dc4-4b7a-a461-59c778b8ef1d
[2024-12-02T20:57:58.679+0000] {taskinstance.py:3311} ERROR - Task failed with exception
Traceback (most recent call last):
  File "/home/airflow/.local/lib/python3.11/site-packages/airflow/models/taskinstance.py", line 767, in _execute_task
    result = _execute_callable(context=context, **execute_callable_kwargs)
             ^^^^^^^^^^^^^^^^^^^^^^^^^^^^^^^^^^^^^^^^^^^^^^^^^^^^^^^^^^^^^
  File "/home/airflow/.local/lib/python3.11/site-packages/airflow/models/taskinstance.py", line 733, in _execute_callable
    return ExecutionCallableRunner(
           ^^^^^^^^^^^^^^^^^^^^^^^^
  File "/home/airflow/.local/lib/python3.11/site-packages/airflow/utils/operator_helpers.py", line 252, in run
    return self.func(*args, **kwargs)
           ^^^^^^^^^^^^^^^^^^^^^^^^^^
  File "/home/airflow/.local/lib/python3.11/site-packages/airflow/models/baseoperator.py", line 417, in wrapper
    return func(self, *args, **kwargs)
           ^^^^^^^^^^^^^^^^^^^^^^^^^^^
  File "/home/airflow/.local/lib/python3.11/site-packages/airflow/providers/apache/spark/operators/spark_submit.py", line 176, in execute
    self._hook.submit(self.application)
  File "/home/airflow/.local/lib/python3.11/site-packages/airflow/providers/apache/spark/hooks/spark_submit.py", line 560, in submit
    raise AirflowException(
airflow.exceptions.AirflowException: Cannot execute: spark-submit --master spark://spark-master-1:7077 --name arrow-spark --deploy-mode client jobs/python/wordcountjob.py. Error code is: 1.
[2024-12-02T20:57:58.690+0000] {taskinstance.py:1225} INFO - Marking task as FAILED. dag_id=sparking_flow, task_id=python_job, run_id=manual__2024-12-02T20:56:49.109017+00:00, execution_date=20241202T205649, start_date=20241202T205650, end_date=20241202T205758
[2024-12-02T20:57:58.713+0000] {taskinstance.py:340} INFO - ::group::Post task execution logs
[2024-12-02T20:57:58.714+0000] {standard_task_runner.py:124} ERROR - Failed to execute job 29 for task python_job (Cannot execute: spark-submit --master spark://spark-master-1:7077 --name arrow-spark --deploy-mode client jobs/python/wordcountjob.py. Error code is: 1.; 674)
Traceback (most recent call last):
  File "/home/airflow/.local/lib/python3.11/site-packages/airflow/task/task_runner/standard_task_runner.py", line 117, in _start_by_fork
    ret = args.func(args, dag=self.dag)
          ^^^^^^^^^^^^^^^^^^^^^^^^^^^^^
  File "/home/airflow/.local/lib/python3.11/site-packages/airflow/cli/cli_config.py", line 49, in command
    return func(*args, **kwargs)
           ^^^^^^^^^^^^^^^^^^^^^
  File "/home/airflow/.local/lib/python3.11/site-packages/airflow/utils/cli.py", line 116, in wrapper
    return f(*args, **kwargs)
           ^^^^^^^^^^^^^^^^^^
  File "/home/airflow/.local/lib/python3.11/site-packages/airflow/cli/commands/task_command.py", line 483, in task_run
    task_return_code = _run_task_by_selected_method(args, _dag, ti)
                       ^^^^^^^^^^^^^^^^^^^^^^^^^^^^^^^^^^^^^^^^^^^^
  File "/home/airflow/.local/lib/python3.11/site-packages/airflow/cli/commands/task_command.py", line 256, in _run_task_by_selected_method
    return _run_raw_task(args, ti)
           ^^^^^^^^^^^^^^^^^^^^^^^
  File "/home/airflow/.local/lib/python3.11/site-packages/airflow/cli/commands/task_command.py", line 341, in _run_raw_task
    return ti._run_raw_task(
           ^^^^^^^^^^^^^^^^^
  File "/home/airflow/.local/lib/python3.11/site-packages/airflow/utils/session.py", line 97, in wrapper
    return func(*args, session=session, **kwargs)
           ^^^^^^^^^^^^^^^^^^^^^^^^^^^^^^^^^^^^^^
  File "/home/airflow/.local/lib/python3.11/site-packages/airflow/models/taskinstance.py", line 3005, in _run_raw_task
    return _run_raw_task(
           ^^^^^^^^^^^^^^
  File "/home/airflow/.local/lib/python3.11/site-packages/airflow/models/taskinstance.py", line 273, in _run_raw_task
    TaskInstance._execute_task_with_callbacks(
  File "/home/airflow/.local/lib/python3.11/site-packages/airflow/models/taskinstance.py", line 3159, in _execute_task_with_callbacks
    result = self._execute_task(context, task_orig)
             ^^^^^^^^^^^^^^^^^^^^^^^^^^^^^^^^^^^^^^
  File "/home/airflow/.local/lib/python3.11/site-packages/airflow/models/taskinstance.py", line 3183, in _execute_task
    return _execute_task(self, context, task_orig)
           ^^^^^^^^^^^^^^^^^^^^^^^^^^^^^^^^^^^^^^^
  File "/home/airflow/.local/lib/python3.11/site-packages/airflow/models/taskinstance.py", line 767, in _execute_task
    result = _execute_callable(context=context, **execute_callable_kwargs)
             ^^^^^^^^^^^^^^^^^^^^^^^^^^^^^^^^^^^^^^^^^^^^^^^^^^^^^^^^^^^^^
  File "/home/airflow/.local/lib/python3.11/site-packages/airflow/models/taskinstance.py", line 733, in _execute_callable
    return ExecutionCallableRunner(
           ^^^^^^^^^^^^^^^^^^^^^^^^
  File "/home/airflow/.local/lib/python3.11/site-packages/airflow/utils/operator_helpers.py", line 252, in run
    return self.func(*args, **kwargs)
           ^^^^^^^^^^^^^^^^^^^^^^^^^^
  File "/home/airflow/.local/lib/python3.11/site-packages/airflow/models/baseoperator.py", line 417, in wrapper
    return func(self, *args, **kwargs)
           ^^^^^^^^^^^^^^^^^^^^^^^^^^^
  File "/home/airflow/.local/lib/python3.11/site-packages/airflow/providers/apache/spark/operators/spark_submit.py", line 176, in execute
    self._hook.submit(self.application)
  File "/home/airflow/.local/lib/python3.11/site-packages/airflow/providers/apache/spark/hooks/spark_submit.py", line 560, in submit
    raise AirflowException(
airflow.exceptions.AirflowException: Cannot execute: spark-submit --master spark://spark-master-1:7077 --name arrow-spark --deploy-mode client jobs/python/wordcountjob.py. Error code is: 1.
[2024-12-02T20:57:58.758+0000] {local_task_job_runner.py:266} INFO - Task exited with return code 1
[2024-12-02T20:57:58.780+0000] {taskinstance.py:3895} INFO - 0 downstream tasks scheduled from follow-on schedule check
[2024-12-02T20:57:58.783+0000] {local_task_job_runner.py:245} INFO - ::endgroup::
