[2024-12-09T12:30:20.341+0000] {local_task_job_runner.py:123} INFO - ::group::Pre task execution logs
[2024-12-09T12:30:20.364+0000] {taskinstance.py:2613} INFO - Dependencies all met for dep_context=non-requeueable deps ti=<TaskInstance: sparking_flow.java_job manual__2024-12-09T12:30:18.154760+00:00 [queued]>
[2024-12-09T12:30:20.370+0000] {taskinstance.py:2613} INFO - Dependencies all met for dep_context=requeueable deps ti=<TaskInstance: sparking_flow.java_job manual__2024-12-09T12:30:18.154760+00:00 [queued]>
[2024-12-09T12:30:20.371+0000] {taskinstance.py:2866} INFO - Starting attempt 1 of 1
[2024-12-09T12:30:20.383+0000] {taskinstance.py:2889} INFO - Executing <Task(SparkSubmitOperator): java_job> on 2024-12-09 12:30:18.154760+00:00
[2024-12-09T12:30:20.395+0000] {logging_mixin.py:190} WARNING - /home/***/.local/lib/python3.12/site-packages/***/task/task_runner/standard_task_runner.py:70 DeprecationWarning: This process (pid=185) is multi-threaded, use of fork() may lead to deadlocks in the child.
[2024-12-09T12:30:20.397+0000] {standard_task_runner.py:72} INFO - Started process 189 to run task
[2024-12-09T12:30:20.395+0000] {standard_task_runner.py:104} INFO - Running: ['***', 'tasks', 'run', 'sparking_flow', 'java_job', 'manual__2024-12-09T12:30:18.154760+00:00', '--job-id', '410', '--raw', '--subdir', 'DAGS_FOLDER/spark_***.py', '--cfg-path', '/tmp/tmp6_3obnhn']
[2024-12-09T12:30:20.398+0000] {standard_task_runner.py:105} INFO - Job 410: Subtask java_job
[2024-12-09T12:30:20.452+0000] {task_command.py:467} INFO - Running <TaskInstance: sparking_flow.java_job manual__2024-12-09T12:30:18.154760+00:00 [running]> on host 2a892a3469ec
[2024-12-09T12:30:20.527+0000] {taskinstance.py:3132} INFO - Exporting env vars: AIRFLOW_CTX_DAG_OWNER='Yusuf Ganiyu' AIRFLOW_CTX_DAG_ID='sparking_flow' AIRFLOW_CTX_TASK_ID='java_job' AIRFLOW_CTX_EXECUTION_DATE='2024-12-09T12:30:18.154760+00:00' AIRFLOW_CTX_TRY_NUMBER='1' AIRFLOW_CTX_DAG_RUN_ID='manual__2024-12-09T12:30:18.154760+00:00'
[2024-12-09T12:30:20.527+0000] {taskinstance.py:731} INFO - ::endgroup::
[2024-12-09T12:30:20.549+0000] {base.py:84} INFO - Retrieving connection 'spark-conn'
[2024-12-09T12:30:20.551+0000] {spark_submit.py:473} INFO - Spark-Submit cmd: spark-submit --master spark://sparkingflow-spark-master-1:7077 --name arrow-spark --class com.airscholar.spark.WordCountJob --deploy-mode client jobs/java/spark-job/target/spark-job-1.0-SNAPSHOT.jar
[2024-12-09T12:30:23.643+0000] {spark_submit.py:634} INFO - 24/12/09 12:30:23 INFO SparkContext: Running Spark version 3.5.3
[2024-12-09T12:30:23.645+0000] {spark_submit.py:634} INFO - 24/12/09 12:30:23 INFO SparkContext: OS info Linux, 6.10.14-linuxkit, aarch64
[2024-12-09T12:30:23.651+0000] {spark_submit.py:634} INFO - 24/12/09 12:30:23 INFO SparkContext: Java version 17.0.13
[2024-12-09T12:30:23.752+0000] {spark_submit.py:634} INFO - 24/12/09 12:30:23 WARN NativeCodeLoader: Unable to load native-hadoop library for your platform... using builtin-java classes where applicable
[2024-12-09T12:30:23.897+0000] {spark_submit.py:634} INFO - 24/12/09 12:30:23 INFO ResourceUtils: ==============================================================
[2024-12-09T12:30:23.898+0000] {spark_submit.py:634} INFO - 24/12/09 12:30:23 INFO ResourceUtils: No custom resources configured for spark.driver.
[2024-12-09T12:30:23.898+0000] {spark_submit.py:634} INFO - 24/12/09 12:30:23 INFO ResourceUtils: ==============================================================
[2024-12-09T12:30:23.899+0000] {spark_submit.py:634} INFO - 24/12/09 12:30:23 INFO SparkContext: Submitted application: Word Count Job
[2024-12-09T12:30:23.929+0000] {spark_submit.py:634} INFO - 24/12/09 12:30:23 INFO ResourceProfile: Default ResourceProfile created, executor resources: Map(cores -> name: cores, amount: 1, script: , vendor: , memory -> name: memory, amount: 1024, script: , vendor: , offHeap -> name: offHeap, amount: 0, script: , vendor: ), task resources: Map(cpus -> name: cpus, amount: 1.0)
[2024-12-09T12:30:23.948+0000] {spark_submit.py:634} INFO - 24/12/09 12:30:23 INFO ResourceProfile: Limiting resource is cpu
[2024-12-09T12:30:23.950+0000] {spark_submit.py:634} INFO - 24/12/09 12:30:23 INFO ResourceProfileManager: Added ResourceProfile id: 0
[2024-12-09T12:30:24.023+0000] {spark_submit.py:634} INFO - 24/12/09 12:30:24 INFO SecurityManager: Changing view acls to: ***
[2024-12-09T12:30:24.025+0000] {spark_submit.py:634} INFO - 24/12/09 12:30:24 INFO SecurityManager: Changing modify acls to: ***
[2024-12-09T12:30:24.035+0000] {spark_submit.py:634} INFO - 24/12/09 12:30:24 INFO SecurityManager: Changing view acls groups to:
[2024-12-09T12:30:24.036+0000] {spark_submit.py:634} INFO - 24/12/09 12:30:24 INFO SecurityManager: Changing modify acls groups to:
[2024-12-09T12:30:24.036+0000] {spark_submit.py:634} INFO - 24/12/09 12:30:24 INFO SecurityManager: SecurityManager: authentication disabled; ui acls disabled; users with view permissions: ***; groups with view permissions: EMPTY; users with modify permissions: ***; groups with modify permissions: EMPTY
[2024-12-09T12:30:24.389+0000] {spark_submit.py:634} INFO - 24/12/09 12:30:24 INFO Utils: Successfully started service 'sparkDriver' on port 39085.
[2024-12-09T12:30:24.422+0000] {spark_submit.py:634} INFO - 24/12/09 12:30:24 INFO SparkEnv: Registering MapOutputTracker
[2024-12-09T12:30:24.460+0000] {spark_submit.py:634} INFO - 24/12/09 12:30:24 INFO SparkEnv: Registering BlockManagerMaster
[2024-12-09T12:30:24.480+0000] {spark_submit.py:634} INFO - 24/12/09 12:30:24 INFO BlockManagerMasterEndpoint: Using org.apache.spark.storage.DefaultTopologyMapper for getting topology information
[2024-12-09T12:30:24.481+0000] {spark_submit.py:634} INFO - 24/12/09 12:30:24 INFO BlockManagerMasterEndpoint: BlockManagerMasterEndpoint up
[2024-12-09T12:30:24.486+0000] {spark_submit.py:634} INFO - 24/12/09 12:30:24 INFO SparkEnv: Registering BlockManagerMasterHeartbeat
[2024-12-09T12:30:24.511+0000] {spark_submit.py:634} INFO - 24/12/09 12:30:24 INFO DiskBlockManager: Created local directory at /tmp/blockmgr-52d04055-d1d5-4de5-abbf-c782ca714b3c
[2024-12-09T12:30:24.528+0000] {spark_submit.py:634} INFO - 24/12/09 12:30:24 INFO MemoryStore: MemoryStore started with capacity 434.4 MiB
[2024-12-09T12:30:24.545+0000] {spark_submit.py:634} INFO - 24/12/09 12:30:24 INFO SparkEnv: Registering OutputCommitCoordinator
[2024-12-09T12:30:24.762+0000] {spark_submit.py:634} INFO - 24/12/09 12:30:24 INFO JettyUtils: Start Jetty 0.0.0.0:4040 for SparkUI
[2024-12-09T12:30:25.023+0000] {spark_submit.py:634} INFO - 24/12/09 12:30:25 INFO Utils: Successfully started service 'SparkUI' on port 4040.
[2024-12-09T12:30:25.158+0000] {spark_submit.py:634} INFO - 24/12/09 12:30:25 INFO SparkContext: Added JAR file:/opt/***/jobs/java/spark-job/target/spark-job-1.0-SNAPSHOT.jar at spark://2a892a3469ec:39085/jars/spark-job-1.0-SNAPSHOT.jar with timestamp 1733747423625
[2024-12-09T12:30:25.304+0000] {spark_submit.py:634} INFO - 24/12/09 12:30:25 INFO Executor: Starting executor ID driver on host 2a892a3469ec
[2024-12-09T12:30:25.309+0000] {spark_submit.py:634} INFO - 24/12/09 12:30:25 INFO Executor: OS info Linux, 6.10.14-linuxkit, aarch64
[2024-12-09T12:30:25.311+0000] {spark_submit.py:634} INFO - 24/12/09 12:30:25 INFO Executor: Java version 17.0.13
[2024-12-09T12:30:25.325+0000] {spark_submit.py:634} INFO - 24/12/09 12:30:25 INFO Executor: Starting executor with user classpath (userClassPathFirst = false): ''
[2024-12-09T12:30:25.327+0000] {spark_submit.py:634} INFO - 24/12/09 12:30:25 INFO Executor: Created or updated repl class loader org.apache.spark.util.MutableURLClassLoader@1e1b061 for default.
[2024-12-09T12:30:25.382+0000] {spark_submit.py:634} INFO - 24/12/09 12:30:25 INFO Executor: Fetching spark://2a892a3469ec:39085/jars/spark-job-1.0-SNAPSHOT.jar with timestamp 1733747423625
[2024-12-09T12:30:25.564+0000] {spark_submit.py:634} INFO - 24/12/09 12:30:25 INFO TransportClientFactory: Successfully created connection to 2a892a3469ec/172.18.0.4:39085 after 111 ms (0 ms spent in bootstraps)
[2024-12-09T12:30:25.587+0000] {spark_submit.py:634} INFO - 24/12/09 12:30:25 INFO Utils: Fetching spark://2a892a3469ec:39085/jars/spark-job-1.0-SNAPSHOT.jar to /tmp/spark-78f662a5-ec33-45c4-b018-b553b25d9845/userFiles-fdb5484f-d0fa-44cb-945e-fda834453e58/fetchFileTemp10646976242348069239.tmp
[2024-12-09T12:30:25.690+0000] {spark_submit.py:634} INFO - 24/12/09 12:30:25 INFO Executor: Adding file:/tmp/spark-78f662a5-ec33-45c4-b018-b553b25d9845/userFiles-fdb5484f-d0fa-44cb-945e-fda834453e58/spark-job-1.0-SNAPSHOT.jar to class loader default
[2024-12-09T12:30:25.710+0000] {spark_submit.py:634} INFO - 24/12/09 12:30:25 INFO Utils: Successfully started service 'org.apache.spark.network.netty.NettyBlockTransferService' on port 38455.
[2024-12-09T12:30:25.711+0000] {spark_submit.py:634} INFO - 24/12/09 12:30:25 INFO NettyBlockTransferService: Server created on 2a892a3469ec:38455
[2024-12-09T12:30:25.712+0000] {spark_submit.py:634} INFO - 24/12/09 12:30:25 INFO BlockManager: Using org.apache.spark.storage.RandomBlockReplicationPolicy for block replication policy
[2024-12-09T12:30:25.725+0000] {spark_submit.py:634} INFO - 24/12/09 12:30:25 INFO BlockManagerMaster: Registering BlockManager BlockManagerId(driver, 2a892a3469ec, 38455, None)
[2024-12-09T12:30:25.739+0000] {spark_submit.py:634} INFO - 24/12/09 12:30:25 INFO BlockManagerMasterEndpoint: Registering block manager 2a892a3469ec:38455 with 434.4 MiB RAM, BlockManagerId(driver, 2a892a3469ec, 38455, None)
[2024-12-09T12:30:25.750+0000] {spark_submit.py:634} INFO - 24/12/09 12:30:25 INFO BlockManagerMaster: Registered BlockManager BlockManagerId(driver, 2a892a3469ec, 38455, None)
[2024-12-09T12:30:25.752+0000] {spark_submit.py:634} INFO - 24/12/09 12:30:25 INFO BlockManager: Initialized BlockManager: BlockManagerId(driver, 2a892a3469ec, 38455, None)
[2024-12-09T12:30:27.288+0000] {spark_submit.py:634} INFO - 24/12/09 12:30:27 INFO SparkContext: Starting job: collect at WordCountJob.java:37
[2024-12-09T12:30:27.394+0000] {spark_submit.py:634} INFO - 24/12/09 12:30:27 INFO DAGScheduler: Registering RDD 2 (mapToPair at WordCountJob.java:33) as input to shuffle 0
[2024-12-09T12:30:27.409+0000] {spark_submit.py:634} INFO - 24/12/09 12:30:27 INFO DAGScheduler: Got job 0 (collect at WordCountJob.java:37) with 1 output partitions
[2024-12-09T12:30:27.427+0000] {spark_submit.py:634} INFO - 24/12/09 12:30:27 INFO DAGScheduler: Final stage: ResultStage 1 (collect at WordCountJob.java:37)
[2024-12-09T12:30:27.438+0000] {spark_submit.py:634} INFO - 24/12/09 12:30:27 INFO DAGScheduler: Parents of final stage: List(ShuffleMapStage 0)
[2024-12-09T12:30:27.443+0000] {spark_submit.py:634} INFO - 24/12/09 12:30:27 INFO DAGScheduler: Missing parents: List(ShuffleMapStage 0)
[2024-12-09T12:30:27.469+0000] {spark_submit.py:634} INFO - 24/12/09 12:30:27 INFO DAGScheduler: Submitting ShuffleMapStage 0 (MapPartitionsRDD[2] at mapToPair at WordCountJob.java:33), which has no missing parents
[2024-12-09T12:30:27.793+0000] {spark_submit.py:634} INFO - 24/12/09 12:30:27 INFO MemoryStore: Block broadcast_0 stored as values in memory (estimated size 6.4 KiB, free 434.4 MiB)
[2024-12-09T12:30:27.854+0000] {spark_submit.py:634} INFO - 24/12/09 12:30:27 INFO MemoryStore: Block broadcast_0_piece0 stored as bytes in memory (estimated size 3.4 KiB, free 434.4 MiB)
[2024-12-09T12:30:27.859+0000] {spark_submit.py:634} INFO - 24/12/09 12:30:27 INFO BlockManagerInfo: Added broadcast_0_piece0 in memory on 2a892a3469ec:38455 (size: 3.4 KiB, free: 434.4 MiB)
[2024-12-09T12:30:27.873+0000] {spark_submit.py:634} INFO - 24/12/09 12:30:27 INFO SparkContext: Created broadcast 0 from broadcast at DAGScheduler.scala:1585
[2024-12-09T12:30:27.942+0000] {spark_submit.py:634} INFO - 24/12/09 12:30:27 INFO DAGScheduler: Submitting 1 missing tasks from ShuffleMapStage 0 (MapPartitionsRDD[2] at mapToPair at WordCountJob.java:33) (first 15 tasks are for partitions Vector(0))
[2024-12-09T12:30:27.948+0000] {spark_submit.py:634} INFO - 24/12/09 12:30:27 INFO TaskSchedulerImpl: Adding task set 0.0 with 1 tasks resource profile 0
[2024-12-09T12:30:28.052+0000] {spark_submit.py:634} INFO - 24/12/09 12:30:28 INFO TaskSetManager: Starting task 0.0 in stage 0.0 (TID 0) (2a892a3469ec, executor driver, partition 0, PROCESS_LOCAL, 9249 bytes)
[2024-12-09T12:30:28.099+0000] {spark_submit.py:634} INFO - 24/12/09 12:30:28 INFO Executor: Running task 0.0 in stage 0.0 (TID 0)
[2024-12-09T12:30:28.608+0000] {spark_submit.py:634} INFO - 24/12/09 12:30:28 INFO Executor: Finished task 0.0 in stage 0.0 (TID 0). 1216 bytes result sent to driver
[2024-12-09T12:30:28.666+0000] {spark_submit.py:634} INFO - 24/12/09 12:30:28 INFO TaskSetManager: Finished task 0.0 in stage 0.0 (TID 0) in 654 ms on 2a892a3469ec (executor driver) (1/1)
[2024-12-09T12:30:28.675+0000] {spark_submit.py:634} INFO - 24/12/09 12:30:28 INFO TaskSchedulerImpl: Removed TaskSet 0.0, whose tasks have all completed, from pool
[2024-12-09T12:30:28.696+0000] {spark_submit.py:634} INFO - 24/12/09 12:30:28 INFO DAGScheduler: ShuffleMapStage 0 (mapToPair at WordCountJob.java:33) finished in 1.137 s
[2024-12-09T12:30:28.698+0000] {spark_submit.py:634} INFO - 24/12/09 12:30:28 INFO DAGScheduler: looking for newly runnable stages
[2024-12-09T12:30:28.703+0000] {spark_submit.py:634} INFO - 24/12/09 12:30:28 INFO DAGScheduler: running: Set()
[2024-12-09T12:30:28.704+0000] {spark_submit.py:634} INFO - 24/12/09 12:30:28 INFO DAGScheduler: waiting: Set(ResultStage 1)
[2024-12-09T12:30:28.705+0000] {spark_submit.py:634} INFO - 24/12/09 12:30:28 INFO DAGScheduler: failed: Set()
[2024-12-09T12:30:28.716+0000] {spark_submit.py:634} INFO - 24/12/09 12:30:28 INFO DAGScheduler: Submitting ResultStage 1 (ShuffledRDD[3] at reduceByKey at WordCountJob.java:34), which has no missing parents
[2024-12-09T12:30:28.743+0000] {spark_submit.py:634} INFO - 24/12/09 12:30:28 INFO MemoryStore: Block broadcast_1 stored as values in memory (estimated size 5.2 KiB, free 434.4 MiB)
[2024-12-09T12:30:28.769+0000] {spark_submit.py:634} INFO - 24/12/09 12:30:28 INFO MemoryStore: Block broadcast_1_piece0 stored as bytes in memory (estimated size 2.9 KiB, free 434.4 MiB)
[2024-12-09T12:30:28.774+0000] {spark_submit.py:634} INFO - 24/12/09 12:30:28 INFO BlockManagerInfo: Added broadcast_1_piece0 in memory on 2a892a3469ec:38455 (size: 2.9 KiB, free: 434.4 MiB)
[2024-12-09T12:30:28.776+0000] {spark_submit.py:634} INFO - 24/12/09 12:30:28 INFO SparkContext: Created broadcast 1 from broadcast at DAGScheduler.scala:1585
[2024-12-09T12:30:28.780+0000] {spark_submit.py:634} INFO - 24/12/09 12:30:28 INFO DAGScheduler: Submitting 1 missing tasks from ResultStage 1 (ShuffledRDD[3] at reduceByKey at WordCountJob.java:34) (first 15 tasks are for partitions Vector(0))
[2024-12-09T12:30:28.785+0000] {spark_submit.py:634} INFO - 24/12/09 12:30:28 INFO TaskSchedulerImpl: Adding task set 1.0 with 1 tasks resource profile 0
[2024-12-09T12:30:28.805+0000] {spark_submit.py:634} INFO - 24/12/09 12:30:28 INFO TaskSetManager: Starting task 0.0 in stage 1.0 (TID 1) (2a892a3469ec, executor driver, partition 0, NODE_LOCAL, 9002 bytes)
[2024-12-09T12:30:28.811+0000] {spark_submit.py:634} INFO - 24/12/09 12:30:28 INFO Executor: Running task 0.0 in stage 1.0 (TID 1)
[2024-12-09T12:30:28.902+0000] {spark_submit.py:634} INFO - 24/12/09 12:30:28 INFO ShuffleBlockFetcherIterator: Getting 1 (189.0 B) non-empty blocks including 1 (189.0 B) local and 0 (0.0 B) host-local and 0 (0.0 B) push-merged-local and 0 (0.0 B) remote blocks
[2024-12-09T12:30:28.910+0000] {spark_submit.py:634} INFO - 24/12/09 12:30:28 INFO ShuffleBlockFetcherIterator: Started 0 remote fetches in 23 ms
[2024-12-09T12:30:28.979+0000] {spark_submit.py:634} INFO - 24/12/09 12:30:28 INFO Executor: Finished task 0.0 in stage 1.0 (TID 1). 1958 bytes result sent to driver
[2024-12-09T12:30:28.982+0000] {spark_submit.py:634} INFO - 24/12/09 12:30:28 INFO TaskSetManager: Finished task 0.0 in stage 1.0 (TID 1) in 182 ms on 2a892a3469ec (executor driver) (1/1)
[2024-12-09T12:30:28.987+0000] {spark_submit.py:634} INFO - 24/12/09 12:30:28 INFO DAGScheduler: ResultStage 1 (collect at WordCountJob.java:37) finished in 0.244 s
[2024-12-09T12:30:28.989+0000] {spark_submit.py:634} INFO - 24/12/09 12:30:28 INFO TaskSchedulerImpl: Removed TaskSet 1.0, whose tasks have all completed, from pool
[2024-12-09T12:30:28.997+0000] {spark_submit.py:634} INFO - 24/12/09 12:30:28 INFO DAGScheduler: Job 0 is finished. Cancelling potential speculative or zombie tasks for this job
[2024-12-09T12:30:28.997+0000] {spark_submit.py:634} INFO - 24/12/09 12:30:28 INFO TaskSchedulerImpl: Killing all running tasks in stage 1: Stage finished
[2024-12-09T12:30:29.011+0000] {spark_submit.py:634} INFO - 24/12/09 12:30:28 INFO DAGScheduler: Job 0 finished: collect at WordCountJob.java:37, took 1.714227 s
[2024-12-09T12:30:29.015+0000] {spark_submit.py:634} INFO - spark: 1
[2024-12-09T12:30:29.015+0000] {spark_submit.py:634} INFO - docker: 1
[2024-12-09T12:30:29.016+0000] {spark_submit.py:634} INFO - Yusuf: 1
[2024-12-09T12:30:29.018+0000] {spark_submit.py:634} INFO - hello: 5
[2024-12-09T12:30:29.020+0000] {spark_submit.py:634} INFO - java: 1
[2024-12-09T12:30:29.024+0000] {spark_submit.py:634} INFO - world: 1
[2024-12-09T12:30:29.025+0000] {spark_submit.py:634} INFO - 24/12/09 12:30:29 INFO SparkContext: SparkContext is stopping with exitCode 0.
[2024-12-09T12:30:29.052+0000] {spark_submit.py:634} INFO - 24/12/09 12:30:29 INFO SparkUI: Stopped Spark web UI at http://2a892a3469ec:4040
[2024-12-09T12:30:29.112+0000] {spark_submit.py:634} INFO - 24/12/09 12:30:29 INFO MapOutputTrackerMasterEndpoint: MapOutputTrackerMasterEndpoint stopped!
[2024-12-09T12:30:29.148+0000] {spark_submit.py:634} INFO - 24/12/09 12:30:29 INFO MemoryStore: MemoryStore cleared
[2024-12-09T12:30:29.149+0000] {spark_submit.py:634} INFO - 24/12/09 12:30:29 INFO BlockManager: BlockManager stopped
[2024-12-09T12:30:29.182+0000] {spark_submit.py:634} INFO - 24/12/09 12:30:29 INFO BlockManagerMaster: BlockManagerMaster stopped
[2024-12-09T12:30:29.189+0000] {spark_submit.py:634} INFO - 24/12/09 12:30:29 INFO OutputCommitCoordinator$OutputCommitCoordinatorEndpoint: OutputCommitCoordinator stopped!
[2024-12-09T12:30:29.233+0000] {spark_submit.py:634} INFO - 24/12/09 12:30:29 INFO SparkContext: Successfully stopped SparkContext
[2024-12-09T12:30:29.242+0000] {spark_submit.py:634} INFO - 24/12/09 12:30:29 INFO ShutdownHookManager: Shutdown hook called
[2024-12-09T12:30:29.243+0000] {spark_submit.py:634} INFO - 24/12/09 12:30:29 INFO ShutdownHookManager: Deleting directory /tmp/spark-efb9a1cb-4ed0-410c-8e74-5cc269ce0933
[2024-12-09T12:30:29.252+0000] {spark_submit.py:634} INFO - 24/12/09 12:30:29 INFO ShutdownHookManager: Deleting directory /tmp/spark-78f662a5-ec33-45c4-b018-b553b25d9845
[2024-12-09T12:30:29.538+0000] {taskinstance.py:340} INFO - ::group::Post task execution logs
[2024-12-09T12:30:29.545+0000] {taskinstance.py:352} INFO - Marking task as SUCCESS. dag_id=sparking_flow, task_id=java_job, run_id=manual__2024-12-09T12:30:18.154760+00:00, execution_date=20241209T123018, start_date=20241209T123020, end_date=20241209T123029
[2024-12-09T12:30:29.629+0000] {local_task_job_runner.py:266} INFO - Task exited with return code 0
[2024-12-09T12:30:29.747+0000] {taskinstance.py:3895} INFO - 0 downstream tasks scheduled from follow-on schedule check
[2024-12-09T12:30:29.768+0000] {local_task_job_runner.py:245} INFO - ::endgroup::
