[2024-12-09T12:57:28.211+0000] {local_task_job_runner.py:123} INFO - ::group::Pre task execution logs
[2024-12-09T12:57:28.230+0000] {taskinstance.py:2613} INFO - Dependencies all met for dep_context=non-requeueable deps ti=<TaskInstance: sparking_flow.java_job manual__2024-12-09T12:57:26.485696+00:00 [queued]>
[2024-12-09T12:57:28.238+0000] {taskinstance.py:2613} INFO - Dependencies all met for dep_context=requeueable deps ti=<TaskInstance: sparking_flow.java_job manual__2024-12-09T12:57:26.485696+00:00 [queued]>
[2024-12-09T12:57:28.238+0000] {taskinstance.py:2866} INFO - Starting attempt 1 of 1
[2024-12-09T12:57:28.248+0000] {taskinstance.py:2889} INFO - Executing <Task(SparkSubmitOperator): java_job> on 2024-12-09 12:57:26.485696+00:00
[2024-12-09T12:57:28.256+0000] {logging_mixin.py:190} WARNING - /home/***/.local/lib/python3.12/site-packages/***/task/task_runner/standard_task_runner.py:70 DeprecationWarning: This process (pid=186) is multi-threaded, use of fork() may lead to deadlocks in the child.
[2024-12-09T12:57:28.254+0000] {standard_task_runner.py:104} INFO - Running: ['***', 'tasks', 'run', 'sparking_flow', 'java_job', 'manual__2024-12-09T12:57:26.485696+00:00', '--job-id', '444', '--raw', '--subdir', 'DAGS_FOLDER/spark_***.py', '--cfg-path', '/tmp/tmpmsl2zoqw']
[2024-12-09T12:57:28.257+0000] {standard_task_runner.py:105} INFO - Job 444: Subtask java_job
[2024-12-09T12:57:28.256+0000] {standard_task_runner.py:72} INFO - Started process 187 to run task
[2024-12-09T12:57:28.320+0000] {task_command.py:467} INFO - Running <TaskInstance: sparking_flow.java_job manual__2024-12-09T12:57:26.485696+00:00 [running]> on host 2a892a3469ec
[2024-12-09T12:57:28.402+0000] {taskinstance.py:3132} INFO - Exporting env vars: AIRFLOW_CTX_DAG_OWNER='Yusuf Ganiyu' AIRFLOW_CTX_DAG_ID='sparking_flow' AIRFLOW_CTX_TASK_ID='java_job' AIRFLOW_CTX_EXECUTION_DATE='2024-12-09T12:57:26.485696+00:00' AIRFLOW_CTX_TRY_NUMBER='1' AIRFLOW_CTX_DAG_RUN_ID='manual__2024-12-09T12:57:26.485696+00:00'
[2024-12-09T12:57:28.405+0000] {taskinstance.py:731} INFO - ::endgroup::
[2024-12-09T12:57:28.431+0000] {base.py:84} INFO - Retrieving connection 'spark-conn'
[2024-12-09T12:57:28.433+0000] {spark_submit.py:473} INFO - Spark-Submit cmd: spark-submit --master spark://sparkingflow-spark-master-1:7077 --name arrow-spark --class com.airscholar.spark.WordCountJob --deploy-mode client jobs/java/spark-job/target/spark-job-1.0-SNAPSHOT.jar
[2024-12-09T12:57:32.423+0000] {spark_submit.py:634} INFO - 24/12/09 12:57:32 INFO SparkContext: Running Spark version 3.5.3
[2024-12-09T12:57:32.431+0000] {spark_submit.py:634} INFO - 24/12/09 12:57:32 INFO SparkContext: OS info Linux, 6.10.14-linuxkit, aarch64
[2024-12-09T12:57:32.432+0000] {spark_submit.py:634} INFO - 24/12/09 12:57:32 INFO SparkContext: Java version 17.0.13
[2024-12-09T12:57:32.537+0000] {spark_submit.py:634} INFO - 24/12/09 12:57:32 WARN NativeCodeLoader: Unable to load native-hadoop library for your platform... using builtin-java classes where applicable
[2024-12-09T12:57:32.724+0000] {spark_submit.py:634} INFO - 24/12/09 12:57:32 INFO ResourceUtils: ==============================================================
[2024-12-09T12:57:32.725+0000] {spark_submit.py:634} INFO - 24/12/09 12:57:32 INFO ResourceUtils: No custom resources configured for spark.driver.
[2024-12-09T12:57:32.728+0000] {spark_submit.py:634} INFO - 24/12/09 12:57:32 INFO ResourceUtils: ==============================================================
[2024-12-09T12:57:32.729+0000] {spark_submit.py:634} INFO - 24/12/09 12:57:32 INFO SparkContext: Submitted application: Word Count Job
[2024-12-09T12:57:32.762+0000] {spark_submit.py:634} INFO - 24/12/09 12:57:32 INFO ResourceProfile: Default ResourceProfile created, executor resources: Map(cores -> name: cores, amount: 1, script: , vendor: , memory -> name: memory, amount: 1024, script: , vendor: , offHeap -> name: offHeap, amount: 0, script: , vendor: ), task resources: Map(cpus -> name: cpus, amount: 1.0)
[2024-12-09T12:57:32.776+0000] {spark_submit.py:634} INFO - 24/12/09 12:57:32 INFO ResourceProfile: Limiting resource is cpu
[2024-12-09T12:57:32.778+0000] {spark_submit.py:634} INFO - 24/12/09 12:57:32 INFO ResourceProfileManager: Added ResourceProfile id: 0
[2024-12-09T12:57:32.858+0000] {spark_submit.py:634} INFO - 24/12/09 12:57:32 INFO SecurityManager: Changing view acls to: ***
[2024-12-09T12:57:32.861+0000] {spark_submit.py:634} INFO - 24/12/09 12:57:32 INFO SecurityManager: Changing modify acls to: ***
[2024-12-09T12:57:32.862+0000] {spark_submit.py:634} INFO - 24/12/09 12:57:32 INFO SecurityManager: Changing view acls groups to:
[2024-12-09T12:57:32.865+0000] {spark_submit.py:634} INFO - 24/12/09 12:57:32 INFO SecurityManager: Changing modify acls groups to:
[2024-12-09T12:57:32.865+0000] {spark_submit.py:634} INFO - 24/12/09 12:57:32 INFO SecurityManager: SecurityManager: authentication disabled; ui acls disabled; users with view permissions: ***; groups with view permissions: EMPTY; users with modify permissions: ***; groups with modify permissions: EMPTY
[2024-12-09T12:57:33.453+0000] {spark_submit.py:634} INFO - 24/12/09 12:57:33 INFO Utils: Successfully started service 'sparkDriver' on port 35447.
[2024-12-09T12:57:33.520+0000] {spark_submit.py:634} INFO - 24/12/09 12:57:33 INFO SparkEnv: Registering MapOutputTracker
[2024-12-09T12:57:33.571+0000] {spark_submit.py:634} INFO - 24/12/09 12:57:33 INFO SparkEnv: Registering BlockManagerMaster
[2024-12-09T12:57:33.603+0000] {spark_submit.py:634} INFO - 24/12/09 12:57:33 INFO BlockManagerMasterEndpoint: Using org.apache.spark.storage.DefaultTopologyMapper for getting topology information
[2024-12-09T12:57:33.604+0000] {spark_submit.py:634} INFO - 24/12/09 12:57:33 INFO BlockManagerMasterEndpoint: BlockManagerMasterEndpoint up
[2024-12-09T12:57:33.609+0000] {spark_submit.py:634} INFO - 24/12/09 12:57:33 INFO SparkEnv: Registering BlockManagerMasterHeartbeat
[2024-12-09T12:57:33.635+0000] {spark_submit.py:634} INFO - 24/12/09 12:57:33 INFO DiskBlockManager: Created local directory at /tmp/blockmgr-a11618e2-ba03-447f-92a0-aa02f01c7fce
[2024-12-09T12:57:33.658+0000] {spark_submit.py:634} INFO - 24/12/09 12:57:33 INFO MemoryStore: MemoryStore started with capacity 434.4 MiB
[2024-12-09T12:57:33.677+0000] {spark_submit.py:634} INFO - 24/12/09 12:57:33 INFO SparkEnv: Registering OutputCommitCoordinator
[2024-12-09T12:57:33.917+0000] {spark_submit.py:634} INFO - 24/12/09 12:57:33 INFO JettyUtils: Start Jetty 0.0.0.0:4040 for SparkUI
[2024-12-09T12:57:34.004+0000] {spark_submit.py:634} INFO - 24/12/09 12:57:34 INFO Utils: Successfully started service 'SparkUI' on port 4040.
[2024-12-09T12:57:34.053+0000] {spark_submit.py:634} INFO - 24/12/09 12:57:34 INFO SparkContext: Added JAR file:/opt/***/jobs/java/spark-job/target/spark-job-1.0-SNAPSHOT.jar at spark://2a892a3469ec:35447/jars/spark-job-1.0-SNAPSHOT.jar with timestamp 1733749052403
[2024-12-09T12:57:34.143+0000] {spark_submit.py:634} INFO - 24/12/09 12:57:34 INFO Executor: Starting executor ID driver on host 2a892a3469ec
[2024-12-09T12:57:34.144+0000] {spark_submit.py:634} INFO - 24/12/09 12:57:34 INFO Executor: OS info Linux, 6.10.14-linuxkit, aarch64
[2024-12-09T12:57:34.145+0000] {spark_submit.py:634} INFO - 24/12/09 12:57:34 INFO Executor: Java version 17.0.13
[2024-12-09T12:57:34.153+0000] {spark_submit.py:634} INFO - 24/12/09 12:57:34 INFO Executor: Starting executor with user classpath (userClassPathFirst = false): ''
[2024-12-09T12:57:34.154+0000] {spark_submit.py:634} INFO - 24/12/09 12:57:34 INFO Executor: Created or updated repl class loader org.apache.spark.util.MutableURLClassLoader@3b705be7 for default.
[2024-12-09T12:57:34.171+0000] {spark_submit.py:634} INFO - 24/12/09 12:57:34 INFO Executor: Fetching spark://2a892a3469ec:35447/jars/spark-job-1.0-SNAPSHOT.jar with timestamp 1733749052403
[2024-12-09T12:57:34.272+0000] {spark_submit.py:634} INFO - 24/12/09 12:57:34 INFO TransportClientFactory: Successfully created connection to 2a892a3469ec/172.18.0.4:35447 after 46 ms (0 ms spent in bootstraps)
[2024-12-09T12:57:34.279+0000] {spark_submit.py:634} INFO - 24/12/09 12:57:34 INFO Utils: Fetching spark://2a892a3469ec:35447/jars/spark-job-1.0-SNAPSHOT.jar to /tmp/spark-f2655950-a71b-4360-92d0-41167dceae7c/userFiles-9d15e718-83ef-43e6-ba27-f22f098ddebb/fetchFileTemp16179582482188747093.tmp
[2024-12-09T12:57:34.344+0000] {spark_submit.py:634} INFO - 24/12/09 12:57:34 INFO Executor: Adding file:/tmp/spark-f2655950-a71b-4360-92d0-41167dceae7c/userFiles-9d15e718-83ef-43e6-ba27-f22f098ddebb/spark-job-1.0-SNAPSHOT.jar to class loader default
[2024-12-09T12:57:34.358+0000] {spark_submit.py:634} INFO - 24/12/09 12:57:34 INFO Utils: Successfully started service 'org.apache.spark.network.netty.NettyBlockTransferService' on port 42155.
[2024-12-09T12:57:34.360+0000] {spark_submit.py:634} INFO - 24/12/09 12:57:34 INFO NettyBlockTransferService: Server created on 2a892a3469ec:42155
[2024-12-09T12:57:34.362+0000] {spark_submit.py:634} INFO - 24/12/09 12:57:34 INFO BlockManager: Using org.apache.spark.storage.RandomBlockReplicationPolicy for block replication policy
[2024-12-09T12:57:34.372+0000] {spark_submit.py:634} INFO - 24/12/09 12:57:34 INFO BlockManagerMaster: Registering BlockManager BlockManagerId(driver, 2a892a3469ec, 42155, None)
[2024-12-09T12:57:34.378+0000] {spark_submit.py:634} INFO - 24/12/09 12:57:34 INFO BlockManagerMasterEndpoint: Registering block manager 2a892a3469ec:42155 with 434.4 MiB RAM, BlockManagerId(driver, 2a892a3469ec, 42155, None)
[2024-12-09T12:57:34.382+0000] {spark_submit.py:634} INFO - 24/12/09 12:57:34 INFO BlockManagerMaster: Registered BlockManager BlockManagerId(driver, 2a892a3469ec, 42155, None)
[2024-12-09T12:57:34.385+0000] {spark_submit.py:634} INFO - 24/12/09 12:57:34 INFO BlockManager: Initialized BlockManager: BlockManagerId(driver, 2a892a3469ec, 42155, None)
[2024-12-09T12:57:35.575+0000] {spark_submit.py:634} INFO - 24/12/09 12:57:35 INFO SparkContext: Starting job: collect at WordCountJob.java:37
[2024-12-09T12:57:35.653+0000] {spark_submit.py:634} INFO - 24/12/09 12:57:35 INFO DAGScheduler: Registering RDD 2 (mapToPair at WordCountJob.java:33) as input to shuffle 0
[2024-12-09T12:57:35.659+0000] {spark_submit.py:634} INFO - 24/12/09 12:57:35 INFO DAGScheduler: Got job 0 (collect at WordCountJob.java:37) with 1 output partitions
[2024-12-09T12:57:35.660+0000] {spark_submit.py:634} INFO - 24/12/09 12:57:35 INFO DAGScheduler: Final stage: ResultStage 1 (collect at WordCountJob.java:37)
[2024-12-09T12:57:35.661+0000] {spark_submit.py:634} INFO - 24/12/09 12:57:35 INFO DAGScheduler: Parents of final stage: List(ShuffleMapStage 0)
[2024-12-09T12:57:35.664+0000] {spark_submit.py:634} INFO - 24/12/09 12:57:35 INFO DAGScheduler: Missing parents: List(ShuffleMapStage 0)
[2024-12-09T12:57:35.672+0000] {spark_submit.py:634} INFO - 24/12/09 12:57:35 INFO DAGScheduler: Submitting ShuffleMapStage 0 (MapPartitionsRDD[2] at mapToPair at WordCountJob.java:33), which has no missing parents
[2024-12-09T12:57:35.914+0000] {spark_submit.py:634} INFO - 24/12/09 12:57:35 INFO MemoryStore: Block broadcast_0 stored as values in memory (estimated size 6.4 KiB, free 434.4 MiB)
[2024-12-09T12:57:36.006+0000] {spark_submit.py:634} INFO - 24/12/09 12:57:36 INFO MemoryStore: Block broadcast_0_piece0 stored as bytes in memory (estimated size 3.4 KiB, free 434.4 MiB)
[2024-12-09T12:57:36.011+0000] {spark_submit.py:634} INFO - 24/12/09 12:57:36 INFO BlockManagerInfo: Added broadcast_0_piece0 in memory on 2a892a3469ec:42155 (size: 3.4 KiB, free: 434.4 MiB)
[2024-12-09T12:57:36.023+0000] {spark_submit.py:634} INFO - 24/12/09 12:57:36 INFO SparkContext: Created broadcast 0 from broadcast at DAGScheduler.scala:1585
[2024-12-09T12:57:36.062+0000] {spark_submit.py:634} INFO - 24/12/09 12:57:36 INFO DAGScheduler: Submitting 1 missing tasks from ShuffleMapStage 0 (MapPartitionsRDD[2] at mapToPair at WordCountJob.java:33) (first 15 tasks are for partitions Vector(0))
[2024-12-09T12:57:36.068+0000] {spark_submit.py:634} INFO - 24/12/09 12:57:36 INFO TaskSchedulerImpl: Adding task set 0.0 with 1 tasks resource profile 0
[2024-12-09T12:57:36.169+0000] {spark_submit.py:634} INFO - 24/12/09 12:57:36 INFO TaskSetManager: Starting task 0.0 in stage 0.0 (TID 0) (2a892a3469ec, executor driver, partition 0, PROCESS_LOCAL, 9249 bytes)
[2024-12-09T12:57:36.218+0000] {spark_submit.py:634} INFO - 24/12/09 12:57:36 INFO Executor: Running task 0.0 in stage 0.0 (TID 0)
[2024-12-09T12:57:36.617+0000] {spark_submit.py:634} INFO - 24/12/09 12:57:36 INFO Executor: Finished task 0.0 in stage 0.0 (TID 0). 1259 bytes result sent to driver
[2024-12-09T12:57:36.695+0000] {spark_submit.py:634} INFO - 24/12/09 12:57:36 INFO TaskSetManager: Finished task 0.0 in stage 0.0 (TID 0) in 548 ms on 2a892a3469ec (executor driver) (1/1)
[2024-12-09T12:57:36.719+0000] {spark_submit.py:634} INFO - 24/12/09 12:57:36 INFO TaskSchedulerImpl: Removed TaskSet 0.0, whose tasks have all completed, from pool
[2024-12-09T12:57:36.720+0000] {spark_submit.py:634} INFO - 24/12/09 12:57:36 INFO DAGScheduler: ShuffleMapStage 0 (mapToPair at WordCountJob.java:33) finished in 0.980 s
[2024-12-09T12:57:36.720+0000] {spark_submit.py:634} INFO - 24/12/09 12:57:36 INFO DAGScheduler: looking for newly runnable stages
[2024-12-09T12:57:36.720+0000] {spark_submit.py:634} INFO - 24/12/09 12:57:36 INFO DAGScheduler: running: Set()
[2024-12-09T12:57:36.722+0000] {spark_submit.py:634} INFO - 24/12/09 12:57:36 INFO DAGScheduler: waiting: Set(ResultStage 1)
[2024-12-09T12:57:36.725+0000] {spark_submit.py:634} INFO - 24/12/09 12:57:36 INFO DAGScheduler: failed: Set()
[2024-12-09T12:57:36.757+0000] {spark_submit.py:634} INFO - 24/12/09 12:57:36 INFO DAGScheduler: Submitting ResultStage 1 (ShuffledRDD[3] at reduceByKey at WordCountJob.java:34), which has no missing parents
[2024-12-09T12:57:36.803+0000] {spark_submit.py:634} INFO - 24/12/09 12:57:36 INFO MemoryStore: Block broadcast_1 stored as values in memory (estimated size 5.2 KiB, free 434.4 MiB)
[2024-12-09T12:57:36.811+0000] {spark_submit.py:634} INFO - 24/12/09 12:57:36 INFO MemoryStore: Block broadcast_1_piece0 stored as bytes in memory (estimated size 2.9 KiB, free 434.4 MiB)
[2024-12-09T12:57:36.814+0000] {spark_submit.py:634} INFO - 24/12/09 12:57:36 INFO BlockManagerInfo: Added broadcast_1_piece0 in memory on 2a892a3469ec:42155 (size: 2.9 KiB, free: 434.4 MiB)
[2024-12-09T12:57:36.821+0000] {spark_submit.py:634} INFO - 24/12/09 12:57:36 INFO SparkContext: Created broadcast 1 from broadcast at DAGScheduler.scala:1585
[2024-12-09T12:57:36.855+0000] {spark_submit.py:634} INFO - 24/12/09 12:57:36 INFO DAGScheduler: Submitting 1 missing tasks from ResultStage 1 (ShuffledRDD[3] at reduceByKey at WordCountJob.java:34) (first 15 tasks are for partitions Vector(0))
[2024-12-09T12:57:36.857+0000] {spark_submit.py:634} INFO - 24/12/09 12:57:36 INFO TaskSchedulerImpl: Adding task set 1.0 with 1 tasks resource profile 0
[2024-12-09T12:57:36.889+0000] {spark_submit.py:634} INFO - 24/12/09 12:57:36 INFO TaskSetManager: Starting task 0.0 in stage 1.0 (TID 1) (2a892a3469ec, executor driver, partition 0, NODE_LOCAL, 9002 bytes)
[2024-12-09T12:57:36.898+0000] {spark_submit.py:634} INFO - 24/12/09 12:57:36 INFO Executor: Running task 0.0 in stage 1.0 (TID 1)
[2024-12-09T12:57:37.099+0000] {spark_submit.py:634} INFO - 24/12/09 12:57:37 INFO ShuffleBlockFetcherIterator: Getting 1 (189.0 B) non-empty blocks including 1 (189.0 B) local and 0 (0.0 B) host-local and 0 (0.0 B) push-merged-local and 0 (0.0 B) remote blocks
[2024-12-09T12:57:37.105+0000] {spark_submit.py:634} INFO - 24/12/09 12:57:37 INFO ShuffleBlockFetcherIterator: Started 0 remote fetches in 48 ms
[2024-12-09T12:57:37.241+0000] {spark_submit.py:634} INFO - 24/12/09 12:57:37 INFO Executor: Finished task 0.0 in stage 1.0 (TID 1). 2001 bytes result sent to driver
[2024-12-09T12:57:37.254+0000] {spark_submit.py:634} INFO - 24/12/09 12:57:37 INFO TaskSetManager: Finished task 0.0 in stage 1.0 (TID 1) in 380 ms on 2a892a3469ec (executor driver) (1/1)
[2024-12-09T12:57:37.256+0000] {spark_submit.py:634} INFO - 24/12/09 12:57:37 INFO TaskSchedulerImpl: Removed TaskSet 1.0, whose tasks have all completed, from pool
[2024-12-09T12:57:37.286+0000] {spark_submit.py:634} INFO - 24/12/09 12:57:37 INFO DAGScheduler: ResultStage 1 (collect at WordCountJob.java:37) finished in 0.479 s
[2024-12-09T12:57:37.302+0000] {spark_submit.py:634} INFO - 24/12/09 12:57:37 INFO DAGScheduler: Job 0 is finished. Cancelling potential speculative or zombie tasks for this job
[2024-12-09T12:57:37.303+0000] {spark_submit.py:634} INFO - 24/12/09 12:57:37 INFO TaskSchedulerImpl: Killing all running tasks in stage 1: Stage finished
[2024-12-09T12:57:37.316+0000] {spark_submit.py:634} INFO - 24/12/09 12:57:37 INFO DAGScheduler: Job 0 finished: collect at WordCountJob.java:37, took 1.738244 s
[2024-12-09T12:57:37.323+0000] {spark_submit.py:634} INFO - spark: 1
[2024-12-09T12:57:37.327+0000] {spark_submit.py:634} INFO - docker: 1
[2024-12-09T12:57:37.330+0000] {spark_submit.py:634} INFO - Yusuf: 1
[2024-12-09T12:57:37.338+0000] {spark_submit.py:634} INFO - hello: 5
[2024-12-09T12:57:37.342+0000] {spark_submit.py:634} INFO - java: 1
[2024-12-09T12:57:37.350+0000] {spark_submit.py:634} INFO - world: 1
[2024-12-09T12:57:37.351+0000] {spark_submit.py:634} INFO - 24/12/09 12:57:37 INFO SparkContext: SparkContext is stopping with exitCode 0.
[2024-12-09T12:57:37.390+0000] {spark_submit.py:634} INFO - 24/12/09 12:57:37 INFO SparkUI: Stopped Spark web UI at http://2a892a3469ec:4040
[2024-12-09T12:57:37.438+0000] {spark_submit.py:634} INFO - 24/12/09 12:57:37 INFO MapOutputTrackerMasterEndpoint: MapOutputTrackerMasterEndpoint stopped!
[2024-12-09T12:57:37.497+0000] {spark_submit.py:634} INFO - 24/12/09 12:57:37 INFO MemoryStore: MemoryStore cleared
[2024-12-09T12:57:37.501+0000] {spark_submit.py:634} INFO - 24/12/09 12:57:37 INFO BlockManager: BlockManager stopped
[2024-12-09T12:57:37.522+0000] {spark_submit.py:634} INFO - 24/12/09 12:57:37 INFO BlockManagerMaster: BlockManagerMaster stopped
[2024-12-09T12:57:37.533+0000] {spark_submit.py:634} INFO - 24/12/09 12:57:37 INFO OutputCommitCoordinator$OutputCommitCoordinatorEndpoint: OutputCommitCoordinator stopped!
[2024-12-09T12:57:37.556+0000] {spark_submit.py:634} INFO - 24/12/09 12:57:37 INFO SparkContext: Successfully stopped SparkContext
[2024-12-09T12:57:37.561+0000] {spark_submit.py:634} INFO - 24/12/09 12:57:37 INFO ShutdownHookManager: Shutdown hook called
[2024-12-09T12:57:37.563+0000] {spark_submit.py:634} INFO - 24/12/09 12:57:37 INFO ShutdownHookManager: Deleting directory /tmp/spark-f2655950-a71b-4360-92d0-41167dceae7c
[2024-12-09T12:57:37.582+0000] {spark_submit.py:634} INFO - 24/12/09 12:57:37 INFO ShutdownHookManager: Deleting directory /tmp/spark-dade7b62-06de-492b-afc8-03df8ba9f0d1
[2024-12-09T12:57:37.735+0000] {taskinstance.py:340} INFO - ::group::Post task execution logs
[2024-12-09T12:57:37.737+0000] {taskinstance.py:352} INFO - Marking task as SUCCESS. dag_id=sparking_flow, task_id=java_job, run_id=manual__2024-12-09T12:57:26.485696+00:00, execution_date=20241209T125726, start_date=20241209T125728, end_date=20241209T125737
[2024-12-09T12:57:37.843+0000] {local_task_job_runner.py:266} INFO - Task exited with return code 0
[2024-12-09T12:57:37.987+0000] {taskinstance.py:3895} INFO - 0 downstream tasks scheduled from follow-on schedule check
[2024-12-09T12:57:37.990+0000] {local_task_job_runner.py:245} INFO - ::endgroup::
