[2024-12-08T14:53:37.850+0000] {local_task_job_runner.py:123} INFO - ::group::Pre task execution logs
[2024-12-08T14:53:37.868+0000] {taskinstance.py:2613} INFO - Dependencies all met for dep_context=non-requeueable deps ti=<TaskInstance: sparking_flow.python_job manual__2024-12-08T14:53:35.666604+00:00 [queued]>
[2024-12-08T14:53:37.876+0000] {taskinstance.py:2613} INFO - Dependencies all met for dep_context=requeueable deps ti=<TaskInstance: sparking_flow.python_job manual__2024-12-08T14:53:35.666604+00:00 [queued]>
[2024-12-08T14:53:37.876+0000] {taskinstance.py:2866} INFO - Starting attempt 1 of 1
[2024-12-08T14:53:37.888+0000] {taskinstance.py:2889} INFO - Executing <Task(SparkSubmitOperator): python_job> on 2024-12-08 14:53:35.666604+00:00
[2024-12-08T14:53:37.896+0000] {logging_mixin.py:190} WARNING - /home/***/.local/lib/python3.12/site-packages/***/task/task_runner/standard_task_runner.py:70 DeprecationWarning: This process (pid=190) is multi-threaded, use of fork() may lead to deadlocks in the child.
[2024-12-08T14:53:37.897+0000] {standard_task_runner.py:72} INFO - Started process 195 to run task
[2024-12-08T14:53:37.896+0000] {standard_task_runner.py:104} INFO - Running: ['***', 'tasks', 'run', 'sparking_flow', 'python_job', 'manual__2024-12-08T14:53:35.666604+00:00', '--job-id', '185', '--raw', '--subdir', 'DAGS_FOLDER/spark_***.py', '--cfg-path', '/tmp/tmp6ki1mge1']
[2024-12-08T14:53:37.899+0000] {standard_task_runner.py:105} INFO - Job 185: Subtask python_job
[2024-12-08T14:53:37.944+0000] {task_command.py:467} INFO - Running <TaskInstance: sparking_flow.python_job manual__2024-12-08T14:53:35.666604+00:00 [running]> on host 2a892a3469ec
[2024-12-08T14:53:38.018+0000] {taskinstance.py:3132} INFO - Exporting env vars: AIRFLOW_CTX_DAG_OWNER='Yusuf Ganiyu' AIRFLOW_CTX_DAG_ID='sparking_flow' AIRFLOW_CTX_TASK_ID='python_job' AIRFLOW_CTX_EXECUTION_DATE='2024-12-08T14:53:35.666604+00:00' AIRFLOW_CTX_TRY_NUMBER='1' AIRFLOW_CTX_DAG_RUN_ID='manual__2024-12-08T14:53:35.666604+00:00'
[2024-12-08T14:53:38.019+0000] {taskinstance.py:731} INFO - ::endgroup::
[2024-12-08T14:53:38.041+0000] {base.py:84} INFO - Retrieving connection 'spark-conn'
[2024-12-08T14:53:38.042+0000] {spark_submit.py:473} INFO - Spark-Submit cmd: spark-submit --master spark://sparkingflow-spark-master-1:7077 --name arrow-spark --deploy-mode client jobs/python/wordcountjob.py
[2024-12-08T14:53:43.086+0000] {spark_submit.py:634} INFO - 24/12/08 14:53:43 INFO SparkContext: Running Spark version 3.5.3
[2024-12-08T14:53:43.117+0000] {spark_submit.py:634} INFO - 24/12/08 14:53:43 INFO SparkContext: OS info Linux, 6.10.14-linuxkit, aarch64
[2024-12-08T14:53:43.124+0000] {spark_submit.py:634} INFO - 24/12/08 14:53:43 INFO SparkContext: Java version 17.0.13
[2024-12-08T14:53:43.340+0000] {spark_submit.py:634} INFO - 24/12/08 14:53:43 WARN NativeCodeLoader: Unable to load native-hadoop library for your platform... using builtin-java classes where applicable
[2024-12-08T14:53:43.627+0000] {spark_submit.py:634} INFO - 24/12/08 14:53:43 INFO ResourceUtils: ==============================================================
[2024-12-08T14:53:43.634+0000] {spark_submit.py:634} INFO - 24/12/08 14:53:43 INFO ResourceUtils: No custom resources configured for spark.driver.
[2024-12-08T14:53:43.639+0000] {spark_submit.py:634} INFO - 24/12/08 14:53:43 INFO ResourceUtils: ==============================================================
[2024-12-08T14:53:43.640+0000] {spark_submit.py:634} INFO - 24/12/08 14:53:43 INFO SparkContext: Submitted application: test
[2024-12-08T14:53:43.676+0000] {spark_submit.py:634} INFO - 24/12/08 14:53:43 INFO ResourceProfile: Default ResourceProfile created, executor resources: Map(cores -> name: cores, amount: 1, script: , vendor: , memory -> name: memory, amount: 1024, script: , vendor: , offHeap -> name: offHeap, amount: 0, script: , vendor: ), task resources: Map(cpus -> name: cpus, amount: 1.0)
[2024-12-08T14:53:43.699+0000] {spark_submit.py:634} INFO - 24/12/08 14:53:43 INFO ResourceProfile: Limiting resource is cpu
[2024-12-08T14:53:43.703+0000] {spark_submit.py:634} INFO - 24/12/08 14:53:43 INFO ResourceProfileManager: Added ResourceProfile id: 0
[2024-12-08T14:53:43.813+0000] {spark_submit.py:634} INFO - 24/12/08 14:53:43 INFO SecurityManager: Changing view acls to: ***
[2024-12-08T14:53:43.816+0000] {spark_submit.py:634} INFO - 24/12/08 14:53:43 INFO SecurityManager: Changing modify acls to: ***
[2024-12-08T14:53:43.820+0000] {spark_submit.py:634} INFO - 24/12/08 14:53:43 INFO SecurityManager: Changing view acls groups to:
[2024-12-08T14:53:43.822+0000] {spark_submit.py:634} INFO - 24/12/08 14:53:43 INFO SecurityManager: Changing modify acls groups to:
[2024-12-08T14:53:43.824+0000] {spark_submit.py:634} INFO - 24/12/08 14:53:43 INFO SecurityManager: SecurityManager: authentication disabled; ui acls disabled; users with view permissions: ***; groups with view permissions: EMPTY; users with modify permissions: ***; groups with modify permissions: EMPTY
[2024-12-08T14:53:44.543+0000] {spark_submit.py:634} INFO - 24/12/08 14:53:44 INFO Utils: Successfully started service 'sparkDriver' on port 46009.
[2024-12-08T14:53:44.617+0000] {spark_submit.py:634} INFO - 24/12/08 14:53:44 INFO SparkEnv: Registering MapOutputTracker
[2024-12-08T14:53:44.681+0000] {spark_submit.py:634} INFO - 24/12/08 14:53:44 INFO SparkEnv: Registering BlockManagerMaster
[2024-12-08T14:53:44.719+0000] {spark_submit.py:634} INFO - 24/12/08 14:53:44 INFO BlockManagerMasterEndpoint: Using org.apache.spark.storage.DefaultTopologyMapper for getting topology information
[2024-12-08T14:53:44.720+0000] {spark_submit.py:634} INFO - 24/12/08 14:53:44 INFO BlockManagerMasterEndpoint: BlockManagerMasterEndpoint up
[2024-12-08T14:53:44.739+0000] {spark_submit.py:634} INFO - 24/12/08 14:53:44 INFO SparkEnv: Registering BlockManagerMasterHeartbeat
[2024-12-08T14:53:44.771+0000] {spark_submit.py:634} INFO - 24/12/08 14:53:44 INFO DiskBlockManager: Created local directory at /tmp/blockmgr-0a0f5233-0bae-49f4-a898-d12fbdbb6d09
[2024-12-08T14:53:44.810+0000] {spark_submit.py:634} INFO - 24/12/08 14:53:44 INFO MemoryStore: MemoryStore started with capacity 434.4 MiB
[2024-12-08T14:53:44.882+0000] {spark_submit.py:634} INFO - 24/12/08 14:53:44 INFO SparkEnv: Registering OutputCommitCoordinator
[2024-12-08T14:53:45.299+0000] {spark_submit.py:634} INFO - 24/12/08 14:53:45 INFO JettyUtils: Start Jetty 0.0.0.0:4040 for SparkUI
[2024-12-08T14:53:45.423+0000] {spark_submit.py:634} INFO - 24/12/08 14:53:45 WARN Utils: Service 'SparkUI' could not bind on port 4040. Attempting port 4041.
[2024-12-08T14:53:45.425+0000] {spark_submit.py:634} INFO - 24/12/08 14:53:45 WARN Utils: Service 'SparkUI' could not bind on port 4041. Attempting port 4042.
[2024-12-08T14:53:45.448+0000] {spark_submit.py:634} INFO - 24/12/08 14:53:45 INFO Utils: Successfully started service 'SparkUI' on port 4042.
[2024-12-08T14:53:45.680+0000] {spark_submit.py:634} INFO - 24/12/08 14:53:45 INFO Executor: Starting executor ID driver on host 2a892a3469ec
[2024-12-08T14:53:45.681+0000] {spark_submit.py:634} INFO - 24/12/08 14:53:45 INFO Executor: OS info Linux, 6.10.14-linuxkit, aarch64
[2024-12-08T14:53:45.681+0000] {spark_submit.py:634} INFO - 24/12/08 14:53:45 INFO Executor: Java version 17.0.13
[2024-12-08T14:53:45.710+0000] {spark_submit.py:634} INFO - 24/12/08 14:53:45 INFO Executor: Starting executor with user classpath (userClassPathFirst = false): ''
[2024-12-08T14:53:45.714+0000] {spark_submit.py:634} INFO - 24/12/08 14:53:45 INFO Executor: Created or updated repl class loader org.apache.spark.util.MutableURLClassLoader@29478256 for default.
[2024-12-08T14:53:45.764+0000] {spark_submit.py:634} INFO - 24/12/08 14:53:45 INFO Utils: Successfully started service 'org.apache.spark.network.netty.NettyBlockTransferService' on port 40985.
[2024-12-08T14:53:45.765+0000] {spark_submit.py:634} INFO - 24/12/08 14:53:45 INFO NettyBlockTransferService: Server created on 2a892a3469ec:40985
[2024-12-08T14:53:45.767+0000] {spark_submit.py:634} INFO - 24/12/08 14:53:45 INFO BlockManager: Using org.apache.spark.storage.RandomBlockReplicationPolicy for block replication policy
[2024-12-08T14:53:45.781+0000] {spark_submit.py:634} INFO - 24/12/08 14:53:45 INFO BlockManagerMaster: Registering BlockManager BlockManagerId(driver, 2a892a3469ec, 40985, None)
[2024-12-08T14:53:45.790+0000] {spark_submit.py:634} INFO - 24/12/08 14:53:45 INFO BlockManagerMasterEndpoint: Registering block manager 2a892a3469ec:40985 with 434.4 MiB RAM, BlockManagerId(driver, 2a892a3469ec, 40985, None)
[2024-12-08T14:53:45.795+0000] {spark_submit.py:634} INFO - 24/12/08 14:53:45 INFO BlockManagerMaster: Registered BlockManager BlockManagerId(driver, 2a892a3469ec, 40985, None)
[2024-12-08T14:53:45.801+0000] {spark_submit.py:634} INFO - 24/12/08 14:53:45 INFO BlockManager: Initialized BlockManager: BlockManagerId(driver, 2a892a3469ec, 40985, None)
[2024-12-08T14:53:46.274+0000] {spark_submit.py:634} INFO - /tmp/tmp6nqk7yga/test1.txt
[2024-12-08T14:53:46.413+0000] {spark_submit.py:634} INFO - 24/12/08 14:53:46 INFO SparkContext: Added file /tmp/tmp6nqk7yga/test1.txt at file:/tmp/tmp6nqk7yga/test1.txt with timestamp 1733669626412
[2024-12-08T14:53:46.414+0000] {spark_submit.py:634} INFO - 24/12/08 14:53:46 INFO Utils: Copying /tmp/tmp6nqk7yga/test1.txt to /tmp/spark-2daf9392-b8a4-4135-a87b-2a87ef4ce240/userFiles-1aef5db4-296c-4619-93a5-3908075d6a08/test1.txt
[2024-12-08T14:53:46.445+0000] {spark_submit.py:634} INFO - 24/12/08 14:53:46 INFO SparkContext: Added file /tmp/tmp6nqk7yga/test2.txt at file:/tmp/tmp6nqk7yga/test2.txt with timestamp 1733669626445
[2024-12-08T14:53:46.446+0000] {spark_submit.py:634} INFO - 24/12/08 14:53:46 INFO Utils: Copying /tmp/tmp6nqk7yga/test2.txt to /tmp/spark-2daf9392-b8a4-4135-a87b-2a87ef4ce240/userFiles-1aef5db4-296c-4619-93a5-3908075d6a08/test2.txt
[2024-12-08T14:53:46.461+0000] {spark_submit.py:634} INFO - 24/12/08 14:53:46 WARN SparkContext: The path /tmp/tmp6nqk7yga/test2.txt has been added already. Overwriting of added paths is not supported in the current version.
[2024-12-08T14:53:47.011+0000] {spark_submit.py:634} INFO - 24/12/08 14:53:47 INFO SparkContext: Starting job: collect at /opt/***/jobs/python/wordcountjob.py:97
[2024-12-08T14:53:47.024+0000] {spark_submit.py:634} INFO - 24/12/08 14:53:47 INFO DAGScheduler: Got job 0 (collect at /opt/***/jobs/python/wordcountjob.py:97) with 1 output partitions
[2024-12-08T14:53:47.025+0000] {spark_submit.py:634} INFO - 24/12/08 14:53:47 INFO DAGScheduler: Final stage: ResultStage 0 (collect at /opt/***/jobs/python/wordcountjob.py:97)
[2024-12-08T14:53:47.026+0000] {spark_submit.py:634} INFO - 24/12/08 14:53:47 INFO DAGScheduler: Parents of final stage: List()
[2024-12-08T14:53:47.027+0000] {spark_submit.py:634} INFO - 24/12/08 14:53:47 INFO DAGScheduler: Missing parents: List()
[2024-12-08T14:53:47.030+0000] {spark_submit.py:634} INFO - 24/12/08 14:53:47 INFO DAGScheduler: Submitting ResultStage 0 (PythonRDD[1] at collect at /opt/***/jobs/python/wordcountjob.py:97), which has no missing parents
[2024-12-08T14:53:47.107+0000] {spark_submit.py:634} INFO - 24/12/08 14:53:47 INFO MemoryStore: Block broadcast_0 stored as values in memory (estimated size 6.0 KiB, free 434.4 MiB)
[2024-12-08T14:53:47.136+0000] {spark_submit.py:634} INFO - 24/12/08 14:53:47 INFO MemoryStore: Block broadcast_0_piece0 stored as bytes in memory (estimated size 4.0 KiB, free 434.4 MiB)
[2024-12-08T14:53:47.139+0000] {spark_submit.py:634} INFO - 24/12/08 14:53:47 INFO BlockManagerInfo: Added broadcast_0_piece0 in memory on 2a892a3469ec:40985 (size: 4.0 KiB, free: 434.4 MiB)
[2024-12-08T14:53:47.142+0000] {spark_submit.py:634} INFO - 24/12/08 14:53:47 INFO SparkContext: Created broadcast 0 from broadcast at DAGScheduler.scala:1585
[2024-12-08T14:53:47.156+0000] {spark_submit.py:634} INFO - 24/12/08 14:53:47 INFO DAGScheduler: Submitting 1 missing tasks from ResultStage 0 (PythonRDD[1] at collect at /opt/***/jobs/python/wordcountjob.py:97) (first 15 tasks are for partitions Vector(0))
[2024-12-08T14:53:47.157+0000] {spark_submit.py:634} INFO - 24/12/08 14:53:47 INFO TaskSchedulerImpl: Adding task set 0.0 with 1 tasks resource profile 0
[2024-12-08T14:53:47.213+0000] {spark_submit.py:634} INFO - 24/12/08 14:53:47 INFO TaskSetManager: Starting task 0.0 in stage 0.0 (TID 0) (2a892a3469ec, executor driver, partition 0, PROCESS_LOCAL, 9245 bytes)
[2024-12-08T14:53:47.226+0000] {spark_submit.py:634} INFO - 24/12/08 14:53:47 INFO Executor: Running task 0.0 in stage 0.0 (TID 0)
[2024-12-08T14:53:47.228+0000] {spark_submit.py:634} INFO - 24/12/08 14:53:47 INFO Executor: Fetching file:/tmp/tmp6nqk7yga/test1.txt with timestamp 1733669626412
[2024-12-08T14:53:47.247+0000] {spark_submit.py:634} INFO - 24/12/08 14:53:47 INFO Utils: /tmp/tmp6nqk7yga/test1.txt has been previously copied to /tmp/spark-2daf9392-b8a4-4135-a87b-2a87ef4ce240/userFiles-1aef5db4-296c-4619-93a5-3908075d6a08/test1.txt
[2024-12-08T14:53:47.252+0000] {spark_submit.py:634} INFO - 24/12/08 14:53:47 INFO Executor: Fetching file:/tmp/tmp6nqk7yga/test2.txt with timestamp 1733669626445
[2024-12-08T14:53:47.253+0000] {spark_submit.py:634} INFO - 24/12/08 14:53:47 INFO Utils: /tmp/tmp6nqk7yga/test2.txt has been previously copied to /tmp/spark-2daf9392-b8a4-4135-a87b-2a87ef4ce240/userFiles-1aef5db4-296c-4619-93a5-3908075d6a08/test2.txt
[2024-12-08T14:53:49.392+0000] {spark_submit.py:634} INFO - 24/12/08 14:53:49 INFO PythonRunner: Times: total = 1989, boot = 1737, init = 252, finish = 0
[2024-12-08T14:53:49.464+0000] {spark_submit.py:634} INFO - 24/12/08 14:53:49 INFO Executor: Finished task 0.0 in stage 0.0 (TID 0). 1468 bytes result sent to driver
[2024-12-08T14:53:49.487+0000] {spark_submit.py:634} INFO - 24/12/08 14:53:49 INFO TaskSetManager: Finished task 0.0 in stage 0.0 (TID 0) in 2283 ms on 2a892a3469ec (executor driver) (1/1)
[2024-12-08T14:53:49.487+0000] {spark_submit.py:634} INFO - 24/12/08 14:53:49 INFO TaskSchedulerImpl: Removed TaskSet 0.0, whose tasks have all completed, from pool
[2024-12-08T14:53:49.490+0000] {spark_submit.py:634} INFO - 24/12/08 14:53:49 INFO PythonAccumulatorV2: Connected to AccumulatorServer at host: 127.0.0.1 port: 44849
[2024-12-08T14:53:49.496+0000] {spark_submit.py:634} INFO - 24/12/08 14:53:49 INFO DAGScheduler: ResultStage 0 (collect at /opt/***/jobs/python/wordcountjob.py:97) finished in 2.451 s
[2024-12-08T14:53:49.501+0000] {spark_submit.py:634} INFO - 24/12/08 14:53:49 INFO DAGScheduler: Job 0 is finished. Cancelling potential speculative or zombie tasks for this job
[2024-12-08T14:53:49.501+0000] {spark_submit.py:634} INFO - 24/12/08 14:53:49 INFO TaskSchedulerImpl: Killing all running tasks in stage 0: Stage finished
[2024-12-08T14:53:49.504+0000] {spark_submit.py:634} INFO - 24/12/08 14:53:49 INFO DAGScheduler: Job 0 finished: collect at /opt/***/jobs/python/wordcountjob.py:97, took 2.493421 s
[2024-12-08T14:53:49.555+0000] {spark_submit.py:634} INFO - collected: [100, 200, 300, 400]
[2024-12-08T14:53:49.656+0000] {spark_submit.py:634} INFO - 24/12/08 14:53:49 INFO SparkContext: Invoking stop() from shutdown hook
[2024-12-08T14:53:49.658+0000] {spark_submit.py:634} INFO - 24/12/08 14:53:49 INFO SparkContext: SparkContext is stopping with exitCode 0.
[2024-12-08T14:53:49.689+0000] {spark_submit.py:634} INFO - 24/12/08 14:53:49 INFO SparkUI: Stopped Spark web UI at http://2a892a3469ec:4042
[2024-12-08T14:53:49.743+0000] {spark_submit.py:634} INFO - 24/12/08 14:53:49 INFO MapOutputTrackerMasterEndpoint: MapOutputTrackerMasterEndpoint stopped!
[2024-12-08T14:53:49.801+0000] {spark_submit.py:634} INFO - 24/12/08 14:53:49 INFO MemoryStore: MemoryStore cleared
[2024-12-08T14:53:49.804+0000] {spark_submit.py:634} INFO - 24/12/08 14:53:49 INFO BlockManager: BlockManager stopped
[2024-12-08T14:53:49.832+0000] {spark_submit.py:634} INFO - 24/12/08 14:53:49 INFO BlockManagerMaster: BlockManagerMaster stopped
[2024-12-08T14:53:49.836+0000] {spark_submit.py:634} INFO - 24/12/08 14:53:49 INFO OutputCommitCoordinator$OutputCommitCoordinatorEndpoint: OutputCommitCoordinator stopped!
[2024-12-08T14:53:49.855+0000] {spark_submit.py:634} INFO - 24/12/08 14:53:49 INFO SparkContext: Successfully stopped SparkContext
[2024-12-08T14:53:49.856+0000] {spark_submit.py:634} INFO - 24/12/08 14:53:49 INFO ShutdownHookManager: Shutdown hook called
[2024-12-08T14:53:49.859+0000] {spark_submit.py:634} INFO - 24/12/08 14:53:49 INFO ShutdownHookManager: Deleting directory /tmp/spark-2daf9392-b8a4-4135-a87b-2a87ef4ce240
[2024-12-08T14:53:49.867+0000] {spark_submit.py:634} INFO - 24/12/08 14:53:49 INFO ShutdownHookManager: Deleting directory /tmp/spark-2daf9392-b8a4-4135-a87b-2a87ef4ce240/pyspark-847c198f-a83a-45de-9763-b51fe86c335b
[2024-12-08T14:53:49.872+0000] {spark_submit.py:634} INFO - 24/12/08 14:53:49 INFO ShutdownHookManager: Deleting directory /tmp/spark-dfbf7f4c-6579-47bb-ba6a-853fde8ceb84
[2024-12-08T14:53:49.945+0000] {taskinstance.py:340} INFO - ::group::Post task execution logs
[2024-12-08T14:53:49.946+0000] {taskinstance.py:352} INFO - Marking task as SUCCESS. dag_id=sparking_flow, task_id=python_job, run_id=manual__2024-12-08T14:53:35.666604+00:00, execution_date=20241208T145335, start_date=20241208T145337, end_date=20241208T145349
[2024-12-08T14:53:50.002+0000] {local_task_job_runner.py:266} INFO - Task exited with return code 0
[2024-12-08T14:53:50.028+0000] {taskinstance.py:3895} INFO - 0 downstream tasks scheduled from follow-on schedule check
[2024-12-08T14:53:50.029+0000] {local_task_job_runner.py:245} INFO - ::endgroup::
