[2024-12-09T10:32:19.079+0000] {local_task_job_runner.py:123} INFO - ::group::Pre task execution logs
[2024-12-09T10:32:19.094+0000] {taskinstance.py:2613} INFO - Dependencies all met for dep_context=non-requeueable deps ti=<TaskInstance: sparking_flow.java_job manual__2024-12-09T10:32:17.120992+00:00 [queued]>
[2024-12-09T10:32:19.100+0000] {taskinstance.py:2613} INFO - Dependencies all met for dep_context=requeueable deps ti=<TaskInstance: sparking_flow.java_job manual__2024-12-09T10:32:17.120992+00:00 [queued]>
[2024-12-09T10:32:19.100+0000] {taskinstance.py:2866} INFO - Starting attempt 1 of 1
[2024-12-09T10:32:19.110+0000] {taskinstance.py:2889} INFO - Executing <Task(SparkSubmitOperator): java_job> on 2024-12-09 10:32:17.120992+00:00
[2024-12-09T10:32:19.118+0000] {logging_mixin.py:190} WARNING - /home/***/.local/lib/python3.12/site-packages/***/task/task_runner/standard_task_runner.py:70 DeprecationWarning: This process (pid=185) is multi-threaded, use of fork() may lead to deadlocks in the child.
[2024-12-09T10:32:19.117+0000] {standard_task_runner.py:104} INFO - Running: ['***', 'tasks', 'run', 'sparking_flow', 'java_job', 'manual__2024-12-09T10:32:17.120992+00:00', '--job-id', '319', '--raw', '--subdir', 'DAGS_FOLDER/spark_***.py', '--cfg-path', '/tmp/tmpow0l_dz0']
[2024-12-09T10:32:19.119+0000] {standard_task_runner.py:72} INFO - Started process 189 to run task
[2024-12-09T10:32:19.119+0000] {standard_task_runner.py:105} INFO - Job 319: Subtask java_job
[2024-12-09T10:32:19.166+0000] {task_command.py:467} INFO - Running <TaskInstance: sparking_flow.java_job manual__2024-12-09T10:32:17.120992+00:00 [running]> on host 2a892a3469ec
[2024-12-09T10:32:19.244+0000] {taskinstance.py:3132} INFO - Exporting env vars: AIRFLOW_CTX_DAG_OWNER='Yusuf Ganiyu' AIRFLOW_CTX_DAG_ID='sparking_flow' AIRFLOW_CTX_TASK_ID='java_job' AIRFLOW_CTX_EXECUTION_DATE='2024-12-09T10:32:17.120992+00:00' AIRFLOW_CTX_TRY_NUMBER='1' AIRFLOW_CTX_DAG_RUN_ID='manual__2024-12-09T10:32:17.120992+00:00'
[2024-12-09T10:32:19.245+0000] {taskinstance.py:731} INFO - ::endgroup::
[2024-12-09T10:32:19.267+0000] {base.py:84} INFO - Retrieving connection 'spark-conn'
[2024-12-09T10:32:19.269+0000] {spark_submit.py:473} INFO - Spark-Submit cmd: spark-submit --master spark://sparkingflow-spark-master-1:7077 --name arrow-spark --class com.airscholar.spark.WordCountJob --deploy-mode client jobs/java/spark-job/target/spark-job-1.0-SNAPSHOT.jar
[2024-12-09T10:32:22.401+0000] {spark_submit.py:634} INFO - 24/12/09 10:32:22 INFO SparkContext: Running Spark version 3.5.3
[2024-12-09T10:32:22.412+0000] {spark_submit.py:634} INFO - 24/12/09 10:32:22 INFO SparkContext: OS info Linux, 6.10.14-linuxkit, aarch64
[2024-12-09T10:32:22.412+0000] {spark_submit.py:634} INFO - 24/12/09 10:32:22 INFO SparkContext: Java version 17.0.13
[2024-12-09T10:32:22.518+0000] {spark_submit.py:634} INFO - 24/12/09 10:32:22 WARN NativeCodeLoader: Unable to load native-hadoop library for your platform... using builtin-java classes where applicable
[2024-12-09T10:32:22.660+0000] {spark_submit.py:634} INFO - 24/12/09 10:32:22 INFO ResourceUtils: ==============================================================
[2024-12-09T10:32:22.661+0000] {spark_submit.py:634} INFO - 24/12/09 10:32:22 INFO ResourceUtils: No custom resources configured for spark.driver.
[2024-12-09T10:32:22.661+0000] {spark_submit.py:634} INFO - 24/12/09 10:32:22 INFO ResourceUtils: ==============================================================
[2024-12-09T10:32:22.662+0000] {spark_submit.py:634} INFO - 24/12/09 10:32:22 INFO SparkContext: Submitted application: Word Count Job
[2024-12-09T10:32:22.687+0000] {spark_submit.py:634} INFO - 24/12/09 10:32:22 INFO ResourceProfile: Default ResourceProfile created, executor resources: Map(cores -> name: cores, amount: 1, script: , vendor: , memory -> name: memory, amount: 1024, script: , vendor: , offHeap -> name: offHeap, amount: 0, script: , vendor: ), task resources: Map(cpus -> name: cpus, amount: 1.0)
[2024-12-09T10:32:22.701+0000] {spark_submit.py:634} INFO - 24/12/09 10:32:22 INFO ResourceProfile: Limiting resource is cpu
[2024-12-09T10:32:22.702+0000] {spark_submit.py:634} INFO - 24/12/09 10:32:22 INFO ResourceProfileManager: Added ResourceProfile id: 0
[2024-12-09T10:32:22.767+0000] {spark_submit.py:634} INFO - 24/12/09 10:32:22 INFO SecurityManager: Changing view acls to: ***
[2024-12-09T10:32:22.768+0000] {spark_submit.py:634} INFO - 24/12/09 10:32:22 INFO SecurityManager: Changing modify acls to: ***
[2024-12-09T10:32:22.768+0000] {spark_submit.py:634} INFO - 24/12/09 10:32:22 INFO SecurityManager: Changing view acls groups to:
[2024-12-09T10:32:22.769+0000] {spark_submit.py:634} INFO - 24/12/09 10:32:22 INFO SecurityManager: Changing modify acls groups to:
[2024-12-09T10:32:22.769+0000] {spark_submit.py:634} INFO - 24/12/09 10:32:22 INFO SecurityManager: SecurityManager: authentication disabled; ui acls disabled; users with view permissions: ***; groups with view permissions: EMPTY; users with modify permissions: ***; groups with modify permissions: EMPTY
[2024-12-09T10:32:23.138+0000] {spark_submit.py:634} INFO - 24/12/09 10:32:23 INFO Utils: Successfully started service 'sparkDriver' on port 43751.
[2024-12-09T10:32:23.196+0000] {spark_submit.py:634} INFO - 24/12/09 10:32:23 INFO SparkEnv: Registering MapOutputTracker
[2024-12-09T10:32:23.255+0000] {spark_submit.py:634} INFO - 24/12/09 10:32:23 INFO SparkEnv: Registering BlockManagerMaster
[2024-12-09T10:32:23.277+0000] {spark_submit.py:634} INFO - 24/12/09 10:32:23 INFO BlockManagerMasterEndpoint: Using org.apache.spark.storage.DefaultTopologyMapper for getting topology information
[2024-12-09T10:32:23.278+0000] {spark_submit.py:634} INFO - 24/12/09 10:32:23 INFO BlockManagerMasterEndpoint: BlockManagerMasterEndpoint up
[2024-12-09T10:32:23.282+0000] {spark_submit.py:634} INFO - 24/12/09 10:32:23 INFO SparkEnv: Registering BlockManagerMasterHeartbeat
[2024-12-09T10:32:23.309+0000] {spark_submit.py:634} INFO - 24/12/09 10:32:23 INFO DiskBlockManager: Created local directory at /tmp/blockmgr-fbe22141-0a5f-4caf-81ca-6e1aaff7847f
[2024-12-09T10:32:23.324+0000] {spark_submit.py:634} INFO - 24/12/09 10:32:23 INFO MemoryStore: MemoryStore started with capacity 434.4 MiB
[2024-12-09T10:32:23.341+0000] {spark_submit.py:634} INFO - 24/12/09 10:32:23 INFO SparkEnv: Registering OutputCommitCoordinator
[2024-12-09T10:32:23.497+0000] {spark_submit.py:634} INFO - 24/12/09 10:32:23 INFO JettyUtils: Start Jetty 0.0.0.0:4040 for SparkUI
[2024-12-09T10:32:23.571+0000] {spark_submit.py:634} INFO - 24/12/09 10:32:23 INFO Utils: Successfully started service 'SparkUI' on port 4040.
[2024-12-09T10:32:23.613+0000] {spark_submit.py:634} INFO - 24/12/09 10:32:23 INFO SparkContext: Added JAR file:/opt/***/jobs/java/spark-job/target/spark-job-1.0-SNAPSHOT.jar at spark://2a892a3469ec:43751/jars/spark-job-1.0-SNAPSHOT.jar with timestamp 1733740342367
[2024-12-09T10:32:23.698+0000] {spark_submit.py:634} INFO - 24/12/09 10:32:23 INFO Executor: Starting executor ID driver on host 2a892a3469ec
[2024-12-09T10:32:23.699+0000] {spark_submit.py:634} INFO - 24/12/09 10:32:23 INFO Executor: OS info Linux, 6.10.14-linuxkit, aarch64
[2024-12-09T10:32:23.705+0000] {spark_submit.py:634} INFO - 24/12/09 10:32:23 INFO Executor: Java version 17.0.13
[2024-12-09T10:32:23.705+0000] {spark_submit.py:634} INFO - 24/12/09 10:32:23 INFO Executor: Starting executor with user classpath (userClassPathFirst = false): ''
[2024-12-09T10:32:23.705+0000] {spark_submit.py:634} INFO - 24/12/09 10:32:23 INFO Executor: Created or updated repl class loader org.apache.spark.util.MutableURLClassLoader@63d5874f for default.
[2024-12-09T10:32:23.735+0000] {spark_submit.py:634} INFO - 24/12/09 10:32:23 INFO Executor: Fetching spark://2a892a3469ec:43751/jars/spark-job-1.0-SNAPSHOT.jar with timestamp 1733740342367
[2024-12-09T10:32:23.804+0000] {spark_submit.py:634} INFO - 24/12/09 10:32:23 INFO TransportClientFactory: Successfully created connection to 2a892a3469ec/172.18.0.4:43751 after 36 ms (0 ms spent in bootstraps)
[2024-12-09T10:32:23.810+0000] {spark_submit.py:634} INFO - 24/12/09 10:32:23 INFO Utils: Fetching spark://2a892a3469ec:43751/jars/spark-job-1.0-SNAPSHOT.jar to /tmp/spark-56e1569a-32b0-4676-8d26-02ffaa570ed0/userFiles-78776f5c-da14-4df9-8b54-1307c5f564f8/fetchFileTemp16747692182296150721.tmp
[2024-12-09T10:32:23.857+0000] {spark_submit.py:634} INFO - 24/12/09 10:32:23 INFO Executor: Adding file:/tmp/spark-56e1569a-32b0-4676-8d26-02ffaa570ed0/userFiles-78776f5c-da14-4df9-8b54-1307c5f564f8/spark-job-1.0-SNAPSHOT.jar to class loader default
[2024-12-09T10:32:23.873+0000] {spark_submit.py:634} INFO - 24/12/09 10:32:23 INFO Utils: Successfully started service 'org.apache.spark.network.netty.NettyBlockTransferService' on port 35941.
[2024-12-09T10:32:23.873+0000] {spark_submit.py:634} INFO - 24/12/09 10:32:23 INFO NettyBlockTransferService: Server created on 2a892a3469ec:35941
[2024-12-09T10:32:23.875+0000] {spark_submit.py:634} INFO - 24/12/09 10:32:23 INFO BlockManager: Using org.apache.spark.storage.RandomBlockReplicationPolicy for block replication policy
[2024-12-09T10:32:23.881+0000] {spark_submit.py:634} INFO - 24/12/09 10:32:23 INFO BlockManagerMaster: Registering BlockManager BlockManagerId(driver, 2a892a3469ec, 35941, None)
[2024-12-09T10:32:23.889+0000] {spark_submit.py:634} INFO - 24/12/09 10:32:23 INFO BlockManagerMasterEndpoint: Registering block manager 2a892a3469ec:35941 with 434.4 MiB RAM, BlockManagerId(driver, 2a892a3469ec, 35941, None)
[2024-12-09T10:32:23.890+0000] {spark_submit.py:634} INFO - 24/12/09 10:32:23 INFO BlockManagerMaster: Registered BlockManager BlockManagerId(driver, 2a892a3469ec, 35941, None)
[2024-12-09T10:32:23.891+0000] {spark_submit.py:634} INFO - 24/12/09 10:32:23 INFO BlockManager: Initialized BlockManager: BlockManagerId(driver, 2a892a3469ec, 35941, None)
[2024-12-09T10:32:24.819+0000] {spark_submit.py:634} INFO - 24/12/09 10:32:24 INFO SparkContext: Starting job: collect at WordCountJob.java:37
[2024-12-09T10:32:24.902+0000] {spark_submit.py:634} INFO - 24/12/09 10:32:24 INFO DAGScheduler: Registering RDD 2 (mapToPair at WordCountJob.java:33) as input to shuffle 0
[2024-12-09T10:32:24.912+0000] {spark_submit.py:634} INFO - 24/12/09 10:32:24 INFO DAGScheduler: Got job 0 (collect at WordCountJob.java:37) with 1 output partitions
[2024-12-09T10:32:24.914+0000] {spark_submit.py:634} INFO - 24/12/09 10:32:24 INFO DAGScheduler: Final stage: ResultStage 1 (collect at WordCountJob.java:37)
[2024-12-09T10:32:24.914+0000] {spark_submit.py:634} INFO - 24/12/09 10:32:24 INFO DAGScheduler: Parents of final stage: List(ShuffleMapStage 0)
[2024-12-09T10:32:24.920+0000] {spark_submit.py:634} INFO - 24/12/09 10:32:24 INFO DAGScheduler: Missing parents: List(ShuffleMapStage 0)
[2024-12-09T10:32:24.929+0000] {spark_submit.py:634} INFO - 24/12/09 10:32:24 INFO DAGScheduler: Submitting ShuffleMapStage 0 (MapPartitionsRDD[2] at mapToPair at WordCountJob.java:33), which has no missing parents
[2024-12-09T10:32:25.088+0000] {spark_submit.py:634} INFO - 24/12/09 10:32:25 INFO MemoryStore: Block broadcast_0 stored as values in memory (estimated size 6.4 KiB, free 434.4 MiB)
[2024-12-09T10:32:25.137+0000] {spark_submit.py:634} INFO - 24/12/09 10:32:25 INFO MemoryStore: Block broadcast_0_piece0 stored as bytes in memory (estimated size 3.4 KiB, free 434.4 MiB)
[2024-12-09T10:32:25.141+0000] {spark_submit.py:634} INFO - 24/12/09 10:32:25 INFO BlockManagerInfo: Added broadcast_0_piece0 in memory on 2a892a3469ec:35941 (size: 3.4 KiB, free: 434.4 MiB)
[2024-12-09T10:32:25.153+0000] {spark_submit.py:634} INFO - 24/12/09 10:32:25 INFO SparkContext: Created broadcast 0 from broadcast at DAGScheduler.scala:1585
[2024-12-09T10:32:25.189+0000] {spark_submit.py:634} INFO - 24/12/09 10:32:25 INFO DAGScheduler: Submitting 1 missing tasks from ShuffleMapStage 0 (MapPartitionsRDD[2] at mapToPair at WordCountJob.java:33) (first 15 tasks are for partitions Vector(0))
[2024-12-09T10:32:25.192+0000] {spark_submit.py:634} INFO - 24/12/09 10:32:25 INFO TaskSchedulerImpl: Adding task set 0.0 with 1 tasks resource profile 0
[2024-12-09T10:32:25.274+0000] {spark_submit.py:634} INFO - 24/12/09 10:32:25 INFO TaskSetManager: Starting task 0.0 in stage 0.0 (TID 0) (2a892a3469ec, executor driver, partition 0, PROCESS_LOCAL, 9249 bytes)
[2024-12-09T10:32:25.305+0000] {spark_submit.py:634} INFO - 24/12/09 10:32:25 INFO Executor: Running task 0.0 in stage 0.0 (TID 0)
[2024-12-09T10:32:25.498+0000] {spark_submit.py:634} INFO - 24/12/09 10:32:25 INFO Executor: Finished task 0.0 in stage 0.0 (TID 0). 1216 bytes result sent to driver
[2024-12-09T10:32:25.520+0000] {spark_submit.py:634} INFO - 24/12/09 10:32:25 INFO TaskSetManager: Finished task 0.0 in stage 0.0 (TID 0) in 284 ms on 2a892a3469ec (executor driver) (1/1)
[2024-12-09T10:32:25.522+0000] {spark_submit.py:634} INFO - 24/12/09 10:32:25 INFO TaskSchedulerImpl: Removed TaskSet 0.0, whose tasks have all completed, from pool
[2024-12-09T10:32:25.541+0000] {spark_submit.py:634} INFO - 24/12/09 10:32:25 INFO DAGScheduler: ShuffleMapStage 0 (mapToPair at WordCountJob.java:33) finished in 0.583 s
[2024-12-09T10:32:25.543+0000] {spark_submit.py:634} INFO - 24/12/09 10:32:25 INFO DAGScheduler: looking for newly runnable stages
[2024-12-09T10:32:25.545+0000] {spark_submit.py:634} INFO - 24/12/09 10:32:25 INFO DAGScheduler: running: Set()
[2024-12-09T10:32:25.547+0000] {spark_submit.py:634} INFO - 24/12/09 10:32:25 INFO DAGScheduler: waiting: Set(ResultStage 1)
[2024-12-09T10:32:25.547+0000] {spark_submit.py:634} INFO - 24/12/09 10:32:25 INFO DAGScheduler: failed: Set()
[2024-12-09T10:32:25.550+0000] {spark_submit.py:634} INFO - 24/12/09 10:32:25 INFO DAGScheduler: Submitting ResultStage 1 (ShuffledRDD[3] at reduceByKey at WordCountJob.java:34), which has no missing parents
[2024-12-09T10:32:25.569+0000] {spark_submit.py:634} INFO - 24/12/09 10:32:25 INFO MemoryStore: Block broadcast_1 stored as values in memory (estimated size 5.2 KiB, free 434.4 MiB)
[2024-12-09T10:32:25.589+0000] {spark_submit.py:634} INFO - 24/12/09 10:32:25 INFO MemoryStore: Block broadcast_1_piece0 stored as bytes in memory (estimated size 2.9 KiB, free 434.4 MiB)
[2024-12-09T10:32:25.592+0000] {spark_submit.py:634} INFO - 24/12/09 10:32:25 INFO BlockManagerInfo: Added broadcast_1_piece0 in memory on 2a892a3469ec:35941 (size: 2.9 KiB, free: 434.4 MiB)
[2024-12-09T10:32:25.594+0000] {spark_submit.py:634} INFO - 24/12/09 10:32:25 INFO SparkContext: Created broadcast 1 from broadcast at DAGScheduler.scala:1585
[2024-12-09T10:32:25.594+0000] {spark_submit.py:634} INFO - 24/12/09 10:32:25 INFO DAGScheduler: Submitting 1 missing tasks from ResultStage 1 (ShuffledRDD[3] at reduceByKey at WordCountJob.java:34) (first 15 tasks are for partitions Vector(0))
[2024-12-09T10:32:25.596+0000] {spark_submit.py:634} INFO - 24/12/09 10:32:25 INFO TaskSchedulerImpl: Adding task set 1.0 with 1 tasks resource profile 0
[2024-12-09T10:32:25.612+0000] {spark_submit.py:634} INFO - 24/12/09 10:32:25 INFO TaskSetManager: Starting task 0.0 in stage 1.0 (TID 1) (2a892a3469ec, executor driver, partition 0, NODE_LOCAL, 9002 bytes)
[2024-12-09T10:32:25.614+0000] {spark_submit.py:634} INFO - 24/12/09 10:32:25 INFO Executor: Running task 0.0 in stage 1.0 (TID 1)
[2024-12-09T10:32:25.686+0000] {spark_submit.py:634} INFO - 24/12/09 10:32:25 INFO ShuffleBlockFetcherIterator: Getting 1 (189.0 B) non-empty blocks including 1 (189.0 B) local and 0 (0.0 B) host-local and 0 (0.0 B) push-merged-local and 0 (0.0 B) remote blocks
[2024-12-09T10:32:25.691+0000] {spark_submit.py:634} INFO - 24/12/09 10:32:25 INFO ShuffleBlockFetcherIterator: Started 0 remote fetches in 20 ms
[2024-12-09T10:32:25.728+0000] {spark_submit.py:634} INFO - 24/12/09 10:32:25 INFO Executor: Finished task 0.0 in stage 1.0 (TID 1). 1958 bytes result sent to driver
[2024-12-09T10:32:25.738+0000] {spark_submit.py:634} INFO - 24/12/09 10:32:25 INFO TaskSetManager: Finished task 0.0 in stage 1.0 (TID 1) in 135 ms on 2a892a3469ec (executor driver) (1/1)
[2024-12-09T10:32:25.741+0000] {spark_submit.py:634} INFO - 24/12/09 10:32:25 INFO TaskSchedulerImpl: Removed TaskSet 1.0, whose tasks have all completed, from pool
[2024-12-09T10:32:25.743+0000] {spark_submit.py:634} INFO - 24/12/09 10:32:25 INFO DAGScheduler: ResultStage 1 (collect at WordCountJob.java:37) finished in 0.178 s
[2024-12-09T10:32:25.749+0000] {spark_submit.py:634} INFO - 24/12/09 10:32:25 INFO DAGScheduler: Job 0 is finished. Cancelling potential speculative or zombie tasks for this job
[2024-12-09T10:32:25.755+0000] {spark_submit.py:634} INFO - 24/12/09 10:32:25 INFO TaskSchedulerImpl: Killing all running tasks in stage 1: Stage finished
[2024-12-09T10:32:25.755+0000] {spark_submit.py:634} INFO - 24/12/09 10:32:25 INFO DAGScheduler: Job 0 finished: collect at WordCountJob.java:37, took 0.933613 s
[2024-12-09T10:32:25.757+0000] {spark_submit.py:634} INFO - spark: 1
[2024-12-09T10:32:25.757+0000] {spark_submit.py:634} INFO - docker: 1
[2024-12-09T10:32:25.758+0000] {spark_submit.py:634} INFO - Yusuf: 1
[2024-12-09T10:32:25.760+0000] {spark_submit.py:634} INFO - hello: 5
[2024-12-09T10:32:25.761+0000] {spark_submit.py:634} INFO - java: 1
[2024-12-09T10:32:25.763+0000] {spark_submit.py:634} INFO - world: 1
[2024-12-09T10:32:25.763+0000] {spark_submit.py:634} INFO - 24/12/09 10:32:25 INFO SparkContext: SparkContext is stopping with exitCode 0.
[2024-12-09T10:32:25.773+0000] {spark_submit.py:634} INFO - 24/12/09 10:32:25 INFO SparkUI: Stopped Spark web UI at http://2a892a3469ec:4040
[2024-12-09T10:32:25.793+0000] {spark_submit.py:634} INFO - 24/12/09 10:32:25 INFO MapOutputTrackerMasterEndpoint: MapOutputTrackerMasterEndpoint stopped!
[2024-12-09T10:32:25.818+0000] {spark_submit.py:634} INFO - 24/12/09 10:32:25 INFO MemoryStore: MemoryStore cleared
[2024-12-09T10:32:25.821+0000] {spark_submit.py:634} INFO - 24/12/09 10:32:25 INFO BlockManager: BlockManager stopped
[2024-12-09T10:32:25.827+0000] {spark_submit.py:634} INFO - 24/12/09 10:32:25 INFO BlockManagerMaster: BlockManagerMaster stopped
[2024-12-09T10:32:25.830+0000] {spark_submit.py:634} INFO - 24/12/09 10:32:25 INFO OutputCommitCoordinator$OutputCommitCoordinatorEndpoint: OutputCommitCoordinator stopped!
[2024-12-09T10:32:25.845+0000] {spark_submit.py:634} INFO - 24/12/09 10:32:25 INFO SparkContext: Successfully stopped SparkContext
[2024-12-09T10:32:25.847+0000] {spark_submit.py:634} INFO - 24/12/09 10:32:25 INFO ShutdownHookManager: Shutdown hook called
[2024-12-09T10:32:25.847+0000] {spark_submit.py:634} INFO - 24/12/09 10:32:25 INFO ShutdownHookManager: Deleting directory /tmp/spark-317e2ced-b66e-4050-a0ff-1b12bcb27e57
[2024-12-09T10:32:25.853+0000] {spark_submit.py:634} INFO - 24/12/09 10:32:25 INFO ShutdownHookManager: Deleting directory /tmp/spark-56e1569a-32b0-4676-8d26-02ffaa570ed0
[2024-12-09T10:32:25.951+0000] {taskinstance.py:340} INFO - ::group::Post task execution logs
[2024-12-09T10:32:25.952+0000] {taskinstance.py:352} INFO - Marking task as SUCCESS. dag_id=sparking_flow, task_id=java_job, run_id=manual__2024-12-09T10:32:17.120992+00:00, execution_date=20241209T103217, start_date=20241209T103219, end_date=20241209T103225
[2024-12-09T10:32:26.020+0000] {local_task_job_runner.py:266} INFO - Task exited with return code 0
[2024-12-09T10:32:26.048+0000] {taskinstance.py:3895} INFO - 0 downstream tasks scheduled from follow-on schedule check
[2024-12-09T10:32:26.051+0000] {local_task_job_runner.py:245} INFO - ::endgroup::
