[2024-12-08T14:18:17.014+0000] {local_task_job_runner.py:123} INFO - ::group::Pre task execution logs
[2024-12-08T14:18:17.049+0000] {taskinstance.py:2613} INFO - Dependencies all met for dep_context=non-requeueable deps ti=<TaskInstance: sparking_flow.scala_job manual__2024-12-08T14:18:14.984155+00:00 [queued]>
[2024-12-08T14:18:17.073+0000] {taskinstance.py:2613} INFO - Dependencies all met for dep_context=requeueable deps ti=<TaskInstance: sparking_flow.scala_job manual__2024-12-08T14:18:14.984155+00:00 [queued]>
[2024-12-08T14:18:17.074+0000] {taskinstance.py:2866} INFO - Starting attempt 1 of 1
[2024-12-08T14:18:17.102+0000] {taskinstance.py:2889} INFO - Executing <Task(SparkSubmitOperator): scala_job> on 2024-12-08 14:18:14.984155+00:00
[2024-12-08T14:18:17.122+0000] {logging_mixin.py:190} WARNING - /home/***/.local/lib/python3.12/site-packages/***/task/task_runner/standard_task_runner.py:70 DeprecationWarning: This process (pid=187) is multi-threaded, use of fork() may lead to deadlocks in the child.
[2024-12-08T14:18:17.125+0000] {standard_task_runner.py:72} INFO - Started process 188 to run task
[2024-12-08T14:18:17.120+0000] {standard_task_runner.py:104} INFO - Running: ['***', 'tasks', 'run', 'sparking_flow', 'scala_job', 'manual__2024-12-08T14:18:14.984155+00:00', '--job-id', '146', '--raw', '--subdir', 'DAGS_FOLDER/spark_***.py', '--cfg-path', '/tmp/tmp7xyrg9b9']
[2024-12-08T14:18:17.127+0000] {standard_task_runner.py:105} INFO - Job 146: Subtask scala_job
[2024-12-08T14:18:17.236+0000] {task_command.py:467} INFO - Running <TaskInstance: sparking_flow.scala_job manual__2024-12-08T14:18:14.984155+00:00 [running]> on host 2a892a3469ec
[2024-12-08T14:18:17.431+0000] {taskinstance.py:3132} INFO - Exporting env vars: AIRFLOW_CTX_DAG_OWNER='Yusuf Ganiyu' AIRFLOW_CTX_DAG_ID='sparking_flow' AIRFLOW_CTX_TASK_ID='scala_job' AIRFLOW_CTX_EXECUTION_DATE='2024-12-08T14:18:14.984155+00:00' AIRFLOW_CTX_TRY_NUMBER='1' AIRFLOW_CTX_DAG_RUN_ID='manual__2024-12-08T14:18:14.984155+00:00'
[2024-12-08T14:18:17.437+0000] {taskinstance.py:731} INFO - ::endgroup::
[2024-12-08T14:18:17.480+0000] {base.py:84} INFO - Retrieving connection 'spark-conn'
[2024-12-08T14:18:17.482+0000] {spark_submit.py:473} INFO - Spark-Submit cmd: spark-submit --master spark://sparkingflow-spark-master-1:7077 --name arrow-spark --deploy-mode client jobs/scala/target/scala-2.12/word-count_2.12-0.1.jar
[2024-12-08T14:18:21.128+0000] {spark_submit.py:634} INFO - 24/12/08 14:18:21 WARN NativeCodeLoader: Unable to load native-hadoop library for your platform... using builtin-java classes where applicable
[2024-12-08T14:18:21.476+0000] {spark_submit.py:634} INFO - 24/12/08 14:18:21 INFO SparkContext: Running Spark version 3.5.3
[2024-12-08T14:18:21.476+0000] {spark_submit.py:634} INFO - 24/12/08 14:18:21 INFO SparkContext: OS info Linux, 6.10.14-linuxkit, aarch64
[2024-12-08T14:18:21.477+0000] {spark_submit.py:634} INFO - 24/12/08 14:18:21 INFO SparkContext: Java version 17.0.13
[2024-12-08T14:18:21.512+0000] {spark_submit.py:634} INFO - 24/12/08 14:18:21 INFO ResourceUtils: ==============================================================
[2024-12-08T14:18:21.516+0000] {spark_submit.py:634} INFO - 24/12/08 14:18:21 INFO ResourceUtils: No custom resources configured for spark.driver.
[2024-12-08T14:18:21.516+0000] {spark_submit.py:634} INFO - 24/12/08 14:18:21 INFO ResourceUtils: ==============================================================
[2024-12-08T14:18:21.517+0000] {spark_submit.py:634} INFO - 24/12/08 14:18:21 INFO SparkContext: Submitted application: Word Count
[2024-12-08T14:18:21.543+0000] {spark_submit.py:634} INFO - 24/12/08 14:18:21 INFO ResourceProfile: Default ResourceProfile created, executor resources: Map(memory -> name: memory, amount: 1024, script: , vendor: , offHeap -> name: offHeap, amount: 0, script: , vendor: ), task resources: Map(cpus -> name: cpus, amount: 1.0)
[2024-12-08T14:18:21.554+0000] {spark_submit.py:634} INFO - 24/12/08 14:18:21 INFO ResourceProfile: Limiting resource is cpu
[2024-12-08T14:18:21.555+0000] {spark_submit.py:634} INFO - 24/12/08 14:18:21 INFO ResourceProfileManager: Added ResourceProfile id: 0
[2024-12-08T14:18:21.609+0000] {spark_submit.py:634} INFO - 24/12/08 14:18:21 INFO SecurityManager: Changing view acls to: ***
[2024-12-08T14:18:21.610+0000] {spark_submit.py:634} INFO - 24/12/08 14:18:21 INFO SecurityManager: Changing modify acls to: ***
[2024-12-08T14:18:21.611+0000] {spark_submit.py:634} INFO - 24/12/08 14:18:21 INFO SecurityManager: Changing view acls groups to:
[2024-12-08T14:18:21.612+0000] {spark_submit.py:634} INFO - 24/12/08 14:18:21 INFO SecurityManager: Changing modify acls groups to:
[2024-12-08T14:18:21.612+0000] {spark_submit.py:634} INFO - 24/12/08 14:18:21 INFO SecurityManager: SecurityManager: authentication disabled; ui acls disabled; users with view permissions: ***; groups with view permissions: EMPTY; users with modify permissions: ***; groups with modify permissions: EMPTY
[2024-12-08T14:18:21.902+0000] {spark_submit.py:634} INFO - 24/12/08 14:18:21 INFO Utils: Successfully started service 'sparkDriver' on port 34455.
[2024-12-08T14:18:21.933+0000] {spark_submit.py:634} INFO - 24/12/08 14:18:21 INFO SparkEnv: Registering MapOutputTracker
[2024-12-08T14:18:21.978+0000] {spark_submit.py:634} INFO - 24/12/08 14:18:21 INFO SparkEnv: Registering BlockManagerMaster
[2024-12-08T14:18:21.998+0000] {spark_submit.py:634} INFO - 24/12/08 14:18:21 INFO BlockManagerMasterEndpoint: Using org.apache.spark.storage.DefaultTopologyMapper for getting topology information
[2024-12-08T14:18:22.001+0000] {spark_submit.py:634} INFO - 24/12/08 14:18:21 INFO BlockManagerMasterEndpoint: BlockManagerMasterEndpoint up
[2024-12-08T14:18:22.004+0000] {spark_submit.py:634} INFO - 24/12/08 14:18:22 INFO SparkEnv: Registering BlockManagerMasterHeartbeat
[2024-12-08T14:18:22.028+0000] {spark_submit.py:634} INFO - 24/12/08 14:18:22 INFO DiskBlockManager: Created local directory at /tmp/blockmgr-87c53928-d441-4400-bc59-4b573d0d1178
[2024-12-08T14:18:22.045+0000] {spark_submit.py:634} INFO - 24/12/08 14:18:22 INFO MemoryStore: MemoryStore started with capacity 434.4 MiB
[2024-12-08T14:18:22.064+0000] {spark_submit.py:634} INFO - 24/12/08 14:18:22 INFO SparkEnv: Registering OutputCommitCoordinator
[2024-12-08T14:18:22.307+0000] {spark_submit.py:634} INFO - 24/12/08 14:18:22 INFO JettyUtils: Start Jetty 0.0.0.0:4040 for SparkUI
[2024-12-08T14:18:22.385+0000] {spark_submit.py:634} INFO - 24/12/08 14:18:22 WARN Utils: Service 'SparkUI' could not bind on port 4040. Attempting port 4041.
[2024-12-08T14:18:22.397+0000] {spark_submit.py:634} INFO - 24/12/08 14:18:22 INFO Utils: Successfully started service 'SparkUI' on port 4041.
[2024-12-08T14:18:22.441+0000] {spark_submit.py:634} INFO - 24/12/08 14:18:22 INFO SparkContext: Added JAR file:/opt/***/jobs/scala/target/scala-2.12/word-count_2.12-0.1.jar at spark://2a892a3469ec:34455/jars/word-count_2.12-0.1.jar with timestamp 1733667501461
[2024-12-08T14:18:22.594+0000] {spark_submit.py:634} INFO - 24/12/08 14:18:22 INFO StandaloneAppClient$ClientEndpoint: Connecting to master spark://spark-master:7077...
[2024-12-08T14:18:22.675+0000] {spark_submit.py:634} INFO - 24/12/08 14:18:22 INFO TransportClientFactory: Successfully created connection to spark-master/172.18.0.5:7077 after 40 ms (0 ms spent in bootstraps)
[2024-12-08T14:18:22.954+0000] {spark_submit.py:634} INFO - 24/12/08 14:18:22 INFO StandaloneSchedulerBackend: Connected to Spark cluster with app ID app-20241208141822-0000
[2024-12-08T14:18:22.975+0000] {spark_submit.py:634} INFO - 24/12/08 14:18:22 INFO Utils: Successfully started service 'org.apache.spark.network.netty.NettyBlockTransferService' on port 42645.
[2024-12-08T14:18:22.983+0000] {spark_submit.py:634} INFO - 24/12/08 14:18:22 INFO NettyBlockTransferService: Server created on 2a892a3469ec:42645
[2024-12-08T14:18:22.989+0000] {spark_submit.py:634} INFO - 24/12/08 14:18:22 INFO BlockManager: Using org.apache.spark.storage.RandomBlockReplicationPolicy for block replication policy
[2024-12-08T14:18:23.005+0000] {spark_submit.py:634} INFO - 24/12/08 14:18:23 INFO BlockManagerMaster: Registering BlockManager BlockManagerId(driver, 2a892a3469ec, 42645, None)
[2024-12-08T14:18:23.012+0000] {spark_submit.py:634} INFO - 24/12/08 14:18:23 INFO BlockManagerMasterEndpoint: Registering block manager 2a892a3469ec:42645 with 434.4 MiB RAM, BlockManagerId(driver, 2a892a3469ec, 42645, None)
[2024-12-08T14:18:23.016+0000] {spark_submit.py:634} INFO - 24/12/08 14:18:23 INFO BlockManagerMaster: Registered BlockManager BlockManagerId(driver, 2a892a3469ec, 42645, None)
[2024-12-08T14:18:23.020+0000] {spark_submit.py:634} INFO - 24/12/08 14:18:23 INFO BlockManager: Initialized BlockManager: BlockManagerId(driver, 2a892a3469ec, 42645, None)
[2024-12-08T14:18:23.093+0000] {spark_submit.py:634} INFO - 24/12/08 14:18:23 INFO StandaloneAppClient$ClientEndpoint: Executor added: app-20241208141822-0000/0 on worker-20241208141801-172.18.0.7-33597 (172.18.0.7:33597) with 2 core(s)
[2024-12-08T14:18:23.101+0000] {spark_submit.py:634} INFO - 24/12/08 14:18:23 INFO StandaloneSchedulerBackend: Granted executor ID app-20241208141822-0000/0 on hostPort 172.18.0.7:33597 with 2 core(s), 1024.0 MiB RAM
[2024-12-08T14:18:23.617+0000] {spark_submit.py:634} INFO - 24/12/08 14:18:23 INFO StandaloneAppClient$ClientEndpoint: Executor updated: app-20241208141822-0000/0 is now RUNNING
[2024-12-08T14:18:23.639+0000] {spark_submit.py:634} INFO - 24/12/08 14:18:23 INFO StandaloneSchedulerBackend: SchedulerBackend is ready for scheduling beginning after reached minRegisteredResourcesRatio: 0.0
[2024-12-08T14:18:24.680+0000] {spark_submit.py:634} INFO - 24/12/08 14:18:24 INFO SparkContext: Starting job: collect at wordcount.scala:14
[2024-12-08T14:18:25.393+0000] {spark_submit.py:634} INFO - 24/12/08 14:18:25 INFO DAGScheduler: Registering RDD 2 (map at wordcount.scala:11) as input to shuffle 0
[2024-12-08T14:18:25.404+0000] {spark_submit.py:634} INFO - 24/12/08 14:18:25 INFO DAGScheduler: Got job 0 (collect at wordcount.scala:14) with 2 output partitions
[2024-12-08T14:18:25.405+0000] {spark_submit.py:634} INFO - 24/12/08 14:18:25 INFO DAGScheduler: Final stage: ResultStage 1 (collect at wordcount.scala:14)
[2024-12-08T14:18:25.407+0000] {spark_submit.py:634} INFO - 24/12/08 14:18:25 INFO DAGScheduler: Parents of final stage: List(ShuffleMapStage 0)
[2024-12-08T14:18:25.408+0000] {spark_submit.py:634} INFO - 24/12/08 14:18:25 INFO DAGScheduler: Missing parents: List(ShuffleMapStage 0)
[2024-12-08T14:18:25.416+0000] {spark_submit.py:634} INFO - 24/12/08 14:18:25 INFO DAGScheduler: Submitting ShuffleMapStage 0 (MapPartitionsRDD[2] at map at wordcount.scala:11), which has no missing parents
[2024-12-08T14:18:25.608+0000] {spark_submit.py:634} INFO - 24/12/08 14:18:25 INFO MemoryStore: Block broadcast_0 stored as values in memory (estimated size 5.5 KiB, free 434.4 MiB)
[2024-12-08T14:18:25.663+0000] {spark_submit.py:634} INFO - 24/12/08 14:18:25 INFO MemoryStore: Block broadcast_0_piece0 stored as bytes in memory (estimated size 3.2 KiB, free 434.4 MiB)
[2024-12-08T14:18:25.670+0000] {spark_submit.py:634} INFO - 24/12/08 14:18:25 INFO BlockManagerInfo: Added broadcast_0_piece0 in memory on 2a892a3469ec:42645 (size: 3.2 KiB, free: 434.4 MiB)
[2024-12-08T14:18:25.683+0000] {spark_submit.py:634} INFO - 24/12/08 14:18:25 INFO SparkContext: Created broadcast 0 from broadcast at DAGScheduler.scala:1585
[2024-12-08T14:18:25.759+0000] {spark_submit.py:634} INFO - 24/12/08 14:18:25 INFO DAGScheduler: Submitting 2 missing tasks from ShuffleMapStage 0 (MapPartitionsRDD[2] at map at wordcount.scala:11) (first 15 tasks are for partitions Vector(0, 1))
[2024-12-08T14:18:25.761+0000] {spark_submit.py:634} INFO - 24/12/08 14:18:25 INFO TaskSchedulerImpl: Adding task set 0.0 with 2 tasks resource profile 0
[2024-12-08T14:18:28.234+0000] {spark_submit.py:634} INFO - 24/12/08 14:18:28 INFO StandaloneSchedulerBackend$StandaloneDriverEndpoint: Registered executor NettyRpcEndpointRef(spark-client://Executor) (172.18.0.7:34512) with ID 0,  ResourceProfileId 0
[2024-12-08T14:18:28.330+0000] {spark_submit.py:634} INFO - 24/12/08 14:18:28 INFO BlockManagerMasterEndpoint: Registering block manager 172.18.0.7:36223 with 434.4 MiB RAM, BlockManagerId(0, 172.18.0.7, 36223, None)
[2024-12-08T14:18:28.512+0000] {spark_submit.py:634} INFO - 24/12/08 14:18:28 INFO TaskSetManager: Starting task 0.0 in stage 0.0 (TID 0) (172.18.0.7, executor 0, partition 0, PROCESS_LOCAL, 9198 bytes)
[2024-12-08T14:18:28.517+0000] {spark_submit.py:634} INFO - 24/12/08 14:18:28 INFO TaskSetManager: Starting task 1.0 in stage 0.0 (TID 1) (172.18.0.7, executor 0, partition 1, PROCESS_LOCAL, 9213 bytes)
[2024-12-08T14:18:28.828+0000] {spark_submit.py:634} INFO - 24/12/08 14:18:28 INFO BlockManagerInfo: Added broadcast_0_piece0 in memory on 172.18.0.7:36223 (size: 3.2 KiB, free: 434.4 MiB)
[2024-12-08T14:18:29.626+0000] {spark_submit.py:634} INFO - 24/12/08 14:18:29 INFO TaskSetManager: Finished task 0.0 in stage 0.0 (TID 0) in 1135 ms on 172.18.0.7 (executor 0) (1/2)
[2024-12-08T14:18:29.630+0000] {spark_submit.py:634} INFO - 24/12/08 14:18:29 INFO TaskSetManager: Finished task 1.0 in stage 0.0 (TID 1) in 1113 ms on 172.18.0.7 (executor 0) (2/2)
[2024-12-08T14:18:29.631+0000] {spark_submit.py:634} INFO - 24/12/08 14:18:29 INFO TaskSchedulerImpl: Removed TaskSet 0.0, whose tasks have all completed, from pool
[2024-12-08T14:18:29.659+0000] {spark_submit.py:634} INFO - 24/12/08 14:18:29 INFO DAGScheduler: ShuffleMapStage 0 (map at wordcount.scala:11) finished in 4.179 s
[2024-12-08T14:18:29.666+0000] {spark_submit.py:634} INFO - 24/12/08 14:18:29 INFO DAGScheduler: looking for newly runnable stages
[2024-12-08T14:18:29.673+0000] {spark_submit.py:634} INFO - 24/12/08 14:18:29 INFO DAGScheduler: running: Set()
[2024-12-08T14:18:29.676+0000] {spark_submit.py:634} INFO - 24/12/08 14:18:29 INFO DAGScheduler: waiting: Set(ResultStage 1)
[2024-12-08T14:18:29.677+0000] {spark_submit.py:634} INFO - 24/12/08 14:18:29 INFO DAGScheduler: failed: Set()
[2024-12-08T14:18:29.681+0000] {spark_submit.py:634} INFO - 24/12/08 14:18:29 INFO DAGScheduler: Submitting ResultStage 1 (ShuffledRDD[3] at reduceByKey at wordcount.scala:12), which has no missing parents
[2024-12-08T14:18:29.741+0000] {spark_submit.py:634} INFO - 24/12/08 14:18:29 INFO MemoryStore: Block broadcast_1 stored as values in memory (estimated size 5.2 KiB, free 434.4 MiB)
[2024-12-08T14:18:29.815+0000] {spark_submit.py:634} INFO - 24/12/08 14:18:29 INFO MemoryStore: Block broadcast_1_piece0 stored as bytes in memory (estimated size 3.1 KiB, free 434.4 MiB)
[2024-12-08T14:18:29.820+0000] {spark_submit.py:634} INFO - 24/12/08 14:18:29 INFO BlockManagerInfo: Added broadcast_1_piece0 in memory on 2a892a3469ec:42645 (size: 3.1 KiB, free: 434.4 MiB)
[2024-12-08T14:18:29.822+0000] {spark_submit.py:634} INFO - 24/12/08 14:18:29 INFO SparkContext: Created broadcast 1 from broadcast at DAGScheduler.scala:1585
[2024-12-08T14:18:29.829+0000] {spark_submit.py:634} INFO - 24/12/08 14:18:29 INFO DAGScheduler: Submitting 2 missing tasks from ResultStage 1 (ShuffledRDD[3] at reduceByKey at wordcount.scala:12) (first 15 tasks are for partitions Vector(0, 1))
[2024-12-08T14:18:29.830+0000] {spark_submit.py:634} INFO - 24/12/08 14:18:29 INFO TaskSchedulerImpl: Adding task set 1.0 with 2 tasks resource profile 0
[2024-12-08T14:18:29.861+0000] {spark_submit.py:634} INFO - 24/12/08 14:18:29 INFO TaskSetManager: Starting task 0.0 in stage 1.0 (TID 2) (172.18.0.7, executor 0, partition 0, NODE_LOCAL, 9003 bytes)
[2024-12-08T14:18:29.866+0000] {spark_submit.py:634} INFO - 24/12/08 14:18:29 INFO TaskSetManager: Starting task 1.0 in stage 1.0 (TID 3) (172.18.0.7, executor 0, partition 1, NODE_LOCAL, 9003 bytes)
[2024-12-08T14:18:29.929+0000] {spark_submit.py:634} INFO - 24/12/08 14:18:29 INFO BlockManagerInfo: Added broadcast_1_piece0 in memory on 172.18.0.7:36223 (size: 3.1 KiB, free: 434.4 MiB)
[2024-12-08T14:18:30.076+0000] {spark_submit.py:634} INFO - 24/12/08 14:18:30 INFO MapOutputTrackerMasterEndpoint: Asked to send map output locations for shuffle 0 to 172.18.0.7:34512
[2024-12-08T14:18:30.117+0000] {spark_submit.py:634} INFO - 24/12/08 14:18:30 INFO BlockManagerInfo: Removed broadcast_0_piece0 on 2a892a3469ec:42645 in memory (size: 3.2 KiB, free: 434.4 MiB)
[2024-12-08T14:18:30.132+0000] {spark_submit.py:634} INFO - 24/12/08 14:18:30 INFO BlockManagerInfo: Removed broadcast_0_piece0 on 172.18.0.7:36223 in memory (size: 3.2 KiB, free: 434.4 MiB)
[2024-12-08T14:18:30.304+0000] {spark_submit.py:634} INFO - 24/12/08 14:18:30 INFO TaskSetManager: Finished task 1.0 in stage 1.0 (TID 3) in 437 ms on 172.18.0.7 (executor 0) (1/2)
[2024-12-08T14:18:30.307+0000] {spark_submit.py:634} INFO - 24/12/08 14:18:30 INFO TaskSetManager: Finished task 0.0 in stage 1.0 (TID 2) in 456 ms on 172.18.0.7 (executor 0) (2/2)
[2024-12-08T14:18:30.308+0000] {spark_submit.py:634} INFO - 24/12/08 14:18:30 INFO TaskSchedulerImpl: Removed TaskSet 1.0, whose tasks have all completed, from pool
[2024-12-08T14:18:30.313+0000] {spark_submit.py:634} INFO - 24/12/08 14:18:30 INFO DAGScheduler: ResultStage 1 (collect at wordcount.scala:14) finished in 0.591 s
[2024-12-08T14:18:30.318+0000] {spark_submit.py:634} INFO - 24/12/08 14:18:30 INFO DAGScheduler: Job 0 is finished. Cancelling potential speculative or zombie tasks for this job
[2024-12-08T14:18:30.319+0000] {spark_submit.py:634} INFO - 24/12/08 14:18:30 INFO TaskSchedulerImpl: Killing all running tasks in stage 1: Stage finished
[2024-12-08T14:18:30.323+0000] {spark_submit.py:634} INFO - 24/12/08 14:18:30 INFO DAGScheduler: Job 0 finished: collect at wordcount.scala:14, took 5.643835 s
[2024-12-08T14:18:30.330+0000] {spark_submit.py:634} INFO - (Hello,5)
[2024-12-08T14:18:30.331+0000] {spark_submit.py:634} INFO - (Yusuf,1)
[2024-12-08T14:18:30.331+0000] {spark_submit.py:634} INFO - (World,1)
[2024-12-08T14:18:30.331+0000] {spark_submit.py:634} INFO - (Scala,1)
[2024-12-08T14:18:30.332+0000] {spark_submit.py:634} INFO - (Docker,1)
[2024-12-08T14:18:30.332+0000] {spark_submit.py:634} INFO - (spark,1)
[2024-12-08T14:18:30.334+0000] {spark_submit.py:634} INFO - 24/12/08 14:18:30 INFO SparkContext: SparkContext is stopping with exitCode 0.
[2024-12-08T14:18:30.351+0000] {spark_submit.py:634} INFO - 24/12/08 14:18:30 INFO SparkUI: Stopped Spark web UI at http://2a892a3469ec:4041
[2024-12-08T14:18:30.361+0000] {spark_submit.py:634} INFO - 24/12/08 14:18:30 INFO StandaloneSchedulerBackend: Shutting down all executors
[2024-12-08T14:18:30.363+0000] {spark_submit.py:634} INFO - 24/12/08 14:18:30 INFO StandaloneSchedulerBackend$StandaloneDriverEndpoint: Asking each executor to shut down
[2024-12-08T14:18:30.407+0000] {spark_submit.py:634} INFO - 24/12/08 14:18:30 INFO MapOutputTrackerMasterEndpoint: MapOutputTrackerMasterEndpoint stopped!
[2024-12-08T14:18:30.470+0000] {spark_submit.py:634} INFO - 24/12/08 14:18:30 INFO MemoryStore: MemoryStore cleared
[2024-12-08T14:18:30.474+0000] {spark_submit.py:634} INFO - 24/12/08 14:18:30 INFO BlockManager: BlockManager stopped
[2024-12-08T14:18:30.478+0000] {spark_submit.py:634} INFO - 24/12/08 14:18:30 INFO BlockManagerMaster: BlockManagerMaster stopped
[2024-12-08T14:18:30.507+0000] {spark_submit.py:634} INFO - 24/12/08 14:18:30 INFO OutputCommitCoordinator$OutputCommitCoordinatorEndpoint: OutputCommitCoordinator stopped!
[2024-12-08T14:18:30.561+0000] {spark_submit.py:634} INFO - 24/12/08 14:18:30 INFO SparkContext: Successfully stopped SparkContext
[2024-12-08T14:18:30.581+0000] {spark_submit.py:634} INFO - 24/12/08 14:18:30 INFO ShutdownHookManager: Shutdown hook called
[2024-12-08T14:18:30.583+0000] {spark_submit.py:634} INFO - 24/12/08 14:18:30 INFO ShutdownHookManager: Deleting directory /tmp/spark-b112cf4e-edbc-4edb-923b-8c6e9db63b7e
[2024-12-08T14:18:30.593+0000] {spark_submit.py:634} INFO - 24/12/08 14:18:30 INFO ShutdownHookManager: Deleting directory /tmp/spark-72020b86-298f-4a65-ab66-9783459177c5
[2024-12-08T14:18:30.739+0000] {taskinstance.py:340} INFO - ::group::Post task execution logs
[2024-12-08T14:18:30.741+0000] {taskinstance.py:352} INFO - Marking task as SUCCESS. dag_id=sparking_flow, task_id=scala_job, run_id=manual__2024-12-08T14:18:14.984155+00:00, execution_date=20241208T141814, start_date=20241208T141817, end_date=20241208T141830
[2024-12-08T14:18:30.790+0000] {local_task_job_runner.py:266} INFO - Task exited with return code 0
[2024-12-08T14:18:30.854+0000] {taskinstance.py:3895} INFO - 0 downstream tasks scheduled from follow-on schedule check
[2024-12-08T14:18:30.856+0000] {local_task_job_runner.py:245} INFO - ::endgroup::
