[2024-12-09T17:54:57.873+0000] {local_task_job_runner.py:123} INFO - ::group::Pre task execution logs
[2024-12-09T17:54:57.896+0000] {taskinstance.py:2613} INFO - Dependencies all met for dep_context=non-requeueable deps ti=<TaskInstance: sparking_flow.java_job manual__2024-12-09T17:54:55.670583+00:00 [queued]>
[2024-12-09T17:54:57.909+0000] {taskinstance.py:2613} INFO - Dependencies all met for dep_context=requeueable deps ti=<TaskInstance: sparking_flow.java_job manual__2024-12-09T17:54:55.670583+00:00 [queued]>
[2024-12-09T17:54:57.909+0000] {taskinstance.py:2866} INFO - Starting attempt 1 of 1
[2024-12-09T17:54:57.926+0000] {taskinstance.py:2889} INFO - Executing <Task(SparkSubmitOperator): java_job> on 2024-12-09 17:54:55.670583+00:00
[2024-12-09T17:54:57.939+0000] {logging_mixin.py:190} WARNING - /home/***/.local/lib/python3.12/site-packages/***/task/task_runner/standard_task_runner.py:70 DeprecationWarning: This process (pid=187) is multi-threaded, use of fork() may lead to deadlocks in the child.
[2024-12-09T17:54:57.939+0000] {standard_task_runner.py:104} INFO - Running: ['***', 'tasks', 'run', 'sparking_flow', 'java_job', 'manual__2024-12-09T17:54:55.670583+00:00', '--job-id', '585', '--raw', '--subdir', 'DAGS_FOLDER/spark_***.py', '--cfg-path', '/tmp/tmpjro1z68z']
[2024-12-09T17:54:57.942+0000] {standard_task_runner.py:72} INFO - Started process 190 to run task
[2024-12-09T17:54:57.943+0000] {standard_task_runner.py:105} INFO - Job 585: Subtask java_job
[2024-12-09T17:54:58.016+0000] {task_command.py:467} INFO - Running <TaskInstance: sparking_flow.java_job manual__2024-12-09T17:54:55.670583+00:00 [running]> on host 2a892a3469ec
[2024-12-09T17:54:58.192+0000] {taskinstance.py:3132} INFO - Exporting env vars: AIRFLOW_CTX_DAG_OWNER='Yusuf Ganiyu' AIRFLOW_CTX_DAG_ID='sparking_flow' AIRFLOW_CTX_TASK_ID='java_job' AIRFLOW_CTX_EXECUTION_DATE='2024-12-09T17:54:55.670583+00:00' AIRFLOW_CTX_TRY_NUMBER='1' AIRFLOW_CTX_DAG_RUN_ID='manual__2024-12-09T17:54:55.670583+00:00'
[2024-12-09T17:54:58.195+0000] {taskinstance.py:731} INFO - ::endgroup::
[2024-12-09T17:54:58.233+0000] {base.py:84} INFO - Retrieving connection 'spark-conn'
[2024-12-09T17:54:58.234+0000] {spark_submit.py:473} INFO - Spark-Submit cmd: spark-submit --master spark://sparkingflow-spark-master-1:7077 --name arrow-spark --class com.airscholar.spark.WordCountJob --deploy-mode client jobs/java/spark-job/target/spark-job-1.0-SNAPSHOT.jar
[2024-12-09T17:55:02.899+0000] {spark_submit.py:634} INFO - 24/12/09 17:55:02 INFO SparkContext: Running Spark version 3.5.3
[2024-12-09T17:55:02.904+0000] {spark_submit.py:634} INFO - 24/12/09 17:55:02 INFO SparkContext: OS info Linux, 6.10.14-linuxkit, aarch64
[2024-12-09T17:55:02.905+0000] {spark_submit.py:634} INFO - 24/12/09 17:55:02 INFO SparkContext: Java version 17.0.13
[2024-12-09T17:55:03.144+0000] {spark_submit.py:634} INFO - 24/12/09 17:55:03 WARN NativeCodeLoader: Unable to load native-hadoop library for your platform... using builtin-java classes where applicable
[2024-12-09T17:55:03.349+0000] {spark_submit.py:634} INFO - 24/12/09 17:55:03 INFO ResourceUtils: ==============================================================
[2024-12-09T17:55:03.362+0000] {spark_submit.py:634} INFO - 24/12/09 17:55:03 INFO ResourceUtils: No custom resources configured for spark.driver.
[2024-12-09T17:55:03.363+0000] {spark_submit.py:634} INFO - 24/12/09 17:55:03 INFO ResourceUtils: ==============================================================
[2024-12-09T17:55:03.366+0000] {spark_submit.py:634} INFO - 24/12/09 17:55:03 INFO SparkContext: Submitted application: Word Count Job
[2024-12-09T17:55:03.405+0000] {spark_submit.py:634} INFO - 24/12/09 17:55:03 INFO ResourceProfile: Default ResourceProfile created, executor resources: Map(cores -> name: cores, amount: 1, script: , vendor: , memory -> name: memory, amount: 1024, script: , vendor: , offHeap -> name: offHeap, amount: 0, script: , vendor: ), task resources: Map(cpus -> name: cpus, amount: 1.0)
[2024-12-09T17:55:03.418+0000] {spark_submit.py:634} INFO - 24/12/09 17:55:03 INFO ResourceProfile: Limiting resource is cpu
[2024-12-09T17:55:03.424+0000] {spark_submit.py:634} INFO - 24/12/09 17:55:03 INFO ResourceProfileManager: Added ResourceProfile id: 0
[2024-12-09T17:55:03.501+0000] {spark_submit.py:634} INFO - 24/12/09 17:55:03 INFO SecurityManager: Changing view acls to: ***
[2024-12-09T17:55:03.502+0000] {spark_submit.py:634} INFO - 24/12/09 17:55:03 INFO SecurityManager: Changing modify acls to: ***
[2024-12-09T17:55:03.505+0000] {spark_submit.py:634} INFO - 24/12/09 17:55:03 INFO SecurityManager: Changing view acls groups to:
[2024-12-09T17:55:03.506+0000] {spark_submit.py:634} INFO - 24/12/09 17:55:03 INFO SecurityManager: Changing modify acls groups to:
[2024-12-09T17:55:03.507+0000] {spark_submit.py:634} INFO - 24/12/09 17:55:03 INFO SecurityManager: SecurityManager: authentication disabled; ui acls disabled; users with view permissions: ***; groups with view permissions: EMPTY; users with modify permissions: ***; groups with modify permissions: EMPTY
[2024-12-09T17:55:03.874+0000] {spark_submit.py:634} INFO - 24/12/09 17:55:03 INFO Utils: Successfully started service 'sparkDriver' on port 44453.
[2024-12-09T17:55:03.911+0000] {spark_submit.py:634} INFO - 24/12/09 17:55:03 INFO SparkEnv: Registering MapOutputTracker
[2024-12-09T17:55:03.967+0000] {spark_submit.py:634} INFO - 24/12/09 17:55:03 INFO SparkEnv: Registering BlockManagerMaster
[2024-12-09T17:55:04.006+0000] {spark_submit.py:634} INFO - 24/12/09 17:55:04 INFO BlockManagerMasterEndpoint: Using org.apache.spark.storage.DefaultTopologyMapper for getting topology information
[2024-12-09T17:55:04.008+0000] {spark_submit.py:634} INFO - 24/12/09 17:55:04 INFO BlockManagerMasterEndpoint: BlockManagerMasterEndpoint up
[2024-12-09T17:55:04.021+0000] {spark_submit.py:634} INFO - 24/12/09 17:55:04 INFO SparkEnv: Registering BlockManagerMasterHeartbeat
[2024-12-09T17:55:04.046+0000] {spark_submit.py:634} INFO - 24/12/09 17:55:04 INFO DiskBlockManager: Created local directory at /tmp/blockmgr-6256cf32-ad1a-4d10-9d23-9edd00b09404
[2024-12-09T17:55:04.065+0000] {spark_submit.py:634} INFO - 24/12/09 17:55:04 INFO MemoryStore: MemoryStore started with capacity 434.4 MiB
[2024-12-09T17:55:04.091+0000] {spark_submit.py:634} INFO - 24/12/09 17:55:04 INFO SparkEnv: Registering OutputCommitCoordinator
[2024-12-09T17:55:04.263+0000] {spark_submit.py:634} INFO - 24/12/09 17:55:04 INFO JettyUtils: Start Jetty 0.0.0.0:4040 for SparkUI
[2024-12-09T17:55:04.415+0000] {spark_submit.py:634} INFO - 24/12/09 17:55:04 INFO Utils: Successfully started service 'SparkUI' on port 4040.
[2024-12-09T17:55:04.459+0000] {spark_submit.py:634} INFO - 24/12/09 17:55:04 INFO SparkContext: Added JAR file:/opt/***/jobs/java/spark-job/target/spark-job-1.0-SNAPSHOT.jar at spark://2a892a3469ec:44453/jars/spark-job-1.0-SNAPSHOT.jar with timestamp 1733766902825
[2024-12-09T17:55:04.570+0000] {spark_submit.py:634} INFO - 24/12/09 17:55:04 INFO Executor: Starting executor ID driver on host 2a892a3469ec
[2024-12-09T17:55:04.571+0000] {spark_submit.py:634} INFO - 24/12/09 17:55:04 INFO Executor: OS info Linux, 6.10.14-linuxkit, aarch64
[2024-12-09T17:55:04.572+0000] {spark_submit.py:634} INFO - 24/12/09 17:55:04 INFO Executor: Java version 17.0.13
[2024-12-09T17:55:04.583+0000] {spark_submit.py:634} INFO - 24/12/09 17:55:04 INFO Executor: Starting executor with user classpath (userClassPathFirst = false): ''
[2024-12-09T17:55:04.585+0000] {spark_submit.py:634} INFO - 24/12/09 17:55:04 INFO Executor: Created or updated repl class loader org.apache.spark.util.MutableURLClassLoader@63d5874f for default.
[2024-12-09T17:55:04.625+0000] {spark_submit.py:634} INFO - 24/12/09 17:55:04 INFO Executor: Fetching spark://2a892a3469ec:44453/jars/spark-job-1.0-SNAPSHOT.jar with timestamp 1733766902825
[2024-12-09T17:55:04.740+0000] {spark_submit.py:634} INFO - 24/12/09 17:55:04 INFO TransportClientFactory: Successfully created connection to 2a892a3469ec/172.18.0.4:44453 after 49 ms (0 ms spent in bootstraps)
[2024-12-09T17:55:04.757+0000] {spark_submit.py:634} INFO - 24/12/09 17:55:04 INFO Utils: Fetching spark://2a892a3469ec:44453/jars/spark-job-1.0-SNAPSHOT.jar to /tmp/spark-5f67fc5f-ca14-42c7-9ab7-9593f924b083/userFiles-aefd9ea0-94d3-4fd0-af34-aac977bc18e0/fetchFileTemp15219660992197663415.tmp
[2024-12-09T17:55:04.820+0000] {spark_submit.py:634} INFO - 24/12/09 17:55:04 INFO Executor: Adding file:/tmp/spark-5f67fc5f-ca14-42c7-9ab7-9593f924b083/userFiles-aefd9ea0-94d3-4fd0-af34-aac977bc18e0/spark-job-1.0-SNAPSHOT.jar to class loader default
[2024-12-09T17:55:04.831+0000] {spark_submit.py:634} INFO - 24/12/09 17:55:04 INFO Utils: Successfully started service 'org.apache.spark.network.netty.NettyBlockTransferService' on port 38837.
[2024-12-09T17:55:04.832+0000] {spark_submit.py:634} INFO - 24/12/09 17:55:04 INFO NettyBlockTransferService: Server created on 2a892a3469ec:38837
[2024-12-09T17:55:04.834+0000] {spark_submit.py:634} INFO - 24/12/09 17:55:04 INFO BlockManager: Using org.apache.spark.storage.RandomBlockReplicationPolicy for block replication policy
[2024-12-09T17:55:04.849+0000] {spark_submit.py:634} INFO - 24/12/09 17:55:04 INFO BlockManagerMaster: Registering BlockManager BlockManagerId(driver, 2a892a3469ec, 38837, None)
[2024-12-09T17:55:04.856+0000] {spark_submit.py:634} INFO - 24/12/09 17:55:04 INFO BlockManagerMasterEndpoint: Registering block manager 2a892a3469ec:38837 with 434.4 MiB RAM, BlockManagerId(driver, 2a892a3469ec, 38837, None)
[2024-12-09T17:55:04.860+0000] {spark_submit.py:634} INFO - 24/12/09 17:55:04 INFO BlockManagerMaster: Registered BlockManager BlockManagerId(driver, 2a892a3469ec, 38837, None)
[2024-12-09T17:55:04.863+0000] {spark_submit.py:634} INFO - 24/12/09 17:55:04 INFO BlockManager: Initialized BlockManager: BlockManagerId(driver, 2a892a3469ec, 38837, None)
[2024-12-09T17:55:06.661+0000] {spark_submit.py:634} INFO - 24/12/09 17:55:06 INFO SparkContext: Starting job: collect at WordCountJob.java:37
[2024-12-09T17:55:06.711+0000] {spark_submit.py:634} INFO - 24/12/09 17:55:06 INFO DAGScheduler: Registering RDD 2 (mapToPair at WordCountJob.java:33) as input to shuffle 0
[2024-12-09T17:55:06.720+0000] {spark_submit.py:634} INFO - 24/12/09 17:55:06 INFO DAGScheduler: Got job 0 (collect at WordCountJob.java:37) with 1 output partitions
[2024-12-09T17:55:06.729+0000] {spark_submit.py:634} INFO - 24/12/09 17:55:06 INFO DAGScheduler: Final stage: ResultStage 1 (collect at WordCountJob.java:37)
[2024-12-09T17:55:06.730+0000] {spark_submit.py:634} INFO - 24/12/09 17:55:06 INFO DAGScheduler: Parents of final stage: List(ShuffleMapStage 0)
[2024-12-09T17:55:06.734+0000] {spark_submit.py:634} INFO - 24/12/09 17:55:06 INFO DAGScheduler: Missing parents: List(ShuffleMapStage 0)
[2024-12-09T17:55:06.744+0000] {spark_submit.py:634} INFO - 24/12/09 17:55:06 INFO DAGScheduler: Submitting ShuffleMapStage 0 (MapPartitionsRDD[2] at mapToPair at WordCountJob.java:33), which has no missing parents
[2024-12-09T17:55:07.152+0000] {spark_submit.py:634} INFO - 24/12/09 17:55:07 INFO MemoryStore: Block broadcast_0 stored as values in memory (estimated size 6.4 KiB, free 434.4 MiB)
[2024-12-09T17:55:07.297+0000] {spark_submit.py:634} INFO - 24/12/09 17:55:07 INFO MemoryStore: Block broadcast_0_piece0 stored as bytes in memory (estimated size 3.4 KiB, free 434.4 MiB)
[2024-12-09T17:55:07.301+0000] {spark_submit.py:634} INFO - 24/12/09 17:55:07 INFO BlockManagerInfo: Added broadcast_0_piece0 in memory on 2a892a3469ec:38837 (size: 3.4 KiB, free: 434.4 MiB)
[2024-12-09T17:55:07.310+0000] {spark_submit.py:634} INFO - 24/12/09 17:55:07 INFO SparkContext: Created broadcast 0 from broadcast at DAGScheduler.scala:1585
[2024-12-09T17:55:07.383+0000] {spark_submit.py:634} INFO - 24/12/09 17:55:07 INFO DAGScheduler: Submitting 1 missing tasks from ShuffleMapStage 0 (MapPartitionsRDD[2] at mapToPair at WordCountJob.java:33) (first 15 tasks are for partitions Vector(0))
[2024-12-09T17:55:07.387+0000] {spark_submit.py:634} INFO - 24/12/09 17:55:07 INFO TaskSchedulerImpl: Adding task set 0.0 with 1 tasks resource profile 0
[2024-12-09T17:55:07.534+0000] {spark_submit.py:634} INFO - 24/12/09 17:55:07 INFO TaskSetManager: Starting task 0.0 in stage 0.0 (TID 0) (2a892a3469ec, executor driver, partition 0, PROCESS_LOCAL, 9249 bytes)
[2024-12-09T17:55:07.589+0000] {spark_submit.py:634} INFO - 24/12/09 17:55:07 INFO Executor: Running task 0.0 in stage 0.0 (TID 0)
[2024-12-09T17:55:07.993+0000] {spark_submit.py:634} INFO - 24/12/09 17:55:07 INFO Executor: Finished task 0.0 in stage 0.0 (TID 0). 1216 bytes result sent to driver
[2024-12-09T17:55:08.026+0000] {spark_submit.py:634} INFO - 24/12/09 17:55:08 INFO TaskSetManager: Finished task 0.0 in stage 0.0 (TID 0) in 539 ms on 2a892a3469ec (executor driver) (1/1)
[2024-12-09T17:55:08.031+0000] {spark_submit.py:634} INFO - 24/12/09 17:55:08 INFO TaskSchedulerImpl: Removed TaskSet 0.0, whose tasks have all completed, from pool
[2024-12-09T17:55:08.044+0000] {spark_submit.py:634} INFO - 24/12/09 17:55:08 INFO DAGScheduler: ShuffleMapStage 0 (mapToPair at WordCountJob.java:33) finished in 1.195 s
[2024-12-09T17:55:08.047+0000] {spark_submit.py:634} INFO - 24/12/09 17:55:08 INFO DAGScheduler: looking for newly runnable stages
[2024-12-09T17:55:08.049+0000] {spark_submit.py:634} INFO - 24/12/09 17:55:08 INFO DAGScheduler: running: Set()
[2024-12-09T17:55:08.053+0000] {spark_submit.py:634} INFO - 24/12/09 17:55:08 INFO DAGScheduler: waiting: Set(ResultStage 1)
[2024-12-09T17:55:08.054+0000] {spark_submit.py:634} INFO - 24/12/09 17:55:08 INFO DAGScheduler: failed: Set()
[2024-12-09T17:55:08.056+0000] {spark_submit.py:634} INFO - 24/12/09 17:55:08 INFO DAGScheduler: Submitting ResultStage 1 (ShuffledRDD[3] at reduceByKey at WordCountJob.java:34), which has no missing parents
[2024-12-09T17:55:08.077+0000] {spark_submit.py:634} INFO - 24/12/09 17:55:08 INFO MemoryStore: Block broadcast_1 stored as values in memory (estimated size 5.2 KiB, free 434.4 MiB)
[2024-12-09T17:55:08.088+0000] {spark_submit.py:634} INFO - 24/12/09 17:55:08 INFO MemoryStore: Block broadcast_1_piece0 stored as bytes in memory (estimated size 2.9 KiB, free 434.4 MiB)
[2024-12-09T17:55:08.090+0000] {spark_submit.py:634} INFO - 24/12/09 17:55:08 INFO BlockManagerInfo: Added broadcast_1_piece0 in memory on 2a892a3469ec:38837 (size: 2.9 KiB, free: 434.4 MiB)
[2024-12-09T17:55:08.091+0000] {spark_submit.py:634} INFO - 24/12/09 17:55:08 INFO SparkContext: Created broadcast 1 from broadcast at DAGScheduler.scala:1585
[2024-12-09T17:55:08.092+0000] {spark_submit.py:634} INFO - 24/12/09 17:55:08 INFO DAGScheduler: Submitting 1 missing tasks from ResultStage 1 (ShuffledRDD[3] at reduceByKey at WordCountJob.java:34) (first 15 tasks are for partitions Vector(0))
[2024-12-09T17:55:08.092+0000] {spark_submit.py:634} INFO - 24/12/09 17:55:08 INFO TaskSchedulerImpl: Adding task set 1.0 with 1 tasks resource profile 0
[2024-12-09T17:55:08.105+0000] {spark_submit.py:634} INFO - 24/12/09 17:55:08 INFO TaskSetManager: Starting task 0.0 in stage 1.0 (TID 1) (2a892a3469ec, executor driver, partition 0, NODE_LOCAL, 9002 bytes)
[2024-12-09T17:55:08.110+0000] {spark_submit.py:634} INFO - 24/12/09 17:55:08 INFO Executor: Running task 0.0 in stage 1.0 (TID 1)
[2024-12-09T17:55:08.277+0000] {spark_submit.py:634} INFO - 24/12/09 17:55:08 INFO ShuffleBlockFetcherIterator: Getting 1 (189.0 B) non-empty blocks including 1 (189.0 B) local and 0 (0.0 B) host-local and 0 (0.0 B) push-merged-local and 0 (0.0 B) remote blocks
[2024-12-09T17:55:08.293+0000] {spark_submit.py:634} INFO - 24/12/09 17:55:08 INFO ShuffleBlockFetcherIterator: Started 0 remote fetches in 44 ms
[2024-12-09T17:55:08.366+0000] {spark_submit.py:634} INFO - 24/12/09 17:55:08 INFO Executor: Finished task 0.0 in stage 1.0 (TID 1). 2001 bytes result sent to driver
[2024-12-09T17:55:08.375+0000] {spark_submit.py:634} INFO - 24/12/09 17:55:08 INFO TaskSetManager: Finished task 0.0 in stage 1.0 (TID 1) in 276 ms on 2a892a3469ec (executor driver) (1/1)
[2024-12-09T17:55:08.375+0000] {spark_submit.py:634} INFO - 24/12/09 17:55:08 INFO TaskSchedulerImpl: Removed TaskSet 1.0, whose tasks have all completed, from pool
[2024-12-09T17:55:08.387+0000] {spark_submit.py:634} INFO - 24/12/09 17:55:08 INFO DAGScheduler: ResultStage 1 (collect at WordCountJob.java:37) finished in 0.311 s
[2024-12-09T17:55:08.393+0000] {spark_submit.py:634} INFO - 24/12/09 17:55:08 INFO DAGScheduler: Job 0 is finished. Cancelling potential speculative or zombie tasks for this job
[2024-12-09T17:55:08.394+0000] {spark_submit.py:634} INFO - 24/12/09 17:55:08 INFO TaskSchedulerImpl: Killing all running tasks in stage 1: Stage finished
[2024-12-09T17:55:08.395+0000] {spark_submit.py:634} INFO - 24/12/09 17:55:08 INFO DAGScheduler: Job 0 finished: collect at WordCountJob.java:37, took 1.740103 s
[2024-12-09T17:55:08.399+0000] {spark_submit.py:634} INFO - spark: 1
[2024-12-09T17:55:08.401+0000] {spark_submit.py:634} INFO - docker: 1
[2024-12-09T17:55:08.402+0000] {spark_submit.py:634} INFO - Yusuf: 1
[2024-12-09T17:55:08.404+0000] {spark_submit.py:634} INFO - hello: 5
[2024-12-09T17:55:08.407+0000] {spark_submit.py:634} INFO - java: 1
[2024-12-09T17:55:08.409+0000] {spark_submit.py:634} INFO - world: 1
[2024-12-09T17:55:08.411+0000] {spark_submit.py:634} INFO - 24/12/09 17:55:08 INFO SparkContext: SparkContext is stopping with exitCode 0.
[2024-12-09T17:55:08.439+0000] {spark_submit.py:634} INFO - 24/12/09 17:55:08 INFO SparkUI: Stopped Spark web UI at http://2a892a3469ec:4040
[2024-12-09T17:55:08.480+0000] {spark_submit.py:634} INFO - 24/12/09 17:55:08 INFO MapOutputTrackerMasterEndpoint: MapOutputTrackerMasterEndpoint stopped!
[2024-12-09T17:55:08.521+0000] {spark_submit.py:634} INFO - 24/12/09 17:55:08 INFO MemoryStore: MemoryStore cleared
[2024-12-09T17:55:08.528+0000] {spark_submit.py:634} INFO - 24/12/09 17:55:08 INFO BlockManager: BlockManager stopped
[2024-12-09T17:55:08.546+0000] {spark_submit.py:634} INFO - 24/12/09 17:55:08 INFO BlockManagerMaster: BlockManagerMaster stopped
[2024-12-09T17:55:08.563+0000] {spark_submit.py:634} INFO - 24/12/09 17:55:08 INFO OutputCommitCoordinator$OutputCommitCoordinatorEndpoint: OutputCommitCoordinator stopped!
[2024-12-09T17:55:08.584+0000] {spark_submit.py:634} INFO - 24/12/09 17:55:08 INFO SparkContext: Successfully stopped SparkContext
[2024-12-09T17:55:08.598+0000] {spark_submit.py:634} INFO - 24/12/09 17:55:08 INFO ShutdownHookManager: Shutdown hook called
[2024-12-09T17:55:08.604+0000] {spark_submit.py:634} INFO - 24/12/09 17:55:08 INFO ShutdownHookManager: Deleting directory /tmp/spark-f969207d-dda9-4a0a-8aeb-f05d0fbc7a2f
[2024-12-09T17:55:08.612+0000] {spark_submit.py:634} INFO - 24/12/09 17:55:08 INFO ShutdownHookManager: Deleting directory /tmp/spark-5f67fc5f-ca14-42c7-9ab7-9593f924b083
[2024-12-09T17:55:08.780+0000] {taskinstance.py:340} INFO - ::group::Post task execution logs
[2024-12-09T17:55:08.781+0000] {taskinstance.py:352} INFO - Marking task as SUCCESS. dag_id=sparking_flow, task_id=java_job, run_id=manual__2024-12-09T17:54:55.670583+00:00, execution_date=20241209T175455, start_date=20241209T175457, end_date=20241209T175508
[2024-12-09T17:55:08.839+0000] {local_task_job_runner.py:266} INFO - Task exited with return code 0
[2024-12-09T17:55:08.900+0000] {taskinstance.py:3895} INFO - 0 downstream tasks scheduled from follow-on schedule check
[2024-12-09T17:55:08.906+0000] {local_task_job_runner.py:245} INFO - ::endgroup::
