[2024-12-09T19:46:22.130+0000] {local_task_job_runner.py:123} INFO - ::group::Pre task execution logs
[2024-12-09T19:46:22.164+0000] {taskinstance.py:2613} INFO - Dependencies all met for dep_context=non-requeueable deps ti=<TaskInstance: sparking_flow.scala_job manual__2024-12-09T19:46:19.480018+00:00 [queued]>
[2024-12-09T19:46:22.188+0000] {taskinstance.py:2613} INFO - Dependencies all met for dep_context=requeueable deps ti=<TaskInstance: sparking_flow.scala_job manual__2024-12-09T19:46:19.480018+00:00 [queued]>
[2024-12-09T19:46:22.189+0000] {taskinstance.py:2866} INFO - Starting attempt 1 of 1
[2024-12-09T19:46:22.278+0000] {taskinstance.py:2889} INFO - Executing <Task(SparkSubmitOperator): scala_job> on 2024-12-09 19:46:19.480018+00:00
[2024-12-09T19:46:22.330+0000] {logging_mixin.py:190} WARNING - /home/***/.local/lib/python3.12/site-packages/***/task/task_runner/standard_task_runner.py:70 DeprecationWarning: This process (pid=715) is multi-threaded, use of fork() may lead to deadlocks in the child.
[2024-12-09T19:46:22.324+0000] {standard_task_runner.py:104} INFO - Running: ['***', 'tasks', 'run', 'sparking_flow', 'scala_job', 'manual__2024-12-09T19:46:19.480018+00:00', '--job-id', '16', '--raw', '--subdir', 'DAGS_FOLDER/spark_***.py', '--cfg-path', '/tmp/tmponmi5ojg']
[2024-12-09T19:46:22.334+0000] {standard_task_runner.py:72} INFO - Started process 718 to run task
[2024-12-09T19:46:22.334+0000] {standard_task_runner.py:105} INFO - Job 16: Subtask scala_job
[2024-12-09T19:46:22.495+0000] {task_command.py:467} INFO - Running <TaskInstance: sparking_flow.scala_job manual__2024-12-09T19:46:19.480018+00:00 [running]> on host 0f591f475d73
[2024-12-09T19:46:22.656+0000] {taskinstance.py:3132} INFO - Exporting env vars: AIRFLOW_CTX_DAG_OWNER='Harsha Vardhan' AIRFLOW_CTX_DAG_ID='sparking_flow' AIRFLOW_CTX_TASK_ID='scala_job' AIRFLOW_CTX_EXECUTION_DATE='2024-12-09T19:46:19.480018+00:00' AIRFLOW_CTX_TRY_NUMBER='1' AIRFLOW_CTX_DAG_RUN_ID='manual__2024-12-09T19:46:19.480018+00:00'
[2024-12-09T19:46:22.659+0000] {taskinstance.py:731} INFO - ::endgroup::
[2024-12-09T19:46:23.111+0000] {base.py:84} INFO - Retrieving connection 'spark-conn'
[2024-12-09T19:46:23.114+0000] {spark_submit.py:473} INFO - Spark-Submit cmd: spark-submit --master spark-master:7077 --name arrow-spark --deploy-mode client jobs/scala/target/scala-2.12/word-count_2.12-0.1.jar
[2024-12-09T19:46:26.583+0000] {spark_submit.py:634} INFO - 24/12/09 19:46:26 WARN NativeCodeLoader: Unable to load native-hadoop library for your platform... using builtin-java classes where applicable
[2024-12-09T19:46:27.295+0000] {spark_submit.py:634} INFO - 24/12/09 19:46:27 INFO SparkContext: Running Spark version 3.5.3
[2024-12-09T19:46:27.296+0000] {spark_submit.py:634} INFO - 24/12/09 19:46:27 INFO SparkContext: OS info Linux, 6.10.14-linuxkit, aarch64
[2024-12-09T19:46:27.297+0000] {spark_submit.py:634} INFO - 24/12/09 19:46:27 INFO SparkContext: Java version 17.0.13
[2024-12-09T19:46:27.345+0000] {spark_submit.py:634} INFO - 24/12/09 19:46:27 INFO ResourceUtils: ==============================================================
[2024-12-09T19:46:27.349+0000] {spark_submit.py:634} INFO - 24/12/09 19:46:27 INFO ResourceUtils: No custom resources configured for spark.driver.
[2024-12-09T19:46:27.363+0000] {spark_submit.py:634} INFO - 24/12/09 19:46:27 INFO ResourceUtils: ==============================================================
[2024-12-09T19:46:27.366+0000] {spark_submit.py:634} INFO - 24/12/09 19:46:27 INFO SparkContext: Submitted application: Word Count
[2024-12-09T19:46:27.438+0000] {spark_submit.py:634} INFO - 24/12/09 19:46:27 INFO ResourceProfile: Default ResourceProfile created, executor resources: Map(memory -> name: memory, amount: 1024, script: , vendor: , offHeap -> name: offHeap, amount: 0, script: , vendor: ), task resources: Map(cpus -> name: cpus, amount: 1.0)
[2024-12-09T19:46:27.527+0000] {spark_submit.py:634} INFO - 24/12/09 19:46:27 INFO ResourceProfile: Limiting resource is cpu
[2024-12-09T19:46:27.530+0000] {spark_submit.py:634} INFO - 24/12/09 19:46:27 INFO ResourceProfileManager: Added ResourceProfile id: 0
[2024-12-09T19:46:27.634+0000] {spark_submit.py:634} INFO - 24/12/09 19:46:27 INFO SecurityManager: Changing view acls to: root
[2024-12-09T19:46:27.636+0000] {spark_submit.py:634} INFO - 24/12/09 19:46:27 INFO SecurityManager: Changing modify acls to: root
[2024-12-09T19:46:27.637+0000] {spark_submit.py:634} INFO - 24/12/09 19:46:27 INFO SecurityManager: Changing view acls groups to:
[2024-12-09T19:46:27.638+0000] {spark_submit.py:634} INFO - 24/12/09 19:46:27 INFO SecurityManager: Changing modify acls groups to:
[2024-12-09T19:46:27.641+0000] {spark_submit.py:634} INFO - 24/12/09 19:46:27 INFO SecurityManager: SecurityManager: authentication disabled; ui acls disabled; users with view permissions: root; groups with view permissions: EMPTY; users with modify permissions: root; groups with modify permissions: EMPTY
[2024-12-09T19:46:28.181+0000] {spark_submit.py:634} INFO - 24/12/09 19:46:28 INFO Utils: Successfully started service 'sparkDriver' on port 34941.
[2024-12-09T19:46:28.264+0000] {spark_submit.py:634} INFO - 24/12/09 19:46:28 INFO SparkEnv: Registering MapOutputTracker
[2024-12-09T19:46:28.365+0000] {spark_submit.py:634} INFO - 24/12/09 19:46:28 INFO SparkEnv: Registering BlockManagerMaster
[2024-12-09T19:46:28.393+0000] {spark_submit.py:634} INFO - 24/12/09 19:46:28 INFO BlockManagerMasterEndpoint: Using org.apache.spark.storage.DefaultTopologyMapper for getting topology information
[2024-12-09T19:46:28.399+0000] {spark_submit.py:634} INFO - 24/12/09 19:46:28 INFO BlockManagerMasterEndpoint: BlockManagerMasterEndpoint up
[2024-12-09T19:46:28.411+0000] {spark_submit.py:634} INFO - 24/12/09 19:46:28 INFO SparkEnv: Registering BlockManagerMasterHeartbeat
[2024-12-09T19:46:28.443+0000] {spark_submit.py:634} INFO - 24/12/09 19:46:28 INFO DiskBlockManager: Created local directory at /tmp/blockmgr-2f3e2820-ddaf-4ada-9603-2ee5d641b2c0
[2024-12-09T19:46:28.468+0000] {spark_submit.py:634} INFO - 24/12/09 19:46:28 INFO MemoryStore: MemoryStore started with capacity 434.4 MiB
[2024-12-09T19:46:28.491+0000] {spark_submit.py:634} INFO - 24/12/09 19:46:28 INFO SparkEnv: Registering OutputCommitCoordinator
[2024-12-09T19:46:28.813+0000] {spark_submit.py:634} INFO - 24/12/09 19:46:28 INFO JettyUtils: Start Jetty 0.0.0.0:4040 for SparkUI
[2024-12-09T19:46:28.961+0000] {spark_submit.py:634} INFO - 24/12/09 19:46:28 WARN Utils: Service 'SparkUI' could not bind on port 4040. Attempting port 4041.
[2024-12-09T19:46:28.989+0000] {spark_submit.py:634} INFO - 24/12/09 19:46:28 INFO Utils: Successfully started service 'SparkUI' on port 4041.
[2024-12-09T19:46:29.072+0000] {spark_submit.py:634} INFO - 24/12/09 19:46:29 INFO SparkContext: Added JAR file:/opt/***/jobs/scala/target/scala-2.12/word-count_2.12-0.1.jar at spark://0f591f475d73:34941/jars/word-count_2.12-0.1.jar with timestamp 1733773587278
[2024-12-09T19:46:29.257+0000] {spark_submit.py:634} INFO - 24/12/09 19:46:29 INFO StandaloneAppClient$ClientEndpoint: Connecting to master spark://spark-master:7077...
[2024-12-09T19:46:29.368+0000] {spark_submit.py:634} INFO - 24/12/09 19:46:29 INFO TransportClientFactory: Successfully created connection to spark-master/172.20.0.5:7077 after 61 ms (0 ms spent in bootstraps)
[2024-12-09T19:46:30.679+0000] {spark_submit.py:634} INFO - 24/12/09 19:46:30 INFO StandaloneSchedulerBackend: Connected to Spark cluster with app ID app-20241209194630-0000
[2024-12-09T19:46:30.702+0000] {spark_submit.py:634} INFO - 24/12/09 19:46:30 INFO Utils: Successfully started service 'org.apache.spark.network.netty.NettyBlockTransferService' on port 44855.
[2024-12-09T19:46:30.703+0000] {spark_submit.py:634} INFO - 24/12/09 19:46:30 INFO NettyBlockTransferService: Server created on 0f591f475d73:44855
[2024-12-09T19:46:30.705+0000] {spark_submit.py:634} INFO - 24/12/09 19:46:30 INFO BlockManager: Using org.apache.spark.storage.RandomBlockReplicationPolicy for block replication policy
[2024-12-09T19:46:30.824+0000] {spark_submit.py:634} INFO - 24/12/09 19:46:30 INFO BlockManagerMaster: Registering BlockManager BlockManagerId(driver, 0f591f475d73, 44855, None)
[2024-12-09T19:46:30.853+0000] {spark_submit.py:634} INFO - 24/12/09 19:46:30 INFO BlockManagerMasterEndpoint: Registering block manager 0f591f475d73:44855 with 434.4 MiB RAM, BlockManagerId(driver, 0f591f475d73, 44855, None)
[2024-12-09T19:46:30.863+0000] {spark_submit.py:634} INFO - 24/12/09 19:46:30 INFO BlockManagerMaster: Registered BlockManager BlockManagerId(driver, 0f591f475d73, 44855, None)
[2024-12-09T19:46:30.880+0000] {spark_submit.py:634} INFO - 24/12/09 19:46:30 INFO BlockManager: Initialized BlockManager: BlockManagerId(driver, 0f591f475d73, 44855, None)
[2024-12-09T19:46:30.932+0000] {spark_submit.py:634} INFO - 24/12/09 19:46:30 INFO StandaloneAppClient$ClientEndpoint: Executor added: app-20241209194630-0000/0 on worker-20241209194159-172.20.0.7-40473 (172.20.0.7:40473) with 2 core(s)
[2024-12-09T19:46:30.939+0000] {spark_submit.py:634} INFO - 24/12/09 19:46:30 INFO StandaloneSchedulerBackend: Granted executor ID app-20241209194630-0000/0 on hostPort 172.20.0.7:40473 with 2 core(s), 1024.0 MiB RAM
[2024-12-09T19:46:31.442+0000] {spark_submit.py:634} INFO - 24/12/09 19:46:31 INFO StandaloneSchedulerBackend: SchedulerBackend is ready for scheduling beginning after reached minRegisteredResourcesRatio: 0.0
[2024-12-09T19:46:34.515+0000] {spark_submit.py:634} INFO - 24/12/09 19:46:34 INFO SparkContext: Starting job: collect at wordcount.scala:14
[2024-12-09T19:46:36.216+0000] {spark_submit.py:634} INFO - 24/12/09 19:46:36 INFO StandaloneAppClient$ClientEndpoint: Executor updated: app-20241209194630-0000/0 is now RUNNING
[2024-12-09T19:46:36.268+0000] {spark_submit.py:634} INFO - 24/12/09 19:46:36 INFO DAGScheduler: Registering RDD 2 (map at wordcount.scala:11) as input to shuffle 0
[2024-12-09T19:46:36.277+0000] {spark_submit.py:634} INFO - 24/12/09 19:46:36 INFO DAGScheduler: Got job 0 (collect at wordcount.scala:14) with 2 output partitions
[2024-12-09T19:46:36.278+0000] {spark_submit.py:634} INFO - 24/12/09 19:46:36 INFO DAGScheduler: Final stage: ResultStage 1 (collect at wordcount.scala:14)
[2024-12-09T19:46:36.278+0000] {spark_submit.py:634} INFO - 24/12/09 19:46:36 INFO DAGScheduler: Parents of final stage: List(ShuffleMapStage 0)
[2024-12-09T19:46:36.283+0000] {spark_submit.py:634} INFO - 24/12/09 19:46:36 INFO DAGScheduler: Missing parents: List(ShuffleMapStage 0)
[2024-12-09T19:46:36.291+0000] {spark_submit.py:634} INFO - 24/12/09 19:46:36 INFO DAGScheduler: Submitting ShuffleMapStage 0 (MapPartitionsRDD[2] at map at wordcount.scala:11), which has no missing parents
[2024-12-09T19:46:36.445+0000] {spark_submit.py:634} INFO - 24/12/09 19:46:36 INFO MemoryStore: Block broadcast_0 stored as values in memory (estimated size 5.5 KiB, free 434.4 MiB)
[2024-12-09T19:46:36.496+0000] {spark_submit.py:634} INFO - 24/12/09 19:46:36 INFO MemoryStore: Block broadcast_0_piece0 stored as bytes in memory (estimated size 3.2 KiB, free 434.4 MiB)
[2024-12-09T19:46:36.501+0000] {spark_submit.py:634} INFO - 24/12/09 19:46:36 INFO BlockManagerInfo: Added broadcast_0_piece0 in memory on 0f591f475d73:44855 (size: 3.2 KiB, free: 434.4 MiB)
[2024-12-09T19:46:36.507+0000] {spark_submit.py:634} INFO - 24/12/09 19:46:36 INFO SparkContext: Created broadcast 0 from broadcast at DAGScheduler.scala:1585
[2024-12-09T19:46:36.546+0000] {spark_submit.py:634} INFO - 24/12/09 19:46:36 INFO DAGScheduler: Submitting 2 missing tasks from ShuffleMapStage 0 (MapPartitionsRDD[2] at map at wordcount.scala:11) (first 15 tasks are for partitions Vector(0, 1))
[2024-12-09T19:46:36.549+0000] {spark_submit.py:634} INFO - 24/12/09 19:46:36 INFO TaskSchedulerImpl: Adding task set 0.0 with 2 tasks resource profile 0
[2024-12-09T19:46:41.792+0000] {spark_submit.py:634} INFO - 24/12/09 19:46:41 INFO StandaloneSchedulerBackend$StandaloneDriverEndpoint: Registered executor NettyRpcEndpointRef(spark-client://Executor) (172.20.0.7:56036) with ID 0,  ResourceProfileId 0
[2024-12-09T19:46:41.912+0000] {spark_submit.py:634} INFO - 24/12/09 19:46:41 INFO BlockManagerMasterEndpoint: Registering block manager 172.20.0.7:35751 with 434.4 MiB RAM, BlockManagerId(0, 172.20.0.7, 35751, None)
[2024-12-09T19:46:42.081+0000] {spark_submit.py:634} INFO - 24/12/09 19:46:42 INFO TaskSetManager: Starting task 0.0 in stage 0.0 (TID 0) (172.20.0.7, executor 0, partition 0, PROCESS_LOCAL, 9198 bytes)
[2024-12-09T19:46:42.088+0000] {spark_submit.py:634} INFO - 24/12/09 19:46:42 INFO TaskSetManager: Starting task 1.0 in stage 0.0 (TID 1) (172.20.0.7, executor 0, partition 1, PROCESS_LOCAL, 9213 bytes)
[2024-12-09T19:46:42.399+0000] {spark_submit.py:634} INFO - 24/12/09 19:46:42 INFO BlockManagerInfo: Added broadcast_0_piece0 in memory on 172.20.0.7:35751 (size: 3.2 KiB, free: 434.4 MiB)
[2024-12-09T19:46:43.149+0000] {spark_submit.py:634} INFO - 24/12/09 19:46:43 INFO TaskSetManager: Finished task 0.0 in stage 0.0 (TID 0) in 1088 ms on 172.20.0.7 (executor 0) (1/2)
[2024-12-09T19:46:43.151+0000] {spark_submit.py:634} INFO - 24/12/09 19:46:43 INFO TaskSetManager: Finished task 1.0 in stage 0.0 (TID 1) in 1065 ms on 172.20.0.7 (executor 0) (2/2)
[2024-12-09T19:46:43.152+0000] {spark_submit.py:634} INFO - 24/12/09 19:46:43 INFO TaskSchedulerImpl: Removed TaskSet 0.0, whose tasks have all completed, from pool
[2024-12-09T19:46:43.163+0000] {spark_submit.py:634} INFO - 24/12/09 19:46:43 INFO DAGScheduler: ShuffleMapStage 0 (map at wordcount.scala:11) finished in 6.840 s
[2024-12-09T19:46:43.164+0000] {spark_submit.py:634} INFO - 24/12/09 19:46:43 INFO DAGScheduler: looking for newly runnable stages
[2024-12-09T19:46:43.165+0000] {spark_submit.py:634} INFO - 24/12/09 19:46:43 INFO DAGScheduler: running: Set()
[2024-12-09T19:46:43.166+0000] {spark_submit.py:634} INFO - 24/12/09 19:46:43 INFO DAGScheduler: waiting: Set(ResultStage 1)
[2024-12-09T19:46:43.167+0000] {spark_submit.py:634} INFO - 24/12/09 19:46:43 INFO DAGScheduler: failed: Set()
[2024-12-09T19:46:43.170+0000] {spark_submit.py:634} INFO - 24/12/09 19:46:43 INFO DAGScheduler: Submitting ResultStage 1 (ShuffledRDD[3] at reduceByKey at wordcount.scala:12), which has no missing parents
[2024-12-09T19:46:43.184+0000] {spark_submit.py:634} INFO - 24/12/09 19:46:43 INFO MemoryStore: Block broadcast_1 stored as values in memory (estimated size 5.2 KiB, free 434.4 MiB)
[2024-12-09T19:46:43.193+0000] {spark_submit.py:634} INFO - 24/12/09 19:46:43 INFO MemoryStore: Block broadcast_1_piece0 stored as bytes in memory (estimated size 3.1 KiB, free 434.4 MiB)
[2024-12-09T19:46:43.200+0000] {spark_submit.py:634} INFO - 24/12/09 19:46:43 INFO BlockManagerInfo: Added broadcast_1_piece0 in memory on 0f591f475d73:44855 (size: 3.1 KiB, free: 434.4 MiB)
[2024-12-09T19:46:43.201+0000] {spark_submit.py:634} INFO - 24/12/09 19:46:43 INFO SparkContext: Created broadcast 1 from broadcast at DAGScheduler.scala:1585
[2024-12-09T19:46:43.201+0000] {spark_submit.py:634} INFO - 24/12/09 19:46:43 INFO DAGScheduler: Submitting 2 missing tasks from ResultStage 1 (ShuffledRDD[3] at reduceByKey at wordcount.scala:12) (first 15 tasks are for partitions Vector(0, 1))
[2024-12-09T19:46:43.201+0000] {spark_submit.py:634} INFO - 24/12/09 19:46:43 INFO TaskSchedulerImpl: Adding task set 1.0 with 2 tasks resource profile 0
[2024-12-09T19:46:43.217+0000] {spark_submit.py:634} INFO - 24/12/09 19:46:43 INFO TaskSetManager: Starting task 0.0 in stage 1.0 (TID 2) (172.20.0.7, executor 0, partition 0, NODE_LOCAL, 9003 bytes)
[2024-12-09T19:46:43.218+0000] {spark_submit.py:634} INFO - 24/12/09 19:46:43 INFO TaskSetManager: Starting task 1.0 in stage 1.0 (TID 3) (172.20.0.7, executor 0, partition 1, NODE_LOCAL, 9003 bytes)
[2024-12-09T19:46:43.255+0000] {spark_submit.py:634} INFO - 24/12/09 19:46:43 INFO BlockManagerInfo: Added broadcast_1_piece0 in memory on 172.20.0.7:35751 (size: 3.1 KiB, free: 434.4 MiB)
[2024-12-09T19:46:43.341+0000] {spark_submit.py:634} INFO - 24/12/09 19:46:43 INFO MapOutputTrackerMasterEndpoint: Asked to send map output locations for shuffle 0 to 172.20.0.7:56036
[2024-12-09T19:46:43.497+0000] {spark_submit.py:634} INFO - 24/12/09 19:46:43 INFO TaskSetManager: Finished task 1.0 in stage 1.0 (TID 3) in 280 ms on 172.20.0.7 (executor 0) (1/2)
[2024-12-09T19:46:43.498+0000] {spark_submit.py:634} INFO - 24/12/09 19:46:43 INFO TaskSetManager: Finished task 0.0 in stage 1.0 (TID 2) in 289 ms on 172.20.0.7 (executor 0) (2/2)
[2024-12-09T19:46:43.500+0000] {spark_submit.py:634} INFO - 24/12/09 19:46:43 INFO TaskSchedulerImpl: Removed TaskSet 1.0, whose tasks have all completed, from pool
[2024-12-09T19:46:43.502+0000] {spark_submit.py:634} INFO - 24/12/09 19:46:43 INFO DAGScheduler: ResultStage 1 (collect at wordcount.scala:14) finished in 0.321 s
[2024-12-09T19:46:43.507+0000] {spark_submit.py:634} INFO - 24/12/09 19:46:43 INFO DAGScheduler: Job 0 is finished. Cancelling potential speculative or zombie tasks for this job
[2024-12-09T19:46:43.508+0000] {spark_submit.py:634} INFO - 24/12/09 19:46:43 INFO TaskSchedulerImpl: Killing all running tasks in stage 1: Stage finished
[2024-12-09T19:46:43.512+0000] {spark_submit.py:634} INFO - 24/12/09 19:46:43 INFO DAGScheduler: Job 0 finished: collect at wordcount.scala:14, took 8.998791 s
[2024-12-09T19:46:43.522+0000] {spark_submit.py:634} INFO - (Hello,5)
[2024-12-09T19:46:43.523+0000] {spark_submit.py:634} INFO - (Yusuf,1)
[2024-12-09T19:46:43.523+0000] {spark_submit.py:634} INFO - (World,1)
[2024-12-09T19:46:43.524+0000] {spark_submit.py:634} INFO - (Scala,1)
[2024-12-09T19:46:43.524+0000] {spark_submit.py:634} INFO - (Docker,1)
[2024-12-09T19:46:43.524+0000] {spark_submit.py:634} INFO - (spark,1)
[2024-12-09T19:46:43.525+0000] {spark_submit.py:634} INFO - 24/12/09 19:46:43 INFO SparkContext: SparkContext is stopping with exitCode 0.
[2024-12-09T19:46:43.536+0000] {spark_submit.py:634} INFO - 24/12/09 19:46:43 INFO SparkUI: Stopped Spark web UI at http://0f591f475d73:4041
[2024-12-09T19:46:43.541+0000] {spark_submit.py:634} INFO - 24/12/09 19:46:43 INFO StandaloneSchedulerBackend: Shutting down all executors
[2024-12-09T19:46:43.542+0000] {spark_submit.py:634} INFO - 24/12/09 19:46:43 INFO StandaloneSchedulerBackend$StandaloneDriverEndpoint: Asking each executor to shut down
[2024-12-09T19:46:43.572+0000] {spark_submit.py:634} INFO - 24/12/09 19:46:43 INFO MapOutputTrackerMasterEndpoint: MapOutputTrackerMasterEndpoint stopped!
[2024-12-09T19:46:43.604+0000] {spark_submit.py:634} INFO - 24/12/09 19:46:43 INFO MemoryStore: MemoryStore cleared
[2024-12-09T19:46:43.605+0000] {spark_submit.py:634} INFO - 24/12/09 19:46:43 INFO BlockManager: BlockManager stopped
[2024-12-09T19:46:43.627+0000] {spark_submit.py:634} INFO - 24/12/09 19:46:43 INFO BlockManagerMaster: BlockManagerMaster stopped
[2024-12-09T19:46:43.630+0000] {spark_submit.py:634} INFO - 24/12/09 19:46:43 INFO OutputCommitCoordinator$OutputCommitCoordinatorEndpoint: OutputCommitCoordinator stopped!
[2024-12-09T19:46:43.647+0000] {spark_submit.py:634} INFO - 24/12/09 19:46:43 INFO SparkContext: Successfully stopped SparkContext
[2024-12-09T19:46:43.651+0000] {spark_submit.py:634} INFO - 24/12/09 19:46:43 INFO ShutdownHookManager: Shutdown hook called
[2024-12-09T19:46:43.652+0000] {spark_submit.py:634} INFO - 24/12/09 19:46:43 INFO ShutdownHookManager: Deleting directory /tmp/spark-d111098f-c12f-4104-9f21-d905fd79cb68
[2024-12-09T19:46:43.657+0000] {spark_submit.py:634} INFO - 24/12/09 19:46:43 INFO ShutdownHookManager: Deleting directory /tmp/spark-9ac4d510-25a7-4315-bf4e-9d46aea54952
[2024-12-09T19:46:43.839+0000] {taskinstance.py:340} INFO - ::group::Post task execution logs
[2024-12-09T19:46:43.841+0000] {taskinstance.py:352} INFO - Marking task as SUCCESS. dag_id=sparking_flow, task_id=scala_job, run_id=manual__2024-12-09T19:46:19.480018+00:00, execution_date=20241209T194619, start_date=20241209T194622, end_date=20241209T194643
[2024-12-09T19:46:43.878+0000] {local_task_job_runner.py:266} INFO - Task exited with return code 0
[2024-12-09T19:46:43.910+0000] {taskinstance.py:3895} INFO - 0 downstream tasks scheduled from follow-on schedule check
[2024-12-09T19:46:43.915+0000] {local_task_job_runner.py:245} INFO - ::endgroup::
