[2024-12-09T15:32:46.880+0000] {local_task_job_runner.py:123} INFO - ::group::Pre task execution logs
[2024-12-09T15:32:46.903+0000] {taskinstance.py:2613} INFO - Dependencies all met for dep_context=non-requeueable deps ti=<TaskInstance: sparking_flow.python_job manual__2024-12-09T15:32:44.809349+00:00 [queued]>
[2024-12-09T15:32:46.913+0000] {taskinstance.py:2613} INFO - Dependencies all met for dep_context=requeueable deps ti=<TaskInstance: sparking_flow.python_job manual__2024-12-09T15:32:44.809349+00:00 [queued]>
[2024-12-09T15:32:46.914+0000] {taskinstance.py:2866} INFO - Starting attempt 1 of 1
[2024-12-09T15:32:46.927+0000] {taskinstance.py:2889} INFO - Executing <Task(SparkSubmitOperator): python_job> on 2024-12-09 15:32:44.809349+00:00
[2024-12-09T15:32:46.938+0000] {logging_mixin.py:190} WARNING - /home/***/.local/lib/python3.12/site-packages/***/task/task_runner/standard_task_runner.py:70 DeprecationWarning: This process (pid=205) is multi-threaded, use of fork() may lead to deadlocks in the child.
[2024-12-09T15:32:46.940+0000] {standard_task_runner.py:72} INFO - Started process 209 to run task
[2024-12-09T15:32:46.937+0000] {standard_task_runner.py:104} INFO - Running: ['***', 'tasks', 'run', 'sparking_flow', 'python_job', 'manual__2024-12-09T15:32:44.809349+00:00', '--job-id', '532', '--raw', '--subdir', 'DAGS_FOLDER/spark_***.py', '--cfg-path', '/tmp/tmp31v1l0l4']
[2024-12-09T15:32:46.942+0000] {standard_task_runner.py:105} INFO - Job 532: Subtask python_job
[2024-12-09T15:32:47.045+0000] {task_command.py:467} INFO - Running <TaskInstance: sparking_flow.python_job manual__2024-12-09T15:32:44.809349+00:00 [running]> on host 2a892a3469ec
[2024-12-09T15:32:47.232+0000] {taskinstance.py:3132} INFO - Exporting env vars: AIRFLOW_CTX_DAG_OWNER='Yusuf Ganiyu' AIRFLOW_CTX_DAG_ID='sparking_flow' AIRFLOW_CTX_TASK_ID='python_job' AIRFLOW_CTX_EXECUTION_DATE='2024-12-09T15:32:44.809349+00:00' AIRFLOW_CTX_TRY_NUMBER='1' AIRFLOW_CTX_DAG_RUN_ID='manual__2024-12-09T15:32:44.809349+00:00'
[2024-12-09T15:32:47.236+0000] {taskinstance.py:731} INFO - ::endgroup::
[2024-12-09T15:32:47.276+0000] {base.py:84} INFO - Retrieving connection 'spark-conn'
[2024-12-09T15:32:47.279+0000] {spark_submit.py:473} INFO - Spark-Submit cmd: spark-submit --master spark://sparkingflow-spark-master-1:7077 --name arrow-spark --deploy-mode client jobs/python/wordcountjob.py
[2024-12-09T15:32:54.842+0000] {spark_submit.py:634} INFO - Downloading to: /tmp/tmprk63np6a/test1234.csv
[2024-12-09T15:32:55.431+0000] {spark_submit.py:634} INFO - 24/12/09 15:32:55 INFO SparkContext: Running Spark version 3.5.3
[2024-12-09T15:32:55.441+0000] {spark_submit.py:634} INFO - 24/12/09 15:32:55 INFO SparkContext: OS info Linux, 6.10.14-linuxkit, aarch64
[2024-12-09T15:32:55.442+0000] {spark_submit.py:634} INFO - 24/12/09 15:32:55 INFO SparkContext: Java version 17.0.13
[2024-12-09T15:32:55.672+0000] {spark_submit.py:634} INFO - 24/12/09 15:32:55 WARN NativeCodeLoader: Unable to load native-hadoop library for your platform... using builtin-java classes where applicable
[2024-12-09T15:32:55.981+0000] {spark_submit.py:634} INFO - 24/12/09 15:32:55 INFO ResourceUtils: ==============================================================
[2024-12-09T15:32:55.983+0000] {spark_submit.py:634} INFO - 24/12/09 15:32:55 INFO ResourceUtils: No custom resources configured for spark.driver.
[2024-12-09T15:32:55.986+0000] {spark_submit.py:634} INFO - 24/12/09 15:32:55 INFO ResourceUtils: ==============================================================
[2024-12-09T15:32:55.989+0000] {spark_submit.py:634} INFO - 24/12/09 15:32:55 INFO SparkContext: Submitted application: CSVReadExample
[2024-12-09T15:32:56.048+0000] {spark_submit.py:634} INFO - 24/12/09 15:32:56 INFO ResourceProfile: Default ResourceProfile created, executor resources: Map(memory -> name: memory, amount: 1024, script: , vendor: , offHeap -> name: offHeap, amount: 0, script: , vendor: ), task resources: Map(cpus -> name: cpus, amount: 1.0)
[2024-12-09T15:32:56.061+0000] {spark_submit.py:634} INFO - 24/12/09 15:32:56 INFO ResourceProfile: Limiting resource is cpu
[2024-12-09T15:32:56.068+0000] {spark_submit.py:634} INFO - 24/12/09 15:32:56 INFO ResourceProfileManager: Added ResourceProfile id: 0
[2024-12-09T15:32:56.175+0000] {spark_submit.py:634} INFO - 24/12/09 15:32:56 INFO SecurityManager: Changing view acls to: ***
[2024-12-09T15:32:56.176+0000] {spark_submit.py:634} INFO - 24/12/09 15:32:56 INFO SecurityManager: Changing modify acls to: ***
[2024-12-09T15:32:56.180+0000] {spark_submit.py:634} INFO - 24/12/09 15:32:56 INFO SecurityManager: Changing view acls groups to:
[2024-12-09T15:32:56.181+0000] {spark_submit.py:634} INFO - 24/12/09 15:32:56 INFO SecurityManager: Changing modify acls groups to:
[2024-12-09T15:32:56.182+0000] {spark_submit.py:634} INFO - 24/12/09 15:32:56 INFO SecurityManager: SecurityManager: authentication disabled; ui acls disabled; users with view permissions: ***; groups with view permissions: EMPTY; users with modify permissions: ***; groups with modify permissions: EMPTY
[2024-12-09T15:32:57.030+0000] {spark_submit.py:634} INFO - 24/12/09 15:32:57 INFO Utils: Successfully started service 'sparkDriver' on port 37329.
[2024-12-09T15:32:57.150+0000] {spark_submit.py:634} INFO - 24/12/09 15:32:57 INFO SparkEnv: Registering MapOutputTracker
[2024-12-09T15:32:57.372+0000] {spark_submit.py:634} INFO - 24/12/09 15:32:57 INFO SparkEnv: Registering BlockManagerMaster
[2024-12-09T15:32:57.465+0000] {spark_submit.py:634} INFO - 24/12/09 15:32:57 INFO BlockManagerMasterEndpoint: Using org.apache.spark.storage.DefaultTopologyMapper for getting topology information
[2024-12-09T15:32:57.483+0000] {spark_submit.py:634} INFO - 24/12/09 15:32:57 INFO BlockManagerMasterEndpoint: BlockManagerMasterEndpoint up
[2024-12-09T15:32:57.507+0000] {spark_submit.py:634} INFO - 24/12/09 15:32:57 INFO SparkEnv: Registering BlockManagerMasterHeartbeat
[2024-12-09T15:32:57.665+0000] {spark_submit.py:634} INFO - 24/12/09 15:32:57 INFO DiskBlockManager: Created local directory at /tmp/blockmgr-e2cd3f2f-0d1e-4c75-9511-3fdc1460e2c1
[2024-12-09T15:32:57.716+0000] {spark_submit.py:634} INFO - 24/12/09 15:32:57 INFO MemoryStore: MemoryStore started with capacity 434.4 MiB
[2024-12-09T15:32:57.815+0000] {spark_submit.py:634} INFO - 24/12/09 15:32:57 INFO SparkEnv: Registering OutputCommitCoordinator
[2024-12-09T15:32:58.359+0000] {spark_submit.py:634} INFO - 24/12/09 15:32:58 INFO JettyUtils: Start Jetty 0.0.0.0:4040 for SparkUI
[2024-12-09T15:32:58.499+0000] {spark_submit.py:634} INFO - 24/12/09 15:32:58 WARN Utils: Service 'SparkUI' could not bind on port 4040. Attempting port 4041.
[2024-12-09T15:32:58.517+0000] {spark_submit.py:634} INFO - 24/12/09 15:32:58 WARN Utils: Service 'SparkUI' could not bind on port 4041. Attempting port 4042.
[2024-12-09T15:32:58.620+0000] {spark_submit.py:634} INFO - 24/12/09 15:32:58 INFO Utils: Successfully started service 'SparkUI' on port 4042.
[2024-12-09T15:32:59.229+0000] {spark_submit.py:634} INFO - 24/12/09 15:32:59 INFO StandaloneAppClient$ClientEndpoint: Connecting to master spark://sparkingflow-spark-master-1:7077...
[2024-12-09T15:32:59.374+0000] {spark_submit.py:634} INFO - 24/12/09 15:32:59 INFO TransportClientFactory: Successfully created connection to sparkingflow-spark-master-1/172.18.0.5:7077 after 69 ms (0 ms spent in bootstraps)
[2024-12-09T15:32:59.719+0000] {spark_submit.py:634} INFO - 24/12/09 15:32:59 INFO StandaloneSchedulerBackend: Connected to Spark cluster with app ID app-20241209153259-0001
[2024-12-09T15:32:59.782+0000] {spark_submit.py:634} INFO - 24/12/09 15:32:59 INFO Utils: Successfully started service 'org.apache.spark.network.netty.NettyBlockTransferService' on port 32895.
[2024-12-09T15:32:59.784+0000] {spark_submit.py:634} INFO - 24/12/09 15:32:59 INFO NettyBlockTransferService: Server created on 2a892a3469ec:32895
[2024-12-09T15:32:59.786+0000] {spark_submit.py:634} INFO - 24/12/09 15:32:59 INFO BlockManager: Using org.apache.spark.storage.RandomBlockReplicationPolicy for block replication policy
[2024-12-09T15:32:59.810+0000] {spark_submit.py:634} INFO - 24/12/09 15:32:59 INFO BlockManagerMaster: Registering BlockManager BlockManagerId(driver, 2a892a3469ec, 32895, None)
[2024-12-09T15:32:59.842+0000] {spark_submit.py:634} INFO - 24/12/09 15:32:59 INFO BlockManagerMasterEndpoint: Registering block manager 2a892a3469ec:32895 with 434.4 MiB RAM, BlockManagerId(driver, 2a892a3469ec, 32895, None)
[2024-12-09T15:32:59.852+0000] {spark_submit.py:634} INFO - 24/12/09 15:32:59 INFO BlockManagerMaster: Registered BlockManager BlockManagerId(driver, 2a892a3469ec, 32895, None)
[2024-12-09T15:32:59.859+0000] {spark_submit.py:634} INFO - 24/12/09 15:32:59 INFO BlockManager: Initialized BlockManager: BlockManagerId(driver, 2a892a3469ec, 32895, None)
[2024-12-09T15:33:00.340+0000] {spark_submit.py:634} INFO - 24/12/09 15:33:00 INFO StandaloneSchedulerBackend: SchedulerBackend is ready for scheduling beginning after reached minRegisteredResourcesRatio: 0.0
[2024-12-09T15:33:00.752+0000] {spark_submit.py:634} INFO - 24/12/09 15:33:00 INFO SparkContext: Added file /tmp/tmprk63np6a/test1234.csv at spark://2a892a3469ec:37329/files/test1234.csv with timestamp 1733758380751
[2024-12-09T15:33:00.756+0000] {spark_submit.py:634} INFO - 24/12/09 15:33:00 INFO Utils: Copying /tmp/tmprk63np6a/test1234.csv to /tmp/spark-9f76ba30-1057-4fd3-85e1-c60f6ad31926/userFiles-6bc6a6bf-0603-4db3-ab1f-100c2213ea68/test1234.csv
[2024-12-09T15:33:00.782+0000] {spark_submit.py:634} INFO - Local File Path: /tmp/tmprk63np6a/test1234.csv
[2024-12-09T15:33:00.784+0000] {spark_submit.py:634} INFO - Distributed File Path: /tmp/spark-9f76ba30-1057-4fd3-85e1-c60f6ad31926/userFiles-6bc6a6bf-0603-4db3-ab1f-100c2213ea68/test1234.csv
[2024-12-09T15:33:00.794+0000] {spark_submit.py:634} INFO - 24/12/09 15:33:00 INFO SharedState: Setting hive.metastore.warehouse.dir ('null') to the value of spark.sql.warehouse.dir.
[2024-12-09T15:33:00.797+0000] {spark_submit.py:634} INFO - 24/12/09 15:33:00 INFO SharedState: Warehouse path is 'file:/opt/***/spark-warehouse'.
[2024-12-09T15:33:02.340+0000] {spark_submit.py:634} INFO - 24/12/09 15:33:02 INFO InMemoryFileIndex: It took 77 ms to list leaf files for 1 paths.
[2024-12-09T15:33:04.462+0000] {spark_submit.py:634} INFO - 24/12/09 15:33:04 INFO FileSourceStrategy: Pushed Filters:
[2024-12-09T15:33:04.465+0000] {spark_submit.py:634} INFO - 24/12/09 15:33:04 INFO FileSourceStrategy: Post-Scan Filters:
[2024-12-09T15:33:04.774+0000] {spark_submit.py:634} INFO - 24/12/09 15:33:04 INFO StandaloneAppClient$ClientEndpoint: Executor added: app-20241209153259-0001/0 on worker-20241209153008-172.18.0.7-39907 (172.18.0.7:39907) with 2 core(s)
[2024-12-09T15:33:04.785+0000] {spark_submit.py:634} INFO - 24/12/09 15:33:04 INFO StandaloneSchedulerBackend: Granted executor ID app-20241209153259-0001/0 on hostPort 172.18.0.7:39907 with 2 core(s), 1024.0 MiB RAM
[2024-12-09T15:33:04.969+0000] {spark_submit.py:634} INFO - 24/12/09 15:33:04 INFO StandaloneAppClient$ClientEndpoint: Executor updated: app-20241209153259-0001/0 is now RUNNING
[2024-12-09T15:33:05.895+0000] {spark_submit.py:634} INFO - 24/12/09 15:33:05 INFO CodeGenerator: Code generated in 347.598042 ms
[2024-12-09T15:33:05.979+0000] {spark_submit.py:634} INFO - 24/12/09 15:33:05 INFO MemoryStore: Block broadcast_0 stored as values in memory (estimated size 199.4 KiB, free 434.2 MiB)
[2024-12-09T15:33:06.084+0000] {spark_submit.py:634} INFO - 24/12/09 15:33:06 INFO MemoryStore: Block broadcast_0_piece0 stored as bytes in memory (estimated size 34.3 KiB, free 434.2 MiB)
[2024-12-09T15:33:06.089+0000] {spark_submit.py:634} INFO - 24/12/09 15:33:06 INFO BlockManagerInfo: Added broadcast_0_piece0 in memory on 2a892a3469ec:32895 (size: 34.3 KiB, free: 434.4 MiB)
[2024-12-09T15:33:06.101+0000] {spark_submit.py:634} INFO - 24/12/09 15:33:06 INFO SparkContext: Created broadcast 0 from showString at NativeMethodAccessorImpl.java:0
[2024-12-09T15:33:06.124+0000] {spark_submit.py:634} INFO - 24/12/09 15:33:06 INFO FileSourceScanExec: Planning scan with bin packing, max size: 4194304 bytes, open cost is considered as scanning 4194304 bytes.
[2024-12-09T15:33:06.379+0000] {spark_submit.py:634} INFO - 24/12/09 15:33:06 INFO SparkContext: Starting job: showString at NativeMethodAccessorImpl.java:0
[2024-12-09T15:33:06.416+0000] {spark_submit.py:634} INFO - 24/12/09 15:33:06 INFO DAGScheduler: Got job 0 (showString at NativeMethodAccessorImpl.java:0) with 1 output partitions
[2024-12-09T15:33:06.417+0000] {spark_submit.py:634} INFO - 24/12/09 15:33:06 INFO DAGScheduler: Final stage: ResultStage 0 (showString at NativeMethodAccessorImpl.java:0)
[2024-12-09T15:33:06.417+0000] {spark_submit.py:634} INFO - 24/12/09 15:33:06 INFO DAGScheduler: Parents of final stage: List()
[2024-12-09T15:33:06.418+0000] {spark_submit.py:634} INFO - 24/12/09 15:33:06 INFO DAGScheduler: Missing parents: List()
[2024-12-09T15:33:06.424+0000] {spark_submit.py:634} INFO - 24/12/09 15:33:06 INFO DAGScheduler: Submitting ResultStage 0 (MapPartitionsRDD[3] at showString at NativeMethodAccessorImpl.java:0), which has no missing parents
[2024-12-09T15:33:06.560+0000] {spark_submit.py:634} INFO - 24/12/09 15:33:06 INFO MemoryStore: Block broadcast_1 stored as values in memory (estimated size 12.8 KiB, free 434.2 MiB)
[2024-12-09T15:33:06.563+0000] {spark_submit.py:634} INFO - 24/12/09 15:33:06 INFO MemoryStore: Block broadcast_1_piece0 stored as bytes in memory (estimated size 6.1 KiB, free 434.2 MiB)
[2024-12-09T15:33:06.564+0000] {spark_submit.py:634} INFO - 24/12/09 15:33:06 INFO BlockManagerInfo: Added broadcast_1_piece0 in memory on 2a892a3469ec:32895 (size: 6.1 KiB, free: 434.4 MiB)
[2024-12-09T15:33:06.568+0000] {spark_submit.py:634} INFO - 24/12/09 15:33:06 INFO SparkContext: Created broadcast 1 from broadcast at DAGScheduler.scala:1585
[2024-12-09T15:33:06.603+0000] {spark_submit.py:634} INFO - 24/12/09 15:33:06 INFO DAGScheduler: Submitting 1 missing tasks from ResultStage 0 (MapPartitionsRDD[3] at showString at NativeMethodAccessorImpl.java:0) (first 15 tasks are for partitions Vector(0))
[2024-12-09T15:33:06.606+0000] {spark_submit.py:634} INFO - 24/12/09 15:33:06 INFO TaskSchedulerImpl: Adding task set 0.0 with 1 tasks resource profile 0
[2024-12-09T15:33:08.785+0000] {spark_submit.py:634} INFO - 24/12/09 15:33:08 INFO StandaloneSchedulerBackend$StandaloneDriverEndpoint: Registered executor NettyRpcEndpointRef(spark-client://Executor) (172.18.0.7:60844) with ID 0,  ResourceProfileId 0
[2024-12-09T15:33:08.867+0000] {spark_submit.py:634} INFO - 24/12/09 15:33:08 INFO BlockManagerMasterEndpoint: Registering block manager 172.18.0.7:38603 with 434.4 MiB RAM, BlockManagerId(0, 172.18.0.7, 38603, None)
[2024-12-09T15:33:08.944+0000] {spark_submit.py:634} INFO - 24/12/09 15:33:08 INFO TaskSetManager: Starting task 0.0 in stage 0.0 (TID 0) (172.18.0.7, executor 0, partition 0, PROCESS_LOCAL, 9774 bytes)
[2024-12-09T15:33:09.380+0000] {spark_submit.py:634} INFO - 24/12/09 15:33:09 INFO BlockManagerInfo: Added broadcast_1_piece0 in memory on 172.18.0.7:38603 (size: 6.1 KiB, free: 434.4 MiB)
[2024-12-09T15:33:10.504+0000] {spark_submit.py:634} INFO - 24/12/09 15:33:10 INFO BlockManagerInfo: Added broadcast_0_piece0 in memory on 172.18.0.7:38603 (size: 34.3 KiB, free: 434.4 MiB)
[2024-12-09T15:33:11.551+0000] {spark_submit.py:634} INFO - 24/12/09 15:33:11 WARN TaskSetManager: Lost task 0.0 in stage 0.0 (TID 0) (172.18.0.7 executor 0): org.apache.spark.SparkFileNotFoundException: File file:/tmp/tmprk63np6a/test1234.csv does not exist
[2024-12-09T15:33:11.555+0000] {spark_submit.py:634} INFO - It is possible the underlying files have been updated. You can explicitly invalidate the cache in Spark by running 'REFRESH TABLE tableName' command in SQL or by recreating the Dataset/DataFrame involved.
[2024-12-09T15:33:11.556+0000] {spark_submit.py:634} INFO - at org.apache.spark.sql.errors.QueryExecutionErrors$.readCurrentFileNotFoundError(QueryExecutionErrors.scala:781)
[2024-12-09T15:33:11.557+0000] {spark_submit.py:634} INFO - at org.apache.spark.sql.execution.datasources.FileScanRDD$$anon$1.org$apache$spark$sql$execution$datasources$FileScanRDD$$anon$$readCurrentFile(FileScanRDD.scala:220)
[2024-12-09T15:33:11.557+0000] {spark_submit.py:634} INFO - at org.apache.spark.sql.execution.datasources.FileScanRDD$$anon$1.nextIterator(FileScanRDD.scala:279)
[2024-12-09T15:33:11.558+0000] {spark_submit.py:634} INFO - at org.apache.spark.sql.execution.datasources.FileScanRDD$$anon$1.hasNext(FileScanRDD.scala:129)
[2024-12-09T15:33:11.558+0000] {spark_submit.py:634} INFO - at scala.collection.Iterator$$anon$10.hasNext(Iterator.scala:460)
[2024-12-09T15:33:11.559+0000] {spark_submit.py:634} INFO - at org.apache.spark.sql.catalyst.expressions.GeneratedClass$GeneratedIteratorForCodegenStage1.processNext(Unknown Source)
[2024-12-09T15:33:11.560+0000] {spark_submit.py:634} INFO - at org.apache.spark.sql.execution.BufferedRowIterator.hasNext(BufferedRowIterator.java:43)
[2024-12-09T15:33:11.561+0000] {spark_submit.py:634} INFO - at org.apache.spark.sql.execution.WholeStageCodegenEvaluatorFactory$WholeStageCodegenPartitionEvaluator$$anon$1.hasNext(WholeStageCodegenEvaluatorFactory.scala:43)
[2024-12-09T15:33:11.562+0000] {spark_submit.py:634} INFO - at org.apache.spark.sql.execution.SparkPlan.$anonfun$getByteArrayRdd$1(SparkPlan.scala:388)
[2024-12-09T15:33:11.562+0000] {spark_submit.py:634} INFO - at org.apache.spark.rdd.RDD.$anonfun$mapPartitionsInternal$2(RDD.scala:893)
[2024-12-09T15:33:11.563+0000] {spark_submit.py:634} INFO - at org.apache.spark.rdd.RDD.$anonfun$mapPartitionsInternal$2$adapted(RDD.scala:893)
[2024-12-09T15:33:11.563+0000] {spark_submit.py:634} INFO - at org.apache.spark.rdd.MapPartitionsRDD.compute(MapPartitionsRDD.scala:52)
[2024-12-09T15:33:11.564+0000] {spark_submit.py:634} INFO - at org.apache.spark.rdd.RDD.computeOrReadCheckpoint(RDD.scala:367)
[2024-12-09T15:33:11.565+0000] {spark_submit.py:634} INFO - at org.apache.spark.rdd.RDD.iterator(RDD.scala:331)
[2024-12-09T15:33:11.570+0000] {spark_submit.py:634} INFO - at org.apache.spark.scheduler.ResultTask.runTask(ResultTask.scala:93)
[2024-12-09T15:33:11.585+0000] {spark_submit.py:634} INFO - at org.apache.spark.TaskContext.runTaskWithListeners(TaskContext.scala:166)
[2024-12-09T15:33:11.587+0000] {spark_submit.py:634} INFO - at org.apache.spark.scheduler.Task.run(Task.scala:141)
[2024-12-09T15:33:11.589+0000] {spark_submit.py:634} INFO - at org.apache.spark.executor.Executor$TaskRunner.$anonfun$run$4(Executor.scala:620)
[2024-12-09T15:33:11.590+0000] {spark_submit.py:634} INFO - at org.apache.spark.util.SparkErrorUtils.tryWithSafeFinally(SparkErrorUtils.scala:64)
[2024-12-09T15:33:11.591+0000] {spark_submit.py:634} INFO - at org.apache.spark.util.SparkErrorUtils.tryWithSafeFinally$(SparkErrorUtils.scala:61)
[2024-12-09T15:33:11.592+0000] {spark_submit.py:634} INFO - at org.apache.spark.util.Utils$.tryWithSafeFinally(Utils.scala:94)
[2024-12-09T15:33:11.592+0000] {spark_submit.py:634} INFO - at org.apache.spark.executor.Executor$TaskRunner.run(Executor.scala:623)
[2024-12-09T15:33:11.593+0000] {spark_submit.py:634} INFO - at java.base/java.util.concurrent.ThreadPoolExecutor.runWorker(ThreadPoolExecutor.java:1136)
[2024-12-09T15:33:11.595+0000] {spark_submit.py:634} INFO - at java.base/java.util.concurrent.ThreadPoolExecutor$Worker.run(ThreadPoolExecutor.java:635)
[2024-12-09T15:33:11.597+0000] {spark_submit.py:634} INFO - at java.base/java.lang.Thread.run(Thread.java:840)
[2024-12-09T15:33:11.597+0000] {spark_submit.py:634} INFO - 
[2024-12-09T15:33:11.599+0000] {spark_submit.py:634} INFO - 24/12/09 15:33:11 INFO TaskSetManager: Starting task 0.1 in stage 0.0 (TID 1) (172.18.0.7, executor 0, partition 0, PROCESS_LOCAL, 9774 bytes)
[2024-12-09T15:33:11.671+0000] {spark_submit.py:634} INFO - 24/12/09 15:33:11 INFO TaskSetManager: Lost task 0.1 in stage 0.0 (TID 1) on 172.18.0.7, executor 0: org.apache.spark.SparkFileNotFoundException (File file:/tmp/tmprk63np6a/test1234.csv does not exist
[2024-12-09T15:33:11.672+0000] {spark_submit.py:634} INFO - It is possible the underlying files have been updated. You can explicitly invalidate the cache in Spark by running 'REFRESH TABLE tableName' command in SQL or by recreating the Dataset/DataFrame involved.) [duplicate 1]
[2024-12-09T15:33:11.675+0000] {spark_submit.py:634} INFO - 24/12/09 15:33:11 INFO TaskSetManager: Starting task 0.2 in stage 0.0 (TID 2) (172.18.0.7, executor 0, partition 0, PROCESS_LOCAL, 9774 bytes)
[2024-12-09T15:33:11.720+0000] {spark_submit.py:634} INFO - 24/12/09 15:33:11 INFO TaskSetManager: Lost task 0.2 in stage 0.0 (TID 2) on 172.18.0.7, executor 0: org.apache.spark.SparkFileNotFoundException (File file:/tmp/tmprk63np6a/test1234.csv does not exist
[2024-12-09T15:33:11.721+0000] {spark_submit.py:634} INFO - It is possible the underlying files have been updated. You can explicitly invalidate the cache in Spark by running 'REFRESH TABLE tableName' command in SQL or by recreating the Dataset/DataFrame involved.) [duplicate 2]
[2024-12-09T15:33:11.726+0000] {spark_submit.py:634} INFO - 24/12/09 15:33:11 INFO TaskSetManager: Starting task 0.3 in stage 0.0 (TID 3) (172.18.0.7, executor 0, partition 0, PROCESS_LOCAL, 9774 bytes)
[2024-12-09T15:33:11.772+0000] {spark_submit.py:634} INFO - 24/12/09 15:33:11 INFO TaskSetManager: Lost task 0.3 in stage 0.0 (TID 3) on 172.18.0.7, executor 0: org.apache.spark.SparkFileNotFoundException (File file:/tmp/tmprk63np6a/test1234.csv does not exist
[2024-12-09T15:33:11.774+0000] {spark_submit.py:634} INFO - It is possible the underlying files have been updated. You can explicitly invalidate the cache in Spark by running 'REFRESH TABLE tableName' command in SQL or by recreating the Dataset/DataFrame involved.) [duplicate 3]
[2024-12-09T15:33:11.776+0000] {spark_submit.py:634} INFO - 24/12/09 15:33:11 ERROR TaskSetManager: Task 0 in stage 0.0 failed 4 times; aborting job
[2024-12-09T15:33:11.778+0000] {spark_submit.py:634} INFO - 24/12/09 15:33:11 INFO TaskSchedulerImpl: Removed TaskSet 0.0, whose tasks have all completed, from pool
[2024-12-09T15:33:11.780+0000] {spark_submit.py:634} INFO - 24/12/09 15:33:11 INFO TaskSchedulerImpl: Cancelling stage 0
[2024-12-09T15:33:11.780+0000] {spark_submit.py:634} INFO - 24/12/09 15:33:11 INFO TaskSchedulerImpl: Killing all running tasks in stage 0: Stage cancelled: Job aborted due to stage failure: Task 0 in stage 0.0 failed 4 times, most recent failure: Lost task 0.3 in stage 0.0 (TID 3) (172.18.0.7 executor 0): org.apache.spark.SparkFileNotFoundException: File file:/tmp/tmprk63np6a/test1234.csv does not exist
[2024-12-09T15:33:11.781+0000] {spark_submit.py:634} INFO - It is possible the underlying files have been updated. You can explicitly invalidate the cache in Spark by running 'REFRESH TABLE tableName' command in SQL or by recreating the Dataset/DataFrame involved.
[2024-12-09T15:33:11.782+0000] {spark_submit.py:634} INFO - at org.apache.spark.sql.errors.QueryExecutionErrors$.readCurrentFileNotFoundError(QueryExecutionErrors.scala:781)
[2024-12-09T15:33:11.782+0000] {spark_submit.py:634} INFO - at org.apache.spark.sql.execution.datasources.FileScanRDD$$anon$1.org$apache$spark$sql$execution$datasources$FileScanRDD$$anon$$readCurrentFile(FileScanRDD.scala:220)
[2024-12-09T15:33:11.782+0000] {spark_submit.py:634} INFO - at org.apache.spark.sql.execution.datasources.FileScanRDD$$anon$1.nextIterator(FileScanRDD.scala:279)
[2024-12-09T15:33:11.783+0000] {spark_submit.py:634} INFO - at org.apache.spark.sql.execution.datasources.FileScanRDD$$anon$1.hasNext(FileScanRDD.scala:129)
[2024-12-09T15:33:11.783+0000] {spark_submit.py:634} INFO - at scala.collection.Iterator$$anon$10.hasNext(Iterator.scala:460)
[2024-12-09T15:33:11.783+0000] {spark_submit.py:634} INFO - at org.apache.spark.sql.catalyst.expressions.GeneratedClass$GeneratedIteratorForCodegenStage1.processNext(Unknown Source)
[2024-12-09T15:33:11.784+0000] {spark_submit.py:634} INFO - at org.apache.spark.sql.execution.BufferedRowIterator.hasNext(BufferedRowIterator.java:43)
[2024-12-09T15:33:11.785+0000] {spark_submit.py:634} INFO - at org.apache.spark.sql.execution.WholeStageCodegenEvaluatorFactory$WholeStageCodegenPartitionEvaluator$$anon$1.hasNext(WholeStageCodegenEvaluatorFactory.scala:43)
[2024-12-09T15:33:11.786+0000] {spark_submit.py:634} INFO - at org.apache.spark.sql.execution.SparkPlan.$anonfun$getByteArrayRdd$1(SparkPlan.scala:388)
[2024-12-09T15:33:11.786+0000] {spark_submit.py:634} INFO - at org.apache.spark.rdd.RDD.$anonfun$mapPartitionsInternal$2(RDD.scala:893)
[2024-12-09T15:33:11.787+0000] {spark_submit.py:634} INFO - at org.apache.spark.rdd.RDD.$anonfun$mapPartitionsInternal$2$adapted(RDD.scala:893)
[2024-12-09T15:33:11.788+0000] {spark_submit.py:634} INFO - at org.apache.spark.rdd.MapPartitionsRDD.compute(MapPartitionsRDD.scala:52)
[2024-12-09T15:33:11.791+0000] {spark_submit.py:634} INFO - at org.apache.spark.rdd.RDD.computeOrReadCheckpoint(RDD.scala:367)
[2024-12-09T15:33:11.792+0000] {spark_submit.py:634} INFO - at org.apache.spark.rdd.RDD.iterator(RDD.scala:331)
[2024-12-09T15:33:11.793+0000] {spark_submit.py:634} INFO - at org.apache.spark.scheduler.ResultTask.runTask(ResultTask.scala:93)
[2024-12-09T15:33:11.794+0000] {spark_submit.py:634} INFO - at org.apache.spark.TaskContext.runTaskWithListeners(TaskContext.scala:166)
[2024-12-09T15:33:11.795+0000] {spark_submit.py:634} INFO - at org.apache.spark.scheduler.Task.run(Task.scala:141)
[2024-12-09T15:33:11.798+0000] {spark_submit.py:634} INFO - at org.apache.spark.executor.Executor$TaskRunner.$anonfun$run$4(Executor.scala:620)
[2024-12-09T15:33:11.799+0000] {spark_submit.py:634} INFO - at org.apache.spark.util.SparkErrorUtils.tryWithSafeFinally(SparkErrorUtils.scala:64)
[2024-12-09T15:33:11.799+0000] {spark_submit.py:634} INFO - at org.apache.spark.util.SparkErrorUtils.tryWithSafeFinally$(SparkErrorUtils.scala:61)
[2024-12-09T15:33:11.799+0000] {spark_submit.py:634} INFO - at org.apache.spark.util.Utils$.tryWithSafeFinally(Utils.scala:94)
[2024-12-09T15:33:11.799+0000] {spark_submit.py:634} INFO - at org.apache.spark.executor.Executor$TaskRunner.run(Executor.scala:623)
[2024-12-09T15:33:11.800+0000] {spark_submit.py:634} INFO - at java.base/java.util.concurrent.ThreadPoolExecutor.runWorker(ThreadPoolExecutor.java:1136)
[2024-12-09T15:33:11.800+0000] {spark_submit.py:634} INFO - at java.base/java.util.concurrent.ThreadPoolExecutor$Worker.run(ThreadPoolExecutor.java:635)
[2024-12-09T15:33:11.800+0000] {spark_submit.py:634} INFO - at java.base/java.lang.Thread.run(Thread.java:840)
[2024-12-09T15:33:11.800+0000] {spark_submit.py:634} INFO - 
[2024-12-09T15:33:11.801+0000] {spark_submit.py:634} INFO - Driver stacktrace:
[2024-12-09T15:33:11.801+0000] {spark_submit.py:634} INFO - 24/12/09 15:33:11 INFO DAGScheduler: ResultStage 0 (showString at NativeMethodAccessorImpl.java:0) failed in 5.341 s due to Job aborted due to stage failure: Task 0 in stage 0.0 failed 4 times, most recent failure: Lost task 0.3 in stage 0.0 (TID 3) (172.18.0.7 executor 0): org.apache.spark.SparkFileNotFoundException: File file:/tmp/tmprk63np6a/test1234.csv does not exist
[2024-12-09T15:33:11.801+0000] {spark_submit.py:634} INFO - It is possible the underlying files have been updated. You can explicitly invalidate the cache in Spark by running 'REFRESH TABLE tableName' command in SQL or by recreating the Dataset/DataFrame involved.
[2024-12-09T15:33:11.802+0000] {spark_submit.py:634} INFO - at org.apache.spark.sql.errors.QueryExecutionErrors$.readCurrentFileNotFoundError(QueryExecutionErrors.scala:781)
[2024-12-09T15:33:11.802+0000] {spark_submit.py:634} INFO - at org.apache.spark.sql.execution.datasources.FileScanRDD$$anon$1.org$apache$spark$sql$execution$datasources$FileScanRDD$$anon$$readCurrentFile(FileScanRDD.scala:220)
[2024-12-09T15:33:11.803+0000] {spark_submit.py:634} INFO - at org.apache.spark.sql.execution.datasources.FileScanRDD$$anon$1.nextIterator(FileScanRDD.scala:279)
[2024-12-09T15:33:11.803+0000] {spark_submit.py:634} INFO - at org.apache.spark.sql.execution.datasources.FileScanRDD$$anon$1.hasNext(FileScanRDD.scala:129)
[2024-12-09T15:33:11.803+0000] {spark_submit.py:634} INFO - at scala.collection.Iterator$$anon$10.hasNext(Iterator.scala:460)
[2024-12-09T15:33:11.804+0000] {spark_submit.py:634} INFO - at org.apache.spark.sql.catalyst.expressions.GeneratedClass$GeneratedIteratorForCodegenStage1.processNext(Unknown Source)
[2024-12-09T15:33:11.804+0000] {spark_submit.py:634} INFO - at org.apache.spark.sql.execution.BufferedRowIterator.hasNext(BufferedRowIterator.java:43)
[2024-12-09T15:33:11.804+0000] {spark_submit.py:634} INFO - at org.apache.spark.sql.execution.WholeStageCodegenEvaluatorFactory$WholeStageCodegenPartitionEvaluator$$anon$1.hasNext(WholeStageCodegenEvaluatorFactory.scala:43)
[2024-12-09T15:33:11.805+0000] {spark_submit.py:634} INFO - at org.apache.spark.sql.execution.SparkPlan.$anonfun$getByteArrayRdd$1(SparkPlan.scala:388)
[2024-12-09T15:33:11.805+0000] {spark_submit.py:634} INFO - at org.apache.spark.rdd.RDD.$anonfun$mapPartitionsInternal$2(RDD.scala:893)
[2024-12-09T15:33:11.805+0000] {spark_submit.py:634} INFO - at org.apache.spark.rdd.RDD.$anonfun$mapPartitionsInternal$2$adapted(RDD.scala:893)
[2024-12-09T15:33:11.806+0000] {spark_submit.py:634} INFO - at org.apache.spark.rdd.MapPartitionsRDD.compute(MapPartitionsRDD.scala:52)
[2024-12-09T15:33:11.806+0000] {spark_submit.py:634} INFO - at org.apache.spark.rdd.RDD.computeOrReadCheckpoint(RDD.scala:367)
[2024-12-09T15:33:11.806+0000] {spark_submit.py:634} INFO - at org.apache.spark.rdd.RDD.iterator(RDD.scala:331)
[2024-12-09T15:33:11.807+0000] {spark_submit.py:634} INFO - at org.apache.spark.scheduler.ResultTask.runTask(ResultTask.scala:93)
[2024-12-09T15:33:11.807+0000] {spark_submit.py:634} INFO - at org.apache.spark.TaskContext.runTaskWithListeners(TaskContext.scala:166)
[2024-12-09T15:33:11.807+0000] {spark_submit.py:634} INFO - at org.apache.spark.scheduler.Task.run(Task.scala:141)
[2024-12-09T15:33:11.808+0000] {spark_submit.py:634} INFO - at org.apache.spark.executor.Executor$TaskRunner.$anonfun$run$4(Executor.scala:620)
[2024-12-09T15:33:11.808+0000] {spark_submit.py:634} INFO - at org.apache.spark.util.SparkErrorUtils.tryWithSafeFinally(SparkErrorUtils.scala:64)
[2024-12-09T15:33:11.808+0000] {spark_submit.py:634} INFO - at org.apache.spark.util.SparkErrorUtils.tryWithSafeFinally$(SparkErrorUtils.scala:61)
[2024-12-09T15:33:11.810+0000] {spark_submit.py:634} INFO - at org.apache.spark.util.Utils$.tryWithSafeFinally(Utils.scala:94)
[2024-12-09T15:33:11.813+0000] {spark_submit.py:634} INFO - at org.apache.spark.executor.Executor$TaskRunner.run(Executor.scala:623)
[2024-12-09T15:33:11.815+0000] {spark_submit.py:634} INFO - at java.base/java.util.concurrent.ThreadPoolExecutor.runWorker(ThreadPoolExecutor.java:1136)
[2024-12-09T15:33:11.816+0000] {spark_submit.py:634} INFO - at java.base/java.util.concurrent.ThreadPoolExecutor$Worker.run(ThreadPoolExecutor.java:635)
[2024-12-09T15:33:11.818+0000] {spark_submit.py:634} INFO - at java.base/java.lang.Thread.run(Thread.java:840)
[2024-12-09T15:33:11.819+0000] {spark_submit.py:634} INFO - 
[2024-12-09T15:33:11.820+0000] {spark_submit.py:634} INFO - Driver stacktrace:
[2024-12-09T15:33:11.821+0000] {spark_submit.py:634} INFO - 24/12/09 15:33:11 INFO DAGScheduler: Job 0 failed: showString at NativeMethodAccessorImpl.java:0, took 5.413904 s
[2024-12-09T15:33:12.422+0000] {spark_submit.py:634} INFO - Traceback (most recent call last):
[2024-12-09T15:33:12.428+0000] {spark_submit.py:634} INFO - File "/opt/***/jobs/python/wordcountjob.py", line 41, in <module>
[2024-12-09T15:33:12.430+0000] {spark_submit.py:634} INFO - df.show()
[2024-12-09T15:33:12.431+0000] {spark_submit.py:634} INFO - File "/home/***/.local/lib/python3.12/site-packages/pyspark/python/lib/pyspark.zip/pyspark/sql/dataframe.py", line 947, in show
[2024-12-09T15:33:12.433+0000] {spark_submit.py:634} INFO - File "/home/***/.local/lib/python3.12/site-packages/pyspark/python/lib/pyspark.zip/pyspark/sql/dataframe.py", line 965, in _show_string
[2024-12-09T15:33:12.433+0000] {spark_submit.py:634} INFO - File "/home/***/.local/lib/python3.12/site-packages/pyspark/python/lib/py4j-0.10.9.7-src.zip/py4j/java_gateway.py", line 1322, in __call__
[2024-12-09T15:33:12.433+0000] {spark_submit.py:634} INFO - File "/home/***/.local/lib/python3.12/site-packages/pyspark/python/lib/pyspark.zip/pyspark/errors/exceptions/captured.py", line 179, in deco
[2024-12-09T15:33:12.435+0000] {spark_submit.py:634} INFO - File "/home/***/.local/lib/python3.12/site-packages/pyspark/python/lib/py4j-0.10.9.7-src.zip/py4j/protocol.py", line 326, in get_return_value
[2024-12-09T15:33:12.478+0000] {spark_submit.py:634} INFO - py4j.protocol.Py4JJavaError: An error occurred while calling o29.showString.
[2024-12-09T15:33:12.494+0000] {spark_submit.py:634} INFO - : org.apache.spark.SparkException: Job aborted due to stage failure: Task 0 in stage 0.0 failed 4 times, most recent failure: Lost task 0.3 in stage 0.0 (TID 3) (172.18.0.7 executor 0): org.apache.spark.SparkFileNotFoundException: File file:/tmp/tmprk63np6a/test1234.csv does not exist
[2024-12-09T15:33:12.504+0000] {spark_submit.py:634} INFO - It is possible the underlying files have been updated. You can explicitly invalidate the cache in Spark by running 'REFRESH TABLE tableName' command in SQL or by recreating the Dataset/DataFrame involved.
[2024-12-09T15:33:12.505+0000] {spark_submit.py:634} INFO - at org.apache.spark.sql.errors.QueryExecutionErrors$.readCurrentFileNotFoundError(QueryExecutionErrors.scala:781)
[2024-12-09T15:33:12.506+0000] {spark_submit.py:634} INFO - at org.apache.spark.sql.execution.datasources.FileScanRDD$$anon$1.org$apache$spark$sql$execution$datasources$FileScanRDD$$anon$$readCurrentFile(FileScanRDD.scala:220)
[2024-12-09T15:33:12.508+0000] {spark_submit.py:634} INFO - at org.apache.spark.sql.execution.datasources.FileScanRDD$$anon$1.nextIterator(FileScanRDD.scala:279)
[2024-12-09T15:33:12.509+0000] {spark_submit.py:634} INFO - at org.apache.spark.sql.execution.datasources.FileScanRDD$$anon$1.hasNext(FileScanRDD.scala:129)
[2024-12-09T15:33:12.510+0000] {spark_submit.py:634} INFO - at scala.collection.Iterator$$anon$10.hasNext(Iterator.scala:460)
[2024-12-09T15:33:12.510+0000] {spark_submit.py:634} INFO - at org.apache.spark.sql.catalyst.expressions.GeneratedClass$GeneratedIteratorForCodegenStage1.processNext(Unknown Source)
[2024-12-09T15:33:12.511+0000] {spark_submit.py:634} INFO - at org.apache.spark.sql.execution.BufferedRowIterator.hasNext(BufferedRowIterator.java:43)
[2024-12-09T15:33:12.512+0000] {spark_submit.py:634} INFO - at org.apache.spark.sql.execution.WholeStageCodegenEvaluatorFactory$WholeStageCodegenPartitionEvaluator$$anon$1.hasNext(WholeStageCodegenEvaluatorFactory.scala:43)
[2024-12-09T15:33:12.512+0000] {spark_submit.py:634} INFO - at org.apache.spark.sql.execution.SparkPlan.$anonfun$getByteArrayRdd$1(SparkPlan.scala:388)
[2024-12-09T15:33:12.513+0000] {spark_submit.py:634} INFO - at org.apache.spark.rdd.RDD.$anonfun$mapPartitionsInternal$2(RDD.scala:893)
[2024-12-09T15:33:12.513+0000] {spark_submit.py:634} INFO - at org.apache.spark.rdd.RDD.$anonfun$mapPartitionsInternal$2$adapted(RDD.scala:893)
[2024-12-09T15:33:12.514+0000] {spark_submit.py:634} INFO - at org.apache.spark.rdd.MapPartitionsRDD.compute(MapPartitionsRDD.scala:52)
[2024-12-09T15:33:12.514+0000] {spark_submit.py:634} INFO - at org.apache.spark.rdd.RDD.computeOrReadCheckpoint(RDD.scala:367)
[2024-12-09T15:33:12.515+0000] {spark_submit.py:634} INFO - at org.apache.spark.rdd.RDD.iterator(RDD.scala:331)
[2024-12-09T15:33:12.515+0000] {spark_submit.py:634} INFO - at org.apache.spark.scheduler.ResultTask.runTask(ResultTask.scala:93)
[2024-12-09T15:33:12.516+0000] {spark_submit.py:634} INFO - at org.apache.spark.TaskContext.runTaskWithListeners(TaskContext.scala:166)
[2024-12-09T15:33:12.517+0000] {spark_submit.py:634} INFO - at org.apache.spark.scheduler.Task.run(Task.scala:141)
[2024-12-09T15:33:12.518+0000] {spark_submit.py:634} INFO - at org.apache.spark.executor.Executor$TaskRunner.$anonfun$run$4(Executor.scala:620)
[2024-12-09T15:33:12.519+0000] {spark_submit.py:634} INFO - at org.apache.spark.util.SparkErrorUtils.tryWithSafeFinally(SparkErrorUtils.scala:64)
[2024-12-09T15:33:12.520+0000] {spark_submit.py:634} INFO - at org.apache.spark.util.SparkErrorUtils.tryWithSafeFinally$(SparkErrorUtils.scala:61)
[2024-12-09T15:33:12.520+0000] {spark_submit.py:634} INFO - at org.apache.spark.util.Utils$.tryWithSafeFinally(Utils.scala:94)
[2024-12-09T15:33:12.521+0000] {spark_submit.py:634} INFO - at org.apache.spark.executor.Executor$TaskRunner.run(Executor.scala:623)
[2024-12-09T15:33:12.521+0000] {spark_submit.py:634} INFO - at java.base/java.util.concurrent.ThreadPoolExecutor.runWorker(ThreadPoolExecutor.java:1136)
[2024-12-09T15:33:12.521+0000] {spark_submit.py:634} INFO - at java.base/java.util.concurrent.ThreadPoolExecutor$Worker.run(ThreadPoolExecutor.java:635)
[2024-12-09T15:33:12.522+0000] {spark_submit.py:634} INFO - at java.base/java.lang.Thread.run(Thread.java:840)
[2024-12-09T15:33:12.522+0000] {spark_submit.py:634} INFO - 
[2024-12-09T15:33:12.522+0000] {spark_submit.py:634} INFO - Driver stacktrace:
[2024-12-09T15:33:12.523+0000] {spark_submit.py:634} INFO - at org.apache.spark.scheduler.DAGScheduler.failJobAndIndependentStages(DAGScheduler.scala:2856)
[2024-12-09T15:33:12.523+0000] {spark_submit.py:634} INFO - at org.apache.spark.scheduler.DAGScheduler.$anonfun$abortStage$2(DAGScheduler.scala:2792)
[2024-12-09T15:33:12.523+0000] {spark_submit.py:634} INFO - at org.apache.spark.scheduler.DAGScheduler.$anonfun$abortStage$2$adapted(DAGScheduler.scala:2791)
[2024-12-09T15:33:12.524+0000] {spark_submit.py:634} INFO - at scala.collection.mutable.ResizableArray.foreach(ResizableArray.scala:62)
[2024-12-09T15:33:12.524+0000] {spark_submit.py:634} INFO - at scala.collection.mutable.ResizableArray.foreach$(ResizableArray.scala:55)
[2024-12-09T15:33:12.525+0000] {spark_submit.py:634} INFO - at scala.collection.mutable.ArrayBuffer.foreach(ArrayBuffer.scala:49)
[2024-12-09T15:33:12.525+0000] {spark_submit.py:634} INFO - at org.apache.spark.scheduler.DAGScheduler.abortStage(DAGScheduler.scala:2791)
[2024-12-09T15:33:12.525+0000] {spark_submit.py:634} INFO - at org.apache.spark.scheduler.DAGScheduler.$anonfun$handleTaskSetFailed$1(DAGScheduler.scala:1247)
[2024-12-09T15:33:12.527+0000] {spark_submit.py:634} INFO - at org.apache.spark.scheduler.DAGScheduler.$anonfun$handleTaskSetFailed$1$adapted(DAGScheduler.scala:1247)
[2024-12-09T15:33:12.528+0000] {spark_submit.py:634} INFO - at scala.Option.foreach(Option.scala:407)
[2024-12-09T15:33:12.529+0000] {spark_submit.py:634} INFO - at org.apache.spark.scheduler.DAGScheduler.handleTaskSetFailed(DAGScheduler.scala:1247)
[2024-12-09T15:33:12.530+0000] {spark_submit.py:634} INFO - at org.apache.spark.scheduler.DAGSchedulerEventProcessLoop.doOnReceive(DAGScheduler.scala:3060)
[2024-12-09T15:33:12.531+0000] {spark_submit.py:634} INFO - at org.apache.spark.scheduler.DAGSchedulerEventProcessLoop.onReceive(DAGScheduler.scala:2994)
[2024-12-09T15:33:12.532+0000] {spark_submit.py:634} INFO - at org.apache.spark.scheduler.DAGSchedulerEventProcessLoop.onReceive(DAGScheduler.scala:2983)
[2024-12-09T15:33:12.532+0000] {spark_submit.py:634} INFO - at org.apache.spark.util.EventLoop$$anon$1.run(EventLoop.scala:49)
[2024-12-09T15:33:12.534+0000] {spark_submit.py:634} INFO - at org.apache.spark.scheduler.DAGScheduler.runJob(DAGScheduler.scala:989)
[2024-12-09T15:33:12.535+0000] {spark_submit.py:634} INFO - at org.apache.spark.SparkContext.runJob(SparkContext.scala:2393)
[2024-12-09T15:33:12.536+0000] {spark_submit.py:634} INFO - at org.apache.spark.SparkContext.runJob(SparkContext.scala:2414)
[2024-12-09T15:33:12.537+0000] {spark_submit.py:634} INFO - at org.apache.spark.SparkContext.runJob(SparkContext.scala:2433)
[2024-12-09T15:33:12.537+0000] {spark_submit.py:634} INFO - at org.apache.spark.sql.execution.SparkPlan.executeTake(SparkPlan.scala:530)
[2024-12-09T15:33:12.537+0000] {spark_submit.py:634} INFO - at org.apache.spark.sql.execution.SparkPlan.executeTake(SparkPlan.scala:483)
[2024-12-09T15:33:12.538+0000] {spark_submit.py:634} INFO - at org.apache.spark.sql.execution.CollectLimitExec.executeCollect(limit.scala:61)
[2024-12-09T15:33:12.538+0000] {spark_submit.py:634} INFO - at org.apache.spark.sql.Dataset.collectFromPlan(Dataset.scala:4333)
[2024-12-09T15:33:12.538+0000] {spark_submit.py:634} INFO - at org.apache.spark.sql.Dataset.$anonfun$head$1(Dataset.scala:3316)
[2024-12-09T15:33:12.539+0000] {spark_submit.py:634} INFO - at org.apache.spark.sql.Dataset.$anonfun$withAction$2(Dataset.scala:4323)
[2024-12-09T15:33:12.539+0000] {spark_submit.py:634} INFO - at org.apache.spark.sql.execution.QueryExecution$.withInternalError(QueryExecution.scala:546)
[2024-12-09T15:33:12.539+0000] {spark_submit.py:634} INFO - at org.apache.spark.sql.Dataset.$anonfun$withAction$1(Dataset.scala:4321)
[2024-12-09T15:33:12.540+0000] {spark_submit.py:634} INFO - at org.apache.spark.sql.execution.SQLExecution$.$anonfun$withNewExecutionId$6(SQLExecution.scala:125)
[2024-12-09T15:33:12.540+0000] {spark_submit.py:634} INFO - at org.apache.spark.sql.execution.SQLExecution$.withSQLConfPropagated(SQLExecution.scala:201)
[2024-12-09T15:33:12.540+0000] {spark_submit.py:634} INFO - at org.apache.spark.sql.execution.SQLExecution$.$anonfun$withNewExecutionId$1(SQLExecution.scala:108)
[2024-12-09T15:33:12.541+0000] {spark_submit.py:634} INFO - at org.apache.spark.sql.SparkSession.withActive(SparkSession.scala:900)
[2024-12-09T15:33:12.541+0000] {spark_submit.py:634} INFO - at org.apache.spark.sql.execution.SQLExecution$.withNewExecutionId(SQLExecution.scala:66)
[2024-12-09T15:33:12.542+0000] {spark_submit.py:634} INFO - at org.apache.spark.sql.Dataset.withAction(Dataset.scala:4321)
[2024-12-09T15:33:12.542+0000] {spark_submit.py:634} INFO - at org.apache.spark.sql.Dataset.head(Dataset.scala:3316)
[2024-12-09T15:33:12.543+0000] {spark_submit.py:634} INFO - at org.apache.spark.sql.Dataset.take(Dataset.scala:3539)
[2024-12-09T15:33:12.543+0000] {spark_submit.py:634} INFO - at org.apache.spark.sql.Dataset.getRows(Dataset.scala:280)
[2024-12-09T15:33:12.543+0000] {spark_submit.py:634} INFO - at org.apache.spark.sql.Dataset.showString(Dataset.scala:315)
[2024-12-09T15:33:12.544+0000] {spark_submit.py:634} INFO - at java.base/jdk.internal.reflect.NativeMethodAccessorImpl.invoke0(Native Method)
[2024-12-09T15:33:12.544+0000] {spark_submit.py:634} INFO - at java.base/jdk.internal.reflect.NativeMethodAccessorImpl.invoke(NativeMethodAccessorImpl.java:77)
[2024-12-09T15:33:12.544+0000] {spark_submit.py:634} INFO - at java.base/jdk.internal.reflect.DelegatingMethodAccessorImpl.invoke(DelegatingMethodAccessorImpl.java:43)
[2024-12-09T15:33:12.545+0000] {spark_submit.py:634} INFO - at java.base/java.lang.reflect.Method.invoke(Method.java:569)
[2024-12-09T15:33:12.545+0000] {spark_submit.py:634} INFO - at py4j.reflection.MethodInvoker.invoke(MethodInvoker.java:244)
[2024-12-09T15:33:12.546+0000] {spark_submit.py:634} INFO - at py4j.reflection.ReflectionEngine.invoke(ReflectionEngine.java:374)
[2024-12-09T15:33:12.546+0000] {spark_submit.py:634} INFO - at py4j.Gateway.invoke(Gateway.java:282)
[2024-12-09T15:33:12.546+0000] {spark_submit.py:634} INFO - at py4j.commands.AbstractCommand.invokeMethod(AbstractCommand.java:132)
[2024-12-09T15:33:12.547+0000] {spark_submit.py:634} INFO - at py4j.commands.CallCommand.execute(CallCommand.java:79)
[2024-12-09T15:33:12.547+0000] {spark_submit.py:634} INFO - at py4j.ClientServerConnection.waitForCommands(ClientServerConnection.java:182)
[2024-12-09T15:33:12.547+0000] {spark_submit.py:634} INFO - at py4j.ClientServerConnection.run(ClientServerConnection.java:106)
[2024-12-09T15:33:12.548+0000] {spark_submit.py:634} INFO - at java.base/java.lang.Thread.run(Thread.java:840)
[2024-12-09T15:33:12.548+0000] {spark_submit.py:634} INFO - Caused by: org.apache.spark.SparkFileNotFoundException: File file:/tmp/tmprk63np6a/test1234.csv does not exist
[2024-12-09T15:33:12.548+0000] {spark_submit.py:634} INFO - It is possible the underlying files have been updated. You can explicitly invalidate the cache in Spark by running 'REFRESH TABLE tableName' command in SQL or by recreating the Dataset/DataFrame involved.
[2024-12-09T15:33:12.548+0000] {spark_submit.py:634} INFO - at org.apache.spark.sql.errors.QueryExecutionErrors$.readCurrentFileNotFoundError(QueryExecutionErrors.scala:781)
[2024-12-09T15:33:12.549+0000] {spark_submit.py:634} INFO - at org.apache.spark.sql.execution.datasources.FileScanRDD$$anon$1.org$apache$spark$sql$execution$datasources$FileScanRDD$$anon$$readCurrentFile(FileScanRDD.scala:220)
[2024-12-09T15:33:12.549+0000] {spark_submit.py:634} INFO - at org.apache.spark.sql.execution.datasources.FileScanRDD$$anon$1.nextIterator(FileScanRDD.scala:279)
[2024-12-09T15:33:12.549+0000] {spark_submit.py:634} INFO - at org.apache.spark.sql.execution.datasources.FileScanRDD$$anon$1.hasNext(FileScanRDD.scala:129)
[2024-12-09T15:33:12.549+0000] {spark_submit.py:634} INFO - at scala.collection.Iterator$$anon$10.hasNext(Iterator.scala:460)
[2024-12-09T15:33:12.550+0000] {spark_submit.py:634} INFO - at org.apache.spark.sql.catalyst.expressions.GeneratedClass$GeneratedIteratorForCodegenStage1.processNext(Unknown Source)
[2024-12-09T15:33:12.550+0000] {spark_submit.py:634} INFO - at org.apache.spark.sql.execution.BufferedRowIterator.hasNext(BufferedRowIterator.java:43)
[2024-12-09T15:33:12.550+0000] {spark_submit.py:634} INFO - at org.apache.spark.sql.execution.WholeStageCodegenEvaluatorFactory$WholeStageCodegenPartitionEvaluator$$anon$1.hasNext(WholeStageCodegenEvaluatorFactory.scala:43)
[2024-12-09T15:33:12.550+0000] {spark_submit.py:634} INFO - at org.apache.spark.sql.execution.SparkPlan.$anonfun$getByteArrayRdd$1(SparkPlan.scala:388)
[2024-12-09T15:33:12.551+0000] {spark_submit.py:634} INFO - at org.apache.spark.rdd.RDD.$anonfun$mapPartitionsInternal$2(RDD.scala:893)
[2024-12-09T15:33:12.551+0000] {spark_submit.py:634} INFO - at org.apache.spark.rdd.RDD.$anonfun$mapPartitionsInternal$2$adapted(RDD.scala:893)
[2024-12-09T15:33:12.551+0000] {spark_submit.py:634} INFO - at org.apache.spark.rdd.MapPartitionsRDD.compute(MapPartitionsRDD.scala:52)
[2024-12-09T15:33:12.551+0000] {spark_submit.py:634} INFO - at org.apache.spark.rdd.RDD.computeOrReadCheckpoint(RDD.scala:367)
[2024-12-09T15:33:12.554+0000] {spark_submit.py:634} INFO - at org.apache.spark.rdd.RDD.iterator(RDD.scala:331)
[2024-12-09T15:33:12.554+0000] {spark_submit.py:634} INFO - at org.apache.spark.scheduler.ResultTask.runTask(ResultTask.scala:93)
[2024-12-09T15:33:12.555+0000] {spark_submit.py:634} INFO - at org.apache.spark.TaskContext.runTaskWithListeners(TaskContext.scala:166)
[2024-12-09T15:33:12.555+0000] {spark_submit.py:634} INFO - at org.apache.spark.scheduler.Task.run(Task.scala:141)
[2024-12-09T15:33:12.556+0000] {spark_submit.py:634} INFO - at org.apache.spark.executor.Executor$TaskRunner.$anonfun$run$4(Executor.scala:620)
[2024-12-09T15:33:12.556+0000] {spark_submit.py:634} INFO - at org.apache.spark.util.SparkErrorUtils.tryWithSafeFinally(SparkErrorUtils.scala:64)
[2024-12-09T15:33:12.556+0000] {spark_submit.py:634} INFO - at org.apache.spark.util.SparkErrorUtils.tryWithSafeFinally$(SparkErrorUtils.scala:61)
[2024-12-09T15:33:12.557+0000] {spark_submit.py:634} INFO - at org.apache.spark.util.Utils$.tryWithSafeFinally(Utils.scala:94)
[2024-12-09T15:33:12.557+0000] {spark_submit.py:634} INFO - at org.apache.spark.executor.Executor$TaskRunner.run(Executor.scala:623)
[2024-12-09T15:33:12.558+0000] {spark_submit.py:634} INFO - at java.base/java.util.concurrent.ThreadPoolExecutor.runWorker(ThreadPoolExecutor.java:1136)
[2024-12-09T15:33:12.558+0000] {spark_submit.py:634} INFO - at java.base/java.util.concurrent.ThreadPoolExecutor$Worker.run(ThreadPoolExecutor.java:635)
[2024-12-09T15:33:12.560+0000] {spark_submit.py:634} INFO - ... 1 more
[2024-12-09T15:33:12.560+0000] {spark_submit.py:634} INFO - 
[2024-12-09T15:33:12.910+0000] {spark_submit.py:634} INFO - 24/12/09 15:33:12 INFO SparkContext: Invoking stop() from shutdown hook
[2024-12-09T15:33:12.973+0000] {spark_submit.py:634} INFO - 24/12/09 15:33:12 INFO SparkContext: SparkContext is stopping with exitCode 0.
[2024-12-09T15:33:13.128+0000] {spark_submit.py:634} INFO - 24/12/09 15:33:13 INFO SparkUI: Stopped Spark web UI at http://2a892a3469ec:4042
[2024-12-09T15:33:13.146+0000] {spark_submit.py:634} INFO - 24/12/09 15:33:13 INFO StandaloneSchedulerBackend: Shutting down all executors
[2024-12-09T15:33:13.156+0000] {spark_submit.py:634} INFO - 24/12/09 15:33:13 INFO StandaloneSchedulerBackend$StandaloneDriverEndpoint: Asking each executor to shut down
[2024-12-09T15:33:13.263+0000] {spark_submit.py:634} INFO - 24/12/09 15:33:13 INFO MapOutputTrackerMasterEndpoint: MapOutputTrackerMasterEndpoint stopped!
[2024-12-09T15:33:13.369+0000] {spark_submit.py:634} INFO - 24/12/09 15:33:13 INFO MemoryStore: MemoryStore cleared
[2024-12-09T15:33:13.376+0000] {spark_submit.py:634} INFO - 24/12/09 15:33:13 INFO BlockManager: BlockManager stopped
[2024-12-09T15:33:13.405+0000] {spark_submit.py:634} INFO - 24/12/09 15:33:13 INFO BlockManagerMaster: BlockManagerMaster stopped
[2024-12-09T15:33:13.423+0000] {spark_submit.py:634} INFO - 24/12/09 15:33:13 INFO OutputCommitCoordinator$OutputCommitCoordinatorEndpoint: OutputCommitCoordinator stopped!
[2024-12-09T15:33:13.506+0000] {spark_submit.py:634} INFO - 24/12/09 15:33:13 INFO SparkContext: Successfully stopped SparkContext
[2024-12-09T15:33:13.509+0000] {spark_submit.py:634} INFO - 24/12/09 15:33:13 INFO ShutdownHookManager: Shutdown hook called
[2024-12-09T15:33:13.517+0000] {spark_submit.py:634} INFO - 24/12/09 15:33:13 INFO ShutdownHookManager: Deleting directory /tmp/spark-531dff4d-130a-4b42-8573-a5455f1d267a
[2024-12-09T15:33:13.537+0000] {spark_submit.py:634} INFO - 24/12/09 15:33:13 INFO ShutdownHookManager: Deleting directory /tmp/spark-9f76ba30-1057-4fd3-85e1-c60f6ad31926/pyspark-7cccd294-968c-4d5c-b254-4f11092ff069
[2024-12-09T15:33:13.556+0000] {spark_submit.py:634} INFO - 24/12/09 15:33:13 INFO ShutdownHookManager: Deleting directory /tmp/spark-9f76ba30-1057-4fd3-85e1-c60f6ad31926
[2024-12-09T15:33:13.845+0000] {taskinstance.py:3311} ERROR - Task failed with exception
Traceback (most recent call last):
  File "/home/airflow/.local/lib/python3.12/site-packages/airflow/models/taskinstance.py", line 767, in _execute_task
    result = _execute_callable(context=context, **execute_callable_kwargs)
             ^^^^^^^^^^^^^^^^^^^^^^^^^^^^^^^^^^^^^^^^^^^^^^^^^^^^^^^^^^^^^
  File "/home/airflow/.local/lib/python3.12/site-packages/airflow/models/taskinstance.py", line 733, in _execute_callable
    return ExecutionCallableRunner(
           ^^^^^^^^^^^^^^^^^^^^^^^^
  File "/home/airflow/.local/lib/python3.12/site-packages/airflow/utils/operator_helpers.py", line 252, in run
    return self.func(*args, **kwargs)
           ^^^^^^^^^^^^^^^^^^^^^^^^^^
  File "/home/airflow/.local/lib/python3.12/site-packages/airflow/models/baseoperator.py", line 417, in wrapper
    return func(self, *args, **kwargs)
           ^^^^^^^^^^^^^^^^^^^^^^^^^^^
  File "/home/airflow/.local/lib/python3.12/site-packages/airflow/providers/apache/spark/operators/spark_submit.py", line 176, in execute
    self._hook.submit(self.application)
  File "/home/airflow/.local/lib/python3.12/site-packages/airflow/providers/apache/spark/hooks/spark_submit.py", line 560, in submit
    raise AirflowException(
airflow.exceptions.AirflowException: Cannot execute: spark-submit --master spark://sparkingflow-spark-master-1:7077 --name arrow-spark --deploy-mode client jobs/python/wordcountjob.py. Error code is: 1.
[2024-12-09T15:33:13.865+0000] {taskinstance.py:1225} INFO - Marking task as FAILED. dag_id=sparking_flow, task_id=python_job, run_id=manual__2024-12-09T15:32:44.809349+00:00, execution_date=20241209T153244, start_date=20241209T153246, end_date=20241209T153313
[2024-12-09T15:33:13.920+0000] {taskinstance.py:340} INFO - ::group::Post task execution logs
[2024-12-09T15:33:13.922+0000] {standard_task_runner.py:124} ERROR - Failed to execute job 532 for task python_job (Cannot execute: spark-submit --master spark://sparkingflow-spark-master-1:7077 --name arrow-spark --deploy-mode client jobs/python/wordcountjob.py. Error code is: 1.; 209)
Traceback (most recent call last):
  File "/home/airflow/.local/lib/python3.12/site-packages/airflow/task/task_runner/standard_task_runner.py", line 117, in _start_by_fork
    ret = args.func(args, dag=self.dag)
          ^^^^^^^^^^^^^^^^^^^^^^^^^^^^^
  File "/home/airflow/.local/lib/python3.12/site-packages/airflow/cli/cli_config.py", line 49, in command
    return func(*args, **kwargs)
           ^^^^^^^^^^^^^^^^^^^^^
  File "/home/airflow/.local/lib/python3.12/site-packages/airflow/utils/cli.py", line 116, in wrapper
    return f(*args, **kwargs)
           ^^^^^^^^^^^^^^^^^^
  File "/home/airflow/.local/lib/python3.12/site-packages/airflow/cli/commands/task_command.py", line 483, in task_run
    task_return_code = _run_task_by_selected_method(args, _dag, ti)
                       ^^^^^^^^^^^^^^^^^^^^^^^^^^^^^^^^^^^^^^^^^^^^
  File "/home/airflow/.local/lib/python3.12/site-packages/airflow/cli/commands/task_command.py", line 256, in _run_task_by_selected_method
    return _run_raw_task(args, ti)
           ^^^^^^^^^^^^^^^^^^^^^^^
  File "/home/airflow/.local/lib/python3.12/site-packages/airflow/cli/commands/task_command.py", line 341, in _run_raw_task
    return ti._run_raw_task(
           ^^^^^^^^^^^^^^^^^
  File "/home/airflow/.local/lib/python3.12/site-packages/airflow/utils/session.py", line 97, in wrapper
    return func(*args, session=session, **kwargs)
           ^^^^^^^^^^^^^^^^^^^^^^^^^^^^^^^^^^^^^^
  File "/home/airflow/.local/lib/python3.12/site-packages/airflow/models/taskinstance.py", line 3005, in _run_raw_task
    return _run_raw_task(
           ^^^^^^^^^^^^^^
  File "/home/airflow/.local/lib/python3.12/site-packages/airflow/models/taskinstance.py", line 273, in _run_raw_task
    TaskInstance._execute_task_with_callbacks(
  File "/home/airflow/.local/lib/python3.12/site-packages/airflow/models/taskinstance.py", line 3159, in _execute_task_with_callbacks
    result = self._execute_task(context, task_orig)
             ^^^^^^^^^^^^^^^^^^^^^^^^^^^^^^^^^^^^^^
  File "/home/airflow/.local/lib/python3.12/site-packages/airflow/models/taskinstance.py", line 3183, in _execute_task
    return _execute_task(self, context, task_orig)
           ^^^^^^^^^^^^^^^^^^^^^^^^^^^^^^^^^^^^^^^
  File "/home/airflow/.local/lib/python3.12/site-packages/airflow/models/taskinstance.py", line 767, in _execute_task
    result = _execute_callable(context=context, **execute_callable_kwargs)
             ^^^^^^^^^^^^^^^^^^^^^^^^^^^^^^^^^^^^^^^^^^^^^^^^^^^^^^^^^^^^^
  File "/home/airflow/.local/lib/python3.12/site-packages/airflow/models/taskinstance.py", line 733, in _execute_callable
    return ExecutionCallableRunner(
           ^^^^^^^^^^^^^^^^^^^^^^^^
  File "/home/airflow/.local/lib/python3.12/site-packages/airflow/utils/operator_helpers.py", line 252, in run
    return self.func(*args, **kwargs)
           ^^^^^^^^^^^^^^^^^^^^^^^^^^
  File "/home/airflow/.local/lib/python3.12/site-packages/airflow/models/baseoperator.py", line 417, in wrapper
    return func(self, *args, **kwargs)
           ^^^^^^^^^^^^^^^^^^^^^^^^^^^
  File "/home/airflow/.local/lib/python3.12/site-packages/airflow/providers/apache/spark/operators/spark_submit.py", line 176, in execute
    self._hook.submit(self.application)
  File "/home/airflow/.local/lib/python3.12/site-packages/airflow/providers/apache/spark/hooks/spark_submit.py", line 560, in submit
    raise AirflowException(
airflow.exceptions.AirflowException: Cannot execute: spark-submit --master spark://sparkingflow-spark-master-1:7077 --name arrow-spark --deploy-mode client jobs/python/wordcountjob.py. Error code is: 1.
[2024-12-09T15:33:13.998+0000] {local_task_job_runner.py:266} INFO - Task exited with return code 1
[2024-12-09T15:33:14.081+0000] {taskinstance.py:3895} INFO - 0 downstream tasks scheduled from follow-on schedule check
[2024-12-09T15:33:14.090+0000] {local_task_job_runner.py:245} INFO - ::endgroup::
