[2024-12-09T16:22:15.507+0000] {local_task_job_runner.py:123} INFO - ::group::Pre task execution logs
[2024-12-09T16:22:15.521+0000] {taskinstance.py:2613} INFO - Dependencies all met for dep_context=non-requeueable deps ti=<TaskInstance: sparking_flow.java_job manual__2024-12-09T16:22:13.837142+00:00 [queued]>
[2024-12-09T16:22:15.539+0000] {taskinstance.py:2613} INFO - Dependencies all met for dep_context=requeueable deps ti=<TaskInstance: sparking_flow.java_job manual__2024-12-09T16:22:13.837142+00:00 [queued]>
[2024-12-09T16:22:15.539+0000] {taskinstance.py:2866} INFO - Starting attempt 1 of 1
[2024-12-09T16:22:15.559+0000] {taskinstance.py:2889} INFO - Executing <Task(SparkSubmitOperator): java_job> on 2024-12-09 16:22:13.837142+00:00
[2024-12-09T16:22:15.565+0000] {logging_mixin.py:190} WARNING - /home/***/.local/lib/python3.12/site-packages/***/task/task_runner/standard_task_runner.py:70 DeprecationWarning: This process (pid=187) is multi-threaded, use of fork() may lead to deadlocks in the child.
[2024-12-09T16:22:15.566+0000] {standard_task_runner.py:72} INFO - Started process 190 to run task
[2024-12-09T16:22:15.565+0000] {standard_task_runner.py:104} INFO - Running: ['***', 'tasks', 'run', 'sparking_flow', 'java_job', 'manual__2024-12-09T16:22:13.837142+00:00', '--job-id', '550', '--raw', '--subdir', 'DAGS_FOLDER/spark_***.py', '--cfg-path', '/tmp/tmps26o5wmk']
[2024-12-09T16:22:15.567+0000] {standard_task_runner.py:105} INFO - Job 550: Subtask java_job
[2024-12-09T16:22:15.624+0000] {task_command.py:467} INFO - Running <TaskInstance: sparking_flow.java_job manual__2024-12-09T16:22:13.837142+00:00 [running]> on host 2a892a3469ec
[2024-12-09T16:22:15.690+0000] {taskinstance.py:3132} INFO - Exporting env vars: AIRFLOW_CTX_DAG_OWNER='Yusuf Ganiyu' AIRFLOW_CTX_DAG_ID='sparking_flow' AIRFLOW_CTX_TASK_ID='java_job' AIRFLOW_CTX_EXECUTION_DATE='2024-12-09T16:22:13.837142+00:00' AIRFLOW_CTX_TRY_NUMBER='1' AIRFLOW_CTX_DAG_RUN_ID='manual__2024-12-09T16:22:13.837142+00:00'
[2024-12-09T16:22:15.691+0000] {taskinstance.py:731} INFO - ::endgroup::
[2024-12-09T16:22:15.707+0000] {base.py:84} INFO - Retrieving connection 'spark-conn'
[2024-12-09T16:22:15.709+0000] {spark_submit.py:473} INFO - Spark-Submit cmd: spark-submit --master spark://sparkingflow-spark-master-1:7077 --name arrow-spark --class com.airscholar.spark.WordCountJob --deploy-mode client jobs/java/spark-job/target/spark-job-1.0-SNAPSHOT.jar
[2024-12-09T16:22:18.143+0000] {spark_submit.py:634} INFO - 24/12/09 16:22:18 INFO SparkContext: Running Spark version 3.5.3
[2024-12-09T16:22:18.149+0000] {spark_submit.py:634} INFO - 24/12/09 16:22:18 INFO SparkContext: OS info Linux, 6.10.14-linuxkit, aarch64
[2024-12-09T16:22:18.152+0000] {spark_submit.py:634} INFO - 24/12/09 16:22:18 INFO SparkContext: Java version 17.0.13
[2024-12-09T16:22:18.222+0000] {spark_submit.py:634} INFO - 24/12/09 16:22:18 WARN NativeCodeLoader: Unable to load native-hadoop library for your platform... using builtin-java classes where applicable
[2024-12-09T16:22:18.384+0000] {spark_submit.py:634} INFO - 24/12/09 16:22:18 INFO ResourceUtils: ==============================================================
[2024-12-09T16:22:18.385+0000] {spark_submit.py:634} INFO - 24/12/09 16:22:18 INFO ResourceUtils: No custom resources configured for spark.driver.
[2024-12-09T16:22:18.385+0000] {spark_submit.py:634} INFO - 24/12/09 16:22:18 INFO ResourceUtils: ==============================================================
[2024-12-09T16:22:18.386+0000] {spark_submit.py:634} INFO - 24/12/09 16:22:18 INFO SparkContext: Submitted application: Word Count Job
[2024-12-09T16:22:18.406+0000] {spark_submit.py:634} INFO - 24/12/09 16:22:18 INFO ResourceProfile: Default ResourceProfile created, executor resources: Map(cores -> name: cores, amount: 1, script: , vendor: , memory -> name: memory, amount: 1024, script: , vendor: , offHeap -> name: offHeap, amount: 0, script: , vendor: ), task resources: Map(cpus -> name: cpus, amount: 1.0)
[2024-12-09T16:22:18.413+0000] {spark_submit.py:634} INFO - 24/12/09 16:22:18 INFO ResourceProfile: Limiting resource is cpu
[2024-12-09T16:22:18.414+0000] {spark_submit.py:634} INFO - 24/12/09 16:22:18 INFO ResourceProfileManager: Added ResourceProfile id: 0
[2024-12-09T16:22:18.501+0000] {spark_submit.py:634} INFO - 24/12/09 16:22:18 INFO SecurityManager: Changing view acls to: ***
[2024-12-09T16:22:18.503+0000] {spark_submit.py:634} INFO - 24/12/09 16:22:18 INFO SecurityManager: Changing modify acls to: ***
[2024-12-09T16:22:18.504+0000] {spark_submit.py:634} INFO - 24/12/09 16:22:18 INFO SecurityManager: Changing view acls groups to:
[2024-12-09T16:22:18.504+0000] {spark_submit.py:634} INFO - 24/12/09 16:22:18 INFO SecurityManager: Changing modify acls groups to:
[2024-12-09T16:22:18.505+0000] {spark_submit.py:634} INFO - 24/12/09 16:22:18 INFO SecurityManager: SecurityManager: authentication disabled; ui acls disabled; users with view permissions: ***; groups with view permissions: EMPTY; users with modify permissions: ***; groups with modify permissions: EMPTY
[2024-12-09T16:22:18.885+0000] {spark_submit.py:634} INFO - 24/12/09 16:22:18 INFO Utils: Successfully started service 'sparkDriver' on port 34951.
[2024-12-09T16:22:18.918+0000] {spark_submit.py:634} INFO - 24/12/09 16:22:18 INFO SparkEnv: Registering MapOutputTracker
[2024-12-09T16:22:18.966+0000] {spark_submit.py:634} INFO - 24/12/09 16:22:18 INFO SparkEnv: Registering BlockManagerMaster
[2024-12-09T16:22:18.980+0000] {spark_submit.py:634} INFO - 24/12/09 16:22:18 INFO BlockManagerMasterEndpoint: Using org.apache.spark.storage.DefaultTopologyMapper for getting topology information
[2024-12-09T16:22:18.981+0000] {spark_submit.py:634} INFO - 24/12/09 16:22:18 INFO BlockManagerMasterEndpoint: BlockManagerMasterEndpoint up
[2024-12-09T16:22:18.987+0000] {spark_submit.py:634} INFO - 24/12/09 16:22:18 INFO SparkEnv: Registering BlockManagerMasterHeartbeat
[2024-12-09T16:22:19.019+0000] {spark_submit.py:634} INFO - 24/12/09 16:22:19 INFO DiskBlockManager: Created local directory at /tmp/blockmgr-fc86ad86-8348-4d25-b47c-9335f5e458dc
[2024-12-09T16:22:19.031+0000] {spark_submit.py:634} INFO - 24/12/09 16:22:19 INFO MemoryStore: MemoryStore started with capacity 434.4 MiB
[2024-12-09T16:22:19.046+0000] {spark_submit.py:634} INFO - 24/12/09 16:22:19 INFO SparkEnv: Registering OutputCommitCoordinator
[2024-12-09T16:22:19.240+0000] {spark_submit.py:634} INFO - 24/12/09 16:22:19 INFO JettyUtils: Start Jetty 0.0.0.0:4040 for SparkUI
[2024-12-09T16:22:19.324+0000] {spark_submit.py:634} INFO - 24/12/09 16:22:19 WARN Utils: Service 'SparkUI' could not bind on port 4040. Attempting port 4041.
[2024-12-09T16:22:19.345+0000] {spark_submit.py:634} INFO - 24/12/09 16:22:19 INFO Utils: Successfully started service 'SparkUI' on port 4041.
[2024-12-09T16:22:19.381+0000] {spark_submit.py:634} INFO - 24/12/09 16:22:19 INFO SparkContext: Added JAR file:/opt/***/jobs/java/spark-job/target/spark-job-1.0-SNAPSHOT.jar at spark://2a892a3469ec:34951/jars/spark-job-1.0-SNAPSHOT.jar with timestamp 1733761338130
[2024-12-09T16:22:19.461+0000] {spark_submit.py:634} INFO - 24/12/09 16:22:19 INFO Executor: Starting executor ID driver on host 2a892a3469ec
[2024-12-09T16:22:19.462+0000] {spark_submit.py:634} INFO - 24/12/09 16:22:19 INFO Executor: OS info Linux, 6.10.14-linuxkit, aarch64
[2024-12-09T16:22:19.462+0000] {spark_submit.py:634} INFO - 24/12/09 16:22:19 INFO Executor: Java version 17.0.13
[2024-12-09T16:22:19.466+0000] {spark_submit.py:634} INFO - 24/12/09 16:22:19 INFO Executor: Starting executor with user classpath (userClassPathFirst = false): ''
[2024-12-09T16:22:19.467+0000] {spark_submit.py:634} INFO - 24/12/09 16:22:19 INFO Executor: Created or updated repl class loader org.apache.spark.util.MutableURLClassLoader@6ca372ef for default.
[2024-12-09T16:22:19.493+0000] {spark_submit.py:634} INFO - 24/12/09 16:22:19 INFO Executor: Fetching spark://2a892a3469ec:34951/jars/spark-job-1.0-SNAPSHOT.jar with timestamp 1733761338130
[2024-12-09T16:22:19.563+0000] {spark_submit.py:634} INFO - 24/12/09 16:22:19 INFO TransportClientFactory: Successfully created connection to 2a892a3469ec/172.18.0.5:34951 after 21 ms (0 ms spent in bootstraps)
[2024-12-09T16:22:19.568+0000] {spark_submit.py:634} INFO - 24/12/09 16:22:19 INFO Utils: Fetching spark://2a892a3469ec:34951/jars/spark-job-1.0-SNAPSHOT.jar to /tmp/spark-564be860-a651-4cf6-ad41-cd6b6199e8ce/userFiles-c8a11342-a7ca-480b-bb17-bea6ffaef9c4/fetchFileTemp3962736764650975441.tmp
[2024-12-09T16:22:19.602+0000] {spark_submit.py:634} INFO - 24/12/09 16:22:19 INFO Executor: Adding file:/tmp/spark-564be860-a651-4cf6-ad41-cd6b6199e8ce/userFiles-c8a11342-a7ca-480b-bb17-bea6ffaef9c4/spark-job-1.0-SNAPSHOT.jar to class loader default
[2024-12-09T16:22:19.609+0000] {spark_submit.py:634} INFO - 24/12/09 16:22:19 INFO Utils: Successfully started service 'org.apache.spark.network.netty.NettyBlockTransferService' on port 40863.
[2024-12-09T16:22:19.609+0000] {spark_submit.py:634} INFO - 24/12/09 16:22:19 INFO NettyBlockTransferService: Server created on 2a892a3469ec:40863
[2024-12-09T16:22:19.611+0000] {spark_submit.py:634} INFO - 24/12/09 16:22:19 INFO BlockManager: Using org.apache.spark.storage.RandomBlockReplicationPolicy for block replication policy
[2024-12-09T16:22:19.617+0000] {spark_submit.py:634} INFO - 24/12/09 16:22:19 INFO BlockManagerMaster: Registering BlockManager BlockManagerId(driver, 2a892a3469ec, 40863, None)
[2024-12-09T16:22:19.619+0000] {spark_submit.py:634} INFO - 24/12/09 16:22:19 INFO BlockManagerMasterEndpoint: Registering block manager 2a892a3469ec:40863 with 434.4 MiB RAM, BlockManagerId(driver, 2a892a3469ec, 40863, None)
[2024-12-09T16:22:19.620+0000] {spark_submit.py:634} INFO - 24/12/09 16:22:19 INFO BlockManagerMaster: Registered BlockManager BlockManagerId(driver, 2a892a3469ec, 40863, None)
[2024-12-09T16:22:19.621+0000] {spark_submit.py:634} INFO - 24/12/09 16:22:19 INFO BlockManager: Initialized BlockManager: BlockManagerId(driver, 2a892a3469ec, 40863, None)
[2024-12-09T16:22:20.329+0000] {spark_submit.py:634} INFO - 24/12/09 16:22:20 INFO SparkContext: Starting job: collect at WordCountJob.java:37
[2024-12-09T16:22:20.372+0000] {spark_submit.py:634} INFO - 24/12/09 16:22:20 INFO DAGScheduler: Registering RDD 2 (mapToPair at WordCountJob.java:33) as input to shuffle 0
[2024-12-09T16:22:20.393+0000] {spark_submit.py:634} INFO - 24/12/09 16:22:20 INFO DAGScheduler: Got job 0 (collect at WordCountJob.java:37) with 1 output partitions
[2024-12-09T16:22:20.401+0000] {spark_submit.py:634} INFO - 24/12/09 16:22:20 INFO DAGScheduler: Final stage: ResultStage 1 (collect at WordCountJob.java:37)
[2024-12-09T16:22:20.404+0000] {spark_submit.py:634} INFO - 24/12/09 16:22:20 INFO DAGScheduler: Parents of final stage: List(ShuffleMapStage 0)
[2024-12-09T16:22:20.410+0000] {spark_submit.py:634} INFO - 24/12/09 16:22:20 INFO DAGScheduler: Missing parents: List(ShuffleMapStage 0)
[2024-12-09T16:22:20.430+0000] {spark_submit.py:634} INFO - 24/12/09 16:22:20 INFO DAGScheduler: Submitting ShuffleMapStage 0 (MapPartitionsRDD[2] at mapToPair at WordCountJob.java:33), which has no missing parents
[2024-12-09T16:22:20.839+0000] {spark_submit.py:634} INFO - 24/12/09 16:22:20 INFO MemoryStore: Block broadcast_0 stored as values in memory (estimated size 6.4 KiB, free 434.4 MiB)
[2024-12-09T16:22:20.934+0000] {spark_submit.py:634} INFO - 24/12/09 16:22:20 INFO MemoryStore: Block broadcast_0_piece0 stored as bytes in memory (estimated size 3.4 KiB, free 434.4 MiB)
[2024-12-09T16:22:20.942+0000] {spark_submit.py:634} INFO - 24/12/09 16:22:20 INFO BlockManagerInfo: Added broadcast_0_piece0 in memory on 2a892a3469ec:40863 (size: 3.4 KiB, free: 434.4 MiB)
[2024-12-09T16:22:20.947+0000] {spark_submit.py:634} INFO - 24/12/09 16:22:20 INFO SparkContext: Created broadcast 0 from broadcast at DAGScheduler.scala:1585
[2024-12-09T16:22:20.971+0000] {spark_submit.py:634} INFO - 24/12/09 16:22:20 INFO DAGScheduler: Submitting 1 missing tasks from ShuffleMapStage 0 (MapPartitionsRDD[2] at mapToPair at WordCountJob.java:33) (first 15 tasks are for partitions Vector(0))
[2024-12-09T16:22:20.974+0000] {spark_submit.py:634} INFO - 24/12/09 16:22:20 INFO TaskSchedulerImpl: Adding task set 0.0 with 1 tasks resource profile 0
[2024-12-09T16:22:21.092+0000] {spark_submit.py:634} INFO - 24/12/09 16:22:21 INFO TaskSetManager: Starting task 0.0 in stage 0.0 (TID 0) (2a892a3469ec, executor driver, partition 0, PROCESS_LOCAL, 9249 bytes)
[2024-12-09T16:22:21.168+0000] {spark_submit.py:634} INFO - 24/12/09 16:22:21 INFO Executor: Running task 0.0 in stage 0.0 (TID 0)
[2024-12-09T16:22:21.397+0000] {spark_submit.py:634} INFO - 24/12/09 16:22:21 INFO Executor: Finished task 0.0 in stage 0.0 (TID 0). 1216 bytes result sent to driver
[2024-12-09T16:22:21.423+0000] {spark_submit.py:634} INFO - 24/12/09 16:22:21 INFO TaskSetManager: Finished task 0.0 in stage 0.0 (TID 0) in 397 ms on 2a892a3469ec (executor driver) (1/1)
[2024-12-09T16:22:21.424+0000] {spark_submit.py:634} INFO - 24/12/09 16:22:21 INFO TaskSchedulerImpl: Removed TaskSet 0.0, whose tasks have all completed, from pool
[2024-12-09T16:22:21.430+0000] {spark_submit.py:634} INFO - 24/12/09 16:22:21 INFO DAGScheduler: ShuffleMapStage 0 (mapToPair at WordCountJob.java:33) finished in 0.928 s
[2024-12-09T16:22:21.433+0000] {spark_submit.py:634} INFO - 24/12/09 16:22:21 INFO DAGScheduler: looking for newly runnable stages
[2024-12-09T16:22:21.433+0000] {spark_submit.py:634} INFO - 24/12/09 16:22:21 INFO DAGScheduler: running: Set()
[2024-12-09T16:22:21.434+0000] {spark_submit.py:634} INFO - 24/12/09 16:22:21 INFO DAGScheduler: waiting: Set(ResultStage 1)
[2024-12-09T16:22:21.434+0000] {spark_submit.py:634} INFO - 24/12/09 16:22:21 INFO DAGScheduler: failed: Set()
[2024-12-09T16:22:21.435+0000] {spark_submit.py:634} INFO - 24/12/09 16:22:21 INFO DAGScheduler: Submitting ResultStage 1 (ShuffledRDD[3] at reduceByKey at WordCountJob.java:34), which has no missing parents
[2024-12-09T16:22:21.444+0000] {spark_submit.py:634} INFO - 24/12/09 16:22:21 INFO MemoryStore: Block broadcast_1 stored as values in memory (estimated size 5.2 KiB, free 434.4 MiB)
[2024-12-09T16:22:21.447+0000] {spark_submit.py:634} INFO - 24/12/09 16:22:21 INFO MemoryStore: Block broadcast_1_piece0 stored as bytes in memory (estimated size 2.9 KiB, free 434.4 MiB)
[2024-12-09T16:22:21.448+0000] {spark_submit.py:634} INFO - 24/12/09 16:22:21 INFO BlockManagerInfo: Added broadcast_1_piece0 in memory on 2a892a3469ec:40863 (size: 2.9 KiB, free: 434.4 MiB)
[2024-12-09T16:22:21.448+0000] {spark_submit.py:634} INFO - 24/12/09 16:22:21 INFO SparkContext: Created broadcast 1 from broadcast at DAGScheduler.scala:1585
[2024-12-09T16:22:21.454+0000] {spark_submit.py:634} INFO - 24/12/09 16:22:21 INFO DAGScheduler: Submitting 1 missing tasks from ResultStage 1 (ShuffledRDD[3] at reduceByKey at WordCountJob.java:34) (first 15 tasks are for partitions Vector(0))
[2024-12-09T16:22:21.455+0000] {spark_submit.py:634} INFO - 24/12/09 16:22:21 INFO TaskSchedulerImpl: Adding task set 1.0 with 1 tasks resource profile 0
[2024-12-09T16:22:21.463+0000] {spark_submit.py:634} INFO - 24/12/09 16:22:21 INFO TaskSetManager: Starting task 0.0 in stage 1.0 (TID 1) (2a892a3469ec, executor driver, partition 0, NODE_LOCAL, 9002 bytes)
[2024-12-09T16:22:21.469+0000] {spark_submit.py:634} INFO - 24/12/09 16:22:21 INFO Executor: Running task 0.0 in stage 1.0 (TID 1)
[2024-12-09T16:22:21.572+0000] {spark_submit.py:634} INFO - 24/12/09 16:22:21 INFO ShuffleBlockFetcherIterator: Getting 1 (189.0 B) non-empty blocks including 1 (189.0 B) local and 0 (0.0 B) host-local and 0 (0.0 B) push-merged-local and 0 (0.0 B) remote blocks
[2024-12-09T16:22:21.627+0000] {spark_submit.py:634} INFO - 24/12/09 16:22:21 INFO ShuffleBlockFetcherIterator: Started 0 remote fetches in 74 ms
[2024-12-09T16:22:21.673+0000] {spark_submit.py:634} INFO - 24/12/09 16:22:21 INFO Executor: Finished task 0.0 in stage 1.0 (TID 1). 2001 bytes result sent to driver
[2024-12-09T16:22:21.677+0000] {spark_submit.py:634} INFO - 24/12/09 16:22:21 INFO TaskSetManager: Finished task 0.0 in stage 1.0 (TID 1) in 217 ms on 2a892a3469ec (executor driver) (1/1)
[2024-12-09T16:22:21.678+0000] {spark_submit.py:634} INFO - 24/12/09 16:22:21 INFO TaskSchedulerImpl: Removed TaskSet 1.0, whose tasks have all completed, from pool
[2024-12-09T16:22:21.682+0000] {spark_submit.py:634} INFO - 24/12/09 16:22:21 INFO DAGScheduler: ResultStage 1 (collect at WordCountJob.java:37) finished in 0.240 s
[2024-12-09T16:22:21.688+0000] {spark_submit.py:634} INFO - 24/12/09 16:22:21 INFO DAGScheduler: Job 0 is finished. Cancelling potential speculative or zombie tasks for this job
[2024-12-09T16:22:21.699+0000] {spark_submit.py:634} INFO - 24/12/09 16:22:21 INFO TaskSchedulerImpl: Killing all running tasks in stage 1: Stage finished
[2024-12-09T16:22:21.702+0000] {spark_submit.py:634} INFO - 24/12/09 16:22:21 INFO DAGScheduler: Job 0 finished: collect at WordCountJob.java:37, took 1.370918 s
[2024-12-09T16:22:21.705+0000] {spark_submit.py:634} INFO - spark: 1
[2024-12-09T16:22:21.705+0000] {spark_submit.py:634} INFO - docker: 1
[2024-12-09T16:22:21.706+0000] {spark_submit.py:634} INFO - Yusuf: 1
[2024-12-09T16:22:21.706+0000] {spark_submit.py:634} INFO - hello: 5
[2024-12-09T16:22:21.707+0000] {spark_submit.py:634} INFO - java: 1
[2024-12-09T16:22:21.707+0000] {spark_submit.py:634} INFO - world: 1
[2024-12-09T16:22:21.708+0000] {spark_submit.py:634} INFO - 24/12/09 16:22:21 INFO SparkContext: SparkContext is stopping with exitCode 0.
[2024-12-09T16:22:21.718+0000] {spark_submit.py:634} INFO - 24/12/09 16:22:21 INFO SparkUI: Stopped Spark web UI at http://2a892a3469ec:4041
[2024-12-09T16:22:21.739+0000] {spark_submit.py:634} INFO - 24/12/09 16:22:21 INFO MapOutputTrackerMasterEndpoint: MapOutputTrackerMasterEndpoint stopped!
[2024-12-09T16:22:21.772+0000] {spark_submit.py:634} INFO - 24/12/09 16:22:21 INFO MemoryStore: MemoryStore cleared
[2024-12-09T16:22:21.773+0000] {spark_submit.py:634} INFO - 24/12/09 16:22:21 INFO BlockManager: BlockManager stopped
[2024-12-09T16:22:21.780+0000] {spark_submit.py:634} INFO - 24/12/09 16:22:21 INFO BlockManagerMaster: BlockManagerMaster stopped
[2024-12-09T16:22:21.782+0000] {spark_submit.py:634} INFO - 24/12/09 16:22:21 INFO OutputCommitCoordinator$OutputCommitCoordinatorEndpoint: OutputCommitCoordinator stopped!
[2024-12-09T16:22:21.794+0000] {spark_submit.py:634} INFO - 24/12/09 16:22:21 INFO SparkContext: Successfully stopped SparkContext
[2024-12-09T16:22:21.796+0000] {spark_submit.py:634} INFO - 24/12/09 16:22:21 INFO ShutdownHookManager: Shutdown hook called
[2024-12-09T16:22:21.797+0000] {spark_submit.py:634} INFO - 24/12/09 16:22:21 INFO ShutdownHookManager: Deleting directory /tmp/spark-eafc4577-8a33-4551-ac2f-ef4d131855e3
[2024-12-09T16:22:21.802+0000] {spark_submit.py:634} INFO - 24/12/09 16:22:21 INFO ShutdownHookManager: Deleting directory /tmp/spark-564be860-a651-4cf6-ad41-cd6b6199e8ce
[2024-12-09T16:22:21.873+0000] {taskinstance.py:340} INFO - ::group::Post task execution logs
[2024-12-09T16:22:21.874+0000] {taskinstance.py:352} INFO - Marking task as SUCCESS. dag_id=sparking_flow, task_id=java_job, run_id=manual__2024-12-09T16:22:13.837142+00:00, execution_date=20241209T162213, start_date=20241209T162215, end_date=20241209T162221
[2024-12-09T16:22:21.901+0000] {local_task_job_runner.py:266} INFO - Task exited with return code 0
[2024-12-09T16:22:21.932+0000] {taskinstance.py:3895} INFO - 0 downstream tasks scheduled from follow-on schedule check
[2024-12-09T16:22:21.934+0000] {local_task_job_runner.py:245} INFO - ::endgroup::
