[2024-12-09T15:20:22.098+0000] {local_task_job_runner.py:123} INFO - ::group::Pre task execution logs
[2024-12-09T15:20:22.124+0000] {taskinstance.py:2613} INFO - Dependencies all met for dep_context=non-requeueable deps ti=<TaskInstance: sparking_flow.scala_job manual__2024-12-09T15:20:19.814755+00:00 [queued]>
[2024-12-09T15:20:22.136+0000] {taskinstance.py:2613} INFO - Dependencies all met for dep_context=requeueable deps ti=<TaskInstance: sparking_flow.scala_job manual__2024-12-09T15:20:19.814755+00:00 [queued]>
[2024-12-09T15:20:22.137+0000] {taskinstance.py:2866} INFO - Starting attempt 1 of 1
[2024-12-09T15:20:22.160+0000] {taskinstance.py:2889} INFO - Executing <Task(SparkSubmitOperator): scala_job> on 2024-12-09 15:20:19.814755+00:00
[2024-12-09T15:20:22.168+0000] {standard_task_runner.py:104} INFO - Running: ['***', 'tasks', 'run', 'sparking_flow', 'scala_job', 'manual__2024-12-09T15:20:19.814755+00:00', '--job-id', '529', '--raw', '--subdir', 'DAGS_FOLDER/spark_***.py', '--cfg-path', '/tmp/tmpm22043nm']
[2024-12-09T15:20:22.170+0000] {logging_mixin.py:190} WARNING - /home/***/.local/lib/python3.12/site-packages/***/task/task_runner/standard_task_runner.py:70 DeprecationWarning: This process (pid=192) is multi-threaded, use of fork() may lead to deadlocks in the child.
[2024-12-09T15:20:22.177+0000] {standard_task_runner.py:105} INFO - Job 529: Subtask scala_job
[2024-12-09T15:20:22.177+0000] {standard_task_runner.py:72} INFO - Started process 196 to run task
[2024-12-09T15:20:22.265+0000] {task_command.py:467} INFO - Running <TaskInstance: sparking_flow.scala_job manual__2024-12-09T15:20:19.814755+00:00 [running]> on host 2a892a3469ec
[2024-12-09T15:20:22.491+0000] {taskinstance.py:3132} INFO - Exporting env vars: AIRFLOW_CTX_DAG_OWNER='Yusuf Ganiyu' AIRFLOW_CTX_DAG_ID='sparking_flow' AIRFLOW_CTX_TASK_ID='scala_job' AIRFLOW_CTX_EXECUTION_DATE='2024-12-09T15:20:19.814755+00:00' AIRFLOW_CTX_TRY_NUMBER='1' AIRFLOW_CTX_DAG_RUN_ID='manual__2024-12-09T15:20:19.814755+00:00'
[2024-12-09T15:20:22.494+0000] {taskinstance.py:731} INFO - ::endgroup::
[2024-12-09T15:20:22.526+0000] {base.py:84} INFO - Retrieving connection 'spark-conn'
[2024-12-09T15:20:22.528+0000] {spark_submit.py:473} INFO - Spark-Submit cmd: spark-submit --master spark://sparkingflow-spark-master-1:7077 --name arrow-spark --deploy-mode client jobs/scala/target/scala-2.12/word-count_2.12-0.1.jar
[2024-12-09T15:20:28.934+0000] {spark_submit.py:634} INFO - 24/12/09 15:20:28 WARN NativeCodeLoader: Unable to load native-hadoop library for your platform... using builtin-java classes where applicable
[2024-12-09T15:20:29.560+0000] {spark_submit.py:634} INFO - 24/12/09 15:20:29 INFO SparkContext: Running Spark version 3.5.3
[2024-12-09T15:20:29.562+0000] {spark_submit.py:634} INFO - 24/12/09 15:20:29 INFO SparkContext: OS info Linux, 6.10.14-linuxkit, aarch64
[2024-12-09T15:20:29.564+0000] {spark_submit.py:634} INFO - 24/12/09 15:20:29 INFO SparkContext: Java version 17.0.13
[2024-12-09T15:20:29.658+0000] {spark_submit.py:634} INFO - 24/12/09 15:20:29 INFO ResourceUtils: ==============================================================
[2024-12-09T15:20:29.659+0000] {spark_submit.py:634} INFO - 24/12/09 15:20:29 INFO ResourceUtils: No custom resources configured for spark.driver.
[2024-12-09T15:20:29.660+0000] {spark_submit.py:634} INFO - 24/12/09 15:20:29 INFO ResourceUtils: ==============================================================
[2024-12-09T15:20:29.662+0000] {spark_submit.py:634} INFO - 24/12/09 15:20:29 INFO SparkContext: Submitted application: Word Count
[2024-12-09T15:20:29.760+0000] {spark_submit.py:634} INFO - 24/12/09 15:20:29 INFO ResourceProfile: Default ResourceProfile created, executor resources: Map(memory -> name: memory, amount: 1024, script: , vendor: , offHeap -> name: offHeap, amount: 0, script: , vendor: ), task resources: Map(cpus -> name: cpus, amount: 1.0)
[2024-12-09T15:20:29.796+0000] {spark_submit.py:634} INFO - 24/12/09 15:20:29 INFO ResourceProfile: Limiting resource is cpu
[2024-12-09T15:20:29.811+0000] {spark_submit.py:634} INFO - 24/12/09 15:20:29 INFO ResourceProfileManager: Added ResourceProfile id: 0
[2024-12-09T15:20:29.963+0000] {spark_submit.py:634} INFO - 24/12/09 15:20:29 INFO SecurityManager: Changing view acls to: ***
[2024-12-09T15:20:29.965+0000] {spark_submit.py:634} INFO - 24/12/09 15:20:29 INFO SecurityManager: Changing modify acls to: ***
[2024-12-09T15:20:29.968+0000] {spark_submit.py:634} INFO - 24/12/09 15:20:29 INFO SecurityManager: Changing view acls groups to:
[2024-12-09T15:20:29.971+0000] {spark_submit.py:634} INFO - 24/12/09 15:20:29 INFO SecurityManager: Changing modify acls groups to:
[2024-12-09T15:20:29.981+0000] {spark_submit.py:634} INFO - 24/12/09 15:20:29 INFO SecurityManager: SecurityManager: authentication disabled; ui acls disabled; users with view permissions: ***; groups with view permissions: EMPTY; users with modify permissions: ***; groups with modify permissions: EMPTY
[2024-12-09T15:20:30.602+0000] {spark_submit.py:634} INFO - 24/12/09 15:20:30 INFO Utils: Successfully started service 'sparkDriver' on port 34591.
[2024-12-09T15:20:30.653+0000] {spark_submit.py:634} INFO - 24/12/09 15:20:30 INFO SparkEnv: Registering MapOutputTracker
[2024-12-09T15:20:30.750+0000] {spark_submit.py:634} INFO - 24/12/09 15:20:30 INFO SparkEnv: Registering BlockManagerMaster
[2024-12-09T15:20:30.793+0000] {spark_submit.py:634} INFO - 24/12/09 15:20:30 INFO BlockManagerMasterEndpoint: Using org.apache.spark.storage.DefaultTopologyMapper for getting topology information
[2024-12-09T15:20:30.800+0000] {spark_submit.py:634} INFO - 24/12/09 15:20:30 INFO BlockManagerMasterEndpoint: BlockManagerMasterEndpoint up
[2024-12-09T15:20:30.815+0000] {spark_submit.py:634} INFO - 24/12/09 15:20:30 INFO SparkEnv: Registering BlockManagerMasterHeartbeat
[2024-12-09T15:20:30.898+0000] {spark_submit.py:634} INFO - 24/12/09 15:20:30 INFO DiskBlockManager: Created local directory at /tmp/blockmgr-f7bcce79-096e-48cf-b527-bba2c27b3ed5
[2024-12-09T15:20:30.937+0000] {spark_submit.py:634} INFO - 24/12/09 15:20:30 INFO MemoryStore: MemoryStore started with capacity 434.4 MiB
[2024-12-09T15:20:30.968+0000] {spark_submit.py:634} INFO - 24/12/09 15:20:30 INFO SparkEnv: Registering OutputCommitCoordinator
[2024-12-09T15:20:31.534+0000] {spark_submit.py:634} INFO - 24/12/09 15:20:31 INFO JettyUtils: Start Jetty 0.0.0.0:4040 for SparkUI
[2024-12-09T15:20:31.678+0000] {spark_submit.py:634} INFO - 24/12/09 15:20:31 WARN Utils: Service 'SparkUI' could not bind on port 4040. Attempting port 4041.
[2024-12-09T15:20:31.726+0000] {spark_submit.py:634} INFO - 24/12/09 15:20:31 INFO Utils: Successfully started service 'SparkUI' on port 4041.
[2024-12-09T15:20:31.812+0000] {spark_submit.py:634} INFO - 24/12/09 15:20:31 INFO SparkContext: Added JAR file:/opt/***/jobs/scala/target/scala-2.12/word-count_2.12-0.1.jar at spark://2a892a3469ec:34591/jars/word-count_2.12-0.1.jar with timestamp 1733757629530
[2024-12-09T15:20:32.019+0000] {spark_submit.py:634} INFO - 24/12/09 15:20:32 INFO StandaloneAppClient$ClientEndpoint: Connecting to master spark://spark-master:7077...
[2024-12-09T15:20:32.175+0000] {spark_submit.py:634} INFO - 24/12/09 15:20:32 INFO TransportClientFactory: Successfully created connection to spark-master/172.18.0.5:7077 after 86 ms (0 ms spent in bootstraps)
[2024-12-09T15:20:32.639+0000] {spark_submit.py:634} INFO - 24/12/09 15:20:32 INFO StandaloneSchedulerBackend: Connected to Spark cluster with app ID app-20241209152032-0000
[2024-12-09T15:20:32.715+0000] {spark_submit.py:634} INFO - 24/12/09 15:20:32 INFO Utils: Successfully started service 'org.apache.spark.network.netty.NettyBlockTransferService' on port 45393.
[2024-12-09T15:20:32.721+0000] {spark_submit.py:634} INFO - 24/12/09 15:20:32 INFO NettyBlockTransferService: Server created on 2a892a3469ec:45393
[2024-12-09T15:20:32.728+0000] {spark_submit.py:634} INFO - 24/12/09 15:20:32 INFO BlockManager: Using org.apache.spark.storage.RandomBlockReplicationPolicy for block replication policy
[2024-12-09T15:20:32.750+0000] {spark_submit.py:634} INFO - 24/12/09 15:20:32 INFO BlockManagerMaster: Registering BlockManager BlockManagerId(driver, 2a892a3469ec, 45393, None)
[2024-12-09T15:20:32.785+0000] {spark_submit.py:634} INFO - 24/12/09 15:20:32 INFO StandaloneAppClient$ClientEndpoint: Executor added: app-20241209152032-0000/0 on worker-20241209151906-172.18.0.7-35423 (172.18.0.7:35423) with 2 core(s)
[2024-12-09T15:20:32.786+0000] {spark_submit.py:634} INFO - 24/12/09 15:20:32 INFO BlockManagerMasterEndpoint: Registering block manager 2a892a3469ec:45393 with 434.4 MiB RAM, BlockManagerId(driver, 2a892a3469ec, 45393, None)
[2024-12-09T15:20:32.822+0000] {spark_submit.py:634} INFO - 24/12/09 15:20:32 INFO BlockManagerMaster: Registered BlockManager BlockManagerId(driver, 2a892a3469ec, 45393, None)
[2024-12-09T15:20:32.826+0000] {spark_submit.py:634} INFO - 24/12/09 15:20:32 INFO BlockManager: Initialized BlockManager: BlockManagerId(driver, 2a892a3469ec, 45393, None)
[2024-12-09T15:20:32.837+0000] {spark_submit.py:634} INFO - 24/12/09 15:20:32 INFO StandaloneSchedulerBackend: Granted executor ID app-20241209152032-0000/0 on hostPort 172.18.0.7:35423 with 2 core(s), 1024.0 MiB RAM
[2024-12-09T15:20:33.697+0000] {spark_submit.py:634} INFO - 24/12/09 15:20:33 INFO StandaloneAppClient$ClientEndpoint: Executor updated: app-20241209152032-0000/0 is now RUNNING
[2024-12-09T15:20:33.797+0000] {spark_submit.py:634} INFO - 24/12/09 15:20:33 INFO StandaloneSchedulerBackend: SchedulerBackend is ready for scheduling beginning after reached minRegisteredResourcesRatio: 0.0
[2024-12-09T15:20:35.646+0000] {spark_submit.py:634} INFO - 24/12/09 15:20:35 INFO SparkContext: Starting job: collect at wordcount.scala:14
[2024-12-09T15:20:37.732+0000] {spark_submit.py:634} INFO - 24/12/09 15:20:37 INFO DAGScheduler: Registering RDD 2 (map at wordcount.scala:11) as input to shuffle 0
[2024-12-09T15:20:37.770+0000] {spark_submit.py:634} INFO - 24/12/09 15:20:37 INFO DAGScheduler: Got job 0 (collect at wordcount.scala:14) with 2 output partitions
[2024-12-09T15:20:37.776+0000] {spark_submit.py:634} INFO - 24/12/09 15:20:37 INFO DAGScheduler: Final stage: ResultStage 1 (collect at wordcount.scala:14)
[2024-12-09T15:20:37.780+0000] {spark_submit.py:634} INFO - 24/12/09 15:20:37 INFO DAGScheduler: Parents of final stage: List(ShuffleMapStage 0)
[2024-12-09T15:20:37.795+0000] {spark_submit.py:634} INFO - 24/12/09 15:20:37 INFO DAGScheduler: Missing parents: List(ShuffleMapStage 0)
[2024-12-09T15:20:37.814+0000] {spark_submit.py:634} INFO - 24/12/09 15:20:37 INFO DAGScheduler: Submitting ShuffleMapStage 0 (MapPartitionsRDD[2] at map at wordcount.scala:11), which has no missing parents
[2024-12-09T15:20:38.444+0000] {spark_submit.py:634} INFO - 24/12/09 15:20:38 INFO MemoryStore: Block broadcast_0 stored as values in memory (estimated size 5.5 KiB, free 434.4 MiB)
[2024-12-09T15:20:38.732+0000] {spark_submit.py:634} INFO - 24/12/09 15:20:38 INFO MemoryStore: Block broadcast_0_piece0 stored as bytes in memory (estimated size 3.2 KiB, free 434.4 MiB)
[2024-12-09T15:20:38.746+0000] {spark_submit.py:634} INFO - 24/12/09 15:20:38 INFO BlockManagerInfo: Added broadcast_0_piece0 in memory on 2a892a3469ec:45393 (size: 3.2 KiB, free: 434.4 MiB)
[2024-12-09T15:20:38.825+0000] {spark_submit.py:634} INFO - 24/12/09 15:20:38 INFO SparkContext: Created broadcast 0 from broadcast at DAGScheduler.scala:1585
[2024-12-09T15:20:38.886+0000] {spark_submit.py:634} INFO - 24/12/09 15:20:38 INFO DAGScheduler: Submitting 2 missing tasks from ShuffleMapStage 0 (MapPartitionsRDD[2] at map at wordcount.scala:11) (first 15 tasks are for partitions Vector(0, 1))
[2024-12-09T15:20:38.887+0000] {spark_submit.py:634} INFO - 24/12/09 15:20:38 INFO TaskSchedulerImpl: Adding task set 0.0 with 2 tasks resource profile 0
[2024-12-09T15:20:43.282+0000] {spark_submit.py:634} INFO - 24/12/09 15:20:43 INFO StandaloneSchedulerBackend$StandaloneDriverEndpoint: Registered executor NettyRpcEndpointRef(spark-client://Executor) (172.18.0.7:43032) with ID 0,  ResourceProfileId 0
[2024-12-09T15:20:43.526+0000] {spark_submit.py:634} INFO - 24/12/09 15:20:43 INFO BlockManagerMasterEndpoint: Registering block manager 172.18.0.7:44283 with 434.4 MiB RAM, BlockManagerId(0, 172.18.0.7, 44283, None)
[2024-12-09T15:20:43.915+0000] {spark_submit.py:634} INFO - 24/12/09 15:20:43 INFO TaskSetManager: Starting task 0.0 in stage 0.0 (TID 0) (172.18.0.7, executor 0, partition 0, PROCESS_LOCAL, 9198 bytes)
[2024-12-09T15:20:43.924+0000] {spark_submit.py:634} INFO - 24/12/09 15:20:43 INFO TaskSetManager: Starting task 1.0 in stage 0.0 (TID 1) (172.18.0.7, executor 0, partition 1, PROCESS_LOCAL, 9213 bytes)
[2024-12-09T15:20:44.458+0000] {spark_submit.py:634} INFO - 24/12/09 15:20:44 INFO BlockManagerInfo: Added broadcast_0_piece0 in memory on 172.18.0.7:44283 (size: 3.2 KiB, free: 434.4 MiB)
[2024-12-09T15:20:45.339+0000] {spark_submit.py:634} INFO - 24/12/09 15:20:45 INFO TaskSetManager: Finished task 0.0 in stage 0.0 (TID 0) in 1456 ms on 172.18.0.7 (executor 0) (1/2)
[2024-12-09T15:20:45.341+0000] {spark_submit.py:634} INFO - 24/12/09 15:20:45 INFO TaskSetManager: Finished task 1.0 in stage 0.0 (TID 1) in 1419 ms on 172.18.0.7 (executor 0) (2/2)
[2024-12-09T15:20:45.343+0000] {spark_submit.py:634} INFO - 24/12/09 15:20:45 INFO TaskSchedulerImpl: Removed TaskSet 0.0, whose tasks have all completed, from pool
[2024-12-09T15:20:45.355+0000] {spark_submit.py:634} INFO - 24/12/09 15:20:45 INFO DAGScheduler: ShuffleMapStage 0 (map at wordcount.scala:11) finished in 7.466 s
[2024-12-09T15:20:45.356+0000] {spark_submit.py:634} INFO - 24/12/09 15:20:45 INFO DAGScheduler: looking for newly runnable stages
[2024-12-09T15:20:45.357+0000] {spark_submit.py:634} INFO - 24/12/09 15:20:45 INFO DAGScheduler: running: Set()
[2024-12-09T15:20:45.357+0000] {spark_submit.py:634} INFO - 24/12/09 15:20:45 INFO DAGScheduler: waiting: Set(ResultStage 1)
[2024-12-09T15:20:45.358+0000] {spark_submit.py:634} INFO - 24/12/09 15:20:45 INFO DAGScheduler: failed: Set()
[2024-12-09T15:20:45.364+0000] {spark_submit.py:634} INFO - 24/12/09 15:20:45 INFO DAGScheduler: Submitting ResultStage 1 (ShuffledRDD[3] at reduceByKey at wordcount.scala:12), which has no missing parents
[2024-12-09T15:20:45.381+0000] {spark_submit.py:634} INFO - 24/12/09 15:20:45 INFO MemoryStore: Block broadcast_1 stored as values in memory (estimated size 5.2 KiB, free 434.4 MiB)
[2024-12-09T15:20:45.387+0000] {spark_submit.py:634} INFO - 24/12/09 15:20:45 INFO MemoryStore: Block broadcast_1_piece0 stored as bytes in memory (estimated size 3.1 KiB, free 434.4 MiB)
[2024-12-09T15:20:45.388+0000] {spark_submit.py:634} INFO - 24/12/09 15:20:45 INFO BlockManagerInfo: Added broadcast_1_piece0 in memory on 2a892a3469ec:45393 (size: 3.1 KiB, free: 434.4 MiB)
[2024-12-09T15:20:45.392+0000] {spark_submit.py:634} INFO - 24/12/09 15:20:45 INFO SparkContext: Created broadcast 1 from broadcast at DAGScheduler.scala:1585
[2024-12-09T15:20:45.396+0000] {spark_submit.py:634} INFO - 24/12/09 15:20:45 INFO DAGScheduler: Submitting 2 missing tasks from ResultStage 1 (ShuffledRDD[3] at reduceByKey at wordcount.scala:12) (first 15 tasks are for partitions Vector(0, 1))
[2024-12-09T15:20:45.397+0000] {spark_submit.py:634} INFO - 24/12/09 15:20:45 INFO TaskSchedulerImpl: Adding task set 1.0 with 2 tasks resource profile 0
[2024-12-09T15:20:45.406+0000] {spark_submit.py:634} INFO - 24/12/09 15:20:45 INFO TaskSetManager: Starting task 0.0 in stage 1.0 (TID 2) (172.18.0.7, executor 0, partition 0, NODE_LOCAL, 9003 bytes)
[2024-12-09T15:20:45.407+0000] {spark_submit.py:634} INFO - 24/12/09 15:20:45 INFO TaskSetManager: Starting task 1.0 in stage 1.0 (TID 3) (172.18.0.7, executor 0, partition 1, NODE_LOCAL, 9003 bytes)
[2024-12-09T15:20:45.447+0000] {spark_submit.py:634} INFO - 24/12/09 15:20:45 INFO BlockManagerInfo: Added broadcast_1_piece0 in memory on 172.18.0.7:44283 (size: 3.1 KiB, free: 434.4 MiB)
[2024-12-09T15:20:45.541+0000] {spark_submit.py:634} INFO - 24/12/09 15:20:45 INFO MapOutputTrackerMasterEndpoint: Asked to send map output locations for shuffle 0 to 172.18.0.7:43032
[2024-12-09T15:20:45.596+0000] {spark_submit.py:634} INFO - 24/12/09 15:20:45 INFO BlockManagerInfo: Removed broadcast_0_piece0 on 2a892a3469ec:45393 in memory (size: 3.2 KiB, free: 434.4 MiB)
[2024-12-09T15:20:45.613+0000] {spark_submit.py:634} INFO - 24/12/09 15:20:45 INFO BlockManagerInfo: Removed broadcast_0_piece0 on 172.18.0.7:44283 in memory (size: 3.2 KiB, free: 434.4 MiB)
[2024-12-09T15:20:45.730+0000] {spark_submit.py:634} INFO - 24/12/09 15:20:45 INFO TaskSetManager: Finished task 1.0 in stage 1.0 (TID 3) in 323 ms on 172.18.0.7 (executor 0) (1/2)
[2024-12-09T15:20:45.731+0000] {spark_submit.py:634} INFO - 24/12/09 15:20:45 INFO TaskSetManager: Finished task 0.0 in stage 1.0 (TID 2) in 329 ms on 172.18.0.7 (executor 0) (2/2)
[2024-12-09T15:20:45.732+0000] {spark_submit.py:634} INFO - 24/12/09 15:20:45 INFO TaskSchedulerImpl: Removed TaskSet 1.0, whose tasks have all completed, from pool
[2024-12-09T15:20:45.734+0000] {spark_submit.py:634} INFO - 24/12/09 15:20:45 INFO DAGScheduler: ResultStage 1 (collect at wordcount.scala:14) finished in 0.358 s
[2024-12-09T15:20:45.738+0000] {spark_submit.py:634} INFO - 24/12/09 15:20:45 INFO DAGScheduler: Job 0 is finished. Cancelling potential speculative or zombie tasks for this job
[2024-12-09T15:20:45.739+0000] {spark_submit.py:634} INFO - 24/12/09 15:20:45 INFO TaskSchedulerImpl: Killing all running tasks in stage 1: Stage finished
[2024-12-09T15:20:45.741+0000] {spark_submit.py:634} INFO - 24/12/09 15:20:45 INFO DAGScheduler: Job 0 finished: collect at wordcount.scala:14, took 10.095517 s
[2024-12-09T15:20:45.753+0000] {spark_submit.py:634} INFO - (Hello,5)
[2024-12-09T15:20:45.754+0000] {spark_submit.py:634} INFO - (Yusuf,1)
[2024-12-09T15:20:45.755+0000] {spark_submit.py:634} INFO - (World,1)
[2024-12-09T15:20:45.755+0000] {spark_submit.py:634} INFO - (Scala,1)
[2024-12-09T15:20:45.755+0000] {spark_submit.py:634} INFO - (Docker,1)
[2024-12-09T15:20:45.756+0000] {spark_submit.py:634} INFO - (spark,1)
[2024-12-09T15:20:45.756+0000] {spark_submit.py:634} INFO - 24/12/09 15:20:45 INFO SparkContext: SparkContext is stopping with exitCode 0.
[2024-12-09T15:20:45.764+0000] {spark_submit.py:634} INFO - 24/12/09 15:20:45 INFO SparkUI: Stopped Spark web UI at http://2a892a3469ec:4041
[2024-12-09T15:20:45.772+0000] {spark_submit.py:634} INFO - 24/12/09 15:20:45 INFO StandaloneSchedulerBackend: Shutting down all executors
[2024-12-09T15:20:45.772+0000] {spark_submit.py:634} INFO - 24/12/09 15:20:45 INFO StandaloneSchedulerBackend$StandaloneDriverEndpoint: Asking each executor to shut down
[2024-12-09T15:20:45.809+0000] {spark_submit.py:634} INFO - 24/12/09 15:20:45 INFO MapOutputTrackerMasterEndpoint: MapOutputTrackerMasterEndpoint stopped!
[2024-12-09T15:20:45.841+0000] {spark_submit.py:634} INFO - 24/12/09 15:20:45 INFO MemoryStore: MemoryStore cleared
[2024-12-09T15:20:45.842+0000] {spark_submit.py:634} INFO - 24/12/09 15:20:45 INFO BlockManager: BlockManager stopped
[2024-12-09T15:20:45.849+0000] {spark_submit.py:634} INFO - 24/12/09 15:20:45 INFO BlockManagerMaster: BlockManagerMaster stopped
[2024-12-09T15:20:45.853+0000] {spark_submit.py:634} INFO - 24/12/09 15:20:45 INFO OutputCommitCoordinator$OutputCommitCoordinatorEndpoint: OutputCommitCoordinator stopped!
[2024-12-09T15:20:45.879+0000] {spark_submit.py:634} INFO - 24/12/09 15:20:45 INFO SparkContext: Successfully stopped SparkContext
[2024-12-09T15:20:45.884+0000] {spark_submit.py:634} INFO - 24/12/09 15:20:45 INFO ShutdownHookManager: Shutdown hook called
[2024-12-09T15:20:45.885+0000] {spark_submit.py:634} INFO - 24/12/09 15:20:45 INFO ShutdownHookManager: Deleting directory /tmp/spark-c7f487e9-b2ab-4e58-b2c1-6e70b3bb9c3e
[2024-12-09T15:20:45.892+0000] {spark_submit.py:634} INFO - 24/12/09 15:20:45 INFO ShutdownHookManager: Deleting directory /tmp/spark-de6c8761-3230-46eb-8599-13ca7468b3a4
[2024-12-09T15:20:45.998+0000] {taskinstance.py:340} INFO - ::group::Post task execution logs
[2024-12-09T15:20:45.999+0000] {taskinstance.py:352} INFO - Marking task as SUCCESS. dag_id=sparking_flow, task_id=scala_job, run_id=manual__2024-12-09T15:20:19.814755+00:00, execution_date=20241209T152019, start_date=20241209T152022, end_date=20241209T152045
[2024-12-09T15:20:46.043+0000] {local_task_job_runner.py:266} INFO - Task exited with return code 0
[2024-12-09T15:20:46.077+0000] {taskinstance.py:3895} INFO - 0 downstream tasks scheduled from follow-on schedule check
[2024-12-09T15:20:46.078+0000] {local_task_job_runner.py:245} INFO - ::endgroup::
