[2024-12-09T10:24:44.987+0000] {local_task_job_runner.py:123} INFO - ::group::Pre task execution logs
[2024-12-09T10:24:45.004+0000] {taskinstance.py:2613} INFO - Dependencies all met for dep_context=non-requeueable deps ti=<TaskInstance: sparking_flow.java_job manual__2024-12-09T10:24:43.520004+00:00 [queued]>
[2024-12-09T10:24:45.012+0000] {taskinstance.py:2613} INFO - Dependencies all met for dep_context=requeueable deps ti=<TaskInstance: sparking_flow.java_job manual__2024-12-09T10:24:43.520004+00:00 [queued]>
[2024-12-09T10:24:45.014+0000] {taskinstance.py:2866} INFO - Starting attempt 1 of 1
[2024-12-09T10:24:45.026+0000] {taskinstance.py:2889} INFO - Executing <Task(SparkSubmitOperator): java_job> on 2024-12-09 10:24:43.520004+00:00
[2024-12-09T10:24:45.034+0000] {logging_mixin.py:190} WARNING - /home/***/.local/lib/python3.12/site-packages/***/task/task_runner/standard_task_runner.py:70 DeprecationWarning: This process (pid=185) is multi-threaded, use of fork() may lead to deadlocks in the child.
[2024-12-09T10:24:45.034+0000] {standard_task_runner.py:104} INFO - Running: ['***', 'tasks', 'run', 'sparking_flow', 'java_job', 'manual__2024-12-09T10:24:43.520004+00:00', '--job-id', '302', '--raw', '--subdir', 'DAGS_FOLDER/spark_***.py', '--cfg-path', '/tmp/tmpazti920r']
[2024-12-09T10:24:45.039+0000] {standard_task_runner.py:72} INFO - Started process 188 to run task
[2024-12-09T10:24:45.041+0000] {standard_task_runner.py:105} INFO - Job 302: Subtask java_job
[2024-12-09T10:24:45.097+0000] {task_command.py:467} INFO - Running <TaskInstance: sparking_flow.java_job manual__2024-12-09T10:24:43.520004+00:00 [running]> on host 2a892a3469ec
[2024-12-09T10:24:45.167+0000] {taskinstance.py:3132} INFO - Exporting env vars: AIRFLOW_CTX_DAG_OWNER='Yusuf Ganiyu' AIRFLOW_CTX_DAG_ID='sparking_flow' AIRFLOW_CTX_TASK_ID='java_job' AIRFLOW_CTX_EXECUTION_DATE='2024-12-09T10:24:43.520004+00:00' AIRFLOW_CTX_TRY_NUMBER='1' AIRFLOW_CTX_DAG_RUN_ID='manual__2024-12-09T10:24:43.520004+00:00'
[2024-12-09T10:24:45.168+0000] {taskinstance.py:731} INFO - ::endgroup::
[2024-12-09T10:24:45.191+0000] {base.py:84} INFO - Retrieving connection 'spark-conn'
[2024-12-09T10:24:45.192+0000] {spark_submit.py:473} INFO - Spark-Submit cmd: spark-submit --master spark://sparkingflow-spark-master-1:7077 --name arrow-spark --class com.airscholar.spark.WordCountJob --deploy-mode client jobs/java/spark-job/target/spark-job-1.0-SNAPSHOT.jar
[2024-12-09T10:24:47.974+0000] {spark_submit.py:634} INFO - 24/12/09 10:24:47 INFO SparkContext: Running Spark version 3.5.3
[2024-12-09T10:24:47.978+0000] {spark_submit.py:634} INFO - 24/12/09 10:24:47 INFO SparkContext: OS info Linux, 6.10.14-linuxkit, aarch64
[2024-12-09T10:24:47.980+0000] {spark_submit.py:634} INFO - 24/12/09 10:24:47 INFO SparkContext: Java version 17.0.13
[2024-12-09T10:24:48.068+0000] {spark_submit.py:634} INFO - 24/12/09 10:24:48 WARN NativeCodeLoader: Unable to load native-hadoop library for your platform... using builtin-java classes where applicable
[2024-12-09T10:24:48.195+0000] {spark_submit.py:634} INFO - 24/12/09 10:24:48 INFO ResourceUtils: ==============================================================
[2024-12-09T10:24:48.196+0000] {spark_submit.py:634} INFO - 24/12/09 10:24:48 INFO ResourceUtils: No custom resources configured for spark.driver.
[2024-12-09T10:24:48.197+0000] {spark_submit.py:634} INFO - 24/12/09 10:24:48 INFO ResourceUtils: ==============================================================
[2024-12-09T10:24:48.197+0000] {spark_submit.py:634} INFO - 24/12/09 10:24:48 INFO SparkContext: Submitted application: Word Count Job
[2024-12-09T10:24:48.226+0000] {spark_submit.py:634} INFO - 24/12/09 10:24:48 INFO ResourceProfile: Default ResourceProfile created, executor resources: Map(cores -> name: cores, amount: 1, script: , vendor: , memory -> name: memory, amount: 1024, script: , vendor: , offHeap -> name: offHeap, amount: 0, script: , vendor: ), task resources: Map(cpus -> name: cpus, amount: 1.0)
[2024-12-09T10:24:48.240+0000] {spark_submit.py:634} INFO - 24/12/09 10:24:48 INFO ResourceProfile: Limiting resource is cpu
[2024-12-09T10:24:48.241+0000] {spark_submit.py:634} INFO - 24/12/09 10:24:48 INFO ResourceProfileManager: Added ResourceProfile id: 0
[2024-12-09T10:24:48.312+0000] {spark_submit.py:634} INFO - 24/12/09 10:24:48 INFO SecurityManager: Changing view acls to: ***
[2024-12-09T10:24:48.313+0000] {spark_submit.py:634} INFO - 24/12/09 10:24:48 INFO SecurityManager: Changing modify acls to: ***
[2024-12-09T10:24:48.314+0000] {spark_submit.py:634} INFO - 24/12/09 10:24:48 INFO SecurityManager: Changing view acls groups to:
[2024-12-09T10:24:48.314+0000] {spark_submit.py:634} INFO - 24/12/09 10:24:48 INFO SecurityManager: Changing modify acls groups to:
[2024-12-09T10:24:48.315+0000] {spark_submit.py:634} INFO - 24/12/09 10:24:48 INFO SecurityManager: SecurityManager: authentication disabled; ui acls disabled; users with view permissions: ***; groups with view permissions: EMPTY; users with modify permissions: ***; groups with modify permissions: EMPTY
[2024-12-09T10:24:48.599+0000] {spark_submit.py:634} INFO - 24/12/09 10:24:48 INFO Utils: Successfully started service 'sparkDriver' on port 33259.
[2024-12-09T10:24:48.639+0000] {spark_submit.py:634} INFO - 24/12/09 10:24:48 INFO SparkEnv: Registering MapOutputTracker
[2024-12-09T10:24:48.685+0000] {spark_submit.py:634} INFO - 24/12/09 10:24:48 INFO SparkEnv: Registering BlockManagerMaster
[2024-12-09T10:24:48.705+0000] {spark_submit.py:634} INFO - 24/12/09 10:24:48 INFO BlockManagerMasterEndpoint: Using org.apache.spark.storage.DefaultTopologyMapper for getting topology information
[2024-12-09T10:24:48.708+0000] {spark_submit.py:634} INFO - 24/12/09 10:24:48 INFO BlockManagerMasterEndpoint: BlockManagerMasterEndpoint up
[2024-12-09T10:24:48.715+0000] {spark_submit.py:634} INFO - 24/12/09 10:24:48 INFO SparkEnv: Registering BlockManagerMasterHeartbeat
[2024-12-09T10:24:48.737+0000] {spark_submit.py:634} INFO - 24/12/09 10:24:48 INFO DiskBlockManager: Created local directory at /tmp/blockmgr-12a01764-4b6f-4c20-b77f-76d43403c294
[2024-12-09T10:24:48.756+0000] {spark_submit.py:634} INFO - 24/12/09 10:24:48 INFO MemoryStore: MemoryStore started with capacity 434.4 MiB
[2024-12-09T10:24:48.778+0000] {spark_submit.py:634} INFO - 24/12/09 10:24:48 INFO SparkEnv: Registering OutputCommitCoordinator
[2024-12-09T10:24:48.962+0000] {spark_submit.py:634} INFO - 24/12/09 10:24:48 INFO JettyUtils: Start Jetty 0.0.0.0:4040 for SparkUI
[2024-12-09T10:24:49.040+0000] {spark_submit.py:634} INFO - 24/12/09 10:24:49 INFO Utils: Successfully started service 'SparkUI' on port 4040.
[2024-12-09T10:24:49.089+0000] {spark_submit.py:634} INFO - 24/12/09 10:24:49 INFO SparkContext: Added JAR file:/opt/***/jobs/java/spark-job/target/spark-job-1.0-SNAPSHOT.jar at spark://2a892a3469ec:33259/jars/spark-job-1.0-SNAPSHOT.jar with timestamp 1733739887945
[2024-12-09T10:24:49.172+0000] {spark_submit.py:634} INFO - 24/12/09 10:24:49 INFO Executor: Starting executor ID driver on host 2a892a3469ec
[2024-12-09T10:24:49.174+0000] {spark_submit.py:634} INFO - 24/12/09 10:24:49 INFO Executor: OS info Linux, 6.10.14-linuxkit, aarch64
[2024-12-09T10:24:49.175+0000] {spark_submit.py:634} INFO - 24/12/09 10:24:49 INFO Executor: Java version 17.0.13
[2024-12-09T10:24:49.180+0000] {spark_submit.py:634} INFO - 24/12/09 10:24:49 INFO Executor: Starting executor with user classpath (userClassPathFirst = false): ''
[2024-12-09T10:24:49.182+0000] {spark_submit.py:634} INFO - 24/12/09 10:24:49 INFO Executor: Created or updated repl class loader org.apache.spark.util.MutableURLClassLoader@38f77cd9 for default.
[2024-12-09T10:24:49.211+0000] {spark_submit.py:634} INFO - 24/12/09 10:24:49 INFO Executor: Fetching spark://2a892a3469ec:33259/jars/spark-job-1.0-SNAPSHOT.jar with timestamp 1733739887945
[2024-12-09T10:24:49.279+0000] {spark_submit.py:634} INFO - 24/12/09 10:24:49 INFO TransportClientFactory: Successfully created connection to 2a892a3469ec/172.18.0.4:33259 after 27 ms (0 ms spent in bootstraps)
[2024-12-09T10:24:49.287+0000] {spark_submit.py:634} INFO - 24/12/09 10:24:49 INFO Utils: Fetching spark://2a892a3469ec:33259/jars/spark-job-1.0-SNAPSHOT.jar to /tmp/spark-6cfe08c9-aefe-4f14-9ca3-82488359f22a/userFiles-3e61b45b-4326-4284-9ed5-5769521cfc7c/fetchFileTemp17595462208994299105.tmp
[2024-12-09T10:24:49.330+0000] {spark_submit.py:634} INFO - 24/12/09 10:24:49 INFO Executor: Adding file:/tmp/spark-6cfe08c9-aefe-4f14-9ca3-82488359f22a/userFiles-3e61b45b-4326-4284-9ed5-5769521cfc7c/spark-job-1.0-SNAPSHOT.jar to class loader default
[2024-12-09T10:24:49.340+0000] {spark_submit.py:634} INFO - 24/12/09 10:24:49 INFO Utils: Successfully started service 'org.apache.spark.network.netty.NettyBlockTransferService' on port 40387.
[2024-12-09T10:24:49.341+0000] {spark_submit.py:634} INFO - 24/12/09 10:24:49 INFO NettyBlockTransferService: Server created on 2a892a3469ec:40387
[2024-12-09T10:24:49.343+0000] {spark_submit.py:634} INFO - 24/12/09 10:24:49 INFO BlockManager: Using org.apache.spark.storage.RandomBlockReplicationPolicy for block replication policy
[2024-12-09T10:24:49.352+0000] {spark_submit.py:634} INFO - 24/12/09 10:24:49 INFO BlockManagerMaster: Registering BlockManager BlockManagerId(driver, 2a892a3469ec, 40387, None)
[2024-12-09T10:24:49.356+0000] {spark_submit.py:634} INFO - 24/12/09 10:24:49 INFO BlockManagerMasterEndpoint: Registering block manager 2a892a3469ec:40387 with 434.4 MiB RAM, BlockManagerId(driver, 2a892a3469ec, 40387, None)
[2024-12-09T10:24:49.358+0000] {spark_submit.py:634} INFO - 24/12/09 10:24:49 INFO BlockManagerMaster: Registered BlockManager BlockManagerId(driver, 2a892a3469ec, 40387, None)
[2024-12-09T10:24:49.359+0000] {spark_submit.py:634} INFO - 24/12/09 10:24:49 INFO BlockManager: Initialized BlockManager: BlockManagerId(driver, 2a892a3469ec, 40387, None)
[2024-12-09T10:24:50.197+0000] {spark_submit.py:634} INFO - 24/12/09 10:24:50 INFO SparkContext: Starting job: collect at WordCountJob.java:37
[2024-12-09T10:24:50.241+0000] {spark_submit.py:634} INFO - 24/12/09 10:24:50 INFO DAGScheduler: Registering RDD 2 (mapToPair at WordCountJob.java:33) as input to shuffle 0
[2024-12-09T10:24:50.247+0000] {spark_submit.py:634} INFO - 24/12/09 10:24:50 INFO DAGScheduler: Got job 0 (collect at WordCountJob.java:37) with 1 output partitions
[2024-12-09T10:24:50.248+0000] {spark_submit.py:634} INFO - 24/12/09 10:24:50 INFO DAGScheduler: Final stage: ResultStage 1 (collect at WordCountJob.java:37)
[2024-12-09T10:24:50.248+0000] {spark_submit.py:634} INFO - 24/12/09 10:24:50 INFO DAGScheduler: Parents of final stage: List(ShuffleMapStage 0)
[2024-12-09T10:24:50.254+0000] {spark_submit.py:634} INFO - 24/12/09 10:24:50 INFO DAGScheduler: Missing parents: List(ShuffleMapStage 0)
[2024-12-09T10:24:50.266+0000] {spark_submit.py:634} INFO - 24/12/09 10:24:50 INFO DAGScheduler: Submitting ShuffleMapStage 0 (MapPartitionsRDD[2] at mapToPair at WordCountJob.java:33), which has no missing parents
[2024-12-09T10:24:50.400+0000] {spark_submit.py:634} INFO - 24/12/09 10:24:50 INFO MemoryStore: Block broadcast_0 stored as values in memory (estimated size 6.4 KiB, free 434.4 MiB)
[2024-12-09T10:24:50.447+0000] {spark_submit.py:634} INFO - 24/12/09 10:24:50 INFO MemoryStore: Block broadcast_0_piece0 stored as bytes in memory (estimated size 3.4 KiB, free 434.4 MiB)
[2024-12-09T10:24:50.453+0000] {spark_submit.py:634} INFO - 24/12/09 10:24:50 INFO BlockManagerInfo: Added broadcast_0_piece0 in memory on 2a892a3469ec:40387 (size: 3.4 KiB, free: 434.4 MiB)
[2024-12-09T10:24:50.463+0000] {spark_submit.py:634} INFO - 24/12/09 10:24:50 INFO SparkContext: Created broadcast 0 from broadcast at DAGScheduler.scala:1585
[2024-12-09T10:24:50.503+0000] {spark_submit.py:634} INFO - 24/12/09 10:24:50 INFO DAGScheduler: Submitting 1 missing tasks from ShuffleMapStage 0 (MapPartitionsRDD[2] at mapToPair at WordCountJob.java:33) (first 15 tasks are for partitions Vector(0))
[2024-12-09T10:24:50.504+0000] {spark_submit.py:634} INFO - 24/12/09 10:24:50 INFO TaskSchedulerImpl: Adding task set 0.0 with 1 tasks resource profile 0
[2024-12-09T10:24:50.586+0000] {spark_submit.py:634} INFO - 24/12/09 10:24:50 INFO TaskSetManager: Starting task 0.0 in stage 0.0 (TID 0) (2a892a3469ec, executor driver, partition 0, PROCESS_LOCAL, 9249 bytes)
[2024-12-09T10:24:50.627+0000] {spark_submit.py:634} INFO - 24/12/09 10:24:50 INFO Executor: Running task 0.0 in stage 0.0 (TID 0)
[2024-12-09T10:24:50.868+0000] {spark_submit.py:634} INFO - 24/12/09 10:24:50 INFO Executor: Finished task 0.0 in stage 0.0 (TID 0). 1216 bytes result sent to driver
[2024-12-09T10:24:50.884+0000] {spark_submit.py:634} INFO - 24/12/09 10:24:50 INFO TaskSetManager: Finished task 0.0 in stage 0.0 (TID 0) in 332 ms on 2a892a3469ec (executor driver) (1/1)
[2024-12-09T10:24:50.886+0000] {spark_submit.py:634} INFO - 24/12/09 10:24:50 INFO TaskSchedulerImpl: Removed TaskSet 0.0, whose tasks have all completed, from pool
[2024-12-09T10:24:50.899+0000] {spark_submit.py:634} INFO - 24/12/09 10:24:50 INFO DAGScheduler: ShuffleMapStage 0 (mapToPair at WordCountJob.java:33) finished in 0.607 s
[2024-12-09T10:24:50.901+0000] {spark_submit.py:634} INFO - 24/12/09 10:24:50 INFO DAGScheduler: looking for newly runnable stages
[2024-12-09T10:24:50.904+0000] {spark_submit.py:634} INFO - 24/12/09 10:24:50 INFO DAGScheduler: running: Set()
[2024-12-09T10:24:50.904+0000] {spark_submit.py:634} INFO - 24/12/09 10:24:50 INFO DAGScheduler: waiting: Set(ResultStage 1)
[2024-12-09T10:24:50.905+0000] {spark_submit.py:634} INFO - 24/12/09 10:24:50 INFO DAGScheduler: failed: Set()
[2024-12-09T10:24:50.935+0000] {spark_submit.py:634} INFO - 24/12/09 10:24:50 INFO DAGScheduler: Submitting ResultStage 1 (ShuffledRDD[3] at reduceByKey at WordCountJob.java:34), which has no missing parents
[2024-12-09T10:24:50.987+0000] {spark_submit.py:634} INFO - 24/12/09 10:24:50 INFO MemoryStore: Block broadcast_1 stored as values in memory (estimated size 5.2 KiB, free 434.4 MiB)
[2024-12-09T10:24:51.010+0000] {spark_submit.py:634} INFO - 24/12/09 10:24:51 INFO MemoryStore: Block broadcast_1_piece0 stored as bytes in memory (estimated size 2.9 KiB, free 434.4 MiB)
[2024-12-09T10:24:51.018+0000] {spark_submit.py:634} INFO - 24/12/09 10:24:51 INFO BlockManagerInfo: Added broadcast_1_piece0 in memory on 2a892a3469ec:40387 (size: 2.9 KiB, free: 434.4 MiB)
[2024-12-09T10:24:51.021+0000] {spark_submit.py:634} INFO - 24/12/09 10:24:51 INFO SparkContext: Created broadcast 1 from broadcast at DAGScheduler.scala:1585
[2024-12-09T10:24:51.033+0000] {spark_submit.py:634} INFO - 24/12/09 10:24:51 INFO DAGScheduler: Submitting 1 missing tasks from ResultStage 1 (ShuffledRDD[3] at reduceByKey at WordCountJob.java:34) (first 15 tasks are for partitions Vector(0))
[2024-12-09T10:24:51.039+0000] {spark_submit.py:634} INFO - 24/12/09 10:24:51 INFO TaskSchedulerImpl: Adding task set 1.0 with 1 tasks resource profile 0
[2024-12-09T10:24:51.059+0000] {spark_submit.py:634} INFO - 24/12/09 10:24:51 INFO TaskSetManager: Starting task 0.0 in stage 1.0 (TID 1) (2a892a3469ec, executor driver, partition 0, NODE_LOCAL, 9002 bytes)
[2024-12-09T10:24:51.062+0000] {spark_submit.py:634} INFO - 24/12/09 10:24:51 INFO Executor: Running task 0.0 in stage 1.0 (TID 1)
[2024-12-09T10:24:51.175+0000] {spark_submit.py:634} INFO - 24/12/09 10:24:51 INFO ShuffleBlockFetcherIterator: Getting 1 (189.0 B) non-empty blocks including 1 (189.0 B) local and 0 (0.0 B) host-local and 0 (0.0 B) push-merged-local and 0 (0.0 B) remote blocks
[2024-12-09T10:24:51.188+0000] {spark_submit.py:634} INFO - 24/12/09 10:24:51 INFO ShuffleBlockFetcherIterator: Started 0 remote fetches in 49 ms
[2024-12-09T10:24:51.236+0000] {spark_submit.py:634} INFO - 24/12/09 10:24:51 INFO Executor: Finished task 0.0 in stage 1.0 (TID 1). 2001 bytes result sent to driver
[2024-12-09T10:24:51.246+0000] {spark_submit.py:634} INFO - 24/12/09 10:24:51 INFO TaskSetManager: Finished task 0.0 in stage 1.0 (TID 1) in 196 ms on 2a892a3469ec (executor driver) (1/1)
[2024-12-09T10:24:51.246+0000] {spark_submit.py:634} INFO - 24/12/09 10:24:51 INFO TaskSchedulerImpl: Removed TaskSet 1.0, whose tasks have all completed, from pool
[2024-12-09T10:24:51.249+0000] {spark_submit.py:634} INFO - 24/12/09 10:24:51 INFO DAGScheduler: ResultStage 1 (collect at WordCountJob.java:37) finished in 0.274 s
[2024-12-09T10:24:51.256+0000] {spark_submit.py:634} INFO - 24/12/09 10:24:51 INFO DAGScheduler: Job 0 is finished. Cancelling potential speculative or zombie tasks for this job
[2024-12-09T10:24:51.257+0000] {spark_submit.py:634} INFO - 24/12/09 10:24:51 INFO TaskSchedulerImpl: Killing all running tasks in stage 1: Stage finished
[2024-12-09T10:24:51.260+0000] {spark_submit.py:634} INFO - 24/12/09 10:24:51 INFO DAGScheduler: Job 0 finished: collect at WordCountJob.java:37, took 1.063151 s
[2024-12-09T10:24:51.263+0000] {spark_submit.py:634} INFO - spark: 1
[2024-12-09T10:24:51.263+0000] {spark_submit.py:634} INFO - docker: 1
[2024-12-09T10:24:51.264+0000] {spark_submit.py:634} INFO - Yusuf: 1
[2024-12-09T10:24:51.264+0000] {spark_submit.py:634} INFO - hello: 5
[2024-12-09T10:24:51.265+0000] {spark_submit.py:634} INFO - java: 1
[2024-12-09T10:24:51.265+0000] {spark_submit.py:634} INFO - world: 1
[2024-12-09T10:24:51.266+0000] {spark_submit.py:634} INFO - 24/12/09 10:24:51 INFO SparkContext: SparkContext is stopping with exitCode 0.
[2024-12-09T10:24:51.283+0000] {spark_submit.py:634} INFO - 24/12/09 10:24:51 INFO SparkUI: Stopped Spark web UI at http://2a892a3469ec:4040
[2024-12-09T10:24:51.297+0000] {spark_submit.py:634} INFO - 24/12/09 10:24:51 INFO MapOutputTrackerMasterEndpoint: MapOutputTrackerMasterEndpoint stopped!
[2024-12-09T10:24:51.313+0000] {spark_submit.py:634} INFO - 24/12/09 10:24:51 INFO MemoryStore: MemoryStore cleared
[2024-12-09T10:24:51.316+0000] {spark_submit.py:634} INFO - 24/12/09 10:24:51 INFO BlockManager: BlockManager stopped
[2024-12-09T10:24:51.320+0000] {spark_submit.py:634} INFO - 24/12/09 10:24:51 INFO BlockManagerMaster: BlockManagerMaster stopped
[2024-12-09T10:24:51.324+0000] {spark_submit.py:634} INFO - 24/12/09 10:24:51 INFO OutputCommitCoordinator$OutputCommitCoordinatorEndpoint: OutputCommitCoordinator stopped!
[2024-12-09T10:24:51.336+0000] {spark_submit.py:634} INFO - 24/12/09 10:24:51 INFO SparkContext: Successfully stopped SparkContext
[2024-12-09T10:24:51.339+0000] {spark_submit.py:634} INFO - 24/12/09 10:24:51 INFO ShutdownHookManager: Shutdown hook called
[2024-12-09T10:24:51.341+0000] {spark_submit.py:634} INFO - 24/12/09 10:24:51 INFO ShutdownHookManager: Deleting directory /tmp/spark-8e9a86fd-fc3c-432c-8737-70c23e19601d
[2024-12-09T10:24:51.346+0000] {spark_submit.py:634} INFO - 24/12/09 10:24:51 INFO ShutdownHookManager: Deleting directory /tmp/spark-6cfe08c9-aefe-4f14-9ca3-82488359f22a
[2024-12-09T10:24:51.429+0000] {taskinstance.py:340} INFO - ::group::Post task execution logs
[2024-12-09T10:24:51.430+0000] {taskinstance.py:352} INFO - Marking task as SUCCESS. dag_id=sparking_flow, task_id=java_job, run_id=manual__2024-12-09T10:24:43.520004+00:00, execution_date=20241209T102443, start_date=20241209T102445, end_date=20241209T102451
[2024-12-09T10:24:51.463+0000] {local_task_job_runner.py:266} INFO - Task exited with return code 0
[2024-12-09T10:24:51.487+0000] {taskinstance.py:3895} INFO - 0 downstream tasks scheduled from follow-on schedule check
[2024-12-09T10:24:51.489+0000] {local_task_job_runner.py:245} INFO - ::endgroup::
