[2024-12-08T17:34:04.739+0000] {local_task_job_runner.py:123} INFO - ::group::Pre task execution logs
[2024-12-08T17:34:04.756+0000] {taskinstance.py:2613} INFO - Dependencies all met for dep_context=non-requeueable deps ti=<TaskInstance: sparking_flow.java_job manual__2024-12-08T17:34:02.662535+00:00 [queued]>
[2024-12-08T17:34:04.762+0000] {taskinstance.py:2613} INFO - Dependencies all met for dep_context=requeueable deps ti=<TaskInstance: sparking_flow.java_job manual__2024-12-08T17:34:02.662535+00:00 [queued]>
[2024-12-08T17:34:04.763+0000] {taskinstance.py:2866} INFO - Starting attempt 1 of 1
[2024-12-08T17:34:04.773+0000] {taskinstance.py:2889} INFO - Executing <Task(SparkSubmitOperator): java_job> on 2024-12-08 17:34:02.662535+00:00
[2024-12-08T17:34:04.781+0000] {logging_mixin.py:190} WARNING - /home/***/.local/lib/python3.12/site-packages/***/task/task_runner/standard_task_runner.py:70 DeprecationWarning: This process (pid=185) is multi-threaded, use of fork() may lead to deadlocks in the child.
[2024-12-08T17:34:04.782+0000] {standard_task_runner.py:72} INFO - Started process 187 to run task
[2024-12-08T17:34:04.781+0000] {standard_task_runner.py:104} INFO - Running: ['***', 'tasks', 'run', 'sparking_flow', 'java_job', 'manual__2024-12-08T17:34:02.662535+00:00', '--job-id', '260', '--raw', '--subdir', 'DAGS_FOLDER/spark_***.py', '--cfg-path', '/tmp/tmpycvphypn']
[2024-12-08T17:34:04.783+0000] {standard_task_runner.py:105} INFO - Job 260: Subtask java_job
[2024-12-08T17:34:04.827+0000] {task_command.py:467} INFO - Running <TaskInstance: sparking_flow.java_job manual__2024-12-08T17:34:02.662535+00:00 [running]> on host 2a892a3469ec
[2024-12-08T17:34:04.898+0000] {taskinstance.py:3132} INFO - Exporting env vars: AIRFLOW_CTX_DAG_OWNER='Yusuf Ganiyu' AIRFLOW_CTX_DAG_ID='sparking_flow' AIRFLOW_CTX_TASK_ID='java_job' AIRFLOW_CTX_EXECUTION_DATE='2024-12-08T17:34:02.662535+00:00' AIRFLOW_CTX_TRY_NUMBER='1' AIRFLOW_CTX_DAG_RUN_ID='manual__2024-12-08T17:34:02.662535+00:00'
[2024-12-08T17:34:04.899+0000] {taskinstance.py:731} INFO - ::endgroup::
[2024-12-08T17:34:04.918+0000] {base.py:84} INFO - Retrieving connection 'spark-conn'
[2024-12-08T17:34:04.919+0000] {spark_submit.py:473} INFO - Spark-Submit cmd: spark-submit --master spark://sparkingflow-spark-master-1:7077 --name arrow-spark --class com.airscholar.spark.WordCountJob --deploy-mode client jobs/java/spark-job/target/spark-job-1.0-SNAPSHOT.jar
[2024-12-08T17:34:07.748+0000] {spark_submit.py:634} INFO - 24/12/08 17:34:07 INFO SparkContext: Running Spark version 3.5.3
[2024-12-08T17:34:07.751+0000] {spark_submit.py:634} INFO - 24/12/08 17:34:07 INFO SparkContext: OS info Linux, 6.10.14-linuxkit, aarch64
[2024-12-08T17:34:07.751+0000] {spark_submit.py:634} INFO - 24/12/08 17:34:07 INFO SparkContext: Java version 17.0.13
[2024-12-08T17:34:07.845+0000] {spark_submit.py:634} INFO - 24/12/08 17:34:07 WARN NativeCodeLoader: Unable to load native-hadoop library for your platform... using builtin-java classes where applicable
[2024-12-08T17:34:08.003+0000] {spark_submit.py:634} INFO - 24/12/08 17:34:08 INFO ResourceUtils: ==============================================================
[2024-12-08T17:34:08.005+0000] {spark_submit.py:634} INFO - 24/12/08 17:34:08 INFO ResourceUtils: No custom resources configured for spark.driver.
[2024-12-08T17:34:08.005+0000] {spark_submit.py:634} INFO - 24/12/08 17:34:08 INFO ResourceUtils: ==============================================================
[2024-12-08T17:34:08.006+0000] {spark_submit.py:634} INFO - 24/12/08 17:34:08 INFO SparkContext: Submitted application: Word Count Job
[2024-12-08T17:34:08.048+0000] {spark_submit.py:634} INFO - 24/12/08 17:34:08 INFO ResourceProfile: Default ResourceProfile created, executor resources: Map(cores -> name: cores, amount: 1, script: , vendor: , memory -> name: memory, amount: 1024, script: , vendor: , offHeap -> name: offHeap, amount: 0, script: , vendor: ), task resources: Map(cpus -> name: cpus, amount: 1.0)
[2024-12-08T17:34:08.062+0000] {spark_submit.py:634} INFO - 24/12/08 17:34:08 INFO ResourceProfile: Limiting resource is cpu
[2024-12-08T17:34:08.063+0000] {spark_submit.py:634} INFO - 24/12/08 17:34:08 INFO ResourceProfileManager: Added ResourceProfile id: 0
[2024-12-08T17:34:08.134+0000] {spark_submit.py:634} INFO - 24/12/08 17:34:08 INFO SecurityManager: Changing view acls to: ***
[2024-12-08T17:34:08.135+0000] {spark_submit.py:634} INFO - 24/12/08 17:34:08 INFO SecurityManager: Changing modify acls to: ***
[2024-12-08T17:34:08.137+0000] {spark_submit.py:634} INFO - 24/12/08 17:34:08 INFO SecurityManager: Changing view acls groups to:
[2024-12-08T17:34:08.138+0000] {spark_submit.py:634} INFO - 24/12/08 17:34:08 INFO SecurityManager: Changing modify acls groups to:
[2024-12-08T17:34:08.139+0000] {spark_submit.py:634} INFO - 24/12/08 17:34:08 INFO SecurityManager: SecurityManager: authentication disabled; ui acls disabled; users with view permissions: ***; groups with view permissions: EMPTY; users with modify permissions: ***; groups with modify permissions: EMPTY
[2024-12-08T17:34:08.488+0000] {spark_submit.py:634} INFO - 24/12/08 17:34:08 INFO Utils: Successfully started service 'sparkDriver' on port 42999.
[2024-12-08T17:34:08.525+0000] {spark_submit.py:634} INFO - 24/12/08 17:34:08 INFO SparkEnv: Registering MapOutputTracker
[2024-12-08T17:34:08.568+0000] {spark_submit.py:634} INFO - 24/12/08 17:34:08 INFO SparkEnv: Registering BlockManagerMaster
[2024-12-08T17:34:08.587+0000] {spark_submit.py:634} INFO - 24/12/08 17:34:08 INFO BlockManagerMasterEndpoint: Using org.apache.spark.storage.DefaultTopologyMapper for getting topology information
[2024-12-08T17:34:08.587+0000] {spark_submit.py:634} INFO - 24/12/08 17:34:08 INFO BlockManagerMasterEndpoint: BlockManagerMasterEndpoint up
[2024-12-08T17:34:08.591+0000] {spark_submit.py:634} INFO - 24/12/08 17:34:08 INFO SparkEnv: Registering BlockManagerMasterHeartbeat
[2024-12-08T17:34:08.612+0000] {spark_submit.py:634} INFO - 24/12/08 17:34:08 INFO DiskBlockManager: Created local directory at /tmp/blockmgr-001a6cb3-e658-4573-ab5e-3f7c84d2151b
[2024-12-08T17:34:08.630+0000] {spark_submit.py:634} INFO - 24/12/08 17:34:08 INFO MemoryStore: MemoryStore started with capacity 434.4 MiB
[2024-12-08T17:34:08.649+0000] {spark_submit.py:634} INFO - 24/12/08 17:34:08 INFO SparkEnv: Registering OutputCommitCoordinator
[2024-12-08T17:34:08.833+0000] {spark_submit.py:634} INFO - 24/12/08 17:34:08 INFO JettyUtils: Start Jetty 0.0.0.0:4040 for SparkUI
[2024-12-08T17:34:08.890+0000] {spark_submit.py:634} INFO - 24/12/08 17:34:08 INFO Utils: Successfully started service 'SparkUI' on port 4040.
[2024-12-08T17:34:08.928+0000] {spark_submit.py:634} INFO - 24/12/08 17:34:08 INFO SparkContext: Added JAR file:/opt/***/jobs/java/spark-job/target/spark-job-1.0-SNAPSHOT.jar at spark://2a892a3469ec:42999/jars/spark-job-1.0-SNAPSHOT.jar with timestamp 1733679247720
[2024-12-08T17:34:09.007+0000] {spark_submit.py:634} INFO - 24/12/08 17:34:09 INFO Executor: Starting executor ID driver on host 2a892a3469ec
[2024-12-08T17:34:09.008+0000] {spark_submit.py:634} INFO - 24/12/08 17:34:09 INFO Executor: OS info Linux, 6.10.14-linuxkit, aarch64
[2024-12-08T17:34:09.008+0000] {spark_submit.py:634} INFO - 24/12/08 17:34:09 INFO Executor: Java version 17.0.13
[2024-12-08T17:34:09.021+0000] {spark_submit.py:634} INFO - 24/12/08 17:34:09 INFO Executor: Starting executor with user classpath (userClassPathFirst = false): ''
[2024-12-08T17:34:09.021+0000] {spark_submit.py:634} INFO - 24/12/08 17:34:09 INFO Executor: Created or updated repl class loader org.apache.spark.util.MutableURLClassLoader@4a8e6e89 for default.
[2024-12-08T17:34:09.041+0000] {spark_submit.py:634} INFO - 24/12/08 17:34:09 INFO Executor: Fetching spark://2a892a3469ec:42999/jars/spark-job-1.0-SNAPSHOT.jar with timestamp 1733679247720
[2024-12-08T17:34:09.095+0000] {spark_submit.py:634} INFO - 24/12/08 17:34:09 INFO TransportClientFactory: Successfully created connection to 2a892a3469ec/172.18.0.4:42999 after 29 ms (0 ms spent in bootstraps)
[2024-12-08T17:34:09.107+0000] {spark_submit.py:634} INFO - 24/12/08 17:34:09 INFO Utils: Fetching spark://2a892a3469ec:42999/jars/spark-job-1.0-SNAPSHOT.jar to /tmp/spark-508d17be-1b89-41e2-8ce0-2e665c3d2437/userFiles-357b1964-df98-4604-aba1-c10f731d0c7f/fetchFileTemp12309897460499648100.tmp
[2024-12-08T17:34:09.151+0000] {spark_submit.py:634} INFO - 24/12/08 17:34:09 INFO Executor: Adding file:/tmp/spark-508d17be-1b89-41e2-8ce0-2e665c3d2437/userFiles-357b1964-df98-4604-aba1-c10f731d0c7f/spark-job-1.0-SNAPSHOT.jar to class loader default
[2024-12-08T17:34:09.161+0000] {spark_submit.py:634} INFO - 24/12/08 17:34:09 INFO Utils: Successfully started service 'org.apache.spark.network.netty.NettyBlockTransferService' on port 35115.
[2024-12-08T17:34:09.162+0000] {spark_submit.py:634} INFO - 24/12/08 17:34:09 INFO NettyBlockTransferService: Server created on 2a892a3469ec:35115
[2024-12-08T17:34:09.165+0000] {spark_submit.py:634} INFO - 24/12/08 17:34:09 INFO BlockManager: Using org.apache.spark.storage.RandomBlockReplicationPolicy for block replication policy
[2024-12-08T17:34:09.170+0000] {spark_submit.py:634} INFO - 24/12/08 17:34:09 INFO BlockManagerMaster: Registering BlockManager BlockManagerId(driver, 2a892a3469ec, 35115, None)
[2024-12-08T17:34:09.174+0000] {spark_submit.py:634} INFO - 24/12/08 17:34:09 INFO BlockManagerMasterEndpoint: Registering block manager 2a892a3469ec:35115 with 434.4 MiB RAM, BlockManagerId(driver, 2a892a3469ec, 35115, None)
[2024-12-08T17:34:09.177+0000] {spark_submit.py:634} INFO - 24/12/08 17:34:09 INFO BlockManagerMaster: Registered BlockManager BlockManagerId(driver, 2a892a3469ec, 35115, None)
[2024-12-08T17:34:09.178+0000] {spark_submit.py:634} INFO - 24/12/08 17:34:09 INFO BlockManager: Initialized BlockManager: BlockManagerId(driver, 2a892a3469ec, 35115, None)
[2024-12-08T17:34:10.514+0000] {spark_submit.py:634} INFO - 24/12/08 17:34:10 INFO SparkContext: Starting job: collect at WordCountJob.java:37
[2024-12-08T17:34:10.559+0000] {spark_submit.py:634} INFO - 24/12/08 17:34:10 INFO DAGScheduler: Registering RDD 2 (mapToPair at WordCountJob.java:33) as input to shuffle 0
[2024-12-08T17:34:10.568+0000] {spark_submit.py:634} INFO - 24/12/08 17:34:10 INFO DAGScheduler: Got job 0 (collect at WordCountJob.java:37) with 1 output partitions
[2024-12-08T17:34:10.568+0000] {spark_submit.py:634} INFO - 24/12/08 17:34:10 INFO DAGScheduler: Final stage: ResultStage 1 (collect at WordCountJob.java:37)
[2024-12-08T17:34:10.569+0000] {spark_submit.py:634} INFO - 24/12/08 17:34:10 INFO DAGScheduler: Parents of final stage: List(ShuffleMapStage 0)
[2024-12-08T17:34:10.572+0000] {spark_submit.py:634} INFO - 24/12/08 17:34:10 INFO DAGScheduler: Missing parents: List(ShuffleMapStage 0)
[2024-12-08T17:34:10.590+0000] {spark_submit.py:634} INFO - 24/12/08 17:34:10 INFO DAGScheduler: Submitting ShuffleMapStage 0 (MapPartitionsRDD[2] at mapToPair at WordCountJob.java:33), which has no missing parents
[2024-12-08T17:34:10.800+0000] {spark_submit.py:634} INFO - 24/12/08 17:34:10 INFO MemoryStore: Block broadcast_0 stored as values in memory (estimated size 6.4 KiB, free 434.4 MiB)
[2024-12-08T17:34:10.890+0000] {spark_submit.py:634} INFO - 24/12/08 17:34:10 INFO MemoryStore: Block broadcast_0_piece0 stored as bytes in memory (estimated size 3.4 KiB, free 434.4 MiB)
[2024-12-08T17:34:10.893+0000] {spark_submit.py:634} INFO - 24/12/08 17:34:10 INFO BlockManagerInfo: Added broadcast_0_piece0 in memory on 2a892a3469ec:35115 (size: 3.4 KiB, free: 434.4 MiB)
[2024-12-08T17:34:10.912+0000] {spark_submit.py:634} INFO - 24/12/08 17:34:10 INFO SparkContext: Created broadcast 0 from broadcast at DAGScheduler.scala:1585
[2024-12-08T17:34:10.948+0000] {spark_submit.py:634} INFO - 24/12/08 17:34:10 INFO DAGScheduler: Submitting 1 missing tasks from ShuffleMapStage 0 (MapPartitionsRDD[2] at mapToPair at WordCountJob.java:33) (first 15 tasks are for partitions Vector(0))
[2024-12-08T17:34:10.951+0000] {spark_submit.py:634} INFO - 24/12/08 17:34:10 INFO TaskSchedulerImpl: Adding task set 0.0 with 1 tasks resource profile 0
[2024-12-08T17:34:11.083+0000] {spark_submit.py:634} INFO - 24/12/08 17:34:11 INFO TaskSetManager: Starting task 0.0 in stage 0.0 (TID 0) (2a892a3469ec, executor driver, partition 0, PROCESS_LOCAL, 9249 bytes)
[2024-12-08T17:34:11.129+0000] {spark_submit.py:634} INFO - 24/12/08 17:34:11 INFO Executor: Running task 0.0 in stage 0.0 (TID 0)
[2024-12-08T17:34:11.456+0000] {spark_submit.py:634} INFO - 24/12/08 17:34:11 INFO Executor: Finished task 0.0 in stage 0.0 (TID 0). 1216 bytes result sent to driver
[2024-12-08T17:34:11.481+0000] {spark_submit.py:634} INFO - 24/12/08 17:34:11 INFO TaskSetManager: Finished task 0.0 in stage 0.0 (TID 0) in 448 ms on 2a892a3469ec (executor driver) (1/1)
[2024-12-08T17:34:11.485+0000] {spark_submit.py:634} INFO - 24/12/08 17:34:11 INFO TaskSchedulerImpl: Removed TaskSet 0.0, whose tasks have all completed, from pool
[2024-12-08T17:34:11.498+0000] {spark_submit.py:634} INFO - 24/12/08 17:34:11 INFO DAGScheduler: ShuffleMapStage 0 (mapToPair at WordCountJob.java:33) finished in 0.852 s
[2024-12-08T17:34:11.499+0000] {spark_submit.py:634} INFO - 24/12/08 17:34:11 INFO DAGScheduler: looking for newly runnable stages
[2024-12-08T17:34:11.499+0000] {spark_submit.py:634} INFO - 24/12/08 17:34:11 INFO DAGScheduler: running: Set()
[2024-12-08T17:34:11.500+0000] {spark_submit.py:634} INFO - 24/12/08 17:34:11 INFO DAGScheduler: waiting: Set(ResultStage 1)
[2024-12-08T17:34:11.501+0000] {spark_submit.py:634} INFO - 24/12/08 17:34:11 INFO DAGScheduler: failed: Set()
[2024-12-08T17:34:11.505+0000] {spark_submit.py:634} INFO - 24/12/08 17:34:11 INFO DAGScheduler: Submitting ResultStage 1 (ShuffledRDD[3] at reduceByKey at WordCountJob.java:34), which has no missing parents
[2024-12-08T17:34:11.534+0000] {spark_submit.py:634} INFO - 24/12/08 17:34:11 INFO MemoryStore: Block broadcast_1 stored as values in memory (estimated size 5.2 KiB, free 434.4 MiB)
[2024-12-08T17:34:11.562+0000] {spark_submit.py:634} INFO - 24/12/08 17:34:11 INFO MemoryStore: Block broadcast_1_piece0 stored as bytes in memory (estimated size 2.9 KiB, free 434.4 MiB)
[2024-12-08T17:34:11.563+0000] {spark_submit.py:634} INFO - 24/12/08 17:34:11 INFO BlockManagerInfo: Added broadcast_1_piece0 in memory on 2a892a3469ec:35115 (size: 2.9 KiB, free: 434.4 MiB)
[2024-12-08T17:34:11.568+0000] {spark_submit.py:634} INFO - 24/12/08 17:34:11 INFO SparkContext: Created broadcast 1 from broadcast at DAGScheduler.scala:1585
[2024-12-08T17:34:11.571+0000] {spark_submit.py:634} INFO - 24/12/08 17:34:11 INFO DAGScheduler: Submitting 1 missing tasks from ResultStage 1 (ShuffledRDD[3] at reduceByKey at WordCountJob.java:34) (first 15 tasks are for partitions Vector(0))
[2024-12-08T17:34:11.574+0000] {spark_submit.py:634} INFO - 24/12/08 17:34:11 INFO TaskSchedulerImpl: Adding task set 1.0 with 1 tasks resource profile 0
[2024-12-08T17:34:11.591+0000] {spark_submit.py:634} INFO - 24/12/08 17:34:11 INFO TaskSetManager: Starting task 0.0 in stage 1.0 (TID 1) (2a892a3469ec, executor driver, partition 0, NODE_LOCAL, 9002 bytes)
[2024-12-08T17:34:11.596+0000] {spark_submit.py:634} INFO - 24/12/08 17:34:11 INFO Executor: Running task 0.0 in stage 1.0 (TID 1)
[2024-12-08T17:34:11.694+0000] {spark_submit.py:634} INFO - 24/12/08 17:34:11 INFO ShuffleBlockFetcherIterator: Getting 1 (189.0 B) non-empty blocks including 1 (189.0 B) local and 0 (0.0 B) host-local and 0 (0.0 B) push-merged-local and 0 (0.0 B) remote blocks
[2024-12-08T17:34:11.700+0000] {spark_submit.py:634} INFO - 24/12/08 17:34:11 INFO ShuffleBlockFetcherIterator: Started 0 remote fetches in 30 ms
[2024-12-08T17:34:11.753+0000] {spark_submit.py:634} INFO - 24/12/08 17:34:11 INFO Executor: Finished task 0.0 in stage 1.0 (TID 1). 1958 bytes result sent to driver
[2024-12-08T17:34:11.762+0000] {spark_submit.py:634} INFO - 24/12/08 17:34:11 INFO TaskSetManager: Finished task 0.0 in stage 1.0 (TID 1) in 178 ms on 2a892a3469ec (executor driver) (1/1)
[2024-12-08T17:34:11.767+0000] {spark_submit.py:634} INFO - 24/12/08 17:34:11 INFO TaskSchedulerImpl: Removed TaskSet 1.0, whose tasks have all completed, from pool
[2024-12-08T17:34:11.767+0000] {spark_submit.py:634} INFO - 24/12/08 17:34:11 INFO DAGScheduler: ResultStage 1 (collect at WordCountJob.java:37) finished in 0.242 s
[2024-12-08T17:34:11.776+0000] {spark_submit.py:634} INFO - 24/12/08 17:34:11 INFO DAGScheduler: Job 0 is finished. Cancelling potential speculative or zombie tasks for this job
[2024-12-08T17:34:11.777+0000] {spark_submit.py:634} INFO - 24/12/08 17:34:11 INFO TaskSchedulerImpl: Killing all running tasks in stage 1: Stage finished
[2024-12-08T17:34:11.790+0000] {spark_submit.py:634} INFO - 24/12/08 17:34:11 INFO DAGScheduler: Job 0 finished: collect at WordCountJob.java:37, took 1.274068 s
[2024-12-08T17:34:11.800+0000] {spark_submit.py:634} INFO - spark: 1
[2024-12-08T17:34:11.801+0000] {spark_submit.py:634} INFO - docker: 1
[2024-12-08T17:34:11.802+0000] {spark_submit.py:634} INFO - Yusuf: 1
[2024-12-08T17:34:11.802+0000] {spark_submit.py:634} INFO - hello: 5
[2024-12-08T17:34:11.802+0000] {spark_submit.py:634} INFO - java: 1
[2024-12-08T17:34:11.802+0000] {spark_submit.py:634} INFO - world: 1
[2024-12-08T17:34:11.804+0000] {spark_submit.py:634} INFO - 24/12/08 17:34:11 INFO SparkContext: SparkContext is stopping with exitCode 0.
[2024-12-08T17:34:11.836+0000] {spark_submit.py:634} INFO - 24/12/08 17:34:11 INFO SparkUI: Stopped Spark web UI at http://2a892a3469ec:4040
[2024-12-08T17:34:11.870+0000] {spark_submit.py:634} INFO - 24/12/08 17:34:11 INFO MapOutputTrackerMasterEndpoint: MapOutputTrackerMasterEndpoint stopped!
[2024-12-08T17:34:11.902+0000] {spark_submit.py:634} INFO - 24/12/08 17:34:11 INFO MemoryStore: MemoryStore cleared
[2024-12-08T17:34:11.903+0000] {spark_submit.py:634} INFO - 24/12/08 17:34:11 INFO BlockManager: BlockManager stopped
[2024-12-08T17:34:11.913+0000] {spark_submit.py:634} INFO - 24/12/08 17:34:11 INFO BlockManagerMaster: BlockManagerMaster stopped
[2024-12-08T17:34:11.920+0000] {spark_submit.py:634} INFO - 24/12/08 17:34:11 INFO OutputCommitCoordinator$OutputCommitCoordinatorEndpoint: OutputCommitCoordinator stopped!
[2024-12-08T17:34:11.938+0000] {spark_submit.py:634} INFO - 24/12/08 17:34:11 INFO SparkContext: Successfully stopped SparkContext
[2024-12-08T17:34:11.941+0000] {spark_submit.py:634} INFO - 24/12/08 17:34:11 INFO ShutdownHookManager: Shutdown hook called
[2024-12-08T17:34:11.943+0000] {spark_submit.py:634} INFO - 24/12/08 17:34:11 INFO ShutdownHookManager: Deleting directory /tmp/spark-4ac0d0a1-c03c-4e65-b055-5e00d9b8cb9b
[2024-12-08T17:34:11.948+0000] {spark_submit.py:634} INFO - 24/12/08 17:34:11 INFO ShutdownHookManager: Deleting directory /tmp/spark-508d17be-1b89-41e2-8ce0-2e665c3d2437
[2024-12-08T17:34:12.052+0000] {taskinstance.py:340} INFO - ::group::Post task execution logs
[2024-12-08T17:34:12.054+0000] {taskinstance.py:352} INFO - Marking task as SUCCESS. dag_id=sparking_flow, task_id=java_job, run_id=manual__2024-12-08T17:34:02.662535+00:00, execution_date=20241208T173402, start_date=20241208T173404, end_date=20241208T173412
[2024-12-08T17:34:12.097+0000] {local_task_job_runner.py:266} INFO - Task exited with return code 0
[2024-12-08T17:34:12.155+0000] {taskinstance.py:3895} INFO - 0 downstream tasks scheduled from follow-on schedule check
[2024-12-08T17:34:12.157+0000] {local_task_job_runner.py:245} INFO - ::endgroup::
