[2024-12-02T21:05:44.885+0000] {local_task_job_runner.py:123} INFO - ::group::Pre task execution logs
[2024-12-02T21:05:44.904+0000] {taskinstance.py:2613} INFO - Dependencies all met for dep_context=non-requeueable deps ti=<TaskInstance: sparking_flow.python_job manual__2024-12-02T21:05:43.136271+00:00 [queued]>
[2024-12-02T21:05:44.911+0000] {taskinstance.py:2613} INFO - Dependencies all met for dep_context=requeueable deps ti=<TaskInstance: sparking_flow.python_job manual__2024-12-02T21:05:43.136271+00:00 [queued]>
[2024-12-02T21:05:44.911+0000] {taskinstance.py:2866} INFO - Starting attempt 1 of 1
[2024-12-02T21:05:44.920+0000] {taskinstance.py:2889} INFO - Executing <Task(SparkSubmitOperator): python_job> on 2024-12-02 21:05:43.136271+00:00
[2024-12-02T21:05:44.928+0000] {logging_mixin.py:190} WARNING - /home/***/.local/lib/python3.12/site-packages/***/task/task_runner/standard_task_runner.py:70 DeprecationWarning: This process (pid=187) is multi-threaded, use of fork() may lead to deadlocks in the child.
[2024-12-02T21:05:44.929+0000] {standard_task_runner.py:72} INFO - Started process 188 to run task
[2024-12-02T21:05:44.928+0000] {standard_task_runner.py:104} INFO - Running: ['***', 'tasks', 'run', 'sparking_flow', 'python_job', 'manual__2024-12-02T21:05:43.136271+00:00', '--job-id', '37', '--raw', '--subdir', 'DAGS_FOLDER/spark_***.py', '--cfg-path', '/tmp/tmpxo9oucwl']
[2024-12-02T21:05:44.931+0000] {standard_task_runner.py:105} INFO - Job 37: Subtask python_job
[2024-12-02T21:05:44.979+0000] {task_command.py:467} INFO - Running <TaskInstance: sparking_flow.python_job manual__2024-12-02T21:05:43.136271+00:00 [running]> on host 53f207c7dacd
[2024-12-02T21:05:45.061+0000] {taskinstance.py:3132} INFO - Exporting env vars: AIRFLOW_CTX_DAG_OWNER='Yusuf Ganiyu' AIRFLOW_CTX_DAG_ID='sparking_flow' AIRFLOW_CTX_TASK_ID='python_job' AIRFLOW_CTX_EXECUTION_DATE='2024-12-02T21:05:43.136271+00:00' AIRFLOW_CTX_TRY_NUMBER='1' AIRFLOW_CTX_DAG_RUN_ID='manual__2024-12-02T21:05:43.136271+00:00'
[2024-12-02T21:05:45.062+0000] {taskinstance.py:731} INFO - ::endgroup::
[2024-12-02T21:05:45.092+0000] {base.py:84} INFO - Retrieving connection 'spark-conn'
[2024-12-02T21:05:45.093+0000] {spark_submit.py:473} INFO - Spark-Submit cmd: spark-submit --master spark://172.18.0.3:7077 --name arrow-spark --deploy-mode client jobs/python/wordcountjob.py
[2024-12-02T21:05:49.787+0000] {spark_submit.py:634} INFO - 24/12/02 21:05:49 INFO SparkContext: Running Spark version 3.5.3
[2024-12-02T21:05:49.797+0000] {spark_submit.py:634} INFO - 24/12/02 21:05:49 INFO SparkContext: OS info Linux, 6.6.31-linuxkit, aarch64
[2024-12-02T21:05:49.799+0000] {spark_submit.py:634} INFO - 24/12/02 21:05:49 INFO SparkContext: Java version 17.0.13
[2024-12-02T21:05:49.914+0000] {spark_submit.py:634} INFO - 24/12/02 21:05:49 WARN NativeCodeLoader: Unable to load native-hadoop library for your platform... using builtin-java classes where applicable
[2024-12-02T21:05:50.157+0000] {spark_submit.py:634} INFO - 24/12/02 21:05:50 INFO ResourceUtils: ==============================================================
[2024-12-02T21:05:50.159+0000] {spark_submit.py:634} INFO - 24/12/02 21:05:50 INFO ResourceUtils: No custom resources configured for spark.driver.
[2024-12-02T21:05:50.159+0000] {spark_submit.py:634} INFO - 24/12/02 21:05:50 INFO ResourceUtils: ==============================================================
[2024-12-02T21:05:50.160+0000] {spark_submit.py:634} INFO - 24/12/02 21:05:50 INFO SparkContext: Submitted application: PythonWordCount
[2024-12-02T21:05:50.198+0000] {spark_submit.py:634} INFO - 24/12/02 21:05:50 INFO ResourceProfile: Default ResourceProfile created, executor resources: Map(memory -> name: memory, amount: 1024, script: , vendor: , offHeap -> name: offHeap, amount: 0, script: , vendor: ), task resources: Map(cpus -> name: cpus, amount: 1.0)
[2024-12-02T21:05:50.210+0000] {spark_submit.py:634} INFO - 24/12/02 21:05:50 INFO ResourceProfile: Limiting resource is cpu
[2024-12-02T21:05:50.214+0000] {spark_submit.py:634} INFO - 24/12/02 21:05:50 INFO ResourceProfileManager: Added ResourceProfile id: 0
[2024-12-02T21:05:50.318+0000] {spark_submit.py:634} INFO - 24/12/02 21:05:50 INFO SecurityManager: Changing view acls to: ***
[2024-12-02T21:05:50.324+0000] {spark_submit.py:634} INFO - 24/12/02 21:05:50 INFO SecurityManager: Changing modify acls to: ***
[2024-12-02T21:05:50.327+0000] {spark_submit.py:634} INFO - 24/12/02 21:05:50 INFO SecurityManager: Changing view acls groups to:
[2024-12-02T21:05:50.328+0000] {spark_submit.py:634} INFO - 24/12/02 21:05:50 INFO SecurityManager: Changing modify acls groups to:
[2024-12-02T21:05:50.329+0000] {spark_submit.py:634} INFO - 24/12/02 21:05:50 INFO SecurityManager: SecurityManager: authentication disabled; ui acls disabled; users with view permissions: ***; groups with view permissions: EMPTY; users with modify permissions: ***; groups with modify permissions: EMPTY
[2024-12-02T21:05:50.989+0000] {spark_submit.py:634} INFO - 24/12/02 21:05:50 INFO Utils: Successfully started service 'sparkDriver' on port 38563.
[2024-12-02T21:05:51.048+0000] {spark_submit.py:634} INFO - 24/12/02 21:05:51 INFO SparkEnv: Registering MapOutputTracker
[2024-12-02T21:05:51.111+0000] {spark_submit.py:634} INFO - 24/12/02 21:05:51 INFO SparkEnv: Registering BlockManagerMaster
[2024-12-02T21:05:51.137+0000] {spark_submit.py:634} INFO - 24/12/02 21:05:51 INFO BlockManagerMasterEndpoint: Using org.apache.spark.storage.DefaultTopologyMapper for getting topology information
[2024-12-02T21:05:51.140+0000] {spark_submit.py:634} INFO - 24/12/02 21:05:51 INFO BlockManagerMasterEndpoint: BlockManagerMasterEndpoint up
[2024-12-02T21:05:51.149+0000] {spark_submit.py:634} INFO - 24/12/02 21:05:51 INFO SparkEnv: Registering BlockManagerMasterHeartbeat
[2024-12-02T21:05:51.199+0000] {spark_submit.py:634} INFO - 24/12/02 21:05:51 INFO DiskBlockManager: Created local directory at /tmp/blockmgr-91a163b7-1842-4074-a78d-3feafcb5768c
[2024-12-02T21:05:51.229+0000] {spark_submit.py:634} INFO - 24/12/02 21:05:51 INFO MemoryStore: MemoryStore started with capacity 434.4 MiB
[2024-12-02T21:05:51.261+0000] {spark_submit.py:634} INFO - 24/12/02 21:05:51 INFO SparkEnv: Registering OutputCommitCoordinator
[2024-12-02T21:05:51.562+0000] {spark_submit.py:634} INFO - 24/12/02 21:05:51 INFO JettyUtils: Start Jetty 0.0.0.0:4040 for SparkUI
[2024-12-02T21:05:51.655+0000] {spark_submit.py:634} INFO - 24/12/02 21:05:51 WARN Utils: Service 'SparkUI' could not bind on port 4040. Attempting port 4041.
[2024-12-02T21:05:51.660+0000] {spark_submit.py:634} INFO - 24/12/02 21:05:51 WARN Utils: Service 'SparkUI' could not bind on port 4041. Attempting port 4042.
[2024-12-02T21:05:51.680+0000] {spark_submit.py:634} INFO - 24/12/02 21:05:51 INFO Utils: Successfully started service 'SparkUI' on port 4042.
[2024-12-02T21:05:51.937+0000] {spark_submit.py:634} INFO - 24/12/02 21:05:51 INFO StandaloneAppClient$ClientEndpoint: Connecting to master spark://172.18.0.3:7077...
[2024-12-02T21:05:52.036+0000] {spark_submit.py:634} INFO - 24/12/02 21:05:52 WARN StandaloneAppClient$ClientEndpoint: Failed to connect to master 172.18.0.3:7077
[2024-12-02T21:05:52.039+0000] {spark_submit.py:634} INFO - org.apache.spark.SparkException: Exception thrown in awaitResult:
[2024-12-02T21:05:52.042+0000] {spark_submit.py:634} INFO - at org.apache.spark.util.SparkThreadUtils$.awaitResult(SparkThreadUtils.scala:56)
[2024-12-02T21:05:52.045+0000] {spark_submit.py:634} INFO - at org.apache.spark.util.ThreadUtils$.awaitResult(ThreadUtils.scala:310)
[2024-12-02T21:05:52.048+0000] {spark_submit.py:634} INFO - at org.apache.spark.rpc.RpcTimeout.awaitResult(RpcTimeout.scala:75)
[2024-12-02T21:05:52.049+0000] {spark_submit.py:634} INFO - at org.apache.spark.rpc.RpcEnv.setupEndpointRefByURI(RpcEnv.scala:102)
[2024-12-02T21:05:52.050+0000] {spark_submit.py:634} INFO - at org.apache.spark.rpc.RpcEnv.setupEndpointRef(RpcEnv.scala:110)
[2024-12-02T21:05:52.051+0000] {spark_submit.py:634} INFO - at org.apache.spark.deploy.client.StandaloneAppClient$ClientEndpoint$$anon$1.run(StandaloneAppClient.scala:108)
[2024-12-02T21:05:52.052+0000] {spark_submit.py:634} INFO - at java.base/java.util.concurrent.Executors$RunnableAdapter.call(Executors.java:539)
[2024-12-02T21:05:52.053+0000] {spark_submit.py:634} INFO - at java.base/java.util.concurrent.FutureTask.run(FutureTask.java:264)
[2024-12-02T21:05:52.054+0000] {spark_submit.py:634} INFO - at java.base/java.util.concurrent.ThreadPoolExecutor.runWorker(ThreadPoolExecutor.java:1136)
[2024-12-02T21:05:52.054+0000] {spark_submit.py:634} INFO - at java.base/java.util.concurrent.ThreadPoolExecutor$Worker.run(ThreadPoolExecutor.java:635)
[2024-12-02T21:05:52.055+0000] {spark_submit.py:634} INFO - at java.base/java.lang.Thread.run(Thread.java:840)
[2024-12-02T21:05:52.056+0000] {spark_submit.py:634} INFO - Caused by: java.io.IOException: Failed to connect to /172.18.0.3:7077
[2024-12-02T21:05:52.058+0000] {spark_submit.py:634} INFO - at org.apache.spark.network.client.TransportClientFactory.createClient(TransportClientFactory.java:294)
[2024-12-02T21:05:52.061+0000] {spark_submit.py:634} INFO - at org.apache.spark.network.client.TransportClientFactory.createClient(TransportClientFactory.java:214)
[2024-12-02T21:05:52.063+0000] {spark_submit.py:634} INFO - at org.apache.spark.network.client.TransportClientFactory.createClient(TransportClientFactory.java:226)
[2024-12-02T21:05:52.064+0000] {spark_submit.py:634} INFO - at org.apache.spark.rpc.netty.NettyRpcEnv.createClient(NettyRpcEnv.scala:204)
[2024-12-02T21:05:52.065+0000] {spark_submit.py:634} INFO - at org.apache.spark.rpc.netty.Outbox$$anon$1.call(Outbox.scala:202)
[2024-12-02T21:05:52.068+0000] {spark_submit.py:634} INFO - at org.apache.spark.rpc.netty.Outbox$$anon$1.call(Outbox.scala:198)
[2024-12-02T21:05:52.071+0000] {spark_submit.py:634} INFO - ... 4 more
[2024-12-02T21:05:52.073+0000] {spark_submit.py:634} INFO - Caused by: io.netty.channel.AbstractChannel$AnnotatedConnectException: Connection refused: /172.18.0.3:7077
[2024-12-02T21:05:52.074+0000] {spark_submit.py:634} INFO - Caused by: java.net.ConnectException: Connection refused
[2024-12-02T21:05:52.075+0000] {spark_submit.py:634} INFO - at java.base/sun.nio.ch.Net.pollConnect(Native Method)
[2024-12-02T21:05:52.075+0000] {spark_submit.py:634} INFO - at java.base/sun.nio.ch.Net.pollConnectNow(Net.java:672)
[2024-12-02T21:05:52.076+0000] {spark_submit.py:634} INFO - at java.base/sun.nio.ch.SocketChannelImpl.finishConnect(SocketChannelImpl.java:946)
[2024-12-02T21:05:52.079+0000] {spark_submit.py:634} INFO - at io.netty.channel.socket.nio.NioSocketChannel.doFinishConnect(NioSocketChannel.java:337)
[2024-12-02T21:05:52.080+0000] {spark_submit.py:634} INFO - at io.netty.channel.nio.AbstractNioChannel$AbstractNioUnsafe.finishConnect(AbstractNioChannel.java:334)
[2024-12-02T21:05:52.085+0000] {spark_submit.py:634} INFO - at io.netty.channel.nio.NioEventLoop.processSelectedKey(NioEventLoop.java:776)
[2024-12-02T21:05:52.087+0000] {spark_submit.py:634} INFO - at io.netty.channel.nio.NioEventLoop.processSelectedKeysOptimized(NioEventLoop.java:724)
[2024-12-02T21:05:52.088+0000] {spark_submit.py:634} INFO - at io.netty.channel.nio.NioEventLoop.processSelectedKeys(NioEventLoop.java:650)
[2024-12-02T21:05:52.088+0000] {spark_submit.py:634} INFO - at io.netty.channel.nio.NioEventLoop.run(NioEventLoop.java:562)
[2024-12-02T21:05:52.089+0000] {spark_submit.py:634} INFO - at io.netty.util.concurrent.SingleThreadEventExecutor$4.run(SingleThreadEventExecutor.java:997)
[2024-12-02T21:05:52.089+0000] {spark_submit.py:634} INFO - at io.netty.util.internal.ThreadExecutorMap$2.run(ThreadExecutorMap.java:74)
[2024-12-02T21:05:52.090+0000] {spark_submit.py:634} INFO - at io.netty.util.concurrent.FastThreadLocalRunnable.run(FastThreadLocalRunnable.java:30)
[2024-12-02T21:05:52.090+0000] {spark_submit.py:634} INFO - at java.base/java.lang.Thread.run(Thread.java:840)
[2024-12-02T21:06:11.952+0000] {spark_submit.py:634} INFO - 24/12/02 21:06:11 INFO StandaloneAppClient$ClientEndpoint: Connecting to master spark://172.18.0.3:7077...
[2024-12-02T21:06:11.967+0000] {spark_submit.py:634} INFO - 24/12/02 21:06:11 WARN StandaloneAppClient$ClientEndpoint: Failed to connect to master 172.18.0.3:7077
[2024-12-02T21:06:11.967+0000] {spark_submit.py:634} INFO - org.apache.spark.SparkException: Exception thrown in awaitResult:
[2024-12-02T21:06:11.968+0000] {spark_submit.py:634} INFO - at org.apache.spark.util.SparkThreadUtils$.awaitResult(SparkThreadUtils.scala:56)
[2024-12-02T21:06:11.968+0000] {spark_submit.py:634} INFO - at org.apache.spark.util.ThreadUtils$.awaitResult(ThreadUtils.scala:310)
[2024-12-02T21:06:11.969+0000] {spark_submit.py:634} INFO - at org.apache.spark.rpc.RpcTimeout.awaitResult(RpcTimeout.scala:75)
[2024-12-02T21:06:11.969+0000] {spark_submit.py:634} INFO - at org.apache.spark.rpc.RpcEnv.setupEndpointRefByURI(RpcEnv.scala:102)
[2024-12-02T21:06:11.969+0000] {spark_submit.py:634} INFO - at org.apache.spark.rpc.RpcEnv.setupEndpointRef(RpcEnv.scala:110)
[2024-12-02T21:06:11.970+0000] {spark_submit.py:634} INFO - at org.apache.spark.deploy.client.StandaloneAppClient$ClientEndpoint$$anon$1.run(StandaloneAppClient.scala:108)
[2024-12-02T21:06:11.970+0000] {spark_submit.py:634} INFO - at java.base/java.util.concurrent.Executors$RunnableAdapter.call(Executors.java:539)
[2024-12-02T21:06:11.970+0000] {spark_submit.py:634} INFO - at java.base/java.util.concurrent.FutureTask.run(FutureTask.java:264)
[2024-12-02T21:06:11.971+0000] {spark_submit.py:634} INFO - at java.base/java.util.concurrent.ThreadPoolExecutor.runWorker(ThreadPoolExecutor.java:1136)
[2024-12-02T21:06:11.971+0000] {spark_submit.py:634} INFO - at java.base/java.util.concurrent.ThreadPoolExecutor$Worker.run(ThreadPoolExecutor.java:635)
[2024-12-02T21:06:11.971+0000] {spark_submit.py:634} INFO - at java.base/java.lang.Thread.run(Thread.java:840)
[2024-12-02T21:06:11.972+0000] {spark_submit.py:634} INFO - Caused by: java.io.IOException: Failed to connect to /172.18.0.3:7077
[2024-12-02T21:06:11.972+0000] {spark_submit.py:634} INFO - at org.apache.spark.network.client.TransportClientFactory.createClient(TransportClientFactory.java:294)
[2024-12-02T21:06:11.972+0000] {spark_submit.py:634} INFO - at org.apache.spark.network.client.TransportClientFactory.createClient(TransportClientFactory.java:214)
[2024-12-02T21:06:11.973+0000] {spark_submit.py:634} INFO - at org.apache.spark.network.client.TransportClientFactory.createClient(TransportClientFactory.java:226)
[2024-12-02T21:06:11.973+0000] {spark_submit.py:634} INFO - at org.apache.spark.rpc.netty.NettyRpcEnv.createClient(NettyRpcEnv.scala:204)
[2024-12-02T21:06:11.974+0000] {spark_submit.py:634} INFO - at org.apache.spark.rpc.netty.Outbox$$anon$1.call(Outbox.scala:202)
[2024-12-02T21:06:11.974+0000] {spark_submit.py:634} INFO - at org.apache.spark.rpc.netty.Outbox$$anon$1.call(Outbox.scala:198)
[2024-12-02T21:06:11.974+0000] {spark_submit.py:634} INFO - ... 4 more
[2024-12-02T21:06:11.975+0000] {spark_submit.py:634} INFO - Caused by: io.netty.channel.AbstractChannel$AnnotatedConnectException: Connection refused: /172.18.0.3:7077
[2024-12-02T21:06:11.975+0000] {spark_submit.py:634} INFO - Caused by: java.net.ConnectException: Connection refused
[2024-12-02T21:06:11.975+0000] {spark_submit.py:634} INFO - at java.base/sun.nio.ch.Net.pollConnect(Native Method)
[2024-12-02T21:06:11.975+0000] {spark_submit.py:634} INFO - at java.base/sun.nio.ch.Net.pollConnectNow(Net.java:672)
[2024-12-02T21:06:11.976+0000] {spark_submit.py:634} INFO - at java.base/sun.nio.ch.SocketChannelImpl.finishConnect(SocketChannelImpl.java:946)
[2024-12-02T21:06:11.976+0000] {spark_submit.py:634} INFO - at io.netty.channel.socket.nio.NioSocketChannel.doFinishConnect(NioSocketChannel.java:337)
[2024-12-02T21:06:11.976+0000] {spark_submit.py:634} INFO - at io.netty.channel.nio.AbstractNioChannel$AbstractNioUnsafe.finishConnect(AbstractNioChannel.java:334)
[2024-12-02T21:06:11.976+0000] {spark_submit.py:634} INFO - at io.netty.channel.nio.NioEventLoop.processSelectedKey(NioEventLoop.java:776)
[2024-12-02T21:06:11.977+0000] {spark_submit.py:634} INFO - at io.netty.channel.nio.NioEventLoop.processSelectedKeysOptimized(NioEventLoop.java:724)
[2024-12-02T21:06:11.977+0000] {spark_submit.py:634} INFO - at io.netty.channel.nio.NioEventLoop.processSelectedKeys(NioEventLoop.java:650)
[2024-12-02T21:06:11.977+0000] {spark_submit.py:634} INFO - at io.netty.channel.nio.NioEventLoop.run(NioEventLoop.java:562)
[2024-12-02T21:06:11.978+0000] {spark_submit.py:634} INFO - at io.netty.util.concurrent.SingleThreadEventExecutor$4.run(SingleThreadEventExecutor.java:997)
[2024-12-02T21:06:11.978+0000] {spark_submit.py:634} INFO - at io.netty.util.internal.ThreadExecutorMap$2.run(ThreadExecutorMap.java:74)
[2024-12-02T21:06:11.978+0000] {spark_submit.py:634} INFO - at io.netty.util.concurrent.FastThreadLocalRunnable.run(FastThreadLocalRunnable.java:30)
[2024-12-02T21:06:11.978+0000] {spark_submit.py:634} INFO - at java.base/java.lang.Thread.run(Thread.java:840)
[2024-12-02T21:06:31.960+0000] {spark_submit.py:634} INFO - 24/12/02 21:06:31 INFO StandaloneAppClient$ClientEndpoint: Connecting to master spark://172.18.0.3:7077...
[2024-12-02T21:06:31.983+0000] {spark_submit.py:634} INFO - 24/12/02 21:06:31 WARN StandaloneAppClient$ClientEndpoint: Failed to connect to master 172.18.0.3:7077
[2024-12-02T21:06:31.984+0000] {spark_submit.py:634} INFO - org.apache.spark.SparkException: Exception thrown in awaitResult:
[2024-12-02T21:06:31.984+0000] {spark_submit.py:634} INFO - at org.apache.spark.util.SparkThreadUtils$.awaitResult(SparkThreadUtils.scala:56)
[2024-12-02T21:06:31.985+0000] {spark_submit.py:634} INFO - at org.apache.spark.util.ThreadUtils$.awaitResult(ThreadUtils.scala:310)
[2024-12-02T21:06:31.985+0000] {spark_submit.py:634} INFO - at org.apache.spark.rpc.RpcTimeout.awaitResult(RpcTimeout.scala:75)
[2024-12-02T21:06:31.986+0000] {spark_submit.py:634} INFO - at org.apache.spark.rpc.RpcEnv.setupEndpointRefByURI(RpcEnv.scala:102)
[2024-12-02T21:06:31.986+0000] {spark_submit.py:634} INFO - at org.apache.spark.rpc.RpcEnv.setupEndpointRef(RpcEnv.scala:110)
[2024-12-02T21:06:31.986+0000] {spark_submit.py:634} INFO - at org.apache.spark.deploy.client.StandaloneAppClient$ClientEndpoint$$anon$1.run(StandaloneAppClient.scala:108)
[2024-12-02T21:06:31.987+0000] {spark_submit.py:634} INFO - at java.base/java.util.concurrent.Executors$RunnableAdapter.call(Executors.java:539)
[2024-12-02T21:06:31.987+0000] {spark_submit.py:634} INFO - at java.base/java.util.concurrent.FutureTask.run(FutureTask.java:264)
[2024-12-02T21:06:31.987+0000] {spark_submit.py:634} INFO - at java.base/java.util.concurrent.ThreadPoolExecutor.runWorker(ThreadPoolExecutor.java:1136)
[2024-12-02T21:06:31.988+0000] {spark_submit.py:634} INFO - at java.base/java.util.concurrent.ThreadPoolExecutor$Worker.run(ThreadPoolExecutor.java:635)
[2024-12-02T21:06:31.988+0000] {spark_submit.py:634} INFO - at java.base/java.lang.Thread.run(Thread.java:840)
[2024-12-02T21:06:31.988+0000] {spark_submit.py:634} INFO - Caused by: java.io.IOException: Failed to connect to /172.18.0.3:7077
[2024-12-02T21:06:31.989+0000] {spark_submit.py:634} INFO - at org.apache.spark.network.client.TransportClientFactory.createClient(TransportClientFactory.java:294)
[2024-12-02T21:06:31.989+0000] {spark_submit.py:634} INFO - at org.apache.spark.network.client.TransportClientFactory.createClient(TransportClientFactory.java:214)
[2024-12-02T21:06:31.989+0000] {spark_submit.py:634} INFO - at org.apache.spark.network.client.TransportClientFactory.createClient(TransportClientFactory.java:226)
[2024-12-02T21:06:31.989+0000] {spark_submit.py:634} INFO - at org.apache.spark.rpc.netty.NettyRpcEnv.createClient(NettyRpcEnv.scala:204)
[2024-12-02T21:06:31.990+0000] {spark_submit.py:634} INFO - at org.apache.spark.rpc.netty.Outbox$$anon$1.call(Outbox.scala:202)
[2024-12-02T21:06:31.990+0000] {spark_submit.py:634} INFO - at org.apache.spark.rpc.netty.Outbox$$anon$1.call(Outbox.scala:198)
[2024-12-02T21:06:31.990+0000] {spark_submit.py:634} INFO - ... 4 more
[2024-12-02T21:06:31.990+0000] {spark_submit.py:634} INFO - Caused by: io.netty.channel.AbstractChannel$AnnotatedConnectException: Connection refused: /172.18.0.3:7077
[2024-12-02T21:06:31.991+0000] {spark_submit.py:634} INFO - Caused by: java.net.ConnectException: Connection refused
[2024-12-02T21:06:31.991+0000] {spark_submit.py:634} INFO - at java.base/sun.nio.ch.Net.pollConnect(Native Method)
[2024-12-02T21:06:31.991+0000] {spark_submit.py:634} INFO - at java.base/sun.nio.ch.Net.pollConnectNow(Net.java:672)
[2024-12-02T21:06:31.992+0000] {spark_submit.py:634} INFO - at java.base/sun.nio.ch.SocketChannelImpl.finishConnect(SocketChannelImpl.java:946)
[2024-12-02T21:06:31.992+0000] {spark_submit.py:634} INFO - at io.netty.channel.socket.nio.NioSocketChannel.doFinishConnect(NioSocketChannel.java:337)
[2024-12-02T21:06:31.992+0000] {spark_submit.py:634} INFO - at io.netty.channel.nio.AbstractNioChannel$AbstractNioUnsafe.finishConnect(AbstractNioChannel.java:334)
[2024-12-02T21:06:31.992+0000] {spark_submit.py:634} INFO - at io.netty.channel.nio.NioEventLoop.processSelectedKey(NioEventLoop.java:776)
[2024-12-02T21:06:31.993+0000] {spark_submit.py:634} INFO - at io.netty.channel.nio.NioEventLoop.processSelectedKeysOptimized(NioEventLoop.java:724)
[2024-12-02T21:06:31.993+0000] {spark_submit.py:634} INFO - at io.netty.channel.nio.NioEventLoop.processSelectedKeys(NioEventLoop.java:650)
[2024-12-02T21:06:31.993+0000] {spark_submit.py:634} INFO - at io.netty.channel.nio.NioEventLoop.run(NioEventLoop.java:562)
[2024-12-02T21:06:31.994+0000] {spark_submit.py:634} INFO - at io.netty.util.concurrent.SingleThreadEventExecutor$4.run(SingleThreadEventExecutor.java:997)
[2024-12-02T21:06:31.994+0000] {spark_submit.py:634} INFO - at io.netty.util.internal.ThreadExecutorMap$2.run(ThreadExecutorMap.java:74)
[2024-12-02T21:06:31.994+0000] {spark_submit.py:634} INFO - at io.netty.util.concurrent.FastThreadLocalRunnable.run(FastThreadLocalRunnable.java:30)
[2024-12-02T21:06:31.994+0000] {spark_submit.py:634} INFO - at java.base/java.lang.Thread.run(Thread.java:840)
[2024-12-02T21:06:51.973+0000] {spark_submit.py:634} INFO - 24/12/02 21:06:51 WARN StandaloneSchedulerBackend: Application ID is not initialized yet.
[2024-12-02T21:06:51.977+0000] {spark_submit.py:634} INFO - 24/12/02 21:06:51 ERROR StandaloneSchedulerBackend: Application has been killed. Reason: All masters are unresponsive! Giving up.
[2024-12-02T21:06:52.003+0000] {spark_submit.py:634} INFO - 24/12/02 21:06:52 INFO Utils: Successfully started service 'org.apache.spark.network.netty.NettyBlockTransferService' on port 38649.
[2024-12-02T21:06:52.004+0000] {spark_submit.py:634} INFO - 24/12/02 21:06:52 INFO NettyBlockTransferService: Server created on 53f207c7dacd:38649
[2024-12-02T21:06:52.007+0000] {spark_submit.py:634} INFO - 24/12/02 21:06:52 INFO BlockManager: Using org.apache.spark.storage.RandomBlockReplicationPolicy for block replication policy
[2024-12-02T21:06:52.018+0000] {spark_submit.py:634} INFO - 24/12/02 21:06:52 INFO BlockManagerMaster: Registering BlockManager BlockManagerId(driver, 53f207c7dacd, 38649, None)
[2024-12-02T21:06:52.026+0000] {spark_submit.py:634} INFO - 24/12/02 21:06:52 INFO BlockManagerMasterEndpoint: Registering block manager 53f207c7dacd:38649 with 434.4 MiB RAM, BlockManagerId(driver, 53f207c7dacd, 38649, None)
[2024-12-02T21:06:52.029+0000] {spark_submit.py:634} INFO - 24/12/02 21:06:52 INFO BlockManagerMaster: Registered BlockManager BlockManagerId(driver, 53f207c7dacd, 38649, None)
[2024-12-02T21:06:52.031+0000] {spark_submit.py:634} INFO - 24/12/02 21:06:52 INFO BlockManager: Initialized BlockManager: BlockManagerId(driver, 53f207c7dacd, 38649, None)
[2024-12-02T21:06:52.252+0000] {spark_submit.py:634} INFO - 24/12/02 21:06:52 INFO StandaloneSchedulerBackend: SchedulerBackend is ready for scheduling beginning after reached minRegisteredResourcesRatio: 0.0
[2024-12-02T21:06:52.457+0000] {spark_submit.py:634} INFO - 24/12/02 21:06:52 INFO SparkContext: SparkContext is stopping with exitCode 0.
[2024-12-02T21:06:52.468+0000] {spark_submit.py:634} INFO - 24/12/02 21:06:52 INFO SparkUI: Stopped Spark web UI at http://53f207c7dacd:4042
[2024-12-02T21:06:52.473+0000] {spark_submit.py:634} INFO - 24/12/02 21:06:52 INFO StandaloneSchedulerBackend: Shutting down all executors
[2024-12-02T21:06:52.478+0000] {spark_submit.py:634} INFO - 24/12/02 21:06:52 INFO StandaloneSchedulerBackend$StandaloneDriverEndpoint: Asking each executor to shut down
[2024-12-02T21:06:52.486+0000] {spark_submit.py:634} INFO - 24/12/02 21:06:52 WARN StandaloneAppClient$ClientEndpoint: Drop UnregisterApplication(null) because has not yet connected to master
[2024-12-02T21:06:52.495+0000] {spark_submit.py:634} INFO - 24/12/02 21:06:52 INFO MapOutputTrackerMasterEndpoint: MapOutputTrackerMasterEndpoint stopped!
[2024-12-02T21:06:52.515+0000] {spark_submit.py:634} INFO - 24/12/02 21:06:52 INFO MemoryStore: MemoryStore cleared
[2024-12-02T21:06:52.519+0000] {spark_submit.py:634} INFO - 24/12/02 21:06:52 INFO BlockManager: BlockManager stopped
[2024-12-02T21:06:52.521+0000] {spark_submit.py:634} INFO - 24/12/02 21:06:52 INFO BlockManagerMaster: BlockManagerMaster stopped
[2024-12-02T21:06:52.523+0000] {spark_submit.py:634} INFO - 24/12/02 21:06:52 INFO OutputCommitCoordinator$OutputCommitCoordinatorEndpoint: OutputCommitCoordinator stopped!
[2024-12-02T21:06:52.535+0000] {spark_submit.py:634} INFO - 24/12/02 21:06:52 INFO SparkContext: Successfully stopped SparkContext
[2024-12-02T21:06:52.536+0000] {spark_submit.py:634} INFO - Traceback (most recent call last):
[2024-12-02T21:06:52.537+0000] {spark_submit.py:634} INFO - File "/opt/***/jobs/python/wordcountjob.py", line 7, in <module>
[2024-12-02T21:06:52.538+0000] {spark_submit.py:634} INFO - words = spark.sparkContext.parallelize(text.split(" "))
[2024-12-02T21:06:52.539+0000] {spark_submit.py:634} INFO - ^^^^^^^^^^^^^^^^^^^^^^^^^^^^^^^^^^^^^^^^^^^^^^^
[2024-12-02T21:06:52.539+0000] {spark_submit.py:634} INFO - File "/home/***/.local/lib/python3.12/site-packages/pyspark/python/lib/pyspark.zip/pyspark/context.py", line 824, in parallelize
[2024-12-02T21:06:52.540+0000] {spark_submit.py:634} INFO - File "/home/***/.local/lib/python3.12/site-packages/pyspark/python/lib/pyspark.zip/pyspark/context.py", line 870, in _serialize_to_jvm
[2024-12-02T21:06:52.540+0000] {spark_submit.py:634} INFO - File "/home/***/.local/lib/python3.12/site-packages/pyspark/python/lib/pyspark.zip/pyspark/context.py", line 818, in reader_func
[2024-12-02T21:06:52.541+0000] {spark_submit.py:634} INFO - File "/home/***/.local/lib/python3.12/site-packages/pyspark/python/lib/py4j-0.10.9.7-src.zip/py4j/java_gateway.py", line 1322, in __call__
[2024-12-02T21:06:52.541+0000] {spark_submit.py:634} INFO - File "/home/***/.local/lib/python3.12/site-packages/pyspark/python/lib/pyspark.zip/pyspark/errors/exceptions/captured.py", line 179, in deco
[2024-12-02T21:06:52.542+0000] {spark_submit.py:634} INFO - File "/home/***/.local/lib/python3.12/site-packages/pyspark/python/lib/py4j-0.10.9.7-src.zip/py4j/protocol.py", line 326, in get_return_value
[2024-12-02T21:06:52.542+0000] {spark_submit.py:634} INFO - py4j.protocol.Py4JJavaError: An error occurred while calling z:org.apache.spark.api.python.PythonRDD.readRDDFromFile.
[2024-12-02T21:06:52.543+0000] {spark_submit.py:634} INFO - : java.lang.IllegalStateException: Cannot call methods on a stopped SparkContext.
[2024-12-02T21:06:52.544+0000] {spark_submit.py:634} INFO - This stopped SparkContext was created at:
[2024-12-02T21:06:52.544+0000] {spark_submit.py:634} INFO - 
[2024-12-02T21:06:52.545+0000] {spark_submit.py:634} INFO - org.apache.spark.api.java.JavaSparkContext.<init>(JavaSparkContext.scala:58)
[2024-12-02T21:06:52.545+0000] {spark_submit.py:634} INFO - java.base/jdk.internal.reflect.NativeConstructorAccessorImpl.newInstance0(Native Method)
[2024-12-02T21:06:52.545+0000] {spark_submit.py:634} INFO - java.base/jdk.internal.reflect.NativeConstructorAccessorImpl.newInstance(NativeConstructorAccessorImpl.java:77)
[2024-12-02T21:06:52.546+0000] {spark_submit.py:634} INFO - java.base/jdk.internal.reflect.DelegatingConstructorAccessorImpl.newInstance(DelegatingConstructorAccessorImpl.java:45)
[2024-12-02T21:06:52.546+0000] {spark_submit.py:634} INFO - java.base/java.lang.reflect.Constructor.newInstanceWithCaller(Constructor.java:500)
[2024-12-02T21:06:52.547+0000] {spark_submit.py:634} INFO - java.base/java.lang.reflect.Constructor.newInstance(Constructor.java:481)
[2024-12-02T21:06:52.547+0000] {spark_submit.py:634} INFO - py4j.reflection.MethodInvoker.invoke(MethodInvoker.java:247)
[2024-12-02T21:06:52.548+0000] {spark_submit.py:634} INFO - py4j.reflection.ReflectionEngine.invoke(ReflectionEngine.java:374)
[2024-12-02T21:06:52.548+0000] {spark_submit.py:634} INFO - py4j.Gateway.invoke(Gateway.java:238)
[2024-12-02T21:06:52.549+0000] {spark_submit.py:634} INFO - py4j.commands.ConstructorCommand.invokeConstructor(ConstructorCommand.java:80)
[2024-12-02T21:06:52.549+0000] {spark_submit.py:634} INFO - py4j.commands.ConstructorCommand.execute(ConstructorCommand.java:69)
[2024-12-02T21:06:52.549+0000] {spark_submit.py:634} INFO - py4j.ClientServerConnection.waitForCommands(ClientServerConnection.java:182)
[2024-12-02T21:06:52.550+0000] {spark_submit.py:634} INFO - py4j.ClientServerConnection.run(ClientServerConnection.java:106)
[2024-12-02T21:06:52.550+0000] {spark_submit.py:634} INFO - java.base/java.lang.Thread.run(Thread.java:840)
[2024-12-02T21:06:52.551+0000] {spark_submit.py:634} INFO - 
[2024-12-02T21:06:52.551+0000] {spark_submit.py:634} INFO - The currently active SparkContext was created at:
[2024-12-02T21:06:52.551+0000] {spark_submit.py:634} INFO - 
[2024-12-02T21:06:52.552+0000] {spark_submit.py:634} INFO - org.apache.spark.api.java.JavaSparkContext.<init>(JavaSparkContext.scala:58)
[2024-12-02T21:06:52.552+0000] {spark_submit.py:634} INFO - java.base/jdk.internal.reflect.NativeConstructorAccessorImpl.newInstance0(Native Method)
[2024-12-02T21:06:52.553+0000] {spark_submit.py:634} INFO - java.base/jdk.internal.reflect.NativeConstructorAccessorImpl.newInstance(NativeConstructorAccessorImpl.java:77)
[2024-12-02T21:06:52.553+0000] {spark_submit.py:634} INFO - java.base/jdk.internal.reflect.DelegatingConstructorAccessorImpl.newInstance(DelegatingConstructorAccessorImpl.java:45)
[2024-12-02T21:06:52.553+0000] {spark_submit.py:634} INFO - java.base/java.lang.reflect.Constructor.newInstanceWithCaller(Constructor.java:500)
[2024-12-02T21:06:52.554+0000] {spark_submit.py:634} INFO - java.base/java.lang.reflect.Constructor.newInstance(Constructor.java:481)
[2024-12-02T21:06:52.554+0000] {spark_submit.py:634} INFO - py4j.reflection.MethodInvoker.invoke(MethodInvoker.java:247)
[2024-12-02T21:06:52.554+0000] {spark_submit.py:634} INFO - py4j.reflection.ReflectionEngine.invoke(ReflectionEngine.java:374)
[2024-12-02T21:06:52.555+0000] {spark_submit.py:634} INFO - py4j.Gateway.invoke(Gateway.java:238)
[2024-12-02T21:06:52.555+0000] {spark_submit.py:634} INFO - py4j.commands.ConstructorCommand.invokeConstructor(ConstructorCommand.java:80)
[2024-12-02T21:06:52.555+0000] {spark_submit.py:634} INFO - py4j.commands.ConstructorCommand.execute(ConstructorCommand.java:69)
[2024-12-02T21:06:52.556+0000] {spark_submit.py:634} INFO - py4j.ClientServerConnection.waitForCommands(ClientServerConnection.java:182)
[2024-12-02T21:06:52.556+0000] {spark_submit.py:634} INFO - py4j.ClientServerConnection.run(ClientServerConnection.java:106)
[2024-12-02T21:06:52.557+0000] {spark_submit.py:634} INFO - java.base/java.lang.Thread.run(Thread.java:840)
[2024-12-02T21:06:52.557+0000] {spark_submit.py:634} INFO - 
[2024-12-02T21:06:52.557+0000] {spark_submit.py:634} INFO - at org.apache.spark.SparkContext.assertNotStopped(SparkContext.scala:122)
[2024-12-02T21:06:52.558+0000] {spark_submit.py:634} INFO - at org.apache.spark.SparkContext.$anonfun$parallelize$1(SparkContext.scala:937)
[2024-12-02T21:06:52.558+0000] {spark_submit.py:634} INFO - at org.apache.spark.rdd.RDDOperationScope$.withScope(RDDOperationScope.scala:151)
[2024-12-02T21:06:52.558+0000] {spark_submit.py:634} INFO - at org.apache.spark.rdd.RDDOperationScope$.withScope(RDDOperationScope.scala:112)
[2024-12-02T21:06:52.558+0000] {spark_submit.py:634} INFO - at org.apache.spark.SparkContext.withScope(SparkContext.scala:919)
[2024-12-02T21:06:52.559+0000] {spark_submit.py:634} INFO - at org.apache.spark.SparkContext.parallelize(SparkContext.scala:936)
[2024-12-02T21:06:52.559+0000] {spark_submit.py:634} INFO - at org.apache.spark.api.java.JavaRDD$.readRDDFromInputStream(JavaRDD.scala:259)
[2024-12-02T21:06:52.560+0000] {spark_submit.py:634} INFO - at org.apache.spark.api.java.JavaRDD$.readRDDFromFile(JavaRDD.scala:239)
[2024-12-02T21:06:52.560+0000] {spark_submit.py:634} INFO - at org.apache.spark.api.python.PythonRDD$.readRDDFromFile(PythonRDD.scala:289)
[2024-12-02T21:06:52.560+0000] {spark_submit.py:634} INFO - at org.apache.spark.api.python.PythonRDD.readRDDFromFile(PythonRDD.scala)
[2024-12-02T21:06:52.560+0000] {spark_submit.py:634} INFO - at java.base/jdk.internal.reflect.NativeMethodAccessorImpl.invoke0(Native Method)
[2024-12-02T21:06:52.561+0000] {spark_submit.py:634} INFO - at java.base/jdk.internal.reflect.NativeMethodAccessorImpl.invoke(NativeMethodAccessorImpl.java:77)
[2024-12-02T21:06:52.561+0000] {spark_submit.py:634} INFO - at java.base/jdk.internal.reflect.DelegatingMethodAccessorImpl.invoke(DelegatingMethodAccessorImpl.java:43)
[2024-12-02T21:06:52.561+0000] {spark_submit.py:634} INFO - at java.base/java.lang.reflect.Method.invoke(Method.java:569)
[2024-12-02T21:06:52.562+0000] {spark_submit.py:634} INFO - at py4j.reflection.MethodInvoker.invoke(MethodInvoker.java:244)
[2024-12-02T21:06:52.562+0000] {spark_submit.py:634} INFO - at py4j.reflection.ReflectionEngine.invoke(ReflectionEngine.java:374)
[2024-12-02T21:06:52.563+0000] {spark_submit.py:634} INFO - at py4j.Gateway.invoke(Gateway.java:282)
[2024-12-02T21:06:52.563+0000] {spark_submit.py:634} INFO - at py4j.commands.AbstractCommand.invokeMethod(AbstractCommand.java:132)
[2024-12-02T21:06:52.564+0000] {spark_submit.py:634} INFO - at py4j.commands.CallCommand.execute(CallCommand.java:79)
[2024-12-02T21:06:52.564+0000] {spark_submit.py:634} INFO - at py4j.ClientServerConnection.waitForCommands(ClientServerConnection.java:182)
[2024-12-02T21:06:52.564+0000] {spark_submit.py:634} INFO - at py4j.ClientServerConnection.run(ClientServerConnection.java:106)
[2024-12-02T21:06:52.565+0000] {spark_submit.py:634} INFO - at java.base/java.lang.Thread.run(Thread.java:840)
[2024-12-02T21:06:52.565+0000] {spark_submit.py:634} INFO - 
[2024-12-02T21:06:52.619+0000] {spark_submit.py:634} INFO - 24/12/02 21:06:52 INFO ShutdownHookManager: Shutdown hook called
[2024-12-02T21:06:52.619+0000] {spark_submit.py:634} INFO - 24/12/02 21:06:52 INFO ShutdownHookManager: Deleting directory /tmp/spark-55478b30-2cd4-46e4-967b-2172d6361f49/pyspark-52fa88d9-f80a-4b14-980f-6f1b42cbac57
[2024-12-02T21:06:52.624+0000] {spark_submit.py:634} INFO - 24/12/02 21:06:52 INFO ShutdownHookManager: Deleting directory /tmp/spark-06fa4dbe-6995-4018-a1bc-bc3bb74a60ea
[2024-12-02T21:06:52.627+0000] {spark_submit.py:634} INFO - 24/12/02 21:06:52 INFO ShutdownHookManager: Deleting directory /tmp/spark-55478b30-2cd4-46e4-967b-2172d6361f49
[2024-12-02T21:06:52.679+0000] {taskinstance.py:3311} ERROR - Task failed with exception
Traceback (most recent call last):
  File "/home/airflow/.local/lib/python3.12/site-packages/airflow/models/taskinstance.py", line 767, in _execute_task
    result = _execute_callable(context=context, **execute_callable_kwargs)
             ^^^^^^^^^^^^^^^^^^^^^^^^^^^^^^^^^^^^^^^^^^^^^^^^^^^^^^^^^^^^^
  File "/home/airflow/.local/lib/python3.12/site-packages/airflow/models/taskinstance.py", line 733, in _execute_callable
    return ExecutionCallableRunner(
           ^^^^^^^^^^^^^^^^^^^^^^^^
  File "/home/airflow/.local/lib/python3.12/site-packages/airflow/utils/operator_helpers.py", line 252, in run
    return self.func(*args, **kwargs)
           ^^^^^^^^^^^^^^^^^^^^^^^^^^
  File "/home/airflow/.local/lib/python3.12/site-packages/airflow/models/baseoperator.py", line 417, in wrapper
    return func(self, *args, **kwargs)
           ^^^^^^^^^^^^^^^^^^^^^^^^^^^
  File "/home/airflow/.local/lib/python3.12/site-packages/airflow/providers/apache/spark/operators/spark_submit.py", line 176, in execute
    self._hook.submit(self.application)
  File "/home/airflow/.local/lib/python3.12/site-packages/airflow/providers/apache/spark/hooks/spark_submit.py", line 560, in submit
    raise AirflowException(
airflow.exceptions.AirflowException: Cannot execute: spark-submit --master spark://172.18.0.3:7077 --name arrow-spark --deploy-mode client jobs/python/wordcountjob.py. Error code is: 1.
[2024-12-02T21:06:52.688+0000] {taskinstance.py:1225} INFO - Marking task as FAILED. dag_id=sparking_flow, task_id=python_job, run_id=manual__2024-12-02T21:05:43.136271+00:00, execution_date=20241202T210543, start_date=20241202T210544, end_date=20241202T210652
[2024-12-02T21:06:52.703+0000] {taskinstance.py:340} INFO - ::group::Post task execution logs
[2024-12-02T21:06:52.704+0000] {standard_task_runner.py:124} ERROR - Failed to execute job 37 for task python_job (Cannot execute: spark-submit --master spark://172.18.0.3:7077 --name arrow-spark --deploy-mode client jobs/python/wordcountjob.py. Error code is: 1.; 188)
Traceback (most recent call last):
  File "/home/airflow/.local/lib/python3.12/site-packages/airflow/task/task_runner/standard_task_runner.py", line 117, in _start_by_fork
    ret = args.func(args, dag=self.dag)
          ^^^^^^^^^^^^^^^^^^^^^^^^^^^^^
  File "/home/airflow/.local/lib/python3.12/site-packages/airflow/cli/cli_config.py", line 49, in command
    return func(*args, **kwargs)
           ^^^^^^^^^^^^^^^^^^^^^
  File "/home/airflow/.local/lib/python3.12/site-packages/airflow/utils/cli.py", line 116, in wrapper
    return f(*args, **kwargs)
           ^^^^^^^^^^^^^^^^^^
  File "/home/airflow/.local/lib/python3.12/site-packages/airflow/cli/commands/task_command.py", line 483, in task_run
    task_return_code = _run_task_by_selected_method(args, _dag, ti)
                       ^^^^^^^^^^^^^^^^^^^^^^^^^^^^^^^^^^^^^^^^^^^^
  File "/home/airflow/.local/lib/python3.12/site-packages/airflow/cli/commands/task_command.py", line 256, in _run_task_by_selected_method
    return _run_raw_task(args, ti)
           ^^^^^^^^^^^^^^^^^^^^^^^
  File "/home/airflow/.local/lib/python3.12/site-packages/airflow/cli/commands/task_command.py", line 341, in _run_raw_task
    return ti._run_raw_task(
           ^^^^^^^^^^^^^^^^^
  File "/home/airflow/.local/lib/python3.12/site-packages/airflow/utils/session.py", line 97, in wrapper
    return func(*args, session=session, **kwargs)
           ^^^^^^^^^^^^^^^^^^^^^^^^^^^^^^^^^^^^^^
  File "/home/airflow/.local/lib/python3.12/site-packages/airflow/models/taskinstance.py", line 3005, in _run_raw_task
    return _run_raw_task(
           ^^^^^^^^^^^^^^
  File "/home/airflow/.local/lib/python3.12/site-packages/airflow/models/taskinstance.py", line 273, in _run_raw_task
    TaskInstance._execute_task_with_callbacks(
  File "/home/airflow/.local/lib/python3.12/site-packages/airflow/models/taskinstance.py", line 3159, in _execute_task_with_callbacks
    result = self._execute_task(context, task_orig)
             ^^^^^^^^^^^^^^^^^^^^^^^^^^^^^^^^^^^^^^
  File "/home/airflow/.local/lib/python3.12/site-packages/airflow/models/taskinstance.py", line 3183, in _execute_task
    return _execute_task(self, context, task_orig)
           ^^^^^^^^^^^^^^^^^^^^^^^^^^^^^^^^^^^^^^^
  File "/home/airflow/.local/lib/python3.12/site-packages/airflow/models/taskinstance.py", line 767, in _execute_task
    result = _execute_callable(context=context, **execute_callable_kwargs)
             ^^^^^^^^^^^^^^^^^^^^^^^^^^^^^^^^^^^^^^^^^^^^^^^^^^^^^^^^^^^^^
  File "/home/airflow/.local/lib/python3.12/site-packages/airflow/models/taskinstance.py", line 733, in _execute_callable
    return ExecutionCallableRunner(
           ^^^^^^^^^^^^^^^^^^^^^^^^
  File "/home/airflow/.local/lib/python3.12/site-packages/airflow/utils/operator_helpers.py", line 252, in run
    return self.func(*args, **kwargs)
           ^^^^^^^^^^^^^^^^^^^^^^^^^^
  File "/home/airflow/.local/lib/python3.12/site-packages/airflow/models/baseoperator.py", line 417, in wrapper
    return func(self, *args, **kwargs)
           ^^^^^^^^^^^^^^^^^^^^^^^^^^^
  File "/home/airflow/.local/lib/python3.12/site-packages/airflow/providers/apache/spark/operators/spark_submit.py", line 176, in execute
    self._hook.submit(self.application)
  File "/home/airflow/.local/lib/python3.12/site-packages/airflow/providers/apache/spark/hooks/spark_submit.py", line 560, in submit
    raise AirflowException(
airflow.exceptions.AirflowException: Cannot execute: spark-submit --master spark://172.18.0.3:7077 --name arrow-spark --deploy-mode client jobs/python/wordcountjob.py. Error code is: 1.
[2024-12-02T21:06:52.727+0000] {local_task_job_runner.py:266} INFO - Task exited with return code 1
[2024-12-02T21:06:52.750+0000] {taskinstance.py:3895} INFO - 0 downstream tasks scheduled from follow-on schedule check
[2024-12-02T21:06:52.753+0000] {local_task_job_runner.py:245} INFO - ::endgroup::
