[2024-12-08T14:23:14.962+0000] {local_task_job_runner.py:123} INFO - ::group::Pre task execution logs
[2024-12-08T14:23:14.980+0000] {taskinstance.py:2613} INFO - Dependencies all met for dep_context=non-requeueable deps ti=<TaskInstance: sparking_flow.java_job manual__2024-12-08T14:23:13.429923+00:00 [queued]>
[2024-12-08T14:23:14.988+0000] {taskinstance.py:2613} INFO - Dependencies all met for dep_context=requeueable deps ti=<TaskInstance: sparking_flow.java_job manual__2024-12-08T14:23:13.429923+00:00 [queued]>
[2024-12-08T14:23:14.989+0000] {taskinstance.py:2866} INFO - Starting attempt 1 of 1
[2024-12-08T14:23:14.999+0000] {taskinstance.py:2889} INFO - Executing <Task(SparkSubmitOperator): java_job> on 2024-12-08 14:23:13.429923+00:00
[2024-12-08T14:23:15.006+0000] {logging_mixin.py:190} WARNING - /home/***/.local/lib/python3.12/site-packages/***/task/task_runner/standard_task_runner.py:70 DeprecationWarning: This process (pid=544) is multi-threaded, use of fork() may lead to deadlocks in the child.
[2024-12-08T14:23:15.007+0000] {standard_task_runner.py:72} INFO - Started process 547 to run task
[2024-12-08T14:23:15.005+0000] {standard_task_runner.py:104} INFO - Running: ['***', 'tasks', 'run', 'sparking_flow', 'java_job', 'manual__2024-12-08T14:23:13.429923+00:00', '--job-id', '159', '--raw', '--subdir', 'DAGS_FOLDER/spark_***.py', '--cfg-path', '/tmp/tmp6oufxq1x']
[2024-12-08T14:23:15.009+0000] {standard_task_runner.py:105} INFO - Job 159: Subtask java_job
[2024-12-08T14:23:15.059+0000] {task_command.py:467} INFO - Running <TaskInstance: sparking_flow.java_job manual__2024-12-08T14:23:13.429923+00:00 [running]> on host 2a892a3469ec
[2024-12-08T14:23:15.136+0000] {taskinstance.py:3132} INFO - Exporting env vars: AIRFLOW_CTX_DAG_OWNER='Yusuf Ganiyu' AIRFLOW_CTX_DAG_ID='sparking_flow' AIRFLOW_CTX_TASK_ID='java_job' AIRFLOW_CTX_EXECUTION_DATE='2024-12-08T14:23:13.429923+00:00' AIRFLOW_CTX_TRY_NUMBER='1' AIRFLOW_CTX_DAG_RUN_ID='manual__2024-12-08T14:23:13.429923+00:00'
[2024-12-08T14:23:15.137+0000] {taskinstance.py:731} INFO - ::endgroup::
[2024-12-08T14:23:15.161+0000] {base.py:84} INFO - Retrieving connection 'spark-conn'
[2024-12-08T14:23:15.162+0000] {spark_submit.py:473} INFO - Spark-Submit cmd: spark-submit --master spark://sparkingflow-spark-master-1:7077 --name arrow-spark --class com.airscholar.spark.WordCountJob --deploy-mode client jobs/java/spark-job/target/spark-job-1.0-SNAPSHOT.jar
[2024-12-08T14:23:17.333+0000] {spark_submit.py:634} INFO - 24/12/08 14:23:17 INFO SparkContext: Running Spark version 3.5.3
[2024-12-08T14:23:17.336+0000] {spark_submit.py:634} INFO - 24/12/08 14:23:17 INFO SparkContext: OS info Linux, 6.10.14-linuxkit, aarch64
[2024-12-08T14:23:17.336+0000] {spark_submit.py:634} INFO - 24/12/08 14:23:17 INFO SparkContext: Java version 17.0.13
[2024-12-08T14:23:17.428+0000] {spark_submit.py:634} INFO - 24/12/08 14:23:17 WARN NativeCodeLoader: Unable to load native-hadoop library for your platform... using builtin-java classes where applicable
[2024-12-08T14:23:17.538+0000] {spark_submit.py:634} INFO - 24/12/08 14:23:17 INFO ResourceUtils: ==============================================================
[2024-12-08T14:23:17.539+0000] {spark_submit.py:634} INFO - 24/12/08 14:23:17 INFO ResourceUtils: No custom resources configured for spark.driver.
[2024-12-08T14:23:17.539+0000] {spark_submit.py:634} INFO - 24/12/08 14:23:17 INFO ResourceUtils: ==============================================================
[2024-12-08T14:23:17.540+0000] {spark_submit.py:634} INFO - 24/12/08 14:23:17 INFO SparkContext: Submitted application: Word Count Job
[2024-12-08T14:23:17.568+0000] {spark_submit.py:634} INFO - 24/12/08 14:23:17 INFO ResourceProfile: Default ResourceProfile created, executor resources: Map(cores -> name: cores, amount: 1, script: , vendor: , memory -> name: memory, amount: 1024, script: , vendor: , offHeap -> name: offHeap, amount: 0, script: , vendor: ), task resources: Map(cpus -> name: cpus, amount: 1.0)
[2024-12-08T14:23:17.578+0000] {spark_submit.py:634} INFO - 24/12/08 14:23:17 INFO ResourceProfile: Limiting resource is cpu
[2024-12-08T14:23:17.579+0000] {spark_submit.py:634} INFO - 24/12/08 14:23:17 INFO ResourceProfileManager: Added ResourceProfile id: 0
[2024-12-08T14:23:17.660+0000] {spark_submit.py:634} INFO - 24/12/08 14:23:17 INFO SecurityManager: Changing view acls to: ***
[2024-12-08T14:23:17.661+0000] {spark_submit.py:634} INFO - 24/12/08 14:23:17 INFO SecurityManager: Changing modify acls to: ***
[2024-12-08T14:23:17.662+0000] {spark_submit.py:634} INFO - 24/12/08 14:23:17 INFO SecurityManager: Changing view acls groups to:
[2024-12-08T14:23:17.662+0000] {spark_submit.py:634} INFO - 24/12/08 14:23:17 INFO SecurityManager: Changing modify acls groups to:
[2024-12-08T14:23:17.663+0000] {spark_submit.py:634} INFO - 24/12/08 14:23:17 INFO SecurityManager: SecurityManager: authentication disabled; ui acls disabled; users with view permissions: ***; groups with view permissions: EMPTY; users with modify permissions: ***; groups with modify permissions: EMPTY
[2024-12-08T14:23:17.943+0000] {spark_submit.py:634} INFO - 24/12/08 14:23:17 INFO Utils: Successfully started service 'sparkDriver' on port 42945.
[2024-12-08T14:23:17.977+0000] {spark_submit.py:634} INFO - 24/12/08 14:23:17 INFO SparkEnv: Registering MapOutputTracker
[2024-12-08T14:23:18.021+0000] {spark_submit.py:634} INFO - 24/12/08 14:23:18 INFO SparkEnv: Registering BlockManagerMaster
[2024-12-08T14:23:18.037+0000] {spark_submit.py:634} INFO - 24/12/08 14:23:18 INFO BlockManagerMasterEndpoint: Using org.apache.spark.storage.DefaultTopologyMapper for getting topology information
[2024-12-08T14:23:18.038+0000] {spark_submit.py:634} INFO - 24/12/08 14:23:18 INFO BlockManagerMasterEndpoint: BlockManagerMasterEndpoint up
[2024-12-08T14:23:18.043+0000] {spark_submit.py:634} INFO - 24/12/08 14:23:18 INFO SparkEnv: Registering BlockManagerMasterHeartbeat
[2024-12-08T14:23:18.063+0000] {spark_submit.py:634} INFO - 24/12/08 14:23:18 INFO DiskBlockManager: Created local directory at /tmp/blockmgr-73ff3e62-92c2-47ff-b53d-b04030b6ccb5
[2024-12-08T14:23:18.078+0000] {spark_submit.py:634} INFO - 24/12/08 14:23:18 INFO MemoryStore: MemoryStore started with capacity 434.4 MiB
[2024-12-08T14:23:18.094+0000] {spark_submit.py:634} INFO - 24/12/08 14:23:18 INFO SparkEnv: Registering OutputCommitCoordinator
[2024-12-08T14:23:18.244+0000] {spark_submit.py:634} INFO - 24/12/08 14:23:18 INFO JettyUtils: Start Jetty 0.0.0.0:4040 for SparkUI
[2024-12-08T14:23:18.316+0000] {spark_submit.py:634} INFO - 24/12/08 14:23:18 INFO Utils: Successfully started service 'SparkUI' on port 4040.
[2024-12-08T14:23:18.361+0000] {spark_submit.py:634} INFO - 24/12/08 14:23:18 INFO SparkContext: Added JAR file:/opt/***/jobs/java/spark-job/target/spark-job-1.0-SNAPSHOT.jar at spark://2a892a3469ec:42945/jars/spark-job-1.0-SNAPSHOT.jar with timestamp 1733667797320
[2024-12-08T14:23:18.440+0000] {spark_submit.py:634} INFO - 24/12/08 14:23:18 INFO Executor: Starting executor ID driver on host 2a892a3469ec
[2024-12-08T14:23:18.441+0000] {spark_submit.py:634} INFO - 24/12/08 14:23:18 INFO Executor: OS info Linux, 6.10.14-linuxkit, aarch64
[2024-12-08T14:23:18.441+0000] {spark_submit.py:634} INFO - 24/12/08 14:23:18 INFO Executor: Java version 17.0.13
[2024-12-08T14:23:18.450+0000] {spark_submit.py:634} INFO - 24/12/08 14:23:18 INFO Executor: Starting executor with user classpath (userClassPathFirst = false): ''
[2024-12-08T14:23:18.452+0000] {spark_submit.py:634} INFO - 24/12/08 14:23:18 INFO Executor: Created or updated repl class loader org.apache.spark.util.MutableURLClassLoader@38f77cd9 for default.
[2024-12-08T14:23:18.486+0000] {spark_submit.py:634} INFO - 24/12/08 14:23:18 INFO Executor: Fetching spark://2a892a3469ec:42945/jars/spark-job-1.0-SNAPSHOT.jar with timestamp 1733667797320
[2024-12-08T14:23:18.556+0000] {spark_submit.py:634} INFO - 24/12/08 14:23:18 INFO TransportClientFactory: Successfully created connection to 2a892a3469ec/172.18.0.4:42945 after 35 ms (0 ms spent in bootstraps)
[2024-12-08T14:23:18.564+0000] {spark_submit.py:634} INFO - 24/12/08 14:23:18 INFO Utils: Fetching spark://2a892a3469ec:42945/jars/spark-job-1.0-SNAPSHOT.jar to /tmp/spark-38d33f61-36a9-4465-a7db-ec927ee310dc/userFiles-fb84d724-ee4d-46ca-addb-293fbeb2a803/fetchFileTemp7873222795117513645.tmp
[2024-12-08T14:23:18.634+0000] {spark_submit.py:634} INFO - 24/12/08 14:23:18 INFO Executor: Adding file:/tmp/spark-38d33f61-36a9-4465-a7db-ec927ee310dc/userFiles-fb84d724-ee4d-46ca-addb-293fbeb2a803/spark-job-1.0-SNAPSHOT.jar to class loader default
[2024-12-08T14:23:18.645+0000] {spark_submit.py:634} INFO - 24/12/08 14:23:18 INFO Utils: Successfully started service 'org.apache.spark.network.netty.NettyBlockTransferService' on port 42847.
[2024-12-08T14:23:18.647+0000] {spark_submit.py:634} INFO - 24/12/08 14:23:18 INFO NettyBlockTransferService: Server created on 2a892a3469ec:42847
[2024-12-08T14:23:18.648+0000] {spark_submit.py:634} INFO - 24/12/08 14:23:18 INFO BlockManager: Using org.apache.spark.storage.RandomBlockReplicationPolicy for block replication policy
[2024-12-08T14:23:18.659+0000] {spark_submit.py:634} INFO - 24/12/08 14:23:18 INFO BlockManagerMaster: Registering BlockManager BlockManagerId(driver, 2a892a3469ec, 42847, None)
[2024-12-08T14:23:18.664+0000] {spark_submit.py:634} INFO - 24/12/08 14:23:18 INFO BlockManagerMasterEndpoint: Registering block manager 2a892a3469ec:42847 with 434.4 MiB RAM, BlockManagerId(driver, 2a892a3469ec, 42847, None)
[2024-12-08T14:23:18.667+0000] {spark_submit.py:634} INFO - 24/12/08 14:23:18 INFO BlockManagerMaster: Registered BlockManager BlockManagerId(driver, 2a892a3469ec, 42847, None)
[2024-12-08T14:23:18.668+0000] {spark_submit.py:634} INFO - 24/12/08 14:23:18 INFO BlockManager: Initialized BlockManager: BlockManagerId(driver, 2a892a3469ec, 42847, None)
[2024-12-08T14:23:19.757+0000] {spark_submit.py:634} INFO - 24/12/08 14:23:19 INFO SparkContext: Starting job: collect at WordCountJob.java:37
[2024-12-08T14:23:19.890+0000] {spark_submit.py:634} INFO - 24/12/08 14:23:19 INFO DAGScheduler: Registering RDD 2 (mapToPair at WordCountJob.java:33) as input to shuffle 0
[2024-12-08T14:23:19.906+0000] {spark_submit.py:634} INFO - 24/12/08 14:23:19 INFO DAGScheduler: Got job 0 (collect at WordCountJob.java:37) with 1 output partitions
[2024-12-08T14:23:19.918+0000] {spark_submit.py:634} INFO - 24/12/08 14:23:19 INFO DAGScheduler: Final stage: ResultStage 1 (collect at WordCountJob.java:37)
[2024-12-08T14:23:19.921+0000] {spark_submit.py:634} INFO - 24/12/08 14:23:19 INFO DAGScheduler: Parents of final stage: List(ShuffleMapStage 0)
[2024-12-08T14:23:19.925+0000] {spark_submit.py:634} INFO - 24/12/08 14:23:19 INFO DAGScheduler: Missing parents: List(ShuffleMapStage 0)
[2024-12-08T14:23:19.941+0000] {spark_submit.py:634} INFO - 24/12/08 14:23:19 INFO DAGScheduler: Submitting ShuffleMapStage 0 (MapPartitionsRDD[2] at mapToPair at WordCountJob.java:33), which has no missing parents
[2024-12-08T14:23:20.318+0000] {spark_submit.py:634} INFO - 24/12/08 14:23:20 INFO MemoryStore: Block broadcast_0 stored as values in memory (estimated size 6.4 KiB, free 434.4 MiB)
[2024-12-08T14:23:20.388+0000] {spark_submit.py:634} INFO - 24/12/08 14:23:20 INFO MemoryStore: Block broadcast_0_piece0 stored as bytes in memory (estimated size 3.4 KiB, free 434.4 MiB)
[2024-12-08T14:23:20.392+0000] {spark_submit.py:634} INFO - 24/12/08 14:23:20 INFO BlockManagerInfo: Added broadcast_0_piece0 in memory on 2a892a3469ec:42847 (size: 3.4 KiB, free: 434.4 MiB)
[2024-12-08T14:23:20.402+0000] {spark_submit.py:634} INFO - 24/12/08 14:23:20 INFO SparkContext: Created broadcast 0 from broadcast at DAGScheduler.scala:1585
[2024-12-08T14:23:20.444+0000] {spark_submit.py:634} INFO - 24/12/08 14:23:20 INFO DAGScheduler: Submitting 1 missing tasks from ShuffleMapStage 0 (MapPartitionsRDD[2] at mapToPair at WordCountJob.java:33) (first 15 tasks are for partitions Vector(0))
[2024-12-08T14:23:20.445+0000] {spark_submit.py:634} INFO - 24/12/08 14:23:20 INFO TaskSchedulerImpl: Adding task set 0.0 with 1 tasks resource profile 0
[2024-12-08T14:23:20.546+0000] {spark_submit.py:634} INFO - 24/12/08 14:23:20 INFO TaskSetManager: Starting task 0.0 in stage 0.0 (TID 0) (2a892a3469ec, executor driver, partition 0, PROCESS_LOCAL, 9249 bytes)
[2024-12-08T14:23:20.574+0000] {spark_submit.py:634} INFO - 24/12/08 14:23:20 INFO Executor: Running task 0.0 in stage 0.0 (TID 0)
[2024-12-08T14:23:20.888+0000] {spark_submit.py:634} INFO - 24/12/08 14:23:20 INFO Executor: Finished task 0.0 in stage 0.0 (TID 0). 1216 bytes result sent to driver
[2024-12-08T14:23:20.911+0000] {spark_submit.py:634} INFO - 24/12/08 14:23:20 INFO TaskSetManager: Finished task 0.0 in stage 0.0 (TID 0) in 402 ms on 2a892a3469ec (executor driver) (1/1)
[2024-12-08T14:23:20.918+0000] {spark_submit.py:634} INFO - 24/12/08 14:23:20 INFO TaskSchedulerImpl: Removed TaskSet 0.0, whose tasks have all completed, from pool
[2024-12-08T14:23:20.929+0000] {spark_submit.py:634} INFO - 24/12/08 14:23:20 INFO DAGScheduler: ShuffleMapStage 0 (mapToPair at WordCountJob.java:33) finished in 0.935 s
[2024-12-08T14:23:20.933+0000] {spark_submit.py:634} INFO - 24/12/08 14:23:20 INFO DAGScheduler: looking for newly runnable stages
[2024-12-08T14:23:20.935+0000] {spark_submit.py:634} INFO - 24/12/08 14:23:20 INFO DAGScheduler: running: Set()
[2024-12-08T14:23:20.939+0000] {spark_submit.py:634} INFO - 24/12/08 14:23:20 INFO DAGScheduler: waiting: Set(ResultStage 1)
[2024-12-08T14:23:20.939+0000] {spark_submit.py:634} INFO - 24/12/08 14:23:20 INFO DAGScheduler: failed: Set()
[2024-12-08T14:23:20.944+0000] {spark_submit.py:634} INFO - 24/12/08 14:23:20 INFO DAGScheduler: Submitting ResultStage 1 (ShuffledRDD[3] at reduceByKey at WordCountJob.java:34), which has no missing parents
[2024-12-08T14:23:20.992+0000] {spark_submit.py:634} INFO - 24/12/08 14:23:20 INFO MemoryStore: Block broadcast_1 stored as values in memory (estimated size 5.2 KiB, free 434.4 MiB)
[2024-12-08T14:23:20.994+0000] {spark_submit.py:634} INFO - 24/12/08 14:23:20 INFO MemoryStore: Block broadcast_1_piece0 stored as bytes in memory (estimated size 2.9 KiB, free 434.4 MiB)
[2024-12-08T14:23:20.995+0000] {spark_submit.py:634} INFO - 24/12/08 14:23:20 INFO BlockManagerInfo: Added broadcast_1_piece0 in memory on 2a892a3469ec:42847 (size: 2.9 KiB, free: 434.4 MiB)
[2024-12-08T14:23:21.002+0000] {spark_submit.py:634} INFO - 24/12/08 14:23:20 INFO SparkContext: Created broadcast 1 from broadcast at DAGScheduler.scala:1585
[2024-12-08T14:23:21.005+0000] {spark_submit.py:634} INFO - 24/12/08 14:23:21 INFO DAGScheduler: Submitting 1 missing tasks from ResultStage 1 (ShuffledRDD[3] at reduceByKey at WordCountJob.java:34) (first 15 tasks are for partitions Vector(0))
[2024-12-08T14:23:21.015+0000] {spark_submit.py:634} INFO - 24/12/08 14:23:21 INFO TaskSchedulerImpl: Adding task set 1.0 with 1 tasks resource profile 0
[2024-12-08T14:23:21.018+0000] {spark_submit.py:634} INFO - 24/12/08 14:23:21 INFO TaskSetManager: Starting task 0.0 in stage 1.0 (TID 1) (2a892a3469ec, executor driver, partition 0, NODE_LOCAL, 9002 bytes)
[2024-12-08T14:23:21.021+0000] {spark_submit.py:634} INFO - 24/12/08 14:23:21 INFO Executor: Running task 0.0 in stage 1.0 (TID 1)
[2024-12-08T14:23:21.107+0000] {spark_submit.py:634} INFO - 24/12/08 14:23:21 INFO ShuffleBlockFetcherIterator: Getting 1 (189.0 B) non-empty blocks including 1 (189.0 B) local and 0 (0.0 B) host-local and 0 (0.0 B) push-merged-local and 0 (0.0 B) remote blocks
[2024-12-08T14:23:21.109+0000] {spark_submit.py:634} INFO - 24/12/08 14:23:21 INFO ShuffleBlockFetcherIterator: Started 0 remote fetches in 18 ms
[2024-12-08T14:23:21.164+0000] {spark_submit.py:634} INFO - 24/12/08 14:23:21 INFO Executor: Finished task 0.0 in stage 1.0 (TID 1). 2001 bytes result sent to driver
[2024-12-08T14:23:21.169+0000] {spark_submit.py:634} INFO - 24/12/08 14:23:21 INFO TaskSetManager: Finished task 0.0 in stage 1.0 (TID 1) in 158 ms on 2a892a3469ec (executor driver) (1/1)
[2024-12-08T14:23:21.174+0000] {spark_submit.py:634} INFO - 24/12/08 14:23:21 INFO TaskSchedulerImpl: Removed TaskSet 1.0, whose tasks have all completed, from pool
[2024-12-08T14:23:21.176+0000] {spark_submit.py:634} INFO - 24/12/08 14:23:21 INFO DAGScheduler: ResultStage 1 (collect at WordCountJob.java:37) finished in 0.193 s
[2024-12-08T14:23:21.185+0000] {spark_submit.py:634} INFO - 24/12/08 14:23:21 INFO DAGScheduler: Job 0 is finished. Cancelling potential speculative or zombie tasks for this job
[2024-12-08T14:23:21.186+0000] {spark_submit.py:634} INFO - 24/12/08 14:23:21 INFO TaskSchedulerImpl: Killing all running tasks in stage 1: Stage finished
[2024-12-08T14:23:21.190+0000] {spark_submit.py:634} INFO - 24/12/08 14:23:21 INFO DAGScheduler: Job 0 finished: collect at WordCountJob.java:37, took 1.435536 s
[2024-12-08T14:23:21.196+0000] {spark_submit.py:634} INFO - spark: 1
[2024-12-08T14:23:21.197+0000] {spark_submit.py:634} INFO - docker: 1
[2024-12-08T14:23:21.199+0000] {spark_submit.py:634} INFO - Yusuf: 1
[2024-12-08T14:23:21.202+0000] {spark_submit.py:634} INFO - hello: 5
[2024-12-08T14:23:21.205+0000] {spark_submit.py:634} INFO - java: 1
[2024-12-08T14:23:21.206+0000] {spark_submit.py:634} INFO - world: 1
[2024-12-08T14:23:21.207+0000] {spark_submit.py:634} INFO - 24/12/08 14:23:21 INFO SparkContext: SparkContext is stopping with exitCode 0.
[2024-12-08T14:23:21.231+0000] {spark_submit.py:634} INFO - 24/12/08 14:23:21 INFO SparkUI: Stopped Spark web UI at http://2a892a3469ec:4040
[2024-12-08T14:23:21.250+0000] {spark_submit.py:634} INFO - 24/12/08 14:23:21 INFO MapOutputTrackerMasterEndpoint: MapOutputTrackerMasterEndpoint stopped!
[2024-12-08T14:23:21.279+0000] {spark_submit.py:634} INFO - 24/12/08 14:23:21 INFO MemoryStore: MemoryStore cleared
[2024-12-08T14:23:21.280+0000] {spark_submit.py:634} INFO - 24/12/08 14:23:21 INFO BlockManager: BlockManager stopped
[2024-12-08T14:23:21.294+0000] {spark_submit.py:634} INFO - 24/12/08 14:23:21 INFO BlockManagerMaster: BlockManagerMaster stopped
[2024-12-08T14:23:21.296+0000] {spark_submit.py:634} INFO - 24/12/08 14:23:21 INFO OutputCommitCoordinator$OutputCommitCoordinatorEndpoint: OutputCommitCoordinator stopped!
[2024-12-08T14:23:21.314+0000] {spark_submit.py:634} INFO - 24/12/08 14:23:21 INFO SparkContext: Successfully stopped SparkContext
[2024-12-08T14:23:21.320+0000] {spark_submit.py:634} INFO - 24/12/08 14:23:21 INFO ShutdownHookManager: Shutdown hook called
[2024-12-08T14:23:21.321+0000] {spark_submit.py:634} INFO - 24/12/08 14:23:21 INFO ShutdownHookManager: Deleting directory /tmp/spark-38d33f61-36a9-4465-a7db-ec927ee310dc
[2024-12-08T14:23:21.329+0000] {spark_submit.py:634} INFO - 24/12/08 14:23:21 INFO ShutdownHookManager: Deleting directory /tmp/spark-da49a722-f887-489e-a2c3-6406242e6470
[2024-12-08T14:23:21.448+0000] {taskinstance.py:340} INFO - ::group::Post task execution logs
[2024-12-08T14:23:21.449+0000] {taskinstance.py:352} INFO - Marking task as SUCCESS. dag_id=sparking_flow, task_id=java_job, run_id=manual__2024-12-08T14:23:13.429923+00:00, execution_date=20241208T142313, start_date=20241208T142314, end_date=20241208T142321
[2024-12-08T14:23:21.523+0000] {local_task_job_runner.py:266} INFO - Task exited with return code 0
[2024-12-08T14:23:21.570+0000] {taskinstance.py:3895} INFO - 0 downstream tasks scheduled from follow-on schedule check
[2024-12-08T14:23:21.574+0000] {local_task_job_runner.py:245} INFO - ::endgroup::
