[2024-12-09T16:12:38.637+0000] {local_task_job_runner.py:123} INFO - ::group::Pre task execution logs
[2024-12-09T16:12:38.652+0000] {taskinstance.py:2613} INFO - Dependencies all met for dep_context=non-requeueable deps ti=<TaskInstance: sparking_flow.scala_job manual__2024-12-09T16:12:37.063719+00:00 [queued]>
[2024-12-09T16:12:38.660+0000] {taskinstance.py:2613} INFO - Dependencies all met for dep_context=requeueable deps ti=<TaskInstance: sparking_flow.scala_job manual__2024-12-09T16:12:37.063719+00:00 [queued]>
[2024-12-09T16:12:38.661+0000] {taskinstance.py:2866} INFO - Starting attempt 1 of 1
[2024-12-09T16:12:38.670+0000] {taskinstance.py:2889} INFO - Executing <Task(SparkSubmitOperator): scala_job> on 2024-12-09 16:12:37.063719+00:00
[2024-12-09T16:12:38.677+0000] {logging_mixin.py:190} WARNING - /home/***/.local/lib/python3.12/site-packages/***/task/task_runner/standard_task_runner.py:70 DeprecationWarning: This process (pid=186) is multi-threaded, use of fork() may lead to deadlocks in the child.
[2024-12-09T16:12:38.677+0000] {standard_task_runner.py:104} INFO - Running: ['***', 'tasks', 'run', 'sparking_flow', 'scala_job', 'manual__2024-12-09T16:12:37.063719+00:00', '--job-id', '546', '--raw', '--subdir', 'DAGS_FOLDER/spark_***.py', '--cfg-path', '/tmp/tmpdc6pvyf_']
[2024-12-09T16:12:38.678+0000] {standard_task_runner.py:72} INFO - Started process 189 to run task
[2024-12-09T16:12:38.679+0000] {standard_task_runner.py:105} INFO - Job 546: Subtask scala_job
[2024-12-09T16:12:38.732+0000] {task_command.py:467} INFO - Running <TaskInstance: sparking_flow.scala_job manual__2024-12-09T16:12:37.063719+00:00 [running]> on host 2a892a3469ec
[2024-12-09T16:12:38.803+0000] {taskinstance.py:3132} INFO - Exporting env vars: AIRFLOW_CTX_DAG_OWNER='Yusuf Ganiyu' AIRFLOW_CTX_DAG_ID='sparking_flow' AIRFLOW_CTX_TASK_ID='scala_job' AIRFLOW_CTX_EXECUTION_DATE='2024-12-09T16:12:37.063719+00:00' AIRFLOW_CTX_TRY_NUMBER='1' AIRFLOW_CTX_DAG_RUN_ID='manual__2024-12-09T16:12:37.063719+00:00'
[2024-12-09T16:12:38.804+0000] {taskinstance.py:731} INFO - ::endgroup::
[2024-12-09T16:12:38.823+0000] {base.py:84} INFO - Retrieving connection 'spark-conn'
[2024-12-09T16:12:38.824+0000] {spark_submit.py:473} INFO - Spark-Submit cmd: spark-submit --master spark://sparkingflow-spark-master-1:7077 --name arrow-spark --deploy-mode client jobs/scala/target/scala-2.12/word-count_2.12-0.1.jar
[2024-12-09T16:12:41.144+0000] {spark_submit.py:634} INFO - 24/12/09 16:12:41 WARN NativeCodeLoader: Unable to load native-hadoop library for your platform... using builtin-java classes where applicable
[2024-12-09T16:12:41.397+0000] {spark_submit.py:634} INFO - 24/12/09 16:12:41 INFO SparkContext: Running Spark version 3.5.3
[2024-12-09T16:12:41.398+0000] {spark_submit.py:634} INFO - 24/12/09 16:12:41 INFO SparkContext: OS info Linux, 6.10.14-linuxkit, aarch64
[2024-12-09T16:12:41.399+0000] {spark_submit.py:634} INFO - 24/12/09 16:12:41 INFO SparkContext: Java version 17.0.13
[2024-12-09T16:12:41.425+0000] {spark_submit.py:634} INFO - 24/12/09 16:12:41 INFO ResourceUtils: ==============================================================
[2024-12-09T16:12:41.427+0000] {spark_submit.py:634} INFO - 24/12/09 16:12:41 INFO ResourceUtils: No custom resources configured for spark.driver.
[2024-12-09T16:12:41.429+0000] {spark_submit.py:634} INFO - 24/12/09 16:12:41 INFO ResourceUtils: ==============================================================
[2024-12-09T16:12:41.430+0000] {spark_submit.py:634} INFO - 24/12/09 16:12:41 INFO SparkContext: Submitted application: Word Count
[2024-12-09T16:12:41.452+0000] {spark_submit.py:634} INFO - 24/12/09 16:12:41 INFO ResourceProfile: Default ResourceProfile created, executor resources: Map(memory -> name: memory, amount: 1024, script: , vendor: , offHeap -> name: offHeap, amount: 0, script: , vendor: ), task resources: Map(cpus -> name: cpus, amount: 1.0)
[2024-12-09T16:12:41.459+0000] {spark_submit.py:634} INFO - 24/12/09 16:12:41 INFO ResourceProfile: Limiting resource is cpu
[2024-12-09T16:12:41.460+0000] {spark_submit.py:634} INFO - 24/12/09 16:12:41 INFO ResourceProfileManager: Added ResourceProfile id: 0
[2024-12-09T16:12:41.510+0000] {spark_submit.py:634} INFO - 24/12/09 16:12:41 INFO SecurityManager: Changing view acls to: ***
[2024-12-09T16:12:41.511+0000] {spark_submit.py:634} INFO - 24/12/09 16:12:41 INFO SecurityManager: Changing modify acls to: ***
[2024-12-09T16:12:41.513+0000] {spark_submit.py:634} INFO - 24/12/09 16:12:41 INFO SecurityManager: Changing view acls groups to:
[2024-12-09T16:12:41.514+0000] {spark_submit.py:634} INFO - 24/12/09 16:12:41 INFO SecurityManager: Changing modify acls groups to:
[2024-12-09T16:12:41.515+0000] {spark_submit.py:634} INFO - 24/12/09 16:12:41 INFO SecurityManager: SecurityManager: authentication disabled; ui acls disabled; users with view permissions: ***; groups with view permissions: EMPTY; users with modify permissions: ***; groups with modify permissions: EMPTY
[2024-12-09T16:12:41.826+0000] {spark_submit.py:634} INFO - 24/12/09 16:12:41 INFO Utils: Successfully started service 'sparkDriver' on port 46579.
[2024-12-09T16:12:41.871+0000] {spark_submit.py:634} INFO - 24/12/09 16:12:41 INFO SparkEnv: Registering MapOutputTracker
[2024-12-09T16:12:41.907+0000] {spark_submit.py:634} INFO - 24/12/09 16:12:41 INFO SparkEnv: Registering BlockManagerMaster
[2024-12-09T16:12:41.923+0000] {spark_submit.py:634} INFO - 24/12/09 16:12:41 INFO BlockManagerMasterEndpoint: Using org.apache.spark.storage.DefaultTopologyMapper for getting topology information
[2024-12-09T16:12:41.924+0000] {spark_submit.py:634} INFO - 24/12/09 16:12:41 INFO BlockManagerMasterEndpoint: BlockManagerMasterEndpoint up
[2024-12-09T16:12:41.928+0000] {spark_submit.py:634} INFO - 24/12/09 16:12:41 INFO SparkEnv: Registering BlockManagerMasterHeartbeat
[2024-12-09T16:12:41.955+0000] {spark_submit.py:634} INFO - 24/12/09 16:12:41 INFO DiskBlockManager: Created local directory at /tmp/blockmgr-c9d243a5-4688-4032-8a5e-92643da60dd9
[2024-12-09T16:12:41.975+0000] {spark_submit.py:634} INFO - 24/12/09 16:12:41 INFO MemoryStore: MemoryStore started with capacity 434.4 MiB
[2024-12-09T16:12:41.995+0000] {spark_submit.py:634} INFO - 24/12/09 16:12:41 INFO SparkEnv: Registering OutputCommitCoordinator
[2024-12-09T16:12:42.161+0000] {spark_submit.py:634} INFO - 24/12/09 16:12:42 INFO JettyUtils: Start Jetty 0.0.0.0:4040 for SparkUI
[2024-12-09T16:12:42.239+0000] {spark_submit.py:634} INFO - 24/12/09 16:12:42 WARN Utils: Service 'SparkUI' could not bind on port 4040. Attempting port 4041.
[2024-12-09T16:12:42.248+0000] {spark_submit.py:634} INFO - 24/12/09 16:12:42 INFO Utils: Successfully started service 'SparkUI' on port 4041.
[2024-12-09T16:12:42.293+0000] {spark_submit.py:634} INFO - 24/12/09 16:12:42 INFO SparkContext: Added JAR file:/opt/***/jobs/scala/target/scala-2.12/word-count_2.12-0.1.jar at spark://2a892a3469ec:46579/jars/word-count_2.12-0.1.jar with timestamp 1733760761392
[2024-12-09T16:12:42.402+0000] {spark_submit.py:634} INFO - 24/12/09 16:12:42 INFO StandaloneAppClient$ClientEndpoint: Connecting to master spark://spark-master:7077...
[2024-12-09T16:12:42.452+0000] {spark_submit.py:634} INFO - 24/12/09 16:12:42 INFO TransportClientFactory: Successfully created connection to spark-master/172.18.0.5:7077 after 26 ms (0 ms spent in bootstraps)
[2024-12-09T16:12:42.617+0000] {spark_submit.py:634} INFO - 24/12/09 16:12:42 INFO StandaloneSchedulerBackend: Connected to Spark cluster with app ID app-20241209161242-0000
[2024-12-09T16:12:42.625+0000] {spark_submit.py:634} INFO - 24/12/09 16:12:42 INFO Utils: Successfully started service 'org.apache.spark.network.netty.NettyBlockTransferService' on port 36483.
[2024-12-09T16:12:42.627+0000] {spark_submit.py:634} INFO - 24/12/09 16:12:42 INFO NettyBlockTransferService: Server created on 2a892a3469ec:36483
[2024-12-09T16:12:42.629+0000] {spark_submit.py:634} INFO - 24/12/09 16:12:42 INFO BlockManager: Using org.apache.spark.storage.RandomBlockReplicationPolicy for block replication policy
[2024-12-09T16:12:42.631+0000] {spark_submit.py:634} INFO - 24/12/09 16:12:42 INFO BlockManagerMaster: Registering BlockManager BlockManagerId(driver, 2a892a3469ec, 36483, None)
[2024-12-09T16:12:42.633+0000] {spark_submit.py:634} INFO - 24/12/09 16:12:42 INFO BlockManagerMasterEndpoint: Registering block manager 2a892a3469ec:36483 with 434.4 MiB RAM, BlockManagerId(driver, 2a892a3469ec, 36483, None)
[2024-12-09T16:12:42.636+0000] {spark_submit.py:634} INFO - 24/12/09 16:12:42 INFO BlockManagerMaster: Registered BlockManager BlockManagerId(driver, 2a892a3469ec, 36483, None)
[2024-12-09T16:12:42.638+0000] {spark_submit.py:634} INFO - 24/12/09 16:12:42 INFO BlockManager: Initialized BlockManager: BlockManagerId(driver, 2a892a3469ec, 36483, None)
[2024-12-09T16:12:42.640+0000] {spark_submit.py:634} INFO - 24/12/09 16:12:42 INFO StandaloneAppClient$ClientEndpoint: Executor added: app-20241209161242-0000/0 on worker-20241209161210-172.18.0.7-46877 (172.18.0.7:46877) with 2 core(s)
[2024-12-09T16:12:42.647+0000] {spark_submit.py:634} INFO - 24/12/09 16:12:42 INFO StandaloneSchedulerBackend: Granted executor ID app-20241209161242-0000/0 on hostPort 172.18.0.7:46877 with 2 core(s), 1024.0 MiB RAM
[2024-12-09T16:12:42.925+0000] {spark_submit.py:634} INFO - 24/12/09 16:12:42 INFO StandaloneSchedulerBackend: SchedulerBackend is ready for scheduling beginning after reached minRegisteredResourcesRatio: 0.0
[2024-12-09T16:12:42.948+0000] {spark_submit.py:634} INFO - 24/12/09 16:12:42 INFO StandaloneAppClient$ClientEndpoint: Executor updated: app-20241209161242-0000/0 is now RUNNING
[2024-12-09T16:12:43.419+0000] {spark_submit.py:634} INFO - 24/12/09 16:12:43 INFO SparkContext: Starting job: collect at wordcount.scala:14
[2024-12-09T16:12:43.986+0000] {spark_submit.py:634} INFO - 24/12/09 16:12:43 INFO DAGScheduler: Registering RDD 2 (map at wordcount.scala:11) as input to shuffle 0
[2024-12-09T16:12:43.995+0000] {spark_submit.py:634} INFO - 24/12/09 16:12:43 INFO DAGScheduler: Got job 0 (collect at wordcount.scala:14) with 2 output partitions
[2024-12-09T16:12:43.999+0000] {spark_submit.py:634} INFO - 24/12/09 16:12:43 INFO DAGScheduler: Final stage: ResultStage 1 (collect at wordcount.scala:14)
[2024-12-09T16:12:44.001+0000] {spark_submit.py:634} INFO - 24/12/09 16:12:43 INFO DAGScheduler: Parents of final stage: List(ShuffleMapStage 0)
[2024-12-09T16:12:44.001+0000] {spark_submit.py:634} INFO - 24/12/09 16:12:44 INFO DAGScheduler: Missing parents: List(ShuffleMapStage 0)
[2024-12-09T16:12:44.004+0000] {spark_submit.py:634} INFO - 24/12/09 16:12:44 INFO DAGScheduler: Submitting ShuffleMapStage 0 (MapPartitionsRDD[2] at map at wordcount.scala:11), which has no missing parents
[2024-12-09T16:12:44.068+0000] {spark_submit.py:634} INFO - 24/12/09 16:12:44 INFO MemoryStore: Block broadcast_0 stored as values in memory (estimated size 5.5 KiB, free 434.4 MiB)
[2024-12-09T16:12:44.093+0000] {spark_submit.py:634} INFO - 24/12/09 16:12:44 INFO MemoryStore: Block broadcast_0_piece0 stored as bytes in memory (estimated size 3.2 KiB, free 434.4 MiB)
[2024-12-09T16:12:44.106+0000] {spark_submit.py:634} INFO - 24/12/09 16:12:44 INFO BlockManagerInfo: Added broadcast_0_piece0 in memory on 2a892a3469ec:36483 (size: 3.2 KiB, free: 434.4 MiB)
[2024-12-09T16:12:44.112+0000] {spark_submit.py:634} INFO - 24/12/09 16:12:44 INFO SparkContext: Created broadcast 0 from broadcast at DAGScheduler.scala:1585
[2024-12-09T16:12:44.128+0000] {spark_submit.py:634} INFO - 24/12/09 16:12:44 INFO DAGScheduler: Submitting 2 missing tasks from ShuffleMapStage 0 (MapPartitionsRDD[2] at map at wordcount.scala:11) (first 15 tasks are for partitions Vector(0, 1))
[2024-12-09T16:12:44.128+0000] {spark_submit.py:634} INFO - 24/12/09 16:12:44 INFO TaskSchedulerImpl: Adding task set 0.0 with 2 tasks resource profile 0
[2024-12-09T16:12:44.944+0000] {spark_submit.py:634} INFO - 24/12/09 16:12:44 INFO StandaloneSchedulerBackend$StandaloneDriverEndpoint: Registered executor NettyRpcEndpointRef(spark-client://Executor) (172.18.0.7:36742) with ID 0,  ResourceProfileId 0
[2024-12-09T16:12:44.986+0000] {spark_submit.py:634} INFO - 24/12/09 16:12:44 INFO BlockManagerMasterEndpoint: Registering block manager 172.18.0.7:41543 with 434.4 MiB RAM, BlockManagerId(0, 172.18.0.7, 41543, None)
[2024-12-09T16:12:45.065+0000] {spark_submit.py:634} INFO - 24/12/09 16:12:45 INFO TaskSetManager: Starting task 0.0 in stage 0.0 (TID 0) (172.18.0.7, executor 0, partition 0, PROCESS_LOCAL, 9198 bytes)
[2024-12-09T16:12:45.067+0000] {spark_submit.py:634} INFO - 24/12/09 16:12:45 INFO TaskSetManager: Starting task 1.0 in stage 0.0 (TID 1) (172.18.0.7, executor 0, partition 1, PROCESS_LOCAL, 9213 bytes)
[2024-12-09T16:12:45.232+0000] {spark_submit.py:634} INFO - 24/12/09 16:12:45 INFO BlockManagerInfo: Added broadcast_0_piece0 in memory on 172.18.0.7:41543 (size: 3.2 KiB, free: 434.4 MiB)
[2024-12-09T16:12:45.607+0000] {spark_submit.py:634} INFO - 24/12/09 16:12:45 INFO TaskSetManager: Finished task 0.0 in stage 0.0 (TID 0) in 548 ms on 172.18.0.7 (executor 0) (1/2)
[2024-12-09T16:12:45.608+0000] {spark_submit.py:634} INFO - 24/12/09 16:12:45 INFO TaskSetManager: Finished task 1.0 in stage 0.0 (TID 1) in 541 ms on 172.18.0.7 (executor 0) (2/2)
[2024-12-09T16:12:45.608+0000] {spark_submit.py:634} INFO - 24/12/09 16:12:45 INFO TaskSchedulerImpl: Removed TaskSet 0.0, whose tasks have all completed, from pool
[2024-12-09T16:12:45.615+0000] {spark_submit.py:634} INFO - 24/12/09 16:12:45 INFO DAGScheduler: ShuffleMapStage 0 (map at wordcount.scala:11) finished in 1.599 s
[2024-12-09T16:12:45.615+0000] {spark_submit.py:634} INFO - 24/12/09 16:12:45 INFO DAGScheduler: looking for newly runnable stages
[2024-12-09T16:12:45.616+0000] {spark_submit.py:634} INFO - 24/12/09 16:12:45 INFO DAGScheduler: running: Set()
[2024-12-09T16:12:45.616+0000] {spark_submit.py:634} INFO - 24/12/09 16:12:45 INFO DAGScheduler: waiting: Set(ResultStage 1)
[2024-12-09T16:12:45.617+0000] {spark_submit.py:634} INFO - 24/12/09 16:12:45 INFO DAGScheduler: failed: Set()
[2024-12-09T16:12:45.621+0000] {spark_submit.py:634} INFO - 24/12/09 16:12:45 INFO DAGScheduler: Submitting ResultStage 1 (ShuffledRDD[3] at reduceByKey at wordcount.scala:12), which has no missing parents
[2024-12-09T16:12:45.628+0000] {spark_submit.py:634} INFO - 24/12/09 16:12:45 INFO MemoryStore: Block broadcast_1 stored as values in memory (estimated size 5.2 KiB, free 434.4 MiB)
[2024-12-09T16:12:45.630+0000] {spark_submit.py:634} INFO - 24/12/09 16:12:45 INFO MemoryStore: Block broadcast_1_piece0 stored as bytes in memory (estimated size 3.1 KiB, free 434.4 MiB)
[2024-12-09T16:12:45.630+0000] {spark_submit.py:634} INFO - 24/12/09 16:12:45 INFO BlockManagerInfo: Added broadcast_1_piece0 in memory on 2a892a3469ec:36483 (size: 3.1 KiB, free: 434.4 MiB)
[2024-12-09T16:12:45.631+0000] {spark_submit.py:634} INFO - 24/12/09 16:12:45 INFO SparkContext: Created broadcast 1 from broadcast at DAGScheduler.scala:1585
[2024-12-09T16:12:45.633+0000] {spark_submit.py:634} INFO - 24/12/09 16:12:45 INFO DAGScheduler: Submitting 2 missing tasks from ResultStage 1 (ShuffledRDD[3] at reduceByKey at wordcount.scala:12) (first 15 tasks are for partitions Vector(0, 1))
[2024-12-09T16:12:45.634+0000] {spark_submit.py:634} INFO - 24/12/09 16:12:45 INFO TaskSchedulerImpl: Adding task set 1.0 with 2 tasks resource profile 0
[2024-12-09T16:12:45.636+0000] {spark_submit.py:634} INFO - 24/12/09 16:12:45 INFO TaskSetManager: Starting task 0.0 in stage 1.0 (TID 2) (172.18.0.7, executor 0, partition 0, NODE_LOCAL, 9003 bytes)
[2024-12-09T16:12:45.637+0000] {spark_submit.py:634} INFO - 24/12/09 16:12:45 INFO TaskSetManager: Starting task 1.0 in stage 1.0 (TID 3) (172.18.0.7, executor 0, partition 1, NODE_LOCAL, 9003 bytes)
[2024-12-09T16:12:45.655+0000] {spark_submit.py:634} INFO - 24/12/09 16:12:45 INFO BlockManagerInfo: Added broadcast_1_piece0 in memory on 172.18.0.7:41543 (size: 3.1 KiB, free: 434.4 MiB)
[2024-12-09T16:12:45.692+0000] {spark_submit.py:634} INFO - 24/12/09 16:12:45 INFO MapOutputTrackerMasterEndpoint: Asked to send map output locations for shuffle 0 to 172.18.0.7:36742
[2024-12-09T16:12:45.779+0000] {spark_submit.py:634} INFO - 24/12/09 16:12:45 INFO TaskSetManager: Finished task 0.0 in stage 1.0 (TID 2) in 143 ms on 172.18.0.7 (executor 0) (1/2)
[2024-12-09T16:12:45.780+0000] {spark_submit.py:634} INFO - 24/12/09 16:12:45 INFO TaskSetManager: Finished task 1.0 in stage 1.0 (TID 3) in 142 ms on 172.18.0.7 (executor 0) (2/2)
[2024-12-09T16:12:45.780+0000] {spark_submit.py:634} INFO - 24/12/09 16:12:45 INFO TaskSchedulerImpl: Removed TaskSet 1.0, whose tasks have all completed, from pool
[2024-12-09T16:12:45.780+0000] {spark_submit.py:634} INFO - 24/12/09 16:12:45 INFO DAGScheduler: ResultStage 1 (collect at wordcount.scala:14) finished in 0.154 s
[2024-12-09T16:12:45.782+0000] {spark_submit.py:634} INFO - 24/12/09 16:12:45 INFO DAGScheduler: Job 0 is finished. Cancelling potential speculative or zombie tasks for this job
[2024-12-09T16:12:45.782+0000] {spark_submit.py:634} INFO - 24/12/09 16:12:45 INFO TaskSchedulerImpl: Killing all running tasks in stage 1: Stage finished
[2024-12-09T16:12:45.783+0000] {spark_submit.py:634} INFO - 24/12/09 16:12:45 INFO DAGScheduler: Job 0 finished: collect at wordcount.scala:14, took 2.366038 s
[2024-12-09T16:12:45.787+0000] {spark_submit.py:634} INFO - (Hello,5)
[2024-12-09T16:12:45.788+0000] {spark_submit.py:634} INFO - (Yusuf,1)
[2024-12-09T16:12:45.788+0000] {spark_submit.py:634} INFO - (World,1)
[2024-12-09T16:12:45.788+0000] {spark_submit.py:634} INFO - (Scala,1)
[2024-12-09T16:12:45.789+0000] {spark_submit.py:634} INFO - (Docker,1)
[2024-12-09T16:12:45.789+0000] {spark_submit.py:634} INFO - (spark,1)
[2024-12-09T16:12:45.789+0000] {spark_submit.py:634} INFO - 24/12/09 16:12:45 INFO SparkContext: SparkContext is stopping with exitCode 0.
[2024-12-09T16:12:45.792+0000] {spark_submit.py:634} INFO - 24/12/09 16:12:45 INFO SparkUI: Stopped Spark web UI at http://2a892a3469ec:4041
[2024-12-09T16:12:45.793+0000] {spark_submit.py:634} INFO - 24/12/09 16:12:45 INFO StandaloneSchedulerBackend: Shutting down all executors
[2024-12-09T16:12:45.794+0000] {spark_submit.py:634} INFO - 24/12/09 16:12:45 INFO StandaloneSchedulerBackend$StandaloneDriverEndpoint: Asking each executor to shut down
[2024-12-09T16:12:45.813+0000] {spark_submit.py:634} INFO - 24/12/09 16:12:45 INFO MapOutputTrackerMasterEndpoint: MapOutputTrackerMasterEndpoint stopped!
[2024-12-09T16:12:45.834+0000] {spark_submit.py:634} INFO - 24/12/09 16:12:45 INFO MemoryStore: MemoryStore cleared
[2024-12-09T16:12:45.835+0000] {spark_submit.py:634} INFO - 24/12/09 16:12:45 INFO BlockManager: BlockManager stopped
[2024-12-09T16:12:45.843+0000] {spark_submit.py:634} INFO - 24/12/09 16:12:45 INFO BlockManagerMaster: BlockManagerMaster stopped
[2024-12-09T16:12:45.845+0000] {spark_submit.py:634} INFO - 24/12/09 16:12:45 INFO OutputCommitCoordinator$OutputCommitCoordinatorEndpoint: OutputCommitCoordinator stopped!
[2024-12-09T16:12:45.872+0000] {spark_submit.py:634} INFO - 24/12/09 16:12:45 INFO SparkContext: Successfully stopped SparkContext
[2024-12-09T16:12:45.873+0000] {spark_submit.py:634} INFO - 24/12/09 16:12:45 INFO ShutdownHookManager: Shutdown hook called
[2024-12-09T16:12:45.873+0000] {spark_submit.py:634} INFO - 24/12/09 16:12:45 INFO ShutdownHookManager: Deleting directory /tmp/spark-a62f0c3e-9220-411b-b95c-aab1e9fefb05
[2024-12-09T16:12:45.877+0000] {spark_submit.py:634} INFO - 24/12/09 16:12:45 INFO ShutdownHookManager: Deleting directory /tmp/spark-166501ff-5896-4766-9ef0-5109ab2b4de4
[2024-12-09T16:12:45.920+0000] {taskinstance.py:340} INFO - ::group::Post task execution logs
[2024-12-09T16:12:45.920+0000] {taskinstance.py:352} INFO - Marking task as SUCCESS. dag_id=sparking_flow, task_id=scala_job, run_id=manual__2024-12-09T16:12:37.063719+00:00, execution_date=20241209T161237, start_date=20241209T161238, end_date=20241209T161245
[2024-12-09T16:12:45.945+0000] {local_task_job_runner.py:266} INFO - Task exited with return code 0
[2024-12-09T16:12:45.958+0000] {taskinstance.py:3895} INFO - 0 downstream tasks scheduled from follow-on schedule check
[2024-12-09T16:12:45.958+0000] {local_task_job_runner.py:245} INFO - ::endgroup::
