[2024-12-09T10:39:12.430+0000] {local_task_job_runner.py:123} INFO - ::group::Pre task execution logs
[2024-12-09T10:39:12.445+0000] {taskinstance.py:2613} INFO - Dependencies all met for dep_context=non-requeueable deps ti=<TaskInstance: sparking_flow.java_job manual__2024-12-09T10:39:09.976998+00:00 [queued]>
[2024-12-09T10:39:12.451+0000] {taskinstance.py:2613} INFO - Dependencies all met for dep_context=requeueable deps ti=<TaskInstance: sparking_flow.java_job manual__2024-12-09T10:39:09.976998+00:00 [queued]>
[2024-12-09T10:39:12.452+0000] {taskinstance.py:2866} INFO - Starting attempt 1 of 1
[2024-12-09T10:39:12.463+0000] {taskinstance.py:2889} INFO - Executing <Task(SparkSubmitOperator): java_job> on 2024-12-09 10:39:09.976998+00:00
[2024-12-09T10:39:12.476+0000] {logging_mixin.py:190} WARNING - /home/***/.local/lib/python3.12/site-packages/***/task/task_runner/standard_task_runner.py:70 DeprecationWarning: This process (pid=196) is multi-threaded, use of fork() may lead to deadlocks in the child.
[2024-12-09T10:39:12.475+0000] {standard_task_runner.py:104} INFO - Running: ['***', 'tasks', 'run', 'sparking_flow', 'java_job', 'manual__2024-12-09T10:39:09.976998+00:00', '--job-id', '329', '--raw', '--subdir', 'DAGS_FOLDER/spark_***.py', '--cfg-path', '/tmp/tmp72tdr6qm']
[2024-12-09T10:39:12.478+0000] {standard_task_runner.py:72} INFO - Started process 200 to run task
[2024-12-09T10:39:12.478+0000] {standard_task_runner.py:105} INFO - Job 329: Subtask java_job
[2024-12-09T10:39:12.529+0000] {task_command.py:467} INFO - Running <TaskInstance: sparking_flow.java_job manual__2024-12-09T10:39:09.976998+00:00 [running]> on host 2a892a3469ec
[2024-12-09T10:39:12.606+0000] {taskinstance.py:3132} INFO - Exporting env vars: AIRFLOW_CTX_DAG_OWNER='Yusuf Ganiyu' AIRFLOW_CTX_DAG_ID='sparking_flow' AIRFLOW_CTX_TASK_ID='java_job' AIRFLOW_CTX_EXECUTION_DATE='2024-12-09T10:39:09.976998+00:00' AIRFLOW_CTX_TRY_NUMBER='1' AIRFLOW_CTX_DAG_RUN_ID='manual__2024-12-09T10:39:09.976998+00:00'
[2024-12-09T10:39:12.607+0000] {taskinstance.py:731} INFO - ::endgroup::
[2024-12-09T10:39:12.628+0000] {base.py:84} INFO - Retrieving connection 'spark-conn'
[2024-12-09T10:39:12.629+0000] {spark_submit.py:473} INFO - Spark-Submit cmd: spark-submit --master spark://sparkingflow-spark-master-1:7077 --name arrow-spark --class com.airscholar.spark.WordCountJob --deploy-mode client jobs/java/spark-job/target/spark-job-1.0-SNAPSHOT.jar
[2024-12-09T10:39:15.631+0000] {spark_submit.py:634} INFO - 24/12/09 10:39:15 INFO SparkContext: Running Spark version 3.5.3
[2024-12-09T10:39:15.637+0000] {spark_submit.py:634} INFO - 24/12/09 10:39:15 INFO SparkContext: OS info Linux, 6.10.14-linuxkit, aarch64
[2024-12-09T10:39:15.638+0000] {spark_submit.py:634} INFO - 24/12/09 10:39:15 INFO SparkContext: Java version 17.0.13
[2024-12-09T10:39:15.728+0000] {spark_submit.py:634} INFO - 24/12/09 10:39:15 WARN NativeCodeLoader: Unable to load native-hadoop library for your platform... using builtin-java classes where applicable
[2024-12-09T10:39:15.885+0000] {spark_submit.py:634} INFO - 24/12/09 10:39:15 INFO ResourceUtils: ==============================================================
[2024-12-09T10:39:15.886+0000] {spark_submit.py:634} INFO - 24/12/09 10:39:15 INFO ResourceUtils: No custom resources configured for spark.driver.
[2024-12-09T10:39:15.886+0000] {spark_submit.py:634} INFO - 24/12/09 10:39:15 INFO ResourceUtils: ==============================================================
[2024-12-09T10:39:15.887+0000] {spark_submit.py:634} INFO - 24/12/09 10:39:15 INFO SparkContext: Submitted application: Word Count Job
[2024-12-09T10:39:15.949+0000] {spark_submit.py:634} INFO - 24/12/09 10:39:15 INFO ResourceProfile: Default ResourceProfile created, executor resources: Map(cores -> name: cores, amount: 1, script: , vendor: , memory -> name: memory, amount: 1024, script: , vendor: , offHeap -> name: offHeap, amount: 0, script: , vendor: ), task resources: Map(cpus -> name: cpus, amount: 1.0)
[2024-12-09T10:39:15.980+0000] {spark_submit.py:634} INFO - 24/12/09 10:39:15 INFO ResourceProfile: Limiting resource is cpu
[2024-12-09T10:39:15.982+0000] {spark_submit.py:634} INFO - 24/12/09 10:39:15 INFO ResourceProfileManager: Added ResourceProfile id: 0
[2024-12-09T10:39:16.063+0000] {spark_submit.py:634} INFO - 24/12/09 10:39:16 INFO SecurityManager: Changing view acls to: ***
[2024-12-09T10:39:16.064+0000] {spark_submit.py:634} INFO - 24/12/09 10:39:16 INFO SecurityManager: Changing modify acls to: ***
[2024-12-09T10:39:16.065+0000] {spark_submit.py:634} INFO - 24/12/09 10:39:16 INFO SecurityManager: Changing view acls groups to:
[2024-12-09T10:39:16.065+0000] {spark_submit.py:634} INFO - 24/12/09 10:39:16 INFO SecurityManager: Changing modify acls groups to:
[2024-12-09T10:39:16.066+0000] {spark_submit.py:634} INFO - 24/12/09 10:39:16 INFO SecurityManager: SecurityManager: authentication disabled; ui acls disabled; users with view permissions: ***; groups with view permissions: EMPTY; users with modify permissions: ***; groups with modify permissions: EMPTY
[2024-12-09T10:39:16.358+0000] {spark_submit.py:634} INFO - 24/12/09 10:39:16 INFO Utils: Successfully started service 'sparkDriver' on port 44909.
[2024-12-09T10:39:16.394+0000] {spark_submit.py:634} INFO - 24/12/09 10:39:16 INFO SparkEnv: Registering MapOutputTracker
[2024-12-09T10:39:16.442+0000] {spark_submit.py:634} INFO - 24/12/09 10:39:16 INFO SparkEnv: Registering BlockManagerMaster
[2024-12-09T10:39:16.466+0000] {spark_submit.py:634} INFO - 24/12/09 10:39:16 INFO BlockManagerMasterEndpoint: Using org.apache.spark.storage.DefaultTopologyMapper for getting topology information
[2024-12-09T10:39:16.467+0000] {spark_submit.py:634} INFO - 24/12/09 10:39:16 INFO BlockManagerMasterEndpoint: BlockManagerMasterEndpoint up
[2024-12-09T10:39:16.471+0000] {spark_submit.py:634} INFO - 24/12/09 10:39:16 INFO SparkEnv: Registering BlockManagerMasterHeartbeat
[2024-12-09T10:39:16.496+0000] {spark_submit.py:634} INFO - 24/12/09 10:39:16 INFO DiskBlockManager: Created local directory at /tmp/blockmgr-d9c61be5-d5c0-4dd4-817e-ded7cb6dbcba
[2024-12-09T10:39:16.517+0000] {spark_submit.py:634} INFO - 24/12/09 10:39:16 INFO MemoryStore: MemoryStore started with capacity 434.4 MiB
[2024-12-09T10:39:16.535+0000] {spark_submit.py:634} INFO - 24/12/09 10:39:16 INFO SparkEnv: Registering OutputCommitCoordinator
[2024-12-09T10:39:16.878+0000] {spark_submit.py:634} INFO - 24/12/09 10:39:16 INFO JettyUtils: Start Jetty 0.0.0.0:4040 for SparkUI
[2024-12-09T10:39:16.963+0000] {spark_submit.py:634} INFO - 24/12/09 10:39:16 INFO Utils: Successfully started service 'SparkUI' on port 4040.
[2024-12-09T10:39:17.053+0000] {spark_submit.py:634} INFO - 24/12/09 10:39:17 INFO SparkContext: Added JAR file:/opt/***/jobs/java/spark-job/target/spark-job-1.0-SNAPSHOT.jar at spark://2a892a3469ec:44909/jars/spark-job-1.0-SNAPSHOT.jar with timestamp 1733740755615
[2024-12-09T10:39:17.160+0000] {spark_submit.py:634} INFO - 24/12/09 10:39:17 INFO Executor: Starting executor ID driver on host 2a892a3469ec
[2024-12-09T10:39:17.160+0000] {spark_submit.py:634} INFO - 24/12/09 10:39:17 INFO Executor: OS info Linux, 6.10.14-linuxkit, aarch64
[2024-12-09T10:39:17.161+0000] {spark_submit.py:634} INFO - 24/12/09 10:39:17 INFO Executor: Java version 17.0.13
[2024-12-09T10:39:17.170+0000] {spark_submit.py:634} INFO - 24/12/09 10:39:17 INFO Executor: Starting executor with user classpath (userClassPathFirst = false): ''
[2024-12-09T10:39:17.171+0000] {spark_submit.py:634} INFO - 24/12/09 10:39:17 INFO Executor: Created or updated repl class loader org.apache.spark.util.MutableURLClassLoader@38f77cd9 for default.
[2024-12-09T10:39:17.217+0000] {spark_submit.py:634} INFO - 24/12/09 10:39:17 INFO Executor: Fetching spark://2a892a3469ec:44909/jars/spark-job-1.0-SNAPSHOT.jar with timestamp 1733740755615
[2024-12-09T10:39:17.292+0000] {spark_submit.py:634} INFO - 24/12/09 10:39:17 INFO TransportClientFactory: Successfully created connection to 2a892a3469ec/172.18.0.4:44909 after 36 ms (0 ms spent in bootstraps)
[2024-12-09T10:39:17.300+0000] {spark_submit.py:634} INFO - 24/12/09 10:39:17 INFO Utils: Fetching spark://2a892a3469ec:44909/jars/spark-job-1.0-SNAPSHOT.jar to /tmp/spark-17436df6-57a7-4b0b-8e4c-3353ce3e0684/userFiles-ef3144d1-14de-4596-b179-8e3f21dd4269/fetchFileTemp15143255086097431910.tmp
[2024-12-09T10:39:17.340+0000] {spark_submit.py:634} INFO - 24/12/09 10:39:17 INFO Executor: Adding file:/tmp/spark-17436df6-57a7-4b0b-8e4c-3353ce3e0684/userFiles-ef3144d1-14de-4596-b179-8e3f21dd4269/spark-job-1.0-SNAPSHOT.jar to class loader default
[2024-12-09T10:39:17.354+0000] {spark_submit.py:634} INFO - 24/12/09 10:39:17 INFO Utils: Successfully started service 'org.apache.spark.network.netty.NettyBlockTransferService' on port 43665.
[2024-12-09T10:39:17.355+0000] {spark_submit.py:634} INFO - 24/12/09 10:39:17 INFO NettyBlockTransferService: Server created on 2a892a3469ec:43665
[2024-12-09T10:39:17.357+0000] {spark_submit.py:634} INFO - 24/12/09 10:39:17 INFO BlockManager: Using org.apache.spark.storage.RandomBlockReplicationPolicy for block replication policy
[2024-12-09T10:39:17.365+0000] {spark_submit.py:634} INFO - 24/12/09 10:39:17 INFO BlockManagerMaster: Registering BlockManager BlockManagerId(driver, 2a892a3469ec, 43665, None)
[2024-12-09T10:39:17.369+0000] {spark_submit.py:634} INFO - 24/12/09 10:39:17 INFO BlockManagerMasterEndpoint: Registering block manager 2a892a3469ec:43665 with 434.4 MiB RAM, BlockManagerId(driver, 2a892a3469ec, 43665, None)
[2024-12-09T10:39:17.372+0000] {spark_submit.py:634} INFO - 24/12/09 10:39:17 INFO BlockManagerMaster: Registered BlockManager BlockManagerId(driver, 2a892a3469ec, 43665, None)
[2024-12-09T10:39:17.373+0000] {spark_submit.py:634} INFO - 24/12/09 10:39:17 INFO BlockManager: Initialized BlockManager: BlockManagerId(driver, 2a892a3469ec, 43665, None)
[2024-12-09T10:39:18.436+0000] {spark_submit.py:634} INFO - 24/12/09 10:39:18 INFO SparkContext: Starting job: collect at WordCountJob.java:37
[2024-12-09T10:39:18.479+0000] {spark_submit.py:634} INFO - 24/12/09 10:39:18 INFO DAGScheduler: Registering RDD 2 (mapToPair at WordCountJob.java:33) as input to shuffle 0
[2024-12-09T10:39:18.485+0000] {spark_submit.py:634} INFO - 24/12/09 10:39:18 INFO DAGScheduler: Got job 0 (collect at WordCountJob.java:37) with 1 output partitions
[2024-12-09T10:39:18.485+0000] {spark_submit.py:634} INFO - 24/12/09 10:39:18 INFO DAGScheduler: Final stage: ResultStage 1 (collect at WordCountJob.java:37)
[2024-12-09T10:39:18.487+0000] {spark_submit.py:634} INFO - 24/12/09 10:39:18 INFO DAGScheduler: Parents of final stage: List(ShuffleMapStage 0)
[2024-12-09T10:39:18.489+0000] {spark_submit.py:634} INFO - 24/12/09 10:39:18 INFO DAGScheduler: Missing parents: List(ShuffleMapStage 0)
[2024-12-09T10:39:18.491+0000] {spark_submit.py:634} INFO - 24/12/09 10:39:18 INFO DAGScheduler: Submitting ShuffleMapStage 0 (MapPartitionsRDD[2] at mapToPair at WordCountJob.java:33), which has no missing parents
[2024-12-09T10:39:18.655+0000] {spark_submit.py:634} INFO - 24/12/09 10:39:18 INFO MemoryStore: Block broadcast_0 stored as values in memory (estimated size 6.4 KiB, free 434.4 MiB)
[2024-12-09T10:39:18.720+0000] {spark_submit.py:634} INFO - 24/12/09 10:39:18 INFO MemoryStore: Block broadcast_0_piece0 stored as bytes in memory (estimated size 3.4 KiB, free 434.4 MiB)
[2024-12-09T10:39:18.724+0000] {spark_submit.py:634} INFO - 24/12/09 10:39:18 INFO BlockManagerInfo: Added broadcast_0_piece0 in memory on 2a892a3469ec:43665 (size: 3.4 KiB, free: 434.4 MiB)
[2024-12-09T10:39:18.731+0000] {spark_submit.py:634} INFO - 24/12/09 10:39:18 INFO SparkContext: Created broadcast 0 from broadcast at DAGScheduler.scala:1585
[2024-12-09T10:39:18.765+0000] {spark_submit.py:634} INFO - 24/12/09 10:39:18 INFO DAGScheduler: Submitting 1 missing tasks from ShuffleMapStage 0 (MapPartitionsRDD[2] at mapToPair at WordCountJob.java:33) (first 15 tasks are for partitions Vector(0))
[2024-12-09T10:39:18.767+0000] {spark_submit.py:634} INFO - 24/12/09 10:39:18 INFO TaskSchedulerImpl: Adding task set 0.0 with 1 tasks resource profile 0
[2024-12-09T10:39:18.894+0000] {spark_submit.py:634} INFO - 24/12/09 10:39:18 INFO TaskSetManager: Starting task 0.0 in stage 0.0 (TID 0) (2a892a3469ec, executor driver, partition 0, PROCESS_LOCAL, 9249 bytes)
[2024-12-09T10:39:18.926+0000] {spark_submit.py:634} INFO - 24/12/09 10:39:18 INFO Executor: Running task 0.0 in stage 0.0 (TID 0)
[2024-12-09T10:39:19.331+0000] {spark_submit.py:634} INFO - 24/12/09 10:39:19 INFO Executor: Finished task 0.0 in stage 0.0 (TID 0). 1216 bytes result sent to driver
[2024-12-09T10:39:19.352+0000] {spark_submit.py:634} INFO - 24/12/09 10:39:19 INFO TaskSetManager: Finished task 0.0 in stage 0.0 (TID 0) in 521 ms on 2a892a3469ec (executor driver) (1/1)
[2024-12-09T10:39:19.356+0000] {spark_submit.py:634} INFO - 24/12/09 10:39:19 INFO TaskSchedulerImpl: Removed TaskSet 0.0, whose tasks have all completed, from pool
[2024-12-09T10:39:19.370+0000] {spark_submit.py:634} INFO - 24/12/09 10:39:19 INFO DAGScheduler: ShuffleMapStage 0 (mapToPair at WordCountJob.java:33) finished in 0.852 s
[2024-12-09T10:39:19.376+0000] {spark_submit.py:634} INFO - 24/12/09 10:39:19 INFO DAGScheduler: looking for newly runnable stages
[2024-12-09T10:39:19.377+0000] {spark_submit.py:634} INFO - 24/12/09 10:39:19 INFO DAGScheduler: running: Set()
[2024-12-09T10:39:19.378+0000] {spark_submit.py:634} INFO - 24/12/09 10:39:19 INFO DAGScheduler: waiting: Set(ResultStage 1)
[2024-12-09T10:39:19.379+0000] {spark_submit.py:634} INFO - 24/12/09 10:39:19 INFO DAGScheduler: failed: Set()
[2024-12-09T10:39:19.390+0000] {spark_submit.py:634} INFO - 24/12/09 10:39:19 INFO DAGScheduler: Submitting ResultStage 1 (ShuffledRDD[3] at reduceByKey at WordCountJob.java:34), which has no missing parents
[2024-12-09T10:39:19.404+0000] {spark_submit.py:634} INFO - 24/12/09 10:39:19 INFO MemoryStore: Block broadcast_1 stored as values in memory (estimated size 5.2 KiB, free 434.4 MiB)
[2024-12-09T10:39:19.457+0000] {spark_submit.py:634} INFO - 24/12/09 10:39:19 INFO MemoryStore: Block broadcast_1_piece0 stored as bytes in memory (estimated size 2.9 KiB, free 434.4 MiB)
[2024-12-09T10:39:19.460+0000] {spark_submit.py:634} INFO - 24/12/09 10:39:19 INFO BlockManagerInfo: Added broadcast_1_piece0 in memory on 2a892a3469ec:43665 (size: 2.9 KiB, free: 434.4 MiB)
[2024-12-09T10:39:19.463+0000] {spark_submit.py:634} INFO - 24/12/09 10:39:19 INFO SparkContext: Created broadcast 1 from broadcast at DAGScheduler.scala:1585
[2024-12-09T10:39:19.469+0000] {spark_submit.py:634} INFO - 24/12/09 10:39:19 INFO DAGScheduler: Submitting 1 missing tasks from ResultStage 1 (ShuffledRDD[3] at reduceByKey at WordCountJob.java:34) (first 15 tasks are for partitions Vector(0))
[2024-12-09T10:39:19.470+0000] {spark_submit.py:634} INFO - 24/12/09 10:39:19 INFO TaskSchedulerImpl: Adding task set 1.0 with 1 tasks resource profile 0
[2024-12-09T10:39:19.486+0000] {spark_submit.py:634} INFO - 24/12/09 10:39:19 INFO TaskSetManager: Starting task 0.0 in stage 1.0 (TID 1) (2a892a3469ec, executor driver, partition 0, NODE_LOCAL, 9002 bytes)
[2024-12-09T10:39:19.488+0000] {spark_submit.py:634} INFO - 24/12/09 10:39:19 INFO Executor: Running task 0.0 in stage 1.0 (TID 1)
[2024-12-09T10:39:19.575+0000] {spark_submit.py:634} INFO - 24/12/09 10:39:19 INFO ShuffleBlockFetcherIterator: Getting 1 (189.0 B) non-empty blocks including 1 (189.0 B) local and 0 (0.0 B) host-local and 0 (0.0 B) push-merged-local and 0 (0.0 B) remote blocks
[2024-12-09T10:39:19.581+0000] {spark_submit.py:634} INFO - 24/12/09 10:39:19 INFO ShuffleBlockFetcherIterator: Started 0 remote fetches in 16 ms
[2024-12-09T10:39:19.618+0000] {spark_submit.py:634} INFO - 24/12/09 10:39:19 INFO Executor: Finished task 0.0 in stage 1.0 (TID 1). 1958 bytes result sent to driver
[2024-12-09T10:39:19.630+0000] {spark_submit.py:634} INFO - 24/12/09 10:39:19 INFO TaskSetManager: Finished task 0.0 in stage 1.0 (TID 1) in 151 ms on 2a892a3469ec (executor driver) (1/1)
[2024-12-09T10:39:19.632+0000] {spark_submit.py:634} INFO - 24/12/09 10:39:19 INFO TaskSchedulerImpl: Removed TaskSet 1.0, whose tasks have all completed, from pool
[2024-12-09T10:39:19.635+0000] {spark_submit.py:634} INFO - 24/12/09 10:39:19 INFO DAGScheduler: ResultStage 1 (collect at WordCountJob.java:37) finished in 0.240 s
[2024-12-09T10:39:19.640+0000] {spark_submit.py:634} INFO - 24/12/09 10:39:19 INFO DAGScheduler: Job 0 is finished. Cancelling potential speculative or zombie tasks for this job
[2024-12-09T10:39:19.643+0000] {spark_submit.py:634} INFO - 24/12/09 10:39:19 INFO TaskSchedulerImpl: Killing all running tasks in stage 1: Stage finished
[2024-12-09T10:39:19.646+0000] {spark_submit.py:634} INFO - 24/12/09 10:39:19 INFO DAGScheduler: Job 0 finished: collect at WordCountJob.java:37, took 1.209233 s
[2024-12-09T10:39:19.651+0000] {spark_submit.py:634} INFO - spark: 1
[2024-12-09T10:39:19.652+0000] {spark_submit.py:634} INFO - docker: 1
[2024-12-09T10:39:19.652+0000] {spark_submit.py:634} INFO - Yusuf: 1
[2024-12-09T10:39:19.653+0000] {spark_submit.py:634} INFO - hello: 5
[2024-12-09T10:39:19.656+0000] {spark_submit.py:634} INFO - java: 1
[2024-12-09T10:39:19.657+0000] {spark_submit.py:634} INFO - world: 1
[2024-12-09T10:39:19.658+0000] {spark_submit.py:634} INFO - 24/12/09 10:39:19 INFO SparkContext: SparkContext is stopping with exitCode 0.
[2024-12-09T10:39:19.670+0000] {spark_submit.py:634} INFO - 24/12/09 10:39:19 INFO SparkUI: Stopped Spark web UI at http://2a892a3469ec:4040
[2024-12-09T10:39:19.700+0000] {spark_submit.py:634} INFO - 24/12/09 10:39:19 INFO MapOutputTrackerMasterEndpoint: MapOutputTrackerMasterEndpoint stopped!
[2024-12-09T10:39:19.724+0000] {spark_submit.py:634} INFO - 24/12/09 10:39:19 INFO MemoryStore: MemoryStore cleared
[2024-12-09T10:39:19.726+0000] {spark_submit.py:634} INFO - 24/12/09 10:39:19 INFO BlockManager: BlockManager stopped
[2024-12-09T10:39:19.736+0000] {spark_submit.py:634} INFO - 24/12/09 10:39:19 INFO BlockManagerMaster: BlockManagerMaster stopped
[2024-12-09T10:39:19.745+0000] {spark_submit.py:634} INFO - 24/12/09 10:39:19 INFO OutputCommitCoordinator$OutputCommitCoordinatorEndpoint: OutputCommitCoordinator stopped!
[2024-12-09T10:39:19.772+0000] {spark_submit.py:634} INFO - 24/12/09 10:39:19 INFO SparkContext: Successfully stopped SparkContext
[2024-12-09T10:39:19.797+0000] {spark_submit.py:634} INFO - 24/12/09 10:39:19 INFO ShutdownHookManager: Shutdown hook called
[2024-12-09T10:39:19.802+0000] {spark_submit.py:634} INFO - 24/12/09 10:39:19 INFO ShutdownHookManager: Deleting directory /tmp/spark-700353c1-51f5-47dc-b20d-f43628b52f69
[2024-12-09T10:39:19.817+0000] {spark_submit.py:634} INFO - 24/12/09 10:39:19 INFO ShutdownHookManager: Deleting directory /tmp/spark-17436df6-57a7-4b0b-8e4c-3353ce3e0684
[2024-12-09T10:39:20.046+0000] {taskinstance.py:340} INFO - ::group::Post task execution logs
[2024-12-09T10:39:20.048+0000] {taskinstance.py:352} INFO - Marking task as SUCCESS. dag_id=sparking_flow, task_id=java_job, run_id=manual__2024-12-09T10:39:09.976998+00:00, execution_date=20241209T103909, start_date=20241209T103912, end_date=20241209T103920
[2024-12-09T10:39:20.122+0000] {local_task_job_runner.py:266} INFO - Task exited with return code 0
[2024-12-09T10:39:20.196+0000] {taskinstance.py:3895} INFO - 0 downstream tasks scheduled from follow-on schedule check
[2024-12-09T10:39:20.199+0000] {local_task_job_runner.py:245} INFO - ::endgroup::
