[2024-12-09T15:20:22.103+0000] {local_task_job_runner.py:123} INFO - ::group::Pre task execution logs
[2024-12-09T15:20:22.123+0000] {taskinstance.py:2613} INFO - Dependencies all met for dep_context=non-requeueable deps ti=<TaskInstance: sparking_flow.java_job manual__2024-12-09T15:20:19.814755+00:00 [queued]>
[2024-12-09T15:20:22.134+0000] {taskinstance.py:2613} INFO - Dependencies all met for dep_context=requeueable deps ti=<TaskInstance: sparking_flow.java_job manual__2024-12-09T15:20:19.814755+00:00 [queued]>
[2024-12-09T15:20:22.135+0000] {taskinstance.py:2866} INFO - Starting attempt 1 of 1
[2024-12-09T15:20:22.154+0000] {taskinstance.py:2889} INFO - Executing <Task(SparkSubmitOperator): java_job> on 2024-12-09 15:20:19.814755+00:00
[2024-12-09T15:20:22.162+0000] {logging_mixin.py:190} WARNING - /home/***/.local/lib/python3.12/site-packages/***/task/task_runner/standard_task_runner.py:70 DeprecationWarning: This process (pid=190) is multi-threaded, use of fork() may lead to deadlocks in the child.
[2024-12-09T15:20:22.162+0000] {standard_task_runner.py:104} INFO - Running: ['***', 'tasks', 'run', 'sparking_flow', 'java_job', 'manual__2024-12-09T15:20:19.814755+00:00', '--job-id', '528', '--raw', '--subdir', 'DAGS_FOLDER/spark_***.py', '--cfg-path', '/tmp/tmpluhpbfgo']
[2024-12-09T15:20:22.165+0000] {standard_task_runner.py:105} INFO - Job 528: Subtask java_job
[2024-12-09T15:20:22.165+0000] {standard_task_runner.py:72} INFO - Started process 195 to run task
[2024-12-09T15:20:22.254+0000] {task_command.py:467} INFO - Running <TaskInstance: sparking_flow.java_job manual__2024-12-09T15:20:19.814755+00:00 [running]> on host 2a892a3469ec
[2024-12-09T15:20:22.490+0000] {taskinstance.py:3132} INFO - Exporting env vars: AIRFLOW_CTX_DAG_OWNER='Yusuf Ganiyu' AIRFLOW_CTX_DAG_ID='sparking_flow' AIRFLOW_CTX_TASK_ID='java_job' AIRFLOW_CTX_EXECUTION_DATE='2024-12-09T15:20:19.814755+00:00' AIRFLOW_CTX_TRY_NUMBER='1' AIRFLOW_CTX_DAG_RUN_ID='manual__2024-12-09T15:20:19.814755+00:00'
[2024-12-09T15:20:22.492+0000] {taskinstance.py:731} INFO - ::endgroup::
[2024-12-09T15:20:22.527+0000] {base.py:84} INFO - Retrieving connection 'spark-conn'
[2024-12-09T15:20:22.529+0000] {spark_submit.py:473} INFO - Spark-Submit cmd: spark-submit --master spark://sparkingflow-spark-master-1:7077 --name arrow-spark --class com.airscholar.spark.WordCountJob --deploy-mode client jobs/java/spark-job/target/spark-job-1.0-SNAPSHOT.jar
[2024-12-09T15:20:28.927+0000] {spark_submit.py:634} INFO - 24/12/09 15:20:28 INFO SparkContext: Running Spark version 3.5.3
[2024-12-09T15:20:28.938+0000] {spark_submit.py:634} INFO - 24/12/09 15:20:28 INFO SparkContext: OS info Linux, 6.10.14-linuxkit, aarch64
[2024-12-09T15:20:28.939+0000] {spark_submit.py:634} INFO - 24/12/09 15:20:28 INFO SparkContext: Java version 17.0.13
[2024-12-09T15:20:29.121+0000] {spark_submit.py:634} INFO - 24/12/09 15:20:29 WARN NativeCodeLoader: Unable to load native-hadoop library for your platform... using builtin-java classes where applicable
[2024-12-09T15:20:29.378+0000] {spark_submit.py:634} INFO - 24/12/09 15:20:29 INFO ResourceUtils: ==============================================================
[2024-12-09T15:20:29.379+0000] {spark_submit.py:634} INFO - 24/12/09 15:20:29 INFO ResourceUtils: No custom resources configured for spark.driver.
[2024-12-09T15:20:29.381+0000] {spark_submit.py:634} INFO - 24/12/09 15:20:29 INFO ResourceUtils: ==============================================================
[2024-12-09T15:20:29.383+0000] {spark_submit.py:634} INFO - 24/12/09 15:20:29 INFO SparkContext: Submitted application: Word Count Job
[2024-12-09T15:20:29.477+0000] {spark_submit.py:634} INFO - 24/12/09 15:20:29 INFO ResourceProfile: Default ResourceProfile created, executor resources: Map(cores -> name: cores, amount: 1, script: , vendor: , memory -> name: memory, amount: 1024, script: , vendor: , offHeap -> name: offHeap, amount: 0, script: , vendor: ), task resources: Map(cpus -> name: cpus, amount: 1.0)
[2024-12-09T15:20:29.496+0000] {spark_submit.py:634} INFO - 24/12/09 15:20:29 INFO ResourceProfile: Limiting resource is cpu
[2024-12-09T15:20:29.497+0000] {spark_submit.py:634} INFO - 24/12/09 15:20:29 INFO ResourceProfileManager: Added ResourceProfile id: 0
[2024-12-09T15:20:29.613+0000] {spark_submit.py:634} INFO - 24/12/09 15:20:29 INFO SecurityManager: Changing view acls to: ***
[2024-12-09T15:20:29.624+0000] {spark_submit.py:634} INFO - 24/12/09 15:20:29 INFO SecurityManager: Changing modify acls to: ***
[2024-12-09T15:20:29.625+0000] {spark_submit.py:634} INFO - 24/12/09 15:20:29 INFO SecurityManager: Changing view acls groups to:
[2024-12-09T15:20:29.627+0000] {spark_submit.py:634} INFO - 24/12/09 15:20:29 INFO SecurityManager: Changing modify acls groups to:
[2024-12-09T15:20:29.628+0000] {spark_submit.py:634} INFO - 24/12/09 15:20:29 INFO SecurityManager: SecurityManager: authentication disabled; ui acls disabled; users with view permissions: ***; groups with view permissions: EMPTY; users with modify permissions: ***; groups with modify permissions: EMPTY
[2024-12-09T15:20:30.451+0000] {spark_submit.py:634} INFO - 24/12/09 15:20:30 INFO Utils: Successfully started service 'sparkDriver' on port 43513.
[2024-12-09T15:20:30.532+0000] {spark_submit.py:634} INFO - 24/12/09 15:20:30 INFO SparkEnv: Registering MapOutputTracker
[2024-12-09T15:20:30.605+0000] {spark_submit.py:634} INFO - 24/12/09 15:20:30 INFO SparkEnv: Registering BlockManagerMaster
[2024-12-09T15:20:30.645+0000] {spark_submit.py:634} INFO - 24/12/09 15:20:30 INFO BlockManagerMasterEndpoint: Using org.apache.spark.storage.DefaultTopologyMapper for getting topology information
[2024-12-09T15:20:30.647+0000] {spark_submit.py:634} INFO - 24/12/09 15:20:30 INFO BlockManagerMasterEndpoint: BlockManagerMasterEndpoint up
[2024-12-09T15:20:30.655+0000] {spark_submit.py:634} INFO - 24/12/09 15:20:30 INFO SparkEnv: Registering BlockManagerMasterHeartbeat
[2024-12-09T15:20:30.776+0000] {spark_submit.py:634} INFO - 24/12/09 15:20:30 INFO DiskBlockManager: Created local directory at /tmp/blockmgr-4870a85f-eaef-41fc-892c-dc3a5ca62896
[2024-12-09T15:20:30.822+0000] {spark_submit.py:634} INFO - 24/12/09 15:20:30 INFO MemoryStore: MemoryStore started with capacity 434.4 MiB
[2024-12-09T15:20:30.899+0000] {spark_submit.py:634} INFO - 24/12/09 15:20:30 INFO SparkEnv: Registering OutputCommitCoordinator
[2024-12-09T15:20:31.440+0000] {spark_submit.py:634} INFO - 24/12/09 15:20:31 INFO JettyUtils: Start Jetty 0.0.0.0:4040 for SparkUI
[2024-12-09T15:20:31.604+0000] {spark_submit.py:634} INFO - 24/12/09 15:20:31 INFO Utils: Successfully started service 'SparkUI' on port 4040.
[2024-12-09T15:20:31.719+0000] {spark_submit.py:634} INFO - 24/12/09 15:20:31 INFO SparkContext: Added JAR file:/opt/***/jobs/java/spark-job/target/spark-job-1.0-SNAPSHOT.jar at spark://2a892a3469ec:43513/jars/spark-job-1.0-SNAPSHOT.jar with timestamp 1733757628886
[2024-12-09T15:20:31.888+0000] {spark_submit.py:634} INFO - 24/12/09 15:20:31 INFO Executor: Starting executor ID driver on host 2a892a3469ec
[2024-12-09T15:20:31.890+0000] {spark_submit.py:634} INFO - 24/12/09 15:20:31 INFO Executor: OS info Linux, 6.10.14-linuxkit, aarch64
[2024-12-09T15:20:31.892+0000] {spark_submit.py:634} INFO - 24/12/09 15:20:31 INFO Executor: Java version 17.0.13
[2024-12-09T15:20:31.915+0000] {spark_submit.py:634} INFO - 24/12/09 15:20:31 INFO Executor: Starting executor with user classpath (userClassPathFirst = false): ''
[2024-12-09T15:20:31.919+0000] {spark_submit.py:634} INFO - 24/12/09 15:20:31 INFO Executor: Created or updated repl class loader org.apache.spark.util.MutableURLClassLoader@63d5874f for default.
[2024-12-09T15:20:31.984+0000] {spark_submit.py:634} INFO - 24/12/09 15:20:31 INFO Executor: Fetching spark://2a892a3469ec:43513/jars/spark-job-1.0-SNAPSHOT.jar with timestamp 1733757628886
[2024-12-09T15:20:32.108+0000] {spark_submit.py:634} INFO - 24/12/09 15:20:32 INFO TransportClientFactory: Successfully created connection to 2a892a3469ec/172.18.0.4:43513 after 71 ms (0 ms spent in bootstraps)
[2024-12-09T15:20:32.138+0000] {spark_submit.py:634} INFO - 24/12/09 15:20:32 INFO Utils: Fetching spark://2a892a3469ec:43513/jars/spark-job-1.0-SNAPSHOT.jar to /tmp/spark-aae6de03-528c-41cb-a4ae-cc541db1bd89/userFiles-2f3f30f4-82c4-4a54-8712-8e32a28235ec/fetchFileTemp15079425742143525441.tmp
[2024-12-09T15:20:32.251+0000] {spark_submit.py:634} INFO - 24/12/09 15:20:32 INFO Executor: Adding file:/tmp/spark-aae6de03-528c-41cb-a4ae-cc541db1bd89/userFiles-2f3f30f4-82c4-4a54-8712-8e32a28235ec/spark-job-1.0-SNAPSHOT.jar to class loader default
[2024-12-09T15:20:32.291+0000] {spark_submit.py:634} INFO - 24/12/09 15:20:32 INFO Utils: Successfully started service 'org.apache.spark.network.netty.NettyBlockTransferService' on port 43837.
[2024-12-09T15:20:32.293+0000] {spark_submit.py:634} INFO - 24/12/09 15:20:32 INFO NettyBlockTransferService: Server created on 2a892a3469ec:43837
[2024-12-09T15:20:32.294+0000] {spark_submit.py:634} INFO - 24/12/09 15:20:32 INFO BlockManager: Using org.apache.spark.storage.RandomBlockReplicationPolicy for block replication policy
[2024-12-09T15:20:32.304+0000] {spark_submit.py:634} INFO - 24/12/09 15:20:32 INFO BlockManagerMaster: Registering BlockManager BlockManagerId(driver, 2a892a3469ec, 43837, None)
[2024-12-09T15:20:32.314+0000] {spark_submit.py:634} INFO - 24/12/09 15:20:32 INFO BlockManagerMasterEndpoint: Registering block manager 2a892a3469ec:43837 with 434.4 MiB RAM, BlockManagerId(driver, 2a892a3469ec, 43837, None)
[2024-12-09T15:20:32.317+0000] {spark_submit.py:634} INFO - 24/12/09 15:20:32 INFO BlockManagerMaster: Registered BlockManager BlockManagerId(driver, 2a892a3469ec, 43837, None)
[2024-12-09T15:20:32.319+0000] {spark_submit.py:634} INFO - 24/12/09 15:20:32 INFO BlockManager: Initialized BlockManager: BlockManagerId(driver, 2a892a3469ec, 43837, None)
[2024-12-09T15:20:34.826+0000] {spark_submit.py:634} INFO - 24/12/09 15:20:34 INFO SparkContext: Starting job: collect at WordCountJob.java:37
[2024-12-09T15:20:34.955+0000] {spark_submit.py:634} INFO - 24/12/09 15:20:34 INFO DAGScheduler: Registering RDD 2 (mapToPair at WordCountJob.java:33) as input to shuffle 0
[2024-12-09T15:20:34.985+0000] {spark_submit.py:634} INFO - 24/12/09 15:20:34 INFO DAGScheduler: Got job 0 (collect at WordCountJob.java:37) with 1 output partitions
[2024-12-09T15:20:34.987+0000] {spark_submit.py:634} INFO - 24/12/09 15:20:34 INFO DAGScheduler: Final stage: ResultStage 1 (collect at WordCountJob.java:37)
[2024-12-09T15:20:34.988+0000] {spark_submit.py:634} INFO - 24/12/09 15:20:34 INFO DAGScheduler: Parents of final stage: List(ShuffleMapStage 0)
[2024-12-09T15:20:34.995+0000] {spark_submit.py:634} INFO - 24/12/09 15:20:34 INFO DAGScheduler: Missing parents: List(ShuffleMapStage 0)
[2024-12-09T15:20:35.083+0000] {spark_submit.py:634} INFO - 24/12/09 15:20:35 INFO DAGScheduler: Submitting ShuffleMapStage 0 (MapPartitionsRDD[2] at mapToPair at WordCountJob.java:33), which has no missing parents
[2024-12-09T15:20:35.562+0000] {spark_submit.py:634} INFO - 24/12/09 15:20:35 INFO MemoryStore: Block broadcast_0 stored as values in memory (estimated size 6.4 KiB, free 434.4 MiB)
[2024-12-09T15:20:35.701+0000] {spark_submit.py:634} INFO - 24/12/09 15:20:35 INFO MemoryStore: Block broadcast_0_piece0 stored as bytes in memory (estimated size 3.4 KiB, free 434.4 MiB)
[2024-12-09T15:20:35.707+0000] {spark_submit.py:634} INFO - 24/12/09 15:20:35 INFO BlockManagerInfo: Added broadcast_0_piece0 in memory on 2a892a3469ec:43837 (size: 3.4 KiB, free: 434.4 MiB)
[2024-12-09T15:20:35.734+0000] {spark_submit.py:634} INFO - 24/12/09 15:20:35 INFO SparkContext: Created broadcast 0 from broadcast at DAGScheduler.scala:1585
[2024-12-09T15:20:35.867+0000] {spark_submit.py:634} INFO - 24/12/09 15:20:35 INFO DAGScheduler: Submitting 1 missing tasks from ShuffleMapStage 0 (MapPartitionsRDD[2] at mapToPair at WordCountJob.java:33) (first 15 tasks are for partitions Vector(0))
[2024-12-09T15:20:35.869+0000] {spark_submit.py:634} INFO - 24/12/09 15:20:35 INFO TaskSchedulerImpl: Adding task set 0.0 with 1 tasks resource profile 0
[2024-12-09T15:20:36.099+0000] {spark_submit.py:634} INFO - 24/12/09 15:20:36 INFO TaskSetManager: Starting task 0.0 in stage 0.0 (TID 0) (2a892a3469ec, executor driver, partition 0, PROCESS_LOCAL, 9249 bytes)
[2024-12-09T15:20:36.221+0000] {spark_submit.py:634} INFO - 24/12/09 15:20:36 INFO Executor: Running task 0.0 in stage 0.0 (TID 0)
[2024-12-09T15:20:36.921+0000] {spark_submit.py:634} INFO - 24/12/09 15:20:36 INFO Executor: Finished task 0.0 in stage 0.0 (TID 0). 1259 bytes result sent to driver
[2024-12-09T15:20:37.020+0000] {spark_submit.py:634} INFO - 24/12/09 15:20:37 INFO TaskSetManager: Finished task 0.0 in stage 0.0 (TID 0) in 991 ms on 2a892a3469ec (executor driver) (1/1)
[2024-12-09T15:20:37.234+0000] {spark_submit.py:634} INFO - 24/12/09 15:20:37 INFO TaskSchedulerImpl: Removed TaskSet 0.0, whose tasks have all completed, from pool
[2024-12-09T15:20:37.392+0000] {spark_submit.py:634} INFO - 24/12/09 15:20:37 INFO DAGScheduler: ShuffleMapStage 0 (mapToPair at WordCountJob.java:33) finished in 2.006 s
[2024-12-09T15:20:37.432+0000] {spark_submit.py:634} INFO - 24/12/09 15:20:37 INFO DAGScheduler: looking for newly runnable stages
[2024-12-09T15:20:37.464+0000] {spark_submit.py:634} INFO - 24/12/09 15:20:37 INFO DAGScheduler: running: Set()
[2024-12-09T15:20:37.483+0000] {spark_submit.py:634} INFO - 24/12/09 15:20:37 INFO DAGScheduler: waiting: Set(ResultStage 1)
[2024-12-09T15:20:37.536+0000] {spark_submit.py:634} INFO - 24/12/09 15:20:37 INFO DAGScheduler: failed: Set()
[2024-12-09T15:20:37.541+0000] {spark_submit.py:634} INFO - 24/12/09 15:20:37 INFO DAGScheduler: Submitting ResultStage 1 (ShuffledRDD[3] at reduceByKey at WordCountJob.java:34), which has no missing parents
[2024-12-09T15:20:37.543+0000] {spark_submit.py:634} INFO - 24/12/09 15:20:37 INFO MemoryStore: Block broadcast_1 stored as values in memory (estimated size 5.2 KiB, free 434.4 MiB)
[2024-12-09T15:20:37.543+0000] {spark_submit.py:634} INFO - 24/12/09 15:20:37 INFO MemoryStore: Block broadcast_1_piece0 stored as bytes in memory (estimated size 2.9 KiB, free 434.4 MiB)
[2024-12-09T15:20:37.550+0000] {spark_submit.py:634} INFO - 24/12/09 15:20:37 INFO BlockManagerInfo: Added broadcast_1_piece0 in memory on 2a892a3469ec:43837 (size: 2.9 KiB, free: 434.4 MiB)
[2024-12-09T15:20:37.555+0000] {spark_submit.py:634} INFO - 24/12/09 15:20:37 INFO SparkContext: Created broadcast 1 from broadcast at DAGScheduler.scala:1585
[2024-12-09T15:20:37.574+0000] {spark_submit.py:634} INFO - 24/12/09 15:20:37 INFO DAGScheduler: Submitting 1 missing tasks from ResultStage 1 (ShuffledRDD[3] at reduceByKey at WordCountJob.java:34) (first 15 tasks are for partitions Vector(0))
[2024-12-09T15:20:37.646+0000] {spark_submit.py:634} INFO - 24/12/09 15:20:37 INFO TaskSchedulerImpl: Adding task set 1.0 with 1 tasks resource profile 0
[2024-12-09T15:20:37.788+0000] {spark_submit.py:634} INFO - 24/12/09 15:20:37 INFO TaskSetManager: Starting task 0.0 in stage 1.0 (TID 1) (2a892a3469ec, executor driver, partition 0, NODE_LOCAL, 9002 bytes)
[2024-12-09T15:20:37.798+0000] {spark_submit.py:634} INFO - 24/12/09 15:20:37 INFO Executor: Running task 0.0 in stage 1.0 (TID 1)
[2024-12-09T15:20:38.306+0000] {spark_submit.py:634} INFO - 24/12/09 15:20:38 INFO ShuffleBlockFetcherIterator: Getting 1 (189.0 B) non-empty blocks including 1 (189.0 B) local and 0 (0.0 B) host-local and 0 (0.0 B) push-merged-local and 0 (0.0 B) remote blocks
[2024-12-09T15:20:38.309+0000] {spark_submit.py:634} INFO - 24/12/09 15:20:38 INFO ShuffleBlockFetcherIterator: Started 0 remote fetches in 57 ms
[2024-12-09T15:20:38.480+0000] {spark_submit.py:634} INFO - 24/12/09 15:20:38 INFO Executor: Finished task 0.0 in stage 1.0 (TID 1). 2001 bytes result sent to driver
[2024-12-09T15:20:38.538+0000] {spark_submit.py:634} INFO - 24/12/09 15:20:38 INFO TaskSetManager: Finished task 0.0 in stage 1.0 (TID 1) in 784 ms on 2a892a3469ec (executor driver) (1/1)
[2024-12-09T15:20:38.591+0000] {spark_submit.py:634} INFO - 24/12/09 15:20:38 INFO TaskSchedulerImpl: Removed TaskSet 1.0, whose tasks have all completed, from pool
[2024-12-09T15:20:38.611+0000] {spark_submit.py:634} INFO - 24/12/09 15:20:38 INFO DAGScheduler: ResultStage 1 (collect at WordCountJob.java:37) finished in 1.062 s
[2024-12-09T15:20:38.644+0000] {spark_submit.py:634} INFO - 24/12/09 15:20:38 INFO DAGScheduler: Job 0 is finished. Cancelling potential speculative or zombie tasks for this job
[2024-12-09T15:20:38.645+0000] {spark_submit.py:634} INFO - 24/12/09 15:20:38 INFO TaskSchedulerImpl: Killing all running tasks in stage 1: Stage finished
[2024-12-09T15:20:38.647+0000] {spark_submit.py:634} INFO - 24/12/09 15:20:38 INFO DAGScheduler: Job 0 finished: collect at WordCountJob.java:37, took 3.761917 s
[2024-12-09T15:20:38.647+0000] {spark_submit.py:634} INFO - spark: 1
[2024-12-09T15:20:38.648+0000] {spark_submit.py:634} INFO - docker: 1
[2024-12-09T15:20:38.648+0000] {spark_submit.py:634} INFO - Yusuf: 1
[2024-12-09T15:20:38.653+0000] {spark_submit.py:634} INFO - hello: 5
[2024-12-09T15:20:38.654+0000] {spark_submit.py:634} INFO - java: 1
[2024-12-09T15:20:38.655+0000] {spark_submit.py:634} INFO - world: 1
[2024-12-09T15:20:38.662+0000] {spark_submit.py:634} INFO - 24/12/09 15:20:38 INFO SparkContext: SparkContext is stopping with exitCode 0.
[2024-12-09T15:20:38.696+0000] {spark_submit.py:634} INFO - 24/12/09 15:20:38 INFO SparkUI: Stopped Spark web UI at http://2a892a3469ec:4040
[2024-12-09T15:20:38.839+0000] {spark_submit.py:634} INFO - 24/12/09 15:20:38 INFO MapOutputTrackerMasterEndpoint: MapOutputTrackerMasterEndpoint stopped!
[2024-12-09T15:20:38.935+0000] {spark_submit.py:634} INFO - 24/12/09 15:20:38 INFO MemoryStore: MemoryStore cleared
[2024-12-09T15:20:38.960+0000] {spark_submit.py:634} INFO - 24/12/09 15:20:38 INFO BlockManager: BlockManager stopped
[2024-12-09T15:20:38.960+0000] {spark_submit.py:634} INFO - 24/12/09 15:20:38 INFO BlockManagerMaster: BlockManagerMaster stopped
[2024-12-09T15:20:38.977+0000] {spark_submit.py:634} INFO - 24/12/09 15:20:38 INFO OutputCommitCoordinator$OutputCommitCoordinatorEndpoint: OutputCommitCoordinator stopped!
[2024-12-09T15:20:38.999+0000] {spark_submit.py:634} INFO - 24/12/09 15:20:38 INFO SparkContext: Successfully stopped SparkContext
[2024-12-09T15:20:39.004+0000] {spark_submit.py:634} INFO - 24/12/09 15:20:39 INFO ShutdownHookManager: Shutdown hook called
[2024-12-09T15:20:39.006+0000] {spark_submit.py:634} INFO - 24/12/09 15:20:39 INFO ShutdownHookManager: Deleting directory /tmp/spark-b558f639-d2ad-4683-a53b-3d27960583db
[2024-12-09T15:20:39.015+0000] {spark_submit.py:634} INFO - 24/12/09 15:20:39 INFO ShutdownHookManager: Deleting directory /tmp/spark-aae6de03-528c-41cb-a4ae-cc541db1bd89
[2024-12-09T15:20:39.227+0000] {taskinstance.py:340} INFO - ::group::Post task execution logs
[2024-12-09T15:20:39.229+0000] {taskinstance.py:352} INFO - Marking task as SUCCESS. dag_id=sparking_flow, task_id=java_job, run_id=manual__2024-12-09T15:20:19.814755+00:00, execution_date=20241209T152019, start_date=20241209T152022, end_date=20241209T152039
[2024-12-09T15:20:39.316+0000] {local_task_job_runner.py:266} INFO - Task exited with return code 0
[2024-12-09T15:20:39.427+0000] {taskinstance.py:3895} INFO - 0 downstream tasks scheduled from follow-on schedule check
[2024-12-09T15:20:39.430+0000] {local_task_job_runner.py:245} INFO - ::endgroup::
