[2024-12-08T14:22:33.518+0000] {local_task_job_runner.py:123} INFO - ::group::Pre task execution logs
[2024-12-08T14:22:33.540+0000] {taskinstance.py:2613} INFO - Dependencies all met for dep_context=non-requeueable deps ti=<TaskInstance: sparking_flow.scala_job manual__2024-12-08T14:22:31.206253+00:00 [queued]>
[2024-12-08T14:22:33.547+0000] {taskinstance.py:2613} INFO - Dependencies all met for dep_context=requeueable deps ti=<TaskInstance: sparking_flow.scala_job manual__2024-12-08T14:22:31.206253+00:00 [queued]>
[2024-12-08T14:22:33.547+0000] {taskinstance.py:2866} INFO - Starting attempt 1 of 1
[2024-12-08T14:22:33.558+0000] {taskinstance.py:2889} INFO - Executing <Task(SparkSubmitOperator): scala_job> on 2024-12-08 14:22:31.206253+00:00
[2024-12-08T14:22:33.566+0000] {logging_mixin.py:190} WARNING - /home/***/.local/lib/python3.12/site-packages/***/task/task_runner/standard_task_runner.py:70 DeprecationWarning: This process (pid=187) is multi-threaded, use of fork() may lead to deadlocks in the child.
[2024-12-08T14:22:33.565+0000] {standard_task_runner.py:104} INFO - Running: ['***', 'tasks', 'run', 'sparking_flow', 'scala_job', 'manual__2024-12-08T14:22:31.206253+00:00', '--job-id', '155', '--raw', '--subdir', 'DAGS_FOLDER/spark_***.py', '--cfg-path', '/tmp/tmpb5frmd4h']
[2024-12-08T14:22:33.568+0000] {standard_task_runner.py:72} INFO - Started process 188 to run task
[2024-12-08T14:22:33.568+0000] {standard_task_runner.py:105} INFO - Job 155: Subtask scala_job
[2024-12-08T14:22:33.618+0000] {task_command.py:467} INFO - Running <TaskInstance: sparking_flow.scala_job manual__2024-12-08T14:22:31.206253+00:00 [running]> on host 2a892a3469ec
[2024-12-08T14:22:33.697+0000] {taskinstance.py:3132} INFO - Exporting env vars: AIRFLOW_CTX_DAG_OWNER='Yusuf Ganiyu' AIRFLOW_CTX_DAG_ID='sparking_flow' AIRFLOW_CTX_TASK_ID='scala_job' AIRFLOW_CTX_EXECUTION_DATE='2024-12-08T14:22:31.206253+00:00' AIRFLOW_CTX_TRY_NUMBER='1' AIRFLOW_CTX_DAG_RUN_ID='manual__2024-12-08T14:22:31.206253+00:00'
[2024-12-08T14:22:33.699+0000] {taskinstance.py:731} INFO - ::endgroup::
[2024-12-08T14:22:33.721+0000] {base.py:84} INFO - Retrieving connection 'spark-conn'
[2024-12-08T14:22:33.722+0000] {spark_submit.py:473} INFO - Spark-Submit cmd: spark-submit --master spark://sparkingflow-spark-master-1:7077 --name arrow-spark --deploy-mode client jobs/scala/target/scala-2.12/word-count_2.12-0.1.jar
[2024-12-08T14:22:36.452+0000] {spark_submit.py:634} INFO - 24/12/08 14:22:36 WARN NativeCodeLoader: Unable to load native-hadoop library for your platform... using builtin-java classes where applicable
[2024-12-08T14:22:36.801+0000] {spark_submit.py:634} INFO - 24/12/08 14:22:36 INFO SparkContext: Running Spark version 3.5.3
[2024-12-08T14:22:36.803+0000] {spark_submit.py:634} INFO - 24/12/08 14:22:36 INFO SparkContext: OS info Linux, 6.10.14-linuxkit, aarch64
[2024-12-08T14:22:36.804+0000] {spark_submit.py:634} INFO - 24/12/08 14:22:36 INFO SparkContext: Java version 17.0.13
[2024-12-08T14:22:36.835+0000] {spark_submit.py:634} INFO - 24/12/08 14:22:36 INFO ResourceUtils: ==============================================================
[2024-12-08T14:22:36.836+0000] {spark_submit.py:634} INFO - 24/12/08 14:22:36 INFO ResourceUtils: No custom resources configured for spark.driver.
[2024-12-08T14:22:36.836+0000] {spark_submit.py:634} INFO - 24/12/08 14:22:36 INFO ResourceUtils: ==============================================================
[2024-12-08T14:22:36.836+0000] {spark_submit.py:634} INFO - 24/12/08 14:22:36 INFO SparkContext: Submitted application: Word Count
[2024-12-08T14:22:36.873+0000] {spark_submit.py:634} INFO - 24/12/08 14:22:36 INFO ResourceProfile: Default ResourceProfile created, executor resources: Map(memory -> name: memory, amount: 1024, script: , vendor: , offHeap -> name: offHeap, amount: 0, script: , vendor: ), task resources: Map(cpus -> name: cpus, amount: 1.0)
[2024-12-08T14:22:36.887+0000] {spark_submit.py:634} INFO - 24/12/08 14:22:36 INFO ResourceProfile: Limiting resource is cpu
[2024-12-08T14:22:36.888+0000] {spark_submit.py:634} INFO - 24/12/08 14:22:36 INFO ResourceProfileManager: Added ResourceProfile id: 0
[2024-12-08T14:22:36.946+0000] {spark_submit.py:634} INFO - 24/12/08 14:22:36 INFO SecurityManager: Changing view acls to: ***
[2024-12-08T14:22:36.947+0000] {spark_submit.py:634} INFO - 24/12/08 14:22:36 INFO SecurityManager: Changing modify acls to: ***
[2024-12-08T14:22:36.948+0000] {spark_submit.py:634} INFO - 24/12/08 14:22:36 INFO SecurityManager: Changing view acls groups to:
[2024-12-08T14:22:36.949+0000] {spark_submit.py:634} INFO - 24/12/08 14:22:36 INFO SecurityManager: Changing modify acls groups to:
[2024-12-08T14:22:36.949+0000] {spark_submit.py:634} INFO - 24/12/08 14:22:36 INFO SecurityManager: SecurityManager: authentication disabled; ui acls disabled; users with view permissions: ***; groups with view permissions: EMPTY; users with modify permissions: ***; groups with modify permissions: EMPTY
[2024-12-08T14:22:37.346+0000] {spark_submit.py:634} INFO - 24/12/08 14:22:37 INFO Utils: Successfully started service 'sparkDriver' on port 38401.
[2024-12-08T14:22:37.388+0000] {spark_submit.py:634} INFO - 24/12/08 14:22:37 INFO SparkEnv: Registering MapOutputTracker
[2024-12-08T14:22:37.446+0000] {spark_submit.py:634} INFO - 24/12/08 14:22:37 INFO SparkEnv: Registering BlockManagerMaster
[2024-12-08T14:22:37.483+0000] {spark_submit.py:634} INFO - 24/12/08 14:22:37 INFO BlockManagerMasterEndpoint: Using org.apache.spark.storage.DefaultTopologyMapper for getting topology information
[2024-12-08T14:22:37.484+0000] {spark_submit.py:634} INFO - 24/12/08 14:22:37 INFO BlockManagerMasterEndpoint: BlockManagerMasterEndpoint up
[2024-12-08T14:22:37.489+0000] {spark_submit.py:634} INFO - 24/12/08 14:22:37 INFO SparkEnv: Registering BlockManagerMasterHeartbeat
[2024-12-08T14:22:37.517+0000] {spark_submit.py:634} INFO - 24/12/08 14:22:37 INFO DiskBlockManager: Created local directory at /tmp/blockmgr-b8f71f9a-3a82-4063-adae-301b30e2dc6c
[2024-12-08T14:22:37.545+0000] {spark_submit.py:634} INFO - 24/12/08 14:22:37 INFO MemoryStore: MemoryStore started with capacity 434.4 MiB
[2024-12-08T14:22:37.571+0000] {spark_submit.py:634} INFO - 24/12/08 14:22:37 INFO SparkEnv: Registering OutputCommitCoordinator
[2024-12-08T14:22:37.828+0000] {spark_submit.py:634} INFO - 24/12/08 14:22:37 INFO JettyUtils: Start Jetty 0.0.0.0:4040 for SparkUI
[2024-12-08T14:22:37.952+0000] {spark_submit.py:634} INFO - 24/12/08 14:22:37 WARN Utils: Service 'SparkUI' could not bind on port 4040. Attempting port 4041.
[2024-12-08T14:22:37.980+0000] {spark_submit.py:634} INFO - 24/12/08 14:22:37 INFO Utils: Successfully started service 'SparkUI' on port 4041.
[2024-12-08T14:22:38.076+0000] {spark_submit.py:634} INFO - 24/12/08 14:22:38 INFO SparkContext: Added JAR file:/opt/***/jobs/scala/target/scala-2.12/word-count_2.12-0.1.jar at spark://2a892a3469ec:38401/jars/word-count_2.12-0.1.jar with timestamp 1733667756787
[2024-12-08T14:22:38.304+0000] {spark_submit.py:634} INFO - 24/12/08 14:22:38 INFO StandaloneAppClient$ClientEndpoint: Connecting to master spark://spark-master:7077...
[2024-12-08T14:22:38.445+0000] {spark_submit.py:634} INFO - 24/12/08 14:22:38 INFO TransportClientFactory: Successfully created connection to spark-master/172.18.0.5:7077 after 81 ms (0 ms spent in bootstraps)
[2024-12-08T14:22:38.952+0000] {spark_submit.py:634} INFO - 24/12/08 14:22:38 INFO StandaloneSchedulerBackend: Connected to Spark cluster with app ID app-20241208142238-0000
[2024-12-08T14:22:39.019+0000] {spark_submit.py:634} INFO - 24/12/08 14:22:39 INFO StandaloneAppClient$ClientEndpoint: Executor added: app-20241208142238-0000/0 on worker-20241208142211-172.18.0.7-40433 (172.18.0.7:40433) with 2 core(s)
[2024-12-08T14:22:39.023+0000] {spark_submit.py:634} INFO - 24/12/08 14:22:39 INFO Utils: Successfully started service 'org.apache.spark.network.netty.NettyBlockTransferService' on port 46481.
[2024-12-08T14:22:39.026+0000] {spark_submit.py:634} INFO - 24/12/08 14:22:39 INFO NettyBlockTransferService: Server created on 2a892a3469ec:46481
[2024-12-08T14:22:39.027+0000] {spark_submit.py:634} INFO - 24/12/08 14:22:39 INFO BlockManager: Using org.apache.spark.storage.RandomBlockReplicationPolicy for block replication policy
[2024-12-08T14:22:39.042+0000] {spark_submit.py:634} INFO - 24/12/08 14:22:39 INFO BlockManagerMaster: Registering BlockManager BlockManagerId(driver, 2a892a3469ec, 46481, None)
[2024-12-08T14:22:39.045+0000] {spark_submit.py:634} INFO - 24/12/08 14:22:39 INFO StandaloneSchedulerBackend: Granted executor ID app-20241208142238-0000/0 on hostPort 172.18.0.7:40433 with 2 core(s), 1024.0 MiB RAM
[2024-12-08T14:22:39.048+0000] {spark_submit.py:634} INFO - 24/12/08 14:22:39 INFO BlockManagerMasterEndpoint: Registering block manager 2a892a3469ec:46481 with 434.4 MiB RAM, BlockManagerId(driver, 2a892a3469ec, 46481, None)
[2024-12-08T14:22:39.075+0000] {spark_submit.py:634} INFO - 24/12/08 14:22:39 INFO BlockManagerMaster: Registered BlockManager BlockManagerId(driver, 2a892a3469ec, 46481, None)
[2024-12-08T14:22:39.080+0000] {spark_submit.py:634} INFO - 24/12/08 14:22:39 INFO BlockManager: Initialized BlockManager: BlockManagerId(driver, 2a892a3469ec, 46481, None)
[2024-12-08T14:22:39.462+0000] {spark_submit.py:634} INFO - 24/12/08 14:22:39 INFO StandaloneAppClient$ClientEndpoint: Executor updated: app-20241208142238-0000/0 is now RUNNING
[2024-12-08T14:22:39.537+0000] {spark_submit.py:634} INFO - 24/12/08 14:22:39 INFO StandaloneSchedulerBackend: SchedulerBackend is ready for scheduling beginning after reached minRegisteredResourcesRatio: 0.0
[2024-12-08T14:22:40.330+0000] {spark_submit.py:634} INFO - 24/12/08 14:22:40 INFO SparkContext: Starting job: collect at wordcount.scala:14
[2024-12-08T14:22:40.785+0000] {spark_submit.py:634} INFO - 24/12/08 14:22:40 INFO DAGScheduler: Registering RDD 2 (map at wordcount.scala:11) as input to shuffle 0
[2024-12-08T14:22:40.791+0000] {spark_submit.py:634} INFO - 24/12/08 14:22:40 INFO DAGScheduler: Got job 0 (collect at wordcount.scala:14) with 2 output partitions
[2024-12-08T14:22:40.792+0000] {spark_submit.py:634} INFO - 24/12/08 14:22:40 INFO DAGScheduler: Final stage: ResultStage 1 (collect at wordcount.scala:14)
[2024-12-08T14:22:40.793+0000] {spark_submit.py:634} INFO - 24/12/08 14:22:40 INFO DAGScheduler: Parents of final stage: List(ShuffleMapStage 0)
[2024-12-08T14:22:40.796+0000] {spark_submit.py:634} INFO - 24/12/08 14:22:40 INFO DAGScheduler: Missing parents: List(ShuffleMapStage 0)
[2024-12-08T14:22:40.805+0000] {spark_submit.py:634} INFO - 24/12/08 14:22:40 INFO DAGScheduler: Submitting ShuffleMapStage 0 (MapPartitionsRDD[2] at map at wordcount.scala:11), which has no missing parents
[2024-12-08T14:22:40.936+0000] {spark_submit.py:634} INFO - 24/12/08 14:22:40 INFO MemoryStore: Block broadcast_0 stored as values in memory (estimated size 5.5 KiB, free 434.4 MiB)
[2024-12-08T14:22:40.978+0000] {spark_submit.py:634} INFO - 24/12/08 14:22:40 INFO MemoryStore: Block broadcast_0_piece0 stored as bytes in memory (estimated size 3.2 KiB, free 434.4 MiB)
[2024-12-08T14:22:40.980+0000] {spark_submit.py:634} INFO - 24/12/08 14:22:40 INFO BlockManagerInfo: Added broadcast_0_piece0 in memory on 2a892a3469ec:46481 (size: 3.2 KiB, free: 434.4 MiB)
[2024-12-08T14:22:40.985+0000] {spark_submit.py:634} INFO - 24/12/08 14:22:40 INFO SparkContext: Created broadcast 0 from broadcast at DAGScheduler.scala:1585
[2024-12-08T14:22:41.010+0000] {spark_submit.py:634} INFO - 24/12/08 14:22:41 INFO DAGScheduler: Submitting 2 missing tasks from ShuffleMapStage 0 (MapPartitionsRDD[2] at map at wordcount.scala:11) (first 15 tasks are for partitions Vector(0, 1))
[2024-12-08T14:22:41.012+0000] {spark_submit.py:634} INFO - 24/12/08 14:22:41 INFO TaskSchedulerImpl: Adding task set 0.0 with 2 tasks resource profile 0
[2024-12-08T14:22:42.288+0000] {spark_submit.py:634} INFO - 24/12/08 14:22:42 INFO StandaloneSchedulerBackend$StandaloneDriverEndpoint: Registered executor NettyRpcEndpointRef(spark-client://Executor) (172.18.0.7:42458) with ID 0,  ResourceProfileId 0
[2024-12-08T14:22:42.408+0000] {spark_submit.py:634} INFO - 24/12/08 14:22:42 INFO BlockManagerMasterEndpoint: Registering block manager 172.18.0.7:34987 with 434.4 MiB RAM, BlockManagerId(0, 172.18.0.7, 34987, None)
[2024-12-08T14:22:42.564+0000] {spark_submit.py:634} INFO - 24/12/08 14:22:42 INFO TaskSetManager: Starting task 0.0 in stage 0.0 (TID 0) (172.18.0.7, executor 0, partition 0, PROCESS_LOCAL, 9198 bytes)
[2024-12-08T14:22:42.569+0000] {spark_submit.py:634} INFO - 24/12/08 14:22:42 INFO TaskSetManager: Starting task 1.0 in stage 0.0 (TID 1) (172.18.0.7, executor 0, partition 1, PROCESS_LOCAL, 9213 bytes)
[2024-12-08T14:22:42.827+0000] {spark_submit.py:634} INFO - 24/12/08 14:22:42 INFO BlockManagerInfo: Added broadcast_0_piece0 in memory on 172.18.0.7:34987 (size: 3.2 KiB, free: 434.4 MiB)
[2024-12-08T14:22:43.319+0000] {spark_submit.py:634} INFO - 24/12/08 14:22:43 INFO TaskSetManager: Finished task 1.0 in stage 0.0 (TID 1) in 749 ms on 172.18.0.7 (executor 0) (1/2)
[2024-12-08T14:22:43.319+0000] {spark_submit.py:634} INFO - 24/12/08 14:22:43 INFO TaskSetManager: Finished task 0.0 in stage 0.0 (TID 0) in 772 ms on 172.18.0.7 (executor 0) (2/2)
[2024-12-08T14:22:43.320+0000] {spark_submit.py:634} INFO - 24/12/08 14:22:43 INFO TaskSchedulerImpl: Removed TaskSet 0.0, whose tasks have all completed, from pool
[2024-12-08T14:22:43.327+0000] {spark_submit.py:634} INFO - 24/12/08 14:22:43 INFO DAGScheduler: ShuffleMapStage 0 (map at wordcount.scala:11) finished in 2.474 s
[2024-12-08T14:22:43.327+0000] {spark_submit.py:634} INFO - 24/12/08 14:22:43 INFO DAGScheduler: looking for newly runnable stages
[2024-12-08T14:22:43.328+0000] {spark_submit.py:634} INFO - 24/12/08 14:22:43 INFO DAGScheduler: running: Set()
[2024-12-08T14:22:43.328+0000] {spark_submit.py:634} INFO - 24/12/08 14:22:43 INFO DAGScheduler: waiting: Set(ResultStage 1)
[2024-12-08T14:22:43.328+0000] {spark_submit.py:634} INFO - 24/12/08 14:22:43 INFO DAGScheduler: failed: Set()
[2024-12-08T14:22:43.330+0000] {spark_submit.py:634} INFO - 24/12/08 14:22:43 INFO DAGScheduler: Submitting ResultStage 1 (ShuffledRDD[3] at reduceByKey at wordcount.scala:12), which has no missing parents
[2024-12-08T14:22:43.338+0000] {spark_submit.py:634} INFO - 24/12/08 14:22:43 INFO MemoryStore: Block broadcast_1 stored as values in memory (estimated size 5.2 KiB, free 434.4 MiB)
[2024-12-08T14:22:43.341+0000] {spark_submit.py:634} INFO - 24/12/08 14:22:43 INFO MemoryStore: Block broadcast_1_piece0 stored as bytes in memory (estimated size 3.1 KiB, free 434.4 MiB)
[2024-12-08T14:22:43.344+0000] {spark_submit.py:634} INFO - 24/12/08 14:22:43 INFO BlockManagerInfo: Added broadcast_1_piece0 in memory on 2a892a3469ec:46481 (size: 3.1 KiB, free: 434.4 MiB)
[2024-12-08T14:22:43.344+0000] {spark_submit.py:634} INFO - 24/12/08 14:22:43 INFO SparkContext: Created broadcast 1 from broadcast at DAGScheduler.scala:1585
[2024-12-08T14:22:43.346+0000] {spark_submit.py:634} INFO - 24/12/08 14:22:43 INFO DAGScheduler: Submitting 2 missing tasks from ResultStage 1 (ShuffledRDD[3] at reduceByKey at wordcount.scala:12) (first 15 tasks are for partitions Vector(0, 1))
[2024-12-08T14:22:43.346+0000] {spark_submit.py:634} INFO - 24/12/08 14:22:43 INFO TaskSchedulerImpl: Adding task set 1.0 with 2 tasks resource profile 0
[2024-12-08T14:22:43.352+0000] {spark_submit.py:634} INFO - 24/12/08 14:22:43 INFO TaskSetManager: Starting task 0.0 in stage 1.0 (TID 2) (172.18.0.7, executor 0, partition 0, NODE_LOCAL, 9003 bytes)
[2024-12-08T14:22:43.353+0000] {spark_submit.py:634} INFO - 24/12/08 14:22:43 INFO TaskSetManager: Starting task 1.0 in stage 1.0 (TID 3) (172.18.0.7, executor 0, partition 1, NODE_LOCAL, 9003 bytes)
[2024-12-08T14:22:43.369+0000] {spark_submit.py:634} INFO - 24/12/08 14:22:43 INFO BlockManagerInfo: Added broadcast_1_piece0 in memory on 172.18.0.7:34987 (size: 3.1 KiB, free: 434.4 MiB)
[2024-12-08T14:22:43.412+0000] {spark_submit.py:634} INFO - 24/12/08 14:22:43 INFO MapOutputTrackerMasterEndpoint: Asked to send map output locations for shuffle 0 to 172.18.0.7:42458
[2024-12-08T14:22:43.446+0000] {spark_submit.py:634} INFO - 24/12/08 14:22:43 INFO BlockManagerInfo: Removed broadcast_0_piece0 on 2a892a3469ec:46481 in memory (size: 3.2 KiB, free: 434.4 MiB)
[2024-12-08T14:22:43.451+0000] {spark_submit.py:634} INFO - 24/12/08 14:22:43 INFO BlockManagerInfo: Removed broadcast_0_piece0 on 172.18.0.7:34987 in memory (size: 3.2 KiB, free: 434.4 MiB)
[2024-12-08T14:22:43.519+0000] {spark_submit.py:634} INFO - 24/12/08 14:22:43 INFO TaskSetManager: Finished task 1.0 in stage 1.0 (TID 3) in 168 ms on 172.18.0.7 (executor 0) (1/2)
[2024-12-08T14:22:43.520+0000] {spark_submit.py:634} INFO - 24/12/08 14:22:43 INFO TaskSetManager: Finished task 0.0 in stage 1.0 (TID 2) in 171 ms on 172.18.0.7 (executor 0) (2/2)
[2024-12-08T14:22:43.520+0000] {spark_submit.py:634} INFO - 24/12/08 14:22:43 INFO TaskSchedulerImpl: Removed TaskSet 1.0, whose tasks have all completed, from pool
[2024-12-08T14:22:43.521+0000] {spark_submit.py:634} INFO - 24/12/08 14:22:43 INFO DAGScheduler: ResultStage 1 (collect at wordcount.scala:14) finished in 0.186 s
[2024-12-08T14:22:43.524+0000] {spark_submit.py:634} INFO - 24/12/08 14:22:43 INFO DAGScheduler: Job 0 is finished. Cancelling potential speculative or zombie tasks for this job
[2024-12-08T14:22:43.524+0000] {spark_submit.py:634} INFO - 24/12/08 14:22:43 INFO TaskSchedulerImpl: Killing all running tasks in stage 1: Stage finished
[2024-12-08T14:22:43.528+0000] {spark_submit.py:634} INFO - 24/12/08 14:22:43 INFO DAGScheduler: Job 0 finished: collect at wordcount.scala:14, took 3.197505 s
[2024-12-08T14:22:43.533+0000] {spark_submit.py:634} INFO - (Hello,5)
[2024-12-08T14:22:43.534+0000] {spark_submit.py:634} INFO - (Yusuf,1)
[2024-12-08T14:22:43.534+0000] {spark_submit.py:634} INFO - (World,1)
[2024-12-08T14:22:43.534+0000] {spark_submit.py:634} INFO - (Scala,1)
[2024-12-08T14:22:43.534+0000] {spark_submit.py:634} INFO - (Docker,1)
[2024-12-08T14:22:43.535+0000] {spark_submit.py:634} INFO - (spark,1)
[2024-12-08T14:22:43.535+0000] {spark_submit.py:634} INFO - 24/12/08 14:22:43 INFO SparkContext: SparkContext is stopping with exitCode 0.
[2024-12-08T14:22:43.542+0000] {spark_submit.py:634} INFO - 24/12/08 14:22:43 INFO SparkUI: Stopped Spark web UI at http://2a892a3469ec:4041
[2024-12-08T14:22:43.545+0000] {spark_submit.py:634} INFO - 24/12/08 14:22:43 INFO StandaloneSchedulerBackend: Shutting down all executors
[2024-12-08T14:22:43.545+0000] {spark_submit.py:634} INFO - 24/12/08 14:22:43 INFO StandaloneSchedulerBackend$StandaloneDriverEndpoint: Asking each executor to shut down
[2024-12-08T14:22:43.563+0000] {spark_submit.py:634} INFO - 24/12/08 14:22:43 INFO MapOutputTrackerMasterEndpoint: MapOutputTrackerMasterEndpoint stopped!
[2024-12-08T14:22:43.607+0000] {spark_submit.py:634} INFO - 24/12/08 14:22:43 INFO MemoryStore: MemoryStore cleared
[2024-12-08T14:22:43.610+0000] {spark_submit.py:634} INFO - 24/12/08 14:22:43 INFO BlockManager: BlockManager stopped
[2024-12-08T14:22:43.625+0000] {spark_submit.py:634} INFO - 24/12/08 14:22:43 INFO BlockManagerMaster: BlockManagerMaster stopped
[2024-12-08T14:22:43.629+0000] {spark_submit.py:634} INFO - 24/12/08 14:22:43 INFO OutputCommitCoordinator$OutputCommitCoordinatorEndpoint: OutputCommitCoordinator stopped!
[2024-12-08T14:22:43.646+0000] {spark_submit.py:634} INFO - 24/12/08 14:22:43 INFO SparkContext: Successfully stopped SparkContext
[2024-12-08T14:22:43.649+0000] {spark_submit.py:634} INFO - 24/12/08 14:22:43 INFO ShutdownHookManager: Shutdown hook called
[2024-12-08T14:22:43.649+0000] {spark_submit.py:634} INFO - 24/12/08 14:22:43 INFO ShutdownHookManager: Deleting directory /tmp/spark-90760830-c613-4cd9-883b-f99e8a5d7f5f
[2024-12-08T14:22:43.655+0000] {spark_submit.py:634} INFO - 24/12/08 14:22:43 INFO ShutdownHookManager: Deleting directory /tmp/spark-97f4d127-3bec-4aac-b540-30e52a844729
[2024-12-08T14:22:43.708+0000] {taskinstance.py:340} INFO - ::group::Post task execution logs
[2024-12-08T14:22:43.709+0000] {taskinstance.py:352} INFO - Marking task as SUCCESS. dag_id=sparking_flow, task_id=scala_job, run_id=manual__2024-12-08T14:22:31.206253+00:00, execution_date=20241208T142231, start_date=20241208T142233, end_date=20241208T142243
[2024-12-08T14:22:43.755+0000] {local_task_job_runner.py:266} INFO - Task exited with return code 0
[2024-12-08T14:22:43.778+0000] {taskinstance.py:3895} INFO - 0 downstream tasks scheduled from follow-on schedule check
[2024-12-08T14:22:43.779+0000] {local_task_job_runner.py:245} INFO - ::endgroup::
